[2025-05-20T02:53:54.031+0000] {processor.py:186} INFO - Started process (PID=67) to work on /opt/airflow/dags/brasileirao_etl.py
[2025-05-20T02:53:54.034+0000] {processor.py:914} INFO - Processing file /opt/airflow/dags/brasileirao_etl.py for tasks to queue
[2025-05-20T02:53:54.048+0000] {logging_mixin.py:190} INFO - [2025-05-20T02:53:54.048+0000] {dagbag.py:587} INFO - Filling up the DagBag from /opt/airflow/dags/brasileirao_etl.py
[2025-05-20T02:53:54.793+0000] {processor.py:925} INFO - DAG(s) 'brasileirao_etl' retrieved from /opt/airflow/dags/brasileirao_etl.py
[2025-05-20T02:53:55.222+0000] {logging_mixin.py:190} INFO - [2025-05-20T02:53:55.222+0000] {override.py:1900} INFO - Created Permission View: can read on DAG:brasileirao_etl
[2025-05-20T02:53:55.241+0000] {logging_mixin.py:190} INFO - [2025-05-20T02:53:55.238+0000] {override.py:1900} INFO - Created Permission View: can edit on DAG:brasileirao_etl
[2025-05-20T02:53:55.264+0000] {logging_mixin.py:190} INFO - [2025-05-20T02:53:55.262+0000] {override.py:1900} INFO - Created Permission View: can delete on DAG:brasileirao_etl
[2025-05-20T02:53:55.296+0000] {logging_mixin.py:190} INFO - [2025-05-20T02:53:55.294+0000] {override.py:1900} INFO - Created Permission View: can create on DAG Run:brasileirao_etl
[2025-05-20T02:53:55.314+0000] {logging_mixin.py:190} INFO - [2025-05-20T02:53:55.314+0000] {override.py:1900} INFO - Created Permission View: can read on DAG Run:brasileirao_etl
[2025-05-20T02:53:55.328+0000] {logging_mixin.py:190} INFO - [2025-05-20T02:53:55.327+0000] {override.py:1900} INFO - Created Permission View: can delete on DAG Run:brasileirao_etl
[2025-05-20T02:53:55.342+0000] {logging_mixin.py:190} INFO - [2025-05-20T02:53:55.341+0000] {override.py:1900} INFO - Created Permission View: menu access on DAG Run:brasileirao_etl
[2025-05-20T02:53:55.344+0000] {logging_mixin.py:190} INFO - [2025-05-20T02:53:55.343+0000] {dag.py:3229} INFO - Sync 1 DAGs
[2025-05-20T02:53:55.377+0000] {logging_mixin.py:190} INFO - [2025-05-20T02:53:55.376+0000] {dag.py:3252} INFO - Creating ORM DAG for brasileirao_etl
[2025-05-20T02:53:55.377+0000] {logging_mixin.py:190} INFO - [2025-05-20T02:53:55.377+0000] {dag.py:4156} INFO - Setting next_dagrun for brasileirao_etl to None, run_after=None
[2025-05-20T02:53:55.430+0000] {processor.py:208} INFO - Processing /opt/airflow/dags/brasileirao_etl.py took 1.413 seconds
[2025-05-20T02:54:03.953+0000] {processor.py:186} INFO - Started process (PID=124) to work on /opt/airflow/dags/brasileirao_etl.py
[2025-05-20T02:54:03.955+0000] {processor.py:914} INFO - Processing file /opt/airflow/dags/brasileirao_etl.py for tasks to queue
[2025-05-20T02:54:03.958+0000] {logging_mixin.py:190} INFO - [2025-05-20T02:54:03.958+0000] {dagbag.py:587} INFO - Filling up the DagBag from /opt/airflow/dags/brasileirao_etl.py
[2025-05-20T02:54:04.210+0000] {processor.py:925} INFO - DAG(s) 'brasileirao_etl' retrieved from /opt/airflow/dags/brasileirao_etl.py
[2025-05-20T02:54:04.256+0000] {logging_mixin.py:190} INFO - [2025-05-20T02:54:04.254+0000] {dag.py:3229} INFO - Sync 1 DAGs
[2025-05-20T02:54:04.288+0000] {logging_mixin.py:190} INFO - [2025-05-20T02:54:04.287+0000] {dag.py:4156} INFO - Setting next_dagrun for brasileirao_etl to None, run_after=None
[2025-05-20T02:54:04.331+0000] {processor.py:208} INFO - Processing /opt/airflow/dags/brasileirao_etl.py took 0.383 seconds
[2025-05-20T02:54:34.571+0000] {processor.py:186} INFO - Started process (PID=186) to work on /opt/airflow/dags/brasileirao_etl.py
[2025-05-20T02:54:34.579+0000] {processor.py:914} INFO - Processing file /opt/airflow/dags/brasileirao_etl.py for tasks to queue
[2025-05-20T02:54:34.592+0000] {logging_mixin.py:190} INFO - [2025-05-20T02:54:34.591+0000] {dagbag.py:587} INFO - Filling up the DagBag from /opt/airflow/dags/brasileirao_etl.py
[2025-05-20T02:54:34.720+0000] {processor.py:925} INFO - DAG(s) 'brasileirao_etl' retrieved from /opt/airflow/dags/brasileirao_etl.py
[2025-05-20T02:54:34.747+0000] {logging_mixin.py:190} INFO - [2025-05-20T02:54:34.744+0000] {dag.py:3229} INFO - Sync 1 DAGs
[2025-05-20T02:54:34.817+0000] {logging_mixin.py:190} INFO - [2025-05-20T02:54:34.816+0000] {dag.py:4156} INFO - Setting next_dagrun for brasileirao_etl to None, run_after=None
[2025-05-20T02:54:34.871+0000] {processor.py:208} INFO - Processing /opt/airflow/dags/brasileirao_etl.py took 0.304 seconds
[2025-05-20T02:55:05.547+0000] {processor.py:186} INFO - Started process (PID=242) to work on /opt/airflow/dags/brasileirao_etl.py
[2025-05-20T02:55:05.549+0000] {processor.py:914} INFO - Processing file /opt/airflow/dags/brasileirao_etl.py for tasks to queue
[2025-05-20T02:55:05.554+0000] {logging_mixin.py:190} INFO - [2025-05-20T02:55:05.551+0000] {dagbag.py:587} INFO - Filling up the DagBag from /opt/airflow/dags/brasileirao_etl.py
[2025-05-20T02:55:05.764+0000] {processor.py:925} INFO - DAG(s) 'brasileirao_etl' retrieved from /opt/airflow/dags/brasileirao_etl.py
[2025-05-20T02:55:05.813+0000] {logging_mixin.py:190} INFO - [2025-05-20T02:55:05.810+0000] {dag.py:3229} INFO - Sync 1 DAGs
[2025-05-20T02:55:05.839+0000] {logging_mixin.py:190} INFO - [2025-05-20T02:55:05.839+0000] {dag.py:4156} INFO - Setting next_dagrun for brasileirao_etl to None, run_after=None
[2025-05-20T02:55:05.931+0000] {processor.py:208} INFO - Processing /opt/airflow/dags/brasileirao_etl.py took 0.388 seconds
[2025-05-20T02:55:35.998+0000] {processor.py:186} INFO - Started process (PID=306) to work on /opt/airflow/dags/brasileirao_etl.py
[2025-05-20T02:55:36.002+0000] {processor.py:914} INFO - Processing file /opt/airflow/dags/brasileirao_etl.py for tasks to queue
[2025-05-20T02:55:36.005+0000] {logging_mixin.py:190} INFO - [2025-05-20T02:55:36.004+0000] {dagbag.py:587} INFO - Filling up the DagBag from /opt/airflow/dags/brasileirao_etl.py
[2025-05-20T02:55:36.146+0000] {processor.py:925} INFO - DAG(s) 'brasileirao_etl' retrieved from /opt/airflow/dags/brasileirao_etl.py
[2025-05-20T02:55:36.177+0000] {logging_mixin.py:190} INFO - [2025-05-20T02:55:36.176+0000] {dag.py:3229} INFO - Sync 1 DAGs
[2025-05-20T02:55:36.195+0000] {logging_mixin.py:190} INFO - [2025-05-20T02:55:36.194+0000] {dag.py:4156} INFO - Setting next_dagrun for brasileirao_etl to None, run_after=None
[2025-05-20T02:55:36.218+0000] {processor.py:208} INFO - Processing /opt/airflow/dags/brasileirao_etl.py took 0.225 seconds
[2025-05-20T02:56:07.233+0000] {processor.py:186} INFO - Started process (PID=369) to work on /opt/airflow/dags/brasileirao_etl.py
[2025-05-20T02:56:07.238+0000] {processor.py:914} INFO - Processing file /opt/airflow/dags/brasileirao_etl.py for tasks to queue
[2025-05-20T02:56:07.251+0000] {logging_mixin.py:190} INFO - [2025-05-20T02:56:07.250+0000] {dagbag.py:587} INFO - Filling up the DagBag from /opt/airflow/dags/brasileirao_etl.py
[2025-05-20T02:56:07.417+0000] {processor.py:925} INFO - DAG(s) 'brasileirao_etl' retrieved from /opt/airflow/dags/brasileirao_etl.py
[2025-05-20T02:56:07.502+0000] {logging_mixin.py:190} INFO - [2025-05-20T02:56:07.502+0000] {dag.py:3229} INFO - Sync 1 DAGs
[2025-05-20T02:56:07.521+0000] {logging_mixin.py:190} INFO - [2025-05-20T02:56:07.521+0000] {dag.py:4156} INFO - Setting next_dagrun for brasileirao_etl to None, run_after=None
[2025-05-20T02:56:07.599+0000] {processor.py:208} INFO - Processing /opt/airflow/dags/brasileirao_etl.py took 0.370 seconds
[2025-05-20T02:56:38.708+0000] {processor.py:186} INFO - Started process (PID=425) to work on /opt/airflow/dags/brasileirao_etl.py
[2025-05-20T02:56:38.711+0000] {processor.py:914} INFO - Processing file /opt/airflow/dags/brasileirao_etl.py for tasks to queue
[2025-05-20T02:56:38.727+0000] {logging_mixin.py:190} INFO - [2025-05-20T02:56:38.726+0000] {dagbag.py:587} INFO - Filling up the DagBag from /opt/airflow/dags/brasileirao_etl.py
[2025-05-20T02:56:38.897+0000] {processor.py:925} INFO - DAG(s) 'brasileirao_etl' retrieved from /opt/airflow/dags/brasileirao_etl.py
[2025-05-20T02:56:39.021+0000] {logging_mixin.py:190} INFO - [2025-05-20T02:56:39.021+0000] {dag.py:3229} INFO - Sync 1 DAGs
[2025-05-20T02:56:39.042+0000] {logging_mixin.py:190} INFO - [2025-05-20T02:56:39.041+0000] {dag.py:4156} INFO - Setting next_dagrun for brasileirao_etl to None, run_after=None
[2025-05-20T02:56:39.110+0000] {processor.py:208} INFO - Processing /opt/airflow/dags/brasileirao_etl.py took 0.406 seconds
[2025-05-20T02:57:09.272+0000] {processor.py:186} INFO - Started process (PID=487) to work on /opt/airflow/dags/brasileirao_etl.py
[2025-05-20T02:57:09.273+0000] {processor.py:914} INFO - Processing file /opt/airflow/dags/brasileirao_etl.py for tasks to queue
[2025-05-20T02:57:09.283+0000] {logging_mixin.py:190} INFO - [2025-05-20T02:57:09.281+0000] {dagbag.py:587} INFO - Filling up the DagBag from /opt/airflow/dags/brasileirao_etl.py
[2025-05-20T02:57:09.405+0000] {processor.py:925} INFO - DAG(s) 'brasileirao_etl' retrieved from /opt/airflow/dags/brasileirao_etl.py
[2025-05-20T02:57:09.447+0000] {logging_mixin.py:190} INFO - [2025-05-20T02:57:09.443+0000] {dag.py:3229} INFO - Sync 1 DAGs
[2025-05-20T02:57:09.484+0000] {logging_mixin.py:190} INFO - [2025-05-20T02:57:09.483+0000] {dag.py:4156} INFO - Setting next_dagrun for brasileirao_etl to None, run_after=None
[2025-05-20T02:57:09.540+0000] {processor.py:208} INFO - Processing /opt/airflow/dags/brasileirao_etl.py took 0.273 seconds
[2025-05-20T02:57:39.766+0000] {processor.py:186} INFO - Started process (PID=550) to work on /opt/airflow/dags/brasileirao_etl.py
[2025-05-20T02:57:39.767+0000] {processor.py:914} INFO - Processing file /opt/airflow/dags/brasileirao_etl.py for tasks to queue
[2025-05-20T02:57:39.771+0000] {logging_mixin.py:190} INFO - [2025-05-20T02:57:39.770+0000] {dagbag.py:587} INFO - Filling up the DagBag from /opt/airflow/dags/brasileirao_etl.py
[2025-05-20T02:57:40.188+0000] {processor.py:925} INFO - DAG(s) 'brasileirao_etl' retrieved from /opt/airflow/dags/brasileirao_etl.py
[2025-05-20T02:57:40.389+0000] {logging_mixin.py:190} INFO - [2025-05-20T02:57:40.387+0000] {dag.py:3229} INFO - Sync 1 DAGs
[2025-05-20T02:57:40.411+0000] {logging_mixin.py:190} INFO - [2025-05-20T02:57:40.411+0000] {dag.py:4156} INFO - Setting next_dagrun for brasileirao_etl to None, run_after=None
[2025-05-20T02:57:40.456+0000] {processor.py:208} INFO - Processing /opt/airflow/dags/brasileirao_etl.py took 0.695 seconds
[2025-05-20T02:58:11.420+0000] {processor.py:186} INFO - Started process (PID=613) to work on /opt/airflow/dags/brasileirao_etl.py
[2025-05-20T02:58:11.423+0000] {processor.py:914} INFO - Processing file /opt/airflow/dags/brasileirao_etl.py for tasks to queue
[2025-05-20T02:58:11.434+0000] {logging_mixin.py:190} INFO - [2025-05-20T02:58:11.433+0000] {dagbag.py:587} INFO - Filling up the DagBag from /opt/airflow/dags/brasileirao_etl.py
[2025-05-20T02:58:11.604+0000] {processor.py:925} INFO - DAG(s) 'brasileirao_etl' retrieved from /opt/airflow/dags/brasileirao_etl.py
[2025-05-20T02:58:11.644+0000] {logging_mixin.py:190} INFO - [2025-05-20T02:58:11.644+0000] {dag.py:3229} INFO - Sync 1 DAGs
[2025-05-20T02:58:11.673+0000] {logging_mixin.py:190} INFO - [2025-05-20T02:58:11.673+0000] {dag.py:4156} INFO - Setting next_dagrun for brasileirao_etl to None, run_after=None
[2025-05-20T02:58:11.758+0000] {processor.py:208} INFO - Processing /opt/airflow/dags/brasileirao_etl.py took 0.349 seconds
[2025-05-20T02:58:41.816+0000] {processor.py:186} INFO - Started process (PID=678) to work on /opt/airflow/dags/brasileirao_etl.py
[2025-05-20T02:58:41.818+0000] {processor.py:914} INFO - Processing file /opt/airflow/dags/brasileirao_etl.py for tasks to queue
[2025-05-20T02:58:41.824+0000] {logging_mixin.py:190} INFO - [2025-05-20T02:58:41.823+0000] {dagbag.py:587} INFO - Filling up the DagBag from /opt/airflow/dags/brasileirao_etl.py
[2025-05-20T02:58:41.950+0000] {processor.py:925} INFO - DAG(s) 'brasileirao_etl' retrieved from /opt/airflow/dags/brasileirao_etl.py
[2025-05-20T02:58:41.988+0000] {logging_mixin.py:190} INFO - [2025-05-20T02:58:41.987+0000] {dag.py:3229} INFO - Sync 1 DAGs
[2025-05-20T02:58:42.030+0000] {logging_mixin.py:190} INFO - [2025-05-20T02:58:42.030+0000] {dag.py:4156} INFO - Setting next_dagrun for brasileirao_etl to None, run_after=None
[2025-05-20T02:58:42.083+0000] {processor.py:208} INFO - Processing /opt/airflow/dags/brasileirao_etl.py took 0.271 seconds
[2025-05-20T02:59:12.399+0000] {processor.py:186} INFO - Started process (PID=740) to work on /opt/airflow/dags/brasileirao_etl.py
[2025-05-20T02:59:12.403+0000] {processor.py:914} INFO - Processing file /opt/airflow/dags/brasileirao_etl.py for tasks to queue
[2025-05-20T02:59:12.413+0000] {logging_mixin.py:190} INFO - [2025-05-20T02:59:12.410+0000] {dagbag.py:587} INFO - Filling up the DagBag from /opt/airflow/dags/brasileirao_etl.py
[2025-05-20T02:59:12.552+0000] {processor.py:925} INFO - DAG(s) 'brasileirao_etl' retrieved from /opt/airflow/dags/brasileirao_etl.py
[2025-05-20T02:59:12.606+0000] {logging_mixin.py:190} INFO - [2025-05-20T02:59:12.606+0000] {dag.py:3229} INFO - Sync 1 DAGs
[2025-05-20T02:59:12.631+0000] {logging_mixin.py:190} INFO - [2025-05-20T02:59:12.630+0000] {dag.py:4156} INFO - Setting next_dagrun for brasileirao_etl to None, run_after=None
[2025-05-20T02:59:12.685+0000] {processor.py:208} INFO - Processing /opt/airflow/dags/brasileirao_etl.py took 0.292 seconds
[2025-05-20T02:59:42.878+0000] {processor.py:186} INFO - Started process (PID=803) to work on /opt/airflow/dags/brasileirao_etl.py
[2025-05-20T02:59:42.880+0000] {processor.py:914} INFO - Processing file /opt/airflow/dags/brasileirao_etl.py for tasks to queue
[2025-05-20T02:59:42.893+0000] {logging_mixin.py:190} INFO - [2025-05-20T02:59:42.892+0000] {dagbag.py:587} INFO - Filling up the DagBag from /opt/airflow/dags/brasileirao_etl.py
[2025-05-20T02:59:43.046+0000] {processor.py:925} INFO - DAG(s) 'brasileirao_etl' retrieved from /opt/airflow/dags/brasileirao_etl.py
[2025-05-20T02:59:43.114+0000] {logging_mixin.py:190} INFO - [2025-05-20T02:59:43.113+0000] {dag.py:3229} INFO - Sync 1 DAGs
[2025-05-20T02:59:43.152+0000] {logging_mixin.py:190} INFO - [2025-05-20T02:59:43.152+0000] {dag.py:4156} INFO - Setting next_dagrun for brasileirao_etl to None, run_after=None
[2025-05-20T02:59:43.187+0000] {processor.py:208} INFO - Processing /opt/airflow/dags/brasileirao_etl.py took 0.313 seconds
[2025-05-20T03:00:13.596+0000] {processor.py:186} INFO - Started process (PID=866) to work on /opt/airflow/dags/brasileirao_etl.py
[2025-05-20T03:00:13.598+0000] {processor.py:914} INFO - Processing file /opt/airflow/dags/brasileirao_etl.py for tasks to queue
[2025-05-20T03:00:13.607+0000] {logging_mixin.py:190} INFO - [2025-05-20T03:00:13.604+0000] {dagbag.py:587} INFO - Filling up the DagBag from /opt/airflow/dags/brasileirao_etl.py
[2025-05-20T03:00:13.767+0000] {processor.py:925} INFO - DAG(s) 'brasileirao_etl' retrieved from /opt/airflow/dags/brasileirao_etl.py
[2025-05-20T03:00:13.793+0000] {logging_mixin.py:190} INFO - [2025-05-20T03:00:13.792+0000] {dag.py:3229} INFO - Sync 1 DAGs
[2025-05-20T03:00:13.804+0000] {logging_mixin.py:190} INFO - [2025-05-20T03:00:13.804+0000] {dag.py:4156} INFO - Setting next_dagrun for brasileirao_etl to None, run_after=None
[2025-05-20T03:00:13.860+0000] {processor.py:208} INFO - Processing /opt/airflow/dags/brasileirao_etl.py took 0.269 seconds
[2025-05-20T03:00:44.370+0000] {processor.py:186} INFO - Started process (PID=929) to work on /opt/airflow/dags/brasileirao_etl.py
[2025-05-20T03:00:44.373+0000] {processor.py:914} INFO - Processing file /opt/airflow/dags/brasileirao_etl.py for tasks to queue
[2025-05-20T03:00:44.379+0000] {logging_mixin.py:190} INFO - [2025-05-20T03:00:44.378+0000] {dagbag.py:587} INFO - Filling up the DagBag from /opt/airflow/dags/brasileirao_etl.py
[2025-05-20T03:00:44.553+0000] {processor.py:925} INFO - DAG(s) 'brasileirao_etl' retrieved from /opt/airflow/dags/brasileirao_etl.py
[2025-05-20T03:00:44.605+0000] {logging_mixin.py:190} INFO - [2025-05-20T03:00:44.603+0000] {dag.py:3229} INFO - Sync 1 DAGs
[2025-05-20T03:00:44.627+0000] {logging_mixin.py:190} INFO - [2025-05-20T03:00:44.626+0000] {dag.py:4156} INFO - Setting next_dagrun for brasileirao_etl to None, run_after=None
[2025-05-20T03:00:44.668+0000] {processor.py:208} INFO - Processing /opt/airflow/dags/brasileirao_etl.py took 0.303 seconds
[2025-05-20T03:01:15.117+0000] {processor.py:186} INFO - Started process (PID=991) to work on /opt/airflow/dags/brasileirao_etl.py
[2025-05-20T03:01:15.118+0000] {processor.py:914} INFO - Processing file /opt/airflow/dags/brasileirao_etl.py for tasks to queue
[2025-05-20T03:01:15.122+0000] {logging_mixin.py:190} INFO - [2025-05-20T03:01:15.121+0000] {dagbag.py:587} INFO - Filling up the DagBag from /opt/airflow/dags/brasileirao_etl.py
[2025-05-20T03:01:15.262+0000] {processor.py:925} INFO - DAG(s) 'brasileirao_etl' retrieved from /opt/airflow/dags/brasileirao_etl.py
[2025-05-20T03:01:15.313+0000] {logging_mixin.py:190} INFO - [2025-05-20T03:01:15.313+0000] {dag.py:3229} INFO - Sync 1 DAGs
[2025-05-20T03:01:15.327+0000] {logging_mixin.py:190} INFO - [2025-05-20T03:01:15.327+0000] {dag.py:4156} INFO - Setting next_dagrun for brasileirao_etl to None, run_after=None
[2025-05-20T03:01:15.404+0000] {processor.py:208} INFO - Processing /opt/airflow/dags/brasileirao_etl.py took 0.291 seconds
[2025-05-20T03:01:46.049+0000] {processor.py:186} INFO - Started process (PID=1053) to work on /opt/airflow/dags/brasileirao_etl.py
[2025-05-20T03:01:46.053+0000] {processor.py:914} INFO - Processing file /opt/airflow/dags/brasileirao_etl.py for tasks to queue
[2025-05-20T03:01:46.061+0000] {logging_mixin.py:190} INFO - [2025-05-20T03:01:46.060+0000] {dagbag.py:587} INFO - Filling up the DagBag from /opt/airflow/dags/brasileirao_etl.py
[2025-05-20T03:01:46.232+0000] {processor.py:925} INFO - DAG(s) 'brasileirao_etl' retrieved from /opt/airflow/dags/brasileirao_etl.py
[2025-05-20T03:01:46.267+0000] {logging_mixin.py:190} INFO - [2025-05-20T03:01:46.267+0000] {dag.py:3229} INFO - Sync 1 DAGs
[2025-05-20T03:01:46.307+0000] {logging_mixin.py:190} INFO - [2025-05-20T03:01:46.307+0000] {dag.py:4156} INFO - Setting next_dagrun for brasileirao_etl to None, run_after=None
[2025-05-20T03:01:46.354+0000] {processor.py:208} INFO - Processing /opt/airflow/dags/brasileirao_etl.py took 0.311 seconds
[2025-05-20T03:02:16.554+0000] {processor.py:186} INFO - Started process (PID=1116) to work on /opt/airflow/dags/brasileirao_etl.py
[2025-05-20T03:02:16.556+0000] {processor.py:914} INFO - Processing file /opt/airflow/dags/brasileirao_etl.py for tasks to queue
[2025-05-20T03:02:16.564+0000] {logging_mixin.py:190} INFO - [2025-05-20T03:02:16.564+0000] {dagbag.py:587} INFO - Filling up the DagBag from /opt/airflow/dags/brasileirao_etl.py
[2025-05-20T03:02:16.688+0000] {processor.py:925} INFO - DAG(s) 'brasileirao_etl' retrieved from /opt/airflow/dags/brasileirao_etl.py
[2025-05-20T03:02:16.741+0000] {logging_mixin.py:190} INFO - [2025-05-20T03:02:16.741+0000] {dag.py:3229} INFO - Sync 1 DAGs
[2025-05-20T03:02:16.770+0000] {logging_mixin.py:190} INFO - [2025-05-20T03:02:16.769+0000] {dag.py:4156} INFO - Setting next_dagrun for brasileirao_etl to None, run_after=None
[2025-05-20T03:02:16.793+0000] {processor.py:208} INFO - Processing /opt/airflow/dags/brasileirao_etl.py took 0.246 seconds
[2025-05-20T03:02:47.082+0000] {processor.py:186} INFO - Started process (PID=1179) to work on /opt/airflow/dags/brasileirao_etl.py
[2025-05-20T03:02:47.085+0000] {processor.py:914} INFO - Processing file /opt/airflow/dags/brasileirao_etl.py for tasks to queue
[2025-05-20T03:02:47.095+0000] {logging_mixin.py:190} INFO - [2025-05-20T03:02:47.094+0000] {dagbag.py:587} INFO - Filling up the DagBag from /opt/airflow/dags/brasileirao_etl.py
[2025-05-20T03:02:47.249+0000] {processor.py:925} INFO - DAG(s) 'brasileirao_etl' retrieved from /opt/airflow/dags/brasileirao_etl.py
[2025-05-20T03:02:47.300+0000] {logging_mixin.py:190} INFO - [2025-05-20T03:02:47.297+0000] {dag.py:3229} INFO - Sync 1 DAGs
[2025-05-20T03:02:47.323+0000] {logging_mixin.py:190} INFO - [2025-05-20T03:02:47.323+0000] {dag.py:4156} INFO - Setting next_dagrun for brasileirao_etl to None, run_after=None
[2025-05-20T03:02:47.360+0000] {processor.py:208} INFO - Processing /opt/airflow/dags/brasileirao_etl.py took 0.285 seconds
[2025-05-20T03:03:17.674+0000] {processor.py:186} INFO - Started process (PID=1241) to work on /opt/airflow/dags/brasileirao_etl.py
[2025-05-20T03:03:17.678+0000] {processor.py:914} INFO - Processing file /opt/airflow/dags/brasileirao_etl.py for tasks to queue
[2025-05-20T03:03:17.696+0000] {logging_mixin.py:190} INFO - [2025-05-20T03:03:17.696+0000] {dagbag.py:587} INFO - Filling up the DagBag from /opt/airflow/dags/brasileirao_etl.py
[2025-05-20T03:03:17.839+0000] {processor.py:925} INFO - DAG(s) 'brasileirao_etl' retrieved from /opt/airflow/dags/brasileirao_etl.py
[2025-05-20T03:03:17.900+0000] {logging_mixin.py:190} INFO - [2025-05-20T03:03:17.900+0000] {dag.py:3229} INFO - Sync 1 DAGs
[2025-05-20T03:03:17.919+0000] {logging_mixin.py:190} INFO - [2025-05-20T03:03:17.919+0000] {dag.py:4156} INFO - Setting next_dagrun for brasileirao_etl to None, run_after=None
[2025-05-20T03:03:17.991+0000] {processor.py:208} INFO - Processing /opt/airflow/dags/brasileirao_etl.py took 0.319 seconds
[2025-05-20T03:03:48.154+0000] {processor.py:186} INFO - Started process (PID=1304) to work on /opt/airflow/dags/brasileirao_etl.py
[2025-05-20T03:03:48.156+0000] {processor.py:914} INFO - Processing file /opt/airflow/dags/brasileirao_etl.py for tasks to queue
[2025-05-20T03:03:48.163+0000] {logging_mixin.py:190} INFO - [2025-05-20T03:03:48.163+0000] {dagbag.py:587} INFO - Filling up the DagBag from /opt/airflow/dags/brasileirao_etl.py
[2025-05-20T03:03:48.283+0000] {processor.py:925} INFO - DAG(s) 'brasileirao_etl' retrieved from /opt/airflow/dags/brasileirao_etl.py
[2025-05-20T03:03:48.330+0000] {logging_mixin.py:190} INFO - [2025-05-20T03:03:48.328+0000] {dag.py:3229} INFO - Sync 1 DAGs
[2025-05-20T03:03:48.343+0000] {logging_mixin.py:190} INFO - [2025-05-20T03:03:48.342+0000] {dag.py:4156} INFO - Setting next_dagrun for brasileirao_etl to None, run_after=None
[2025-05-20T03:03:48.402+0000] {processor.py:208} INFO - Processing /opt/airflow/dags/brasileirao_etl.py took 0.251 seconds
[2025-05-20T03:04:19.388+0000] {processor.py:186} INFO - Started process (PID=1366) to work on /opt/airflow/dags/brasileirao_etl.py
[2025-05-20T03:04:19.399+0000] {processor.py:914} INFO - Processing file /opt/airflow/dags/brasileirao_etl.py for tasks to queue
[2025-05-20T03:04:19.405+0000] {logging_mixin.py:190} INFO - [2025-05-20T03:04:19.405+0000] {dagbag.py:587} INFO - Filling up the DagBag from /opt/airflow/dags/brasileirao_etl.py
[2025-05-20T03:04:19.651+0000] {processor.py:925} INFO - DAG(s) 'brasileirao_etl' retrieved from /opt/airflow/dags/brasileirao_etl.py
[2025-05-20T03:04:19.703+0000] {logging_mixin.py:190} INFO - [2025-05-20T03:04:19.701+0000] {dag.py:3229} INFO - Sync 1 DAGs
[2025-05-20T03:04:19.724+0000] {logging_mixin.py:190} INFO - [2025-05-20T03:04:19.723+0000] {dag.py:4156} INFO - Setting next_dagrun for brasileirao_etl to None, run_after=None
[2025-05-20T03:04:19.779+0000] {processor.py:208} INFO - Processing /opt/airflow/dags/brasileirao_etl.py took 0.406 seconds
[2025-05-20T03:04:50.145+0000] {processor.py:186} INFO - Started process (PID=1428) to work on /opt/airflow/dags/brasileirao_etl.py
[2025-05-20T03:04:50.146+0000] {processor.py:914} INFO - Processing file /opt/airflow/dags/brasileirao_etl.py for tasks to queue
[2025-05-20T03:04:50.152+0000] {logging_mixin.py:190} INFO - [2025-05-20T03:04:50.151+0000] {dagbag.py:587} INFO - Filling up the DagBag from /opt/airflow/dags/brasileirao_etl.py
[2025-05-20T03:04:50.391+0000] {processor.py:925} INFO - DAG(s) 'brasileirao_etl' retrieved from /opt/airflow/dags/brasileirao_etl.py
[2025-05-20T03:04:50.452+0000] {logging_mixin.py:190} INFO - [2025-05-20T03:04:50.451+0000] {dag.py:3229} INFO - Sync 1 DAGs
[2025-05-20T03:04:50.496+0000] {logging_mixin.py:190} INFO - [2025-05-20T03:04:50.496+0000] {dag.py:4156} INFO - Setting next_dagrun for brasileirao_etl to None, run_after=None
[2025-05-20T03:04:50.545+0000] {processor.py:208} INFO - Processing /opt/airflow/dags/brasileirao_etl.py took 0.407 seconds
[2025-05-20T03:05:20.791+0000] {processor.py:186} INFO - Started process (PID=1482) to work on /opt/airflow/dags/brasileirao_etl.py
[2025-05-20T03:05:20.793+0000] {processor.py:914} INFO - Processing file /opt/airflow/dags/brasileirao_etl.py for tasks to queue
[2025-05-20T03:05:20.800+0000] {logging_mixin.py:190} INFO - [2025-05-20T03:05:20.798+0000] {dagbag.py:587} INFO - Filling up the DagBag from /opt/airflow/dags/brasileirao_etl.py
[2025-05-20T03:05:20.980+0000] {processor.py:925} INFO - DAG(s) 'brasileirao_etl' retrieved from /opt/airflow/dags/brasileirao_etl.py
[2025-05-20T03:05:21.025+0000] {logging_mixin.py:190} INFO - [2025-05-20T03:05:21.024+0000] {dag.py:3229} INFO - Sync 1 DAGs
[2025-05-20T03:05:21.047+0000] {logging_mixin.py:190} INFO - [2025-05-20T03:05:21.047+0000] {dag.py:4156} INFO - Setting next_dagrun for brasileirao_etl to None, run_after=None
[2025-05-20T03:05:21.101+0000] {processor.py:208} INFO - Processing /opt/airflow/dags/brasileirao_etl.py took 0.314 seconds
[2025-05-20T03:05:51.418+0000] {processor.py:186} INFO - Started process (PID=1545) to work on /opt/airflow/dags/brasileirao_etl.py
[2025-05-20T03:05:51.419+0000] {processor.py:914} INFO - Processing file /opt/airflow/dags/brasileirao_etl.py for tasks to queue
[2025-05-20T03:05:51.424+0000] {logging_mixin.py:190} INFO - [2025-05-20T03:05:51.423+0000] {dagbag.py:587} INFO - Filling up the DagBag from /opt/airflow/dags/brasileirao_etl.py
[2025-05-20T03:05:51.577+0000] {processor.py:925} INFO - DAG(s) 'brasileirao_etl' retrieved from /opt/airflow/dags/brasileirao_etl.py
[2025-05-20T03:05:51.614+0000] {logging_mixin.py:190} INFO - [2025-05-20T03:05:51.614+0000] {dag.py:3229} INFO - Sync 1 DAGs
[2025-05-20T03:05:52.092+0000] {logging_mixin.py:190} INFO - [2025-05-20T03:05:52.091+0000] {dag.py:4156} INFO - Setting next_dagrun for brasileirao_etl to None, run_after=None
[2025-05-20T03:05:52.116+0000] {processor.py:208} INFO - Processing /opt/airflow/dags/brasileirao_etl.py took 0.701 seconds
[2025-05-20T03:06:22.390+0000] {processor.py:186} INFO - Started process (PID=1605) to work on /opt/airflow/dags/brasileirao_etl.py
[2025-05-20T03:06:22.403+0000] {processor.py:914} INFO - Processing file /opt/airflow/dags/brasileirao_etl.py for tasks to queue
[2025-05-20T03:06:22.407+0000] {logging_mixin.py:190} INFO - [2025-05-20T03:06:22.406+0000] {dagbag.py:587} INFO - Filling up the DagBag from /opt/airflow/dags/brasileirao_etl.py
[2025-05-20T03:06:22.754+0000] {processor.py:925} INFO - DAG(s) 'brasileirao_etl' retrieved from /opt/airflow/dags/brasileirao_etl.py
[2025-05-20T03:06:22.847+0000] {logging_mixin.py:190} INFO - [2025-05-20T03:06:22.846+0000] {dag.py:3229} INFO - Sync 1 DAGs
[2025-05-20T03:06:22.879+0000] {logging_mixin.py:190} INFO - [2025-05-20T03:06:22.879+0000] {dag.py:4156} INFO - Setting next_dagrun for brasileirao_etl to None, run_after=None
[2025-05-20T03:06:22.924+0000] {processor.py:208} INFO - Processing /opt/airflow/dags/brasileirao_etl.py took 0.545 seconds
[2025-05-20T03:06:53.325+0000] {processor.py:186} INFO - Started process (PID=1668) to work on /opt/airflow/dags/brasileirao_etl.py
[2025-05-20T03:06:53.327+0000] {processor.py:914} INFO - Processing file /opt/airflow/dags/brasileirao_etl.py for tasks to queue
[2025-05-20T03:06:53.337+0000] {logging_mixin.py:190} INFO - [2025-05-20T03:06:53.336+0000] {dagbag.py:587} INFO - Filling up the DagBag from /opt/airflow/dags/brasileirao_etl.py
[2025-05-20T03:06:53.992+0000] {processor.py:925} INFO - DAG(s) 'brasileirao_etl' retrieved from /opt/airflow/dags/brasileirao_etl.py
[2025-05-20T03:06:54.026+0000] {logging_mixin.py:190} INFO - [2025-05-20T03:06:54.026+0000] {dag.py:3229} INFO - Sync 1 DAGs
[2025-05-20T03:06:54.040+0000] {logging_mixin.py:190} INFO - [2025-05-20T03:06:54.040+0000] {dag.py:4156} INFO - Setting next_dagrun for brasileirao_etl to None, run_after=None
[2025-05-20T03:06:54.118+0000] {processor.py:208} INFO - Processing /opt/airflow/dags/brasileirao_etl.py took 0.797 seconds
[2025-05-20T03:07:24.267+0000] {processor.py:186} INFO - Started process (PID=1733) to work on /opt/airflow/dags/brasileirao_etl.py
[2025-05-20T03:07:24.269+0000] {processor.py:914} INFO - Processing file /opt/airflow/dags/brasileirao_etl.py for tasks to queue
[2025-05-20T03:07:24.272+0000] {logging_mixin.py:190} INFO - [2025-05-20T03:07:24.272+0000] {dagbag.py:587} INFO - Filling up the DagBag from /opt/airflow/dags/brasileirao_etl.py
[2025-05-20T03:07:24.815+0000] {processor.py:925} INFO - DAG(s) 'brasileirao_etl' retrieved from /opt/airflow/dags/brasileirao_etl.py
[2025-05-20T03:07:24.843+0000] {logging_mixin.py:190} INFO - [2025-05-20T03:07:24.843+0000] {dag.py:3229} INFO - Sync 1 DAGs
[2025-05-20T03:07:24.883+0000] {logging_mixin.py:190} INFO - [2025-05-20T03:07:24.881+0000] {dag.py:4156} INFO - Setting next_dagrun for brasileirao_etl to None, run_after=None
[2025-05-20T03:07:24.917+0000] {processor.py:208} INFO - Processing /opt/airflow/dags/brasileirao_etl.py took 0.658 seconds
[2025-05-20T03:07:54.966+0000] {processor.py:186} INFO - Started process (PID=1796) to work on /opt/airflow/dags/brasileirao_etl.py
[2025-05-20T03:07:54.968+0000] {processor.py:914} INFO - Processing file /opt/airflow/dags/brasileirao_etl.py for tasks to queue
[2025-05-20T03:07:54.973+0000] {logging_mixin.py:190} INFO - [2025-05-20T03:07:54.973+0000] {dagbag.py:587} INFO - Filling up the DagBag from /opt/airflow/dags/brasileirao_etl.py
[2025-05-20T03:07:55.291+0000] {processor.py:925} INFO - DAG(s) 'brasileirao_etl' retrieved from /opt/airflow/dags/brasileirao_etl.py
[2025-05-20T03:07:55.335+0000] {logging_mixin.py:190} INFO - [2025-05-20T03:07:55.334+0000] {dag.py:3229} INFO - Sync 1 DAGs
[2025-05-20T03:07:55.356+0000] {logging_mixin.py:190} INFO - [2025-05-20T03:07:55.356+0000] {dag.py:4156} INFO - Setting next_dagrun for brasileirao_etl to None, run_after=None
[2025-05-20T03:07:55.385+0000] {processor.py:208} INFO - Processing /opt/airflow/dags/brasileirao_etl.py took 0.424 seconds
[2025-05-20T03:08:26.044+0000] {processor.py:186} INFO - Started process (PID=1858) to work on /opt/airflow/dags/brasileirao_etl.py
[2025-05-20T03:08:26.046+0000] {processor.py:914} INFO - Processing file /opt/airflow/dags/brasileirao_etl.py for tasks to queue
[2025-05-20T03:08:26.052+0000] {logging_mixin.py:190} INFO - [2025-05-20T03:08:26.051+0000] {dagbag.py:587} INFO - Filling up the DagBag from /opt/airflow/dags/brasileirao_etl.py
[2025-05-20T03:08:26.583+0000] {processor.py:925} INFO - DAG(s) 'brasileirao_etl' retrieved from /opt/airflow/dags/brasileirao_etl.py
[2025-05-20T03:08:26.643+0000] {logging_mixin.py:190} INFO - [2025-05-20T03:08:26.635+0000] {dag.py:3229} INFO - Sync 1 DAGs
[2025-05-20T03:08:26.691+0000] {logging_mixin.py:190} INFO - [2025-05-20T03:08:26.691+0000] {dag.py:4156} INFO - Setting next_dagrun for brasileirao_etl to None, run_after=None
[2025-05-20T03:08:26.733+0000] {processor.py:208} INFO - Processing /opt/airflow/dags/brasileirao_etl.py took 0.693 seconds
[2025-05-20T03:08:57.007+0000] {processor.py:186} INFO - Started process (PID=1927) to work on /opt/airflow/dags/brasileirao_etl.py
[2025-05-20T03:08:57.009+0000] {processor.py:914} INFO - Processing file /opt/airflow/dags/brasileirao_etl.py for tasks to queue
[2025-05-20T03:08:57.015+0000] {logging_mixin.py:190} INFO - [2025-05-20T03:08:57.015+0000] {dagbag.py:587} INFO - Filling up the DagBag from /opt/airflow/dags/brasileirao_etl.py
[2025-05-20T03:08:57.477+0000] {processor.py:925} INFO - DAG(s) 'brasileirao_etl' retrieved from /opt/airflow/dags/brasileirao_etl.py
[2025-05-20T03:08:57.545+0000] {logging_mixin.py:190} INFO - [2025-05-20T03:08:57.544+0000] {dag.py:3229} INFO - Sync 1 DAGs
[2025-05-20T03:08:57.562+0000] {logging_mixin.py:190} INFO - [2025-05-20T03:08:57.562+0000] {dag.py:4156} INFO - Setting next_dagrun for brasileirao_etl to None, run_after=None
[2025-05-20T03:08:57.646+0000] {processor.py:208} INFO - Processing /opt/airflow/dags/brasileirao_etl.py took 0.644 seconds
[2025-05-20T03:09:08.225+0000] {processor.py:186} INFO - Started process (PID=1953) to work on /opt/airflow/dags/brasileirao_etl.py
[2025-05-20T03:09:08.228+0000] {processor.py:914} INFO - Processing file /opt/airflow/dags/brasileirao_etl.py for tasks to queue
[2025-05-20T03:09:08.239+0000] {logging_mixin.py:190} INFO - [2025-05-20T03:09:08.238+0000] {dagbag.py:587} INFO - Filling up the DagBag from /opt/airflow/dags/brasileirao_etl.py
[2025-05-20T03:09:08.782+0000] {processor.py:925} INFO - DAG(s) 'brasileirao_etl' retrieved from /opt/airflow/dags/brasileirao_etl.py
[2025-05-20T03:09:08.867+0000] {logging_mixin.py:190} INFO - [2025-05-20T03:09:08.866+0000] {dag.py:3229} INFO - Sync 1 DAGs
[2025-05-20T03:09:08.894+0000] {logging_mixin.py:190} INFO - [2025-05-20T03:09:08.894+0000] {dag.py:4156} INFO - Setting next_dagrun for brasileirao_etl to None, run_after=None
[2025-05-20T03:09:08.953+0000] {processor.py:208} INFO - Processing /opt/airflow/dags/brasileirao_etl.py took 0.752 seconds
[2025-05-20T03:09:21.368+0000] {processor.py:186} INFO - Started process (PID=1971) to work on /opt/airflow/dags/brasileirao_etl.py
[2025-05-20T03:09:21.372+0000] {processor.py:914} INFO - Processing file /opt/airflow/dags/brasileirao_etl.py for tasks to queue
[2025-05-20T03:09:21.384+0000] {logging_mixin.py:190} INFO - [2025-05-20T03:09:21.384+0000] {dagbag.py:587} INFO - Filling up the DagBag from /opt/airflow/dags/brasileirao_etl.py
[2025-05-20T03:09:21.956+0000] {processor.py:925} INFO - DAG(s) 'brasileirao_etl' retrieved from /opt/airflow/dags/brasileirao_etl.py
[2025-05-20T03:09:21.999+0000] {logging_mixin.py:190} INFO - [2025-05-20T03:09:21.997+0000] {dag.py:3229} INFO - Sync 1 DAGs
[2025-05-20T03:09:22.040+0000] {logging_mixin.py:190} INFO - [2025-05-20T03:09:22.039+0000] {dag.py:4156} INFO - Setting next_dagrun for brasileirao_etl to None, run_after=None
[2025-05-20T03:09:22.097+0000] {processor.py:208} INFO - Processing /opt/airflow/dags/brasileirao_etl.py took 0.733 seconds
[2025-05-20T03:09:52.869+0000] {processor.py:186} INFO - Started process (PID=2035) to work on /opt/airflow/dags/brasileirao_etl.py
[2025-05-20T03:09:52.876+0000] {processor.py:914} INFO - Processing file /opt/airflow/dags/brasileirao_etl.py for tasks to queue
[2025-05-20T03:09:52.889+0000] {logging_mixin.py:190} INFO - [2025-05-20T03:09:52.884+0000] {dagbag.py:587} INFO - Filling up the DagBag from /opt/airflow/dags/brasileirao_etl.py
[2025-05-20T03:09:53.395+0000] {processor.py:925} INFO - DAG(s) 'brasileirao_etl' retrieved from /opt/airflow/dags/brasileirao_etl.py
[2025-05-20T03:09:53.438+0000] {logging_mixin.py:190} INFO - [2025-05-20T03:09:53.438+0000] {dag.py:3229} INFO - Sync 1 DAGs
[2025-05-20T03:09:53.466+0000] {logging_mixin.py:190} INFO - [2025-05-20T03:09:53.465+0000] {dag.py:4156} INFO - Setting next_dagrun for brasileirao_etl to None, run_after=None
[2025-05-20T03:09:53.506+0000] {processor.py:208} INFO - Processing /opt/airflow/dags/brasileirao_etl.py took 0.641 seconds
[2025-05-20T03:10:24.039+0000] {processor.py:186} INFO - Started process (PID=2098) to work on /opt/airflow/dags/brasileirao_etl.py
[2025-05-20T03:10:24.043+0000] {processor.py:914} INFO - Processing file /opt/airflow/dags/brasileirao_etl.py for tasks to queue
[2025-05-20T03:10:24.051+0000] {logging_mixin.py:190} INFO - [2025-05-20T03:10:24.051+0000] {dagbag.py:587} INFO - Filling up the DagBag from /opt/airflow/dags/brasileirao_etl.py
[2025-05-20T03:10:24.722+0000] {processor.py:925} INFO - DAG(s) 'brasileirao_etl' retrieved from /opt/airflow/dags/brasileirao_etl.py
[2025-05-20T03:10:24.759+0000] {logging_mixin.py:190} INFO - [2025-05-20T03:10:24.758+0000] {dag.py:3229} INFO - Sync 1 DAGs
[2025-05-20T03:10:24.789+0000] {logging_mixin.py:190} INFO - [2025-05-20T03:10:24.789+0000] {dag.py:4156} INFO - Setting next_dagrun for brasileirao_etl to None, run_after=None
[2025-05-20T03:10:24.834+0000] {processor.py:208} INFO - Processing /opt/airflow/dags/brasileirao_etl.py took 0.802 seconds
[2025-05-20T03:10:55.113+0000] {processor.py:186} INFO - Started process (PID=2163) to work on /opt/airflow/dags/brasileirao_etl.py
[2025-05-20T03:10:55.115+0000] {processor.py:914} INFO - Processing file /opt/airflow/dags/brasileirao_etl.py for tasks to queue
[2025-05-20T03:10:55.124+0000] {logging_mixin.py:190} INFO - [2025-05-20T03:10:55.124+0000] {dagbag.py:587} INFO - Filling up the DagBag from /opt/airflow/dags/brasileirao_etl.py
[2025-05-20T03:10:55.568+0000] {processor.py:925} INFO - DAG(s) 'brasileirao_etl' retrieved from /opt/airflow/dags/brasileirao_etl.py
[2025-05-20T03:10:55.611+0000] {logging_mixin.py:190} INFO - [2025-05-20T03:10:55.610+0000] {dag.py:3229} INFO - Sync 1 DAGs
[2025-05-20T03:10:55.639+0000] {logging_mixin.py:190} INFO - [2025-05-20T03:10:55.638+0000] {dag.py:4156} INFO - Setting next_dagrun for brasileirao_etl to None, run_after=None
[2025-05-20T03:10:55.678+0000] {processor.py:208} INFO - Processing /opt/airflow/dags/brasileirao_etl.py took 0.569 seconds
[2025-05-20T03:11:25.731+0000] {processor.py:186} INFO - Started process (PID=2225) to work on /opt/airflow/dags/brasileirao_etl.py
[2025-05-20T03:11:25.732+0000] {processor.py:914} INFO - Processing file /opt/airflow/dags/brasileirao_etl.py for tasks to queue
[2025-05-20T03:11:25.735+0000] {logging_mixin.py:190} INFO - [2025-05-20T03:11:25.735+0000] {dagbag.py:587} INFO - Filling up the DagBag from /opt/airflow/dags/brasileirao_etl.py
[2025-05-20T03:11:26.409+0000] {processor.py:925} INFO - DAG(s) 'brasileirao_etl' retrieved from /opt/airflow/dags/brasileirao_etl.py
[2025-05-20T03:11:26.439+0000] {logging_mixin.py:190} INFO - [2025-05-20T03:11:26.439+0000] {dag.py:3229} INFO - Sync 1 DAGs
[2025-05-20T03:11:26.461+0000] {logging_mixin.py:190} INFO - [2025-05-20T03:11:26.460+0000] {dag.py:4156} INFO - Setting next_dagrun for brasileirao_etl to None, run_after=None
[2025-05-20T03:11:26.497+0000] {processor.py:208} INFO - Processing /opt/airflow/dags/brasileirao_etl.py took 0.771 seconds
