[2025-05-20T02:55:05.293+0000] {local_task_job_runner.py:123} INFO - ::group::Pre task execution logs
[2025-05-20T02:55:05.306+0000] {taskinstance.py:2612} INFO - Dependencies all met for dep_context=non-requeueable deps ti=<TaskInstance: brasileirao_etl.extract_transform manual__2025-05-20T02:54:58.942379+00:00 [queued]>
[2025-05-20T02:55:05.346+0000] {taskinstance.py:2612} INFO - Dependencies all met for dep_context=requeueable deps ti=<TaskInstance: brasileirao_etl.extract_transform manual__2025-05-20T02:54:58.942379+00:00 [queued]>
[2025-05-20T02:55:05.348+0000] {taskinstance.py:2865} INFO - Starting attempt 1 of 2
[2025-05-20T02:55:05.361+0000] {taskinstance.py:2888} INFO - Executing <Task(PythonOperator): extract_transform> on 2025-05-20 02:54:58.942379+00:00
[2025-05-20T02:55:05.371+0000] {warnings.py:112} WARNING - /home/***/.local/lib/python3.12/site-packages/***/task/task_runner/standard_task_runner.py:70: DeprecationWarning: This process (pid=78) is multi-threaded, use of fork() may lead to deadlocks in the child.
  pid = os.fork()

[2025-05-20T02:55:05.373+0000] {standard_task_runner.py:72} INFO - Started process 80 to run task
[2025-05-20T02:55:05.373+0000] {standard_task_runner.py:104} INFO - Running: ['***', 'tasks', 'run', 'brasileirao_etl', 'extract_transform', 'manual__2025-05-20T02:54:58.942379+00:00', '--job-id', '5', '--raw', '--subdir', 'DAGS_FOLDER/brasileirao_etl.py', '--cfg-path', '/tmp/tmpq5j4v7ld']
[2025-05-20T02:55:05.375+0000] {standard_task_runner.py:105} INFO - Job 5: Subtask extract_transform
[2025-05-20T02:55:05.448+0000] {task_command.py:467} INFO - Running <TaskInstance: brasileirao_etl.extract_transform manual__2025-05-20T02:54:58.942379+00:00 [running]> on host ffbc9806be57
[2025-05-20T02:55:05.517+0000] {taskinstance.py:3131} INFO - Exporting env vars: AIRFLOW_CTX_DAG_OWNER='gustavo' AIRFLOW_CTX_DAG_ID='brasileirao_etl' AIRFLOW_CTX_TASK_ID='extract_transform' AIRFLOW_CTX_EXECUTION_DATE='2025-05-20T02:54:58.942379+00:00' AIRFLOW_CTX_TRY_NUMBER='1' AIRFLOW_CTX_DAG_RUN_ID='manual__2025-05-20T02:54:58.942379+00:00'
[2025-05-20T02:55:05.518+0000] {logging_mixin.py:190} INFO - Task instance is in running state
[2025-05-20T02:55:05.519+0000] {logging_mixin.py:190} INFO -  Previous state of the Task instance: queued
[2025-05-20T02:55:05.520+0000] {logging_mixin.py:190} INFO - Current task name:extract_transform state:running start_date:2025-05-20 02:55:05.307650+00:00
[2025-05-20T02:55:05.521+0000] {logging_mixin.py:190} INFO - Dag name:brasileirao_etl and current dag run status:running
[2025-05-20T02:55:05.521+0000] {taskinstance.py:731} INFO - ::endgroup::
[2025-05-20T02:55:06.267+0000] {logging_mixin.py:190} INFO - Dados salvos em /tmp/rodada_8.csv
[2025-05-20T02:55:06.268+0000] {python.py:240} INFO - Done. Returned value was: None
[2025-05-20T02:55:06.297+0000] {taskinstance.py:340} INFO - ::group::Post task execution logs
[2025-05-20T02:55:06.299+0000] {taskinstance.py:352} INFO - Marking task as SUCCESS. dag_id=brasileirao_etl, task_id=extract_transform, run_id=manual__2025-05-20T02:54:58.942379+00:00, execution_date=20250520T025458, start_date=20250520T025505, end_date=20250520T025506
[2025-05-20T02:55:06.326+0000] {logging_mixin.py:190} INFO - Task instance in success state
[2025-05-20T02:55:06.327+0000] {logging_mixin.py:190} INFO -  Previous state of the Task instance: running
[2025-05-20T02:55:06.327+0000] {logging_mixin.py:190} INFO - Dag name:brasileirao_etl queued_at:2025-05-20 02:54:59.007739+00:00
[2025-05-20T02:55:06.327+0000] {logging_mixin.py:190} INFO - Task hostname:ffbc9806be57 operator:PythonOperator
[2025-05-20T02:55:06.380+0000] {local_task_job_runner.py:266} INFO - Task exited with return code 0
[2025-05-20T02:55:06.514+0000] {taskinstance.py:3900} INFO - 1 downstream tasks scheduled from follow-on schedule check
[2025-05-20T02:55:06.521+0000] {local_task_job_runner.py:245} INFO - ::endgroup::
