[2025-05-20T02:50:59.132+0000] {processor.py:186} INFO - Started process (PID=96) to work on /home/airflow/.local/lib/python3.12/site-packages/airflow/example_dags/example_branch_operator.py
[2025-05-20T02:50:59.133+0000] {processor.py:914} INFO - Processing file /home/airflow/.local/lib/python3.12/site-packages/airflow/example_dags/example_branch_operator.py for tasks to queue
[2025-05-20T02:50:59.139+0000] {logging_mixin.py:190} INFO - [2025-05-20T02:50:59.138+0000] {dagbag.py:587} INFO - Filling up the DagBag from /home/airflow/.local/lib/python3.12/site-packages/airflow/example_dags/example_branch_operator.py
[2025-05-20T02:50:59.163+0000] {processor.py:925} INFO - DAG(s) 'example_branch_operator' retrieved from /home/airflow/.local/lib/python3.12/site-packages/airflow/example_dags/example_branch_operator.py
[2025-05-20T02:50:59.512+0000] {logging_mixin.py:190} INFO - [2025-05-20T02:50:59.507+0000] {override.py:1900} INFO - Created Permission View: can read on DAG:example_branch_operator
[2025-05-20T02:50:59.535+0000] {logging_mixin.py:190} INFO - [2025-05-20T02:50:59.535+0000] {override.py:1900} INFO - Created Permission View: can delete on DAG:example_branch_operator
[2025-05-20T02:50:59.575+0000] {logging_mixin.py:190} INFO - [2025-05-20T02:50:59.575+0000] {override.py:1900} INFO - Created Permission View: can edit on DAG:example_branch_operator
[2025-05-20T02:50:59.603+0000] {logging_mixin.py:190} INFO - [2025-05-20T02:50:59.602+0000] {override.py:1900} INFO - Created Permission View: can read on DAG Run:example_branch_operator
[2025-05-20T02:50:59.616+0000] {logging_mixin.py:190} INFO - [2025-05-20T02:50:59.616+0000] {override.py:1900} INFO - Created Permission View: can delete on DAG Run:example_branch_operator
[2025-05-20T02:50:59.626+0000] {logging_mixin.py:190} INFO - [2025-05-20T02:50:59.626+0000] {override.py:1900} INFO - Created Permission View: can create on DAG Run:example_branch_operator
[2025-05-20T02:50:59.640+0000] {logging_mixin.py:190} INFO - [2025-05-20T02:50:59.640+0000] {override.py:1900} INFO - Created Permission View: menu access on DAG Run:example_branch_operator
[2025-05-20T02:50:59.641+0000] {logging_mixin.py:190} INFO - [2025-05-20T02:50:59.640+0000] {dag.py:3229} INFO - Sync 1 DAGs
[2025-05-20T02:50:59.667+0000] {logging_mixin.py:190} INFO - [2025-05-20T02:50:59.667+0000] {dag.py:3252} INFO - Creating ORM DAG for example_branch_operator
[2025-05-20T02:50:59.693+0000] {logging_mixin.py:190} INFO - [2025-05-20T02:50:59.693+0000] {dag.py:4156} INFO - Setting next_dagrun for example_branch_operator to 2025-05-19 00:00:00+00:00, run_after=2025-05-20 00:00:00+00:00
[2025-05-20T02:50:59.776+0000] {processor.py:208} INFO - Processing /home/airflow/.local/lib/python3.12/site-packages/airflow/example_dags/example_branch_operator.py took 0.648 seconds
[2025-05-20T02:51:30.007+0000] {processor.py:186} INFO - Started process (PID=158) to work on /home/airflow/.local/lib/python3.12/site-packages/airflow/example_dags/example_branch_operator.py
[2025-05-20T02:51:30.008+0000] {processor.py:914} INFO - Processing file /home/airflow/.local/lib/python3.12/site-packages/airflow/example_dags/example_branch_operator.py for tasks to queue
[2025-05-20T02:51:30.014+0000] {logging_mixin.py:190} INFO - [2025-05-20T02:51:30.013+0000] {dagbag.py:587} INFO - Filling up the DagBag from /home/airflow/.local/lib/python3.12/site-packages/airflow/example_dags/example_branch_operator.py
[2025-05-20T02:51:30.035+0000] {processor.py:925} INFO - DAG(s) 'example_branch_operator' retrieved from /home/airflow/.local/lib/python3.12/site-packages/airflow/example_dags/example_branch_operator.py
[2025-05-20T02:51:30.092+0000] {logging_mixin.py:190} INFO - [2025-05-20T02:51:30.091+0000] {dag.py:3229} INFO - Sync 1 DAGs
[2025-05-20T02:51:30.149+0000] {logging_mixin.py:190} INFO - [2025-05-20T02:51:30.147+0000] {dag.py:4156} INFO - Setting next_dagrun for example_branch_operator to 2025-05-19 00:00:00+00:00, run_after=2025-05-20 00:00:00+00:00
[2025-05-20T02:51:30.243+0000] {processor.py:208} INFO - Processing /home/airflow/.local/lib/python3.12/site-packages/airflow/example_dags/example_branch_operator.py took 0.241 seconds
[2025-05-20T02:52:00.580+0000] {processor.py:186} INFO - Started process (PID=220) to work on /home/airflow/.local/lib/python3.12/site-packages/airflow/example_dags/example_branch_operator.py
[2025-05-20T02:52:00.582+0000] {processor.py:914} INFO - Processing file /home/airflow/.local/lib/python3.12/site-packages/airflow/example_dags/example_branch_operator.py for tasks to queue
[2025-05-20T02:52:00.587+0000] {logging_mixin.py:190} INFO - [2025-05-20T02:52:00.586+0000] {dagbag.py:587} INFO - Filling up the DagBag from /home/airflow/.local/lib/python3.12/site-packages/airflow/example_dags/example_branch_operator.py
[2025-05-20T02:52:00.610+0000] {processor.py:925} INFO - DAG(s) 'example_branch_operator' retrieved from /home/airflow/.local/lib/python3.12/site-packages/airflow/example_dags/example_branch_operator.py
[2025-05-20T02:52:00.632+0000] {logging_mixin.py:190} INFO - [2025-05-20T02:52:00.632+0000] {dag.py:3229} INFO - Sync 1 DAGs
[2025-05-20T02:52:00.657+0000] {logging_mixin.py:190} INFO - [2025-05-20T02:52:00.657+0000] {dag.py:4156} INFO - Setting next_dagrun for example_branch_operator to 2025-05-19 00:00:00+00:00, run_after=2025-05-20 00:00:00+00:00
[2025-05-20T02:52:00.733+0000] {processor.py:208} INFO - Processing /home/airflow/.local/lib/python3.12/site-packages/airflow/example_dags/example_branch_operator.py took 0.159 seconds
[2025-05-20T02:54:00.035+0000] {processor.py:186} INFO - Started process (PID=97) to work on /home/airflow/.local/lib/python3.12/site-packages/airflow/example_dags/example_branch_operator.py
[2025-05-20T02:54:00.037+0000] {processor.py:914} INFO - Processing file /home/airflow/.local/lib/python3.12/site-packages/airflow/example_dags/example_branch_operator.py for tasks to queue
[2025-05-20T02:54:00.046+0000] {logging_mixin.py:190} INFO - [2025-05-20T02:54:00.043+0000] {dagbag.py:587} INFO - Filling up the DagBag from /home/airflow/.local/lib/python3.12/site-packages/airflow/example_dags/example_branch_operator.py
[2025-05-20T02:54:00.297+0000] {processor.py:925} INFO - DAG(s) 'example_branch_operator' retrieved from /home/airflow/.local/lib/python3.12/site-packages/airflow/example_dags/example_branch_operator.py
[2025-05-20T02:54:00.578+0000] {logging_mixin.py:190} INFO - [2025-05-20T02:54:00.578+0000] {dag.py:3229} INFO - Sync 1 DAGs
[2025-05-20T02:54:00.621+0000] {logging_mixin.py:190} INFO - [2025-05-20T02:54:00.621+0000] {dag.py:4156} INFO - Setting next_dagrun for example_branch_operator to 2025-05-19 00:00:00+00:00, run_after=2025-05-20 00:00:00+00:00
[2025-05-20T02:54:00.672+0000] {processor.py:208} INFO - Processing /home/airflow/.local/lib/python3.12/site-packages/airflow/example_dags/example_branch_operator.py took 0.643 seconds
[2025-05-20T02:54:30.853+0000] {processor.py:186} INFO - Started process (PID=161) to work on /home/airflow/.local/lib/python3.12/site-packages/airflow/example_dags/example_branch_operator.py
[2025-05-20T02:54:30.860+0000] {processor.py:914} INFO - Processing file /home/airflow/.local/lib/python3.12/site-packages/airflow/example_dags/example_branch_operator.py for tasks to queue
[2025-05-20T02:54:30.872+0000] {logging_mixin.py:190} INFO - [2025-05-20T02:54:30.870+0000] {dagbag.py:587} INFO - Filling up the DagBag from /home/airflow/.local/lib/python3.12/site-packages/airflow/example_dags/example_branch_operator.py
[2025-05-20T02:54:30.941+0000] {processor.py:925} INFO - DAG(s) 'example_branch_operator' retrieved from /home/airflow/.local/lib/python3.12/site-packages/airflow/example_dags/example_branch_operator.py
[2025-05-20T02:54:31.022+0000] {logging_mixin.py:190} INFO - [2025-05-20T02:54:31.022+0000] {dag.py:3229} INFO - Sync 1 DAGs
[2025-05-20T02:54:31.068+0000] {logging_mixin.py:190} INFO - [2025-05-20T02:54:31.067+0000] {dag.py:4156} INFO - Setting next_dagrun for example_branch_operator to 2025-05-19 00:00:00+00:00, run_after=2025-05-20 00:00:00+00:00
[2025-05-20T02:54:31.093+0000] {processor.py:208} INFO - Processing /home/airflow/.local/lib/python3.12/site-packages/airflow/example_dags/example_branch_operator.py took 0.247 seconds
[2025-05-20T02:55:02.451+0000] {processor.py:186} INFO - Started process (PID=223) to work on /home/airflow/.local/lib/python3.12/site-packages/airflow/example_dags/example_branch_operator.py
[2025-05-20T02:55:02.454+0000] {processor.py:914} INFO - Processing file /home/airflow/.local/lib/python3.12/site-packages/airflow/example_dags/example_branch_operator.py for tasks to queue
[2025-05-20T02:55:02.464+0000] {logging_mixin.py:190} INFO - [2025-05-20T02:55:02.464+0000] {dagbag.py:587} INFO - Filling up the DagBag from /home/airflow/.local/lib/python3.12/site-packages/airflow/example_dags/example_branch_operator.py
[2025-05-20T02:55:02.508+0000] {processor.py:925} INFO - DAG(s) 'example_branch_operator' retrieved from /home/airflow/.local/lib/python3.12/site-packages/airflow/example_dags/example_branch_operator.py
[2025-05-20T02:55:02.579+0000] {logging_mixin.py:190} INFO - [2025-05-20T02:55:02.577+0000] {dag.py:3229} INFO - Sync 1 DAGs
[2025-05-20T02:55:02.655+0000] {logging_mixin.py:190} INFO - [2025-05-20T02:55:02.647+0000] {dag.py:4156} INFO - Setting next_dagrun for example_branch_operator to 2025-05-19 00:00:00+00:00, run_after=2025-05-20 00:00:00+00:00
[2025-05-20T02:55:02.722+0000] {processor.py:208} INFO - Processing /home/airflow/.local/lib/python3.12/site-packages/airflow/example_dags/example_branch_operator.py took 0.278 seconds
[2025-05-20T02:55:33.564+0000] {processor.py:186} INFO - Started process (PID=286) to work on /home/airflow/.local/lib/python3.12/site-packages/airflow/example_dags/example_branch_operator.py
[2025-05-20T02:55:33.565+0000] {processor.py:914} INFO - Processing file /home/airflow/.local/lib/python3.12/site-packages/airflow/example_dags/example_branch_operator.py for tasks to queue
[2025-05-20T02:55:33.571+0000] {logging_mixin.py:190} INFO - [2025-05-20T02:55:33.570+0000] {dagbag.py:587} INFO - Filling up the DagBag from /home/airflow/.local/lib/python3.12/site-packages/airflow/example_dags/example_branch_operator.py
[2025-05-20T02:55:33.592+0000] {processor.py:925} INFO - DAG(s) 'example_branch_operator' retrieved from /home/airflow/.local/lib/python3.12/site-packages/airflow/example_dags/example_branch_operator.py
[2025-05-20T02:55:33.655+0000] {logging_mixin.py:190} INFO - [2025-05-20T02:55:33.654+0000] {dag.py:3229} INFO - Sync 1 DAGs
[2025-05-20T02:55:33.721+0000] {logging_mixin.py:190} INFO - [2025-05-20T02:55:33.720+0000] {dag.py:4156} INFO - Setting next_dagrun for example_branch_operator to 2025-05-19 00:00:00+00:00, run_after=2025-05-20 00:00:00+00:00
[2025-05-20T02:55:33.772+0000] {processor.py:208} INFO - Processing /home/airflow/.local/lib/python3.12/site-packages/airflow/example_dags/example_branch_operator.py took 0.212 seconds
[2025-05-20T02:56:04.659+0000] {processor.py:186} INFO - Started process (PID=349) to work on /home/airflow/.local/lib/python3.12/site-packages/airflow/example_dags/example_branch_operator.py
[2025-05-20T02:56:04.661+0000] {processor.py:914} INFO - Processing file /home/airflow/.local/lib/python3.12/site-packages/airflow/example_dags/example_branch_operator.py for tasks to queue
[2025-05-20T02:56:04.673+0000] {logging_mixin.py:190} INFO - [2025-05-20T02:56:04.673+0000] {dagbag.py:587} INFO - Filling up the DagBag from /home/airflow/.local/lib/python3.12/site-packages/airflow/example_dags/example_branch_operator.py
[2025-05-20T02:56:04.693+0000] {processor.py:925} INFO - DAG(s) 'example_branch_operator' retrieved from /home/airflow/.local/lib/python3.12/site-packages/airflow/example_dags/example_branch_operator.py
[2025-05-20T02:56:04.788+0000] {logging_mixin.py:190} INFO - [2025-05-20T02:56:04.788+0000] {dag.py:3229} INFO - Sync 1 DAGs
[2025-05-20T02:56:04.812+0000] {logging_mixin.py:190} INFO - [2025-05-20T02:56:04.812+0000] {dag.py:4156} INFO - Setting next_dagrun for example_branch_operator to 2025-05-19 00:00:00+00:00, run_after=2025-05-20 00:00:00+00:00
[2025-05-20T02:56:04.905+0000] {processor.py:208} INFO - Processing /home/airflow/.local/lib/python3.12/site-packages/airflow/example_dags/example_branch_operator.py took 0.252 seconds
[2025-05-20T02:56:35.942+0000] {processor.py:186} INFO - Started process (PID=412) to work on /home/airflow/.local/lib/python3.12/site-packages/airflow/example_dags/example_branch_operator.py
[2025-05-20T02:56:35.945+0000] {processor.py:914} INFO - Processing file /home/airflow/.local/lib/python3.12/site-packages/airflow/example_dags/example_branch_operator.py for tasks to queue
[2025-05-20T02:56:35.953+0000] {logging_mixin.py:190} INFO - [2025-05-20T02:56:35.953+0000] {dagbag.py:587} INFO - Filling up the DagBag from /home/airflow/.local/lib/python3.12/site-packages/airflow/example_dags/example_branch_operator.py
[2025-05-20T02:56:35.980+0000] {processor.py:925} INFO - DAG(s) 'example_branch_operator' retrieved from /home/airflow/.local/lib/python3.12/site-packages/airflow/example_dags/example_branch_operator.py
[2025-05-20T02:56:36.100+0000] {logging_mixin.py:190} INFO - [2025-05-20T02:56:36.100+0000] {dag.py:3229} INFO - Sync 1 DAGs
[2025-05-20T02:56:36.202+0000] {logging_mixin.py:190} INFO - [2025-05-20T02:56:36.199+0000] {dag.py:4156} INFO - Setting next_dagrun for example_branch_operator to 2025-05-19 00:00:00+00:00, run_after=2025-05-20 00:00:00+00:00
[2025-05-20T02:56:36.289+0000] {processor.py:208} INFO - Processing /home/airflow/.local/lib/python3.12/site-packages/airflow/example_dags/example_branch_operator.py took 0.351 seconds
[2025-05-20T02:57:06.556+0000] {processor.py:186} INFO - Started process (PID=475) to work on /home/airflow/.local/lib/python3.12/site-packages/airflow/example_dags/example_branch_operator.py
[2025-05-20T02:57:06.557+0000] {processor.py:914} INFO - Processing file /home/airflow/.local/lib/python3.12/site-packages/airflow/example_dags/example_branch_operator.py for tasks to queue
[2025-05-20T02:57:06.571+0000] {logging_mixin.py:190} INFO - [2025-05-20T02:57:06.565+0000] {dagbag.py:587} INFO - Filling up the DagBag from /home/airflow/.local/lib/python3.12/site-packages/airflow/example_dags/example_branch_operator.py
[2025-05-20T02:57:06.616+0000] {processor.py:925} INFO - DAG(s) 'example_branch_operator' retrieved from /home/airflow/.local/lib/python3.12/site-packages/airflow/example_dags/example_branch_operator.py
[2025-05-20T02:57:06.716+0000] {logging_mixin.py:190} INFO - [2025-05-20T02:57:06.715+0000] {dag.py:3229} INFO - Sync 1 DAGs
[2025-05-20T02:57:06.792+0000] {logging_mixin.py:190} INFO - [2025-05-20T02:57:06.792+0000] {dag.py:4156} INFO - Setting next_dagrun for example_branch_operator to 2025-05-19 00:00:00+00:00, run_after=2025-05-20 00:00:00+00:00
[2025-05-20T02:57:06.872+0000] {processor.py:208} INFO - Processing /home/airflow/.local/lib/python3.12/site-packages/airflow/example_dags/example_branch_operator.py took 0.321 seconds
[2025-05-20T02:57:37.104+0000] {processor.py:186} INFO - Started process (PID=538) to work on /home/airflow/.local/lib/python3.12/site-packages/airflow/example_dags/example_branch_operator.py
[2025-05-20T02:57:37.105+0000] {processor.py:914} INFO - Processing file /home/airflow/.local/lib/python3.12/site-packages/airflow/example_dags/example_branch_operator.py for tasks to queue
[2025-05-20T02:57:37.112+0000] {logging_mixin.py:190} INFO - [2025-05-20T02:57:37.111+0000] {dagbag.py:587} INFO - Filling up the DagBag from /home/airflow/.local/lib/python3.12/site-packages/airflow/example_dags/example_branch_operator.py
[2025-05-20T02:57:37.135+0000] {processor.py:925} INFO - DAG(s) 'example_branch_operator' retrieved from /home/airflow/.local/lib/python3.12/site-packages/airflow/example_dags/example_branch_operator.py
[2025-05-20T02:57:37.215+0000] {logging_mixin.py:190} INFO - [2025-05-20T02:57:37.215+0000] {dag.py:3229} INFO - Sync 1 DAGs
[2025-05-20T02:57:37.277+0000] {logging_mixin.py:190} INFO - [2025-05-20T02:57:37.277+0000] {dag.py:4156} INFO - Setting next_dagrun for example_branch_operator to 2025-05-19 00:00:00+00:00, run_after=2025-05-20 00:00:00+00:00
[2025-05-20T02:57:37.365+0000] {processor.py:208} INFO - Processing /home/airflow/.local/lib/python3.12/site-packages/airflow/example_dags/example_branch_operator.py took 0.266 seconds
[2025-05-20T02:58:08.321+0000] {processor.py:186} INFO - Started process (PID=601) to work on /home/airflow/.local/lib/python3.12/site-packages/airflow/example_dags/example_branch_operator.py
[2025-05-20T02:58:08.323+0000] {processor.py:914} INFO - Processing file /home/airflow/.local/lib/python3.12/site-packages/airflow/example_dags/example_branch_operator.py for tasks to queue
[2025-05-20T02:58:08.330+0000] {logging_mixin.py:190} INFO - [2025-05-20T02:58:08.330+0000] {dagbag.py:587} INFO - Filling up the DagBag from /home/airflow/.local/lib/python3.12/site-packages/airflow/example_dags/example_branch_operator.py
[2025-05-20T02:58:08.369+0000] {processor.py:925} INFO - DAG(s) 'example_branch_operator' retrieved from /home/airflow/.local/lib/python3.12/site-packages/airflow/example_dags/example_branch_operator.py
[2025-05-20T02:58:08.408+0000] {logging_mixin.py:190} INFO - [2025-05-20T02:58:08.408+0000] {dag.py:3229} INFO - Sync 1 DAGs
[2025-05-20T02:58:08.452+0000] {logging_mixin.py:190} INFO - [2025-05-20T02:58:08.452+0000] {dag.py:4156} INFO - Setting next_dagrun for example_branch_operator to 2025-05-19 00:00:00+00:00, run_after=2025-05-20 00:00:00+00:00
[2025-05-20T02:58:08.528+0000] {processor.py:208} INFO - Processing /home/airflow/.local/lib/python3.12/site-packages/airflow/example_dags/example_branch_operator.py took 0.212 seconds
[2025-05-20T02:58:39.043+0000] {processor.py:186} INFO - Started process (PID=665) to work on /home/airflow/.local/lib/python3.12/site-packages/airflow/example_dags/example_branch_operator.py
[2025-05-20T02:58:39.045+0000] {processor.py:914} INFO - Processing file /home/airflow/.local/lib/python3.12/site-packages/airflow/example_dags/example_branch_operator.py for tasks to queue
[2025-05-20T02:58:39.057+0000] {logging_mixin.py:190} INFO - [2025-05-20T02:58:39.055+0000] {dagbag.py:587} INFO - Filling up the DagBag from /home/airflow/.local/lib/python3.12/site-packages/airflow/example_dags/example_branch_operator.py
[2025-05-20T02:58:39.072+0000] {processor.py:925} INFO - DAG(s) 'example_branch_operator' retrieved from /home/airflow/.local/lib/python3.12/site-packages/airflow/example_dags/example_branch_operator.py
[2025-05-20T02:58:39.144+0000] {logging_mixin.py:190} INFO - [2025-05-20T02:58:39.144+0000] {dag.py:3229} INFO - Sync 1 DAGs
[2025-05-20T02:58:39.177+0000] {logging_mixin.py:190} INFO - [2025-05-20T02:58:39.177+0000] {dag.py:4156} INFO - Setting next_dagrun for example_branch_operator to 2025-05-19 00:00:00+00:00, run_after=2025-05-20 00:00:00+00:00
[2025-05-20T02:58:39.192+0000] {processor.py:208} INFO - Processing /home/airflow/.local/lib/python3.12/site-packages/airflow/example_dags/example_branch_operator.py took 0.153 seconds
[2025-05-20T02:59:09.889+0000] {processor.py:186} INFO - Started process (PID=728) to work on /home/airflow/.local/lib/python3.12/site-packages/airflow/example_dags/example_branch_operator.py
[2025-05-20T02:59:09.894+0000] {processor.py:914} INFO - Processing file /home/airflow/.local/lib/python3.12/site-packages/airflow/example_dags/example_branch_operator.py for tasks to queue
[2025-05-20T02:59:09.908+0000] {logging_mixin.py:190} INFO - [2025-05-20T02:59:09.906+0000] {dagbag.py:587} INFO - Filling up the DagBag from /home/airflow/.local/lib/python3.12/site-packages/airflow/example_dags/example_branch_operator.py
[2025-05-20T02:59:09.922+0000] {processor.py:925} INFO - DAG(s) 'example_branch_operator' retrieved from /home/airflow/.local/lib/python3.12/site-packages/airflow/example_dags/example_branch_operator.py
[2025-05-20T02:59:09.975+0000] {logging_mixin.py:190} INFO - [2025-05-20T02:59:09.974+0000] {dag.py:3229} INFO - Sync 1 DAGs
[2025-05-20T02:59:10.024+0000] {logging_mixin.py:190} INFO - [2025-05-20T02:59:10.023+0000] {dag.py:4156} INFO - Setting next_dagrun for example_branch_operator to 2025-05-19 00:00:00+00:00, run_after=2025-05-20 00:00:00+00:00
[2025-05-20T02:59:10.077+0000] {processor.py:208} INFO - Processing /home/airflow/.local/lib/python3.12/site-packages/airflow/example_dags/example_branch_operator.py took 0.191 seconds
[2025-05-20T02:59:40.400+0000] {processor.py:186} INFO - Started process (PID=791) to work on /home/airflow/.local/lib/python3.12/site-packages/airflow/example_dags/example_branch_operator.py
[2025-05-20T02:59:40.401+0000] {processor.py:914} INFO - Processing file /home/airflow/.local/lib/python3.12/site-packages/airflow/example_dags/example_branch_operator.py for tasks to queue
[2025-05-20T02:59:40.411+0000] {logging_mixin.py:190} INFO - [2025-05-20T02:59:40.409+0000] {dagbag.py:587} INFO - Filling up the DagBag from /home/airflow/.local/lib/python3.12/site-packages/airflow/example_dags/example_branch_operator.py
[2025-05-20T02:59:40.425+0000] {processor.py:925} INFO - DAG(s) 'example_branch_operator' retrieved from /home/airflow/.local/lib/python3.12/site-packages/airflow/example_dags/example_branch_operator.py
[2025-05-20T02:59:40.474+0000] {logging_mixin.py:190} INFO - [2025-05-20T02:59:40.473+0000] {dag.py:3229} INFO - Sync 1 DAGs
[2025-05-20T02:59:40.520+0000] {logging_mixin.py:190} INFO - [2025-05-20T02:59:40.520+0000] {dag.py:4156} INFO - Setting next_dagrun for example_branch_operator to 2025-05-19 00:00:00+00:00, run_after=2025-05-20 00:00:00+00:00
[2025-05-20T02:59:40.549+0000] {processor.py:208} INFO - Processing /home/airflow/.local/lib/python3.12/site-packages/airflow/example_dags/example_branch_operator.py took 0.154 seconds
[2025-05-20T03:00:11.143+0000] {processor.py:186} INFO - Started process (PID=854) to work on /home/airflow/.local/lib/python3.12/site-packages/airflow/example_dags/example_branch_operator.py
[2025-05-20T03:00:11.144+0000] {processor.py:914} INFO - Processing file /home/airflow/.local/lib/python3.12/site-packages/airflow/example_dags/example_branch_operator.py for tasks to queue
[2025-05-20T03:00:11.159+0000] {logging_mixin.py:190} INFO - [2025-05-20T03:00:11.158+0000] {dagbag.py:587} INFO - Filling up the DagBag from /home/airflow/.local/lib/python3.12/site-packages/airflow/example_dags/example_branch_operator.py
[2025-05-20T03:00:11.186+0000] {processor.py:925} INFO - DAG(s) 'example_branch_operator' retrieved from /home/airflow/.local/lib/python3.12/site-packages/airflow/example_dags/example_branch_operator.py
[2025-05-20T03:00:11.244+0000] {logging_mixin.py:190} INFO - [2025-05-20T03:00:11.242+0000] {dag.py:3229} INFO - Sync 1 DAGs
[2025-05-20T03:00:11.283+0000] {logging_mixin.py:190} INFO - [2025-05-20T03:00:11.282+0000] {dag.py:4156} INFO - Setting next_dagrun for example_branch_operator to 2025-05-19 00:00:00+00:00, run_after=2025-05-20 00:00:00+00:00
[2025-05-20T03:00:11.347+0000] {processor.py:208} INFO - Processing /home/airflow/.local/lib/python3.12/site-packages/airflow/example_dags/example_branch_operator.py took 0.210 seconds
[2025-05-20T03:00:41.858+0000] {processor.py:186} INFO - Started process (PID=917) to work on /home/airflow/.local/lib/python3.12/site-packages/airflow/example_dags/example_branch_operator.py
[2025-05-20T03:00:41.862+0000] {processor.py:914} INFO - Processing file /home/airflow/.local/lib/python3.12/site-packages/airflow/example_dags/example_branch_operator.py for tasks to queue
[2025-05-20T03:00:41.865+0000] {logging_mixin.py:190} INFO - [2025-05-20T03:00:41.865+0000] {dagbag.py:587} INFO - Filling up the DagBag from /home/airflow/.local/lib/python3.12/site-packages/airflow/example_dags/example_branch_operator.py
[2025-05-20T03:00:41.900+0000] {processor.py:925} INFO - DAG(s) 'example_branch_operator' retrieved from /home/airflow/.local/lib/python3.12/site-packages/airflow/example_dags/example_branch_operator.py
[2025-05-20T03:00:41.941+0000] {logging_mixin.py:190} INFO - [2025-05-20T03:00:41.940+0000] {dag.py:3229} INFO - Sync 1 DAGs
[2025-05-20T03:00:41.987+0000] {logging_mixin.py:190} INFO - [2025-05-20T03:00:41.987+0000] {dag.py:4156} INFO - Setting next_dagrun for example_branch_operator to 2025-05-19 00:00:00+00:00, run_after=2025-05-20 00:00:00+00:00
[2025-05-20T03:00:42.038+0000] {processor.py:208} INFO - Processing /home/airflow/.local/lib/python3.12/site-packages/airflow/example_dags/example_branch_operator.py took 0.183 seconds
[2025-05-20T03:01:12.576+0000] {processor.py:186} INFO - Started process (PID=979) to work on /home/airflow/.local/lib/python3.12/site-packages/airflow/example_dags/example_branch_operator.py
[2025-05-20T03:01:12.579+0000] {processor.py:914} INFO - Processing file /home/airflow/.local/lib/python3.12/site-packages/airflow/example_dags/example_branch_operator.py for tasks to queue
[2025-05-20T03:01:12.601+0000] {logging_mixin.py:190} INFO - [2025-05-20T03:01:12.600+0000] {dagbag.py:587} INFO - Filling up the DagBag from /home/airflow/.local/lib/python3.12/site-packages/airflow/example_dags/example_branch_operator.py
[2025-05-20T03:01:12.621+0000] {processor.py:925} INFO - DAG(s) 'example_branch_operator' retrieved from /home/airflow/.local/lib/python3.12/site-packages/airflow/example_dags/example_branch_operator.py
[2025-05-20T03:01:12.683+0000] {logging_mixin.py:190} INFO - [2025-05-20T03:01:12.681+0000] {dag.py:3229} INFO - Sync 1 DAGs
[2025-05-20T03:01:12.747+0000] {logging_mixin.py:190} INFO - [2025-05-20T03:01:12.747+0000] {dag.py:4156} INFO - Setting next_dagrun for example_branch_operator to 2025-05-19 00:00:00+00:00, run_after=2025-05-20 00:00:00+00:00
[2025-05-20T03:01:12.806+0000] {processor.py:208} INFO - Processing /home/airflow/.local/lib/python3.12/site-packages/airflow/example_dags/example_branch_operator.py took 0.233 seconds
[2025-05-20T03:01:43.457+0000] {processor.py:186} INFO - Started process (PID=1041) to work on /home/airflow/.local/lib/python3.12/site-packages/airflow/example_dags/example_branch_operator.py
[2025-05-20T03:01:43.461+0000] {processor.py:914} INFO - Processing file /home/airflow/.local/lib/python3.12/site-packages/airflow/example_dags/example_branch_operator.py for tasks to queue
[2025-05-20T03:01:43.464+0000] {logging_mixin.py:190} INFO - [2025-05-20T03:01:43.463+0000] {dagbag.py:587} INFO - Filling up the DagBag from /home/airflow/.local/lib/python3.12/site-packages/airflow/example_dags/example_branch_operator.py
[2025-05-20T03:01:43.495+0000] {processor.py:925} INFO - DAG(s) 'example_branch_operator' retrieved from /home/airflow/.local/lib/python3.12/site-packages/airflow/example_dags/example_branch_operator.py
[2025-05-20T03:01:43.561+0000] {logging_mixin.py:190} INFO - [2025-05-20T03:01:43.561+0000] {dag.py:3229} INFO - Sync 1 DAGs
[2025-05-20T03:01:43.588+0000] {logging_mixin.py:190} INFO - [2025-05-20T03:01:43.588+0000] {dag.py:4156} INFO - Setting next_dagrun for example_branch_operator to 2025-05-19 00:00:00+00:00, run_after=2025-05-20 00:00:00+00:00
[2025-05-20T03:01:43.666+0000] {processor.py:208} INFO - Processing /home/airflow/.local/lib/python3.12/site-packages/airflow/example_dags/example_branch_operator.py took 0.221 seconds
[2025-05-20T03:02:13.869+0000] {processor.py:186} INFO - Started process (PID=1104) to work on /home/airflow/.local/lib/python3.12/site-packages/airflow/example_dags/example_branch_operator.py
[2025-05-20T03:02:13.871+0000] {processor.py:914} INFO - Processing file /home/airflow/.local/lib/python3.12/site-packages/airflow/example_dags/example_branch_operator.py for tasks to queue
[2025-05-20T03:02:13.878+0000] {logging_mixin.py:190} INFO - [2025-05-20T03:02:13.878+0000] {dagbag.py:587} INFO - Filling up the DagBag from /home/airflow/.local/lib/python3.12/site-packages/airflow/example_dags/example_branch_operator.py
[2025-05-20T03:02:13.934+0000] {processor.py:925} INFO - DAG(s) 'example_branch_operator' retrieved from /home/airflow/.local/lib/python3.12/site-packages/airflow/example_dags/example_branch_operator.py
[2025-05-20T03:02:14.000+0000] {logging_mixin.py:190} INFO - [2025-05-20T03:02:13.998+0000] {dag.py:3229} INFO - Sync 1 DAGs
[2025-05-20T03:02:14.099+0000] {logging_mixin.py:190} INFO - [2025-05-20T03:02:14.098+0000] {dag.py:4156} INFO - Setting next_dagrun for example_branch_operator to 2025-05-19 00:00:00+00:00, run_after=2025-05-20 00:00:00+00:00
[2025-05-20T03:02:14.186+0000] {processor.py:208} INFO - Processing /home/airflow/.local/lib/python3.12/site-packages/airflow/example_dags/example_branch_operator.py took 0.323 seconds
[2025-05-20T03:02:44.818+0000] {processor.py:186} INFO - Started process (PID=1167) to work on /home/airflow/.local/lib/python3.12/site-packages/airflow/example_dags/example_branch_operator.py
[2025-05-20T03:02:44.820+0000] {processor.py:914} INFO - Processing file /home/airflow/.local/lib/python3.12/site-packages/airflow/example_dags/example_branch_operator.py for tasks to queue
[2025-05-20T03:02:44.826+0000] {logging_mixin.py:190} INFO - [2025-05-20T03:02:44.826+0000] {dagbag.py:587} INFO - Filling up the DagBag from /home/airflow/.local/lib/python3.12/site-packages/airflow/example_dags/example_branch_operator.py
[2025-05-20T03:02:44.886+0000] {processor.py:925} INFO - DAG(s) 'example_branch_operator' retrieved from /home/airflow/.local/lib/python3.12/site-packages/airflow/example_dags/example_branch_operator.py
[2025-05-20T03:02:44.926+0000] {logging_mixin.py:190} INFO - [2025-05-20T03:02:44.925+0000] {dag.py:3229} INFO - Sync 1 DAGs
[2025-05-20T03:02:44.966+0000] {logging_mixin.py:190} INFO - [2025-05-20T03:02:44.965+0000] {dag.py:4156} INFO - Setting next_dagrun for example_branch_operator to 2025-05-19 00:00:00+00:00, run_after=2025-05-20 00:00:00+00:00
[2025-05-20T03:02:45.016+0000] {processor.py:208} INFO - Processing /home/airflow/.local/lib/python3.12/site-packages/airflow/example_dags/example_branch_operator.py took 0.203 seconds
[2025-05-20T03:03:15.332+0000] {processor.py:186} INFO - Started process (PID=1229) to work on /home/airflow/.local/lib/python3.12/site-packages/airflow/example_dags/example_branch_operator.py
[2025-05-20T03:03:15.333+0000] {processor.py:914} INFO - Processing file /home/airflow/.local/lib/python3.12/site-packages/airflow/example_dags/example_branch_operator.py for tasks to queue
[2025-05-20T03:03:15.338+0000] {logging_mixin.py:190} INFO - [2025-05-20T03:03:15.337+0000] {dagbag.py:587} INFO - Filling up the DagBag from /home/airflow/.local/lib/python3.12/site-packages/airflow/example_dags/example_branch_operator.py
[2025-05-20T03:03:15.355+0000] {processor.py:925} INFO - DAG(s) 'example_branch_operator' retrieved from /home/airflow/.local/lib/python3.12/site-packages/airflow/example_dags/example_branch_operator.py
[2025-05-20T03:03:15.426+0000] {logging_mixin.py:190} INFO - [2025-05-20T03:03:15.425+0000] {dag.py:3229} INFO - Sync 1 DAGs
[2025-05-20T03:03:15.475+0000] {logging_mixin.py:190} INFO - [2025-05-20T03:03:15.475+0000] {dag.py:4156} INFO - Setting next_dagrun for example_branch_operator to 2025-05-19 00:00:00+00:00, run_after=2025-05-20 00:00:00+00:00
[2025-05-20T03:03:15.523+0000] {processor.py:208} INFO - Processing /home/airflow/.local/lib/python3.12/site-packages/airflow/example_dags/example_branch_operator.py took 0.195 seconds
[2025-05-20T03:03:46.371+0000] {processor.py:186} INFO - Started process (PID=1291) to work on /home/airflow/.local/lib/python3.12/site-packages/airflow/example_dags/example_branch_operator.py
[2025-05-20T03:03:46.374+0000] {processor.py:914} INFO - Processing file /home/airflow/.local/lib/python3.12/site-packages/airflow/example_dags/example_branch_operator.py for tasks to queue
[2025-05-20T03:03:46.382+0000] {logging_mixin.py:190} INFO - [2025-05-20T03:03:46.382+0000] {dagbag.py:587} INFO - Filling up the DagBag from /home/airflow/.local/lib/python3.12/site-packages/airflow/example_dags/example_branch_operator.py
[2025-05-20T03:03:46.424+0000] {processor.py:925} INFO - DAG(s) 'example_branch_operator' retrieved from /home/airflow/.local/lib/python3.12/site-packages/airflow/example_dags/example_branch_operator.py
[2025-05-20T03:03:46.529+0000] {logging_mixin.py:190} INFO - [2025-05-20T03:03:46.529+0000] {dag.py:3229} INFO - Sync 1 DAGs
[2025-05-20T03:03:46.572+0000] {logging_mixin.py:190} INFO - [2025-05-20T03:03:46.572+0000] {dag.py:4156} INFO - Setting next_dagrun for example_branch_operator to 2025-05-19 00:00:00+00:00, run_after=2025-05-20 00:00:00+00:00
[2025-05-20T03:03:46.648+0000] {processor.py:208} INFO - Processing /home/airflow/.local/lib/python3.12/site-packages/airflow/example_dags/example_branch_operator.py took 0.282 seconds
[2025-05-20T03:04:17.155+0000] {processor.py:186} INFO - Started process (PID=1354) to work on /home/airflow/.local/lib/python3.12/site-packages/airflow/example_dags/example_branch_operator.py
[2025-05-20T03:04:17.156+0000] {processor.py:914} INFO - Processing file /home/airflow/.local/lib/python3.12/site-packages/airflow/example_dags/example_branch_operator.py for tasks to queue
[2025-05-20T03:04:17.158+0000] {logging_mixin.py:190} INFO - [2025-05-20T03:04:17.158+0000] {dagbag.py:587} INFO - Filling up the DagBag from /home/airflow/.local/lib/python3.12/site-packages/airflow/example_dags/example_branch_operator.py
[2025-05-20T03:04:17.176+0000] {processor.py:925} INFO - DAG(s) 'example_branch_operator' retrieved from /home/airflow/.local/lib/python3.12/site-packages/airflow/example_dags/example_branch_operator.py
[2025-05-20T03:04:17.204+0000] {logging_mixin.py:190} INFO - [2025-05-20T03:04:17.203+0000] {dag.py:3229} INFO - Sync 1 DAGs
[2025-05-20T03:04:17.283+0000] {logging_mixin.py:190} INFO - [2025-05-20T03:04:17.283+0000] {dag.py:4156} INFO - Setting next_dagrun for example_branch_operator to 2025-05-19 00:00:00+00:00, run_after=2025-05-20 00:00:00+00:00
[2025-05-20T03:04:17.331+0000] {processor.py:208} INFO - Processing /home/airflow/.local/lib/python3.12/site-packages/airflow/example_dags/example_branch_operator.py took 0.181 seconds
[2025-05-20T03:04:47.794+0000] {processor.py:186} INFO - Started process (PID=1417) to work on /home/airflow/.local/lib/python3.12/site-packages/airflow/example_dags/example_branch_operator.py
[2025-05-20T03:04:47.795+0000] {processor.py:914} INFO - Processing file /home/airflow/.local/lib/python3.12/site-packages/airflow/example_dags/example_branch_operator.py for tasks to queue
[2025-05-20T03:04:47.800+0000] {logging_mixin.py:190} INFO - [2025-05-20T03:04:47.799+0000] {dagbag.py:587} INFO - Filling up the DagBag from /home/airflow/.local/lib/python3.12/site-packages/airflow/example_dags/example_branch_operator.py
[2025-05-20T03:04:47.817+0000] {processor.py:925} INFO - DAG(s) 'example_branch_operator' retrieved from /home/airflow/.local/lib/python3.12/site-packages/airflow/example_dags/example_branch_operator.py
[2025-05-20T03:04:47.858+0000] {logging_mixin.py:190} INFO - [2025-05-20T03:04:47.858+0000] {dag.py:3229} INFO - Sync 1 DAGs
[2025-05-20T03:04:47.894+0000] {logging_mixin.py:190} INFO - [2025-05-20T03:04:47.894+0000] {dag.py:4156} INFO - Setting next_dagrun for example_branch_operator to 2025-05-19 00:00:00+00:00, run_after=2025-05-20 00:00:00+00:00
[2025-05-20T03:04:47.969+0000] {processor.py:208} INFO - Processing /home/airflow/.local/lib/python3.12/site-packages/airflow/example_dags/example_branch_operator.py took 0.179 seconds
[2025-05-20T03:05:20.417+0000] {processor.py:186} INFO - Started process (PID=1480) to work on /home/airflow/.local/lib/python3.12/site-packages/airflow/example_dags/example_branch_operator.py
[2025-05-20T03:05:20.421+0000] {processor.py:914} INFO - Processing file /home/airflow/.local/lib/python3.12/site-packages/airflow/example_dags/example_branch_operator.py for tasks to queue
[2025-05-20T03:05:20.443+0000] {logging_mixin.py:190} INFO - [2025-05-20T03:05:20.443+0000] {dagbag.py:587} INFO - Filling up the DagBag from /home/airflow/.local/lib/python3.12/site-packages/airflow/example_dags/example_branch_operator.py
[2025-05-20T03:05:20.475+0000] {processor.py:925} INFO - DAG(s) 'example_branch_operator' retrieved from /home/airflow/.local/lib/python3.12/site-packages/airflow/example_dags/example_branch_operator.py
[2025-05-20T03:05:20.545+0000] {logging_mixin.py:190} INFO - [2025-05-20T03:05:20.545+0000] {dag.py:3229} INFO - Sync 1 DAGs
[2025-05-20T03:05:20.638+0000] {logging_mixin.py:190} INFO - [2025-05-20T03:05:20.637+0000] {dag.py:4156} INFO - Setting next_dagrun for example_branch_operator to 2025-05-19 00:00:00+00:00, run_after=2025-05-20 00:00:00+00:00
[2025-05-20T03:05:20.694+0000] {processor.py:208} INFO - Processing /home/airflow/.local/lib/python3.12/site-packages/airflow/example_dags/example_branch_operator.py took 0.285 seconds
[2025-05-20T03:05:51.196+0000] {processor.py:186} INFO - Started process (PID=1543) to work on /home/airflow/.local/lib/python3.12/site-packages/airflow/example_dags/example_branch_operator.py
[2025-05-20T03:05:51.197+0000] {processor.py:914} INFO - Processing file /home/airflow/.local/lib/python3.12/site-packages/airflow/example_dags/example_branch_operator.py for tasks to queue
[2025-05-20T03:05:51.203+0000] {logging_mixin.py:190} INFO - [2025-05-20T03:05:51.202+0000] {dagbag.py:587} INFO - Filling up the DagBag from /home/airflow/.local/lib/python3.12/site-packages/airflow/example_dags/example_branch_operator.py
[2025-05-20T03:05:51.238+0000] {processor.py:925} INFO - DAG(s) 'example_branch_operator' retrieved from /home/airflow/.local/lib/python3.12/site-packages/airflow/example_dags/example_branch_operator.py
[2025-05-20T03:05:51.297+0000] {logging_mixin.py:190} INFO - [2025-05-20T03:05:51.296+0000] {dag.py:3229} INFO - Sync 1 DAGs
[2025-05-20T03:05:51.357+0000] {logging_mixin.py:190} INFO - [2025-05-20T03:05:51.356+0000] {dag.py:4156} INFO - Setting next_dagrun for example_branch_operator to 2025-05-19 00:00:00+00:00, run_after=2025-05-20 00:00:00+00:00
[2025-05-20T03:05:51.396+0000] {processor.py:208} INFO - Processing /home/airflow/.local/lib/python3.12/site-packages/airflow/example_dags/example_branch_operator.py took 0.204 seconds
[2025-05-20T03:06:23.007+0000] {processor.py:186} INFO - Started process (PID=1607) to work on /home/airflow/.local/lib/python3.12/site-packages/airflow/example_dags/example_branch_operator.py
[2025-05-20T03:06:23.010+0000] {processor.py:914} INFO - Processing file /home/airflow/.local/lib/python3.12/site-packages/airflow/example_dags/example_branch_operator.py for tasks to queue
[2025-05-20T03:06:23.014+0000] {logging_mixin.py:190} INFO - [2025-05-20T03:06:23.014+0000] {dagbag.py:587} INFO - Filling up the DagBag from /home/airflow/.local/lib/python3.12/site-packages/airflow/example_dags/example_branch_operator.py
[2025-05-20T03:06:23.060+0000] {processor.py:925} INFO - DAG(s) 'example_branch_operator' retrieved from /home/airflow/.local/lib/python3.12/site-packages/airflow/example_dags/example_branch_operator.py
[2025-05-20T03:06:23.108+0000] {logging_mixin.py:190} INFO - [2025-05-20T03:06:23.104+0000] {dag.py:3229} INFO - Sync 1 DAGs
[2025-05-20T03:06:23.179+0000] {logging_mixin.py:190} INFO - [2025-05-20T03:06:23.173+0000] {dag.py:4156} INFO - Setting next_dagrun for example_branch_operator to 2025-05-19 00:00:00+00:00, run_after=2025-05-20 00:00:00+00:00
[2025-05-20T03:06:23.217+0000] {processor.py:208} INFO - Processing /home/airflow/.local/lib/python3.12/site-packages/airflow/example_dags/example_branch_operator.py took 0.221 seconds
[2025-05-20T03:06:53.610+0000] {processor.py:186} INFO - Started process (PID=1670) to work on /home/airflow/.local/lib/python3.12/site-packages/airflow/example_dags/example_branch_operator.py
[2025-05-20T03:06:53.615+0000] {processor.py:914} INFO - Processing file /home/airflow/.local/lib/python3.12/site-packages/airflow/example_dags/example_branch_operator.py for tasks to queue
[2025-05-20T03:06:53.624+0000] {logging_mixin.py:190} INFO - [2025-05-20T03:06:53.623+0000] {dagbag.py:587} INFO - Filling up the DagBag from /home/airflow/.local/lib/python3.12/site-packages/airflow/example_dags/example_branch_operator.py
[2025-05-20T03:06:53.662+0000] {processor.py:925} INFO - DAG(s) 'example_branch_operator' retrieved from /home/airflow/.local/lib/python3.12/site-packages/airflow/example_dags/example_branch_operator.py
[2025-05-20T03:06:53.765+0000] {logging_mixin.py:190} INFO - [2025-05-20T03:06:53.764+0000] {dag.py:3229} INFO - Sync 1 DAGs
[2025-05-20T03:06:53.836+0000] {logging_mixin.py:190} INFO - [2025-05-20T03:06:53.836+0000] {dag.py:4156} INFO - Setting next_dagrun for example_branch_operator to 2025-05-19 00:00:00+00:00, run_after=2025-05-20 00:00:00+00:00
[2025-05-20T03:06:53.887+0000] {processor.py:208} INFO - Processing /home/airflow/.local/lib/python3.12/site-packages/airflow/example_dags/example_branch_operator.py took 0.283 seconds
[2025-05-20T03:07:24.040+0000] {processor.py:186} INFO - Started process (PID=1732) to work on /home/airflow/.local/lib/python3.12/site-packages/airflow/example_dags/example_branch_operator.py
[2025-05-20T03:07:24.042+0000] {processor.py:914} INFO - Processing file /home/airflow/.local/lib/python3.12/site-packages/airflow/example_dags/example_branch_operator.py for tasks to queue
[2025-05-20T03:07:24.046+0000] {logging_mixin.py:190} INFO - [2025-05-20T03:07:24.045+0000] {dagbag.py:587} INFO - Filling up the DagBag from /home/airflow/.local/lib/python3.12/site-packages/airflow/example_dags/example_branch_operator.py
[2025-05-20T03:07:24.081+0000] {processor.py:925} INFO - DAG(s) 'example_branch_operator' retrieved from /home/airflow/.local/lib/python3.12/site-packages/airflow/example_dags/example_branch_operator.py
[2025-05-20T03:07:24.113+0000] {logging_mixin.py:190} INFO - [2025-05-20T03:07:24.112+0000] {dag.py:3229} INFO - Sync 1 DAGs
[2025-05-20T03:07:24.189+0000] {logging_mixin.py:190} INFO - [2025-05-20T03:07:24.187+0000] {dag.py:4156} INFO - Setting next_dagrun for example_branch_operator to 2025-05-19 00:00:00+00:00, run_after=2025-05-20 00:00:00+00:00
[2025-05-20T03:07:24.237+0000] {processor.py:208} INFO - Processing /home/airflow/.local/lib/python3.12/site-packages/airflow/example_dags/example_branch_operator.py took 0.203 seconds
[2025-05-20T03:07:54.730+0000] {processor.py:186} INFO - Started process (PID=1794) to work on /home/airflow/.local/lib/python3.12/site-packages/airflow/example_dags/example_branch_operator.py
[2025-05-20T03:07:54.732+0000] {processor.py:914} INFO - Processing file /home/airflow/.local/lib/python3.12/site-packages/airflow/example_dags/example_branch_operator.py for tasks to queue
[2025-05-20T03:07:54.740+0000] {logging_mixin.py:190} INFO - [2025-05-20T03:07:54.740+0000] {dagbag.py:587} INFO - Filling up the DagBag from /home/airflow/.local/lib/python3.12/site-packages/airflow/example_dags/example_branch_operator.py
[2025-05-20T03:07:54.796+0000] {processor.py:925} INFO - DAG(s) 'example_branch_operator' retrieved from /home/airflow/.local/lib/python3.12/site-packages/airflow/example_dags/example_branch_operator.py
[2025-05-20T03:07:54.839+0000] {logging_mixin.py:190} INFO - [2025-05-20T03:07:54.838+0000] {dag.py:3229} INFO - Sync 1 DAGs
[2025-05-20T03:07:54.879+0000] {logging_mixin.py:190} INFO - [2025-05-20T03:07:54.879+0000] {dag.py:4156} INFO - Setting next_dagrun for example_branch_operator to 2025-05-19 00:00:00+00:00, run_after=2025-05-20 00:00:00+00:00
[2025-05-20T03:07:54.940+0000] {processor.py:208} INFO - Processing /home/airflow/.local/lib/python3.12/site-packages/airflow/example_dags/example_branch_operator.py took 0.214 seconds
[2025-05-20T03:08:25.445+0000] {processor.py:186} INFO - Started process (PID=1856) to work on /home/airflow/.local/lib/python3.12/site-packages/airflow/example_dags/example_branch_operator.py
[2025-05-20T03:08:25.449+0000] {processor.py:914} INFO - Processing file /home/airflow/.local/lib/python3.12/site-packages/airflow/example_dags/example_branch_operator.py for tasks to queue
[2025-05-20T03:08:25.458+0000] {logging_mixin.py:190} INFO - [2025-05-20T03:08:25.456+0000] {dagbag.py:587} INFO - Filling up the DagBag from /home/airflow/.local/lib/python3.12/site-packages/airflow/example_dags/example_branch_operator.py
[2025-05-20T03:08:25.477+0000] {processor.py:925} INFO - DAG(s) 'example_branch_operator' retrieved from /home/airflow/.local/lib/python3.12/site-packages/airflow/example_dags/example_branch_operator.py
[2025-05-20T03:08:25.551+0000] {logging_mixin.py:190} INFO - [2025-05-20T03:08:25.551+0000] {dag.py:3229} INFO - Sync 1 DAGs
[2025-05-20T03:08:25.723+0000] {logging_mixin.py:190} INFO - [2025-05-20T03:08:25.722+0000] {dag.py:4156} INFO - Setting next_dagrun for example_branch_operator to 2025-05-19 00:00:00+00:00, run_after=2025-05-20 00:00:00+00:00
[2025-05-20T03:08:25.768+0000] {processor.py:208} INFO - Processing /home/airflow/.local/lib/python3.12/site-packages/airflow/example_dags/example_branch_operator.py took 0.326 seconds
[2025-05-20T03:08:56.699+0000] {processor.py:186} INFO - Started process (PID=1925) to work on /home/airflow/.local/lib/python3.12/site-packages/airflow/example_dags/example_branch_operator.py
[2025-05-20T03:08:56.703+0000] {processor.py:914} INFO - Processing file /home/airflow/.local/lib/python3.12/site-packages/airflow/example_dags/example_branch_operator.py for tasks to queue
[2025-05-20T03:08:56.709+0000] {logging_mixin.py:190} INFO - [2025-05-20T03:08:56.708+0000] {dagbag.py:587} INFO - Filling up the DagBag from /home/airflow/.local/lib/python3.12/site-packages/airflow/example_dags/example_branch_operator.py
[2025-05-20T03:08:56.740+0000] {processor.py:925} INFO - DAG(s) 'example_branch_operator' retrieved from /home/airflow/.local/lib/python3.12/site-packages/airflow/example_dags/example_branch_operator.py
[2025-05-20T03:08:56.790+0000] {logging_mixin.py:190} INFO - [2025-05-20T03:08:56.789+0000] {dag.py:3229} INFO - Sync 1 DAGs
[2025-05-20T03:08:56.841+0000] {logging_mixin.py:190} INFO - [2025-05-20T03:08:56.840+0000] {dag.py:4156} INFO - Setting next_dagrun for example_branch_operator to 2025-05-19 00:00:00+00:00, run_after=2025-05-20 00:00:00+00:00
[2025-05-20T03:08:56.883+0000] {processor.py:208} INFO - Processing /home/airflow/.local/lib/python3.12/site-packages/airflow/example_dags/example_branch_operator.py took 0.189 seconds
[2025-05-20T03:09:27.854+0000] {processor.py:186} INFO - Started process (PID=1990) to work on /home/airflow/.local/lib/python3.12/site-packages/airflow/example_dags/example_branch_operator.py
[2025-05-20T03:09:27.860+0000] {processor.py:914} INFO - Processing file /home/airflow/.local/lib/python3.12/site-packages/airflow/example_dags/example_branch_operator.py for tasks to queue
[2025-05-20T03:09:27.877+0000] {logging_mixin.py:190} INFO - [2025-05-20T03:09:27.877+0000] {dagbag.py:587} INFO - Filling up the DagBag from /home/airflow/.local/lib/python3.12/site-packages/airflow/example_dags/example_branch_operator.py
[2025-05-20T03:09:27.892+0000] {processor.py:925} INFO - DAG(s) 'example_branch_operator' retrieved from /home/airflow/.local/lib/python3.12/site-packages/airflow/example_dags/example_branch_operator.py
[2025-05-20T03:09:27.952+0000] {logging_mixin.py:190} INFO - [2025-05-20T03:09:27.951+0000] {dag.py:3229} INFO - Sync 1 DAGs
[2025-05-20T03:09:27.984+0000] {logging_mixin.py:190} INFO - [2025-05-20T03:09:27.984+0000] {dag.py:4156} INFO - Setting next_dagrun for example_branch_operator to 2025-05-19 00:00:00+00:00, run_after=2025-05-20 00:00:00+00:00
[2025-05-20T03:09:28.087+0000] {processor.py:208} INFO - Processing /home/airflow/.local/lib/python3.12/site-packages/airflow/example_dags/example_branch_operator.py took 0.237 seconds
[2025-05-20T03:09:59.587+0000] {processor.py:186} INFO - Started process (PID=2053) to work on /home/airflow/.local/lib/python3.12/site-packages/airflow/example_dags/example_branch_operator.py
[2025-05-20T03:09:59.590+0000] {processor.py:914} INFO - Processing file /home/airflow/.local/lib/python3.12/site-packages/airflow/example_dags/example_branch_operator.py for tasks to queue
[2025-05-20T03:09:59.595+0000] {logging_mixin.py:190} INFO - [2025-05-20T03:09:59.595+0000] {dagbag.py:587} INFO - Filling up the DagBag from /home/airflow/.local/lib/python3.12/site-packages/airflow/example_dags/example_branch_operator.py
[2025-05-20T03:09:59.630+0000] {processor.py:925} INFO - DAG(s) 'example_branch_operator' retrieved from /home/airflow/.local/lib/python3.12/site-packages/airflow/example_dags/example_branch_operator.py
[2025-05-20T03:09:59.743+0000] {logging_mixin.py:190} INFO - [2025-05-20T03:09:59.743+0000] {dag.py:3229} INFO - Sync 1 DAGs
[2025-05-20T03:09:59.772+0000] {logging_mixin.py:190} INFO - [2025-05-20T03:09:59.772+0000] {dag.py:4156} INFO - Setting next_dagrun for example_branch_operator to 2025-05-19 00:00:00+00:00, run_after=2025-05-20 00:00:00+00:00
[2025-05-20T03:09:59.861+0000] {processor.py:208} INFO - Processing /home/airflow/.local/lib/python3.12/site-packages/airflow/example_dags/example_branch_operator.py took 0.278 seconds
[2025-05-20T03:10:30.960+0000] {processor.py:186} INFO - Started process (PID=2116) to work on /home/airflow/.local/lib/python3.12/site-packages/airflow/example_dags/example_branch_operator.py
[2025-05-20T03:10:30.962+0000] {processor.py:914} INFO - Processing file /home/airflow/.local/lib/python3.12/site-packages/airflow/example_dags/example_branch_operator.py for tasks to queue
[2025-05-20T03:10:30.968+0000] {logging_mixin.py:190} INFO - [2025-05-20T03:10:30.968+0000] {dagbag.py:587} INFO - Filling up the DagBag from /home/airflow/.local/lib/python3.12/site-packages/airflow/example_dags/example_branch_operator.py
[2025-05-20T03:10:30.997+0000] {processor.py:925} INFO - DAG(s) 'example_branch_operator' retrieved from /home/airflow/.local/lib/python3.12/site-packages/airflow/example_dags/example_branch_operator.py
[2025-05-20T03:10:31.077+0000] {logging_mixin.py:190} INFO - [2025-05-20T03:10:31.074+0000] {dag.py:3229} INFO - Sync 1 DAGs
[2025-05-20T03:10:31.117+0000] {logging_mixin.py:190} INFO - [2025-05-20T03:10:31.117+0000] {dag.py:4156} INFO - Setting next_dagrun for example_branch_operator to 2025-05-19 00:00:00+00:00, run_after=2025-05-20 00:00:00+00:00
[2025-05-20T03:10:31.181+0000] {processor.py:208} INFO - Processing /home/airflow/.local/lib/python3.12/site-packages/airflow/example_dags/example_branch_operator.py took 0.226 seconds
[2025-05-20T03:11:02.347+0000] {processor.py:186} INFO - Started process (PID=2178) to work on /home/airflow/.local/lib/python3.12/site-packages/airflow/example_dags/example_branch_operator.py
[2025-05-20T03:11:02.350+0000] {processor.py:914} INFO - Processing file /home/airflow/.local/lib/python3.12/site-packages/airflow/example_dags/example_branch_operator.py for tasks to queue
[2025-05-20T03:11:02.359+0000] {logging_mixin.py:190} INFO - [2025-05-20T03:11:02.359+0000] {dagbag.py:587} INFO - Filling up the DagBag from /home/airflow/.local/lib/python3.12/site-packages/airflow/example_dags/example_branch_operator.py
[2025-05-20T03:11:02.388+0000] {processor.py:925} INFO - DAG(s) 'example_branch_operator' retrieved from /home/airflow/.local/lib/python3.12/site-packages/airflow/example_dags/example_branch_operator.py
[2025-05-20T03:11:02.445+0000] {logging_mixin.py:190} INFO - [2025-05-20T03:11:02.445+0000] {dag.py:3229} INFO - Sync 1 DAGs
[2025-05-20T03:11:02.503+0000] {logging_mixin.py:190} INFO - [2025-05-20T03:11:02.503+0000] {dag.py:4156} INFO - Setting next_dagrun for example_branch_operator to 2025-05-19 00:00:00+00:00, run_after=2025-05-20 00:00:00+00:00
[2025-05-20T03:11:02.614+0000] {processor.py:208} INFO - Processing /home/airflow/.local/lib/python3.12/site-packages/airflow/example_dags/example_branch_operator.py took 0.271 seconds
