[2025-05-20T02:50:48.753+0000] {processor.py:186} INFO - Started process (PID=70) to work on /home/airflow/.local/lib/python3.12/site-packages/airflow/example_dags/example_latest_only.py
[2025-05-20T02:50:48.759+0000] {processor.py:914} INFO - Processing file /home/airflow/.local/lib/python3.12/site-packages/airflow/example_dags/example_latest_only.py for tasks to queue
[2025-05-20T02:50:48.766+0000] {logging_mixin.py:190} INFO - [2025-05-20T02:50:48.765+0000] {dagbag.py:587} INFO - Filling up the DagBag from /home/airflow/.local/lib/python3.12/site-packages/airflow/example_dags/example_latest_only.py
[2025-05-20T02:50:48.794+0000] {processor.py:925} INFO - DAG(s) 'latest_only' retrieved from /home/airflow/.local/lib/python3.12/site-packages/airflow/example_dags/example_latest_only.py
[2025-05-20T02:50:49.100+0000] {logging_mixin.py:190} INFO - [2025-05-20T02:50:49.098+0000] {override.py:1900} INFO - Created Permission View: can read on DAG:latest_only
[2025-05-20T02:50:49.141+0000] {logging_mixin.py:190} INFO - [2025-05-20T02:50:49.141+0000] {override.py:1900} INFO - Created Permission View: can delete on DAG:latest_only
[2025-05-20T02:50:49.170+0000] {logging_mixin.py:190} INFO - [2025-05-20T02:50:49.169+0000] {override.py:1900} INFO - Created Permission View: can edit on DAG:latest_only
[2025-05-20T02:50:49.200+0000] {logging_mixin.py:190} INFO - [2025-05-20T02:50:49.200+0000] {override.py:1900} INFO - Created Permission View: can read on DAG Run:latest_only
[2025-05-20T02:50:49.226+0000] {logging_mixin.py:190} INFO - [2025-05-20T02:50:49.226+0000] {override.py:1900} INFO - Created Permission View: can delete on DAG Run:latest_only
[2025-05-20T02:50:49.245+0000] {logging_mixin.py:190} INFO - [2025-05-20T02:50:49.244+0000] {override.py:1900} INFO - Created Permission View: can create on DAG Run:latest_only
[2025-05-20T02:50:49.261+0000] {logging_mixin.py:190} INFO - [2025-05-20T02:50:49.260+0000] {override.py:1900} INFO - Created Permission View: menu access on DAG Run:latest_only
[2025-05-20T02:50:49.264+0000] {logging_mixin.py:190} INFO - [2025-05-20T02:50:49.264+0000] {dag.py:3229} INFO - Sync 1 DAGs
[2025-05-20T02:50:49.299+0000] {logging_mixin.py:190} INFO - [2025-05-20T02:50:49.298+0000] {dag.py:3252} INFO - Creating ORM DAG for latest_only
[2025-05-20T02:50:49.336+0000] {logging_mixin.py:190} INFO - [2025-05-20T02:50:49.335+0000] {dag.py:4156} INFO - Setting next_dagrun for latest_only to 2025-05-19 20:00:00+00:00, run_after=2025-05-20 00:00:00+00:00
[2025-05-20T02:50:49.381+0000] {processor.py:208} INFO - Processing /home/airflow/.local/lib/python3.12/site-packages/airflow/example_dags/example_latest_only.py took 0.655 seconds
[2025-05-20T02:51:19.758+0000] {processor.py:186} INFO - Started process (PID=132) to work on /home/airflow/.local/lib/python3.12/site-packages/airflow/example_dags/example_latest_only.py
[2025-05-20T02:51:19.761+0000] {processor.py:914} INFO - Processing file /home/airflow/.local/lib/python3.12/site-packages/airflow/example_dags/example_latest_only.py for tasks to queue
[2025-05-20T02:51:19.766+0000] {logging_mixin.py:190} INFO - [2025-05-20T02:51:19.764+0000] {dagbag.py:587} INFO - Filling up the DagBag from /home/airflow/.local/lib/python3.12/site-packages/airflow/example_dags/example_latest_only.py
[2025-05-20T02:51:19.784+0000] {processor.py:925} INFO - DAG(s) 'latest_only' retrieved from /home/airflow/.local/lib/python3.12/site-packages/airflow/example_dags/example_latest_only.py
[2025-05-20T02:51:19.861+0000] {logging_mixin.py:190} INFO - [2025-05-20T02:51:19.861+0000] {dag.py:3229} INFO - Sync 1 DAGs
[2025-05-20T02:51:19.968+0000] {logging_mixin.py:190} INFO - [2025-05-20T02:51:19.967+0000] {dag.py:4156} INFO - Setting next_dagrun for latest_only to 2025-05-19 20:00:00+00:00, run_after=2025-05-20 00:00:00+00:00
[2025-05-20T02:51:20.013+0000] {processor.py:208} INFO - Processing /home/airflow/.local/lib/python3.12/site-packages/airflow/example_dags/example_latest_only.py took 0.259 seconds
[2025-05-20T02:51:50.144+0000] {processor.py:186} INFO - Started process (PID=194) to work on /home/airflow/.local/lib/python3.12/site-packages/airflow/example_dags/example_latest_only.py
[2025-05-20T02:51:50.148+0000] {processor.py:914} INFO - Processing file /home/airflow/.local/lib/python3.12/site-packages/airflow/example_dags/example_latest_only.py for tasks to queue
[2025-05-20T02:51:50.154+0000] {logging_mixin.py:190} INFO - [2025-05-20T02:51:50.153+0000] {dagbag.py:587} INFO - Filling up the DagBag from /home/airflow/.local/lib/python3.12/site-packages/airflow/example_dags/example_latest_only.py
[2025-05-20T02:51:50.170+0000] {processor.py:925} INFO - DAG(s) 'latest_only' retrieved from /home/airflow/.local/lib/python3.12/site-packages/airflow/example_dags/example_latest_only.py
[2025-05-20T02:51:50.215+0000] {logging_mixin.py:190} INFO - [2025-05-20T02:51:50.214+0000] {dag.py:3229} INFO - Sync 1 DAGs
[2025-05-20T02:51:50.262+0000] {logging_mixin.py:190} INFO - [2025-05-20T02:51:50.261+0000] {dag.py:4156} INFO - Setting next_dagrun for latest_only to 2025-05-19 20:00:00+00:00, run_after=2025-05-20 00:00:00+00:00
[2025-05-20T02:51:50.300+0000] {processor.py:208} INFO - Processing /home/airflow/.local/lib/python3.12/site-packages/airflow/example_dags/example_latest_only.py took 0.178 seconds
[2025-05-20T02:53:55.100+0000] {processor.py:186} INFO - Started process (PID=71) to work on /home/airflow/.local/lib/python3.12/site-packages/airflow/example_dags/example_latest_only.py
[2025-05-20T02:53:55.102+0000] {processor.py:914} INFO - Processing file /home/airflow/.local/lib/python3.12/site-packages/airflow/example_dags/example_latest_only.py for tasks to queue
[2025-05-20T02:53:55.105+0000] {logging_mixin.py:190} INFO - [2025-05-20T02:53:55.105+0000] {dagbag.py:587} INFO - Filling up the DagBag from /home/airflow/.local/lib/python3.12/site-packages/airflow/example_dags/example_latest_only.py
[2025-05-20T02:53:55.111+0000] {processor.py:925} INFO - DAG(s) 'latest_only' retrieved from /home/airflow/.local/lib/python3.12/site-packages/airflow/example_dags/example_latest_only.py
[2025-05-20T02:53:55.185+0000] {logging_mixin.py:190} INFO - [2025-05-20T02:53:55.182+0000] {dag.py:3229} INFO - Sync 1 DAGs
[2025-05-20T02:53:55.235+0000] {logging_mixin.py:190} INFO - [2025-05-20T02:53:55.235+0000] {dag.py:4156} INFO - Setting next_dagrun for latest_only to 2025-05-19 20:00:00+00:00, run_after=2025-05-20 00:00:00+00:00
[2025-05-20T02:53:55.285+0000] {processor.py:208} INFO - Processing /home/airflow/.local/lib/python3.12/site-packages/airflow/example_dags/example_latest_only.py took 0.195 seconds
[2025-05-20T02:54:25.487+0000] {processor.py:186} INFO - Started process (PID=134) to work on /home/airflow/.local/lib/python3.12/site-packages/airflow/example_dags/example_latest_only.py
[2025-05-20T02:54:25.489+0000] {processor.py:914} INFO - Processing file /home/airflow/.local/lib/python3.12/site-packages/airflow/example_dags/example_latest_only.py for tasks to queue
[2025-05-20T02:54:25.495+0000] {logging_mixin.py:190} INFO - [2025-05-20T02:54:25.494+0000] {dagbag.py:587} INFO - Filling up the DagBag from /home/airflow/.local/lib/python3.12/site-packages/airflow/example_dags/example_latest_only.py
[2025-05-20T02:54:25.525+0000] {processor.py:925} INFO - DAG(s) 'latest_only' retrieved from /home/airflow/.local/lib/python3.12/site-packages/airflow/example_dags/example_latest_only.py
[2025-05-20T02:54:25.723+0000] {logging_mixin.py:190} INFO - [2025-05-20T02:54:25.723+0000] {dag.py:3229} INFO - Sync 1 DAGs
[2025-05-20T02:54:25.801+0000] {logging_mixin.py:190} INFO - [2025-05-20T02:54:25.801+0000] {dag.py:4156} INFO - Setting next_dagrun for latest_only to 2025-05-19 20:00:00+00:00, run_after=2025-05-20 00:00:00+00:00
[2025-05-20T02:54:25.860+0000] {processor.py:208} INFO - Processing /home/airflow/.local/lib/python3.12/site-packages/airflow/example_dags/example_latest_only.py took 0.380 seconds
[2025-05-20T02:54:56.337+0000] {processor.py:186} INFO - Started process (PID=197) to work on /home/airflow/.local/lib/python3.12/site-packages/airflow/example_dags/example_latest_only.py
[2025-05-20T02:54:56.340+0000] {processor.py:914} INFO - Processing file /home/airflow/.local/lib/python3.12/site-packages/airflow/example_dags/example_latest_only.py for tasks to queue
[2025-05-20T02:54:56.347+0000] {logging_mixin.py:190} INFO - [2025-05-20T02:54:56.345+0000] {dagbag.py:587} INFO - Filling up the DagBag from /home/airflow/.local/lib/python3.12/site-packages/airflow/example_dags/example_latest_only.py
[2025-05-20T02:54:56.360+0000] {processor.py:925} INFO - DAG(s) 'latest_only' retrieved from /home/airflow/.local/lib/python3.12/site-packages/airflow/example_dags/example_latest_only.py
[2025-05-20T02:54:56.437+0000] {logging_mixin.py:190} INFO - [2025-05-20T02:54:56.434+0000] {dag.py:3229} INFO - Sync 1 DAGs
[2025-05-20T02:54:56.498+0000] {logging_mixin.py:190} INFO - [2025-05-20T02:54:56.498+0000] {dag.py:4156} INFO - Setting next_dagrun for latest_only to 2025-05-19 20:00:00+00:00, run_after=2025-05-20 00:00:00+00:00
[2025-05-20T02:54:56.553+0000] {processor.py:208} INFO - Processing /home/airflow/.local/lib/python3.12/site-packages/airflow/example_dags/example_latest_only.py took 0.221 seconds
[2025-05-20T02:55:26.967+0000] {processor.py:186} INFO - Started process (PID=260) to work on /home/airflow/.local/lib/python3.12/site-packages/airflow/example_dags/example_latest_only.py
[2025-05-20T02:55:26.976+0000] {processor.py:914} INFO - Processing file /home/airflow/.local/lib/python3.12/site-packages/airflow/example_dags/example_latest_only.py for tasks to queue
[2025-05-20T02:55:26.989+0000] {logging_mixin.py:190} INFO - [2025-05-20T02:55:26.988+0000] {dagbag.py:587} INFO - Filling up the DagBag from /home/airflow/.local/lib/python3.12/site-packages/airflow/example_dags/example_latest_only.py
[2025-05-20T02:55:26.997+0000] {processor.py:925} INFO - DAG(s) 'latest_only' retrieved from /home/airflow/.local/lib/python3.12/site-packages/airflow/example_dags/example_latest_only.py
[2025-05-20T02:55:27.034+0000] {logging_mixin.py:190} INFO - [2025-05-20T02:55:27.033+0000] {dag.py:3229} INFO - Sync 1 DAGs
[2025-05-20T02:55:27.073+0000] {logging_mixin.py:190} INFO - [2025-05-20T02:55:27.072+0000] {dag.py:4156} INFO - Setting next_dagrun for latest_only to 2025-05-19 20:00:00+00:00, run_after=2025-05-20 00:00:00+00:00
[2025-05-20T02:55:27.102+0000] {processor.py:208} INFO - Processing /home/airflow/.local/lib/python3.12/site-packages/airflow/example_dags/example_latest_only.py took 0.141 seconds
[2025-05-20T02:55:58.491+0000] {processor.py:186} INFO - Started process (PID=323) to work on /home/airflow/.local/lib/python3.12/site-packages/airflow/example_dags/example_latest_only.py
[2025-05-20T02:55:58.492+0000] {processor.py:914} INFO - Processing file /home/airflow/.local/lib/python3.12/site-packages/airflow/example_dags/example_latest_only.py for tasks to queue
[2025-05-20T02:55:58.498+0000] {logging_mixin.py:190} INFO - [2025-05-20T02:55:58.497+0000] {dagbag.py:587} INFO - Filling up the DagBag from /home/airflow/.local/lib/python3.12/site-packages/airflow/example_dags/example_latest_only.py
[2025-05-20T02:55:58.510+0000] {processor.py:925} INFO - DAG(s) 'latest_only' retrieved from /home/airflow/.local/lib/python3.12/site-packages/airflow/example_dags/example_latest_only.py
[2025-05-20T02:55:58.571+0000] {logging_mixin.py:190} INFO - [2025-05-20T02:55:58.571+0000] {dag.py:3229} INFO - Sync 1 DAGs
[2025-05-20T02:55:58.630+0000] {logging_mixin.py:190} INFO - [2025-05-20T02:55:58.630+0000] {dag.py:4156} INFO - Setting next_dagrun for latest_only to 2025-05-19 20:00:00+00:00, run_after=2025-05-20 00:00:00+00:00
[2025-05-20T02:55:58.704+0000] {processor.py:208} INFO - Processing /home/airflow/.local/lib/python3.12/site-packages/airflow/example_dags/example_latest_only.py took 0.218 seconds
[2025-05-20T02:56:29.896+0000] {processor.py:186} INFO - Started process (PID=386) to work on /home/airflow/.local/lib/python3.12/site-packages/airflow/example_dags/example_latest_only.py
[2025-05-20T02:56:29.897+0000] {processor.py:914} INFO - Processing file /home/airflow/.local/lib/python3.12/site-packages/airflow/example_dags/example_latest_only.py for tasks to queue
[2025-05-20T02:56:29.899+0000] {logging_mixin.py:190} INFO - [2025-05-20T02:56:29.899+0000] {dagbag.py:587} INFO - Filling up the DagBag from /home/airflow/.local/lib/python3.12/site-packages/airflow/example_dags/example_latest_only.py
[2025-05-20T02:56:29.912+0000] {processor.py:925} INFO - DAG(s) 'latest_only' retrieved from /home/airflow/.local/lib/python3.12/site-packages/airflow/example_dags/example_latest_only.py
[2025-05-20T02:56:29.961+0000] {logging_mixin.py:190} INFO - [2025-05-20T02:56:29.961+0000] {dag.py:3229} INFO - Sync 1 DAGs
[2025-05-20T02:56:30.005+0000] {logging_mixin.py:190} INFO - [2025-05-20T02:56:30.004+0000] {dag.py:4156} INFO - Setting next_dagrun for latest_only to 2025-05-19 20:00:00+00:00, run_after=2025-05-20 00:00:00+00:00
[2025-05-20T02:56:30.073+0000] {processor.py:208} INFO - Processing /home/airflow/.local/lib/python3.12/site-packages/airflow/example_dags/example_latest_only.py took 0.197 seconds
[2025-05-20T02:57:00.513+0000] {processor.py:186} INFO - Started process (PID=449) to work on /home/airflow/.local/lib/python3.12/site-packages/airflow/example_dags/example_latest_only.py
[2025-05-20T02:57:00.519+0000] {processor.py:914} INFO - Processing file /home/airflow/.local/lib/python3.12/site-packages/airflow/example_dags/example_latest_only.py for tasks to queue
[2025-05-20T02:57:00.526+0000] {logging_mixin.py:190} INFO - [2025-05-20T02:57:00.525+0000] {dagbag.py:587} INFO - Filling up the DagBag from /home/airflow/.local/lib/python3.12/site-packages/airflow/example_dags/example_latest_only.py
[2025-05-20T02:57:00.546+0000] {processor.py:925} INFO - DAG(s) 'latest_only' retrieved from /home/airflow/.local/lib/python3.12/site-packages/airflow/example_dags/example_latest_only.py
[2025-05-20T02:57:00.599+0000] {logging_mixin.py:190} INFO - [2025-05-20T02:57:00.599+0000] {dag.py:3229} INFO - Sync 1 DAGs
[2025-05-20T02:57:00.649+0000] {logging_mixin.py:190} INFO - [2025-05-20T02:57:00.649+0000] {dag.py:4156} INFO - Setting next_dagrun for latest_only to 2025-05-19 20:00:00+00:00, run_after=2025-05-20 00:00:00+00:00
[2025-05-20T02:57:00.707+0000] {processor.py:208} INFO - Processing /home/airflow/.local/lib/python3.12/site-packages/airflow/example_dags/example_latest_only.py took 0.200 seconds
[2025-05-20T02:57:30.995+0000] {processor.py:186} INFO - Started process (PID=512) to work on /home/airflow/.local/lib/python3.12/site-packages/airflow/example_dags/example_latest_only.py
[2025-05-20T02:57:30.996+0000] {processor.py:914} INFO - Processing file /home/airflow/.local/lib/python3.12/site-packages/airflow/example_dags/example_latest_only.py for tasks to queue
[2025-05-20T02:57:31.002+0000] {logging_mixin.py:190} INFO - [2025-05-20T02:57:31.001+0000] {dagbag.py:587} INFO - Filling up the DagBag from /home/airflow/.local/lib/python3.12/site-packages/airflow/example_dags/example_latest_only.py
[2025-05-20T02:57:31.017+0000] {processor.py:925} INFO - DAG(s) 'latest_only' retrieved from /home/airflow/.local/lib/python3.12/site-packages/airflow/example_dags/example_latest_only.py
[2025-05-20T02:57:31.089+0000] {logging_mixin.py:190} INFO - [2025-05-20T02:57:31.085+0000] {dag.py:3229} INFO - Sync 1 DAGs
[2025-05-20T02:57:31.153+0000] {logging_mixin.py:190} INFO - [2025-05-20T02:57:31.153+0000] {dag.py:4156} INFO - Setting next_dagrun for latest_only to 2025-05-19 20:00:00+00:00, run_after=2025-05-20 00:00:00+00:00
[2025-05-20T02:57:31.191+0000] {processor.py:208} INFO - Processing /home/airflow/.local/lib/python3.12/site-packages/airflow/example_dags/example_latest_only.py took 0.200 seconds
[2025-05-20T02:58:01.573+0000] {processor.py:186} INFO - Started process (PID=575) to work on /home/airflow/.local/lib/python3.12/site-packages/airflow/example_dags/example_latest_only.py
[2025-05-20T02:58:01.577+0000] {processor.py:914} INFO - Processing file /home/airflow/.local/lib/python3.12/site-packages/airflow/example_dags/example_latest_only.py for tasks to queue
[2025-05-20T02:58:01.581+0000] {logging_mixin.py:190} INFO - [2025-05-20T02:58:01.580+0000] {dagbag.py:587} INFO - Filling up the DagBag from /home/airflow/.local/lib/python3.12/site-packages/airflow/example_dags/example_latest_only.py
[2025-05-20T02:58:01.590+0000] {processor.py:925} INFO - DAG(s) 'latest_only' retrieved from /home/airflow/.local/lib/python3.12/site-packages/airflow/example_dags/example_latest_only.py
[2025-05-20T02:58:01.625+0000] {logging_mixin.py:190} INFO - [2025-05-20T02:58:01.623+0000] {dag.py:3229} INFO - Sync 1 DAGs
[2025-05-20T02:58:01.668+0000] {logging_mixin.py:190} INFO - [2025-05-20T02:58:01.668+0000] {dag.py:4156} INFO - Setting next_dagrun for latest_only to 2025-05-19 20:00:00+00:00, run_after=2025-05-20 00:00:00+00:00
[2025-05-20T02:58:01.724+0000] {processor.py:208} INFO - Processing /home/airflow/.local/lib/python3.12/site-packages/airflow/example_dags/example_latest_only.py took 0.161 seconds
[2025-05-20T02:58:32.467+0000] {processor.py:186} INFO - Started process (PID=639) to work on /home/airflow/.local/lib/python3.12/site-packages/airflow/example_dags/example_latest_only.py
[2025-05-20T02:58:32.469+0000] {processor.py:914} INFO - Processing file /home/airflow/.local/lib/python3.12/site-packages/airflow/example_dags/example_latest_only.py for tasks to queue
[2025-05-20T02:58:32.479+0000] {logging_mixin.py:190} INFO - [2025-05-20T02:58:32.477+0000] {dagbag.py:587} INFO - Filling up the DagBag from /home/airflow/.local/lib/python3.12/site-packages/airflow/example_dags/example_latest_only.py
[2025-05-20T02:58:32.494+0000] {processor.py:925} INFO - DAG(s) 'latest_only' retrieved from /home/airflow/.local/lib/python3.12/site-packages/airflow/example_dags/example_latest_only.py
[2025-05-20T02:58:32.543+0000] {logging_mixin.py:190} INFO - [2025-05-20T02:58:32.543+0000] {dag.py:3229} INFO - Sync 1 DAGs
[2025-05-20T02:58:32.590+0000] {logging_mixin.py:190} INFO - [2025-05-20T02:58:32.589+0000] {dag.py:4156} INFO - Setting next_dagrun for latest_only to 2025-05-19 20:00:00+00:00, run_after=2025-05-20 00:00:00+00:00
[2025-05-20T02:58:32.665+0000] {processor.py:208} INFO - Processing /home/airflow/.local/lib/python3.12/site-packages/airflow/example_dags/example_latest_only.py took 0.204 seconds
[2025-05-20T02:59:03.260+0000] {processor.py:186} INFO - Started process (PID=702) to work on /home/airflow/.local/lib/python3.12/site-packages/airflow/example_dags/example_latest_only.py
[2025-05-20T02:59:03.262+0000] {processor.py:914} INFO - Processing file /home/airflow/.local/lib/python3.12/site-packages/airflow/example_dags/example_latest_only.py for tasks to queue
[2025-05-20T02:59:03.267+0000] {logging_mixin.py:190} INFO - [2025-05-20T02:59:03.265+0000] {dagbag.py:587} INFO - Filling up the DagBag from /home/airflow/.local/lib/python3.12/site-packages/airflow/example_dags/example_latest_only.py
[2025-05-20T02:59:03.289+0000] {processor.py:925} INFO - DAG(s) 'latest_only' retrieved from /home/airflow/.local/lib/python3.12/site-packages/airflow/example_dags/example_latest_only.py
[2025-05-20T02:59:03.334+0000] {logging_mixin.py:190} INFO - [2025-05-20T02:59:03.333+0000] {dag.py:3229} INFO - Sync 1 DAGs
[2025-05-20T02:59:03.393+0000] {logging_mixin.py:190} INFO - [2025-05-20T02:59:03.392+0000] {dag.py:4156} INFO - Setting next_dagrun for latest_only to 2025-05-19 20:00:00+00:00, run_after=2025-05-20 00:00:00+00:00
[2025-05-20T02:59:03.426+0000] {processor.py:208} INFO - Processing /home/airflow/.local/lib/python3.12/site-packages/airflow/example_dags/example_latest_only.py took 0.170 seconds
[2025-05-20T02:59:33.766+0000] {processor.py:186} INFO - Started process (PID=765) to work on /home/airflow/.local/lib/python3.12/site-packages/airflow/example_dags/example_latest_only.py
[2025-05-20T02:59:33.769+0000] {processor.py:914} INFO - Processing file /home/airflow/.local/lib/python3.12/site-packages/airflow/example_dags/example_latest_only.py for tasks to queue
[2025-05-20T02:59:33.785+0000] {logging_mixin.py:190} INFO - [2025-05-20T02:59:33.783+0000] {dagbag.py:587} INFO - Filling up the DagBag from /home/airflow/.local/lib/python3.12/site-packages/airflow/example_dags/example_latest_only.py
[2025-05-20T02:59:33.803+0000] {processor.py:925} INFO - DAG(s) 'latest_only' retrieved from /home/airflow/.local/lib/python3.12/site-packages/airflow/example_dags/example_latest_only.py
[2025-05-20T02:59:33.902+0000] {logging_mixin.py:190} INFO - [2025-05-20T02:59:33.902+0000] {dag.py:3229} INFO - Sync 1 DAGs
[2025-05-20T02:59:33.937+0000] {logging_mixin.py:190} INFO - [2025-05-20T02:59:33.936+0000] {dag.py:4156} INFO - Setting next_dagrun for latest_only to 2025-05-19 20:00:00+00:00, run_after=2025-05-20 00:00:00+00:00
[2025-05-20T02:59:33.962+0000] {processor.py:208} INFO - Processing /home/airflow/.local/lib/python3.12/site-packages/airflow/example_dags/example_latest_only.py took 0.212 seconds
[2025-05-20T03:00:04.242+0000] {processor.py:186} INFO - Started process (PID=829) to work on /home/airflow/.local/lib/python3.12/site-packages/airflow/example_dags/example_latest_only.py
[2025-05-20T03:00:04.243+0000] {processor.py:914} INFO - Processing file /home/airflow/.local/lib/python3.12/site-packages/airflow/example_dags/example_latest_only.py for tasks to queue
[2025-05-20T03:00:04.246+0000] {logging_mixin.py:190} INFO - [2025-05-20T03:00:04.246+0000] {dagbag.py:587} INFO - Filling up the DagBag from /home/airflow/.local/lib/python3.12/site-packages/airflow/example_dags/example_latest_only.py
[2025-05-20T03:00:04.255+0000] {processor.py:925} INFO - DAG(s) 'latest_only' retrieved from /home/airflow/.local/lib/python3.12/site-packages/airflow/example_dags/example_latest_only.py
[2025-05-20T03:00:04.303+0000] {logging_mixin.py:190} INFO - [2025-05-20T03:00:04.300+0000] {dag.py:3229} INFO - Sync 1 DAGs
[2025-05-20T03:00:04.363+0000] {logging_mixin.py:190} INFO - [2025-05-20T03:00:04.362+0000] {dag.py:4156} INFO - Setting next_dagrun for latest_only to 2025-05-19 20:00:00+00:00, run_after=2025-05-20 00:00:00+00:00
[2025-05-20T03:00:04.407+0000] {processor.py:208} INFO - Processing /home/airflow/.local/lib/python3.12/site-packages/airflow/example_dags/example_latest_only.py took 0.169 seconds
[2025-05-20T03:00:35.128+0000] {processor.py:186} INFO - Started process (PID=891) to work on /home/airflow/.local/lib/python3.12/site-packages/airflow/example_dags/example_latest_only.py
[2025-05-20T03:00:35.129+0000] {processor.py:914} INFO - Processing file /home/airflow/.local/lib/python3.12/site-packages/airflow/example_dags/example_latest_only.py for tasks to queue
[2025-05-20T03:00:35.137+0000] {logging_mixin.py:190} INFO - [2025-05-20T03:00:35.137+0000] {dagbag.py:587} INFO - Filling up the DagBag from /home/airflow/.local/lib/python3.12/site-packages/airflow/example_dags/example_latest_only.py
[2025-05-20T03:00:35.159+0000] {processor.py:925} INFO - DAG(s) 'latest_only' retrieved from /home/airflow/.local/lib/python3.12/site-packages/airflow/example_dags/example_latest_only.py
[2025-05-20T03:00:35.206+0000] {logging_mixin.py:190} INFO - [2025-05-20T03:00:35.206+0000] {dag.py:3229} INFO - Sync 1 DAGs
[2025-05-20T03:00:35.245+0000] {logging_mixin.py:190} INFO - [2025-05-20T03:00:35.245+0000] {dag.py:4156} INFO - Setting next_dagrun for latest_only to 2025-05-19 20:00:00+00:00, run_after=2025-05-20 00:00:00+00:00
[2025-05-20T03:00:35.333+0000] {processor.py:208} INFO - Processing /home/airflow/.local/lib/python3.12/site-packages/airflow/example_dags/example_latest_only.py took 0.210 seconds
[2025-05-20T03:01:05.629+0000] {processor.py:186} INFO - Started process (PID=953) to work on /home/airflow/.local/lib/python3.12/site-packages/airflow/example_dags/example_latest_only.py
[2025-05-20T03:01:05.632+0000] {processor.py:914} INFO - Processing file /home/airflow/.local/lib/python3.12/site-packages/airflow/example_dags/example_latest_only.py for tasks to queue
[2025-05-20T03:01:05.638+0000] {logging_mixin.py:190} INFO - [2025-05-20T03:01:05.637+0000] {dagbag.py:587} INFO - Filling up the DagBag from /home/airflow/.local/lib/python3.12/site-packages/airflow/example_dags/example_latest_only.py
[2025-05-20T03:01:05.658+0000] {processor.py:925} INFO - DAG(s) 'latest_only' retrieved from /home/airflow/.local/lib/python3.12/site-packages/airflow/example_dags/example_latest_only.py
[2025-05-20T03:01:05.726+0000] {logging_mixin.py:190} INFO - [2025-05-20T03:01:05.725+0000] {dag.py:3229} INFO - Sync 1 DAGs
[2025-05-20T03:01:05.763+0000] {logging_mixin.py:190} INFO - [2025-05-20T03:01:05.763+0000] {dag.py:4156} INFO - Setting next_dagrun for latest_only to 2025-05-19 20:00:00+00:00, run_after=2025-05-20 00:00:00+00:00
[2025-05-20T03:01:05.816+0000] {processor.py:208} INFO - Processing /home/airflow/.local/lib/python3.12/site-packages/airflow/example_dags/example_latest_only.py took 0.202 seconds
[2025-05-20T03:01:36.549+0000] {processor.py:186} INFO - Started process (PID=1015) to work on /home/airflow/.local/lib/python3.12/site-packages/airflow/example_dags/example_latest_only.py
[2025-05-20T03:01:36.551+0000] {processor.py:914} INFO - Processing file /home/airflow/.local/lib/python3.12/site-packages/airflow/example_dags/example_latest_only.py for tasks to queue
[2025-05-20T03:01:36.560+0000] {logging_mixin.py:190} INFO - [2025-05-20T03:01:36.559+0000] {dagbag.py:587} INFO - Filling up the DagBag from /home/airflow/.local/lib/python3.12/site-packages/airflow/example_dags/example_latest_only.py
[2025-05-20T03:01:36.589+0000] {processor.py:925} INFO - DAG(s) 'latest_only' retrieved from /home/airflow/.local/lib/python3.12/site-packages/airflow/example_dags/example_latest_only.py
[2025-05-20T03:01:36.672+0000] {logging_mixin.py:190} INFO - [2025-05-20T03:01:36.672+0000] {dag.py:3229} INFO - Sync 1 DAGs
[2025-05-20T03:01:36.741+0000] {logging_mixin.py:190} INFO - [2025-05-20T03:01:36.741+0000] {dag.py:4156} INFO - Setting next_dagrun for latest_only to 2025-05-19 20:00:00+00:00, run_after=2025-05-20 00:00:00+00:00
[2025-05-20T03:01:36.802+0000] {processor.py:208} INFO - Processing /home/airflow/.local/lib/python3.12/site-packages/airflow/example_dags/example_latest_only.py took 0.259 seconds
[2025-05-20T03:02:07.142+0000] {processor.py:186} INFO - Started process (PID=1078) to work on /home/airflow/.local/lib/python3.12/site-packages/airflow/example_dags/example_latest_only.py
[2025-05-20T03:02:07.143+0000] {processor.py:914} INFO - Processing file /home/airflow/.local/lib/python3.12/site-packages/airflow/example_dags/example_latest_only.py for tasks to queue
[2025-05-20T03:02:07.147+0000] {logging_mixin.py:190} INFO - [2025-05-20T03:02:07.146+0000] {dagbag.py:587} INFO - Filling up the DagBag from /home/airflow/.local/lib/python3.12/site-packages/airflow/example_dags/example_latest_only.py
[2025-05-20T03:02:07.163+0000] {processor.py:925} INFO - DAG(s) 'latest_only' retrieved from /home/airflow/.local/lib/python3.12/site-packages/airflow/example_dags/example_latest_only.py
[2025-05-20T03:02:07.194+0000] {logging_mixin.py:190} INFO - [2025-05-20T03:02:07.194+0000] {dag.py:3229} INFO - Sync 1 DAGs
[2025-05-20T03:02:07.239+0000] {logging_mixin.py:190} INFO - [2025-05-20T03:02:07.239+0000] {dag.py:4156} INFO - Setting next_dagrun for latest_only to 2025-05-19 20:00:00+00:00, run_after=2025-05-20 00:00:00+00:00
[2025-05-20T03:02:07.264+0000] {processor.py:208} INFO - Processing /home/airflow/.local/lib/python3.12/site-packages/airflow/example_dags/example_latest_only.py took 0.130 seconds
[2025-05-20T03:02:37.705+0000] {processor.py:186} INFO - Started process (PID=1141) to work on /home/airflow/.local/lib/python3.12/site-packages/airflow/example_dags/example_latest_only.py
[2025-05-20T03:02:37.710+0000] {processor.py:914} INFO - Processing file /home/airflow/.local/lib/python3.12/site-packages/airflow/example_dags/example_latest_only.py for tasks to queue
[2025-05-20T03:02:37.720+0000] {logging_mixin.py:190} INFO - [2025-05-20T03:02:37.720+0000] {dagbag.py:587} INFO - Filling up the DagBag from /home/airflow/.local/lib/python3.12/site-packages/airflow/example_dags/example_latest_only.py
[2025-05-20T03:02:37.728+0000] {processor.py:925} INFO - DAG(s) 'latest_only' retrieved from /home/airflow/.local/lib/python3.12/site-packages/airflow/example_dags/example_latest_only.py
[2025-05-20T03:02:37.779+0000] {logging_mixin.py:190} INFO - [2025-05-20T03:02:37.779+0000] {dag.py:3229} INFO - Sync 1 DAGs
[2025-05-20T03:02:37.836+0000] {logging_mixin.py:190} INFO - [2025-05-20T03:02:37.835+0000] {dag.py:4156} INFO - Setting next_dagrun for latest_only to 2025-05-19 20:00:00+00:00, run_after=2025-05-20 00:00:00+00:00
[2025-05-20T03:02:37.906+0000] {processor.py:208} INFO - Processing /home/airflow/.local/lib/python3.12/site-packages/airflow/example_dags/example_latest_only.py took 0.205 seconds
[2025-05-20T03:03:08.619+0000] {processor.py:186} INFO - Started process (PID=1203) to work on /home/airflow/.local/lib/python3.12/site-packages/airflow/example_dags/example_latest_only.py
[2025-05-20T03:03:08.620+0000] {processor.py:914} INFO - Processing file /home/airflow/.local/lib/python3.12/site-packages/airflow/example_dags/example_latest_only.py for tasks to queue
[2025-05-20T03:03:08.630+0000] {logging_mixin.py:190} INFO - [2025-05-20T03:03:08.629+0000] {dagbag.py:587} INFO - Filling up the DagBag from /home/airflow/.local/lib/python3.12/site-packages/airflow/example_dags/example_latest_only.py
[2025-05-20T03:03:08.642+0000] {processor.py:925} INFO - DAG(s) 'latest_only' retrieved from /home/airflow/.local/lib/python3.12/site-packages/airflow/example_dags/example_latest_only.py
[2025-05-20T03:03:08.695+0000] {logging_mixin.py:190} INFO - [2025-05-20T03:03:08.695+0000] {dag.py:3229} INFO - Sync 1 DAGs
[2025-05-20T03:03:08.722+0000] {logging_mixin.py:190} INFO - [2025-05-20T03:03:08.721+0000] {dag.py:4156} INFO - Setting next_dagrun for latest_only to 2025-05-19 20:00:00+00:00, run_after=2025-05-20 00:00:00+00:00
[2025-05-20T03:03:08.758+0000] {processor.py:208} INFO - Processing /home/airflow/.local/lib/python3.12/site-packages/airflow/example_dags/example_latest_only.py took 0.142 seconds
[2025-05-20T03:03:39.333+0000] {processor.py:186} INFO - Started process (PID=1265) to work on /home/airflow/.local/lib/python3.12/site-packages/airflow/example_dags/example_latest_only.py
[2025-05-20T03:03:39.334+0000] {processor.py:914} INFO - Processing file /home/airflow/.local/lib/python3.12/site-packages/airflow/example_dags/example_latest_only.py for tasks to queue
[2025-05-20T03:03:39.350+0000] {logging_mixin.py:190} INFO - [2025-05-20T03:03:39.348+0000] {dagbag.py:587} INFO - Filling up the DagBag from /home/airflow/.local/lib/python3.12/site-packages/airflow/example_dags/example_latest_only.py
[2025-05-20T03:03:39.376+0000] {processor.py:925} INFO - DAG(s) 'latest_only' retrieved from /home/airflow/.local/lib/python3.12/site-packages/airflow/example_dags/example_latest_only.py
[2025-05-20T03:03:39.443+0000] {logging_mixin.py:190} INFO - [2025-05-20T03:03:39.441+0000] {dag.py:3229} INFO - Sync 1 DAGs
[2025-05-20T03:03:39.481+0000] {logging_mixin.py:190} INFO - [2025-05-20T03:03:39.481+0000] {dag.py:4156} INFO - Setting next_dagrun for latest_only to 2025-05-19 20:00:00+00:00, run_after=2025-05-20 00:00:00+00:00
[2025-05-20T03:03:39.540+0000] {processor.py:208} INFO - Processing /home/airflow/.local/lib/python3.12/site-packages/airflow/example_dags/example_latest_only.py took 0.212 seconds
[2025-05-20T03:04:09.766+0000] {processor.py:186} INFO - Started process (PID=1328) to work on /home/airflow/.local/lib/python3.12/site-packages/airflow/example_dags/example_latest_only.py
[2025-05-20T03:04:09.768+0000] {processor.py:914} INFO - Processing file /home/airflow/.local/lib/python3.12/site-packages/airflow/example_dags/example_latest_only.py for tasks to queue
[2025-05-20T03:04:09.770+0000] {logging_mixin.py:190} INFO - [2025-05-20T03:04:09.770+0000] {dagbag.py:587} INFO - Filling up the DagBag from /home/airflow/.local/lib/python3.12/site-packages/airflow/example_dags/example_latest_only.py
[2025-05-20T03:04:09.781+0000] {processor.py:925} INFO - DAG(s) 'latest_only' retrieved from /home/airflow/.local/lib/python3.12/site-packages/airflow/example_dags/example_latest_only.py
[2025-05-20T03:04:09.806+0000] {logging_mixin.py:190} INFO - [2025-05-20T03:04:09.805+0000] {dag.py:3229} INFO - Sync 1 DAGs
[2025-05-20T03:04:09.841+0000] {logging_mixin.py:190} INFO - [2025-05-20T03:04:09.841+0000] {dag.py:4156} INFO - Setting next_dagrun for latest_only to 2025-05-19 20:00:00+00:00, run_after=2025-05-20 00:00:00+00:00
[2025-05-20T03:04:09.872+0000] {processor.py:208} INFO - Processing /home/airflow/.local/lib/python3.12/site-packages/airflow/example_dags/example_latest_only.py took 0.114 seconds
[2025-05-20T03:04:41.257+0000] {processor.py:186} INFO - Started process (PID=1391) to work on /home/airflow/.local/lib/python3.12/site-packages/airflow/example_dags/example_latest_only.py
[2025-05-20T03:04:41.266+0000] {processor.py:914} INFO - Processing file /home/airflow/.local/lib/python3.12/site-packages/airflow/example_dags/example_latest_only.py for tasks to queue
[2025-05-20T03:04:41.274+0000] {logging_mixin.py:190} INFO - [2025-05-20T03:04:41.273+0000] {dagbag.py:587} INFO - Filling up the DagBag from /home/airflow/.local/lib/python3.12/site-packages/airflow/example_dags/example_latest_only.py
[2025-05-20T03:04:41.289+0000] {processor.py:925} INFO - DAG(s) 'latest_only' retrieved from /home/airflow/.local/lib/python3.12/site-packages/airflow/example_dags/example_latest_only.py
[2025-05-20T03:04:41.334+0000] {logging_mixin.py:190} INFO - [2025-05-20T03:04:41.333+0000] {dag.py:3229} INFO - Sync 1 DAGs
[2025-05-20T03:04:41.407+0000] {logging_mixin.py:190} INFO - [2025-05-20T03:04:41.404+0000] {dag.py:4156} INFO - Setting next_dagrun for latest_only to 2025-05-19 20:00:00+00:00, run_after=2025-05-20 00:00:00+00:00
[2025-05-20T03:04:41.474+0000] {processor.py:208} INFO - Processing /home/airflow/.local/lib/python3.12/site-packages/airflow/example_dags/example_latest_only.py took 0.225 seconds
[2025-05-20T03:05:11.552+0000] {processor.py:186} INFO - Started process (PID=1454) to work on /home/airflow/.local/lib/python3.12/site-packages/airflow/example_dags/example_latest_only.py
[2025-05-20T03:05:11.554+0000] {processor.py:914} INFO - Processing file /home/airflow/.local/lib/python3.12/site-packages/airflow/example_dags/example_latest_only.py for tasks to queue
[2025-05-20T03:05:11.563+0000] {logging_mixin.py:190} INFO - [2025-05-20T03:05:11.560+0000] {dagbag.py:587} INFO - Filling up the DagBag from /home/airflow/.local/lib/python3.12/site-packages/airflow/example_dags/example_latest_only.py
[2025-05-20T03:05:11.576+0000] {processor.py:925} INFO - DAG(s) 'latest_only' retrieved from /home/airflow/.local/lib/python3.12/site-packages/airflow/example_dags/example_latest_only.py
[2025-05-20T03:05:11.645+0000] {logging_mixin.py:190} INFO - [2025-05-20T03:05:11.644+0000] {dag.py:3229} INFO - Sync 1 DAGs
[2025-05-20T03:05:11.705+0000] {logging_mixin.py:190} INFO - [2025-05-20T03:05:11.703+0000] {dag.py:4156} INFO - Setting next_dagrun for latest_only to 2025-05-19 20:00:00+00:00, run_after=2025-05-20 00:00:00+00:00
[2025-05-20T03:05:11.765+0000] {processor.py:208} INFO - Processing /home/airflow/.local/lib/python3.12/site-packages/airflow/example_dags/example_latest_only.py took 0.219 seconds
[2025-05-20T03:05:42.768+0000] {processor.py:186} INFO - Started process (PID=1517) to work on /home/airflow/.local/lib/python3.12/site-packages/airflow/example_dags/example_latest_only.py
[2025-05-20T03:05:42.770+0000] {processor.py:914} INFO - Processing file /home/airflow/.local/lib/python3.12/site-packages/airflow/example_dags/example_latest_only.py for tasks to queue
[2025-05-20T03:05:42.777+0000] {logging_mixin.py:190} INFO - [2025-05-20T03:05:42.777+0000] {dagbag.py:587} INFO - Filling up the DagBag from /home/airflow/.local/lib/python3.12/site-packages/airflow/example_dags/example_latest_only.py
[2025-05-20T03:05:42.784+0000] {processor.py:925} INFO - DAG(s) 'latest_only' retrieved from /home/airflow/.local/lib/python3.12/site-packages/airflow/example_dags/example_latest_only.py
[2025-05-20T03:05:42.835+0000] {logging_mixin.py:190} INFO - [2025-05-20T03:05:42.834+0000] {dag.py:3229} INFO - Sync 1 DAGs
[2025-05-20T03:05:42.921+0000] {logging_mixin.py:190} INFO - [2025-05-20T03:05:42.921+0000] {dag.py:4156} INFO - Setting next_dagrun for latest_only to 2025-05-19 20:00:00+00:00, run_after=2025-05-20 00:00:00+00:00
[2025-05-20T03:05:42.993+0000] {processor.py:208} INFO - Processing /home/airflow/.local/lib/python3.12/site-packages/airflow/example_dags/example_latest_only.py took 0.230 seconds
[2025-05-20T03:06:14.092+0000] {processor.py:186} INFO - Started process (PID=1580) to work on /home/airflow/.local/lib/python3.12/site-packages/airflow/example_dags/example_latest_only.py
[2025-05-20T03:06:14.097+0000] {processor.py:914} INFO - Processing file /home/airflow/.local/lib/python3.12/site-packages/airflow/example_dags/example_latest_only.py for tasks to queue
[2025-05-20T03:06:14.103+0000] {logging_mixin.py:190} INFO - [2025-05-20T03:06:14.103+0000] {dagbag.py:587} INFO - Filling up the DagBag from /home/airflow/.local/lib/python3.12/site-packages/airflow/example_dags/example_latest_only.py
[2025-05-20T03:06:14.131+0000] {processor.py:925} INFO - DAG(s) 'latest_only' retrieved from /home/airflow/.local/lib/python3.12/site-packages/airflow/example_dags/example_latest_only.py
[2025-05-20T03:06:14.168+0000] {logging_mixin.py:190} INFO - [2025-05-20T03:06:14.168+0000] {dag.py:3229} INFO - Sync 1 DAGs
[2025-05-20T03:06:14.208+0000] {logging_mixin.py:190} INFO - [2025-05-20T03:06:14.208+0000] {dag.py:4156} INFO - Setting next_dagrun for latest_only to 2025-05-19 20:00:00+00:00, run_after=2025-05-20 00:00:00+00:00
[2025-05-20T03:06:14.250+0000] {processor.py:208} INFO - Processing /home/airflow/.local/lib/python3.12/site-packages/airflow/example_dags/example_latest_only.py took 0.168 seconds
[2025-05-20T03:06:44.917+0000] {processor.py:186} INFO - Started process (PID=1643) to work on /home/airflow/.local/lib/python3.12/site-packages/airflow/example_dags/example_latest_only.py
[2025-05-20T03:06:44.924+0000] {processor.py:914} INFO - Processing file /home/airflow/.local/lib/python3.12/site-packages/airflow/example_dags/example_latest_only.py for tasks to queue
[2025-05-20T03:06:44.933+0000] {logging_mixin.py:190} INFO - [2025-05-20T03:06:44.932+0000] {dagbag.py:587} INFO - Filling up the DagBag from /home/airflow/.local/lib/python3.12/site-packages/airflow/example_dags/example_latest_only.py
[2025-05-20T03:06:44.952+0000] {processor.py:925} INFO - DAG(s) 'latest_only' retrieved from /home/airflow/.local/lib/python3.12/site-packages/airflow/example_dags/example_latest_only.py
[2025-05-20T03:06:45.033+0000] {logging_mixin.py:190} INFO - [2025-05-20T03:06:45.028+0000] {dag.py:3229} INFO - Sync 1 DAGs
[2025-05-20T03:06:45.087+0000] {logging_mixin.py:190} INFO - [2025-05-20T03:06:45.086+0000] {dag.py:4156} INFO - Setting next_dagrun for latest_only to 2025-05-19 20:00:00+00:00, run_after=2025-05-20 00:00:00+00:00
[2025-05-20T03:06:45.144+0000] {processor.py:208} INFO - Processing /home/airflow/.local/lib/python3.12/site-packages/airflow/example_dags/example_latest_only.py took 0.227 seconds
[2025-05-20T03:07:15.604+0000] {processor.py:186} INFO - Started process (PID=1706) to work on /home/airflow/.local/lib/python3.12/site-packages/airflow/example_dags/example_latest_only.py
[2025-05-20T03:07:15.607+0000] {processor.py:914} INFO - Processing file /home/airflow/.local/lib/python3.12/site-packages/airflow/example_dags/example_latest_only.py for tasks to queue
[2025-05-20T03:07:15.621+0000] {logging_mixin.py:190} INFO - [2025-05-20T03:07:15.620+0000] {dagbag.py:587} INFO - Filling up the DagBag from /home/airflow/.local/lib/python3.12/site-packages/airflow/example_dags/example_latest_only.py
[2025-05-20T03:07:15.649+0000] {processor.py:925} INFO - DAG(s) 'latest_only' retrieved from /home/airflow/.local/lib/python3.12/site-packages/airflow/example_dags/example_latest_only.py
[2025-05-20T03:07:15.708+0000] {logging_mixin.py:190} INFO - [2025-05-20T03:07:15.706+0000] {dag.py:3229} INFO - Sync 1 DAGs
[2025-05-20T03:07:15.750+0000] {logging_mixin.py:190} INFO - [2025-05-20T03:07:15.750+0000] {dag.py:4156} INFO - Setting next_dagrun for latest_only to 2025-05-19 20:00:00+00:00, run_after=2025-05-20 00:00:00+00:00
[2025-05-20T03:07:15.771+0000] {processor.py:208} INFO - Processing /home/airflow/.local/lib/python3.12/site-packages/airflow/example_dags/example_latest_only.py took 0.174 seconds
[2025-05-20T03:07:46.923+0000] {processor.py:186} INFO - Started process (PID=1768) to work on /home/airflow/.local/lib/python3.12/site-packages/airflow/example_dags/example_latest_only.py
[2025-05-20T03:07:46.928+0000] {processor.py:914} INFO - Processing file /home/airflow/.local/lib/python3.12/site-packages/airflow/example_dags/example_latest_only.py for tasks to queue
[2025-05-20T03:07:46.949+0000] {logging_mixin.py:190} INFO - [2025-05-20T03:07:46.948+0000] {dagbag.py:587} INFO - Filling up the DagBag from /home/airflow/.local/lib/python3.12/site-packages/airflow/example_dags/example_latest_only.py
[2025-05-20T03:07:46.960+0000] {processor.py:925} INFO - DAG(s) 'latest_only' retrieved from /home/airflow/.local/lib/python3.12/site-packages/airflow/example_dags/example_latest_only.py
[2025-05-20T03:07:47.027+0000] {logging_mixin.py:190} INFO - [2025-05-20T03:07:47.023+0000] {dag.py:3229} INFO - Sync 1 DAGs
[2025-05-20T03:07:47.115+0000] {logging_mixin.py:190} INFO - [2025-05-20T03:07:47.115+0000] {dag.py:4156} INFO - Setting next_dagrun for latest_only to 2025-05-19 20:00:00+00:00, run_after=2025-05-20 00:00:00+00:00
[2025-05-20T03:07:47.216+0000] {processor.py:208} INFO - Processing /home/airflow/.local/lib/python3.12/site-packages/airflow/example_dags/example_latest_only.py took 0.306 seconds
[2025-05-20T03:08:18.093+0000] {processor.py:186} INFO - Started process (PID=1830) to work on /home/airflow/.local/lib/python3.12/site-packages/airflow/example_dags/example_latest_only.py
[2025-05-20T03:08:18.097+0000] {processor.py:914} INFO - Processing file /home/airflow/.local/lib/python3.12/site-packages/airflow/example_dags/example_latest_only.py for tasks to queue
[2025-05-20T03:08:18.103+0000] {logging_mixin.py:190} INFO - [2025-05-20T03:08:18.103+0000] {dagbag.py:587} INFO - Filling up the DagBag from /home/airflow/.local/lib/python3.12/site-packages/airflow/example_dags/example_latest_only.py
[2025-05-20T03:08:18.117+0000] {processor.py:925} INFO - DAG(s) 'latest_only' retrieved from /home/airflow/.local/lib/python3.12/site-packages/airflow/example_dags/example_latest_only.py
[2025-05-20T03:08:18.161+0000] {logging_mixin.py:190} INFO - [2025-05-20T03:08:18.159+0000] {dag.py:3229} INFO - Sync 1 DAGs
[2025-05-20T03:08:18.214+0000] {logging_mixin.py:190} INFO - [2025-05-20T03:08:18.213+0000] {dag.py:4156} INFO - Setting next_dagrun for latest_only to 2025-05-19 20:00:00+00:00, run_after=2025-05-20 00:00:00+00:00
[2025-05-20T03:08:18.243+0000] {processor.py:208} INFO - Processing /home/airflow/.local/lib/python3.12/site-packages/airflow/example_dags/example_latest_only.py took 0.157 seconds
[2025-05-20T03:08:49.095+0000] {processor.py:186} INFO - Started process (PID=1893) to work on /home/airflow/.local/lib/python3.12/site-packages/airflow/example_dags/example_latest_only.py
[2025-05-20T03:08:49.097+0000] {processor.py:914} INFO - Processing file /home/airflow/.local/lib/python3.12/site-packages/airflow/example_dags/example_latest_only.py for tasks to queue
[2025-05-20T03:08:49.102+0000] {logging_mixin.py:190} INFO - [2025-05-20T03:08:49.102+0000] {dagbag.py:587} INFO - Filling up the DagBag from /home/airflow/.local/lib/python3.12/site-packages/airflow/example_dags/example_latest_only.py
[2025-05-20T03:08:49.113+0000] {processor.py:925} INFO - DAG(s) 'latest_only' retrieved from /home/airflow/.local/lib/python3.12/site-packages/airflow/example_dags/example_latest_only.py
[2025-05-20T03:08:49.171+0000] {logging_mixin.py:190} INFO - [2025-05-20T03:08:49.171+0000] {dag.py:3229} INFO - Sync 1 DAGs
[2025-05-20T03:08:49.263+0000] {logging_mixin.py:190} INFO - [2025-05-20T03:08:49.263+0000] {dag.py:4156} INFO - Setting next_dagrun for latest_only to 2025-05-19 20:00:00+00:00, run_after=2025-05-20 00:00:00+00:00
[2025-05-20T03:08:49.333+0000] {processor.py:208} INFO - Processing /home/airflow/.local/lib/python3.12/site-packages/airflow/example_dags/example_latest_only.py took 0.242 seconds
[2025-05-20T03:09:19.573+0000] {processor.py:186} INFO - Started process (PID=1957) to work on /home/airflow/.local/lib/python3.12/site-packages/airflow/example_dags/example_latest_only.py
[2025-05-20T03:09:19.576+0000] {processor.py:914} INFO - Processing file /home/airflow/.local/lib/python3.12/site-packages/airflow/example_dags/example_latest_only.py for tasks to queue
[2025-05-20T03:09:19.579+0000] {logging_mixin.py:190} INFO - [2025-05-20T03:09:19.579+0000] {dagbag.py:587} INFO - Filling up the DagBag from /home/airflow/.local/lib/python3.12/site-packages/airflow/example_dags/example_latest_only.py
[2025-05-20T03:09:19.591+0000] {processor.py:925} INFO - DAG(s) 'latest_only' retrieved from /home/airflow/.local/lib/python3.12/site-packages/airflow/example_dags/example_latest_only.py
[2025-05-20T03:09:19.619+0000] {logging_mixin.py:190} INFO - [2025-05-20T03:09:19.619+0000] {dag.py:3229} INFO - Sync 1 DAGs
[2025-05-20T03:09:19.673+0000] {logging_mixin.py:190} INFO - [2025-05-20T03:09:19.673+0000] {dag.py:4156} INFO - Setting next_dagrun for latest_only to 2025-05-19 20:00:00+00:00, run_after=2025-05-20 00:00:00+00:00
[2025-05-20T03:09:19.717+0000] {processor.py:208} INFO - Processing /home/airflow/.local/lib/python3.12/site-packages/airflow/example_dags/example_latest_only.py took 0.148 seconds
[2025-05-20T03:09:50.819+0000] {processor.py:186} INFO - Started process (PID=2020) to work on /home/airflow/.local/lib/python3.12/site-packages/airflow/example_dags/example_latest_only.py
[2025-05-20T03:09:50.821+0000] {processor.py:914} INFO - Processing file /home/airflow/.local/lib/python3.12/site-packages/airflow/example_dags/example_latest_only.py for tasks to queue
[2025-05-20T03:09:50.826+0000] {logging_mixin.py:190} INFO - [2025-05-20T03:09:50.825+0000] {dagbag.py:587} INFO - Filling up the DagBag from /home/airflow/.local/lib/python3.12/site-packages/airflow/example_dags/example_latest_only.py
[2025-05-20T03:09:50.842+0000] {processor.py:925} INFO - DAG(s) 'latest_only' retrieved from /home/airflow/.local/lib/python3.12/site-packages/airflow/example_dags/example_latest_only.py
[2025-05-20T03:09:50.891+0000] {logging_mixin.py:190} INFO - [2025-05-20T03:09:50.890+0000] {dag.py:3229} INFO - Sync 1 DAGs
[2025-05-20T03:09:50.926+0000] {logging_mixin.py:190} INFO - [2025-05-20T03:09:50.925+0000] {dag.py:4156} INFO - Setting next_dagrun for latest_only to 2025-05-19 20:00:00+00:00, run_after=2025-05-20 00:00:00+00:00
[2025-05-20T03:09:50.984+0000] {processor.py:208} INFO - Processing /home/airflow/.local/lib/python3.12/site-packages/airflow/example_dags/example_latest_only.py took 0.169 seconds
[2025-05-20T03:10:21.343+0000] {processor.py:186} INFO - Started process (PID=2083) to work on /home/airflow/.local/lib/python3.12/site-packages/airflow/example_dags/example_latest_only.py
[2025-05-20T03:10:21.345+0000] {processor.py:914} INFO - Processing file /home/airflow/.local/lib/python3.12/site-packages/airflow/example_dags/example_latest_only.py for tasks to queue
[2025-05-20T03:10:21.347+0000] {logging_mixin.py:190} INFO - [2025-05-20T03:10:21.347+0000] {dagbag.py:587} INFO - Filling up the DagBag from /home/airflow/.local/lib/python3.12/site-packages/airflow/example_dags/example_latest_only.py
[2025-05-20T03:10:21.360+0000] {processor.py:925} INFO - DAG(s) 'latest_only' retrieved from /home/airflow/.local/lib/python3.12/site-packages/airflow/example_dags/example_latest_only.py
[2025-05-20T03:10:21.405+0000] {logging_mixin.py:190} INFO - [2025-05-20T03:10:21.404+0000] {dag.py:3229} INFO - Sync 1 DAGs
[2025-05-20T03:10:21.434+0000] {logging_mixin.py:190} INFO - [2025-05-20T03:10:21.433+0000] {dag.py:4156} INFO - Setting next_dagrun for latest_only to 2025-05-19 20:00:00+00:00, run_after=2025-05-20 00:00:00+00:00
[2025-05-20T03:10:21.476+0000] {processor.py:208} INFO - Processing /home/airflow/.local/lib/python3.12/site-packages/airflow/example_dags/example_latest_only.py took 0.139 seconds
[2025-05-20T03:10:51.700+0000] {processor.py:186} INFO - Started process (PID=2146) to work on /home/airflow/.local/lib/python3.12/site-packages/airflow/example_dags/example_latest_only.py
[2025-05-20T03:10:51.705+0000] {processor.py:914} INFO - Processing file /home/airflow/.local/lib/python3.12/site-packages/airflow/example_dags/example_latest_only.py for tasks to queue
[2025-05-20T03:10:51.718+0000] {logging_mixin.py:190} INFO - [2025-05-20T03:10:51.717+0000] {dagbag.py:587} INFO - Filling up the DagBag from /home/airflow/.local/lib/python3.12/site-packages/airflow/example_dags/example_latest_only.py
[2025-05-20T03:10:51.748+0000] {processor.py:925} INFO - DAG(s) 'latest_only' retrieved from /home/airflow/.local/lib/python3.12/site-packages/airflow/example_dags/example_latest_only.py
[2025-05-20T03:10:51.806+0000] {logging_mixin.py:190} INFO - [2025-05-20T03:10:51.805+0000] {dag.py:3229} INFO - Sync 1 DAGs
[2025-05-20T03:10:51.876+0000] {logging_mixin.py:190} INFO - [2025-05-20T03:10:51.876+0000] {dag.py:4156} INFO - Setting next_dagrun for latest_only to 2025-05-19 20:00:00+00:00, run_after=2025-05-20 00:00:00+00:00
[2025-05-20T03:10:51.927+0000] {processor.py:208} INFO - Processing /home/airflow/.local/lib/python3.12/site-packages/airflow/example_dags/example_latest_only.py took 0.231 seconds
[2025-05-20T03:11:23.150+0000] {processor.py:186} INFO - Started process (PID=2208) to work on /home/airflow/.local/lib/python3.12/site-packages/airflow/example_dags/example_latest_only.py
[2025-05-20T03:11:23.158+0000] {processor.py:914} INFO - Processing file /home/airflow/.local/lib/python3.12/site-packages/airflow/example_dags/example_latest_only.py for tasks to queue
[2025-05-20T03:11:23.175+0000] {logging_mixin.py:190} INFO - [2025-05-20T03:11:23.174+0000] {dagbag.py:587} INFO - Filling up the DagBag from /home/airflow/.local/lib/python3.12/site-packages/airflow/example_dags/example_latest_only.py
[2025-05-20T03:11:23.202+0000] {processor.py:925} INFO - DAG(s) 'latest_only' retrieved from /home/airflow/.local/lib/python3.12/site-packages/airflow/example_dags/example_latest_only.py
[2025-05-20T03:11:23.251+0000] {logging_mixin.py:190} INFO - [2025-05-20T03:11:23.250+0000] {dag.py:3229} INFO - Sync 1 DAGs
[2025-05-20T03:11:23.295+0000] {logging_mixin.py:190} INFO - [2025-05-20T03:11:23.295+0000] {dag.py:4156} INFO - Setting next_dagrun for latest_only to 2025-05-19 20:00:00+00:00, run_after=2025-05-20 00:00:00+00:00
[2025-05-20T03:11:23.346+0000] {processor.py:208} INFO - Processing /home/airflow/.local/lib/python3.12/site-packages/airflow/example_dags/example_latest_only.py took 0.201 seconds
