[2025-05-20T02:51:02.911+0000] {processor.py:186} INFO - Started process (PID=107) to work on /home/airflow/.local/lib/python3.12/site-packages/airflow/example_dags/example_complex.py
[2025-05-20T02:51:02.914+0000] {processor.py:914} INFO - Processing file /home/airflow/.local/lib/python3.12/site-packages/airflow/example_dags/example_complex.py for tasks to queue
[2025-05-20T02:51:02.924+0000] {logging_mixin.py:190} INFO - [2025-05-20T02:51:02.923+0000] {dagbag.py:587} INFO - Filling up the DagBag from /home/airflow/.local/lib/python3.12/site-packages/airflow/example_dags/example_complex.py
[2025-05-20T02:51:02.958+0000] {processor.py:925} INFO - DAG(s) 'example_complex' retrieved from /home/airflow/.local/lib/python3.12/site-packages/airflow/example_dags/example_complex.py
[2025-05-20T02:51:03.163+0000] {logging_mixin.py:190} INFO - [2025-05-20T02:51:03.163+0000] {override.py:1900} INFO - Created Permission View: can read on DAG:example_complex
[2025-05-20T02:51:03.201+0000] {logging_mixin.py:190} INFO - [2025-05-20T02:51:03.197+0000] {override.py:1900} INFO - Created Permission View: can delete on DAG:example_complex
[2025-05-20T02:51:03.232+0000] {logging_mixin.py:190} INFO - [2025-05-20T02:51:03.231+0000] {override.py:1900} INFO - Created Permission View: can edit on DAG:example_complex
[2025-05-20T02:51:03.263+0000] {logging_mixin.py:190} INFO - [2025-05-20T02:51:03.262+0000] {override.py:1900} INFO - Created Permission View: can read on DAG Run:example_complex
[2025-05-20T02:51:03.281+0000] {logging_mixin.py:190} INFO - [2025-05-20T02:51:03.281+0000] {override.py:1900} INFO - Created Permission View: can delete on DAG Run:example_complex
[2025-05-20T02:51:03.294+0000] {logging_mixin.py:190} INFO - [2025-05-20T02:51:03.294+0000] {override.py:1900} INFO - Created Permission View: can create on DAG Run:example_complex
[2025-05-20T02:51:03.308+0000] {logging_mixin.py:190} INFO - [2025-05-20T02:51:03.308+0000] {override.py:1900} INFO - Created Permission View: menu access on DAG Run:example_complex
[2025-05-20T02:51:03.309+0000] {logging_mixin.py:190} INFO - [2025-05-20T02:51:03.309+0000] {dag.py:3229} INFO - Sync 1 DAGs
[2025-05-20T02:51:03.328+0000] {logging_mixin.py:190} INFO - [2025-05-20T02:51:03.326+0000] {dag.py:3252} INFO - Creating ORM DAG for example_complex
[2025-05-20T02:51:03.331+0000] {logging_mixin.py:190} INFO - [2025-05-20T02:51:03.330+0000] {dag.py:4156} INFO - Setting next_dagrun for example_complex to None, run_after=None
[2025-05-20T02:51:03.387+0000] {processor.py:208} INFO - Processing /home/airflow/.local/lib/python3.12/site-packages/airflow/example_dags/example_complex.py took 0.480 seconds
[2025-05-20T02:51:33.431+0000] {processor.py:186} INFO - Started process (PID=169) to work on /home/airflow/.local/lib/python3.12/site-packages/airflow/example_dags/example_complex.py
[2025-05-20T02:51:33.435+0000] {processor.py:914} INFO - Processing file /home/airflow/.local/lib/python3.12/site-packages/airflow/example_dags/example_complex.py for tasks to queue
[2025-05-20T02:51:33.446+0000] {logging_mixin.py:190} INFO - [2025-05-20T02:51:33.446+0000] {dagbag.py:587} INFO - Filling up the DagBag from /home/airflow/.local/lib/python3.12/site-packages/airflow/example_dags/example_complex.py
[2025-05-20T02:51:33.467+0000] {processor.py:925} INFO - DAG(s) 'example_complex' retrieved from /home/airflow/.local/lib/python3.12/site-packages/airflow/example_dags/example_complex.py
[2025-05-20T02:51:33.544+0000] {logging_mixin.py:190} INFO - [2025-05-20T02:51:33.541+0000] {dag.py:3229} INFO - Sync 1 DAGs
[2025-05-20T02:51:33.568+0000] {logging_mixin.py:190} INFO - [2025-05-20T02:51:33.568+0000] {dag.py:4156} INFO - Setting next_dagrun for example_complex to None, run_after=None
[2025-05-20T02:51:33.618+0000] {processor.py:208} INFO - Processing /home/airflow/.local/lib/python3.12/site-packages/airflow/example_dags/example_complex.py took 0.190 seconds
[2025-05-20T02:52:03.873+0000] {processor.py:186} INFO - Started process (PID=231) to work on /home/airflow/.local/lib/python3.12/site-packages/airflow/example_dags/example_complex.py
[2025-05-20T02:52:03.874+0000] {processor.py:914} INFO - Processing file /home/airflow/.local/lib/python3.12/site-packages/airflow/example_dags/example_complex.py for tasks to queue
[2025-05-20T02:52:03.879+0000] {logging_mixin.py:190} INFO - [2025-05-20T02:52:03.878+0000] {dagbag.py:587} INFO - Filling up the DagBag from /home/airflow/.local/lib/python3.12/site-packages/airflow/example_dags/example_complex.py
[2025-05-20T02:52:03.903+0000] {processor.py:925} INFO - DAG(s) 'example_complex' retrieved from /home/airflow/.local/lib/python3.12/site-packages/airflow/example_dags/example_complex.py
[2025-05-20T02:52:03.950+0000] {logging_mixin.py:190} INFO - [2025-05-20T02:52:03.949+0000] {dag.py:3229} INFO - Sync 1 DAGs
[2025-05-20T02:52:03.997+0000] {logging_mixin.py:190} INFO - [2025-05-20T02:52:03.995+0000] {dag.py:4156} INFO - Setting next_dagrun for example_complex to None, run_after=None
[2025-05-20T02:52:04.094+0000] {processor.py:208} INFO - Processing /home/airflow/.local/lib/python3.12/site-packages/airflow/example_dags/example_complex.py took 0.226 seconds
[2025-05-20T02:54:02.028+0000] {processor.py:186} INFO - Started process (PID=108) to work on /home/airflow/.local/lib/python3.12/site-packages/airflow/example_dags/example_complex.py
[2025-05-20T02:54:02.029+0000] {processor.py:914} INFO - Processing file /home/airflow/.local/lib/python3.12/site-packages/airflow/example_dags/example_complex.py for tasks to queue
[2025-05-20T02:54:02.032+0000] {logging_mixin.py:190} INFO - [2025-05-20T02:54:02.032+0000] {dagbag.py:587} INFO - Filling up the DagBag from /home/airflow/.local/lib/python3.12/site-packages/airflow/example_dags/example_complex.py
[2025-05-20T02:54:02.062+0000] {processor.py:925} INFO - DAG(s) 'example_complex' retrieved from /home/airflow/.local/lib/python3.12/site-packages/airflow/example_dags/example_complex.py
[2025-05-20T02:54:02.104+0000] {logging_mixin.py:190} INFO - [2025-05-20T02:54:02.103+0000] {dag.py:3229} INFO - Sync 1 DAGs
[2025-05-20T02:54:02.166+0000] {logging_mixin.py:190} INFO - [2025-05-20T02:54:02.166+0000] {dag.py:4156} INFO - Setting next_dagrun for example_complex to None, run_after=None
[2025-05-20T02:54:02.250+0000] {processor.py:208} INFO - Processing /home/airflow/.local/lib/python3.12/site-packages/airflow/example_dags/example_complex.py took 0.227 seconds
[2025-05-20T02:54:32.701+0000] {processor.py:186} INFO - Started process (PID=171) to work on /home/airflow/.local/lib/python3.12/site-packages/airflow/example_dags/example_complex.py
[2025-05-20T02:54:32.705+0000] {processor.py:914} INFO - Processing file /home/airflow/.local/lib/python3.12/site-packages/airflow/example_dags/example_complex.py for tasks to queue
[2025-05-20T02:54:32.725+0000] {logging_mixin.py:190} INFO - [2025-05-20T02:54:32.724+0000] {dagbag.py:587} INFO - Filling up the DagBag from /home/airflow/.local/lib/python3.12/site-packages/airflow/example_dags/example_complex.py
[2025-05-20T02:54:32.763+0000] {processor.py:925} INFO - DAG(s) 'example_complex' retrieved from /home/airflow/.local/lib/python3.12/site-packages/airflow/example_dags/example_complex.py
[2025-05-20T02:54:32.827+0000] {logging_mixin.py:190} INFO - [2025-05-20T02:54:32.827+0000] {dag.py:3229} INFO - Sync 1 DAGs
[2025-05-20T02:54:32.862+0000] {logging_mixin.py:190} INFO - [2025-05-20T02:54:32.862+0000] {dag.py:4156} INFO - Setting next_dagrun for example_complex to None, run_after=None
[2025-05-20T02:54:32.942+0000] {processor.py:208} INFO - Processing /home/airflow/.local/lib/python3.12/site-packages/airflow/example_dags/example_complex.py took 0.245 seconds
[2025-05-20T02:55:04.162+0000] {processor.py:186} INFO - Started process (PID=234) to work on /home/airflow/.local/lib/python3.12/site-packages/airflow/example_dags/example_complex.py
[2025-05-20T02:55:04.163+0000] {processor.py:914} INFO - Processing file /home/airflow/.local/lib/python3.12/site-packages/airflow/example_dags/example_complex.py for tasks to queue
[2025-05-20T02:55:04.180+0000] {logging_mixin.py:190} INFO - [2025-05-20T02:55:04.175+0000] {dagbag.py:587} INFO - Filling up the DagBag from /home/airflow/.local/lib/python3.12/site-packages/airflow/example_dags/example_complex.py
[2025-05-20T02:55:04.221+0000] {processor.py:925} INFO - DAG(s) 'example_complex' retrieved from /home/airflow/.local/lib/python3.12/site-packages/airflow/example_dags/example_complex.py
[2025-05-20T02:55:04.345+0000] {logging_mixin.py:190} INFO - [2025-05-20T02:55:04.345+0000] {dag.py:3229} INFO - Sync 1 DAGs
[2025-05-20T02:55:04.370+0000] {logging_mixin.py:190} INFO - [2025-05-20T02:55:04.369+0000] {dag.py:4156} INFO - Setting next_dagrun for example_complex to None, run_after=None
[2025-05-20T02:55:04.464+0000] {processor.py:208} INFO - Processing /home/airflow/.local/lib/python3.12/site-packages/airflow/example_dags/example_complex.py took 0.319 seconds
[2025-05-20T02:55:34.756+0000] {processor.py:186} INFO - Started process (PID=297) to work on /home/airflow/.local/lib/python3.12/site-packages/airflow/example_dags/example_complex.py
[2025-05-20T02:55:34.761+0000] {processor.py:914} INFO - Processing file /home/airflow/.local/lib/python3.12/site-packages/airflow/example_dags/example_complex.py for tasks to queue
[2025-05-20T02:55:34.775+0000] {logging_mixin.py:190} INFO - [2025-05-20T02:55:34.774+0000] {dagbag.py:587} INFO - Filling up the DagBag from /home/airflow/.local/lib/python3.12/site-packages/airflow/example_dags/example_complex.py
[2025-05-20T02:55:34.814+0000] {processor.py:925} INFO - DAG(s) 'example_complex' retrieved from /home/airflow/.local/lib/python3.12/site-packages/airflow/example_dags/example_complex.py
[2025-05-20T02:55:34.879+0000] {logging_mixin.py:190} INFO - [2025-05-20T02:55:34.879+0000] {dag.py:3229} INFO - Sync 1 DAGs
[2025-05-20T02:55:34.900+0000] {logging_mixin.py:190} INFO - [2025-05-20T02:55:34.900+0000] {dag.py:4156} INFO - Setting next_dagrun for example_complex to None, run_after=None
[2025-05-20T02:55:34.943+0000] {processor.py:208} INFO - Processing /home/airflow/.local/lib/python3.12/site-packages/airflow/example_dags/example_complex.py took 0.193 seconds
[2025-05-20T02:56:06.264+0000] {processor.py:186} INFO - Started process (PID=360) to work on /home/airflow/.local/lib/python3.12/site-packages/airflow/example_dags/example_complex.py
[2025-05-20T02:56:06.268+0000] {processor.py:914} INFO - Processing file /home/airflow/.local/lib/python3.12/site-packages/airflow/example_dags/example_complex.py for tasks to queue
[2025-05-20T02:56:06.276+0000] {logging_mixin.py:190} INFO - [2025-05-20T02:56:06.274+0000] {dagbag.py:587} INFO - Filling up the DagBag from /home/airflow/.local/lib/python3.12/site-packages/airflow/example_dags/example_complex.py
[2025-05-20T02:56:06.309+0000] {processor.py:925} INFO - DAG(s) 'example_complex' retrieved from /home/airflow/.local/lib/python3.12/site-packages/airflow/example_dags/example_complex.py
[2025-05-20T02:56:06.390+0000] {logging_mixin.py:190} INFO - [2025-05-20T02:56:06.390+0000] {dag.py:3229} INFO - Sync 1 DAGs
[2025-05-20T02:56:06.413+0000] {logging_mixin.py:190} INFO - [2025-05-20T02:56:06.412+0000] {dag.py:4156} INFO - Setting next_dagrun for example_complex to None, run_after=None
[2025-05-20T02:56:06.502+0000] {processor.py:208} INFO - Processing /home/airflow/.local/lib/python3.12/site-packages/airflow/example_dags/example_complex.py took 0.235 seconds
[2025-05-20T02:56:38.448+0000] {processor.py:186} INFO - Started process (PID=423) to work on /home/airflow/.local/lib/python3.12/site-packages/airflow/example_dags/example_complex.py
[2025-05-20T02:56:38.449+0000] {processor.py:914} INFO - Processing file /home/airflow/.local/lib/python3.12/site-packages/airflow/example_dags/example_complex.py for tasks to queue
[2025-05-20T02:56:38.456+0000] {logging_mixin.py:190} INFO - [2025-05-20T02:56:38.455+0000] {dagbag.py:587} INFO - Filling up the DagBag from /home/airflow/.local/lib/python3.12/site-packages/airflow/example_dags/example_complex.py
[2025-05-20T02:56:38.469+0000] {processor.py:925} INFO - DAG(s) 'example_complex' retrieved from /home/airflow/.local/lib/python3.12/site-packages/airflow/example_dags/example_complex.py
[2025-05-20T02:56:38.573+0000] {logging_mixin.py:190} INFO - [2025-05-20T02:56:38.573+0000] {dag.py:3229} INFO - Sync 1 DAGs
[2025-05-20T02:56:38.598+0000] {logging_mixin.py:190} INFO - [2025-05-20T02:56:38.598+0000] {dag.py:4156} INFO - Setting next_dagrun for example_complex to None, run_after=None
[2025-05-20T02:56:38.633+0000] {processor.py:208} INFO - Processing /home/airflow/.local/lib/python3.12/site-packages/airflow/example_dags/example_complex.py took 0.190 seconds
[2025-05-20T02:57:09.046+0000] {processor.py:186} INFO - Started process (PID=486) to work on /home/airflow/.local/lib/python3.12/site-packages/airflow/example_dags/example_complex.py
[2025-05-20T02:57:09.047+0000] {processor.py:914} INFO - Processing file /home/airflow/.local/lib/python3.12/site-packages/airflow/example_dags/example_complex.py for tasks to queue
[2025-05-20T02:57:09.050+0000] {logging_mixin.py:190} INFO - [2025-05-20T02:57:09.050+0000] {dagbag.py:587} INFO - Filling up the DagBag from /home/airflow/.local/lib/python3.12/site-packages/airflow/example_dags/example_complex.py
[2025-05-20T02:57:09.063+0000] {processor.py:925} INFO - DAG(s) 'example_complex' retrieved from /home/airflow/.local/lib/python3.12/site-packages/airflow/example_dags/example_complex.py
[2025-05-20T02:57:09.129+0000] {logging_mixin.py:190} INFO - [2025-05-20T02:57:09.129+0000] {dag.py:3229} INFO - Sync 1 DAGs
[2025-05-20T02:57:09.170+0000] {logging_mixin.py:190} INFO - [2025-05-20T02:57:09.170+0000] {dag.py:4156} INFO - Setting next_dagrun for example_complex to None, run_after=None
[2025-05-20T02:57:09.237+0000] {processor.py:208} INFO - Processing /home/airflow/.local/lib/python3.12/site-packages/airflow/example_dags/example_complex.py took 0.195 seconds
[2025-05-20T02:57:39.491+0000] {processor.py:186} INFO - Started process (PID=549) to work on /home/airflow/.local/lib/python3.12/site-packages/airflow/example_dags/example_complex.py
[2025-05-20T02:57:39.495+0000] {processor.py:914} INFO - Processing file /home/airflow/.local/lib/python3.12/site-packages/airflow/example_dags/example_complex.py for tasks to queue
[2025-05-20T02:57:39.504+0000] {logging_mixin.py:190} INFO - [2025-05-20T02:57:39.503+0000] {dagbag.py:587} INFO - Filling up the DagBag from /home/airflow/.local/lib/python3.12/site-packages/airflow/example_dags/example_complex.py
[2025-05-20T02:57:39.534+0000] {processor.py:925} INFO - DAG(s) 'example_complex' retrieved from /home/airflow/.local/lib/python3.12/site-packages/airflow/example_dags/example_complex.py
[2025-05-20T02:57:39.593+0000] {logging_mixin.py:190} INFO - [2025-05-20T02:57:39.592+0000] {dag.py:3229} INFO - Sync 1 DAGs
[2025-05-20T02:57:39.656+0000] {logging_mixin.py:190} INFO - [2025-05-20T02:57:39.656+0000] {dag.py:4156} INFO - Setting next_dagrun for example_complex to None, run_after=None
[2025-05-20T02:57:39.714+0000] {processor.py:208} INFO - Processing /home/airflow/.local/lib/python3.12/site-packages/airflow/example_dags/example_complex.py took 0.229 seconds
[2025-05-20T02:58:10.119+0000] {processor.py:186} INFO - Started process (PID=612) to work on /home/airflow/.local/lib/python3.12/site-packages/airflow/example_dags/example_complex.py
[2025-05-20T02:58:10.120+0000] {processor.py:914} INFO - Processing file /home/airflow/.local/lib/python3.12/site-packages/airflow/example_dags/example_complex.py for tasks to queue
[2025-05-20T02:58:10.132+0000] {logging_mixin.py:190} INFO - [2025-05-20T02:58:10.128+0000] {dagbag.py:587} INFO - Filling up the DagBag from /home/airflow/.local/lib/python3.12/site-packages/airflow/example_dags/example_complex.py
[2025-05-20T02:58:10.152+0000] {processor.py:925} INFO - DAG(s) 'example_complex' retrieved from /home/airflow/.local/lib/python3.12/site-packages/airflow/example_dags/example_complex.py
[2025-05-20T02:58:10.235+0000] {logging_mixin.py:190} INFO - [2025-05-20T02:58:10.234+0000] {dag.py:3229} INFO - Sync 1 DAGs
[2025-05-20T02:58:10.272+0000] {logging_mixin.py:190} INFO - [2025-05-20T02:58:10.272+0000] {dag.py:4156} INFO - Setting next_dagrun for example_complex to None, run_after=None
[2025-05-20T02:58:10.343+0000] {processor.py:208} INFO - Processing /home/airflow/.local/lib/python3.12/site-packages/airflow/example_dags/example_complex.py took 0.228 seconds
[2025-05-20T02:58:40.454+0000] {processor.py:186} INFO - Started process (PID=676) to work on /home/airflow/.local/lib/python3.12/site-packages/airflow/example_dags/example_complex.py
[2025-05-20T02:58:40.456+0000] {processor.py:914} INFO - Processing file /home/airflow/.local/lib/python3.12/site-packages/airflow/example_dags/example_complex.py for tasks to queue
[2025-05-20T02:58:40.459+0000] {logging_mixin.py:190} INFO - [2025-05-20T02:58:40.459+0000] {dagbag.py:587} INFO - Filling up the DagBag from /home/airflow/.local/lib/python3.12/site-packages/airflow/example_dags/example_complex.py
[2025-05-20T02:58:40.473+0000] {processor.py:925} INFO - DAG(s) 'example_complex' retrieved from /home/airflow/.local/lib/python3.12/site-packages/airflow/example_dags/example_complex.py
[2025-05-20T02:58:40.537+0000] {logging_mixin.py:190} INFO - [2025-05-20T02:58:40.534+0000] {dag.py:3229} INFO - Sync 1 DAGs
[2025-05-20T02:58:40.589+0000] {logging_mixin.py:190} INFO - [2025-05-20T02:58:40.589+0000] {dag.py:4156} INFO - Setting next_dagrun for example_complex to None, run_after=None
[2025-05-20T02:58:40.645+0000] {processor.py:208} INFO - Processing /home/airflow/.local/lib/python3.12/site-packages/airflow/example_dags/example_complex.py took 0.195 seconds
[2025-05-20T02:59:11.360+0000] {processor.py:186} INFO - Started process (PID=739) to work on /home/airflow/.local/lib/python3.12/site-packages/airflow/example_dags/example_complex.py
[2025-05-20T02:59:11.361+0000] {processor.py:914} INFO - Processing file /home/airflow/.local/lib/python3.12/site-packages/airflow/example_dags/example_complex.py for tasks to queue
[2025-05-20T02:59:11.380+0000] {logging_mixin.py:190} INFO - [2025-05-20T02:59:11.376+0000] {dagbag.py:587} INFO - Filling up the DagBag from /home/airflow/.local/lib/python3.12/site-packages/airflow/example_dags/example_complex.py
[2025-05-20T02:59:11.393+0000] {processor.py:925} INFO - DAG(s) 'example_complex' retrieved from /home/airflow/.local/lib/python3.12/site-packages/airflow/example_dags/example_complex.py
[2025-05-20T02:59:11.512+0000] {logging_mixin.py:190} INFO - [2025-05-20T02:59:11.511+0000] {dag.py:3229} INFO - Sync 1 DAGs
[2025-05-20T02:59:11.538+0000] {logging_mixin.py:190} INFO - [2025-05-20T02:59:11.537+0000] {dag.py:4156} INFO - Setting next_dagrun for example_complex to None, run_after=None
[2025-05-20T02:59:11.618+0000] {processor.py:208} INFO - Processing /home/airflow/.local/lib/python3.12/site-packages/airflow/example_dags/example_complex.py took 0.265 seconds
[2025-05-20T02:59:41.714+0000] {processor.py:186} INFO - Started process (PID=802) to work on /home/airflow/.local/lib/python3.12/site-packages/airflow/example_dags/example_complex.py
[2025-05-20T02:59:41.716+0000] {processor.py:914} INFO - Processing file /home/airflow/.local/lib/python3.12/site-packages/airflow/example_dags/example_complex.py for tasks to queue
[2025-05-20T02:59:41.719+0000] {logging_mixin.py:190} INFO - [2025-05-20T02:59:41.719+0000] {dagbag.py:587} INFO - Filling up the DagBag from /home/airflow/.local/lib/python3.12/site-packages/airflow/example_dags/example_complex.py
[2025-05-20T02:59:41.735+0000] {processor.py:925} INFO - DAG(s) 'example_complex' retrieved from /home/airflow/.local/lib/python3.12/site-packages/airflow/example_dags/example_complex.py
[2025-05-20T02:59:41.799+0000] {logging_mixin.py:190} INFO - [2025-05-20T02:59:41.799+0000] {dag.py:3229} INFO - Sync 1 DAGs
[2025-05-20T02:59:41.815+0000] {logging_mixin.py:190} INFO - [2025-05-20T02:59:41.815+0000] {dag.py:4156} INFO - Setting next_dagrun for example_complex to None, run_after=None
[2025-05-20T02:59:41.855+0000] {processor.py:208} INFO - Processing /home/airflow/.local/lib/python3.12/site-packages/airflow/example_dags/example_complex.py took 0.145 seconds
[2025-05-20T03:00:12.507+0000] {processor.py:186} INFO - Started process (PID=865) to work on /home/airflow/.local/lib/python3.12/site-packages/airflow/example_dags/example_complex.py
[2025-05-20T03:00:12.511+0000] {processor.py:914} INFO - Processing file /home/airflow/.local/lib/python3.12/site-packages/airflow/example_dags/example_complex.py for tasks to queue
[2025-05-20T03:00:12.514+0000] {logging_mixin.py:190} INFO - [2025-05-20T03:00:12.514+0000] {dagbag.py:587} INFO - Filling up the DagBag from /home/airflow/.local/lib/python3.12/site-packages/airflow/example_dags/example_complex.py
[2025-05-20T03:00:12.546+0000] {processor.py:925} INFO - DAG(s) 'example_complex' retrieved from /home/airflow/.local/lib/python3.12/site-packages/airflow/example_dags/example_complex.py
[2025-05-20T03:00:12.600+0000] {logging_mixin.py:190} INFO - [2025-05-20T03:00:12.600+0000] {dag.py:3229} INFO - Sync 1 DAGs
[2025-05-20T03:00:12.628+0000] {logging_mixin.py:190} INFO - [2025-05-20T03:00:12.628+0000] {dag.py:4156} INFO - Setting next_dagrun for example_complex to None, run_after=None
[2025-05-20T03:00:12.663+0000] {processor.py:208} INFO - Processing /home/airflow/.local/lib/python3.12/site-packages/airflow/example_dags/example_complex.py took 0.164 seconds
[2025-05-20T03:00:43.224+0000] {processor.py:186} INFO - Started process (PID=928) to work on /home/airflow/.local/lib/python3.12/site-packages/airflow/example_dags/example_complex.py
[2025-05-20T03:00:43.227+0000] {processor.py:914} INFO - Processing file /home/airflow/.local/lib/python3.12/site-packages/airflow/example_dags/example_complex.py for tasks to queue
[2025-05-20T03:00:43.231+0000] {logging_mixin.py:190} INFO - [2025-05-20T03:00:43.231+0000] {dagbag.py:587} INFO - Filling up the DagBag from /home/airflow/.local/lib/python3.12/site-packages/airflow/example_dags/example_complex.py
[2025-05-20T03:00:43.240+0000] {processor.py:925} INFO - DAG(s) 'example_complex' retrieved from /home/airflow/.local/lib/python3.12/site-packages/airflow/example_dags/example_complex.py
[2025-05-20T03:00:43.322+0000] {logging_mixin.py:190} INFO - [2025-05-20T03:00:43.322+0000] {dag.py:3229} INFO - Sync 1 DAGs
[2025-05-20T03:00:43.360+0000] {logging_mixin.py:190} INFO - [2025-05-20T03:00:43.360+0000] {dag.py:4156} INFO - Setting next_dagrun for example_complex to None, run_after=None
[2025-05-20T03:00:43.429+0000] {processor.py:208} INFO - Processing /home/airflow/.local/lib/python3.12/site-packages/airflow/example_dags/example_complex.py took 0.209 seconds
[2025-05-20T03:01:14.057+0000] {processor.py:186} INFO - Started process (PID=990) to work on /home/airflow/.local/lib/python3.12/site-packages/airflow/example_dags/example_complex.py
[2025-05-20T03:01:14.058+0000] {processor.py:914} INFO - Processing file /home/airflow/.local/lib/python3.12/site-packages/airflow/example_dags/example_complex.py for tasks to queue
[2025-05-20T03:01:14.064+0000] {logging_mixin.py:190} INFO - [2025-05-20T03:01:14.063+0000] {dagbag.py:587} INFO - Filling up the DagBag from /home/airflow/.local/lib/python3.12/site-packages/airflow/example_dags/example_complex.py
[2025-05-20T03:01:14.083+0000] {processor.py:925} INFO - DAG(s) 'example_complex' retrieved from /home/airflow/.local/lib/python3.12/site-packages/airflow/example_dags/example_complex.py
[2025-05-20T03:01:14.121+0000] {logging_mixin.py:190} INFO - [2025-05-20T03:01:14.120+0000] {dag.py:3229} INFO - Sync 1 DAGs
[2025-05-20T03:01:14.157+0000] {logging_mixin.py:190} INFO - [2025-05-20T03:01:14.156+0000] {dag.py:4156} INFO - Setting next_dagrun for example_complex to None, run_after=None
[2025-05-20T03:01:14.200+0000] {processor.py:208} INFO - Processing /home/airflow/.local/lib/python3.12/site-packages/airflow/example_dags/example_complex.py took 0.146 seconds
[2025-05-20T03:01:45.017+0000] {processor.py:186} INFO - Started process (PID=1052) to work on /home/airflow/.local/lib/python3.12/site-packages/airflow/example_dags/example_complex.py
[2025-05-20T03:01:45.020+0000] {processor.py:914} INFO - Processing file /home/airflow/.local/lib/python3.12/site-packages/airflow/example_dags/example_complex.py for tasks to queue
[2025-05-20T03:01:45.025+0000] {logging_mixin.py:190} INFO - [2025-05-20T03:01:45.024+0000] {dagbag.py:587} INFO - Filling up the DagBag from /home/airflow/.local/lib/python3.12/site-packages/airflow/example_dags/example_complex.py
[2025-05-20T03:01:45.062+0000] {processor.py:925} INFO - DAG(s) 'example_complex' retrieved from /home/airflow/.local/lib/python3.12/site-packages/airflow/example_dags/example_complex.py
[2025-05-20T03:01:45.172+0000] {logging_mixin.py:190} INFO - [2025-05-20T03:01:45.171+0000] {dag.py:3229} INFO - Sync 1 DAGs
[2025-05-20T03:01:45.202+0000] {logging_mixin.py:190} INFO - [2025-05-20T03:01:45.202+0000] {dag.py:4156} INFO - Setting next_dagrun for example_complex to None, run_after=None
[2025-05-20T03:01:45.262+0000] {processor.py:208} INFO - Processing /home/airflow/.local/lib/python3.12/site-packages/airflow/example_dags/example_complex.py took 0.252 seconds
[2025-05-20T03:02:15.511+0000] {processor.py:186} INFO - Started process (PID=1115) to work on /home/airflow/.local/lib/python3.12/site-packages/airflow/example_dags/example_complex.py
[2025-05-20T03:02:15.517+0000] {processor.py:914} INFO - Processing file /home/airflow/.local/lib/python3.12/site-packages/airflow/example_dags/example_complex.py for tasks to queue
[2025-05-20T03:02:15.525+0000] {logging_mixin.py:190} INFO - [2025-05-20T03:02:15.523+0000] {dagbag.py:587} INFO - Filling up the DagBag from /home/airflow/.local/lib/python3.12/site-packages/airflow/example_dags/example_complex.py
[2025-05-20T03:02:15.547+0000] {processor.py:925} INFO - DAG(s) 'example_complex' retrieved from /home/airflow/.local/lib/python3.12/site-packages/airflow/example_dags/example_complex.py
[2025-05-20T03:02:15.617+0000] {logging_mixin.py:190} INFO - [2025-05-20T03:02:15.616+0000] {dag.py:3229} INFO - Sync 1 DAGs
[2025-05-20T03:02:15.639+0000] {logging_mixin.py:190} INFO - [2025-05-20T03:02:15.638+0000] {dag.py:4156} INFO - Setting next_dagrun for example_complex to None, run_after=None
[2025-05-20T03:02:15.712+0000] {processor.py:208} INFO - Processing /home/airflow/.local/lib/python3.12/site-packages/airflow/example_dags/example_complex.py took 0.205 seconds
[2025-05-20T03:02:46.017+0000] {processor.py:186} INFO - Started process (PID=1178) to work on /home/airflow/.local/lib/python3.12/site-packages/airflow/example_dags/example_complex.py
[2025-05-20T03:02:46.020+0000] {processor.py:914} INFO - Processing file /home/airflow/.local/lib/python3.12/site-packages/airflow/example_dags/example_complex.py for tasks to queue
[2025-05-20T03:02:46.032+0000] {logging_mixin.py:190} INFO - [2025-05-20T03:02:46.031+0000] {dagbag.py:587} INFO - Filling up the DagBag from /home/airflow/.local/lib/python3.12/site-packages/airflow/example_dags/example_complex.py
[2025-05-20T03:02:46.060+0000] {processor.py:925} INFO - DAG(s) 'example_complex' retrieved from /home/airflow/.local/lib/python3.12/site-packages/airflow/example_dags/example_complex.py
[2025-05-20T03:02:46.138+0000] {logging_mixin.py:190} INFO - [2025-05-20T03:02:46.137+0000] {dag.py:3229} INFO - Sync 1 DAGs
[2025-05-20T03:02:46.173+0000] {logging_mixin.py:190} INFO - [2025-05-20T03:02:46.173+0000] {dag.py:4156} INFO - Setting next_dagrun for example_complex to None, run_after=None
[2025-05-20T03:02:46.239+0000] {processor.py:208} INFO - Processing /home/airflow/.local/lib/python3.12/site-packages/airflow/example_dags/example_complex.py took 0.227 seconds
[2025-05-20T03:03:16.543+0000] {processor.py:186} INFO - Started process (PID=1240) to work on /home/airflow/.local/lib/python3.12/site-packages/airflow/example_dags/example_complex.py
[2025-05-20T03:03:16.550+0000] {processor.py:914} INFO - Processing file /home/airflow/.local/lib/python3.12/site-packages/airflow/example_dags/example_complex.py for tasks to queue
[2025-05-20T03:03:16.559+0000] {logging_mixin.py:190} INFO - [2025-05-20T03:03:16.558+0000] {dagbag.py:587} INFO - Filling up the DagBag from /home/airflow/.local/lib/python3.12/site-packages/airflow/example_dags/example_complex.py
[2025-05-20T03:03:16.569+0000] {processor.py:925} INFO - DAG(s) 'example_complex' retrieved from /home/airflow/.local/lib/python3.12/site-packages/airflow/example_dags/example_complex.py
[2025-05-20T03:03:16.680+0000] {logging_mixin.py:190} INFO - [2025-05-20T03:03:16.679+0000] {dag.py:3229} INFO - Sync 1 DAGs
[2025-05-20T03:03:16.717+0000] {logging_mixin.py:190} INFO - [2025-05-20T03:03:16.717+0000] {dag.py:4156} INFO - Setting next_dagrun for example_complex to None, run_after=None
[2025-05-20T03:03:16.795+0000] {processor.py:208} INFO - Processing /home/airflow/.local/lib/python3.12/site-packages/airflow/example_dags/example_complex.py took 0.255 seconds
[2025-05-20T03:03:47.638+0000] {processor.py:186} INFO - Started process (PID=1302) to work on /home/airflow/.local/lib/python3.12/site-packages/airflow/example_dags/example_complex.py
[2025-05-20T03:03:47.642+0000] {processor.py:914} INFO - Processing file /home/airflow/.local/lib/python3.12/site-packages/airflow/example_dags/example_complex.py for tasks to queue
[2025-05-20T03:03:47.668+0000] {logging_mixin.py:190} INFO - [2025-05-20T03:03:47.667+0000] {dagbag.py:587} INFO - Filling up the DagBag from /home/airflow/.local/lib/python3.12/site-packages/airflow/example_dags/example_complex.py
[2025-05-20T03:03:47.688+0000] {processor.py:925} INFO - DAG(s) 'example_complex' retrieved from /home/airflow/.local/lib/python3.12/site-packages/airflow/example_dags/example_complex.py
[2025-05-20T03:03:47.770+0000] {logging_mixin.py:190} INFO - [2025-05-20T03:03:47.769+0000] {dag.py:3229} INFO - Sync 1 DAGs
[2025-05-20T03:03:47.796+0000] {logging_mixin.py:190} INFO - [2025-05-20T03:03:47.796+0000] {dag.py:4156} INFO - Setting next_dagrun for example_complex to None, run_after=None
[2025-05-20T03:03:47.878+0000] {processor.py:208} INFO - Processing /home/airflow/.local/lib/python3.12/site-packages/airflow/example_dags/example_complex.py took 0.243 seconds
[2025-05-20T03:04:19.034+0000] {processor.py:186} INFO - Started process (PID=1365) to work on /home/airflow/.local/lib/python3.12/site-packages/airflow/example_dags/example_complex.py
[2025-05-20T03:04:19.035+0000] {processor.py:914} INFO - Processing file /home/airflow/.local/lib/python3.12/site-packages/airflow/example_dags/example_complex.py for tasks to queue
[2025-05-20T03:04:19.045+0000] {logging_mixin.py:190} INFO - [2025-05-20T03:04:19.043+0000] {dagbag.py:587} INFO - Filling up the DagBag from /home/airflow/.local/lib/python3.12/site-packages/airflow/example_dags/example_complex.py
[2025-05-20T03:04:19.119+0000] {processor.py:925} INFO - DAG(s) 'example_complex' retrieved from /home/airflow/.local/lib/python3.12/site-packages/airflow/example_dags/example_complex.py
[2025-05-20T03:04:19.221+0000] {logging_mixin.py:190} INFO - [2025-05-20T03:04:19.218+0000] {dag.py:3229} INFO - Sync 1 DAGs
[2025-05-20T03:04:19.266+0000] {logging_mixin.py:190} INFO - [2025-05-20T03:04:19.263+0000] {dag.py:4156} INFO - Setting next_dagrun for example_complex to None, run_after=None
[2025-05-20T03:04:19.312+0000] {processor.py:208} INFO - Processing /home/airflow/.local/lib/python3.12/site-packages/airflow/example_dags/example_complex.py took 0.284 seconds
[2025-05-20T03:04:50.158+0000] {processor.py:186} INFO - Started process (PID=1429) to work on /home/airflow/.local/lib/python3.12/site-packages/airflow/example_dags/example_complex.py
[2025-05-20T03:04:50.160+0000] {processor.py:914} INFO - Processing file /home/airflow/.local/lib/python3.12/site-packages/airflow/example_dags/example_complex.py for tasks to queue
[2025-05-20T03:04:50.163+0000] {logging_mixin.py:190} INFO - [2025-05-20T03:04:50.162+0000] {dagbag.py:587} INFO - Filling up the DagBag from /home/airflow/.local/lib/python3.12/site-packages/airflow/example_dags/example_complex.py
[2025-05-20T03:04:50.188+0000] {processor.py:925} INFO - DAG(s) 'example_complex' retrieved from /home/airflow/.local/lib/python3.12/site-packages/airflow/example_dags/example_complex.py
[2025-05-20T03:04:50.251+0000] {logging_mixin.py:190} INFO - [2025-05-20T03:04:50.248+0000] {dag.py:3229} INFO - Sync 1 DAGs
[2025-05-20T03:04:50.333+0000] {logging_mixin.py:190} INFO - [2025-05-20T03:04:50.330+0000] {dag.py:4156} INFO - Setting next_dagrun for example_complex to None, run_after=None
[2025-05-20T03:04:50.425+0000] {processor.py:208} INFO - Processing /home/airflow/.local/lib/python3.12/site-packages/airflow/example_dags/example_complex.py took 0.274 seconds
[2025-05-20T03:05:22.169+0000] {processor.py:186} INFO - Started process (PID=1492) to work on /home/airflow/.local/lib/python3.12/site-packages/airflow/example_dags/example_complex.py
[2025-05-20T03:05:22.171+0000] {processor.py:914} INFO - Processing file /home/airflow/.local/lib/python3.12/site-packages/airflow/example_dags/example_complex.py for tasks to queue
[2025-05-20T03:05:22.180+0000] {logging_mixin.py:190} INFO - [2025-05-20T03:05:22.179+0000] {dagbag.py:587} INFO - Filling up the DagBag from /home/airflow/.local/lib/python3.12/site-packages/airflow/example_dags/example_complex.py
[2025-05-20T03:05:22.210+0000] {processor.py:925} INFO - DAG(s) 'example_complex' retrieved from /home/airflow/.local/lib/python3.12/site-packages/airflow/example_dags/example_complex.py
[2025-05-20T03:05:22.256+0000] {logging_mixin.py:190} INFO - [2025-05-20T03:05:22.256+0000] {dag.py:3229} INFO - Sync 1 DAGs
[2025-05-20T03:05:22.273+0000] {logging_mixin.py:190} INFO - [2025-05-20T03:05:22.273+0000] {dag.py:4156} INFO - Setting next_dagrun for example_complex to None, run_after=None
[2025-05-20T03:05:22.308+0000] {processor.py:208} INFO - Processing /home/airflow/.local/lib/python3.12/site-packages/airflow/example_dags/example_complex.py took 0.146 seconds
[2025-05-20T03:05:53.794+0000] {processor.py:186} INFO - Started process (PID=1555) to work on /home/airflow/.local/lib/python3.12/site-packages/airflow/example_dags/example_complex.py
[2025-05-20T03:05:53.794+0000] {processor.py:914} INFO - Processing file /home/airflow/.local/lib/python3.12/site-packages/airflow/example_dags/example_complex.py for tasks to queue
[2025-05-20T03:05:53.799+0000] {logging_mixin.py:190} INFO - [2025-05-20T03:05:53.797+0000] {dagbag.py:587} INFO - Filling up the DagBag from /home/airflow/.local/lib/python3.12/site-packages/airflow/example_dags/example_complex.py
[2025-05-20T03:05:53.809+0000] {processor.py:925} INFO - DAG(s) 'example_complex' retrieved from /home/airflow/.local/lib/python3.12/site-packages/airflow/example_dags/example_complex.py
[2025-05-20T03:05:53.877+0000] {logging_mixin.py:190} INFO - [2025-05-20T03:05:53.876+0000] {dag.py:3229} INFO - Sync 1 DAGs
[2025-05-20T03:05:53.894+0000] {logging_mixin.py:190} INFO - [2025-05-20T03:05:53.893+0000] {dag.py:4156} INFO - Setting next_dagrun for example_complex to None, run_after=None
[2025-05-20T03:05:53.938+0000] {processor.py:208} INFO - Processing /home/airflow/.local/lib/python3.12/site-packages/airflow/example_dags/example_complex.py took 0.149 seconds
[2025-05-20T03:06:24.657+0000] {processor.py:186} INFO - Started process (PID=1618) to work on /home/airflow/.local/lib/python3.12/site-packages/airflow/example_dags/example_complex.py
[2025-05-20T03:06:24.658+0000] {processor.py:914} INFO - Processing file /home/airflow/.local/lib/python3.12/site-packages/airflow/example_dags/example_complex.py for tasks to queue
[2025-05-20T03:06:24.661+0000] {logging_mixin.py:190} INFO - [2025-05-20T03:06:24.661+0000] {dagbag.py:587} INFO - Filling up the DagBag from /home/airflow/.local/lib/python3.12/site-packages/airflow/example_dags/example_complex.py
[2025-05-20T03:06:24.690+0000] {processor.py:925} INFO - DAG(s) 'example_complex' retrieved from /home/airflow/.local/lib/python3.12/site-packages/airflow/example_dags/example_complex.py
[2025-05-20T03:06:24.751+0000] {logging_mixin.py:190} INFO - [2025-05-20T03:06:24.751+0000] {dag.py:3229} INFO - Sync 1 DAGs
[2025-05-20T03:06:24.781+0000] {logging_mixin.py:190} INFO - [2025-05-20T03:06:24.780+0000] {dag.py:4156} INFO - Setting next_dagrun for example_complex to None, run_after=None
[2025-05-20T03:06:24.868+0000] {processor.py:208} INFO - Processing /home/airflow/.local/lib/python3.12/site-packages/airflow/example_dags/example_complex.py took 0.214 seconds
[2025-05-20T03:06:55.360+0000] {processor.py:186} INFO - Started process (PID=1681) to work on /home/airflow/.local/lib/python3.12/site-packages/airflow/example_dags/example_complex.py
[2025-05-20T03:06:55.361+0000] {processor.py:914} INFO - Processing file /home/airflow/.local/lib/python3.12/site-packages/airflow/example_dags/example_complex.py for tasks to queue
[2025-05-20T03:06:55.367+0000] {logging_mixin.py:190} INFO - [2025-05-20T03:06:55.367+0000] {dagbag.py:587} INFO - Filling up the DagBag from /home/airflow/.local/lib/python3.12/site-packages/airflow/example_dags/example_complex.py
[2025-05-20T03:06:55.377+0000] {processor.py:925} INFO - DAG(s) 'example_complex' retrieved from /home/airflow/.local/lib/python3.12/site-packages/airflow/example_dags/example_complex.py
[2025-05-20T03:06:55.476+0000] {logging_mixin.py:190} INFO - [2025-05-20T03:06:55.471+0000] {dag.py:3229} INFO - Sync 1 DAGs
[2025-05-20T03:06:55.505+0000] {logging_mixin.py:190} INFO - [2025-05-20T03:06:55.505+0000] {dag.py:4156} INFO - Setting next_dagrun for example_complex to None, run_after=None
[2025-05-20T03:06:55.544+0000] {processor.py:208} INFO - Processing /home/airflow/.local/lib/python3.12/site-packages/airflow/example_dags/example_complex.py took 0.194 seconds
[2025-05-20T03:07:25.813+0000] {processor.py:186} INFO - Started process (PID=1744) to work on /home/airflow/.local/lib/python3.12/site-packages/airflow/example_dags/example_complex.py
[2025-05-20T03:07:25.816+0000] {processor.py:914} INFO - Processing file /home/airflow/.local/lib/python3.12/site-packages/airflow/example_dags/example_complex.py for tasks to queue
[2025-05-20T03:07:25.824+0000] {logging_mixin.py:190} INFO - [2025-05-20T03:07:25.819+0000] {dagbag.py:587} INFO - Filling up the DagBag from /home/airflow/.local/lib/python3.12/site-packages/airflow/example_dags/example_complex.py
[2025-05-20T03:07:25.834+0000] {processor.py:925} INFO - DAG(s) 'example_complex' retrieved from /home/airflow/.local/lib/python3.12/site-packages/airflow/example_dags/example_complex.py
[2025-05-20T03:07:25.885+0000] {logging_mixin.py:190} INFO - [2025-05-20T03:07:25.882+0000] {dag.py:3229} INFO - Sync 1 DAGs
[2025-05-20T03:07:25.905+0000] {logging_mixin.py:190} INFO - [2025-05-20T03:07:25.905+0000] {dag.py:4156} INFO - Setting next_dagrun for example_complex to None, run_after=None
[2025-05-20T03:07:25.956+0000] {processor.py:208} INFO - Processing /home/airflow/.local/lib/python3.12/site-packages/airflow/example_dags/example_complex.py took 0.148 seconds
[2025-05-20T03:07:56.798+0000] {processor.py:186} INFO - Started process (PID=1811) to work on /home/airflow/.local/lib/python3.12/site-packages/airflow/example_dags/example_complex.py
[2025-05-20T03:07:56.799+0000] {processor.py:914} INFO - Processing file /home/airflow/.local/lib/python3.12/site-packages/airflow/example_dags/example_complex.py for tasks to queue
[2025-05-20T03:07:56.806+0000] {logging_mixin.py:190} INFO - [2025-05-20T03:07:56.805+0000] {dagbag.py:587} INFO - Filling up the DagBag from /home/airflow/.local/lib/python3.12/site-packages/airflow/example_dags/example_complex.py
[2025-05-20T03:07:56.833+0000] {processor.py:925} INFO - DAG(s) 'example_complex' retrieved from /home/airflow/.local/lib/python3.12/site-packages/airflow/example_dags/example_complex.py
[2025-05-20T03:07:56.899+0000] {logging_mixin.py:190} INFO - [2025-05-20T03:07:56.899+0000] {dag.py:3229} INFO - Sync 1 DAGs
[2025-05-20T03:07:56.926+0000] {logging_mixin.py:190} INFO - [2025-05-20T03:07:56.926+0000] {dag.py:4156} INFO - Setting next_dagrun for example_complex to None, run_after=None
[2025-05-20T03:07:56.975+0000] {processor.py:208} INFO - Processing /home/airflow/.local/lib/python3.12/site-packages/airflow/example_dags/example_complex.py took 0.185 seconds
[2025-05-20T03:08:27.756+0000] {processor.py:186} INFO - Started process (PID=1874) to work on /home/airflow/.local/lib/python3.12/site-packages/airflow/example_dags/example_complex.py
[2025-05-20T03:08:27.760+0000] {processor.py:914} INFO - Processing file /home/airflow/.local/lib/python3.12/site-packages/airflow/example_dags/example_complex.py for tasks to queue
[2025-05-20T03:08:27.767+0000] {logging_mixin.py:190} INFO - [2025-05-20T03:08:27.766+0000] {dagbag.py:587} INFO - Filling up the DagBag from /home/airflow/.local/lib/python3.12/site-packages/airflow/example_dags/example_complex.py
[2025-05-20T03:08:27.798+0000] {processor.py:925} INFO - DAG(s) 'example_complex' retrieved from /home/airflow/.local/lib/python3.12/site-packages/airflow/example_dags/example_complex.py
[2025-05-20T03:08:27.855+0000] {logging_mixin.py:190} INFO - [2025-05-20T03:08:27.853+0000] {dag.py:3229} INFO - Sync 1 DAGs
[2025-05-20T03:08:27.887+0000] {logging_mixin.py:190} INFO - [2025-05-20T03:08:27.886+0000] {dag.py:4156} INFO - Setting next_dagrun for example_complex to None, run_after=None
[2025-05-20T03:08:27.976+0000] {processor.py:208} INFO - Processing /home/airflow/.local/lib/python3.12/site-packages/airflow/example_dags/example_complex.py took 0.228 seconds
[2025-05-20T03:08:58.673+0000] {processor.py:186} INFO - Started process (PID=1937) to work on /home/airflow/.local/lib/python3.12/site-packages/airflow/example_dags/example_complex.py
[2025-05-20T03:08:58.676+0000] {processor.py:914} INFO - Processing file /home/airflow/.local/lib/python3.12/site-packages/airflow/example_dags/example_complex.py for tasks to queue
[2025-05-20T03:08:58.690+0000] {logging_mixin.py:190} INFO - [2025-05-20T03:08:58.688+0000] {dagbag.py:587} INFO - Filling up the DagBag from /home/airflow/.local/lib/python3.12/site-packages/airflow/example_dags/example_complex.py
[2025-05-20T03:08:58.706+0000] {processor.py:925} INFO - DAG(s) 'example_complex' retrieved from /home/airflow/.local/lib/python3.12/site-packages/airflow/example_dags/example_complex.py
[2025-05-20T03:08:58.761+0000] {logging_mixin.py:190} INFO - [2025-05-20T03:08:58.760+0000] {dag.py:3229} INFO - Sync 1 DAGs
[2025-05-20T03:08:58.786+0000] {logging_mixin.py:190} INFO - [2025-05-20T03:08:58.786+0000] {dag.py:4156} INFO - Setting next_dagrun for example_complex to None, run_after=None
[2025-05-20T03:08:58.850+0000] {processor.py:208} INFO - Processing /home/airflow/.local/lib/python3.12/site-packages/airflow/example_dags/example_complex.py took 0.181 seconds
[2025-05-20T03:09:29.572+0000] {processor.py:186} INFO - Started process (PID=2001) to work on /home/airflow/.local/lib/python3.12/site-packages/airflow/example_dags/example_complex.py
[2025-05-20T03:09:29.575+0000] {processor.py:914} INFO - Processing file /home/airflow/.local/lib/python3.12/site-packages/airflow/example_dags/example_complex.py for tasks to queue
[2025-05-20T03:09:29.582+0000] {logging_mixin.py:190} INFO - [2025-05-20T03:09:29.580+0000] {dagbag.py:587} INFO - Filling up the DagBag from /home/airflow/.local/lib/python3.12/site-packages/airflow/example_dags/example_complex.py
[2025-05-20T03:09:29.608+0000] {processor.py:925} INFO - DAG(s) 'example_complex' retrieved from /home/airflow/.local/lib/python3.12/site-packages/airflow/example_dags/example_complex.py
[2025-05-20T03:09:29.678+0000] {logging_mixin.py:190} INFO - [2025-05-20T03:09:29.678+0000] {dag.py:3229} INFO - Sync 1 DAGs
[2025-05-20T03:09:29.704+0000] {logging_mixin.py:190} INFO - [2025-05-20T03:09:29.703+0000] {dag.py:4156} INFO - Setting next_dagrun for example_complex to None, run_after=None
[2025-05-20T03:09:29.776+0000] {processor.py:208} INFO - Processing /home/airflow/.local/lib/python3.12/site-packages/airflow/example_dags/example_complex.py took 0.208 seconds
[2025-05-20T03:10:01.671+0000] {processor.py:186} INFO - Started process (PID=2064) to work on /home/airflow/.local/lib/python3.12/site-packages/airflow/example_dags/example_complex.py
[2025-05-20T03:10:01.674+0000] {processor.py:914} INFO - Processing file /home/airflow/.local/lib/python3.12/site-packages/airflow/example_dags/example_complex.py for tasks to queue
[2025-05-20T03:10:01.687+0000] {logging_mixin.py:190} INFO - [2025-05-20T03:10:01.684+0000] {dagbag.py:587} INFO - Filling up the DagBag from /home/airflow/.local/lib/python3.12/site-packages/airflow/example_dags/example_complex.py
[2025-05-20T03:10:01.701+0000] {processor.py:925} INFO - DAG(s) 'example_complex' retrieved from /home/airflow/.local/lib/python3.12/site-packages/airflow/example_dags/example_complex.py
[2025-05-20T03:10:01.747+0000] {logging_mixin.py:190} INFO - [2025-05-20T03:10:01.746+0000] {dag.py:3229} INFO - Sync 1 DAGs
[2025-05-20T03:10:01.775+0000] {logging_mixin.py:190} INFO - [2025-05-20T03:10:01.773+0000] {dag.py:4156} INFO - Setting next_dagrun for example_complex to None, run_after=None
[2025-05-20T03:10:01.842+0000] {processor.py:208} INFO - Processing /home/airflow/.local/lib/python3.12/site-packages/airflow/example_dags/example_complex.py took 0.176 seconds
[2025-05-20T03:10:32.352+0000] {processor.py:186} INFO - Started process (PID=2127) to work on /home/airflow/.local/lib/python3.12/site-packages/airflow/example_dags/example_complex.py
[2025-05-20T03:10:32.353+0000] {processor.py:914} INFO - Processing file /home/airflow/.local/lib/python3.12/site-packages/airflow/example_dags/example_complex.py for tasks to queue
[2025-05-20T03:10:32.356+0000] {logging_mixin.py:190} INFO - [2025-05-20T03:10:32.356+0000] {dagbag.py:587} INFO - Filling up the DagBag from /home/airflow/.local/lib/python3.12/site-packages/airflow/example_dags/example_complex.py
[2025-05-20T03:10:32.374+0000] {processor.py:925} INFO - DAG(s) 'example_complex' retrieved from /home/airflow/.local/lib/python3.12/site-packages/airflow/example_dags/example_complex.py
[2025-05-20T03:10:32.478+0000] {logging_mixin.py:190} INFO - [2025-05-20T03:10:32.475+0000] {dag.py:3229} INFO - Sync 1 DAGs
[2025-05-20T03:10:32.507+0000] {logging_mixin.py:190} INFO - [2025-05-20T03:10:32.506+0000] {dag.py:4156} INFO - Setting next_dagrun for example_complex to None, run_after=None
[2025-05-20T03:10:32.550+0000] {processor.py:208} INFO - Processing /home/airflow/.local/lib/python3.12/site-packages/airflow/example_dags/example_complex.py took 0.202 seconds
[2025-05-20T03:11:03.999+0000] {processor.py:186} INFO - Started process (PID=2189) to work on /home/airflow/.local/lib/python3.12/site-packages/airflow/example_dags/example_complex.py
[2025-05-20T03:11:04.007+0000] {processor.py:914} INFO - Processing file /home/airflow/.local/lib/python3.12/site-packages/airflow/example_dags/example_complex.py for tasks to queue
[2025-05-20T03:11:04.015+0000] {logging_mixin.py:190} INFO - [2025-05-20T03:11:04.015+0000] {dagbag.py:587} INFO - Filling up the DagBag from /home/airflow/.local/lib/python3.12/site-packages/airflow/example_dags/example_complex.py
[2025-05-20T03:11:04.029+0000] {processor.py:925} INFO - DAG(s) 'example_complex' retrieved from /home/airflow/.local/lib/python3.12/site-packages/airflow/example_dags/example_complex.py
[2025-05-20T03:11:04.115+0000] {logging_mixin.py:190} INFO - [2025-05-20T03:11:04.115+0000] {dag.py:3229} INFO - Sync 1 DAGs
[2025-05-20T03:11:04.180+0000] {logging_mixin.py:190} INFO - [2025-05-20T03:11:04.180+0000] {dag.py:4156} INFO - Setting next_dagrun for example_complex to None, run_after=None
[2025-05-20T03:11:04.220+0000] {processor.py:208} INFO - Processing /home/airflow/.local/lib/python3.12/site-packages/airflow/example_dags/example_complex.py took 0.226 seconds
