[2025-05-20T02:51:03.434+0000] {processor.py:186} INFO - Started process (PID=109) to work on /home/airflow/.local/lib/python3.12/site-packages/airflow/example_dags/example_sensors.py
[2025-05-20T02:51:03.440+0000] {processor.py:914} INFO - Processing file /home/airflow/.local/lib/python3.12/site-packages/airflow/example_dags/example_sensors.py for tasks to queue
[2025-05-20T02:51:03.445+0000] {logging_mixin.py:190} INFO - [2025-05-20T02:51:03.444+0000] {dagbag.py:587} INFO - Filling up the DagBag from /home/airflow/.local/lib/python3.12/site-packages/airflow/example_dags/example_sensors.py
[2025-05-20T02:51:03.459+0000] {processor.py:925} INFO - DAG(s) 'example_sensors' retrieved from /home/airflow/.local/lib/python3.12/site-packages/airflow/example_dags/example_sensors.py
[2025-05-20T02:51:03.610+0000] {logging_mixin.py:190} INFO - [2025-05-20T02:51:03.609+0000] {override.py:1900} INFO - Created Permission View: can read on DAG:example_sensors
[2025-05-20T02:51:03.646+0000] {logging_mixin.py:190} INFO - [2025-05-20T02:51:03.646+0000] {override.py:1900} INFO - Created Permission View: can delete on DAG:example_sensors
[2025-05-20T02:51:03.676+0000] {logging_mixin.py:190} INFO - [2025-05-20T02:51:03.676+0000] {override.py:1900} INFO - Created Permission View: can edit on DAG:example_sensors
[2025-05-20T02:51:03.699+0000] {logging_mixin.py:190} INFO - [2025-05-20T02:51:03.699+0000] {override.py:1900} INFO - Created Permission View: can read on DAG Run:example_sensors
[2025-05-20T02:51:03.717+0000] {logging_mixin.py:190} INFO - [2025-05-20T02:51:03.715+0000] {override.py:1900} INFO - Created Permission View: can delete on DAG Run:example_sensors
[2025-05-20T02:51:03.748+0000] {logging_mixin.py:190} INFO - [2025-05-20T02:51:03.747+0000] {override.py:1900} INFO - Created Permission View: can create on DAG Run:example_sensors
[2025-05-20T02:51:03.765+0000] {logging_mixin.py:190} INFO - [2025-05-20T02:51:03.765+0000] {override.py:1900} INFO - Created Permission View: menu access on DAG Run:example_sensors
[2025-05-20T02:51:03.772+0000] {logging_mixin.py:190} INFO - [2025-05-20T02:51:03.771+0000] {dag.py:3229} INFO - Sync 1 DAGs
[2025-05-20T02:51:03.818+0000] {logging_mixin.py:190} INFO - [2025-05-20T02:51:03.817+0000] {dag.py:3252} INFO - Creating ORM DAG for example_sensors
[2025-05-20T02:51:03.820+0000] {logging_mixin.py:190} INFO - [2025-05-20T02:51:03.820+0000] {dag.py:4156} INFO - Setting next_dagrun for example_sensors to None, run_after=None
[2025-05-20T02:51:03.871+0000] {processor.py:208} INFO - Processing /home/airflow/.local/lib/python3.12/site-packages/airflow/example_dags/example_sensors.py took 0.441 seconds
[2025-05-20T02:51:34.637+0000] {processor.py:186} INFO - Started process (PID=171) to work on /home/airflow/.local/lib/python3.12/site-packages/airflow/example_dags/example_sensors.py
[2025-05-20T02:51:34.641+0000] {processor.py:914} INFO - Processing file /home/airflow/.local/lib/python3.12/site-packages/airflow/example_dags/example_sensors.py for tasks to queue
[2025-05-20T02:51:34.645+0000] {logging_mixin.py:190} INFO - [2025-05-20T02:51:34.644+0000] {dagbag.py:587} INFO - Filling up the DagBag from /home/airflow/.local/lib/python3.12/site-packages/airflow/example_dags/example_sensors.py
[2025-05-20T02:51:34.670+0000] {processor.py:925} INFO - DAG(s) 'example_sensors' retrieved from /home/airflow/.local/lib/python3.12/site-packages/airflow/example_dags/example_sensors.py
[2025-05-20T02:51:34.787+0000] {logging_mixin.py:190} INFO - [2025-05-20T02:51:34.787+0000] {dag.py:3229} INFO - Sync 1 DAGs
[2025-05-20T02:51:34.820+0000] {logging_mixin.py:190} INFO - [2025-05-20T02:51:34.820+0000] {dag.py:4156} INFO - Setting next_dagrun for example_sensors to None, run_after=None
[2025-05-20T02:51:34.837+0000] {processor.py:208} INFO - Processing /home/airflow/.local/lib/python3.12/site-packages/airflow/example_dags/example_sensors.py took 0.203 seconds
[2025-05-20T02:52:04.888+0000] {processor.py:186} INFO - Started process (PID=233) to work on /home/airflow/.local/lib/python3.12/site-packages/airflow/example_dags/example_sensors.py
[2025-05-20T02:52:04.889+0000] {processor.py:914} INFO - Processing file /home/airflow/.local/lib/python3.12/site-packages/airflow/example_dags/example_sensors.py for tasks to queue
[2025-05-20T02:52:04.896+0000] {logging_mixin.py:190} INFO - [2025-05-20T02:52:04.895+0000] {dagbag.py:587} INFO - Filling up the DagBag from /home/airflow/.local/lib/python3.12/site-packages/airflow/example_dags/example_sensors.py
[2025-05-20T02:52:04.916+0000] {processor.py:925} INFO - DAG(s) 'example_sensors' retrieved from /home/airflow/.local/lib/python3.12/site-packages/airflow/example_dags/example_sensors.py
[2025-05-20T02:52:04.972+0000] {logging_mixin.py:190} INFO - [2025-05-20T02:52:04.972+0000] {dag.py:3229} INFO - Sync 1 DAGs
[2025-05-20T02:52:04.997+0000] {logging_mixin.py:190} INFO - [2025-05-20T02:52:04.996+0000] {dag.py:4156} INFO - Setting next_dagrun for example_sensors to None, run_after=None
[2025-05-20T02:52:05.036+0000] {processor.py:208} INFO - Processing /home/airflow/.local/lib/python3.12/site-packages/airflow/example_dags/example_sensors.py took 0.151 seconds
[2025-05-20T02:54:02.285+0000] {processor.py:186} INFO - Started process (PID=110) to work on /home/airflow/.local/lib/python3.12/site-packages/airflow/example_dags/example_sensors.py
[2025-05-20T02:54:02.286+0000] {processor.py:914} INFO - Processing file /home/airflow/.local/lib/python3.12/site-packages/airflow/example_dags/example_sensors.py for tasks to queue
[2025-05-20T02:54:02.288+0000] {logging_mixin.py:190} INFO - [2025-05-20T02:54:02.288+0000] {dagbag.py:587} INFO - Filling up the DagBag from /home/airflow/.local/lib/python3.12/site-packages/airflow/example_dags/example_sensors.py
[2025-05-20T02:54:02.315+0000] {processor.py:925} INFO - DAG(s) 'example_sensors' retrieved from /home/airflow/.local/lib/python3.12/site-packages/airflow/example_dags/example_sensors.py
[2025-05-20T02:54:02.357+0000] {logging_mixin.py:190} INFO - [2025-05-20T02:54:02.357+0000] {dag.py:3229} INFO - Sync 1 DAGs
[2025-05-20T02:54:02.391+0000] {logging_mixin.py:190} INFO - [2025-05-20T02:54:02.391+0000] {dag.py:4156} INFO - Setting next_dagrun for example_sensors to None, run_after=None
[2025-05-20T02:54:02.430+0000] {processor.py:208} INFO - Processing /home/airflow/.local/lib/python3.12/site-packages/airflow/example_dags/example_sensors.py took 0.149 seconds
[2025-05-20T02:54:32.939+0000] {processor.py:186} INFO - Started process (PID=173) to work on /home/airflow/.local/lib/python3.12/site-packages/airflow/example_dags/example_sensors.py
[2025-05-20T02:54:32.941+0000] {processor.py:914} INFO - Processing file /home/airflow/.local/lib/python3.12/site-packages/airflow/example_dags/example_sensors.py for tasks to queue
[2025-05-20T02:54:32.959+0000] {logging_mixin.py:190} INFO - [2025-05-20T02:54:32.957+0000] {dagbag.py:587} INFO - Filling up the DagBag from /home/airflow/.local/lib/python3.12/site-packages/airflow/example_dags/example_sensors.py
[2025-05-20T02:54:32.978+0000] {processor.py:925} INFO - DAG(s) 'example_sensors' retrieved from /home/airflow/.local/lib/python3.12/site-packages/airflow/example_dags/example_sensors.py
[2025-05-20T02:54:33.051+0000] {logging_mixin.py:190} INFO - [2025-05-20T02:54:33.051+0000] {dag.py:3229} INFO - Sync 1 DAGs
[2025-05-20T02:54:33.070+0000] {logging_mixin.py:190} INFO - [2025-05-20T02:54:33.070+0000] {dag.py:4156} INFO - Setting next_dagrun for example_sensors to None, run_after=None
[2025-05-20T02:54:33.098+0000] {processor.py:208} INFO - Processing /home/airflow/.local/lib/python3.12/site-packages/airflow/example_dags/example_sensors.py took 0.163 seconds
[2025-05-20T02:55:04.539+0000] {processor.py:186} INFO - Started process (PID=236) to work on /home/airflow/.local/lib/python3.12/site-packages/airflow/example_dags/example_sensors.py
[2025-05-20T02:55:04.540+0000] {processor.py:914} INFO - Processing file /home/airflow/.local/lib/python3.12/site-packages/airflow/example_dags/example_sensors.py for tasks to queue
[2025-05-20T02:55:04.558+0000] {logging_mixin.py:190} INFO - [2025-05-20T02:55:04.557+0000] {dagbag.py:587} INFO - Filling up the DagBag from /home/airflow/.local/lib/python3.12/site-packages/airflow/example_dags/example_sensors.py
[2025-05-20T02:55:04.593+0000] {processor.py:925} INFO - DAG(s) 'example_sensors' retrieved from /home/airflow/.local/lib/python3.12/site-packages/airflow/example_dags/example_sensors.py
[2025-05-20T02:55:04.661+0000] {logging_mixin.py:190} INFO - [2025-05-20T02:55:04.659+0000] {dag.py:3229} INFO - Sync 1 DAGs
[2025-05-20T02:55:04.716+0000] {logging_mixin.py:190} INFO - [2025-05-20T02:55:04.716+0000] {dag.py:4156} INFO - Setting next_dagrun for example_sensors to None, run_after=None
[2025-05-20T02:55:04.771+0000] {processor.py:208} INFO - Processing /home/airflow/.local/lib/python3.12/site-packages/airflow/example_dags/example_sensors.py took 0.240 seconds
[2025-05-20T02:55:34.978+0000] {processor.py:186} INFO - Started process (PID=299) to work on /home/airflow/.local/lib/python3.12/site-packages/airflow/example_dags/example_sensors.py
[2025-05-20T02:55:34.980+0000] {processor.py:914} INFO - Processing file /home/airflow/.local/lib/python3.12/site-packages/airflow/example_dags/example_sensors.py for tasks to queue
[2025-05-20T02:55:34.989+0000] {logging_mixin.py:190} INFO - [2025-05-20T02:55:34.989+0000] {dagbag.py:587} INFO - Filling up the DagBag from /home/airflow/.local/lib/python3.12/site-packages/airflow/example_dags/example_sensors.py
[2025-05-20T02:55:35.004+0000] {processor.py:925} INFO - DAG(s) 'example_sensors' retrieved from /home/airflow/.local/lib/python3.12/site-packages/airflow/example_dags/example_sensors.py
[2025-05-20T02:55:35.058+0000] {logging_mixin.py:190} INFO - [2025-05-20T02:55:35.057+0000] {dag.py:3229} INFO - Sync 1 DAGs
[2025-05-20T02:55:35.078+0000] {logging_mixin.py:190} INFO - [2025-05-20T02:55:35.075+0000] {dag.py:4156} INFO - Setting next_dagrun for example_sensors to None, run_after=None
[2025-05-20T02:55:35.155+0000] {processor.py:208} INFO - Processing /home/airflow/.local/lib/python3.12/site-packages/airflow/example_dags/example_sensors.py took 0.181 seconds
[2025-05-20T02:56:06.541+0000] {processor.py:186} INFO - Started process (PID=362) to work on /home/airflow/.local/lib/python3.12/site-packages/airflow/example_dags/example_sensors.py
[2025-05-20T02:56:06.543+0000] {processor.py:914} INFO - Processing file /home/airflow/.local/lib/python3.12/site-packages/airflow/example_dags/example_sensors.py for tasks to queue
[2025-05-20T02:56:06.552+0000] {logging_mixin.py:190} INFO - [2025-05-20T02:56:06.552+0000] {dagbag.py:587} INFO - Filling up the DagBag from /home/airflow/.local/lib/python3.12/site-packages/airflow/example_dags/example_sensors.py
[2025-05-20T02:56:06.583+0000] {processor.py:925} INFO - DAG(s) 'example_sensors' retrieved from /home/airflow/.local/lib/python3.12/site-packages/airflow/example_dags/example_sensors.py
[2025-05-20T02:56:06.675+0000] {logging_mixin.py:190} INFO - [2025-05-20T02:56:06.675+0000] {dag.py:3229} INFO - Sync 1 DAGs
[2025-05-20T02:56:06.694+0000] {logging_mixin.py:190} INFO - [2025-05-20T02:56:06.693+0000] {dag.py:4156} INFO - Setting next_dagrun for example_sensors to None, run_after=None
[2025-05-20T02:56:06.747+0000] {processor.py:208} INFO - Processing /home/airflow/.local/lib/python3.12/site-packages/airflow/example_dags/example_sensors.py took 0.210 seconds
[2025-05-20T02:56:38.863+0000] {processor.py:186} INFO - Started process (PID=426) to work on /home/airflow/.local/lib/python3.12/site-packages/airflow/example_dags/example_sensors.py
[2025-05-20T02:56:38.865+0000] {processor.py:914} INFO - Processing file /home/airflow/.local/lib/python3.12/site-packages/airflow/example_dags/example_sensors.py for tasks to queue
[2025-05-20T02:56:38.867+0000] {logging_mixin.py:190} INFO - [2025-05-20T02:56:38.867+0000] {dagbag.py:587} INFO - Filling up the DagBag from /home/airflow/.local/lib/python3.12/site-packages/airflow/example_dags/example_sensors.py
[2025-05-20T02:56:38.887+0000] {processor.py:925} INFO - DAG(s) 'example_sensors' retrieved from /home/airflow/.local/lib/python3.12/site-packages/airflow/example_dags/example_sensors.py
[2025-05-20T02:56:38.982+0000] {logging_mixin.py:190} INFO - [2025-05-20T02:56:38.982+0000] {dag.py:3229} INFO - Sync 1 DAGs
[2025-05-20T02:56:39.011+0000] {logging_mixin.py:190} INFO - [2025-05-20T02:56:39.011+0000] {dag.py:4156} INFO - Setting next_dagrun for example_sensors to None, run_after=None
[2025-05-20T02:56:39.071+0000] {processor.py:208} INFO - Processing /home/airflow/.local/lib/python3.12/site-packages/airflow/example_dags/example_sensors.py took 0.214 seconds
[2025-05-20T02:57:09.629+0000] {processor.py:186} INFO - Started process (PID=489) to work on /home/airflow/.local/lib/python3.12/site-packages/airflow/example_dags/example_sensors.py
[2025-05-20T02:57:09.632+0000] {processor.py:914} INFO - Processing file /home/airflow/.local/lib/python3.12/site-packages/airflow/example_dags/example_sensors.py for tasks to queue
[2025-05-20T02:57:09.642+0000] {logging_mixin.py:190} INFO - [2025-05-20T02:57:09.641+0000] {dagbag.py:587} INFO - Filling up the DagBag from /home/airflow/.local/lib/python3.12/site-packages/airflow/example_dags/example_sensors.py
[2025-05-20T02:57:09.670+0000] {processor.py:925} INFO - DAG(s) 'example_sensors' retrieved from /home/airflow/.local/lib/python3.12/site-packages/airflow/example_dags/example_sensors.py
[2025-05-20T02:57:09.750+0000] {logging_mixin.py:190} INFO - [2025-05-20T02:57:09.747+0000] {dag.py:3229} INFO - Sync 1 DAGs
[2025-05-20T02:57:09.763+0000] {logging_mixin.py:190} INFO - [2025-05-20T02:57:09.763+0000] {dag.py:4156} INFO - Setting next_dagrun for example_sensors to None, run_after=None
[2025-05-20T02:57:09.831+0000] {processor.py:208} INFO - Processing /home/airflow/.local/lib/python3.12/site-packages/airflow/example_dags/example_sensors.py took 0.207 seconds
[2025-05-20T02:57:40.546+0000] {processor.py:186} INFO - Started process (PID=552) to work on /home/airflow/.local/lib/python3.12/site-packages/airflow/example_dags/example_sensors.py
[2025-05-20T02:57:40.552+0000] {processor.py:914} INFO - Processing file /home/airflow/.local/lib/python3.12/site-packages/airflow/example_dags/example_sensors.py for tasks to queue
[2025-05-20T02:57:40.562+0000] {logging_mixin.py:190} INFO - [2025-05-20T02:57:40.561+0000] {dagbag.py:587} INFO - Filling up the DagBag from /home/airflow/.local/lib/python3.12/site-packages/airflow/example_dags/example_sensors.py
[2025-05-20T02:57:40.577+0000] {processor.py:925} INFO - DAG(s) 'example_sensors' retrieved from /home/airflow/.local/lib/python3.12/site-packages/airflow/example_dags/example_sensors.py
[2025-05-20T02:57:40.642+0000] {logging_mixin.py:190} INFO - [2025-05-20T02:57:40.641+0000] {dag.py:3229} INFO - Sync 1 DAGs
[2025-05-20T02:57:40.668+0000] {logging_mixin.py:190} INFO - [2025-05-20T02:57:40.667+0000] {dag.py:4156} INFO - Setting next_dagrun for example_sensors to None, run_after=None
[2025-05-20T02:57:40.711+0000] {processor.py:208} INFO - Processing /home/airflow/.local/lib/python3.12/site-packages/airflow/example_dags/example_sensors.py took 0.180 seconds
[2025-05-20T02:58:11.605+0000] {processor.py:186} INFO - Started process (PID=615) to work on /home/airflow/.local/lib/python3.12/site-packages/airflow/example_dags/example_sensors.py
[2025-05-20T02:58:11.607+0000] {processor.py:914} INFO - Processing file /home/airflow/.local/lib/python3.12/site-packages/airflow/example_dags/example_sensors.py for tasks to queue
[2025-05-20T02:58:11.615+0000] {logging_mixin.py:190} INFO - [2025-05-20T02:58:11.615+0000] {dagbag.py:587} INFO - Filling up the DagBag from /home/airflow/.local/lib/python3.12/site-packages/airflow/example_dags/example_sensors.py
[2025-05-20T02:58:11.629+0000] {processor.py:925} INFO - DAG(s) 'example_sensors' retrieved from /home/airflow/.local/lib/python3.12/site-packages/airflow/example_dags/example_sensors.py
[2025-05-20T02:58:11.697+0000] {logging_mixin.py:190} INFO - [2025-05-20T02:58:11.693+0000] {dag.py:3229} INFO - Sync 1 DAGs
[2025-05-20T02:58:11.725+0000] {logging_mixin.py:190} INFO - [2025-05-20T02:58:11.725+0000] {dag.py:4156} INFO - Setting next_dagrun for example_sensors to None, run_after=None
[2025-05-20T02:58:11.796+0000] {processor.py:208} INFO - Processing /home/airflow/.local/lib/python3.12/site-packages/airflow/example_dags/example_sensors.py took 0.195 seconds
[2025-05-20T02:58:42.176+0000] {processor.py:186} INFO - Started process (PID=679) to work on /home/airflow/.local/lib/python3.12/site-packages/airflow/example_dags/example_sensors.py
[2025-05-20T02:58:42.177+0000] {processor.py:914} INFO - Processing file /home/airflow/.local/lib/python3.12/site-packages/airflow/example_dags/example_sensors.py for tasks to queue
[2025-05-20T02:58:42.190+0000] {logging_mixin.py:190} INFO - [2025-05-20T02:58:42.190+0000] {dagbag.py:587} INFO - Filling up the DagBag from /home/airflow/.local/lib/python3.12/site-packages/airflow/example_dags/example_sensors.py
[2025-05-20T02:58:42.202+0000] {processor.py:925} INFO - DAG(s) 'example_sensors' retrieved from /home/airflow/.local/lib/python3.12/site-packages/airflow/example_dags/example_sensors.py
[2025-05-20T02:58:42.277+0000] {logging_mixin.py:190} INFO - [2025-05-20T02:58:42.277+0000] {dag.py:3229} INFO - Sync 1 DAGs
[2025-05-20T02:58:42.293+0000] {logging_mixin.py:190} INFO - [2025-05-20T02:58:42.292+0000] {dag.py:4156} INFO - Setting next_dagrun for example_sensors to None, run_after=None
[2025-05-20T02:58:42.352+0000] {processor.py:208} INFO - Processing /home/airflow/.local/lib/python3.12/site-packages/airflow/example_dags/example_sensors.py took 0.180 seconds
[2025-05-20T02:59:12.712+0000] {processor.py:186} INFO - Started process (PID=742) to work on /home/airflow/.local/lib/python3.12/site-packages/airflow/example_dags/example_sensors.py
[2025-05-20T02:59:12.713+0000] {processor.py:914} INFO - Processing file /home/airflow/.local/lib/python3.12/site-packages/airflow/example_dags/example_sensors.py for tasks to queue
[2025-05-20T02:59:12.717+0000] {logging_mixin.py:190} INFO - [2025-05-20T02:59:12.716+0000] {dagbag.py:587} INFO - Filling up the DagBag from /home/airflow/.local/lib/python3.12/site-packages/airflow/example_dags/example_sensors.py
[2025-05-20T02:59:12.745+0000] {processor.py:925} INFO - DAG(s) 'example_sensors' retrieved from /home/airflow/.local/lib/python3.12/site-packages/airflow/example_dags/example_sensors.py
[2025-05-20T02:59:12.836+0000] {logging_mixin.py:190} INFO - [2025-05-20T02:59:12.836+0000] {dag.py:3229} INFO - Sync 1 DAGs
[2025-05-20T02:59:12.916+0000] {logging_mixin.py:190} INFO - [2025-05-20T02:59:12.915+0000] {dag.py:4156} INFO - Setting next_dagrun for example_sensors to None, run_after=None
[2025-05-20T02:59:12.955+0000] {processor.py:208} INFO - Processing /home/airflow/.local/lib/python3.12/site-packages/airflow/example_dags/example_sensors.py took 0.246 seconds
[2025-05-20T02:59:43.195+0000] {processor.py:186} INFO - Started process (PID=805) to work on /home/airflow/.local/lib/python3.12/site-packages/airflow/example_dags/example_sensors.py
[2025-05-20T02:59:43.197+0000] {processor.py:914} INFO - Processing file /home/airflow/.local/lib/python3.12/site-packages/airflow/example_dags/example_sensors.py for tasks to queue
[2025-05-20T02:59:43.207+0000] {logging_mixin.py:190} INFO - [2025-05-20T02:59:43.206+0000] {dagbag.py:587} INFO - Filling up the DagBag from /home/airflow/.local/lib/python3.12/site-packages/airflow/example_dags/example_sensors.py
[2025-05-20T02:59:43.217+0000] {processor.py:925} INFO - DAG(s) 'example_sensors' retrieved from /home/airflow/.local/lib/python3.12/site-packages/airflow/example_dags/example_sensors.py
[2025-05-20T02:59:43.250+0000] {logging_mixin.py:190} INFO - [2025-05-20T02:59:43.250+0000] {dag.py:3229} INFO - Sync 1 DAGs
[2025-05-20T02:59:43.295+0000] {logging_mixin.py:190} INFO - [2025-05-20T02:59:43.295+0000] {dag.py:4156} INFO - Setting next_dagrun for example_sensors to None, run_after=None
[2025-05-20T02:59:43.350+0000] {processor.py:208} INFO - Processing /home/airflow/.local/lib/python3.12/site-packages/airflow/example_dags/example_sensors.py took 0.159 seconds
[2025-05-20T03:00:13.891+0000] {processor.py:186} INFO - Started process (PID=868) to work on /home/airflow/.local/lib/python3.12/site-packages/airflow/example_dags/example_sensors.py
[2025-05-20T03:00:13.894+0000] {processor.py:914} INFO - Processing file /home/airflow/.local/lib/python3.12/site-packages/airflow/example_dags/example_sensors.py for tasks to queue
[2025-05-20T03:00:13.904+0000] {logging_mixin.py:190} INFO - [2025-05-20T03:00:13.900+0000] {dagbag.py:587} INFO - Filling up the DagBag from /home/airflow/.local/lib/python3.12/site-packages/airflow/example_dags/example_sensors.py
[2025-05-20T03:00:13.933+0000] {processor.py:925} INFO - DAG(s) 'example_sensors' retrieved from /home/airflow/.local/lib/python3.12/site-packages/airflow/example_dags/example_sensors.py
[2025-05-20T03:00:14.012+0000] {logging_mixin.py:190} INFO - [2025-05-20T03:00:14.011+0000] {dag.py:3229} INFO - Sync 1 DAGs
[2025-05-20T03:00:14.032+0000] {logging_mixin.py:190} INFO - [2025-05-20T03:00:14.032+0000] {dag.py:4156} INFO - Setting next_dagrun for example_sensors to None, run_after=None
[2025-05-20T03:00:14.076+0000] {processor.py:208} INFO - Processing /home/airflow/.local/lib/python3.12/site-packages/airflow/example_dags/example_sensors.py took 0.192 seconds
[2025-05-20T03:00:44.651+0000] {processor.py:186} INFO - Started process (PID=931) to work on /home/airflow/.local/lib/python3.12/site-packages/airflow/example_dags/example_sensors.py
[2025-05-20T03:00:44.654+0000] {processor.py:914} INFO - Processing file /home/airflow/.local/lib/python3.12/site-packages/airflow/example_dags/example_sensors.py for tasks to queue
[2025-05-20T03:00:44.664+0000] {logging_mixin.py:190} INFO - [2025-05-20T03:00:44.663+0000] {dagbag.py:587} INFO - Filling up the DagBag from /home/airflow/.local/lib/python3.12/site-packages/airflow/example_dags/example_sensors.py
[2025-05-20T03:00:44.675+0000] {processor.py:925} INFO - DAG(s) 'example_sensors' retrieved from /home/airflow/.local/lib/python3.12/site-packages/airflow/example_dags/example_sensors.py
[2025-05-20T03:00:44.774+0000] {logging_mixin.py:190} INFO - [2025-05-20T03:00:44.774+0000] {dag.py:3229} INFO - Sync 1 DAGs
[2025-05-20T03:00:44.786+0000] {logging_mixin.py:190} INFO - [2025-05-20T03:00:44.786+0000] {dag.py:4156} INFO - Setting next_dagrun for example_sensors to None, run_after=None
[2025-05-20T03:00:44.858+0000] {processor.py:208} INFO - Processing /home/airflow/.local/lib/python3.12/site-packages/airflow/example_dags/example_sensors.py took 0.212 seconds
[2025-05-20T03:01:15.406+0000] {processor.py:186} INFO - Started process (PID=993) to work on /home/airflow/.local/lib/python3.12/site-packages/airflow/example_dags/example_sensors.py
[2025-05-20T03:01:15.410+0000] {processor.py:914} INFO - Processing file /home/airflow/.local/lib/python3.12/site-packages/airflow/example_dags/example_sensors.py for tasks to queue
[2025-05-20T03:01:15.426+0000] {logging_mixin.py:190} INFO - [2025-05-20T03:01:15.424+0000] {dagbag.py:587} INFO - Filling up the DagBag from /home/airflow/.local/lib/python3.12/site-packages/airflow/example_dags/example_sensors.py
[2025-05-20T03:01:15.452+0000] {processor.py:925} INFO - DAG(s) 'example_sensors' retrieved from /home/airflow/.local/lib/python3.12/site-packages/airflow/example_dags/example_sensors.py
[2025-05-20T03:01:15.516+0000] {logging_mixin.py:190} INFO - [2025-05-20T03:01:15.515+0000] {dag.py:3229} INFO - Sync 1 DAGs
[2025-05-20T03:01:15.543+0000] {logging_mixin.py:190} INFO - [2025-05-20T03:01:15.543+0000] {dag.py:4156} INFO - Setting next_dagrun for example_sensors to None, run_after=None
[2025-05-20T03:01:15.622+0000] {processor.py:208} INFO - Processing /home/airflow/.local/lib/python3.12/site-packages/airflow/example_dags/example_sensors.py took 0.223 seconds
[2025-05-20T03:01:46.251+0000] {processor.py:186} INFO - Started process (PID=1055) to work on /home/airflow/.local/lib/python3.12/site-packages/airflow/example_dags/example_sensors.py
[2025-05-20T03:01:46.256+0000] {processor.py:914} INFO - Processing file /home/airflow/.local/lib/python3.12/site-packages/airflow/example_dags/example_sensors.py for tasks to queue
[2025-05-20T03:01:46.266+0000] {logging_mixin.py:190} INFO - [2025-05-20T03:01:46.265+0000] {dagbag.py:587} INFO - Filling up the DagBag from /home/airflow/.local/lib/python3.12/site-packages/airflow/example_dags/example_sensors.py
[2025-05-20T03:01:46.281+0000] {processor.py:925} INFO - DAG(s) 'example_sensors' retrieved from /home/airflow/.local/lib/python3.12/site-packages/airflow/example_dags/example_sensors.py
[2025-05-20T03:01:46.369+0000] {logging_mixin.py:190} INFO - [2025-05-20T03:01:46.368+0000] {dag.py:3229} INFO - Sync 1 DAGs
[2025-05-20T03:01:46.403+0000] {logging_mixin.py:190} INFO - [2025-05-20T03:01:46.396+0000] {dag.py:4156} INFO - Setting next_dagrun for example_sensors to None, run_after=None
[2025-05-20T03:01:46.498+0000] {processor.py:208} INFO - Processing /home/airflow/.local/lib/python3.12/site-packages/airflow/example_dags/example_sensors.py took 0.255 seconds
[2025-05-20T03:02:16.782+0000] {processor.py:186} INFO - Started process (PID=1118) to work on /home/airflow/.local/lib/python3.12/site-packages/airflow/example_dags/example_sensors.py
[2025-05-20T03:02:16.785+0000] {processor.py:914} INFO - Processing file /home/airflow/.local/lib/python3.12/site-packages/airflow/example_dags/example_sensors.py for tasks to queue
[2025-05-20T03:02:16.792+0000] {logging_mixin.py:190} INFO - [2025-05-20T03:02:16.791+0000] {dagbag.py:587} INFO - Filling up the DagBag from /home/airflow/.local/lib/python3.12/site-packages/airflow/example_dags/example_sensors.py
[2025-05-20T03:02:16.819+0000] {processor.py:925} INFO - DAG(s) 'example_sensors' retrieved from /home/airflow/.local/lib/python3.12/site-packages/airflow/example_dags/example_sensors.py
[2025-05-20T03:02:16.872+0000] {logging_mixin.py:190} INFO - [2025-05-20T03:02:16.872+0000] {dag.py:3229} INFO - Sync 1 DAGs
[2025-05-20T03:02:16.882+0000] {logging_mixin.py:190} INFO - [2025-05-20T03:02:16.882+0000] {dag.py:4156} INFO - Setting next_dagrun for example_sensors to None, run_after=None
[2025-05-20T03:02:16.932+0000] {processor.py:208} INFO - Processing /home/airflow/.local/lib/python3.12/site-packages/airflow/example_dags/example_sensors.py took 0.153 seconds
[2025-05-20T03:02:47.362+0000] {processor.py:186} INFO - Started process (PID=1181) to work on /home/airflow/.local/lib/python3.12/site-packages/airflow/example_dags/example_sensors.py
[2025-05-20T03:02:47.364+0000] {processor.py:914} INFO - Processing file /home/airflow/.local/lib/python3.12/site-packages/airflow/example_dags/example_sensors.py for tasks to queue
[2025-05-20T03:02:47.371+0000] {logging_mixin.py:190} INFO - [2025-05-20T03:02:47.371+0000] {dagbag.py:587} INFO - Filling up the DagBag from /home/airflow/.local/lib/python3.12/site-packages/airflow/example_dags/example_sensors.py
[2025-05-20T03:02:47.402+0000] {processor.py:925} INFO - DAG(s) 'example_sensors' retrieved from /home/airflow/.local/lib/python3.12/site-packages/airflow/example_dags/example_sensors.py
[2025-05-20T03:02:47.466+0000] {logging_mixin.py:190} INFO - [2025-05-20T03:02:47.466+0000] {dag.py:3229} INFO - Sync 1 DAGs
[2025-05-20T03:02:47.527+0000] {logging_mixin.py:190} INFO - [2025-05-20T03:02:47.527+0000] {dag.py:4156} INFO - Setting next_dagrun for example_sensors to None, run_after=None
[2025-05-20T03:02:47.609+0000] {processor.py:208} INFO - Processing /home/airflow/.local/lib/python3.12/site-packages/airflow/example_dags/example_sensors.py took 0.263 seconds
[2025-05-20T03:03:17.893+0000] {processor.py:186} INFO - Started process (PID=1243) to work on /home/airflow/.local/lib/python3.12/site-packages/airflow/example_dags/example_sensors.py
[2025-05-20T03:03:17.895+0000] {processor.py:914} INFO - Processing file /home/airflow/.local/lib/python3.12/site-packages/airflow/example_dags/example_sensors.py for tasks to queue
[2025-05-20T03:03:17.922+0000] {logging_mixin.py:190} INFO - [2025-05-20T03:03:17.920+0000] {dagbag.py:587} INFO - Filling up the DagBag from /home/airflow/.local/lib/python3.12/site-packages/airflow/example_dags/example_sensors.py
[2025-05-20T03:03:17.974+0000] {processor.py:925} INFO - DAG(s) 'example_sensors' retrieved from /home/airflow/.local/lib/python3.12/site-packages/airflow/example_dags/example_sensors.py
[2025-05-20T03:03:18.030+0000] {logging_mixin.py:190} INFO - [2025-05-20T03:03:18.030+0000] {dag.py:3229} INFO - Sync 1 DAGs
[2025-05-20T03:03:18.091+0000] {logging_mixin.py:190} INFO - [2025-05-20T03:03:18.088+0000] {dag.py:4156} INFO - Setting next_dagrun for example_sensors to None, run_after=None
[2025-05-20T03:03:18.145+0000] {processor.py:208} INFO - Processing /home/airflow/.local/lib/python3.12/site-packages/airflow/example_dags/example_sensors.py took 0.256 seconds
[2025-05-20T03:03:48.469+0000] {processor.py:186} INFO - Started process (PID=1305) to work on /home/airflow/.local/lib/python3.12/site-packages/airflow/example_dags/example_sensors.py
[2025-05-20T03:03:48.470+0000] {processor.py:914} INFO - Processing file /home/airflow/.local/lib/python3.12/site-packages/airflow/example_dags/example_sensors.py for tasks to queue
[2025-05-20T03:03:48.483+0000] {logging_mixin.py:190} INFO - [2025-05-20T03:03:48.481+0000] {dagbag.py:587} INFO - Filling up the DagBag from /home/airflow/.local/lib/python3.12/site-packages/airflow/example_dags/example_sensors.py
[2025-05-20T03:03:48.511+0000] {processor.py:925} INFO - DAG(s) 'example_sensors' retrieved from /home/airflow/.local/lib/python3.12/site-packages/airflow/example_dags/example_sensors.py
[2025-05-20T03:03:48.571+0000] {logging_mixin.py:190} INFO - [2025-05-20T03:03:48.570+0000] {dag.py:3229} INFO - Sync 1 DAGs
[2025-05-20T03:03:48.605+0000] {logging_mixin.py:190} INFO - [2025-05-20T03:03:48.605+0000] {dag.py:4156} INFO - Setting next_dagrun for example_sensors to None, run_after=None
[2025-05-20T03:03:48.676+0000] {processor.py:208} INFO - Processing /home/airflow/.local/lib/python3.12/site-packages/airflow/example_dags/example_sensors.py took 0.211 seconds
[2025-05-20T03:04:19.686+0000] {processor.py:186} INFO - Started process (PID=1368) to work on /home/airflow/.local/lib/python3.12/site-packages/airflow/example_dags/example_sensors.py
[2025-05-20T03:04:19.688+0000] {processor.py:914} INFO - Processing file /home/airflow/.local/lib/python3.12/site-packages/airflow/example_dags/example_sensors.py for tasks to queue
[2025-05-20T03:04:19.694+0000] {logging_mixin.py:190} INFO - [2025-05-20T03:04:19.692+0000] {dagbag.py:587} INFO - Filling up the DagBag from /home/airflow/.local/lib/python3.12/site-packages/airflow/example_dags/example_sensors.py
[2025-05-20T03:04:19.749+0000] {processor.py:925} INFO - DAG(s) 'example_sensors' retrieved from /home/airflow/.local/lib/python3.12/site-packages/airflow/example_dags/example_sensors.py
[2025-05-20T03:04:19.791+0000] {logging_mixin.py:190} INFO - [2025-05-20T03:04:19.790+0000] {dag.py:3229} INFO - Sync 1 DAGs
[2025-05-20T03:04:19.820+0000] {logging_mixin.py:190} INFO - [2025-05-20T03:04:19.820+0000] {dag.py:4156} INFO - Setting next_dagrun for example_sensors to None, run_after=None
[2025-05-20T03:04:19.884+0000] {processor.py:208} INFO - Processing /home/airflow/.local/lib/python3.12/site-packages/airflow/example_dags/example_sensors.py took 0.216 seconds
[2025-05-20T03:04:50.586+0000] {processor.py:186} INFO - Started process (PID=1431) to work on /home/airflow/.local/lib/python3.12/site-packages/airflow/example_dags/example_sensors.py
[2025-05-20T03:04:50.587+0000] {processor.py:914} INFO - Processing file /home/airflow/.local/lib/python3.12/site-packages/airflow/example_dags/example_sensors.py for tasks to queue
[2025-05-20T03:04:50.591+0000] {logging_mixin.py:190} INFO - [2025-05-20T03:04:50.590+0000] {dagbag.py:587} INFO - Filling up the DagBag from /home/airflow/.local/lib/python3.12/site-packages/airflow/example_dags/example_sensors.py
[2025-05-20T03:04:50.607+0000] {processor.py:925} INFO - DAG(s) 'example_sensors' retrieved from /home/airflow/.local/lib/python3.12/site-packages/airflow/example_dags/example_sensors.py
[2025-05-20T03:04:50.642+0000] {logging_mixin.py:190} INFO - [2025-05-20T03:04:50.642+0000] {dag.py:3229} INFO - Sync 1 DAGs
[2025-05-20T03:04:50.658+0000] {logging_mixin.py:190} INFO - [2025-05-20T03:04:50.658+0000] {dag.py:4156} INFO - Setting next_dagrun for example_sensors to None, run_after=None
[2025-05-20T03:04:50.689+0000] {processor.py:208} INFO - Processing /home/airflow/.local/lib/python3.12/site-packages/airflow/example_dags/example_sensors.py took 0.106 seconds
[2025-05-20T03:05:22.336+0000] {processor.py:186} INFO - Started process (PID=1494) to work on /home/airflow/.local/lib/python3.12/site-packages/airflow/example_dags/example_sensors.py
[2025-05-20T03:05:22.337+0000] {processor.py:914} INFO - Processing file /home/airflow/.local/lib/python3.12/site-packages/airflow/example_dags/example_sensors.py for tasks to queue
[2025-05-20T03:05:22.350+0000] {logging_mixin.py:190} INFO - [2025-05-20T03:05:22.345+0000] {dagbag.py:587} INFO - Filling up the DagBag from /home/airflow/.local/lib/python3.12/site-packages/airflow/example_dags/example_sensors.py
[2025-05-20T03:05:22.370+0000] {processor.py:925} INFO - DAG(s) 'example_sensors' retrieved from /home/airflow/.local/lib/python3.12/site-packages/airflow/example_dags/example_sensors.py
[2025-05-20T03:05:22.427+0000] {logging_mixin.py:190} INFO - [2025-05-20T03:05:22.423+0000] {dag.py:3229} INFO - Sync 1 DAGs
[2025-05-20T03:05:22.458+0000] {logging_mixin.py:190} INFO - [2025-05-20T03:05:22.457+0000] {dag.py:4156} INFO - Setting next_dagrun for example_sensors to None, run_after=None
[2025-05-20T03:05:22.560+0000] {processor.py:208} INFO - Processing /home/airflow/.local/lib/python3.12/site-packages/airflow/example_dags/example_sensors.py took 0.228 seconds
[2025-05-20T03:05:53.983+0000] {processor.py:186} INFO - Started process (PID=1557) to work on /home/airflow/.local/lib/python3.12/site-packages/airflow/example_dags/example_sensors.py
[2025-05-20T03:05:53.988+0000] {processor.py:914} INFO - Processing file /home/airflow/.local/lib/python3.12/site-packages/airflow/example_dags/example_sensors.py for tasks to queue
[2025-05-20T03:05:53.998+0000] {logging_mixin.py:190} INFO - [2025-05-20T03:05:53.997+0000] {dagbag.py:587} INFO - Filling up the DagBag from /home/airflow/.local/lib/python3.12/site-packages/airflow/example_dags/example_sensors.py
[2025-05-20T03:05:54.020+0000] {processor.py:925} INFO - DAG(s) 'example_sensors' retrieved from /home/airflow/.local/lib/python3.12/site-packages/airflow/example_dags/example_sensors.py
[2025-05-20T03:05:54.075+0000] {logging_mixin.py:190} INFO - [2025-05-20T03:05:54.075+0000] {dag.py:3229} INFO - Sync 1 DAGs
[2025-05-20T03:05:54.092+0000] {logging_mixin.py:190} INFO - [2025-05-20T03:05:54.092+0000] {dag.py:4156} INFO - Setting next_dagrun for example_sensors to None, run_after=None
[2025-05-20T03:05:54.136+0000] {processor.py:208} INFO - Processing /home/airflow/.local/lib/python3.12/site-packages/airflow/example_dags/example_sensors.py took 0.156 seconds
[2025-05-20T03:06:24.908+0000] {processor.py:186} INFO - Started process (PID=1620) to work on /home/airflow/.local/lib/python3.12/site-packages/airflow/example_dags/example_sensors.py
[2025-05-20T03:06:24.911+0000] {processor.py:914} INFO - Processing file /home/airflow/.local/lib/python3.12/site-packages/airflow/example_dags/example_sensors.py for tasks to queue
[2025-05-20T03:06:24.923+0000] {logging_mixin.py:190} INFO - [2025-05-20T03:06:24.922+0000] {dagbag.py:587} INFO - Filling up the DagBag from /home/airflow/.local/lib/python3.12/site-packages/airflow/example_dags/example_sensors.py
[2025-05-20T03:06:24.947+0000] {processor.py:925} INFO - DAG(s) 'example_sensors' retrieved from /home/airflow/.local/lib/python3.12/site-packages/airflow/example_dags/example_sensors.py
[2025-05-20T03:06:24.998+0000] {logging_mixin.py:190} INFO - [2025-05-20T03:06:24.996+0000] {dag.py:3229} INFO - Sync 1 DAGs
[2025-05-20T03:06:25.029+0000] {logging_mixin.py:190} INFO - [2025-05-20T03:06:25.028+0000] {dag.py:4156} INFO - Setting next_dagrun for example_sensors to None, run_after=None
[2025-05-20T03:06:25.115+0000] {processor.py:208} INFO - Processing /home/airflow/.local/lib/python3.12/site-packages/airflow/example_dags/example_sensors.py took 0.214 seconds
[2025-05-20T03:06:55.583+0000] {processor.py:186} INFO - Started process (PID=1683) to work on /home/airflow/.local/lib/python3.12/site-packages/airflow/example_dags/example_sensors.py
[2025-05-20T03:06:55.587+0000] {processor.py:914} INFO - Processing file /home/airflow/.local/lib/python3.12/site-packages/airflow/example_dags/example_sensors.py for tasks to queue
[2025-05-20T03:06:55.598+0000] {logging_mixin.py:190} INFO - [2025-05-20T03:06:55.593+0000] {dagbag.py:587} INFO - Filling up the DagBag from /home/airflow/.local/lib/python3.12/site-packages/airflow/example_dags/example_sensors.py
[2025-05-20T03:06:55.627+0000] {processor.py:925} INFO - DAG(s) 'example_sensors' retrieved from /home/airflow/.local/lib/python3.12/site-packages/airflow/example_dags/example_sensors.py
[2025-05-20T03:06:55.717+0000] {logging_mixin.py:190} INFO - [2025-05-20T03:06:55.717+0000] {dag.py:3229} INFO - Sync 1 DAGs
[2025-05-20T03:06:55.753+0000] {logging_mixin.py:190} INFO - [2025-05-20T03:06:55.753+0000] {dag.py:4156} INFO - Setting next_dagrun for example_sensors to None, run_after=None
[2025-05-20T03:06:55.819+0000] {processor.py:208} INFO - Processing /home/airflow/.local/lib/python3.12/site-packages/airflow/example_dags/example_sensors.py took 0.241 seconds
[2025-05-20T03:07:26.001+0000] {processor.py:186} INFO - Started process (PID=1751) to work on /home/airflow/.local/lib/python3.12/site-packages/airflow/example_dags/example_sensors.py
[2025-05-20T03:07:26.002+0000] {processor.py:914} INFO - Processing file /home/airflow/.local/lib/python3.12/site-packages/airflow/example_dags/example_sensors.py for tasks to queue
[2025-05-20T03:07:26.012+0000] {logging_mixin.py:190} INFO - [2025-05-20T03:07:26.012+0000] {dagbag.py:587} INFO - Filling up the DagBag from /home/airflow/.local/lib/python3.12/site-packages/airflow/example_dags/example_sensors.py
[2025-05-20T03:07:26.041+0000] {processor.py:925} INFO - DAG(s) 'example_sensors' retrieved from /home/airflow/.local/lib/python3.12/site-packages/airflow/example_dags/example_sensors.py
[2025-05-20T03:07:26.094+0000] {logging_mixin.py:190} INFO - [2025-05-20T03:07:26.094+0000] {dag.py:3229} INFO - Sync 1 DAGs
[2025-05-20T03:07:26.136+0000] {logging_mixin.py:190} INFO - [2025-05-20T03:07:26.132+0000] {dag.py:4156} INFO - Setting next_dagrun for example_sensors to None, run_after=None
[2025-05-20T03:07:26.175+0000] {processor.py:208} INFO - Processing /home/airflow/.local/lib/python3.12/site-packages/airflow/example_dags/example_sensors.py took 0.178 seconds
[2025-05-20T03:07:57.020+0000] {processor.py:186} INFO - Started process (PID=1813) to work on /home/airflow/.local/lib/python3.12/site-packages/airflow/example_dags/example_sensors.py
[2025-05-20T03:07:57.024+0000] {processor.py:914} INFO - Processing file /home/airflow/.local/lib/python3.12/site-packages/airflow/example_dags/example_sensors.py for tasks to queue
[2025-05-20T03:07:57.032+0000] {logging_mixin.py:190} INFO - [2025-05-20T03:07:57.032+0000] {dagbag.py:587} INFO - Filling up the DagBag from /home/airflow/.local/lib/python3.12/site-packages/airflow/example_dags/example_sensors.py
[2025-05-20T03:07:57.047+0000] {processor.py:925} INFO - DAG(s) 'example_sensors' retrieved from /home/airflow/.local/lib/python3.12/site-packages/airflow/example_dags/example_sensors.py
[2025-05-20T03:07:57.096+0000] {logging_mixin.py:190} INFO - [2025-05-20T03:07:57.095+0000] {dag.py:3229} INFO - Sync 1 DAGs
[2025-05-20T03:07:57.112+0000] {logging_mixin.py:190} INFO - [2025-05-20T03:07:57.112+0000] {dag.py:4156} INFO - Setting next_dagrun for example_sensors to None, run_after=None
[2025-05-20T03:07:57.184+0000] {processor.py:208} INFO - Processing /home/airflow/.local/lib/python3.12/site-packages/airflow/example_dags/example_sensors.py took 0.171 seconds
[2025-05-20T03:08:28.012+0000] {processor.py:186} INFO - Started process (PID=1876) to work on /home/airflow/.local/lib/python3.12/site-packages/airflow/example_dags/example_sensors.py
[2025-05-20T03:08:28.014+0000] {processor.py:914} INFO - Processing file /home/airflow/.local/lib/python3.12/site-packages/airflow/example_dags/example_sensors.py for tasks to queue
[2025-05-20T03:08:28.029+0000] {logging_mixin.py:190} INFO - [2025-05-20T03:08:28.025+0000] {dagbag.py:587} INFO - Filling up the DagBag from /home/airflow/.local/lib/python3.12/site-packages/airflow/example_dags/example_sensors.py
[2025-05-20T03:08:28.060+0000] {processor.py:925} INFO - DAG(s) 'example_sensors' retrieved from /home/airflow/.local/lib/python3.12/site-packages/airflow/example_dags/example_sensors.py
[2025-05-20T03:08:28.124+0000] {logging_mixin.py:190} INFO - [2025-05-20T03:08:28.124+0000] {dag.py:3229} INFO - Sync 1 DAGs
[2025-05-20T03:08:28.159+0000] {logging_mixin.py:190} INFO - [2025-05-20T03:08:28.159+0000] {dag.py:4156} INFO - Setting next_dagrun for example_sensors to None, run_after=None
[2025-05-20T03:08:28.216+0000] {processor.py:208} INFO - Processing /home/airflow/.local/lib/python3.12/site-packages/airflow/example_dags/example_sensors.py took 0.208 seconds
[2025-05-20T03:08:58.896+0000] {processor.py:186} INFO - Started process (PID=1939) to work on /home/airflow/.local/lib/python3.12/site-packages/airflow/example_dags/example_sensors.py
[2025-05-20T03:08:58.900+0000] {processor.py:914} INFO - Processing file /home/airflow/.local/lib/python3.12/site-packages/airflow/example_dags/example_sensors.py for tasks to queue
[2025-05-20T03:08:58.910+0000] {logging_mixin.py:190} INFO - [2025-05-20T03:08:58.909+0000] {dagbag.py:587} INFO - Filling up the DagBag from /home/airflow/.local/lib/python3.12/site-packages/airflow/example_dags/example_sensors.py
[2025-05-20T03:08:58.921+0000] {processor.py:925} INFO - DAG(s) 'example_sensors' retrieved from /home/airflow/.local/lib/python3.12/site-packages/airflow/example_dags/example_sensors.py
[2025-05-20T03:08:59.004+0000] {logging_mixin.py:190} INFO - [2025-05-20T03:08:59.003+0000] {dag.py:3229} INFO - Sync 1 DAGs
[2025-05-20T03:08:59.055+0000] {logging_mixin.py:190} INFO - [2025-05-20T03:08:59.054+0000] {dag.py:4156} INFO - Setting next_dagrun for example_sensors to None, run_after=None
[2025-05-20T03:08:59.082+0000] {processor.py:208} INFO - Processing /home/airflow/.local/lib/python3.12/site-packages/airflow/example_dags/example_sensors.py took 0.189 seconds
[2025-05-20T03:09:29.818+0000] {processor.py:186} INFO - Started process (PID=2003) to work on /home/airflow/.local/lib/python3.12/site-packages/airflow/example_dags/example_sensors.py
[2025-05-20T03:09:29.821+0000] {processor.py:914} INFO - Processing file /home/airflow/.local/lib/python3.12/site-packages/airflow/example_dags/example_sensors.py for tasks to queue
[2025-05-20T03:09:29.824+0000] {logging_mixin.py:190} INFO - [2025-05-20T03:09:29.823+0000] {dagbag.py:587} INFO - Filling up the DagBag from /home/airflow/.local/lib/python3.12/site-packages/airflow/example_dags/example_sensors.py
[2025-05-20T03:09:29.859+0000] {processor.py:925} INFO - DAG(s) 'example_sensors' retrieved from /home/airflow/.local/lib/python3.12/site-packages/airflow/example_dags/example_sensors.py
[2025-05-20T03:09:29.888+0000] {logging_mixin.py:190} INFO - [2025-05-20T03:09:29.888+0000] {dag.py:3229} INFO - Sync 1 DAGs
[2025-05-20T03:09:29.907+0000] {logging_mixin.py:190} INFO - [2025-05-20T03:09:29.907+0000] {dag.py:4156} INFO - Setting next_dagrun for example_sensors to None, run_after=None
[2025-05-20T03:09:29.985+0000] {processor.py:208} INFO - Processing /home/airflow/.local/lib/python3.12/site-packages/airflow/example_dags/example_sensors.py took 0.171 seconds
[2025-05-20T03:10:01.909+0000] {processor.py:186} INFO - Started process (PID=2066) to work on /home/airflow/.local/lib/python3.12/site-packages/airflow/example_dags/example_sensors.py
[2025-05-20T03:10:01.914+0000] {processor.py:914} INFO - Processing file /home/airflow/.local/lib/python3.12/site-packages/airflow/example_dags/example_sensors.py for tasks to queue
[2025-05-20T03:10:01.918+0000] {logging_mixin.py:190} INFO - [2025-05-20T03:10:01.917+0000] {dagbag.py:587} INFO - Filling up the DagBag from /home/airflow/.local/lib/python3.12/site-packages/airflow/example_dags/example_sensors.py
[2025-05-20T03:10:01.935+0000] {processor.py:925} INFO - DAG(s) 'example_sensors' retrieved from /home/airflow/.local/lib/python3.12/site-packages/airflow/example_dags/example_sensors.py
[2025-05-20T03:10:01.990+0000] {logging_mixin.py:190} INFO - [2025-05-20T03:10:01.988+0000] {dag.py:3229} INFO - Sync 1 DAGs
[2025-05-20T03:10:02.032+0000] {logging_mixin.py:190} INFO - [2025-05-20T03:10:02.031+0000] {dag.py:4156} INFO - Setting next_dagrun for example_sensors to None, run_after=None
[2025-05-20T03:10:02.095+0000] {processor.py:208} INFO - Processing /home/airflow/.local/lib/python3.12/site-packages/airflow/example_dags/example_sensors.py took 0.190 seconds
[2025-05-20T03:10:32.592+0000] {processor.py:186} INFO - Started process (PID=2129) to work on /home/airflow/.local/lib/python3.12/site-packages/airflow/example_dags/example_sensors.py
[2025-05-20T03:10:32.595+0000] {processor.py:914} INFO - Processing file /home/airflow/.local/lib/python3.12/site-packages/airflow/example_dags/example_sensors.py for tasks to queue
[2025-05-20T03:10:32.599+0000] {logging_mixin.py:190} INFO - [2025-05-20T03:10:32.599+0000] {dagbag.py:587} INFO - Filling up the DagBag from /home/airflow/.local/lib/python3.12/site-packages/airflow/example_dags/example_sensors.py
[2025-05-20T03:10:32.615+0000] {processor.py:925} INFO - DAG(s) 'example_sensors' retrieved from /home/airflow/.local/lib/python3.12/site-packages/airflow/example_dags/example_sensors.py
[2025-05-20T03:10:32.677+0000] {logging_mixin.py:190} INFO - [2025-05-20T03:10:32.677+0000] {dag.py:3229} INFO - Sync 1 DAGs
[2025-05-20T03:10:32.696+0000] {logging_mixin.py:190} INFO - [2025-05-20T03:10:32.696+0000] {dag.py:4156} INFO - Setting next_dagrun for example_sensors to None, run_after=None
[2025-05-20T03:10:32.747+0000] {processor.py:208} INFO - Processing /home/airflow/.local/lib/python3.12/site-packages/airflow/example_dags/example_sensors.py took 0.160 seconds
[2025-05-20T03:11:04.285+0000] {processor.py:186} INFO - Started process (PID=2191) to work on /home/airflow/.local/lib/python3.12/site-packages/airflow/example_dags/example_sensors.py
[2025-05-20T03:11:04.288+0000] {processor.py:914} INFO - Processing file /home/airflow/.local/lib/python3.12/site-packages/airflow/example_dags/example_sensors.py for tasks to queue
[2025-05-20T03:11:04.297+0000] {logging_mixin.py:190} INFO - [2025-05-20T03:11:04.297+0000] {dagbag.py:587} INFO - Filling up the DagBag from /home/airflow/.local/lib/python3.12/site-packages/airflow/example_dags/example_sensors.py
[2025-05-20T03:11:04.321+0000] {processor.py:925} INFO - DAG(s) 'example_sensors' retrieved from /home/airflow/.local/lib/python3.12/site-packages/airflow/example_dags/example_sensors.py
[2025-05-20T03:11:04.467+0000] {logging_mixin.py:190} INFO - [2025-05-20T03:11:04.466+0000] {dag.py:3229} INFO - Sync 1 DAGs
[2025-05-20T03:11:04.507+0000] {logging_mixin.py:190} INFO - [2025-05-20T03:11:04.507+0000] {dag.py:4156} INFO - Setting next_dagrun for example_sensors to None, run_after=None
[2025-05-20T03:11:04.575+0000] {processor.py:208} INFO - Processing /home/airflow/.local/lib/python3.12/site-packages/airflow/example_dags/example_sensors.py took 0.298 seconds
[2025-05-20T03:11:36.048+0000] {processor.py:186} INFO - Started process (PID=2254) to work on /home/airflow/.local/lib/python3.12/site-packages/airflow/example_dags/example_sensors.py
[2025-05-20T03:11:36.050+0000] {processor.py:914} INFO - Processing file /home/airflow/.local/lib/python3.12/site-packages/airflow/example_dags/example_sensors.py for tasks to queue
[2025-05-20T03:11:36.063+0000] {logging_mixin.py:190} INFO - [2025-05-20T03:11:36.063+0000] {dagbag.py:587} INFO - Filling up the DagBag from /home/airflow/.local/lib/python3.12/site-packages/airflow/example_dags/example_sensors.py
[2025-05-20T03:11:36.071+0000] {processor.py:925} INFO - DAG(s) 'example_sensors' retrieved from /home/airflow/.local/lib/python3.12/site-packages/airflow/example_dags/example_sensors.py
[2025-05-20T03:11:36.098+0000] {logging_mixin.py:190} INFO - [2025-05-20T03:11:36.098+0000] {dag.py:3229} INFO - Sync 1 DAGs
[2025-05-20T03:11:36.153+0000] {logging_mixin.py:190} INFO - [2025-05-20T03:11:36.153+0000] {dag.py:4156} INFO - Setting next_dagrun for example_sensors to None, run_after=None
[2025-05-20T03:11:36.194+0000] {processor.py:208} INFO - Processing /home/airflow/.local/lib/python3.12/site-packages/airflow/example_dags/example_sensors.py took 0.150 seconds
[2025-05-20T03:12:07.249+0000] {processor.py:186} INFO - Started process (PID=2317) to work on /home/airflow/.local/lib/python3.12/site-packages/airflow/example_dags/example_sensors.py
[2025-05-20T03:12:07.251+0000] {processor.py:914} INFO - Processing file /home/airflow/.local/lib/python3.12/site-packages/airflow/example_dags/example_sensors.py for tasks to queue
[2025-05-20T03:12:07.258+0000] {logging_mixin.py:190} INFO - [2025-05-20T03:12:07.258+0000] {dagbag.py:587} INFO - Filling up the DagBag from /home/airflow/.local/lib/python3.12/site-packages/airflow/example_dags/example_sensors.py
[2025-05-20T03:12:07.292+0000] {processor.py:925} INFO - DAG(s) 'example_sensors' retrieved from /home/airflow/.local/lib/python3.12/site-packages/airflow/example_dags/example_sensors.py
[2025-05-20T03:12:07.340+0000] {logging_mixin.py:190} INFO - [2025-05-20T03:12:07.338+0000] {dag.py:3229} INFO - Sync 1 DAGs
[2025-05-20T03:12:07.356+0000] {logging_mixin.py:190} INFO - [2025-05-20T03:12:07.355+0000] {dag.py:4156} INFO - Setting next_dagrun for example_sensors to None, run_after=None
[2025-05-20T03:12:07.405+0000] {processor.py:208} INFO - Processing /home/airflow/.local/lib/python3.12/site-packages/airflow/example_dags/example_sensors.py took 0.163 seconds
[2025-05-20T03:12:38.191+0000] {processor.py:186} INFO - Started process (PID=2379) to work on /home/airflow/.local/lib/python3.12/site-packages/airflow/example_dags/example_sensors.py
[2025-05-20T03:12:38.193+0000] {processor.py:914} INFO - Processing file /home/airflow/.local/lib/python3.12/site-packages/airflow/example_dags/example_sensors.py for tasks to queue
[2025-05-20T03:12:38.198+0000] {logging_mixin.py:190} INFO - [2025-05-20T03:12:38.198+0000] {dagbag.py:587} INFO - Filling up the DagBag from /home/airflow/.local/lib/python3.12/site-packages/airflow/example_dags/example_sensors.py
[2025-05-20T03:12:38.218+0000] {processor.py:925} INFO - DAG(s) 'example_sensors' retrieved from /home/airflow/.local/lib/python3.12/site-packages/airflow/example_dags/example_sensors.py
[2025-05-20T03:12:38.511+0000] {logging_mixin.py:190} INFO - [2025-05-20T03:12:38.509+0000] {dag.py:3229} INFO - Sync 1 DAGs
[2025-05-20T03:12:38.584+0000] {logging_mixin.py:190} INFO - [2025-05-20T03:12:38.583+0000] {dag.py:4156} INFO - Setting next_dagrun for example_sensors to None, run_after=None
[2025-05-20T03:12:38.667+0000] {processor.py:208} INFO - Processing /home/airflow/.local/lib/python3.12/site-packages/airflow/example_dags/example_sensors.py took 0.479 seconds
[2025-05-20T03:13:09.866+0000] {processor.py:186} INFO - Started process (PID=2441) to work on /home/airflow/.local/lib/python3.12/site-packages/airflow/example_dags/example_sensors.py
[2025-05-20T03:13:09.867+0000] {processor.py:914} INFO - Processing file /home/airflow/.local/lib/python3.12/site-packages/airflow/example_dags/example_sensors.py for tasks to queue
[2025-05-20T03:13:09.872+0000] {logging_mixin.py:190} INFO - [2025-05-20T03:13:09.872+0000] {dagbag.py:587} INFO - Filling up the DagBag from /home/airflow/.local/lib/python3.12/site-packages/airflow/example_dags/example_sensors.py
[2025-05-20T03:13:09.890+0000] {processor.py:925} INFO - DAG(s) 'example_sensors' retrieved from /home/airflow/.local/lib/python3.12/site-packages/airflow/example_dags/example_sensors.py
[2025-05-20T03:13:09.946+0000] {logging_mixin.py:190} INFO - [2025-05-20T03:13:09.946+0000] {dag.py:3229} INFO - Sync 1 DAGs
[2025-05-20T03:13:09.973+0000] {logging_mixin.py:190} INFO - [2025-05-20T03:13:09.973+0000] {dag.py:4156} INFO - Setting next_dagrun for example_sensors to None, run_after=None
[2025-05-20T03:13:10.026+0000] {processor.py:208} INFO - Processing /home/airflow/.local/lib/python3.12/site-packages/airflow/example_dags/example_sensors.py took 0.164 seconds
[2025-05-20T03:13:41.055+0000] {processor.py:186} INFO - Started process (PID=2505) to work on /home/airflow/.local/lib/python3.12/site-packages/airflow/example_dags/example_sensors.py
[2025-05-20T03:13:41.060+0000] {processor.py:914} INFO - Processing file /home/airflow/.local/lib/python3.12/site-packages/airflow/example_dags/example_sensors.py for tasks to queue
[2025-05-20T03:13:41.067+0000] {logging_mixin.py:190} INFO - [2025-05-20T03:13:41.067+0000] {dagbag.py:587} INFO - Filling up the DagBag from /home/airflow/.local/lib/python3.12/site-packages/airflow/example_dags/example_sensors.py
[2025-05-20T03:13:41.081+0000] {processor.py:925} INFO - DAG(s) 'example_sensors' retrieved from /home/airflow/.local/lib/python3.12/site-packages/airflow/example_dags/example_sensors.py
[2025-05-20T03:13:41.121+0000] {logging_mixin.py:190} INFO - [2025-05-20T03:13:41.121+0000] {dag.py:3229} INFO - Sync 1 DAGs
[2025-05-20T03:13:41.141+0000] {logging_mixin.py:190} INFO - [2025-05-20T03:13:41.141+0000] {dag.py:4156} INFO - Setting next_dagrun for example_sensors to None, run_after=None
[2025-05-20T03:13:41.168+0000] {processor.py:208} INFO - Processing /home/airflow/.local/lib/python3.12/site-packages/airflow/example_dags/example_sensors.py took 0.116 seconds
[2025-05-20T03:14:13.156+0000] {processor.py:186} INFO - Started process (PID=2568) to work on /home/airflow/.local/lib/python3.12/site-packages/airflow/example_dags/example_sensors.py
[2025-05-20T03:14:13.159+0000] {processor.py:914} INFO - Processing file /home/airflow/.local/lib/python3.12/site-packages/airflow/example_dags/example_sensors.py for tasks to queue
[2025-05-20T03:14:13.184+0000] {logging_mixin.py:190} INFO - [2025-05-20T03:14:13.182+0000] {dagbag.py:587} INFO - Filling up the DagBag from /home/airflow/.local/lib/python3.12/site-packages/airflow/example_dags/example_sensors.py
[2025-05-20T03:14:13.212+0000] {processor.py:925} INFO - DAG(s) 'example_sensors' retrieved from /home/airflow/.local/lib/python3.12/site-packages/airflow/example_dags/example_sensors.py
[2025-05-20T03:14:13.298+0000] {logging_mixin.py:190} INFO - [2025-05-20T03:14:13.298+0000] {dag.py:3229} INFO - Sync 1 DAGs
[2025-05-20T03:14:13.333+0000] {logging_mixin.py:190} INFO - [2025-05-20T03:14:13.333+0000] {dag.py:4156} INFO - Setting next_dagrun for example_sensors to None, run_after=None
[2025-05-20T03:14:13.411+0000] {processor.py:208} INFO - Processing /home/airflow/.local/lib/python3.12/site-packages/airflow/example_dags/example_sensors.py took 0.260 seconds
[2025-05-20T03:14:43.655+0000] {processor.py:186} INFO - Started process (PID=2631) to work on /home/airflow/.local/lib/python3.12/site-packages/airflow/example_dags/example_sensors.py
[2025-05-20T03:14:43.660+0000] {processor.py:914} INFO - Processing file /home/airflow/.local/lib/python3.12/site-packages/airflow/example_dags/example_sensors.py for tasks to queue
[2025-05-20T03:14:43.663+0000] {logging_mixin.py:190} INFO - [2025-05-20T03:14:43.662+0000] {dagbag.py:587} INFO - Filling up the DagBag from /home/airflow/.local/lib/python3.12/site-packages/airflow/example_dags/example_sensors.py
[2025-05-20T03:14:43.699+0000] {processor.py:925} INFO - DAG(s) 'example_sensors' retrieved from /home/airflow/.local/lib/python3.12/site-packages/airflow/example_dags/example_sensors.py
[2025-05-20T03:14:43.806+0000] {logging_mixin.py:190} INFO - [2025-05-20T03:14:43.805+0000] {dag.py:3229} INFO - Sync 1 DAGs
[2025-05-20T03:14:43.880+0000] {logging_mixin.py:190} INFO - [2025-05-20T03:14:43.880+0000] {dag.py:4156} INFO - Setting next_dagrun for example_sensors to None, run_after=None
[2025-05-20T03:14:44.000+0000] {processor.py:208} INFO - Processing /home/airflow/.local/lib/python3.12/site-packages/airflow/example_dags/example_sensors.py took 0.349 seconds
[2025-05-20T03:15:16.772+0000] {processor.py:186} INFO - Started process (PID=2694) to work on /home/airflow/.local/lib/python3.12/site-packages/airflow/example_dags/example_sensors.py
[2025-05-20T03:15:16.776+0000] {processor.py:914} INFO - Processing file /home/airflow/.local/lib/python3.12/site-packages/airflow/example_dags/example_sensors.py for tasks to queue
[2025-05-20T03:15:16.783+0000] {logging_mixin.py:190} INFO - [2025-05-20T03:15:16.782+0000] {dagbag.py:587} INFO - Filling up the DagBag from /home/airflow/.local/lib/python3.12/site-packages/airflow/example_dags/example_sensors.py
[2025-05-20T03:15:16.804+0000] {processor.py:925} INFO - DAG(s) 'example_sensors' retrieved from /home/airflow/.local/lib/python3.12/site-packages/airflow/example_dags/example_sensors.py
[2025-05-20T03:15:16.873+0000] {logging_mixin.py:190} INFO - [2025-05-20T03:15:16.873+0000] {dag.py:3229} INFO - Sync 1 DAGs
[2025-05-20T03:15:16.930+0000] {logging_mixin.py:190} INFO - [2025-05-20T03:15:16.928+0000] {dag.py:4156} INFO - Setting next_dagrun for example_sensors to None, run_after=None
[2025-05-20T03:15:16.991+0000] {processor.py:208} INFO - Processing /home/airflow/.local/lib/python3.12/site-packages/airflow/example_dags/example_sensors.py took 0.223 seconds
[2025-05-20T03:15:47.133+0000] {processor.py:186} INFO - Started process (PID=2757) to work on /home/airflow/.local/lib/python3.12/site-packages/airflow/example_dags/example_sensors.py
[2025-05-20T03:15:47.135+0000] {processor.py:914} INFO - Processing file /home/airflow/.local/lib/python3.12/site-packages/airflow/example_dags/example_sensors.py for tasks to queue
[2025-05-20T03:15:47.145+0000] {logging_mixin.py:190} INFO - [2025-05-20T03:15:47.144+0000] {dagbag.py:587} INFO - Filling up the DagBag from /home/airflow/.local/lib/python3.12/site-packages/airflow/example_dags/example_sensors.py
[2025-05-20T03:15:47.165+0000] {processor.py:925} INFO - DAG(s) 'example_sensors' retrieved from /home/airflow/.local/lib/python3.12/site-packages/airflow/example_dags/example_sensors.py
[2025-05-20T03:15:47.249+0000] {logging_mixin.py:190} INFO - [2025-05-20T03:15:47.249+0000] {dag.py:3229} INFO - Sync 1 DAGs
[2025-05-20T03:15:47.267+0000] {logging_mixin.py:190} INFO - [2025-05-20T03:15:47.267+0000] {dag.py:4156} INFO - Setting next_dagrun for example_sensors to None, run_after=None
[2025-05-20T03:15:47.319+0000] {processor.py:208} INFO - Processing /home/airflow/.local/lib/python3.12/site-packages/airflow/example_dags/example_sensors.py took 0.190 seconds
[2025-05-20T03:16:18.588+0000] {processor.py:186} INFO - Started process (PID=2820) to work on /home/airflow/.local/lib/python3.12/site-packages/airflow/example_dags/example_sensors.py
[2025-05-20T03:16:18.595+0000] {processor.py:914} INFO - Processing file /home/airflow/.local/lib/python3.12/site-packages/airflow/example_dags/example_sensors.py for tasks to queue
[2025-05-20T03:16:18.599+0000] {logging_mixin.py:190} INFO - [2025-05-20T03:16:18.598+0000] {dagbag.py:587} INFO - Filling up the DagBag from /home/airflow/.local/lib/python3.12/site-packages/airflow/example_dags/example_sensors.py
[2025-05-20T03:16:18.618+0000] {processor.py:925} INFO - DAG(s) 'example_sensors' retrieved from /home/airflow/.local/lib/python3.12/site-packages/airflow/example_dags/example_sensors.py
[2025-05-20T03:16:18.965+0000] {logging_mixin.py:190} INFO - [2025-05-20T03:16:18.963+0000] {dag.py:3229} INFO - Sync 1 DAGs
[2025-05-20T03:16:19.013+0000] {logging_mixin.py:190} INFO - [2025-05-20T03:16:19.012+0000] {dag.py:4156} INFO - Setting next_dagrun for example_sensors to None, run_after=None
[2025-05-20T03:16:19.067+0000] {processor.py:208} INFO - Processing /home/airflow/.local/lib/python3.12/site-packages/airflow/example_dags/example_sensors.py took 0.483 seconds
[2025-05-20T03:16:50.113+0000] {processor.py:186} INFO - Started process (PID=2883) to work on /home/airflow/.local/lib/python3.12/site-packages/airflow/example_dags/example_sensors.py
[2025-05-20T03:16:50.114+0000] {processor.py:914} INFO - Processing file /home/airflow/.local/lib/python3.12/site-packages/airflow/example_dags/example_sensors.py for tasks to queue
[2025-05-20T03:16:50.124+0000] {logging_mixin.py:190} INFO - [2025-05-20T03:16:50.122+0000] {dagbag.py:587} INFO - Filling up the DagBag from /home/airflow/.local/lib/python3.12/site-packages/airflow/example_dags/example_sensors.py
[2025-05-20T03:16:50.135+0000] {processor.py:925} INFO - DAG(s) 'example_sensors' retrieved from /home/airflow/.local/lib/python3.12/site-packages/airflow/example_dags/example_sensors.py
[2025-05-20T03:16:50.204+0000] {logging_mixin.py:190} INFO - [2025-05-20T03:16:50.202+0000] {dag.py:3229} INFO - Sync 1 DAGs
[2025-05-20T03:16:50.221+0000] {logging_mixin.py:190} INFO - [2025-05-20T03:16:50.221+0000] {dag.py:4156} INFO - Setting next_dagrun for example_sensors to None, run_after=None
[2025-05-20T03:16:50.268+0000] {processor.py:208} INFO - Processing /home/airflow/.local/lib/python3.12/site-packages/airflow/example_dags/example_sensors.py took 0.160 seconds
[2025-05-20T03:17:22.119+0000] {processor.py:186} INFO - Started process (PID=2946) to work on /home/airflow/.local/lib/python3.12/site-packages/airflow/example_dags/example_sensors.py
[2025-05-20T03:17:22.123+0000] {processor.py:914} INFO - Processing file /home/airflow/.local/lib/python3.12/site-packages/airflow/example_dags/example_sensors.py for tasks to queue
[2025-05-20T03:17:22.142+0000] {logging_mixin.py:190} INFO - [2025-05-20T03:17:22.141+0000] {dagbag.py:587} INFO - Filling up the DagBag from /home/airflow/.local/lib/python3.12/site-packages/airflow/example_dags/example_sensors.py
[2025-05-20T03:17:22.168+0000] {processor.py:925} INFO - DAG(s) 'example_sensors' retrieved from /home/airflow/.local/lib/python3.12/site-packages/airflow/example_dags/example_sensors.py
[2025-05-20T03:17:22.231+0000] {logging_mixin.py:190} INFO - [2025-05-20T03:17:22.230+0000] {dag.py:3229} INFO - Sync 1 DAGs
[2025-05-20T03:17:22.263+0000] {logging_mixin.py:190} INFO - [2025-05-20T03:17:22.262+0000] {dag.py:4156} INFO - Setting next_dagrun for example_sensors to None, run_after=None
[2025-05-20T03:17:22.328+0000] {processor.py:208} INFO - Processing /home/airflow/.local/lib/python3.12/site-packages/airflow/example_dags/example_sensors.py took 0.214 seconds
[2025-05-20T03:17:53.131+0000] {processor.py:186} INFO - Started process (PID=3009) to work on /home/airflow/.local/lib/python3.12/site-packages/airflow/example_dags/example_sensors.py
[2025-05-20T03:17:53.133+0000] {processor.py:914} INFO - Processing file /home/airflow/.local/lib/python3.12/site-packages/airflow/example_dags/example_sensors.py for tasks to queue
[2025-05-20T03:17:53.138+0000] {logging_mixin.py:190} INFO - [2025-05-20T03:17:53.137+0000] {dagbag.py:587} INFO - Filling up the DagBag from /home/airflow/.local/lib/python3.12/site-packages/airflow/example_dags/example_sensors.py
[2025-05-20T03:17:53.167+0000] {processor.py:925} INFO - DAG(s) 'example_sensors' retrieved from /home/airflow/.local/lib/python3.12/site-packages/airflow/example_dags/example_sensors.py
[2025-05-20T03:17:53.225+0000] {logging_mixin.py:190} INFO - [2025-05-20T03:17:53.224+0000] {dag.py:3229} INFO - Sync 1 DAGs
[2025-05-20T03:17:53.284+0000] {logging_mixin.py:190} INFO - [2025-05-20T03:17:53.283+0000] {dag.py:4156} INFO - Setting next_dagrun for example_sensors to None, run_after=None
[2025-05-20T03:17:53.401+0000] {processor.py:208} INFO - Processing /home/airflow/.local/lib/python3.12/site-packages/airflow/example_dags/example_sensors.py took 0.274 seconds
[2025-05-20T03:18:25.575+0000] {processor.py:186} INFO - Started process (PID=3071) to work on /home/airflow/.local/lib/python3.12/site-packages/airflow/example_dags/example_sensors.py
[2025-05-20T03:18:25.590+0000] {processor.py:914} INFO - Processing file /home/airflow/.local/lib/python3.12/site-packages/airflow/example_dags/example_sensors.py for tasks to queue
[2025-05-20T03:18:25.594+0000] {logging_mixin.py:190} INFO - [2025-05-20T03:18:25.594+0000] {dagbag.py:587} INFO - Filling up the DagBag from /home/airflow/.local/lib/python3.12/site-packages/airflow/example_dags/example_sensors.py
[2025-05-20T03:18:25.643+0000] {processor.py:925} INFO - DAG(s) 'example_sensors' retrieved from /home/airflow/.local/lib/python3.12/site-packages/airflow/example_dags/example_sensors.py
[2025-05-20T03:18:26.008+0000] {logging_mixin.py:190} INFO - [2025-05-20T03:18:26.007+0000] {dag.py:3229} INFO - Sync 1 DAGs
[2025-05-20T03:18:26.058+0000] {logging_mixin.py:190} INFO - [2025-05-20T03:18:26.058+0000] {dag.py:4156} INFO - Setting next_dagrun for example_sensors to None, run_after=None
[2025-05-20T03:18:26.134+0000] {processor.py:208} INFO - Processing /home/airflow/.local/lib/python3.12/site-packages/airflow/example_dags/example_sensors.py took 0.564 seconds
[2025-05-20T03:18:56.248+0000] {processor.py:186} INFO - Started process (PID=3134) to work on /home/airflow/.local/lib/python3.12/site-packages/airflow/example_dags/example_sensors.py
[2025-05-20T03:18:56.253+0000] {processor.py:914} INFO - Processing file /home/airflow/.local/lib/python3.12/site-packages/airflow/example_dags/example_sensors.py for tasks to queue
[2025-05-20T03:18:56.261+0000] {logging_mixin.py:190} INFO - [2025-05-20T03:18:56.261+0000] {dagbag.py:587} INFO - Filling up the DagBag from /home/airflow/.local/lib/python3.12/site-packages/airflow/example_dags/example_sensors.py
[2025-05-20T03:18:56.290+0000] {processor.py:925} INFO - DAG(s) 'example_sensors' retrieved from /home/airflow/.local/lib/python3.12/site-packages/airflow/example_dags/example_sensors.py
[2025-05-20T03:18:56.367+0000] {logging_mixin.py:190} INFO - [2025-05-20T03:18:56.366+0000] {dag.py:3229} INFO - Sync 1 DAGs
[2025-05-20T03:18:56.548+0000] {logging_mixin.py:190} INFO - [2025-05-20T03:18:56.546+0000] {dag.py:4156} INFO - Setting next_dagrun for example_sensors to None, run_after=None
[2025-05-20T03:18:56.615+0000] {processor.py:208} INFO - Processing /home/airflow/.local/lib/python3.12/site-packages/airflow/example_dags/example_sensors.py took 0.371 seconds
[2025-05-20T03:19:27.893+0000] {processor.py:186} INFO - Started process (PID=3196) to work on /home/airflow/.local/lib/python3.12/site-packages/airflow/example_dags/example_sensors.py
[2025-05-20T03:19:27.894+0000] {processor.py:914} INFO - Processing file /home/airflow/.local/lib/python3.12/site-packages/airflow/example_dags/example_sensors.py for tasks to queue
[2025-05-20T03:19:27.900+0000] {logging_mixin.py:190} INFO - [2025-05-20T03:19:27.900+0000] {dagbag.py:587} INFO - Filling up the DagBag from /home/airflow/.local/lib/python3.12/site-packages/airflow/example_dags/example_sensors.py
[2025-05-20T03:19:27.932+0000] {processor.py:925} INFO - DAG(s) 'example_sensors' retrieved from /home/airflow/.local/lib/python3.12/site-packages/airflow/example_dags/example_sensors.py
[2025-05-20T03:19:27.976+0000] {logging_mixin.py:190} INFO - [2025-05-20T03:19:27.976+0000] {dag.py:3229} INFO - Sync 1 DAGs
[2025-05-20T03:19:28.141+0000] {logging_mixin.py:190} INFO - [2025-05-20T03:19:28.141+0000] {dag.py:4156} INFO - Setting next_dagrun for example_sensors to None, run_after=None
[2025-05-20T03:19:28.176+0000] {processor.py:208} INFO - Processing /home/airflow/.local/lib/python3.12/site-packages/airflow/example_dags/example_sensors.py took 0.289 seconds
[2025-05-20T03:19:58.809+0000] {processor.py:186} INFO - Started process (PID=3258) to work on /home/airflow/.local/lib/python3.12/site-packages/airflow/example_dags/example_sensors.py
[2025-05-20T03:19:58.813+0000] {processor.py:914} INFO - Processing file /home/airflow/.local/lib/python3.12/site-packages/airflow/example_dags/example_sensors.py for tasks to queue
[2025-05-20T03:19:58.826+0000] {logging_mixin.py:190} INFO - [2025-05-20T03:19:58.825+0000] {dagbag.py:587} INFO - Filling up the DagBag from /home/airflow/.local/lib/python3.12/site-packages/airflow/example_dags/example_sensors.py
[2025-05-20T03:19:58.842+0000] {processor.py:925} INFO - DAG(s) 'example_sensors' retrieved from /home/airflow/.local/lib/python3.12/site-packages/airflow/example_dags/example_sensors.py
[2025-05-20T03:19:58.888+0000] {logging_mixin.py:190} INFO - [2025-05-20T03:19:58.888+0000] {dag.py:3229} INFO - Sync 1 DAGs
[2025-05-20T03:19:58.907+0000] {logging_mixin.py:190} INFO - [2025-05-20T03:19:58.907+0000] {dag.py:4156} INFO - Setting next_dagrun for example_sensors to None, run_after=None
[2025-05-20T03:19:58.981+0000] {processor.py:208} INFO - Processing /home/airflow/.local/lib/python3.12/site-packages/airflow/example_dags/example_sensors.py took 0.179 seconds
[2025-05-20T03:20:29.478+0000] {processor.py:186} INFO - Started process (PID=3321) to work on /home/airflow/.local/lib/python3.12/site-packages/airflow/example_dags/example_sensors.py
[2025-05-20T03:20:29.483+0000] {processor.py:914} INFO - Processing file /home/airflow/.local/lib/python3.12/site-packages/airflow/example_dags/example_sensors.py for tasks to queue
[2025-05-20T03:20:29.503+0000] {logging_mixin.py:190} INFO - [2025-05-20T03:20:29.500+0000] {dagbag.py:587} INFO - Filling up the DagBag from /home/airflow/.local/lib/python3.12/site-packages/airflow/example_dags/example_sensors.py
[2025-05-20T03:20:29.524+0000] {processor.py:925} INFO - DAG(s) 'example_sensors' retrieved from /home/airflow/.local/lib/python3.12/site-packages/airflow/example_dags/example_sensors.py
[2025-05-20T03:20:29.618+0000] {logging_mixin.py:190} INFO - [2025-05-20T03:20:29.617+0000] {dag.py:3229} INFO - Sync 1 DAGs
[2025-05-20T03:20:29.634+0000] {logging_mixin.py:190} INFO - [2025-05-20T03:20:29.633+0000] {dag.py:4156} INFO - Setting next_dagrun for example_sensors to None, run_after=None
[2025-05-20T03:20:29.676+0000] {processor.py:208} INFO - Processing /home/airflow/.local/lib/python3.12/site-packages/airflow/example_dags/example_sensors.py took 0.204 seconds
[2025-05-20T03:20:59.889+0000] {processor.py:186} INFO - Started process (PID=3389) to work on /home/airflow/.local/lib/python3.12/site-packages/airflow/example_dags/example_sensors.py
[2025-05-20T03:20:59.891+0000] {processor.py:914} INFO - Processing file /home/airflow/.local/lib/python3.12/site-packages/airflow/example_dags/example_sensors.py for tasks to queue
[2025-05-20T03:20:59.901+0000] {logging_mixin.py:190} INFO - [2025-05-20T03:20:59.900+0000] {dagbag.py:587} INFO - Filling up the DagBag from /home/airflow/.local/lib/python3.12/site-packages/airflow/example_dags/example_sensors.py
[2025-05-20T03:20:59.915+0000] {processor.py:925} INFO - DAG(s) 'example_sensors' retrieved from /home/airflow/.local/lib/python3.12/site-packages/airflow/example_dags/example_sensors.py
[2025-05-20T03:21:00.009+0000] {logging_mixin.py:190} INFO - [2025-05-20T03:21:00.008+0000] {dag.py:3229} INFO - Sync 1 DAGs
[2025-05-20T03:21:00.043+0000] {logging_mixin.py:190} INFO - [2025-05-20T03:21:00.043+0000] {dag.py:4156} INFO - Setting next_dagrun for example_sensors to None, run_after=None
[2025-05-20T03:21:00.093+0000] {processor.py:208} INFO - Processing /home/airflow/.local/lib/python3.12/site-packages/airflow/example_dags/example_sensors.py took 0.211 seconds
