[2025-05-20T02:50:48.719+0000] {processor.py:186} INFO - Started process (PID=69) to work on /home/airflow/.local/lib/python3.12/site-packages/airflow/example_dags/example_setup_teardown.py
[2025-05-20T02:50:48.721+0000] {processor.py:914} INFO - Processing file /home/airflow/.local/lib/python3.12/site-packages/airflow/example_dags/example_setup_teardown.py for tasks to queue
[2025-05-20T02:50:48.726+0000] {logging_mixin.py:190} INFO - [2025-05-20T02:50:48.724+0000] {dagbag.py:587} INFO - Filling up the DagBag from /home/airflow/.local/lib/python3.12/site-packages/airflow/example_dags/example_setup_teardown.py
[2025-05-20T02:50:48.753+0000] {processor.py:925} INFO - DAG(s) 'example_setup_teardown' retrieved from /home/airflow/.local/lib/python3.12/site-packages/airflow/example_dags/example_setup_teardown.py
[2025-05-20T02:50:49.100+0000] {logging_mixin.py:190} INFO - [2025-05-20T02:50:49.099+0000] {override.py:1900} INFO - Created Permission View: can read on DAG:example_setup_teardown
[2025-05-20T02:50:49.129+0000] {logging_mixin.py:190} INFO - [2025-05-20T02:50:49.128+0000] {override.py:1900} INFO - Created Permission View: can delete on DAG:example_setup_teardown
[2025-05-20T02:50:49.158+0000] {logging_mixin.py:190} INFO - [2025-05-20T02:50:49.156+0000] {override.py:1900} INFO - Created Permission View: can edit on DAG:example_setup_teardown
[2025-05-20T02:50:49.193+0000] {logging_mixin.py:190} INFO - [2025-05-20T02:50:49.192+0000] {override.py:1900} INFO - Created Permission View: can read on DAG Run:example_setup_teardown
[2025-05-20T02:50:49.229+0000] {logging_mixin.py:190} INFO - [2025-05-20T02:50:49.228+0000] {override.py:1900} INFO - Created Permission View: can delete on DAG Run:example_setup_teardown
[2025-05-20T02:50:49.251+0000] {logging_mixin.py:190} INFO - [2025-05-20T02:50:49.250+0000] {override.py:1900} INFO - Created Permission View: can create on DAG Run:example_setup_teardown
[2025-05-20T02:50:49.271+0000] {logging_mixin.py:190} INFO - [2025-05-20T02:50:49.270+0000] {override.py:1900} INFO - Created Permission View: menu access on DAG Run:example_setup_teardown
[2025-05-20T02:50:49.273+0000] {logging_mixin.py:190} INFO - [2025-05-20T02:50:49.272+0000] {dag.py:3229} INFO - Sync 1 DAGs
[2025-05-20T02:50:49.299+0000] {logging_mixin.py:190} INFO - [2025-05-20T02:50:49.299+0000] {dag.py:3252} INFO - Creating ORM DAG for example_setup_teardown
[2025-05-20T02:50:49.301+0000] {logging_mixin.py:190} INFO - [2025-05-20T02:50:49.301+0000] {dag.py:4156} INFO - Setting next_dagrun for example_setup_teardown to None, run_after=None
[2025-05-20T02:50:49.343+0000] {processor.py:208} INFO - Processing /home/airflow/.local/lib/python3.12/site-packages/airflow/example_dags/example_setup_teardown.py took 0.636 seconds
[2025-05-20T02:51:19.728+0000] {processor.py:186} INFO - Started process (PID=131) to work on /home/airflow/.local/lib/python3.12/site-packages/airflow/example_dags/example_setup_teardown.py
[2025-05-20T02:51:19.732+0000] {processor.py:914} INFO - Processing file /home/airflow/.local/lib/python3.12/site-packages/airflow/example_dags/example_setup_teardown.py for tasks to queue
[2025-05-20T02:51:19.751+0000] {logging_mixin.py:190} INFO - [2025-05-20T02:51:19.748+0000] {dagbag.py:587} INFO - Filling up the DagBag from /home/airflow/.local/lib/python3.12/site-packages/airflow/example_dags/example_setup_teardown.py
[2025-05-20T02:51:19.778+0000] {processor.py:925} INFO - DAG(s) 'example_setup_teardown' retrieved from /home/airflow/.local/lib/python3.12/site-packages/airflow/example_dags/example_setup_teardown.py
[2025-05-20T02:51:19.874+0000] {logging_mixin.py:190} INFO - [2025-05-20T02:51:19.873+0000] {dag.py:3229} INFO - Sync 1 DAGs
[2025-05-20T02:51:19.911+0000] {logging_mixin.py:190} INFO - [2025-05-20T02:51:19.911+0000] {dag.py:4156} INFO - Setting next_dagrun for example_setup_teardown to None, run_after=None
[2025-05-20T02:51:19.995+0000] {processor.py:208} INFO - Processing /home/airflow/.local/lib/python3.12/site-packages/airflow/example_dags/example_setup_teardown.py took 0.274 seconds
[2025-05-20T02:51:50.098+0000] {processor.py:186} INFO - Started process (PID=193) to work on /home/airflow/.local/lib/python3.12/site-packages/airflow/example_dags/example_setup_teardown.py
[2025-05-20T02:51:50.100+0000] {processor.py:914} INFO - Processing file /home/airflow/.local/lib/python3.12/site-packages/airflow/example_dags/example_setup_teardown.py for tasks to queue
[2025-05-20T02:51:50.104+0000] {logging_mixin.py:190} INFO - [2025-05-20T02:51:50.104+0000] {dagbag.py:587} INFO - Filling up the DagBag from /home/airflow/.local/lib/python3.12/site-packages/airflow/example_dags/example_setup_teardown.py
[2025-05-20T02:51:50.117+0000] {processor.py:925} INFO - DAG(s) 'example_setup_teardown' retrieved from /home/airflow/.local/lib/python3.12/site-packages/airflow/example_dags/example_setup_teardown.py
[2025-05-20T02:51:50.173+0000] {logging_mixin.py:190} INFO - [2025-05-20T02:51:50.173+0000] {dag.py:3229} INFO - Sync 1 DAGs
[2025-05-20T02:51:50.225+0000] {logging_mixin.py:190} INFO - [2025-05-20T02:51:50.225+0000] {dag.py:4156} INFO - Setting next_dagrun for example_setup_teardown to None, run_after=None
[2025-05-20T02:51:50.264+0000] {processor.py:208} INFO - Processing /home/airflow/.local/lib/python3.12/site-packages/airflow/example_dags/example_setup_teardown.py took 0.170 seconds
[2025-05-20T02:53:54.835+0000] {processor.py:186} INFO - Started process (PID=70) to work on /home/airflow/.local/lib/python3.12/site-packages/airflow/example_dags/example_setup_teardown.py
[2025-05-20T02:53:54.839+0000] {processor.py:914} INFO - Processing file /home/airflow/.local/lib/python3.12/site-packages/airflow/example_dags/example_setup_teardown.py for tasks to queue
[2025-05-20T02:53:54.846+0000] {logging_mixin.py:190} INFO - [2025-05-20T02:53:54.846+0000] {dagbag.py:587} INFO - Filling up the DagBag from /home/airflow/.local/lib/python3.12/site-packages/airflow/example_dags/example_setup_teardown.py
[2025-05-20T02:53:54.882+0000] {processor.py:925} INFO - DAG(s) 'example_setup_teardown' retrieved from /home/airflow/.local/lib/python3.12/site-packages/airflow/example_dags/example_setup_teardown.py
[2025-05-20T02:53:54.961+0000] {logging_mixin.py:190} INFO - [2025-05-20T02:53:54.961+0000] {dag.py:3229} INFO - Sync 1 DAGs
[2025-05-20T02:53:54.992+0000] {logging_mixin.py:190} INFO - [2025-05-20T02:53:54.990+0000] {dag.py:4156} INFO - Setting next_dagrun for example_setup_teardown to None, run_after=None
[2025-05-20T02:53:55.046+0000] {processor.py:208} INFO - Processing /home/airflow/.local/lib/python3.12/site-packages/airflow/example_dags/example_setup_teardown.py took 0.222 seconds
[2025-05-20T02:54:25.187+0000] {processor.py:186} INFO - Started process (PID=133) to work on /home/airflow/.local/lib/python3.12/site-packages/airflow/example_dags/example_setup_teardown.py
[2025-05-20T02:54:25.188+0000] {processor.py:914} INFO - Processing file /home/airflow/.local/lib/python3.12/site-packages/airflow/example_dags/example_setup_teardown.py for tasks to queue
[2025-05-20T02:54:25.193+0000] {logging_mixin.py:190} INFO - [2025-05-20T02:54:25.191+0000] {dagbag.py:587} INFO - Filling up the DagBag from /home/airflow/.local/lib/python3.12/site-packages/airflow/example_dags/example_setup_teardown.py
[2025-05-20T02:54:25.205+0000] {processor.py:925} INFO - DAG(s) 'example_setup_teardown' retrieved from /home/airflow/.local/lib/python3.12/site-packages/airflow/example_dags/example_setup_teardown.py
[2025-05-20T02:54:25.255+0000] {logging_mixin.py:190} INFO - [2025-05-20T02:54:25.255+0000] {dag.py:3229} INFO - Sync 1 DAGs
[2025-05-20T02:54:25.296+0000] {logging_mixin.py:190} INFO - [2025-05-20T02:54:25.296+0000] {dag.py:4156} INFO - Setting next_dagrun for example_setup_teardown to None, run_after=None
[2025-05-20T02:54:25.331+0000] {processor.py:208} INFO - Processing /home/airflow/.local/lib/python3.12/site-packages/airflow/example_dags/example_setup_teardown.py took 0.149 seconds
[2025-05-20T02:54:56.325+0000] {processor.py:186} INFO - Started process (PID=196) to work on /home/airflow/.local/lib/python3.12/site-packages/airflow/example_dags/example_setup_teardown.py
[2025-05-20T02:54:56.329+0000] {processor.py:914} INFO - Processing file /home/airflow/.local/lib/python3.12/site-packages/airflow/example_dags/example_setup_teardown.py for tasks to queue
[2025-05-20T02:54:56.333+0000] {logging_mixin.py:190} INFO - [2025-05-20T02:54:56.333+0000] {dagbag.py:587} INFO - Filling up the DagBag from /home/airflow/.local/lib/python3.12/site-packages/airflow/example_dags/example_setup_teardown.py
[2025-05-20T02:54:56.363+0000] {processor.py:925} INFO - DAG(s) 'example_setup_teardown' retrieved from /home/airflow/.local/lib/python3.12/site-packages/airflow/example_dags/example_setup_teardown.py
[2025-05-20T02:54:56.427+0000] {logging_mixin.py:190} INFO - [2025-05-20T02:54:56.423+0000] {dag.py:3229} INFO - Sync 1 DAGs
[2025-05-20T02:54:56.446+0000] {logging_mixin.py:190} INFO - [2025-05-20T02:54:56.445+0000] {dag.py:4156} INFO - Setting next_dagrun for example_setup_teardown to None, run_after=None
[2025-05-20T02:54:56.515+0000] {processor.py:208} INFO - Processing /home/airflow/.local/lib/python3.12/site-packages/airflow/example_dags/example_setup_teardown.py took 0.193 seconds
[2025-05-20T02:55:26.918+0000] {processor.py:186} INFO - Started process (PID=259) to work on /home/airflow/.local/lib/python3.12/site-packages/airflow/example_dags/example_setup_teardown.py
[2025-05-20T02:55:26.920+0000] {processor.py:914} INFO - Processing file /home/airflow/.local/lib/python3.12/site-packages/airflow/example_dags/example_setup_teardown.py for tasks to queue
[2025-05-20T02:55:26.932+0000] {logging_mixin.py:190} INFO - [2025-05-20T02:55:26.931+0000] {dagbag.py:587} INFO - Filling up the DagBag from /home/airflow/.local/lib/python3.12/site-packages/airflow/example_dags/example_setup_teardown.py
[2025-05-20T02:55:26.940+0000] {processor.py:925} INFO - DAG(s) 'example_setup_teardown' retrieved from /home/airflow/.local/lib/python3.12/site-packages/airflow/example_dags/example_setup_teardown.py
[2025-05-20T02:55:26.988+0000] {logging_mixin.py:190} INFO - [2025-05-20T02:55:26.988+0000] {dag.py:3229} INFO - Sync 1 DAGs
[2025-05-20T02:55:27.011+0000] {logging_mixin.py:190} INFO - [2025-05-20T02:55:27.010+0000] {dag.py:4156} INFO - Setting next_dagrun for example_setup_teardown to None, run_after=None
[2025-05-20T02:55:27.058+0000] {processor.py:208} INFO - Processing /home/airflow/.local/lib/python3.12/site-packages/airflow/example_dags/example_setup_teardown.py took 0.147 seconds
[2025-05-20T02:55:58.341+0000] {processor.py:186} INFO - Started process (PID=322) to work on /home/airflow/.local/lib/python3.12/site-packages/airflow/example_dags/example_setup_teardown.py
[2025-05-20T02:55:58.342+0000] {processor.py:914} INFO - Processing file /home/airflow/.local/lib/python3.12/site-packages/airflow/example_dags/example_setup_teardown.py for tasks to queue
[2025-05-20T02:55:58.348+0000] {logging_mixin.py:190} INFO - [2025-05-20T02:55:58.347+0000] {dagbag.py:587} INFO - Filling up the DagBag from /home/airflow/.local/lib/python3.12/site-packages/airflow/example_dags/example_setup_teardown.py
[2025-05-20T02:55:58.360+0000] {processor.py:925} INFO - DAG(s) 'example_setup_teardown' retrieved from /home/airflow/.local/lib/python3.12/site-packages/airflow/example_dags/example_setup_teardown.py
[2025-05-20T02:55:58.409+0000] {logging_mixin.py:190} INFO - [2025-05-20T02:55:58.408+0000] {dag.py:3229} INFO - Sync 1 DAGs
[2025-05-20T02:55:58.429+0000] {logging_mixin.py:190} INFO - [2025-05-20T02:55:58.428+0000] {dag.py:4156} INFO - Setting next_dagrun for example_setup_teardown to None, run_after=None
[2025-05-20T02:55:58.463+0000] {processor.py:208} INFO - Processing /home/airflow/.local/lib/python3.12/site-packages/airflow/example_dags/example_setup_teardown.py took 0.127 seconds
[2025-05-20T02:56:29.688+0000] {processor.py:186} INFO - Started process (PID=385) to work on /home/airflow/.local/lib/python3.12/site-packages/airflow/example_dags/example_setup_teardown.py
[2025-05-20T02:56:29.690+0000] {processor.py:914} INFO - Processing file /home/airflow/.local/lib/python3.12/site-packages/airflow/example_dags/example_setup_teardown.py for tasks to queue
[2025-05-20T02:56:29.694+0000] {logging_mixin.py:190} INFO - [2025-05-20T02:56:29.694+0000] {dagbag.py:587} INFO - Filling up the DagBag from /home/airflow/.local/lib/python3.12/site-packages/airflow/example_dags/example_setup_teardown.py
[2025-05-20T02:56:29.715+0000] {processor.py:925} INFO - DAG(s) 'example_setup_teardown' retrieved from /home/airflow/.local/lib/python3.12/site-packages/airflow/example_dags/example_setup_teardown.py
[2025-05-20T02:56:29.757+0000] {logging_mixin.py:190} INFO - [2025-05-20T02:56:29.756+0000] {dag.py:3229} INFO - Sync 1 DAGs
[2025-05-20T02:56:29.790+0000] {logging_mixin.py:190} INFO - [2025-05-20T02:56:29.790+0000] {dag.py:4156} INFO - Setting next_dagrun for example_setup_teardown to None, run_after=None
[2025-05-20T02:56:29.850+0000] {processor.py:208} INFO - Processing /home/airflow/.local/lib/python3.12/site-packages/airflow/example_dags/example_setup_teardown.py took 0.169 seconds
[2025-05-20T02:57:00.295+0000] {processor.py:186} INFO - Started process (PID=448) to work on /home/airflow/.local/lib/python3.12/site-packages/airflow/example_dags/example_setup_teardown.py
[2025-05-20T02:57:00.302+0000] {processor.py:914} INFO - Processing file /home/airflow/.local/lib/python3.12/site-packages/airflow/example_dags/example_setup_teardown.py for tasks to queue
[2025-05-20T02:57:00.305+0000] {logging_mixin.py:190} INFO - [2025-05-20T02:57:00.305+0000] {dagbag.py:587} INFO - Filling up the DagBag from /home/airflow/.local/lib/python3.12/site-packages/airflow/example_dags/example_setup_teardown.py
[2025-05-20T02:57:00.330+0000] {processor.py:925} INFO - DAG(s) 'example_setup_teardown' retrieved from /home/airflow/.local/lib/python3.12/site-packages/airflow/example_dags/example_setup_teardown.py
[2025-05-20T02:57:00.377+0000] {logging_mixin.py:190} INFO - [2025-05-20T02:57:00.377+0000] {dag.py:3229} INFO - Sync 1 DAGs
[2025-05-20T02:57:00.416+0000] {logging_mixin.py:190} INFO - [2025-05-20T02:57:00.411+0000] {dag.py:4156} INFO - Setting next_dagrun for example_setup_teardown to None, run_after=None
[2025-05-20T02:57:00.519+0000] {processor.py:208} INFO - Processing /home/airflow/.local/lib/python3.12/site-packages/airflow/example_dags/example_setup_teardown.py took 0.236 seconds
[2025-05-20T02:57:30.825+0000] {processor.py:186} INFO - Started process (PID=511) to work on /home/airflow/.local/lib/python3.12/site-packages/airflow/example_dags/example_setup_teardown.py
[2025-05-20T02:57:30.827+0000] {processor.py:914} INFO - Processing file /home/airflow/.local/lib/python3.12/site-packages/airflow/example_dags/example_setup_teardown.py for tasks to queue
[2025-05-20T02:57:30.829+0000] {logging_mixin.py:190} INFO - [2025-05-20T02:57:30.829+0000] {dagbag.py:587} INFO - Filling up the DagBag from /home/airflow/.local/lib/python3.12/site-packages/airflow/example_dags/example_setup_teardown.py
[2025-05-20T02:57:30.852+0000] {processor.py:925} INFO - DAG(s) 'example_setup_teardown' retrieved from /home/airflow/.local/lib/python3.12/site-packages/airflow/example_dags/example_setup_teardown.py
[2025-05-20T02:57:30.901+0000] {logging_mixin.py:190} INFO - [2025-05-20T02:57:30.899+0000] {dag.py:3229} INFO - Sync 1 DAGs
[2025-05-20T02:57:30.920+0000] {logging_mixin.py:190} INFO - [2025-05-20T02:57:30.920+0000] {dag.py:4156} INFO - Setting next_dagrun for example_setup_teardown to None, run_after=None
[2025-05-20T02:57:30.955+0000] {processor.py:208} INFO - Processing /home/airflow/.local/lib/python3.12/site-packages/airflow/example_dags/example_setup_teardown.py took 0.136 seconds
[2025-05-20T02:58:01.565+0000] {processor.py:186} INFO - Started process (PID=574) to work on /home/airflow/.local/lib/python3.12/site-packages/airflow/example_dags/example_setup_teardown.py
[2025-05-20T02:58:01.570+0000] {processor.py:914} INFO - Processing file /home/airflow/.local/lib/python3.12/site-packages/airflow/example_dags/example_setup_teardown.py for tasks to queue
[2025-05-20T02:58:01.574+0000] {logging_mixin.py:190} INFO - [2025-05-20T02:58:01.573+0000] {dagbag.py:587} INFO - Filling up the DagBag from /home/airflow/.local/lib/python3.12/site-packages/airflow/example_dags/example_setup_teardown.py
[2025-05-20T02:58:01.587+0000] {processor.py:925} INFO - DAG(s) 'example_setup_teardown' retrieved from /home/airflow/.local/lib/python3.12/site-packages/airflow/example_dags/example_setup_teardown.py
[2025-05-20T02:58:01.634+0000] {logging_mixin.py:190} INFO - [2025-05-20T02:58:01.628+0000] {dag.py:3229} INFO - Sync 1 DAGs
[2025-05-20T02:58:01.665+0000] {logging_mixin.py:190} INFO - [2025-05-20T02:58:01.664+0000] {dag.py:4156} INFO - Setting next_dagrun for example_setup_teardown to None, run_after=None
[2025-05-20T02:58:01.714+0000] {processor.py:208} INFO - Processing /home/airflow/.local/lib/python3.12/site-packages/airflow/example_dags/example_setup_teardown.py took 0.165 seconds
[2025-05-20T02:58:32.452+0000] {processor.py:186} INFO - Started process (PID=638) to work on /home/airflow/.local/lib/python3.12/site-packages/airflow/example_dags/example_setup_teardown.py
[2025-05-20T02:58:32.453+0000] {processor.py:914} INFO - Processing file /home/airflow/.local/lib/python3.12/site-packages/airflow/example_dags/example_setup_teardown.py for tasks to queue
[2025-05-20T02:58:32.456+0000] {logging_mixin.py:190} INFO - [2025-05-20T02:58:32.455+0000] {dagbag.py:587} INFO - Filling up the DagBag from /home/airflow/.local/lib/python3.12/site-packages/airflow/example_dags/example_setup_teardown.py
[2025-05-20T02:58:32.481+0000] {processor.py:925} INFO - DAG(s) 'example_setup_teardown' retrieved from /home/airflow/.local/lib/python3.12/site-packages/airflow/example_dags/example_setup_teardown.py
[2025-05-20T02:58:32.526+0000] {logging_mixin.py:190} INFO - [2025-05-20T02:58:32.525+0000] {dag.py:3229} INFO - Sync 1 DAGs
[2025-05-20T02:58:32.573+0000] {logging_mixin.py:190} INFO - [2025-05-20T02:58:32.573+0000] {dag.py:4156} INFO - Setting next_dagrun for example_setup_teardown to None, run_after=None
[2025-05-20T02:58:32.623+0000] {processor.py:208} INFO - Processing /home/airflow/.local/lib/python3.12/site-packages/airflow/example_dags/example_setup_teardown.py took 0.177 seconds
[2025-05-20T02:59:03.133+0000] {processor.py:186} INFO - Started process (PID=701) to work on /home/airflow/.local/lib/python3.12/site-packages/airflow/example_dags/example_setup_teardown.py
[2025-05-20T02:59:03.135+0000] {processor.py:914} INFO - Processing file /home/airflow/.local/lib/python3.12/site-packages/airflow/example_dags/example_setup_teardown.py for tasks to queue
[2025-05-20T02:59:03.138+0000] {logging_mixin.py:190} INFO - [2025-05-20T02:59:03.138+0000] {dagbag.py:587} INFO - Filling up the DagBag from /home/airflow/.local/lib/python3.12/site-packages/airflow/example_dags/example_setup_teardown.py
[2025-05-20T02:59:03.144+0000] {processor.py:925} INFO - DAG(s) 'example_setup_teardown' retrieved from /home/airflow/.local/lib/python3.12/site-packages/airflow/example_dags/example_setup_teardown.py
[2025-05-20T02:59:03.164+0000] {logging_mixin.py:190} INFO - [2025-05-20T02:59:03.163+0000] {dag.py:3229} INFO - Sync 1 DAGs
[2025-05-20T02:59:03.181+0000] {logging_mixin.py:190} INFO - [2025-05-20T02:59:03.181+0000] {dag.py:4156} INFO - Setting next_dagrun for example_setup_teardown to None, run_after=None
[2025-05-20T02:59:03.201+0000] {processor.py:208} INFO - Processing /home/airflow/.local/lib/python3.12/site-packages/airflow/example_dags/example_setup_teardown.py took 0.074 seconds
[2025-05-20T02:59:33.581+0000] {processor.py:186} INFO - Started process (PID=764) to work on /home/airflow/.local/lib/python3.12/site-packages/airflow/example_dags/example_setup_teardown.py
[2025-05-20T02:59:33.583+0000] {processor.py:914} INFO - Processing file /home/airflow/.local/lib/python3.12/site-packages/airflow/example_dags/example_setup_teardown.py for tasks to queue
[2025-05-20T02:59:33.591+0000] {logging_mixin.py:190} INFO - [2025-05-20T02:59:33.590+0000] {dagbag.py:587} INFO - Filling up the DagBag from /home/airflow/.local/lib/python3.12/site-packages/airflow/example_dags/example_setup_teardown.py
[2025-05-20T02:59:33.620+0000] {processor.py:925} INFO - DAG(s) 'example_setup_teardown' retrieved from /home/airflow/.local/lib/python3.12/site-packages/airflow/example_dags/example_setup_teardown.py
[2025-05-20T02:59:33.649+0000] {logging_mixin.py:190} INFO - [2025-05-20T02:59:33.649+0000] {dag.py:3229} INFO - Sync 1 DAGs
[2025-05-20T02:59:33.681+0000] {logging_mixin.py:190} INFO - [2025-05-20T02:59:33.681+0000] {dag.py:4156} INFO - Setting next_dagrun for example_setup_teardown to None, run_after=None
[2025-05-20T02:59:33.716+0000] {processor.py:208} INFO - Processing /home/airflow/.local/lib/python3.12/site-packages/airflow/example_dags/example_setup_teardown.py took 0.140 seconds
[2025-05-20T03:00:03.997+0000] {processor.py:186} INFO - Started process (PID=827) to work on /home/airflow/.local/lib/python3.12/site-packages/airflow/example_dags/example_setup_teardown.py
[2025-05-20T03:00:04.001+0000] {processor.py:914} INFO - Processing file /home/airflow/.local/lib/python3.12/site-packages/airflow/example_dags/example_setup_teardown.py for tasks to queue
[2025-05-20T03:00:04.011+0000] {logging_mixin.py:190} INFO - [2025-05-20T03:00:04.010+0000] {dagbag.py:587} INFO - Filling up the DagBag from /home/airflow/.local/lib/python3.12/site-packages/airflow/example_dags/example_setup_teardown.py
[2025-05-20T03:00:04.024+0000] {processor.py:925} INFO - DAG(s) 'example_setup_teardown' retrieved from /home/airflow/.local/lib/python3.12/site-packages/airflow/example_dags/example_setup_teardown.py
[2025-05-20T03:00:04.081+0000] {logging_mixin.py:190} INFO - [2025-05-20T03:00:04.075+0000] {dag.py:3229} INFO - Sync 1 DAGs
[2025-05-20T03:00:04.104+0000] {logging_mixin.py:190} INFO - [2025-05-20T03:00:04.104+0000] {dag.py:4156} INFO - Setting next_dagrun for example_setup_teardown to None, run_after=None
[2025-05-20T03:00:04.184+0000] {processor.py:208} INFO - Processing /home/airflow/.local/lib/python3.12/site-packages/airflow/example_dags/example_setup_teardown.py took 0.193 seconds
[2025-05-20T03:00:34.902+0000] {processor.py:186} INFO - Started process (PID=890) to work on /home/airflow/.local/lib/python3.12/site-packages/airflow/example_dags/example_setup_teardown.py
[2025-05-20T03:00:34.905+0000] {processor.py:914} INFO - Processing file /home/airflow/.local/lib/python3.12/site-packages/airflow/example_dags/example_setup_teardown.py for tasks to queue
[2025-05-20T03:00:34.918+0000] {logging_mixin.py:190} INFO - [2025-05-20T03:00:34.913+0000] {dagbag.py:587} INFO - Filling up the DagBag from /home/airflow/.local/lib/python3.12/site-packages/airflow/example_dags/example_setup_teardown.py
[2025-05-20T03:00:34.951+0000] {processor.py:925} INFO - DAG(s) 'example_setup_teardown' retrieved from /home/airflow/.local/lib/python3.12/site-packages/airflow/example_dags/example_setup_teardown.py
[2025-05-20T03:00:35.025+0000] {logging_mixin.py:190} INFO - [2025-05-20T03:00:35.023+0000] {dag.py:3229} INFO - Sync 1 DAGs
[2025-05-20T03:00:35.050+0000] {logging_mixin.py:190} INFO - [2025-05-20T03:00:35.050+0000] {dag.py:4156} INFO - Setting next_dagrun for example_setup_teardown to None, run_after=None
[2025-05-20T03:00:35.092+0000] {processor.py:208} INFO - Processing /home/airflow/.local/lib/python3.12/site-packages/airflow/example_dags/example_setup_teardown.py took 0.194 seconds
[2025-05-20T03:01:05.602+0000] {processor.py:186} INFO - Started process (PID=952) to work on /home/airflow/.local/lib/python3.12/site-packages/airflow/example_dags/example_setup_teardown.py
[2025-05-20T03:01:05.604+0000] {processor.py:914} INFO - Processing file /home/airflow/.local/lib/python3.12/site-packages/airflow/example_dags/example_setup_teardown.py for tasks to queue
[2025-05-20T03:01:05.607+0000] {logging_mixin.py:190} INFO - [2025-05-20T03:01:05.606+0000] {dagbag.py:587} INFO - Filling up the DagBag from /home/airflow/.local/lib/python3.12/site-packages/airflow/example_dags/example_setup_teardown.py
[2025-05-20T03:01:05.627+0000] {processor.py:925} INFO - DAG(s) 'example_setup_teardown' retrieved from /home/airflow/.local/lib/python3.12/site-packages/airflow/example_dags/example_setup_teardown.py
[2025-05-20T03:01:05.705+0000] {logging_mixin.py:190} INFO - [2025-05-20T03:01:05.704+0000] {dag.py:3229} INFO - Sync 1 DAGs
[2025-05-20T03:01:05.731+0000] {logging_mixin.py:190} INFO - [2025-05-20T03:01:05.731+0000] {dag.py:4156} INFO - Setting next_dagrun for example_setup_teardown to None, run_after=None
[2025-05-20T03:01:05.811+0000] {processor.py:208} INFO - Processing /home/airflow/.local/lib/python3.12/site-packages/airflow/example_dags/example_setup_teardown.py took 0.214 seconds
[2025-05-20T03:01:36.502+0000] {processor.py:186} INFO - Started process (PID=1014) to work on /home/airflow/.local/lib/python3.12/site-packages/airflow/example_dags/example_setup_teardown.py
[2025-05-20T03:01:36.506+0000] {processor.py:914} INFO - Processing file /home/airflow/.local/lib/python3.12/site-packages/airflow/example_dags/example_setup_teardown.py for tasks to queue
[2025-05-20T03:01:36.517+0000] {logging_mixin.py:190} INFO - [2025-05-20T03:01:36.516+0000] {dagbag.py:587} INFO - Filling up the DagBag from /home/airflow/.local/lib/python3.12/site-packages/airflow/example_dags/example_setup_teardown.py
[2025-05-20T03:01:36.560+0000] {processor.py:925} INFO - DAG(s) 'example_setup_teardown' retrieved from /home/airflow/.local/lib/python3.12/site-packages/airflow/example_dags/example_setup_teardown.py
[2025-05-20T03:01:36.605+0000] {logging_mixin.py:190} INFO - [2025-05-20T03:01:36.605+0000] {dag.py:3229} INFO - Sync 1 DAGs
[2025-05-20T03:01:36.634+0000] {logging_mixin.py:190} INFO - [2025-05-20T03:01:36.632+0000] {dag.py:4156} INFO - Setting next_dagrun for example_setup_teardown to None, run_after=None
[2025-05-20T03:01:36.710+0000] {processor.py:208} INFO - Processing /home/airflow/.local/lib/python3.12/site-packages/airflow/example_dags/example_setup_teardown.py took 0.217 seconds
[2025-05-20T03:02:07.116+0000] {processor.py:186} INFO - Started process (PID=1077) to work on /home/airflow/.local/lib/python3.12/site-packages/airflow/example_dags/example_setup_teardown.py
[2025-05-20T03:02:07.117+0000] {processor.py:914} INFO - Processing file /home/airflow/.local/lib/python3.12/site-packages/airflow/example_dags/example_setup_teardown.py for tasks to queue
[2025-05-20T03:02:07.121+0000] {logging_mixin.py:190} INFO - [2025-05-20T03:02:07.121+0000] {dagbag.py:587} INFO - Filling up the DagBag from /home/airflow/.local/lib/python3.12/site-packages/airflow/example_dags/example_setup_teardown.py
[2025-05-20T03:02:07.133+0000] {processor.py:925} INFO - DAG(s) 'example_setup_teardown' retrieved from /home/airflow/.local/lib/python3.12/site-packages/airflow/example_dags/example_setup_teardown.py
[2025-05-20T03:02:07.170+0000] {logging_mixin.py:190} INFO - [2025-05-20T03:02:07.168+0000] {dag.py:3229} INFO - Sync 1 DAGs
[2025-05-20T03:02:07.192+0000] {logging_mixin.py:190} INFO - [2025-05-20T03:02:07.192+0000] {dag.py:4156} INFO - Setting next_dagrun for example_setup_teardown to None, run_after=None
[2025-05-20T03:02:07.224+0000] {processor.py:208} INFO - Processing /home/airflow/.local/lib/python3.12/site-packages/airflow/example_dags/example_setup_teardown.py took 0.118 seconds
[2025-05-20T03:02:37.688+0000] {processor.py:186} INFO - Started process (PID=1140) to work on /home/airflow/.local/lib/python3.12/site-packages/airflow/example_dags/example_setup_teardown.py
[2025-05-20T03:02:37.692+0000] {processor.py:914} INFO - Processing file /home/airflow/.local/lib/python3.12/site-packages/airflow/example_dags/example_setup_teardown.py for tasks to queue
[2025-05-20T03:02:37.698+0000] {logging_mixin.py:190} INFO - [2025-05-20T03:02:37.696+0000] {dagbag.py:587} INFO - Filling up the DagBag from /home/airflow/.local/lib/python3.12/site-packages/airflow/example_dags/example_setup_teardown.py
[2025-05-20T03:02:37.736+0000] {processor.py:925} INFO - DAG(s) 'example_setup_teardown' retrieved from /home/airflow/.local/lib/python3.12/site-packages/airflow/example_dags/example_setup_teardown.py
[2025-05-20T03:02:37.806+0000] {logging_mixin.py:190} INFO - [2025-05-20T03:02:37.805+0000] {dag.py:3229} INFO - Sync 1 DAGs
[2025-05-20T03:02:37.829+0000] {logging_mixin.py:190} INFO - [2025-05-20T03:02:37.829+0000] {dag.py:4156} INFO - Setting next_dagrun for example_setup_teardown to None, run_after=None
[2025-05-20T03:02:37.890+0000] {processor.py:208} INFO - Processing /home/airflow/.local/lib/python3.12/site-packages/airflow/example_dags/example_setup_teardown.py took 0.206 seconds
[2025-05-20T03:03:08.605+0000] {processor.py:186} INFO - Started process (PID=1202) to work on /home/airflow/.local/lib/python3.12/site-packages/airflow/example_dags/example_setup_teardown.py
[2025-05-20T03:03:08.606+0000] {processor.py:914} INFO - Processing file /home/airflow/.local/lib/python3.12/site-packages/airflow/example_dags/example_setup_teardown.py for tasks to queue
[2025-05-20T03:03:08.610+0000] {logging_mixin.py:190} INFO - [2025-05-20T03:03:08.609+0000] {dagbag.py:587} INFO - Filling up the DagBag from /home/airflow/.local/lib/python3.12/site-packages/airflow/example_dags/example_setup_teardown.py
[2025-05-20T03:03:08.617+0000] {processor.py:925} INFO - DAG(s) 'example_setup_teardown' retrieved from /home/airflow/.local/lib/python3.12/site-packages/airflow/example_dags/example_setup_teardown.py
[2025-05-20T03:03:08.651+0000] {logging_mixin.py:190} INFO - [2025-05-20T03:03:08.651+0000] {dag.py:3229} INFO - Sync 1 DAGs
[2025-05-20T03:03:08.681+0000] {logging_mixin.py:190} INFO - [2025-05-20T03:03:08.679+0000] {dag.py:4156} INFO - Setting next_dagrun for example_setup_teardown to None, run_after=None
[2025-05-20T03:03:08.711+0000] {processor.py:208} INFO - Processing /home/airflow/.local/lib/python3.12/site-packages/airflow/example_dags/example_setup_teardown.py took 0.109 seconds
[2025-05-20T03:03:39.257+0000] {processor.py:186} INFO - Started process (PID=1264) to work on /home/airflow/.local/lib/python3.12/site-packages/airflow/example_dags/example_setup_teardown.py
[2025-05-20T03:03:39.260+0000] {processor.py:914} INFO - Processing file /home/airflow/.local/lib/python3.12/site-packages/airflow/example_dags/example_setup_teardown.py for tasks to queue
[2025-05-20T03:03:39.290+0000] {logging_mixin.py:190} INFO - [2025-05-20T03:03:39.286+0000] {dagbag.py:587} INFO - Filling up the DagBag from /home/airflow/.local/lib/python3.12/site-packages/airflow/example_dags/example_setup_teardown.py
[2025-05-20T03:03:39.307+0000] {processor.py:925} INFO - DAG(s) 'example_setup_teardown' retrieved from /home/airflow/.local/lib/python3.12/site-packages/airflow/example_dags/example_setup_teardown.py
[2025-05-20T03:03:39.342+0000] {logging_mixin.py:190} INFO - [2025-05-20T03:03:39.342+0000] {dag.py:3229} INFO - Sync 1 DAGs
[2025-05-20T03:03:39.357+0000] {logging_mixin.py:190} INFO - [2025-05-20T03:03:39.357+0000] {dag.py:4156} INFO - Setting next_dagrun for example_setup_teardown to None, run_after=None
[2025-05-20T03:03:39.438+0000] {processor.py:208} INFO - Processing /home/airflow/.local/lib/python3.12/site-packages/airflow/example_dags/example_setup_teardown.py took 0.188 seconds
[2025-05-20T03:04:09.681+0000] {processor.py:186} INFO - Started process (PID=1327) to work on /home/airflow/.local/lib/python3.12/site-packages/airflow/example_dags/example_setup_teardown.py
[2025-05-20T03:04:09.690+0000] {processor.py:914} INFO - Processing file /home/airflow/.local/lib/python3.12/site-packages/airflow/example_dags/example_setup_teardown.py for tasks to queue
[2025-05-20T03:04:09.693+0000] {logging_mixin.py:190} INFO - [2025-05-20T03:04:09.693+0000] {dagbag.py:587} INFO - Filling up the DagBag from /home/airflow/.local/lib/python3.12/site-packages/airflow/example_dags/example_setup_teardown.py
[2025-05-20T03:04:09.705+0000] {processor.py:925} INFO - DAG(s) 'example_setup_teardown' retrieved from /home/airflow/.local/lib/python3.12/site-packages/airflow/example_dags/example_setup_teardown.py
[2025-05-20T03:04:09.770+0000] {logging_mixin.py:190} INFO - [2025-05-20T03:04:09.770+0000] {dag.py:3229} INFO - Sync 1 DAGs
[2025-05-20T03:04:09.815+0000] {logging_mixin.py:190} INFO - [2025-05-20T03:04:09.815+0000] {dag.py:4156} INFO - Setting next_dagrun for example_setup_teardown to None, run_after=None
[2025-05-20T03:04:09.878+0000] {processor.py:208} INFO - Processing /home/airflow/.local/lib/python3.12/site-packages/airflow/example_dags/example_setup_teardown.py took 0.207 seconds
[2025-05-20T03:04:40.975+0000] {processor.py:186} INFO - Started process (PID=1390) to work on /home/airflow/.local/lib/python3.12/site-packages/airflow/example_dags/example_setup_teardown.py
[2025-05-20T03:04:40.979+0000] {processor.py:914} INFO - Processing file /home/airflow/.local/lib/python3.12/site-packages/airflow/example_dags/example_setup_teardown.py for tasks to queue
[2025-05-20T03:04:40.982+0000] {logging_mixin.py:190} INFO - [2025-05-20T03:04:40.981+0000] {dagbag.py:587} INFO - Filling up the DagBag from /home/airflow/.local/lib/python3.12/site-packages/airflow/example_dags/example_setup_teardown.py
[2025-05-20T03:04:41.004+0000] {processor.py:925} INFO - DAG(s) 'example_setup_teardown' retrieved from /home/airflow/.local/lib/python3.12/site-packages/airflow/example_dags/example_setup_teardown.py
[2025-05-20T03:04:41.055+0000] {logging_mixin.py:190} INFO - [2025-05-20T03:04:41.055+0000] {dag.py:3229} INFO - Sync 1 DAGs
[2025-05-20T03:04:41.095+0000] {logging_mixin.py:190} INFO - [2025-05-20T03:04:41.094+0000] {dag.py:4156} INFO - Setting next_dagrun for example_setup_teardown to None, run_after=None
[2025-05-20T03:04:41.163+0000] {processor.py:208} INFO - Processing /home/airflow/.local/lib/python3.12/site-packages/airflow/example_dags/example_setup_teardown.py took 0.206 seconds
[2025-05-20T03:05:11.381+0000] {processor.py:186} INFO - Started process (PID=1453) to work on /home/airflow/.local/lib/python3.12/site-packages/airflow/example_dags/example_setup_teardown.py
[2025-05-20T03:05:11.385+0000] {processor.py:914} INFO - Processing file /home/airflow/.local/lib/python3.12/site-packages/airflow/example_dags/example_setup_teardown.py for tasks to queue
[2025-05-20T03:05:11.391+0000] {logging_mixin.py:190} INFO - [2025-05-20T03:05:11.391+0000] {dagbag.py:587} INFO - Filling up the DagBag from /home/airflow/.local/lib/python3.12/site-packages/airflow/example_dags/example_setup_teardown.py
[2025-05-20T03:05:11.418+0000] {processor.py:925} INFO - DAG(s) 'example_setup_teardown' retrieved from /home/airflow/.local/lib/python3.12/site-packages/airflow/example_dags/example_setup_teardown.py
[2025-05-20T03:05:11.470+0000] {logging_mixin.py:190} INFO - [2025-05-20T03:05:11.469+0000] {dag.py:3229} INFO - Sync 1 DAGs
[2025-05-20T03:05:11.491+0000] {logging_mixin.py:190} INFO - [2025-05-20T03:05:11.491+0000] {dag.py:4156} INFO - Setting next_dagrun for example_setup_teardown to None, run_after=None
[2025-05-20T03:05:11.525+0000] {processor.py:208} INFO - Processing /home/airflow/.local/lib/python3.12/site-packages/airflow/example_dags/example_setup_teardown.py took 0.148 seconds
[2025-05-20T03:05:42.752+0000] {processor.py:186} INFO - Started process (PID=1516) to work on /home/airflow/.local/lib/python3.12/site-packages/airflow/example_dags/example_setup_teardown.py
[2025-05-20T03:05:42.753+0000] {processor.py:914} INFO - Processing file /home/airflow/.local/lib/python3.12/site-packages/airflow/example_dags/example_setup_teardown.py for tasks to queue
[2025-05-20T03:05:42.756+0000] {logging_mixin.py:190} INFO - [2025-05-20T03:05:42.756+0000] {dagbag.py:587} INFO - Filling up the DagBag from /home/airflow/.local/lib/python3.12/site-packages/airflow/example_dags/example_setup_teardown.py
[2025-05-20T03:05:42.783+0000] {processor.py:925} INFO - DAG(s) 'example_setup_teardown' retrieved from /home/airflow/.local/lib/python3.12/site-packages/airflow/example_dags/example_setup_teardown.py
[2025-05-20T03:05:42.829+0000] {logging_mixin.py:190} INFO - [2025-05-20T03:05:42.827+0000] {dag.py:3229} INFO - Sync 1 DAGs
[2025-05-20T03:05:42.852+0000] {logging_mixin.py:190} INFO - [2025-05-20T03:05:42.852+0000] {dag.py:4156} INFO - Setting next_dagrun for example_setup_teardown to None, run_after=None
[2025-05-20T03:05:42.929+0000] {processor.py:208} INFO - Processing /home/airflow/.local/lib/python3.12/site-packages/airflow/example_dags/example_setup_teardown.py took 0.181 seconds
[2025-05-20T03:06:14.037+0000] {processor.py:186} INFO - Started process (PID=1579) to work on /home/airflow/.local/lib/python3.12/site-packages/airflow/example_dags/example_setup_teardown.py
[2025-05-20T03:06:14.040+0000] {processor.py:914} INFO - Processing file /home/airflow/.local/lib/python3.12/site-packages/airflow/example_dags/example_setup_teardown.py for tasks to queue
[2025-05-20T03:06:14.045+0000] {logging_mixin.py:190} INFO - [2025-05-20T03:06:14.045+0000] {dagbag.py:587} INFO - Filling up the DagBag from /home/airflow/.local/lib/python3.12/site-packages/airflow/example_dags/example_setup_teardown.py
[2025-05-20T03:06:14.089+0000] {processor.py:925} INFO - DAG(s) 'example_setup_teardown' retrieved from /home/airflow/.local/lib/python3.12/site-packages/airflow/example_dags/example_setup_teardown.py
[2025-05-20T03:06:14.140+0000] {logging_mixin.py:190} INFO - [2025-05-20T03:06:14.139+0000] {dag.py:3229} INFO - Sync 1 DAGs
[2025-05-20T03:06:14.163+0000] {logging_mixin.py:190} INFO - [2025-05-20T03:06:14.162+0000] {dag.py:4156} INFO - Setting next_dagrun for example_setup_teardown to None, run_after=None
[2025-05-20T03:06:14.215+0000] {processor.py:208} INFO - Processing /home/airflow/.local/lib/python3.12/site-packages/airflow/example_dags/example_setup_teardown.py took 0.182 seconds
[2025-05-20T03:06:44.860+0000] {processor.py:186} INFO - Started process (PID=1642) to work on /home/airflow/.local/lib/python3.12/site-packages/airflow/example_dags/example_setup_teardown.py
[2025-05-20T03:06:44.876+0000] {processor.py:914} INFO - Processing file /home/airflow/.local/lib/python3.12/site-packages/airflow/example_dags/example_setup_teardown.py for tasks to queue
[2025-05-20T03:06:44.900+0000] {logging_mixin.py:190} INFO - [2025-05-20T03:06:44.898+0000] {dagbag.py:587} INFO - Filling up the DagBag from /home/airflow/.local/lib/python3.12/site-packages/airflow/example_dags/example_setup_teardown.py
[2025-05-20T03:06:44.920+0000] {processor.py:925} INFO - DAG(s) 'example_setup_teardown' retrieved from /home/airflow/.local/lib/python3.12/site-packages/airflow/example_dags/example_setup_teardown.py
[2025-05-20T03:06:45.013+0000] {logging_mixin.py:190} INFO - [2025-05-20T03:06:45.013+0000] {dag.py:3229} INFO - Sync 1 DAGs
[2025-05-20T03:06:45.049+0000] {logging_mixin.py:190} INFO - [2025-05-20T03:06:45.049+0000] {dag.py:4156} INFO - Setting next_dagrun for example_setup_teardown to None, run_after=None
[2025-05-20T03:06:45.126+0000] {processor.py:208} INFO - Processing /home/airflow/.local/lib/python3.12/site-packages/airflow/example_dags/example_setup_teardown.py took 0.273 seconds
[2025-05-20T03:07:15.580+0000] {processor.py:186} INFO - Started process (PID=1705) to work on /home/airflow/.local/lib/python3.12/site-packages/airflow/example_dags/example_setup_teardown.py
[2025-05-20T03:07:15.583+0000] {processor.py:914} INFO - Processing file /home/airflow/.local/lib/python3.12/site-packages/airflow/example_dags/example_setup_teardown.py for tasks to queue
[2025-05-20T03:07:15.599+0000] {logging_mixin.py:190} INFO - [2025-05-20T03:07:15.598+0000] {dagbag.py:587} INFO - Filling up the DagBag from /home/airflow/.local/lib/python3.12/site-packages/airflow/example_dags/example_setup_teardown.py
[2025-05-20T03:07:15.610+0000] {processor.py:925} INFO - DAG(s) 'example_setup_teardown' retrieved from /home/airflow/.local/lib/python3.12/site-packages/airflow/example_dags/example_setup_teardown.py
[2025-05-20T03:07:15.661+0000] {logging_mixin.py:190} INFO - [2025-05-20T03:07:15.661+0000] {dag.py:3229} INFO - Sync 1 DAGs
[2025-05-20T03:07:15.676+0000] {logging_mixin.py:190} INFO - [2025-05-20T03:07:15.676+0000] {dag.py:4156} INFO - Setting next_dagrun for example_setup_teardown to None, run_after=None
[2025-05-20T03:07:15.716+0000] {processor.py:208} INFO - Processing /home/airflow/.local/lib/python3.12/site-packages/airflow/example_dags/example_setup_teardown.py took 0.141 seconds
[2025-05-20T03:07:46.876+0000] {processor.py:186} INFO - Started process (PID=1767) to work on /home/airflow/.local/lib/python3.12/site-packages/airflow/example_dags/example_setup_teardown.py
[2025-05-20T03:07:46.882+0000] {processor.py:914} INFO - Processing file /home/airflow/.local/lib/python3.12/site-packages/airflow/example_dags/example_setup_teardown.py for tasks to queue
[2025-05-20T03:07:46.910+0000] {logging_mixin.py:190} INFO - [2025-05-20T03:07:46.905+0000] {dagbag.py:587} INFO - Filling up the DagBag from /home/airflow/.local/lib/python3.12/site-packages/airflow/example_dags/example_setup_teardown.py
[2025-05-20T03:07:46.949+0000] {processor.py:925} INFO - DAG(s) 'example_setup_teardown' retrieved from /home/airflow/.local/lib/python3.12/site-packages/airflow/example_dags/example_setup_teardown.py
[2025-05-20T03:07:47.051+0000] {logging_mixin.py:190} INFO - [2025-05-20T03:07:47.050+0000] {dag.py:3229} INFO - Sync 1 DAGs
[2025-05-20T03:07:47.096+0000] {logging_mixin.py:190} INFO - [2025-05-20T03:07:47.096+0000] {dag.py:4156} INFO - Setting next_dagrun for example_setup_teardown to None, run_after=None
[2025-05-20T03:07:47.194+0000] {processor.py:208} INFO - Processing /home/airflow/.local/lib/python3.12/site-packages/airflow/example_dags/example_setup_teardown.py took 0.323 seconds
[2025-05-20T03:08:18.065+0000] {processor.py:186} INFO - Started process (PID=1829) to work on /home/airflow/.local/lib/python3.12/site-packages/airflow/example_dags/example_setup_teardown.py
[2025-05-20T03:08:18.067+0000] {processor.py:914} INFO - Processing file /home/airflow/.local/lib/python3.12/site-packages/airflow/example_dags/example_setup_teardown.py for tasks to queue
[2025-05-20T03:08:18.071+0000] {logging_mixin.py:190} INFO - [2025-05-20T03:08:18.071+0000] {dagbag.py:587} INFO - Filling up the DagBag from /home/airflow/.local/lib/python3.12/site-packages/airflow/example_dags/example_setup_teardown.py
[2025-05-20T03:08:18.090+0000] {processor.py:925} INFO - DAG(s) 'example_setup_teardown' retrieved from /home/airflow/.local/lib/python3.12/site-packages/airflow/example_dags/example_setup_teardown.py
[2025-05-20T03:08:18.115+0000] {logging_mixin.py:190} INFO - [2025-05-20T03:08:18.114+0000] {dag.py:3229} INFO - Sync 1 DAGs
[2025-05-20T03:08:18.134+0000] {logging_mixin.py:190} INFO - [2025-05-20T03:08:18.134+0000] {dag.py:4156} INFO - Setting next_dagrun for example_setup_teardown to None, run_after=None
[2025-05-20T03:08:18.175+0000] {processor.py:208} INFO - Processing /home/airflow/.local/lib/python3.12/site-packages/airflow/example_dags/example_setup_teardown.py took 0.115 seconds
[2025-05-20T03:08:49.067+0000] {processor.py:186} INFO - Started process (PID=1892) to work on /home/airflow/.local/lib/python3.12/site-packages/airflow/example_dags/example_setup_teardown.py
[2025-05-20T03:08:49.069+0000] {processor.py:914} INFO - Processing file /home/airflow/.local/lib/python3.12/site-packages/airflow/example_dags/example_setup_teardown.py for tasks to queue
[2025-05-20T03:08:49.074+0000] {logging_mixin.py:190} INFO - [2025-05-20T03:08:49.074+0000] {dagbag.py:587} INFO - Filling up the DagBag from /home/airflow/.local/lib/python3.12/site-packages/airflow/example_dags/example_setup_teardown.py
[2025-05-20T03:08:49.097+0000] {processor.py:925} INFO - DAG(s) 'example_setup_teardown' retrieved from /home/airflow/.local/lib/python3.12/site-packages/airflow/example_dags/example_setup_teardown.py
[2025-05-20T03:08:49.145+0000] {logging_mixin.py:190} INFO - [2025-05-20T03:08:49.143+0000] {dag.py:3229} INFO - Sync 1 DAGs
[2025-05-20T03:08:49.184+0000] {logging_mixin.py:190} INFO - [2025-05-20T03:08:49.183+0000] {dag.py:4156} INFO - Setting next_dagrun for example_setup_teardown to None, run_after=None
[2025-05-20T03:08:49.239+0000] {processor.py:208} INFO - Processing /home/airflow/.local/lib/python3.12/site-packages/airflow/example_dags/example_setup_teardown.py took 0.180 seconds
[2025-05-20T03:09:19.541+0000] {processor.py:186} INFO - Started process (PID=1956) to work on /home/airflow/.local/lib/python3.12/site-packages/airflow/example_dags/example_setup_teardown.py
[2025-05-20T03:09:19.543+0000] {processor.py:914} INFO - Processing file /home/airflow/.local/lib/python3.12/site-packages/airflow/example_dags/example_setup_teardown.py for tasks to queue
[2025-05-20T03:09:19.551+0000] {logging_mixin.py:190} INFO - [2025-05-20T03:09:19.550+0000] {dagbag.py:587} INFO - Filling up the DagBag from /home/airflow/.local/lib/python3.12/site-packages/airflow/example_dags/example_setup_teardown.py
[2025-05-20T03:09:19.571+0000] {processor.py:925} INFO - DAG(s) 'example_setup_teardown' retrieved from /home/airflow/.local/lib/python3.12/site-packages/airflow/example_dags/example_setup_teardown.py
[2025-05-20T03:09:19.594+0000] {logging_mixin.py:190} INFO - [2025-05-20T03:09:19.593+0000] {dag.py:3229} INFO - Sync 1 DAGs
[2025-05-20T03:09:19.631+0000] {logging_mixin.py:190} INFO - [2025-05-20T03:09:19.631+0000] {dag.py:4156} INFO - Setting next_dagrun for example_setup_teardown to None, run_after=None
[2025-05-20T03:09:19.685+0000] {processor.py:208} INFO - Processing /home/airflow/.local/lib/python3.12/site-packages/airflow/example_dags/example_setup_teardown.py took 0.150 seconds
[2025-05-20T03:09:50.808+0000] {processor.py:186} INFO - Started process (PID=2019) to work on /home/airflow/.local/lib/python3.12/site-packages/airflow/example_dags/example_setup_teardown.py
[2025-05-20T03:09:50.810+0000] {processor.py:914} INFO - Processing file /home/airflow/.local/lib/python3.12/site-packages/airflow/example_dags/example_setup_teardown.py for tasks to queue
[2025-05-20T03:09:50.814+0000] {logging_mixin.py:190} INFO - [2025-05-20T03:09:50.813+0000] {dagbag.py:587} INFO - Filling up the DagBag from /home/airflow/.local/lib/python3.12/site-packages/airflow/example_dags/example_setup_teardown.py
[2025-05-20T03:09:50.824+0000] {processor.py:925} INFO - DAG(s) 'example_setup_teardown' retrieved from /home/airflow/.local/lib/python3.12/site-packages/airflow/example_dags/example_setup_teardown.py
[2025-05-20T03:09:50.880+0000] {logging_mixin.py:190} INFO - [2025-05-20T03:09:50.880+0000] {dag.py:3229} INFO - Sync 1 DAGs
[2025-05-20T03:09:50.901+0000] {logging_mixin.py:190} INFO - [2025-05-20T03:09:50.901+0000] {dag.py:4156} INFO - Setting next_dagrun for example_setup_teardown to None, run_after=None
[2025-05-20T03:09:50.976+0000] {processor.py:208} INFO - Processing /home/airflow/.local/lib/python3.12/site-packages/airflow/example_dags/example_setup_teardown.py took 0.171 seconds
[2025-05-20T03:10:21.194+0000] {processor.py:186} INFO - Started process (PID=2082) to work on /home/airflow/.local/lib/python3.12/site-packages/airflow/example_dags/example_setup_teardown.py
[2025-05-20T03:10:21.195+0000] {processor.py:914} INFO - Processing file /home/airflow/.local/lib/python3.12/site-packages/airflow/example_dags/example_setup_teardown.py for tasks to queue
[2025-05-20T03:10:21.201+0000] {logging_mixin.py:190} INFO - [2025-05-20T03:10:21.200+0000] {dagbag.py:587} INFO - Filling up the DagBag from /home/airflow/.local/lib/python3.12/site-packages/airflow/example_dags/example_setup_teardown.py
[2025-05-20T03:10:21.214+0000] {processor.py:925} INFO - DAG(s) 'example_setup_teardown' retrieved from /home/airflow/.local/lib/python3.12/site-packages/airflow/example_dags/example_setup_teardown.py
[2025-05-20T03:10:21.252+0000] {logging_mixin.py:190} INFO - [2025-05-20T03:10:21.251+0000] {dag.py:3229} INFO - Sync 1 DAGs
[2025-05-20T03:10:21.284+0000] {logging_mixin.py:190} INFO - [2025-05-20T03:10:21.283+0000] {dag.py:4156} INFO - Setting next_dagrun for example_setup_teardown to None, run_after=None
[2025-05-20T03:10:21.316+0000] {processor.py:208} INFO - Processing /home/airflow/.local/lib/python3.12/site-packages/airflow/example_dags/example_setup_teardown.py took 0.128 seconds
[2025-05-20T03:10:51.654+0000] {processor.py:186} INFO - Started process (PID=2145) to work on /home/airflow/.local/lib/python3.12/site-packages/airflow/example_dags/example_setup_teardown.py
[2025-05-20T03:10:51.659+0000] {processor.py:914} INFO - Processing file /home/airflow/.local/lib/python3.12/site-packages/airflow/example_dags/example_setup_teardown.py for tasks to queue
[2025-05-20T03:10:51.677+0000] {logging_mixin.py:190} INFO - [2025-05-20T03:10:51.676+0000] {dagbag.py:587} INFO - Filling up the DagBag from /home/airflow/.local/lib/python3.12/site-packages/airflow/example_dags/example_setup_teardown.py
[2025-05-20T03:10:51.706+0000] {processor.py:925} INFO - DAG(s) 'example_setup_teardown' retrieved from /home/airflow/.local/lib/python3.12/site-packages/airflow/example_dags/example_setup_teardown.py
[2025-05-20T03:10:51.772+0000] {logging_mixin.py:190} INFO - [2025-05-20T03:10:51.772+0000] {dag.py:3229} INFO - Sync 1 DAGs
[2025-05-20T03:10:51.805+0000] {logging_mixin.py:190} INFO - [2025-05-20T03:10:51.800+0000] {dag.py:4156} INFO - Setting next_dagrun for example_setup_teardown to None, run_after=None
[2025-05-20T03:10:51.883+0000] {processor.py:208} INFO - Processing /home/airflow/.local/lib/python3.12/site-packages/airflow/example_dags/example_setup_teardown.py took 0.233 seconds
[2025-05-20T03:11:22.894+0000] {processor.py:186} INFO - Started process (PID=2207) to work on /home/airflow/.local/lib/python3.12/site-packages/airflow/example_dags/example_setup_teardown.py
[2025-05-20T03:11:22.895+0000] {processor.py:914} INFO - Processing file /home/airflow/.local/lib/python3.12/site-packages/airflow/example_dags/example_setup_teardown.py for tasks to queue
[2025-05-20T03:11:22.903+0000] {logging_mixin.py:190} INFO - [2025-05-20T03:11:22.903+0000] {dagbag.py:587} INFO - Filling up the DagBag from /home/airflow/.local/lib/python3.12/site-packages/airflow/example_dags/example_setup_teardown.py
[2025-05-20T03:11:22.920+0000] {processor.py:925} INFO - DAG(s) 'example_setup_teardown' retrieved from /home/airflow/.local/lib/python3.12/site-packages/airflow/example_dags/example_setup_teardown.py
[2025-05-20T03:11:22.975+0000] {logging_mixin.py:190} INFO - [2025-05-20T03:11:22.975+0000] {dag.py:3229} INFO - Sync 1 DAGs
[2025-05-20T03:11:23.006+0000] {logging_mixin.py:190} INFO - [2025-05-20T03:11:23.006+0000] {dag.py:4156} INFO - Setting next_dagrun for example_setup_teardown to None, run_after=None
[2025-05-20T03:11:23.071+0000] {processor.py:208} INFO - Processing /home/airflow/.local/lib/python3.12/site-packages/airflow/example_dags/example_setup_teardown.py took 0.180 seconds
