[2025-05-20T02:51:03.927+0000] {processor.py:186} INFO - Started process (PID=111) to work on /home/airflow/.local/lib/python3.12/site-packages/airflow/example_dags/example_python_operator.py
[2025-05-20T02:51:03.929+0000] {processor.py:914} INFO - Processing file /home/airflow/.local/lib/python3.12/site-packages/airflow/example_dags/example_python_operator.py for tasks to queue
[2025-05-20T02:51:03.934+0000] {logging_mixin.py:190} INFO - [2025-05-20T02:51:03.933+0000] {dagbag.py:587} INFO - Filling up the DagBag from /home/airflow/.local/lib/python3.12/site-packages/airflow/example_dags/example_python_operator.py
[2025-05-20T02:51:03.958+0000] {processor.py:925} INFO - DAG(s) 'example_python_operator' retrieved from /home/airflow/.local/lib/python3.12/site-packages/airflow/example_dags/example_python_operator.py
[2025-05-20T02:51:04.062+0000] {logging_mixin.py:190} INFO - [2025-05-20T02:51:04.061+0000] {override.py:1900} INFO - Created Permission View: can read on DAG:example_python_operator
[2025-05-20T02:51:04.087+0000] {logging_mixin.py:190} INFO - [2025-05-20T02:51:04.085+0000] {override.py:1900} INFO - Created Permission View: can delete on DAG:example_python_operator
[2025-05-20T02:51:04.104+0000] {logging_mixin.py:190} INFO - [2025-05-20T02:51:04.103+0000] {override.py:1900} INFO - Created Permission View: can edit on DAG:example_python_operator
[2025-05-20T02:51:04.133+0000] {logging_mixin.py:190} INFO - [2025-05-20T02:51:04.130+0000] {override.py:1900} INFO - Created Permission View: can read on DAG Run:example_python_operator
[2025-05-20T02:51:04.155+0000] {logging_mixin.py:190} INFO - [2025-05-20T02:51:04.154+0000] {override.py:1900} INFO - Created Permission View: can delete on DAG Run:example_python_operator
[2025-05-20T02:51:04.168+0000] {logging_mixin.py:190} INFO - [2025-05-20T02:51:04.168+0000] {override.py:1900} INFO - Created Permission View: can create on DAG Run:example_python_operator
[2025-05-20T02:51:04.194+0000] {logging_mixin.py:190} INFO - [2025-05-20T02:51:04.194+0000] {override.py:1900} INFO - Created Permission View: menu access on DAG Run:example_python_operator
[2025-05-20T02:51:04.197+0000] {logging_mixin.py:190} INFO - [2025-05-20T02:51:04.196+0000] {dag.py:3229} INFO - Sync 1 DAGs
[2025-05-20T02:51:04.216+0000] {logging_mixin.py:190} INFO - [2025-05-20T02:51:04.214+0000] {dag.py:3252} INFO - Creating ORM DAG for example_python_operator
[2025-05-20T02:51:04.222+0000] {logging_mixin.py:190} INFO - [2025-05-20T02:51:04.222+0000] {dag.py:4156} INFO - Setting next_dagrun for example_python_operator to None, run_after=None
[2025-05-20T02:51:04.264+0000] {processor.py:208} INFO - Processing /home/airflow/.local/lib/python3.12/site-packages/airflow/example_dags/example_python_operator.py took 0.346 seconds
[2025-05-20T02:51:34.894+0000] {processor.py:186} INFO - Started process (PID=173) to work on /home/airflow/.local/lib/python3.12/site-packages/airflow/example_dags/example_python_operator.py
[2025-05-20T02:51:34.897+0000] {processor.py:914} INFO - Processing file /home/airflow/.local/lib/python3.12/site-packages/airflow/example_dags/example_python_operator.py for tasks to queue
[2025-05-20T02:51:34.907+0000] {logging_mixin.py:190} INFO - [2025-05-20T02:51:34.906+0000] {dagbag.py:587} INFO - Filling up the DagBag from /home/airflow/.local/lib/python3.12/site-packages/airflow/example_dags/example_python_operator.py
[2025-05-20T02:51:34.960+0000] {processor.py:925} INFO - DAG(s) 'example_python_operator' retrieved from /home/airflow/.local/lib/python3.12/site-packages/airflow/example_dags/example_python_operator.py
[2025-05-20T02:51:35.062+0000] {logging_mixin.py:190} INFO - [2025-05-20T02:51:35.062+0000] {dag.py:3229} INFO - Sync 1 DAGs
[2025-05-20T02:51:35.123+0000] {logging_mixin.py:190} INFO - [2025-05-20T02:51:35.121+0000] {dag.py:4156} INFO - Setting next_dagrun for example_python_operator to None, run_after=None
[2025-05-20T02:51:35.289+0000] {processor.py:208} INFO - Processing /home/airflow/.local/lib/python3.12/site-packages/airflow/example_dags/example_python_operator.py took 0.420 seconds
[2025-05-20T02:52:06.093+0000] {processor.py:186} INFO - Started process (PID=235) to work on /home/airflow/.local/lib/python3.12/site-packages/airflow/example_dags/example_python_operator.py
[2025-05-20T02:52:06.095+0000] {processor.py:914} INFO - Processing file /home/airflow/.local/lib/python3.12/site-packages/airflow/example_dags/example_python_operator.py for tasks to queue
[2025-05-20T02:52:06.099+0000] {logging_mixin.py:190} INFO - [2025-05-20T02:52:06.098+0000] {dagbag.py:587} INFO - Filling up the DagBag from /home/airflow/.local/lib/python3.12/site-packages/airflow/example_dags/example_python_operator.py
[2025-05-20T02:52:06.114+0000] {processor.py:925} INFO - DAG(s) 'example_python_operator' retrieved from /home/airflow/.local/lib/python3.12/site-packages/airflow/example_dags/example_python_operator.py
[2025-05-20T02:52:06.207+0000] {logging_mixin.py:190} INFO - [2025-05-20T02:52:06.206+0000] {dag.py:3229} INFO - Sync 1 DAGs
[2025-05-20T02:52:06.231+0000] {logging_mixin.py:190} INFO - [2025-05-20T02:52:06.231+0000] {dag.py:4156} INFO - Setting next_dagrun for example_python_operator to None, run_after=None
[2025-05-20T02:52:06.299+0000] {processor.py:208} INFO - Processing /home/airflow/.local/lib/python3.12/site-packages/airflow/example_dags/example_python_operator.py took 0.212 seconds
[2025-05-20T02:54:02.471+0000] {processor.py:186} INFO - Started process (PID=112) to work on /home/airflow/.local/lib/python3.12/site-packages/airflow/example_dags/example_python_operator.py
[2025-05-20T02:54:02.473+0000] {processor.py:914} INFO - Processing file /home/airflow/.local/lib/python3.12/site-packages/airflow/example_dags/example_python_operator.py for tasks to queue
[2025-05-20T02:54:02.482+0000] {logging_mixin.py:190} INFO - [2025-05-20T02:54:02.482+0000] {dagbag.py:587} INFO - Filling up the DagBag from /home/airflow/.local/lib/python3.12/site-packages/airflow/example_dags/example_python_operator.py
[2025-05-20T02:54:02.502+0000] {processor.py:925} INFO - DAG(s) 'example_python_operator' retrieved from /home/airflow/.local/lib/python3.12/site-packages/airflow/example_dags/example_python_operator.py
[2025-05-20T02:54:02.682+0000] {logging_mixin.py:190} INFO - [2025-05-20T02:54:02.682+0000] {dag.py:3229} INFO - Sync 1 DAGs
[2025-05-20T02:54:02.715+0000] {logging_mixin.py:190} INFO - [2025-05-20T02:54:02.714+0000] {dag.py:4156} INFO - Setting next_dagrun for example_python_operator to None, run_after=None
[2025-05-20T02:54:02.780+0000] {processor.py:208} INFO - Processing /home/airflow/.local/lib/python3.12/site-packages/airflow/example_dags/example_python_operator.py took 0.313 seconds
[2025-05-20T02:54:33.157+0000] {processor.py:186} INFO - Started process (PID=175) to work on /home/airflow/.local/lib/python3.12/site-packages/airflow/example_dags/example_python_operator.py
[2025-05-20T02:54:33.159+0000] {processor.py:914} INFO - Processing file /home/airflow/.local/lib/python3.12/site-packages/airflow/example_dags/example_python_operator.py for tasks to queue
[2025-05-20T02:54:33.169+0000] {logging_mixin.py:190} INFO - [2025-05-20T02:54:33.168+0000] {dagbag.py:587} INFO - Filling up the DagBag from /home/airflow/.local/lib/python3.12/site-packages/airflow/example_dags/example_python_operator.py
[2025-05-20T02:54:33.216+0000] {processor.py:925} INFO - DAG(s) 'example_python_operator' retrieved from /home/airflow/.local/lib/python3.12/site-packages/airflow/example_dags/example_python_operator.py
[2025-05-20T02:54:33.273+0000] {logging_mixin.py:190} INFO - [2025-05-20T02:54:33.273+0000] {dag.py:3229} INFO - Sync 1 DAGs
[2025-05-20T02:54:33.298+0000] {logging_mixin.py:190} INFO - [2025-05-20T02:54:33.298+0000] {dag.py:4156} INFO - Setting next_dagrun for example_python_operator to None, run_after=None
[2025-05-20T02:54:33.384+0000] {processor.py:208} INFO - Processing /home/airflow/.local/lib/python3.12/site-packages/airflow/example_dags/example_python_operator.py took 0.243 seconds
[2025-05-20T02:55:04.818+0000] {processor.py:186} INFO - Started process (PID=238) to work on /home/airflow/.local/lib/python3.12/site-packages/airflow/example_dags/example_python_operator.py
[2025-05-20T02:55:04.823+0000] {processor.py:914} INFO - Processing file /home/airflow/.local/lib/python3.12/site-packages/airflow/example_dags/example_python_operator.py for tasks to queue
[2025-05-20T02:55:04.832+0000] {logging_mixin.py:190} INFO - [2025-05-20T02:55:04.831+0000] {dagbag.py:587} INFO - Filling up the DagBag from /home/airflow/.local/lib/python3.12/site-packages/airflow/example_dags/example_python_operator.py
[2025-05-20T02:55:04.954+0000] {processor.py:925} INFO - DAG(s) 'example_python_operator' retrieved from /home/airflow/.local/lib/python3.12/site-packages/airflow/example_dags/example_python_operator.py
[2025-05-20T02:55:05.080+0000] {logging_mixin.py:190} INFO - [2025-05-20T02:55:05.079+0000] {dag.py:3229} INFO - Sync 1 DAGs
[2025-05-20T02:55:05.128+0000] {logging_mixin.py:190} INFO - [2025-05-20T02:55:05.128+0000] {dag.py:4156} INFO - Setting next_dagrun for example_python_operator to None, run_after=None
[2025-05-20T02:55:05.185+0000] {processor.py:208} INFO - Processing /home/airflow/.local/lib/python3.12/site-packages/airflow/example_dags/example_python_operator.py took 0.379 seconds
[2025-05-20T02:55:35.239+0000] {processor.py:186} INFO - Started process (PID=301) to work on /home/airflow/.local/lib/python3.12/site-packages/airflow/example_dags/example_python_operator.py
[2025-05-20T02:55:35.243+0000] {processor.py:914} INFO - Processing file /home/airflow/.local/lib/python3.12/site-packages/airflow/example_dags/example_python_operator.py for tasks to queue
[2025-05-20T02:55:35.253+0000] {logging_mixin.py:190} INFO - [2025-05-20T02:55:35.252+0000] {dagbag.py:587} INFO - Filling up the DagBag from /home/airflow/.local/lib/python3.12/site-packages/airflow/example_dags/example_python_operator.py
[2025-05-20T02:55:35.263+0000] {processor.py:925} INFO - DAG(s) 'example_python_operator' retrieved from /home/airflow/.local/lib/python3.12/site-packages/airflow/example_dags/example_python_operator.py
[2025-05-20T02:55:35.319+0000] {logging_mixin.py:190} INFO - [2025-05-20T02:55:35.319+0000] {dag.py:3229} INFO - Sync 1 DAGs
[2025-05-20T02:55:35.343+0000] {logging_mixin.py:190} INFO - [2025-05-20T02:55:35.342+0000] {dag.py:4156} INFO - Setting next_dagrun for example_python_operator to None, run_after=None
[2025-05-20T02:55:35.400+0000] {processor.py:208} INFO - Processing /home/airflow/.local/lib/python3.12/site-packages/airflow/example_dags/example_python_operator.py took 0.164 seconds
[2025-05-20T02:56:06.776+0000] {processor.py:186} INFO - Started process (PID=364) to work on /home/airflow/.local/lib/python3.12/site-packages/airflow/example_dags/example_python_operator.py
[2025-05-20T02:56:06.777+0000] {processor.py:914} INFO - Processing file /home/airflow/.local/lib/python3.12/site-packages/airflow/example_dags/example_python_operator.py for tasks to queue
[2025-05-20T02:56:06.782+0000] {logging_mixin.py:190} INFO - [2025-05-20T02:56:06.781+0000] {dagbag.py:587} INFO - Filling up the DagBag from /home/airflow/.local/lib/python3.12/site-packages/airflow/example_dags/example_python_operator.py
[2025-05-20T02:56:06.793+0000] {processor.py:925} INFO - DAG(s) 'example_python_operator' retrieved from /home/airflow/.local/lib/python3.12/site-packages/airflow/example_dags/example_python_operator.py
[2025-05-20T02:56:06.836+0000] {logging_mixin.py:190} INFO - [2025-05-20T02:56:06.836+0000] {dag.py:3229} INFO - Sync 1 DAGs
[2025-05-20T02:56:06.849+0000] {logging_mixin.py:190} INFO - [2025-05-20T02:56:06.849+0000] {dag.py:4156} INFO - Setting next_dagrun for example_python_operator to None, run_after=None
[2025-05-20T02:56:06.926+0000] {processor.py:208} INFO - Processing /home/airflow/.local/lib/python3.12/site-packages/airflow/example_dags/example_python_operator.py took 0.154 seconds
[2025-05-20T02:56:39.169+0000] {processor.py:186} INFO - Started process (PID=428) to work on /home/airflow/.local/lib/python3.12/site-packages/airflow/example_dags/example_python_operator.py
[2025-05-20T02:56:39.173+0000] {processor.py:914} INFO - Processing file /home/airflow/.local/lib/python3.12/site-packages/airflow/example_dags/example_python_operator.py for tasks to queue
[2025-05-20T02:56:39.185+0000] {logging_mixin.py:190} INFO - [2025-05-20T02:56:39.185+0000] {dagbag.py:587} INFO - Filling up the DagBag from /home/airflow/.local/lib/python3.12/site-packages/airflow/example_dags/example_python_operator.py
[2025-05-20T02:56:39.207+0000] {processor.py:925} INFO - DAG(s) 'example_python_operator' retrieved from /home/airflow/.local/lib/python3.12/site-packages/airflow/example_dags/example_python_operator.py
[2025-05-20T02:56:39.259+0000] {logging_mixin.py:190} INFO - [2025-05-20T02:56:39.259+0000] {dag.py:3229} INFO - Sync 1 DAGs
[2025-05-20T02:56:39.311+0000] {logging_mixin.py:190} INFO - [2025-05-20T02:56:39.309+0000] {dag.py:4156} INFO - Setting next_dagrun for example_python_operator to None, run_after=None
[2025-05-20T02:56:39.382+0000] {processor.py:208} INFO - Processing /home/airflow/.local/lib/python3.12/site-packages/airflow/example_dags/example_python_operator.py took 0.218 seconds
[2025-05-20T02:57:09.874+0000] {processor.py:186} INFO - Started process (PID=491) to work on /home/airflow/.local/lib/python3.12/site-packages/airflow/example_dags/example_python_operator.py
[2025-05-20T02:57:09.876+0000] {processor.py:914} INFO - Processing file /home/airflow/.local/lib/python3.12/site-packages/airflow/example_dags/example_python_operator.py for tasks to queue
[2025-05-20T02:57:09.884+0000] {logging_mixin.py:190} INFO - [2025-05-20T02:57:09.881+0000] {dagbag.py:587} INFO - Filling up the DagBag from /home/airflow/.local/lib/python3.12/site-packages/airflow/example_dags/example_python_operator.py
[2025-05-20T02:57:09.899+0000] {processor.py:925} INFO - DAG(s) 'example_python_operator' retrieved from /home/airflow/.local/lib/python3.12/site-packages/airflow/example_dags/example_python_operator.py
[2025-05-20T02:57:09.951+0000] {logging_mixin.py:190} INFO - [2025-05-20T02:57:09.951+0000] {dag.py:3229} INFO - Sync 1 DAGs
[2025-05-20T02:57:09.992+0000] {logging_mixin.py:190} INFO - [2025-05-20T02:57:09.989+0000] {dag.py:4156} INFO - Setting next_dagrun for example_python_operator to None, run_after=None
[2025-05-20T02:57:10.071+0000] {processor.py:208} INFO - Processing /home/airflow/.local/lib/python3.12/site-packages/airflow/example_dags/example_python_operator.py took 0.200 seconds
[2025-05-20T02:57:40.765+0000] {processor.py:186} INFO - Started process (PID=554) to work on /home/airflow/.local/lib/python3.12/site-packages/airflow/example_dags/example_python_operator.py
[2025-05-20T02:57:40.768+0000] {processor.py:914} INFO - Processing file /home/airflow/.local/lib/python3.12/site-packages/airflow/example_dags/example_python_operator.py for tasks to queue
[2025-05-20T02:57:40.775+0000] {logging_mixin.py:190} INFO - [2025-05-20T02:57:40.774+0000] {dagbag.py:587} INFO - Filling up the DagBag from /home/airflow/.local/lib/python3.12/site-packages/airflow/example_dags/example_python_operator.py
[2025-05-20T02:57:40.800+0000] {processor.py:925} INFO - DAG(s) 'example_python_operator' retrieved from /home/airflow/.local/lib/python3.12/site-packages/airflow/example_dags/example_python_operator.py
[2025-05-20T02:57:40.875+0000] {logging_mixin.py:190} INFO - [2025-05-20T02:57:40.875+0000] {dag.py:3229} INFO - Sync 1 DAGs
[2025-05-20T02:57:40.918+0000] {logging_mixin.py:190} INFO - [2025-05-20T02:57:40.918+0000] {dag.py:4156} INFO - Setting next_dagrun for example_python_operator to None, run_after=None
[2025-05-20T02:57:40.944+0000] {processor.py:208} INFO - Processing /home/airflow/.local/lib/python3.12/site-packages/airflow/example_dags/example_python_operator.py took 0.189 seconds
[2025-05-20T02:58:11.827+0000] {processor.py:186} INFO - Started process (PID=617) to work on /home/airflow/.local/lib/python3.12/site-packages/airflow/example_dags/example_python_operator.py
[2025-05-20T02:58:11.836+0000] {processor.py:914} INFO - Processing file /home/airflow/.local/lib/python3.12/site-packages/airflow/example_dags/example_python_operator.py for tasks to queue
[2025-05-20T02:58:11.839+0000] {logging_mixin.py:190} INFO - [2025-05-20T02:58:11.839+0000] {dagbag.py:587} INFO - Filling up the DagBag from /home/airflow/.local/lib/python3.12/site-packages/airflow/example_dags/example_python_operator.py
[2025-05-20T02:58:11.852+0000] {processor.py:925} INFO - DAG(s) 'example_python_operator' retrieved from /home/airflow/.local/lib/python3.12/site-packages/airflow/example_dags/example_python_operator.py
[2025-05-20T02:58:11.913+0000] {logging_mixin.py:190} INFO - [2025-05-20T02:58:11.913+0000] {dag.py:3229} INFO - Sync 1 DAGs
[2025-05-20T02:58:11.929+0000] {logging_mixin.py:190} INFO - [2025-05-20T02:58:11.929+0000] {dag.py:4156} INFO - Setting next_dagrun for example_python_operator to None, run_after=None
[2025-05-20T02:58:12.006+0000] {processor.py:208} INFO - Processing /home/airflow/.local/lib/python3.12/site-packages/airflow/example_dags/example_python_operator.py took 0.181 seconds
[2025-05-20T02:58:42.389+0000] {processor.py:186} INFO - Started process (PID=681) to work on /home/airflow/.local/lib/python3.12/site-packages/airflow/example_dags/example_python_operator.py
[2025-05-20T02:58:42.390+0000] {processor.py:914} INFO - Processing file /home/airflow/.local/lib/python3.12/site-packages/airflow/example_dags/example_python_operator.py for tasks to queue
[2025-05-20T02:58:42.394+0000] {logging_mixin.py:190} INFO - [2025-05-20T02:58:42.393+0000] {dagbag.py:587} INFO - Filling up the DagBag from /home/airflow/.local/lib/python3.12/site-packages/airflow/example_dags/example_python_operator.py
[2025-05-20T02:58:42.407+0000] {processor.py:925} INFO - DAG(s) 'example_python_operator' retrieved from /home/airflow/.local/lib/python3.12/site-packages/airflow/example_dags/example_python_operator.py
[2025-05-20T02:58:42.445+0000] {logging_mixin.py:190} INFO - [2025-05-20T02:58:42.444+0000] {dag.py:3229} INFO - Sync 1 DAGs
[2025-05-20T02:58:42.468+0000] {logging_mixin.py:190} INFO - [2025-05-20T02:58:42.467+0000] {dag.py:4156} INFO - Setting next_dagrun for example_python_operator to None, run_after=None
[2025-05-20T02:58:42.536+0000] {processor.py:208} INFO - Processing /home/airflow/.local/lib/python3.12/site-packages/airflow/example_dags/example_python_operator.py took 0.151 seconds
[2025-05-20T02:59:12.990+0000] {processor.py:186} INFO - Started process (PID=744) to work on /home/airflow/.local/lib/python3.12/site-packages/airflow/example_dags/example_python_operator.py
[2025-05-20T02:59:12.991+0000] {processor.py:914} INFO - Processing file /home/airflow/.local/lib/python3.12/site-packages/airflow/example_dags/example_python_operator.py for tasks to queue
[2025-05-20T02:59:12.996+0000] {logging_mixin.py:190} INFO - [2025-05-20T02:59:12.996+0000] {dagbag.py:587} INFO - Filling up the DagBag from /home/airflow/.local/lib/python3.12/site-packages/airflow/example_dags/example_python_operator.py
[2025-05-20T02:59:13.012+0000] {processor.py:925} INFO - DAG(s) 'example_python_operator' retrieved from /home/airflow/.local/lib/python3.12/site-packages/airflow/example_dags/example_python_operator.py
[2025-05-20T02:59:13.063+0000] {logging_mixin.py:190} INFO - [2025-05-20T02:59:13.063+0000] {dag.py:3229} INFO - Sync 1 DAGs
[2025-05-20T02:59:13.090+0000] {logging_mixin.py:190} INFO - [2025-05-20T02:59:13.089+0000] {dag.py:4156} INFO - Setting next_dagrun for example_python_operator to None, run_after=None
[2025-05-20T02:59:13.134+0000] {processor.py:208} INFO - Processing /home/airflow/.local/lib/python3.12/site-packages/airflow/example_dags/example_python_operator.py took 0.148 seconds
[2025-05-20T02:59:43.240+0000] {processor.py:186} INFO - Started process (PID=806) to work on /home/airflow/.local/lib/python3.12/site-packages/airflow/example_dags/example_python_operator.py
[2025-05-20T02:59:43.241+0000] {processor.py:914} INFO - Processing file /home/airflow/.local/lib/python3.12/site-packages/airflow/example_dags/example_python_operator.py for tasks to queue
[2025-05-20T02:59:43.245+0000] {logging_mixin.py:190} INFO - [2025-05-20T02:59:43.245+0000] {dagbag.py:587} INFO - Filling up the DagBag from /home/airflow/.local/lib/python3.12/site-packages/airflow/example_dags/example_python_operator.py
[2025-05-20T02:59:43.260+0000] {processor.py:925} INFO - DAG(s) 'example_python_operator' retrieved from /home/airflow/.local/lib/python3.12/site-packages/airflow/example_dags/example_python_operator.py
[2025-05-20T02:59:43.306+0000] {logging_mixin.py:190} INFO - [2025-05-20T02:59:43.303+0000] {dag.py:3229} INFO - Sync 1 DAGs
[2025-05-20T02:59:43.345+0000] {logging_mixin.py:190} INFO - [2025-05-20T02:59:43.344+0000] {dag.py:4156} INFO - Setting next_dagrun for example_python_operator to None, run_after=None
[2025-05-20T02:59:43.375+0000] {processor.py:208} INFO - Processing /home/airflow/.local/lib/python3.12/site-packages/airflow/example_dags/example_python_operator.py took 0.139 seconds
[2025-05-20T03:00:13.918+0000] {processor.py:186} INFO - Started process (PID=869) to work on /home/airflow/.local/lib/python3.12/site-packages/airflow/example_dags/example_python_operator.py
[2025-05-20T03:00:13.920+0000] {processor.py:914} INFO - Processing file /home/airflow/.local/lib/python3.12/site-packages/airflow/example_dags/example_python_operator.py for tasks to queue
[2025-05-20T03:00:13.942+0000] {logging_mixin.py:190} INFO - [2025-05-20T03:00:13.935+0000] {dagbag.py:587} INFO - Filling up the DagBag from /home/airflow/.local/lib/python3.12/site-packages/airflow/example_dags/example_python_operator.py
[2025-05-20T03:00:13.991+0000] {processor.py:925} INFO - DAG(s) 'example_python_operator' retrieved from /home/airflow/.local/lib/python3.12/site-packages/airflow/example_dags/example_python_operator.py
[2025-05-20T03:00:14.036+0000] {logging_mixin.py:190} INFO - [2025-05-20T03:00:14.036+0000] {dag.py:3229} INFO - Sync 1 DAGs
[2025-05-20T03:00:14.058+0000] {logging_mixin.py:190} INFO - [2025-05-20T03:00:14.057+0000] {dag.py:4156} INFO - Setting next_dagrun for example_python_operator to None, run_after=None
[2025-05-20T03:00:14.105+0000] {processor.py:208} INFO - Processing /home/airflow/.local/lib/python3.12/site-packages/airflow/example_dags/example_python_operator.py took 0.191 seconds
[2025-05-20T03:00:44.892+0000] {processor.py:186} INFO - Started process (PID=933) to work on /home/airflow/.local/lib/python3.12/site-packages/airflow/example_dags/example_python_operator.py
[2025-05-20T03:00:44.899+0000] {processor.py:914} INFO - Processing file /home/airflow/.local/lib/python3.12/site-packages/airflow/example_dags/example_python_operator.py for tasks to queue
[2025-05-20T03:00:44.929+0000] {logging_mixin.py:190} INFO - [2025-05-20T03:00:44.925+0000] {dagbag.py:587} INFO - Filling up the DagBag from /home/airflow/.local/lib/python3.12/site-packages/airflow/example_dags/example_python_operator.py
[2025-05-20T03:00:44.944+0000] {processor.py:925} INFO - DAG(s) 'example_python_operator' retrieved from /home/airflow/.local/lib/python3.12/site-packages/airflow/example_dags/example_python_operator.py
[2025-05-20T03:00:45.021+0000] {logging_mixin.py:190} INFO - [2025-05-20T03:00:45.021+0000] {dag.py:3229} INFO - Sync 1 DAGs
[2025-05-20T03:00:45.048+0000] {logging_mixin.py:190} INFO - [2025-05-20T03:00:45.048+0000] {dag.py:4156} INFO - Setting next_dagrun for example_python_operator to None, run_after=None
[2025-05-20T03:00:45.088+0000] {processor.py:208} INFO - Processing /home/airflow/.local/lib/python3.12/site-packages/airflow/example_dags/example_python_operator.py took 0.199 seconds
[2025-05-20T03:01:15.659+0000] {processor.py:186} INFO - Started process (PID=995) to work on /home/airflow/.local/lib/python3.12/site-packages/airflow/example_dags/example_python_operator.py
[2025-05-20T03:01:15.660+0000] {processor.py:914} INFO - Processing file /home/airflow/.local/lib/python3.12/site-packages/airflow/example_dags/example_python_operator.py for tasks to queue
[2025-05-20T03:01:15.675+0000] {logging_mixin.py:190} INFO - [2025-05-20T03:01:15.673+0000] {dagbag.py:587} INFO - Filling up the DagBag from /home/airflow/.local/lib/python3.12/site-packages/airflow/example_dags/example_python_operator.py
[2025-05-20T03:01:15.708+0000] {processor.py:925} INFO - DAG(s) 'example_python_operator' retrieved from /home/airflow/.local/lib/python3.12/site-packages/airflow/example_dags/example_python_operator.py
[2025-05-20T03:01:15.756+0000] {logging_mixin.py:190} INFO - [2025-05-20T03:01:15.751+0000] {dag.py:3229} INFO - Sync 1 DAGs
[2025-05-20T03:01:15.796+0000] {logging_mixin.py:190} INFO - [2025-05-20T03:01:15.796+0000] {dag.py:4156} INFO - Setting next_dagrun for example_python_operator to None, run_after=None
[2025-05-20T03:01:15.873+0000] {processor.py:208} INFO - Processing /home/airflow/.local/lib/python3.12/site-packages/airflow/example_dags/example_python_operator.py took 0.220 seconds
[2025-05-20T03:01:46.551+0000] {processor.py:186} INFO - Started process (PID=1057) to work on /home/airflow/.local/lib/python3.12/site-packages/airflow/example_dags/example_python_operator.py
[2025-05-20T03:01:46.556+0000] {processor.py:914} INFO - Processing file /home/airflow/.local/lib/python3.12/site-packages/airflow/example_dags/example_python_operator.py for tasks to queue
[2025-05-20T03:01:46.564+0000] {logging_mixin.py:190} INFO - [2025-05-20T03:01:46.564+0000] {dagbag.py:587} INFO - Filling up the DagBag from /home/airflow/.local/lib/python3.12/site-packages/airflow/example_dags/example_python_operator.py
[2025-05-20T03:01:46.593+0000] {processor.py:925} INFO - DAG(s) 'example_python_operator' retrieved from /home/airflow/.local/lib/python3.12/site-packages/airflow/example_dags/example_python_operator.py
[2025-05-20T03:01:46.644+0000] {logging_mixin.py:190} INFO - [2025-05-20T03:01:46.641+0000] {dag.py:3229} INFO - Sync 1 DAGs
[2025-05-20T03:01:46.670+0000] {logging_mixin.py:190} INFO - [2025-05-20T03:01:46.670+0000] {dag.py:4156} INFO - Setting next_dagrun for example_python_operator to None, run_after=None
[2025-05-20T03:01:46.703+0000] {processor.py:208} INFO - Processing /home/airflow/.local/lib/python3.12/site-packages/airflow/example_dags/example_python_operator.py took 0.161 seconds
[2025-05-20T03:02:16.981+0000] {processor.py:186} INFO - Started process (PID=1120) to work on /home/airflow/.local/lib/python3.12/site-packages/airflow/example_dags/example_python_operator.py
[2025-05-20T03:02:16.988+0000] {processor.py:914} INFO - Processing file /home/airflow/.local/lib/python3.12/site-packages/airflow/example_dags/example_python_operator.py for tasks to queue
[2025-05-20T03:02:16.994+0000] {logging_mixin.py:190} INFO - [2025-05-20T03:02:16.993+0000] {dagbag.py:587} INFO - Filling up the DagBag from /home/airflow/.local/lib/python3.12/site-packages/airflow/example_dags/example_python_operator.py
[2025-05-20T03:02:17.019+0000] {processor.py:925} INFO - DAG(s) 'example_python_operator' retrieved from /home/airflow/.local/lib/python3.12/site-packages/airflow/example_dags/example_python_operator.py
[2025-05-20T03:02:17.125+0000] {logging_mixin.py:190} INFO - [2025-05-20T03:02:17.124+0000] {dag.py:3229} INFO - Sync 1 DAGs
[2025-05-20T03:02:17.164+0000] {logging_mixin.py:190} INFO - [2025-05-20T03:02:17.164+0000] {dag.py:4156} INFO - Setting next_dagrun for example_python_operator to None, run_after=None
[2025-05-20T03:02:17.214+0000] {processor.py:208} INFO - Processing /home/airflow/.local/lib/python3.12/site-packages/airflow/example_dags/example_python_operator.py took 0.236 seconds
[2025-05-20T03:02:47.646+0000] {processor.py:186} INFO - Started process (PID=1183) to work on /home/airflow/.local/lib/python3.12/site-packages/airflow/example_dags/example_python_operator.py
[2025-05-20T03:02:47.647+0000] {processor.py:914} INFO - Processing file /home/airflow/.local/lib/python3.12/site-packages/airflow/example_dags/example_python_operator.py for tasks to queue
[2025-05-20T03:02:47.651+0000] {logging_mixin.py:190} INFO - [2025-05-20T03:02:47.651+0000] {dagbag.py:587} INFO - Filling up the DagBag from /home/airflow/.local/lib/python3.12/site-packages/airflow/example_dags/example_python_operator.py
[2025-05-20T03:02:47.673+0000] {processor.py:925} INFO - DAG(s) 'example_python_operator' retrieved from /home/airflow/.local/lib/python3.12/site-packages/airflow/example_dags/example_python_operator.py
[2025-05-20T03:02:47.723+0000] {logging_mixin.py:190} INFO - [2025-05-20T03:02:47.722+0000] {dag.py:3229} INFO - Sync 1 DAGs
[2025-05-20T03:02:47.752+0000] {logging_mixin.py:190} INFO - [2025-05-20T03:02:47.752+0000] {dag.py:4156} INFO - Setting next_dagrun for example_python_operator to None, run_after=None
[2025-05-20T03:02:47.796+0000] {processor.py:208} INFO - Processing /home/airflow/.local/lib/python3.12/site-packages/airflow/example_dags/example_python_operator.py took 0.154 seconds
[2025-05-20T03:03:18.168+0000] {processor.py:186} INFO - Started process (PID=1245) to work on /home/airflow/.local/lib/python3.12/site-packages/airflow/example_dags/example_python_operator.py
[2025-05-20T03:03:18.172+0000] {processor.py:914} INFO - Processing file /home/airflow/.local/lib/python3.12/site-packages/airflow/example_dags/example_python_operator.py for tasks to queue
[2025-05-20T03:03:18.178+0000] {logging_mixin.py:190} INFO - [2025-05-20T03:03:18.177+0000] {dagbag.py:587} INFO - Filling up the DagBag from /home/airflow/.local/lib/python3.12/site-packages/airflow/example_dags/example_python_operator.py
[2025-05-20T03:03:18.191+0000] {processor.py:925} INFO - DAG(s) 'example_python_operator' retrieved from /home/airflow/.local/lib/python3.12/site-packages/airflow/example_dags/example_python_operator.py
[2025-05-20T03:03:18.270+0000] {logging_mixin.py:190} INFO - [2025-05-20T03:03:18.270+0000] {dag.py:3229} INFO - Sync 1 DAGs
[2025-05-20T03:03:18.306+0000] {logging_mixin.py:190} INFO - [2025-05-20T03:03:18.305+0000] {dag.py:4156} INFO - Setting next_dagrun for example_python_operator to None, run_after=None
[2025-05-20T03:03:18.362+0000] {processor.py:208} INFO - Processing /home/airflow/.local/lib/python3.12/site-packages/airflow/example_dags/example_python_operator.py took 0.197 seconds
[2025-05-20T03:03:49.128+0000] {processor.py:186} INFO - Started process (PID=1307) to work on /home/airflow/.local/lib/python3.12/site-packages/airflow/example_dags/example_python_operator.py
[2025-05-20T03:03:49.129+0000] {processor.py:914} INFO - Processing file /home/airflow/.local/lib/python3.12/site-packages/airflow/example_dags/example_python_operator.py for tasks to queue
[2025-05-20T03:03:49.135+0000] {logging_mixin.py:190} INFO - [2025-05-20T03:03:49.134+0000] {dagbag.py:587} INFO - Filling up the DagBag from /home/airflow/.local/lib/python3.12/site-packages/airflow/example_dags/example_python_operator.py
[2025-05-20T03:03:49.161+0000] {processor.py:925} INFO - DAG(s) 'example_python_operator' retrieved from /home/airflow/.local/lib/python3.12/site-packages/airflow/example_dags/example_python_operator.py
[2025-05-20T03:03:49.191+0000] {logging_mixin.py:190} INFO - [2025-05-20T03:03:49.190+0000] {dag.py:3229} INFO - Sync 1 DAGs
[2025-05-20T03:03:49.218+0000] {logging_mixin.py:190} INFO - [2025-05-20T03:03:49.218+0000] {dag.py:4156} INFO - Setting next_dagrun for example_python_operator to None, run_after=None
[2025-05-20T03:03:49.257+0000] {processor.py:208} INFO - Processing /home/airflow/.local/lib/python3.12/site-packages/airflow/example_dags/example_python_operator.py took 0.134 seconds
[2025-05-20T03:04:19.961+0000] {processor.py:186} INFO - Started process (PID=1370) to work on /home/airflow/.local/lib/python3.12/site-packages/airflow/example_dags/example_python_operator.py
[2025-05-20T03:04:19.963+0000] {processor.py:914} INFO - Processing file /home/airflow/.local/lib/python3.12/site-packages/airflow/example_dags/example_python_operator.py for tasks to queue
[2025-05-20T03:04:19.969+0000] {logging_mixin.py:190} INFO - [2025-05-20T03:04:19.968+0000] {dagbag.py:587} INFO - Filling up the DagBag from /home/airflow/.local/lib/python3.12/site-packages/airflow/example_dags/example_python_operator.py
[2025-05-20T03:04:20.012+0000] {processor.py:925} INFO - DAG(s) 'example_python_operator' retrieved from /home/airflow/.local/lib/python3.12/site-packages/airflow/example_dags/example_python_operator.py
[2025-05-20T03:04:20.069+0000] {logging_mixin.py:190} INFO - [2025-05-20T03:04:20.069+0000] {dag.py:3229} INFO - Sync 1 DAGs
[2025-05-20T03:04:20.106+0000] {logging_mixin.py:190} INFO - [2025-05-20T03:04:20.105+0000] {dag.py:4156} INFO - Setting next_dagrun for example_python_operator to None, run_after=None
[2025-05-20T03:04:20.183+0000] {processor.py:208} INFO - Processing /home/airflow/.local/lib/python3.12/site-packages/airflow/example_dags/example_python_operator.py took 0.230 seconds
[2025-05-20T03:04:50.731+0000] {processor.py:186} INFO - Started process (PID=1433) to work on /home/airflow/.local/lib/python3.12/site-packages/airflow/example_dags/example_python_operator.py
[2025-05-20T03:04:50.734+0000] {processor.py:914} INFO - Processing file /home/airflow/.local/lib/python3.12/site-packages/airflow/example_dags/example_python_operator.py for tasks to queue
[2025-05-20T03:04:50.738+0000] {logging_mixin.py:190} INFO - [2025-05-20T03:04:50.738+0000] {dagbag.py:587} INFO - Filling up the DagBag from /home/airflow/.local/lib/python3.12/site-packages/airflow/example_dags/example_python_operator.py
[2025-05-20T03:04:50.764+0000] {processor.py:925} INFO - DAG(s) 'example_python_operator' retrieved from /home/airflow/.local/lib/python3.12/site-packages/airflow/example_dags/example_python_operator.py
[2025-05-20T03:04:50.787+0000] {logging_mixin.py:190} INFO - [2025-05-20T03:04:50.786+0000] {dag.py:3229} INFO - Sync 1 DAGs
[2025-05-20T03:04:50.810+0000] {logging_mixin.py:190} INFO - [2025-05-20T03:04:50.810+0000] {dag.py:4156} INFO - Setting next_dagrun for example_python_operator to None, run_after=None
[2025-05-20T03:04:50.893+0000] {processor.py:208} INFO - Processing /home/airflow/.local/lib/python3.12/site-packages/airflow/example_dags/example_python_operator.py took 0.168 seconds
[2025-05-20T03:05:22.595+0000] {processor.py:186} INFO - Started process (PID=1496) to work on /home/airflow/.local/lib/python3.12/site-packages/airflow/example_dags/example_python_operator.py
[2025-05-20T03:05:22.597+0000] {processor.py:914} INFO - Processing file /home/airflow/.local/lib/python3.12/site-packages/airflow/example_dags/example_python_operator.py for tasks to queue
[2025-05-20T03:05:22.599+0000] {logging_mixin.py:190} INFO - [2025-05-20T03:05:22.599+0000] {dagbag.py:587} INFO - Filling up the DagBag from /home/airflow/.local/lib/python3.12/site-packages/airflow/example_dags/example_python_operator.py
[2025-05-20T03:05:22.634+0000] {processor.py:925} INFO - DAG(s) 'example_python_operator' retrieved from /home/airflow/.local/lib/python3.12/site-packages/airflow/example_dags/example_python_operator.py
[2025-05-20T03:05:22.703+0000] {logging_mixin.py:190} INFO - [2025-05-20T03:05:22.703+0000] {dag.py:3229} INFO - Sync 1 DAGs
[2025-05-20T03:05:22.739+0000] {logging_mixin.py:190} INFO - [2025-05-20T03:05:22.739+0000] {dag.py:4156} INFO - Setting next_dagrun for example_python_operator to None, run_after=None
[2025-05-20T03:05:22.837+0000] {processor.py:208} INFO - Processing /home/airflow/.local/lib/python3.12/site-packages/airflow/example_dags/example_python_operator.py took 0.246 seconds
[2025-05-20T03:05:54.166+0000] {processor.py:186} INFO - Started process (PID=1559) to work on /home/airflow/.local/lib/python3.12/site-packages/airflow/example_dags/example_python_operator.py
[2025-05-20T03:05:54.168+0000] {processor.py:914} INFO - Processing file /home/airflow/.local/lib/python3.12/site-packages/airflow/example_dags/example_python_operator.py for tasks to queue
[2025-05-20T03:05:54.173+0000] {logging_mixin.py:190} INFO - [2025-05-20T03:05:54.172+0000] {dagbag.py:587} INFO - Filling up the DagBag from /home/airflow/.local/lib/python3.12/site-packages/airflow/example_dags/example_python_operator.py
[2025-05-20T03:05:54.200+0000] {processor.py:925} INFO - DAG(s) 'example_python_operator' retrieved from /home/airflow/.local/lib/python3.12/site-packages/airflow/example_dags/example_python_operator.py
[2025-05-20T03:05:54.291+0000] {logging_mixin.py:190} INFO - [2025-05-20T03:05:54.290+0000] {dag.py:3229} INFO - Sync 1 DAGs
[2025-05-20T03:05:54.308+0000] {logging_mixin.py:190} INFO - [2025-05-20T03:05:54.308+0000] {dag.py:4156} INFO - Setting next_dagrun for example_python_operator to None, run_after=None
[2025-05-20T03:05:54.404+0000] {processor.py:208} INFO - Processing /home/airflow/.local/lib/python3.12/site-packages/airflow/example_dags/example_python_operator.py took 0.243 seconds
[2025-05-20T03:06:25.169+0000] {processor.py:186} INFO - Started process (PID=1622) to work on /home/airflow/.local/lib/python3.12/site-packages/airflow/example_dags/example_python_operator.py
[2025-05-20T03:06:25.171+0000] {processor.py:914} INFO - Processing file /home/airflow/.local/lib/python3.12/site-packages/airflow/example_dags/example_python_operator.py for tasks to queue
[2025-05-20T03:06:25.179+0000] {logging_mixin.py:190} INFO - [2025-05-20T03:06:25.177+0000] {dagbag.py:587} INFO - Filling up the DagBag from /home/airflow/.local/lib/python3.12/site-packages/airflow/example_dags/example_python_operator.py
[2025-05-20T03:06:25.200+0000] {processor.py:925} INFO - DAG(s) 'example_python_operator' retrieved from /home/airflow/.local/lib/python3.12/site-packages/airflow/example_dags/example_python_operator.py
[2025-05-20T03:06:25.226+0000] {logging_mixin.py:190} INFO - [2025-05-20T03:06:25.226+0000] {dag.py:3229} INFO - Sync 1 DAGs
[2025-05-20T03:06:25.251+0000] {logging_mixin.py:190} INFO - [2025-05-20T03:06:25.250+0000] {dag.py:4156} INFO - Setting next_dagrun for example_python_operator to None, run_after=None
[2025-05-20T03:06:25.295+0000] {processor.py:208} INFO - Processing /home/airflow/.local/lib/python3.12/site-packages/airflow/example_dags/example_python_operator.py took 0.129 seconds
[2025-05-20T03:06:55.881+0000] {processor.py:186} INFO - Started process (PID=1691) to work on /home/airflow/.local/lib/python3.12/site-packages/airflow/example_dags/example_python_operator.py
[2025-05-20T03:06:55.884+0000] {processor.py:914} INFO - Processing file /home/airflow/.local/lib/python3.12/site-packages/airflow/example_dags/example_python_operator.py for tasks to queue
[2025-05-20T03:06:55.894+0000] {logging_mixin.py:190} INFO - [2025-05-20T03:06:55.893+0000] {dagbag.py:587} INFO - Filling up the DagBag from /home/airflow/.local/lib/python3.12/site-packages/airflow/example_dags/example_python_operator.py
[2025-05-20T03:06:55.936+0000] {processor.py:925} INFO - DAG(s) 'example_python_operator' retrieved from /home/airflow/.local/lib/python3.12/site-packages/airflow/example_dags/example_python_operator.py
[2025-05-20T03:06:55.981+0000] {logging_mixin.py:190} INFO - [2025-05-20T03:06:55.981+0000] {dag.py:3229} INFO - Sync 1 DAGs
[2025-05-20T03:06:56.008+0000] {logging_mixin.py:190} INFO - [2025-05-20T03:06:56.007+0000] {dag.py:4156} INFO - Setting next_dagrun for example_python_operator to None, run_after=None
[2025-05-20T03:06:56.034+0000] {processor.py:208} INFO - Processing /home/airflow/.local/lib/python3.12/site-packages/airflow/example_dags/example_python_operator.py took 0.173 seconds
[2025-05-20T03:07:26.197+0000] {processor.py:186} INFO - Started process (PID=1753) to work on /home/airflow/.local/lib/python3.12/site-packages/airflow/example_dags/example_python_operator.py
[2025-05-20T03:07:26.198+0000] {processor.py:914} INFO - Processing file /home/airflow/.local/lib/python3.12/site-packages/airflow/example_dags/example_python_operator.py for tasks to queue
[2025-05-20T03:07:26.202+0000] {logging_mixin.py:190} INFO - [2025-05-20T03:07:26.202+0000] {dagbag.py:587} INFO - Filling up the DagBag from /home/airflow/.local/lib/python3.12/site-packages/airflow/example_dags/example_python_operator.py
[2025-05-20T03:07:26.222+0000] {processor.py:925} INFO - DAG(s) 'example_python_operator' retrieved from /home/airflow/.local/lib/python3.12/site-packages/airflow/example_dags/example_python_operator.py
[2025-05-20T03:07:26.280+0000] {logging_mixin.py:190} INFO - [2025-05-20T03:07:26.278+0000] {dag.py:3229} INFO - Sync 1 DAGs
[2025-05-20T03:07:26.315+0000] {logging_mixin.py:190} INFO - [2025-05-20T03:07:26.315+0000] {dag.py:4156} INFO - Setting next_dagrun for example_python_operator to None, run_after=None
[2025-05-20T03:07:26.354+0000] {processor.py:208} INFO - Processing /home/airflow/.local/lib/python3.12/site-packages/airflow/example_dags/example_python_operator.py took 0.161 seconds
[2025-05-20T03:07:57.220+0000] {processor.py:186} INFO - Started process (PID=1815) to work on /home/airflow/.local/lib/python3.12/site-packages/airflow/example_dags/example_python_operator.py
[2025-05-20T03:07:57.222+0000] {processor.py:914} INFO - Processing file /home/airflow/.local/lib/python3.12/site-packages/airflow/example_dags/example_python_operator.py for tasks to queue
[2025-05-20T03:07:57.225+0000] {logging_mixin.py:190} INFO - [2025-05-20T03:07:57.224+0000] {dagbag.py:587} INFO - Filling up the DagBag from /home/airflow/.local/lib/python3.12/site-packages/airflow/example_dags/example_python_operator.py
[2025-05-20T03:07:57.251+0000] {processor.py:925} INFO - DAG(s) 'example_python_operator' retrieved from /home/airflow/.local/lib/python3.12/site-packages/airflow/example_dags/example_python_operator.py
[2025-05-20T03:07:57.297+0000] {logging_mixin.py:190} INFO - [2025-05-20T03:07:57.296+0000] {dag.py:3229} INFO - Sync 1 DAGs
[2025-05-20T03:07:57.324+0000] {logging_mixin.py:190} INFO - [2025-05-20T03:07:57.321+0000] {dag.py:4156} INFO - Setting next_dagrun for example_python_operator to None, run_after=None
[2025-05-20T03:07:57.378+0000] {processor.py:208} INFO - Processing /home/airflow/.local/lib/python3.12/site-packages/airflow/example_dags/example_python_operator.py took 0.166 seconds
[2025-05-20T03:08:28.249+0000] {processor.py:186} INFO - Started process (PID=1878) to work on /home/airflow/.local/lib/python3.12/site-packages/airflow/example_dags/example_python_operator.py
[2025-05-20T03:08:28.251+0000] {processor.py:914} INFO - Processing file /home/airflow/.local/lib/python3.12/site-packages/airflow/example_dags/example_python_operator.py for tasks to queue
[2025-05-20T03:08:28.261+0000] {logging_mixin.py:190} INFO - [2025-05-20T03:08:28.255+0000] {dagbag.py:587} INFO - Filling up the DagBag from /home/airflow/.local/lib/python3.12/site-packages/airflow/example_dags/example_python_operator.py
[2025-05-20T03:08:28.275+0000] {processor.py:925} INFO - DAG(s) 'example_python_operator' retrieved from /home/airflow/.local/lib/python3.12/site-packages/airflow/example_dags/example_python_operator.py
[2025-05-20T03:08:28.323+0000] {logging_mixin.py:190} INFO - [2025-05-20T03:08:28.319+0000] {dag.py:3229} INFO - Sync 1 DAGs
[2025-05-20T03:08:28.343+0000] {logging_mixin.py:190} INFO - [2025-05-20T03:08:28.342+0000] {dag.py:4156} INFO - Setting next_dagrun for example_python_operator to None, run_after=None
[2025-05-20T03:08:28.385+0000] {processor.py:208} INFO - Processing /home/airflow/.local/lib/python3.12/site-packages/airflow/example_dags/example_python_operator.py took 0.141 seconds
[2025-05-20T03:08:59.116+0000] {processor.py:186} INFO - Started process (PID=1941) to work on /home/airflow/.local/lib/python3.12/site-packages/airflow/example_dags/example_python_operator.py
[2025-05-20T03:08:59.118+0000] {processor.py:914} INFO - Processing file /home/airflow/.local/lib/python3.12/site-packages/airflow/example_dags/example_python_operator.py for tasks to queue
[2025-05-20T03:08:59.122+0000] {logging_mixin.py:190} INFO - [2025-05-20T03:08:59.122+0000] {dagbag.py:587} INFO - Filling up the DagBag from /home/airflow/.local/lib/python3.12/site-packages/airflow/example_dags/example_python_operator.py
[2025-05-20T03:08:59.133+0000] {processor.py:925} INFO - DAG(s) 'example_python_operator' retrieved from /home/airflow/.local/lib/python3.12/site-packages/airflow/example_dags/example_python_operator.py
[2025-05-20T03:08:59.177+0000] {logging_mixin.py:190} INFO - [2025-05-20T03:08:59.176+0000] {dag.py:3229} INFO - Sync 1 DAGs
[2025-05-20T03:08:59.201+0000] {logging_mixin.py:190} INFO - [2025-05-20T03:08:59.201+0000] {dag.py:4156} INFO - Setting next_dagrun for example_python_operator to None, run_after=None
[2025-05-20T03:08:59.262+0000] {processor.py:208} INFO - Processing /home/airflow/.local/lib/python3.12/site-packages/airflow/example_dags/example_python_operator.py took 0.150 seconds
[2025-05-20T03:09:30.020+0000] {processor.py:186} INFO - Started process (PID=2005) to work on /home/airflow/.local/lib/python3.12/site-packages/airflow/example_dags/example_python_operator.py
[2025-05-20T03:09:30.023+0000] {processor.py:914} INFO - Processing file /home/airflow/.local/lib/python3.12/site-packages/airflow/example_dags/example_python_operator.py for tasks to queue
[2025-05-20T03:09:30.028+0000] {logging_mixin.py:190} INFO - [2025-05-20T03:09:30.027+0000] {dagbag.py:587} INFO - Filling up the DagBag from /home/airflow/.local/lib/python3.12/site-packages/airflow/example_dags/example_python_operator.py
[2025-05-20T03:09:30.087+0000] {processor.py:925} INFO - DAG(s) 'example_python_operator' retrieved from /home/airflow/.local/lib/python3.12/site-packages/airflow/example_dags/example_python_operator.py
[2025-05-20T03:09:30.138+0000] {logging_mixin.py:190} INFO - [2025-05-20T03:09:30.137+0000] {dag.py:3229} INFO - Sync 1 DAGs
[2025-05-20T03:09:30.159+0000] {logging_mixin.py:190} INFO - [2025-05-20T03:09:30.158+0000] {dag.py:4156} INFO - Setting next_dagrun for example_python_operator to None, run_after=None
[2025-05-20T03:09:30.236+0000] {processor.py:208} INFO - Processing /home/airflow/.local/lib/python3.12/site-packages/airflow/example_dags/example_python_operator.py took 0.221 seconds
[2025-05-20T03:10:02.138+0000] {processor.py:186} INFO - Started process (PID=2068) to work on /home/airflow/.local/lib/python3.12/site-packages/airflow/example_dags/example_python_operator.py
[2025-05-20T03:10:02.139+0000] {processor.py:914} INFO - Processing file /home/airflow/.local/lib/python3.12/site-packages/airflow/example_dags/example_python_operator.py for tasks to queue
[2025-05-20T03:10:02.143+0000] {logging_mixin.py:190} INFO - [2025-05-20T03:10:02.142+0000] {dagbag.py:587} INFO - Filling up the DagBag from /home/airflow/.local/lib/python3.12/site-packages/airflow/example_dags/example_python_operator.py
[2025-05-20T03:10:02.155+0000] {processor.py:925} INFO - DAG(s) 'example_python_operator' retrieved from /home/airflow/.local/lib/python3.12/site-packages/airflow/example_dags/example_python_operator.py
[2025-05-20T03:10:02.204+0000] {logging_mixin.py:190} INFO - [2025-05-20T03:10:02.204+0000] {dag.py:3229} INFO - Sync 1 DAGs
[2025-05-20T03:10:02.226+0000] {logging_mixin.py:190} INFO - [2025-05-20T03:10:02.226+0000] {dag.py:4156} INFO - Setting next_dagrun for example_python_operator to None, run_after=None
[2025-05-20T03:10:02.272+0000] {processor.py:208} INFO - Processing /home/airflow/.local/lib/python3.12/site-packages/airflow/example_dags/example_python_operator.py took 0.139 seconds
[2025-05-20T03:10:32.790+0000] {processor.py:186} INFO - Started process (PID=2131) to work on /home/airflow/.local/lib/python3.12/site-packages/airflow/example_dags/example_python_operator.py
[2025-05-20T03:10:32.794+0000] {processor.py:914} INFO - Processing file /home/airflow/.local/lib/python3.12/site-packages/airflow/example_dags/example_python_operator.py for tasks to queue
[2025-05-20T03:10:32.814+0000] {logging_mixin.py:190} INFO - [2025-05-20T03:10:32.811+0000] {dagbag.py:587} INFO - Filling up the DagBag from /home/airflow/.local/lib/python3.12/site-packages/airflow/example_dags/example_python_operator.py
[2025-05-20T03:10:32.842+0000] {processor.py:925} INFO - DAG(s) 'example_python_operator' retrieved from /home/airflow/.local/lib/python3.12/site-packages/airflow/example_dags/example_python_operator.py
[2025-05-20T03:10:32.903+0000] {logging_mixin.py:190} INFO - [2025-05-20T03:10:32.900+0000] {dag.py:3229} INFO - Sync 1 DAGs
[2025-05-20T03:10:32.941+0000] {logging_mixin.py:190} INFO - [2025-05-20T03:10:32.940+0000] {dag.py:4156} INFO - Setting next_dagrun for example_python_operator to None, run_after=None
[2025-05-20T03:10:33.034+0000] {processor.py:208} INFO - Processing /home/airflow/.local/lib/python3.12/site-packages/airflow/example_dags/example_python_operator.py took 0.250 seconds
[2025-05-20T03:11:04.647+0000] {processor.py:186} INFO - Started process (PID=2193) to work on /home/airflow/.local/lib/python3.12/site-packages/airflow/example_dags/example_python_operator.py
[2025-05-20T03:11:04.666+0000] {processor.py:914} INFO - Processing file /home/airflow/.local/lib/python3.12/site-packages/airflow/example_dags/example_python_operator.py for tasks to queue
[2025-05-20T03:11:04.696+0000] {logging_mixin.py:190} INFO - [2025-05-20T03:11:04.696+0000] {dagbag.py:587} INFO - Filling up the DagBag from /home/airflow/.local/lib/python3.12/site-packages/airflow/example_dags/example_python_operator.py
[2025-05-20T03:11:04.815+0000] {processor.py:925} INFO - DAG(s) 'example_python_operator' retrieved from /home/airflow/.local/lib/python3.12/site-packages/airflow/example_dags/example_python_operator.py
[2025-05-20T03:11:04.917+0000] {logging_mixin.py:190} INFO - [2025-05-20T03:11:04.917+0000] {dag.py:3229} INFO - Sync 1 DAGs
[2025-05-20T03:11:04.971+0000] {logging_mixin.py:190} INFO - [2025-05-20T03:11:04.970+0000] {dag.py:4156} INFO - Setting next_dagrun for example_python_operator to None, run_after=None
[2025-05-20T03:11:05.037+0000] {processor.py:208} INFO - Processing /home/airflow/.local/lib/python3.12/site-packages/airflow/example_dags/example_python_operator.py took 0.415 seconds
[2025-05-20T03:11:36.225+0000] {processor.py:186} INFO - Started process (PID=2256) to work on /home/airflow/.local/lib/python3.12/site-packages/airflow/example_dags/example_python_operator.py
[2025-05-20T03:11:36.228+0000] {processor.py:914} INFO - Processing file /home/airflow/.local/lib/python3.12/site-packages/airflow/example_dags/example_python_operator.py for tasks to queue
[2025-05-20T03:11:36.237+0000] {logging_mixin.py:190} INFO - [2025-05-20T03:11:36.234+0000] {dagbag.py:587} INFO - Filling up the DagBag from /home/airflow/.local/lib/python3.12/site-packages/airflow/example_dags/example_python_operator.py
[2025-05-20T03:11:36.253+0000] {processor.py:925} INFO - DAG(s) 'example_python_operator' retrieved from /home/airflow/.local/lib/python3.12/site-packages/airflow/example_dags/example_python_operator.py
[2025-05-20T03:11:36.318+0000] {logging_mixin.py:190} INFO - [2025-05-20T03:11:36.318+0000] {dag.py:3229} INFO - Sync 1 DAGs
[2025-05-20T03:11:36.348+0000] {logging_mixin.py:190} INFO - [2025-05-20T03:11:36.347+0000] {dag.py:4156} INFO - Setting next_dagrun for example_python_operator to None, run_after=None
[2025-05-20T03:11:36.423+0000] {processor.py:208} INFO - Processing /home/airflow/.local/lib/python3.12/site-packages/airflow/example_dags/example_python_operator.py took 0.202 seconds
[2025-05-20T03:12:07.440+0000] {processor.py:186} INFO - Started process (PID=2319) to work on /home/airflow/.local/lib/python3.12/site-packages/airflow/example_dags/example_python_operator.py
[2025-05-20T03:12:07.442+0000] {processor.py:914} INFO - Processing file /home/airflow/.local/lib/python3.12/site-packages/airflow/example_dags/example_python_operator.py for tasks to queue
[2025-05-20T03:12:07.451+0000] {logging_mixin.py:190} INFO - [2025-05-20T03:12:07.451+0000] {dagbag.py:587} INFO - Filling up the DagBag from /home/airflow/.local/lib/python3.12/site-packages/airflow/example_dags/example_python_operator.py
[2025-05-20T03:12:07.479+0000] {processor.py:925} INFO - DAG(s) 'example_python_operator' retrieved from /home/airflow/.local/lib/python3.12/site-packages/airflow/example_dags/example_python_operator.py
[2025-05-20T03:12:07.533+0000] {logging_mixin.py:190} INFO - [2025-05-20T03:12:07.532+0000] {dag.py:3229} INFO - Sync 1 DAGs
[2025-05-20T03:12:07.570+0000] {logging_mixin.py:190} INFO - [2025-05-20T03:12:07.569+0000] {dag.py:4156} INFO - Setting next_dagrun for example_python_operator to None, run_after=None
[2025-05-20T03:12:07.634+0000] {processor.py:208} INFO - Processing /home/airflow/.local/lib/python3.12/site-packages/airflow/example_dags/example_python_operator.py took 0.200 seconds
[2025-05-20T03:12:38.748+0000] {processor.py:186} INFO - Started process (PID=2381) to work on /home/airflow/.local/lib/python3.12/site-packages/airflow/example_dags/example_python_operator.py
[2025-05-20T03:12:38.750+0000] {processor.py:914} INFO - Processing file /home/airflow/.local/lib/python3.12/site-packages/airflow/example_dags/example_python_operator.py for tasks to queue
[2025-05-20T03:12:38.767+0000] {logging_mixin.py:190} INFO - [2025-05-20T03:12:38.764+0000] {dagbag.py:587} INFO - Filling up the DagBag from /home/airflow/.local/lib/python3.12/site-packages/airflow/example_dags/example_python_operator.py
[2025-05-20T03:12:38.801+0000] {processor.py:925} INFO - DAG(s) 'example_python_operator' retrieved from /home/airflow/.local/lib/python3.12/site-packages/airflow/example_dags/example_python_operator.py
[2025-05-20T03:12:38.884+0000] {logging_mixin.py:190} INFO - [2025-05-20T03:12:38.881+0000] {dag.py:3229} INFO - Sync 1 DAGs
[2025-05-20T03:12:38.916+0000] {logging_mixin.py:190} INFO - [2025-05-20T03:12:38.915+0000] {dag.py:4156} INFO - Setting next_dagrun for example_python_operator to None, run_after=None
[2025-05-20T03:12:38.987+0000] {processor.py:208} INFO - Processing /home/airflow/.local/lib/python3.12/site-packages/airflow/example_dags/example_python_operator.py took 0.247 seconds
[2025-05-20T03:13:10.068+0000] {processor.py:186} INFO - Started process (PID=2443) to work on /home/airflow/.local/lib/python3.12/site-packages/airflow/example_dags/example_python_operator.py
[2025-05-20T03:13:10.071+0000] {processor.py:914} INFO - Processing file /home/airflow/.local/lib/python3.12/site-packages/airflow/example_dags/example_python_operator.py for tasks to queue
[2025-05-20T03:13:10.088+0000] {logging_mixin.py:190} INFO - [2025-05-20T03:13:10.083+0000] {dagbag.py:587} INFO - Filling up the DagBag from /home/airflow/.local/lib/python3.12/site-packages/airflow/example_dags/example_python_operator.py
[2025-05-20T03:13:10.103+0000] {processor.py:925} INFO - DAG(s) 'example_python_operator' retrieved from /home/airflow/.local/lib/python3.12/site-packages/airflow/example_dags/example_python_operator.py
[2025-05-20T03:13:10.164+0000] {logging_mixin.py:190} INFO - [2025-05-20T03:13:10.164+0000] {dag.py:3229} INFO - Sync 1 DAGs
[2025-05-20T03:13:10.194+0000] {logging_mixin.py:190} INFO - [2025-05-20T03:13:10.193+0000] {dag.py:4156} INFO - Setting next_dagrun for example_python_operator to None, run_after=None
[2025-05-20T03:13:10.255+0000] {processor.py:208} INFO - Processing /home/airflow/.local/lib/python3.12/site-packages/airflow/example_dags/example_python_operator.py took 0.191 seconds
[2025-05-20T03:13:41.192+0000] {processor.py:186} INFO - Started process (PID=2507) to work on /home/airflow/.local/lib/python3.12/site-packages/airflow/example_dags/example_python_operator.py
[2025-05-20T03:13:41.195+0000] {processor.py:914} INFO - Processing file /home/airflow/.local/lib/python3.12/site-packages/airflow/example_dags/example_python_operator.py for tasks to queue
[2025-05-20T03:13:41.206+0000] {logging_mixin.py:190} INFO - [2025-05-20T03:13:41.205+0000] {dagbag.py:587} INFO - Filling up the DagBag from /home/airflow/.local/lib/python3.12/site-packages/airflow/example_dags/example_python_operator.py
[2025-05-20T03:13:41.224+0000] {processor.py:925} INFO - DAG(s) 'example_python_operator' retrieved from /home/airflow/.local/lib/python3.12/site-packages/airflow/example_dags/example_python_operator.py
[2025-05-20T03:13:41.285+0000] {logging_mixin.py:190} INFO - [2025-05-20T03:13:41.285+0000] {dag.py:3229} INFO - Sync 1 DAGs
[2025-05-20T03:13:41.309+0000] {logging_mixin.py:190} INFO - [2025-05-20T03:13:41.309+0000] {dag.py:4156} INFO - Setting next_dagrun for example_python_operator to None, run_after=None
[2025-05-20T03:13:41.369+0000] {processor.py:208} INFO - Processing /home/airflow/.local/lib/python3.12/site-packages/airflow/example_dags/example_python_operator.py took 0.182 seconds
[2025-05-20T03:14:13.438+0000] {processor.py:186} INFO - Started process (PID=2570) to work on /home/airflow/.local/lib/python3.12/site-packages/airflow/example_dags/example_python_operator.py
[2025-05-20T03:14:13.440+0000] {processor.py:914} INFO - Processing file /home/airflow/.local/lib/python3.12/site-packages/airflow/example_dags/example_python_operator.py for tasks to queue
[2025-05-20T03:14:13.449+0000] {logging_mixin.py:190} INFO - [2025-05-20T03:14:13.448+0000] {dagbag.py:587} INFO - Filling up the DagBag from /home/airflow/.local/lib/python3.12/site-packages/airflow/example_dags/example_python_operator.py
[2025-05-20T03:14:13.471+0000] {processor.py:925} INFO - DAG(s) 'example_python_operator' retrieved from /home/airflow/.local/lib/python3.12/site-packages/airflow/example_dags/example_python_operator.py
[2025-05-20T03:14:13.527+0000] {logging_mixin.py:190} INFO - [2025-05-20T03:14:13.527+0000] {dag.py:3229} INFO - Sync 1 DAGs
[2025-05-20T03:14:13.579+0000] {logging_mixin.py:190} INFO - [2025-05-20T03:14:13.578+0000] {dag.py:4156} INFO - Setting next_dagrun for example_python_operator to None, run_after=None
[2025-05-20T03:14:13.654+0000] {processor.py:208} INFO - Processing /home/airflow/.local/lib/python3.12/site-packages/airflow/example_dags/example_python_operator.py took 0.218 seconds
[2025-05-20T03:14:44.046+0000] {processor.py:186} INFO - Started process (PID=2633) to work on /home/airflow/.local/lib/python3.12/site-packages/airflow/example_dags/example_python_operator.py
[2025-05-20T03:14:44.047+0000] {processor.py:914} INFO - Processing file /home/airflow/.local/lib/python3.12/site-packages/airflow/example_dags/example_python_operator.py for tasks to queue
[2025-05-20T03:14:44.060+0000] {logging_mixin.py:190} INFO - [2025-05-20T03:14:44.059+0000] {dagbag.py:587} INFO - Filling up the DagBag from /home/airflow/.local/lib/python3.12/site-packages/airflow/example_dags/example_python_operator.py
[2025-05-20T03:14:44.098+0000] {processor.py:925} INFO - DAG(s) 'example_python_operator' retrieved from /home/airflow/.local/lib/python3.12/site-packages/airflow/example_dags/example_python_operator.py
[2025-05-20T03:14:44.169+0000] {logging_mixin.py:190} INFO - [2025-05-20T03:14:44.169+0000] {dag.py:3229} INFO - Sync 1 DAGs
[2025-05-20T03:14:44.197+0000] {logging_mixin.py:190} INFO - [2025-05-20T03:14:44.197+0000] {dag.py:4156} INFO - Setting next_dagrun for example_python_operator to None, run_after=None
[2025-05-20T03:14:44.359+0000] {processor.py:208} INFO - Processing /home/airflow/.local/lib/python3.12/site-packages/airflow/example_dags/example_python_operator.py took 0.317 seconds
[2025-05-20T03:15:17.022+0000] {processor.py:186} INFO - Started process (PID=2696) to work on /home/airflow/.local/lib/python3.12/site-packages/airflow/example_dags/example_python_operator.py
[2025-05-20T03:15:17.025+0000] {processor.py:914} INFO - Processing file /home/airflow/.local/lib/python3.12/site-packages/airflow/example_dags/example_python_operator.py for tasks to queue
[2025-05-20T03:15:17.042+0000] {logging_mixin.py:190} INFO - [2025-05-20T03:15:17.042+0000] {dagbag.py:587} INFO - Filling up the DagBag from /home/airflow/.local/lib/python3.12/site-packages/airflow/example_dags/example_python_operator.py
[2025-05-20T03:15:17.060+0000] {processor.py:925} INFO - DAG(s) 'example_python_operator' retrieved from /home/airflow/.local/lib/python3.12/site-packages/airflow/example_dags/example_python_operator.py
[2025-05-20T03:15:17.143+0000] {logging_mixin.py:190} INFO - [2025-05-20T03:15:17.143+0000] {dag.py:3229} INFO - Sync 1 DAGs
[2025-05-20T03:15:17.168+0000] {logging_mixin.py:190} INFO - [2025-05-20T03:15:17.167+0000] {dag.py:4156} INFO - Setting next_dagrun for example_python_operator to None, run_after=None
[2025-05-20T03:15:17.205+0000] {processor.py:208} INFO - Processing /home/airflow/.local/lib/python3.12/site-packages/airflow/example_dags/example_python_operator.py took 0.187 seconds
[2025-05-20T03:15:47.351+0000] {processor.py:186} INFO - Started process (PID=2759) to work on /home/airflow/.local/lib/python3.12/site-packages/airflow/example_dags/example_python_operator.py
[2025-05-20T03:15:47.352+0000] {processor.py:914} INFO - Processing file /home/airflow/.local/lib/python3.12/site-packages/airflow/example_dags/example_python_operator.py for tasks to queue
[2025-05-20T03:15:47.360+0000] {logging_mixin.py:190} INFO - [2025-05-20T03:15:47.357+0000] {dagbag.py:587} INFO - Filling up the DagBag from /home/airflow/.local/lib/python3.12/site-packages/airflow/example_dags/example_python_operator.py
[2025-05-20T03:15:47.377+0000] {processor.py:925} INFO - DAG(s) 'example_python_operator' retrieved from /home/airflow/.local/lib/python3.12/site-packages/airflow/example_dags/example_python_operator.py
[2025-05-20T03:15:47.470+0000] {logging_mixin.py:190} INFO - [2025-05-20T03:15:47.462+0000] {dag.py:3229} INFO - Sync 1 DAGs
[2025-05-20T03:15:47.506+0000] {logging_mixin.py:190} INFO - [2025-05-20T03:15:47.506+0000] {dag.py:4156} INFO - Setting next_dagrun for example_python_operator to None, run_after=None
[2025-05-20T03:15:47.558+0000] {processor.py:208} INFO - Processing /home/airflow/.local/lib/python3.12/site-packages/airflow/example_dags/example_python_operator.py took 0.211 seconds
