[2025-05-20T02:51:00.897+0000] {processor.py:186} INFO - Started process (PID=101) to work on /home/airflow/.local/lib/python3.12/site-packages/airflow/example_dags/example_outlet_event_extra.py
[2025-05-20T02:51:00.898+0000] {processor.py:914} INFO - Processing file /home/airflow/.local/lib/python3.12/site-packages/airflow/example_dags/example_outlet_event_extra.py for tasks to queue
[2025-05-20T02:51:00.907+0000] {logging_mixin.py:190} INFO - [2025-05-20T02:51:00.906+0000] {dagbag.py:587} INFO - Filling up the DagBag from /home/airflow/.local/lib/python3.12/site-packages/airflow/example_dags/example_outlet_event_extra.py
[2025-05-20T02:51:01.094+0000] {processor.py:925} INFO - DAG(s) 'dataset_with_extra_by_context', 'dataset_with_extra_from_classic_operator', 'dataset_with_extra_by_yield' retrieved from /home/airflow/.local/lib/python3.12/site-packages/airflow/example_dags/example_outlet_event_extra.py
[2025-05-20T02:51:01.276+0000] {logging_mixin.py:190} INFO - [2025-05-20T02:51:01.275+0000] {override.py:1900} INFO - Created Permission View: can read on DAG:dataset_with_extra_by_context
[2025-05-20T02:51:01.307+0000] {logging_mixin.py:190} INFO - [2025-05-20T02:51:01.307+0000] {override.py:1900} INFO - Created Permission View: can delete on DAG:dataset_with_extra_by_context
[2025-05-20T02:51:01.329+0000] {logging_mixin.py:190} INFO - [2025-05-20T02:51:01.329+0000] {override.py:1900} INFO - Created Permission View: can edit on DAG:dataset_with_extra_by_context
[2025-05-20T02:51:01.367+0000] {logging_mixin.py:190} INFO - [2025-05-20T02:51:01.364+0000] {override.py:1900} INFO - Created Permission View: can read on DAG Run:dataset_with_extra_by_context
[2025-05-20T02:51:01.405+0000] {logging_mixin.py:190} INFO - [2025-05-20T02:51:01.401+0000] {override.py:1900} INFO - Created Permission View: can delete on DAG Run:dataset_with_extra_by_context
[2025-05-20T02:51:01.433+0000] {logging_mixin.py:190} INFO - [2025-05-20T02:51:01.432+0000] {override.py:1900} INFO - Created Permission View: can create on DAG Run:dataset_with_extra_by_context
[2025-05-20T02:51:01.467+0000] {logging_mixin.py:190} INFO - [2025-05-20T02:51:01.467+0000] {override.py:1900} INFO - Created Permission View: menu access on DAG Run:dataset_with_extra_by_context
[2025-05-20T02:51:01.527+0000] {logging_mixin.py:190} INFO - [2025-05-20T02:51:01.526+0000] {override.py:1900} INFO - Created Permission View: can read on DAG:dataset_with_extra_from_classic_operator
[2025-05-20T02:51:01.573+0000] {logging_mixin.py:190} INFO - [2025-05-20T02:51:01.572+0000] {override.py:1900} INFO - Created Permission View: can delete on DAG:dataset_with_extra_from_classic_operator
[2025-05-20T02:51:01.586+0000] {logging_mixin.py:190} INFO - [2025-05-20T02:51:01.586+0000] {override.py:1900} INFO - Created Permission View: can edit on DAG:dataset_with_extra_from_classic_operator
[2025-05-20T02:51:01.599+0000] {logging_mixin.py:190} INFO - [2025-05-20T02:51:01.597+0000] {override.py:1900} INFO - Created Permission View: can read on DAG Run:dataset_with_extra_from_classic_operator
[2025-05-20T02:51:01.615+0000] {logging_mixin.py:190} INFO - [2025-05-20T02:51:01.615+0000] {override.py:1900} INFO - Created Permission View: can delete on DAG Run:dataset_with_extra_from_classic_operator
[2025-05-20T02:51:01.637+0000] {logging_mixin.py:190} INFO - [2025-05-20T02:51:01.637+0000] {override.py:1900} INFO - Created Permission View: can create on DAG Run:dataset_with_extra_from_classic_operator
[2025-05-20T02:51:01.649+0000] {logging_mixin.py:190} INFO - [2025-05-20T02:51:01.649+0000] {override.py:1900} INFO - Created Permission View: menu access on DAG Run:dataset_with_extra_from_classic_operator
[2025-05-20T02:51:01.670+0000] {logging_mixin.py:190} INFO - [2025-05-20T02:51:01.670+0000] {override.py:1900} INFO - Created Permission View: can read on DAG:dataset_with_extra_by_yield
[2025-05-20T02:51:01.697+0000] {logging_mixin.py:190} INFO - [2025-05-20T02:51:01.696+0000] {override.py:1900} INFO - Created Permission View: can delete on DAG:dataset_with_extra_by_yield
[2025-05-20T02:51:01.733+0000] {logging_mixin.py:190} INFO - [2025-05-20T02:51:01.732+0000] {override.py:1900} INFO - Created Permission View: can edit on DAG:dataset_with_extra_by_yield
[2025-05-20T02:51:01.771+0000] {logging_mixin.py:190} INFO - [2025-05-20T02:51:01.771+0000] {override.py:1900} INFO - Created Permission View: can read on DAG Run:dataset_with_extra_by_yield
[2025-05-20T02:51:01.816+0000] {logging_mixin.py:190} INFO - [2025-05-20T02:51:01.815+0000] {override.py:1900} INFO - Created Permission View: can delete on DAG Run:dataset_with_extra_by_yield
[2025-05-20T02:51:01.854+0000] {logging_mixin.py:190} INFO - [2025-05-20T02:51:01.853+0000] {override.py:1900} INFO - Created Permission View: can create on DAG Run:dataset_with_extra_by_yield
[2025-05-20T02:51:01.877+0000] {logging_mixin.py:190} INFO - [2025-05-20T02:51:01.876+0000] {override.py:1900} INFO - Created Permission View: menu access on DAG Run:dataset_with_extra_by_yield
[2025-05-20T02:51:01.878+0000] {logging_mixin.py:190} INFO - [2025-05-20T02:51:01.878+0000] {dag.py:3229} INFO - Sync 3 DAGs
[2025-05-20T02:51:01.919+0000] {logging_mixin.py:190} INFO - [2025-05-20T02:51:01.917+0000] {dag.py:3252} INFO - Creating ORM DAG for dataset_with_extra_by_yield
[2025-05-20T02:51:01.927+0000] {logging_mixin.py:190} INFO - [2025-05-20T02:51:01.926+0000] {dag.py:3252} INFO - Creating ORM DAG for dataset_with_extra_from_classic_operator
[2025-05-20T02:51:01.928+0000] {logging_mixin.py:190} INFO - [2025-05-20T02:51:01.928+0000] {dag.py:3252} INFO - Creating ORM DAG for dataset_with_extra_by_context
[2025-05-20T02:51:01.983+0000] {logging_mixin.py:190} INFO - [2025-05-20T02:51:01.977+0000] {dag.py:4156} INFO - Setting next_dagrun for dataset_with_extra_by_context to 2025-05-19 00:00:00+00:00, run_after=2025-05-20 00:00:00+00:00
[2025-05-20T02:51:01.989+0000] {logging_mixin.py:190} INFO - [2025-05-20T02:51:01.988+0000] {dag.py:4156} INFO - Setting next_dagrun for dataset_with_extra_by_yield to 2025-05-19 00:00:00+00:00, run_after=2025-05-20 00:00:00+00:00
[2025-05-20T02:51:01.991+0000] {logging_mixin.py:190} INFO - [2025-05-20T02:51:01.991+0000] {dag.py:4156} INFO - Setting next_dagrun for dataset_with_extra_from_classic_operator to 2025-05-19 00:00:00+00:00, run_after=2025-05-20 00:00:00+00:00
[2025-05-20T02:51:02.084+0000] {processor.py:208} INFO - Processing /home/airflow/.local/lib/python3.12/site-packages/airflow/example_dags/example_outlet_event_extra.py took 1.193 seconds
[2025-05-20T02:51:32.842+0000] {processor.py:186} INFO - Started process (PID=164) to work on /home/airflow/.local/lib/python3.12/site-packages/airflow/example_dags/example_outlet_event_extra.py
[2025-05-20T02:51:32.844+0000] {processor.py:914} INFO - Processing file /home/airflow/.local/lib/python3.12/site-packages/airflow/example_dags/example_outlet_event_extra.py for tasks to queue
[2025-05-20T02:51:32.852+0000] {logging_mixin.py:190} INFO - [2025-05-20T02:51:32.852+0000] {dagbag.py:587} INFO - Filling up the DagBag from /home/airflow/.local/lib/python3.12/site-packages/airflow/example_dags/example_outlet_event_extra.py
[2025-05-20T02:51:32.987+0000] {processor.py:925} INFO - DAG(s) 'dataset_with_extra_by_yield', 'dataset_with_extra_by_context', 'dataset_with_extra_from_classic_operator' retrieved from /home/airflow/.local/lib/python3.12/site-packages/airflow/example_dags/example_outlet_event_extra.py
[2025-05-20T02:51:33.066+0000] {logging_mixin.py:190} INFO - [2025-05-20T02:51:33.066+0000] {dag.py:3229} INFO - Sync 3 DAGs
[2025-05-20T02:51:33.112+0000] {logging_mixin.py:190} INFO - [2025-05-20T02:51:33.112+0000] {dag.py:4156} INFO - Setting next_dagrun for dataset_with_extra_by_context to 2025-05-19 00:00:00+00:00, run_after=2025-05-20 00:00:00+00:00
[2025-05-20T02:51:33.136+0000] {logging_mixin.py:190} INFO - [2025-05-20T02:51:33.136+0000] {dag.py:4156} INFO - Setting next_dagrun for dataset_with_extra_by_yield to 2025-05-19 00:00:00+00:00, run_after=2025-05-20 00:00:00+00:00
[2025-05-20T02:51:33.149+0000] {logging_mixin.py:190} INFO - [2025-05-20T02:51:33.148+0000] {dag.py:4156} INFO - Setting next_dagrun for dataset_with_extra_from_classic_operator to 2025-05-19 00:00:00+00:00, run_after=2025-05-20 00:00:00+00:00
[2025-05-20T02:51:33.211+0000] {processor.py:208} INFO - Processing /home/airflow/.local/lib/python3.12/site-packages/airflow/example_dags/example_outlet_event_extra.py took 0.373 seconds
[2025-05-20T02:52:03.301+0000] {processor.py:186} INFO - Started process (PID=227) to work on /home/airflow/.local/lib/python3.12/site-packages/airflow/example_dags/example_outlet_event_extra.py
[2025-05-20T02:52:03.302+0000] {processor.py:914} INFO - Processing file /home/airflow/.local/lib/python3.12/site-packages/airflow/example_dags/example_outlet_event_extra.py for tasks to queue
[2025-05-20T02:52:03.306+0000] {logging_mixin.py:190} INFO - [2025-05-20T02:52:03.305+0000] {dagbag.py:587} INFO - Filling up the DagBag from /home/airflow/.local/lib/python3.12/site-packages/airflow/example_dags/example_outlet_event_extra.py
[2025-05-20T02:52:03.495+0000] {processor.py:925} INFO - DAG(s) 'dataset_with_extra_by_context', 'dataset_with_extra_from_classic_operator', 'dataset_with_extra_by_yield' retrieved from /home/airflow/.local/lib/python3.12/site-packages/airflow/example_dags/example_outlet_event_extra.py
[2025-05-20T02:52:03.578+0000] {logging_mixin.py:190} INFO - [2025-05-20T02:52:03.577+0000] {dag.py:3229} INFO - Sync 3 DAGs
[2025-05-20T02:52:03.636+0000] {logging_mixin.py:190} INFO - [2025-05-20T02:52:03.636+0000] {dag.py:4156} INFO - Setting next_dagrun for dataset_with_extra_by_context to 2025-05-19 00:00:00+00:00, run_after=2025-05-20 00:00:00+00:00
[2025-05-20T02:52:03.640+0000] {logging_mixin.py:190} INFO - [2025-05-20T02:52:03.640+0000] {dag.py:4156} INFO - Setting next_dagrun for dataset_with_extra_by_yield to 2025-05-19 00:00:00+00:00, run_after=2025-05-20 00:00:00+00:00
[2025-05-20T02:52:03.646+0000] {logging_mixin.py:190} INFO - [2025-05-20T02:52:03.645+0000] {dag.py:4156} INFO - Setting next_dagrun for dataset_with_extra_from_classic_operator to 2025-05-19 00:00:00+00:00, run_after=2025-05-20 00:00:00+00:00
[2025-05-20T02:52:03.708+0000] {processor.py:208} INFO - Processing /home/airflow/.local/lib/python3.12/site-packages/airflow/example_dags/example_outlet_event_extra.py took 0.411 seconds
[2025-05-20T02:54:01.048+0000] {processor.py:186} INFO - Started process (PID=102) to work on /home/airflow/.local/lib/python3.12/site-packages/airflow/example_dags/example_outlet_event_extra.py
[2025-05-20T02:54:01.096+0000] {processor.py:914} INFO - Processing file /home/airflow/.local/lib/python3.12/site-packages/airflow/example_dags/example_outlet_event_extra.py for tasks to queue
[2025-05-20T02:54:01.138+0000] {logging_mixin.py:190} INFO - [2025-05-20T02:54:01.137+0000] {dagbag.py:587} INFO - Filling up the DagBag from /home/airflow/.local/lib/python3.12/site-packages/airflow/example_dags/example_outlet_event_extra.py
[2025-05-20T02:54:01.377+0000] {processor.py:925} INFO - DAG(s) 'dataset_with_extra_by_yield', 'dataset_with_extra_from_classic_operator', 'dataset_with_extra_by_context' retrieved from /home/airflow/.local/lib/python3.12/site-packages/airflow/example_dags/example_outlet_event_extra.py
[2025-05-20T02:54:01.436+0000] {logging_mixin.py:190} INFO - [2025-05-20T02:54:01.436+0000] {dag.py:3229} INFO - Sync 3 DAGs
[2025-05-20T02:54:01.478+0000] {logging_mixin.py:190} INFO - [2025-05-20T02:54:01.478+0000] {dag.py:4156} INFO - Setting next_dagrun for dataset_with_extra_by_context to 2025-05-19 00:00:00+00:00, run_after=2025-05-20 00:00:00+00:00
[2025-05-20T02:54:01.492+0000] {logging_mixin.py:190} INFO - [2025-05-20T02:54:01.492+0000] {dag.py:4156} INFO - Setting next_dagrun for dataset_with_extra_by_yield to 2025-05-19 00:00:00+00:00, run_after=2025-05-20 00:00:00+00:00
[2025-05-20T02:54:01.499+0000] {logging_mixin.py:190} INFO - [2025-05-20T02:54:01.499+0000] {dag.py:4156} INFO - Setting next_dagrun for dataset_with_extra_from_classic_operator to 2025-05-19 00:00:00+00:00, run_after=2025-05-20 00:00:00+00:00
[2025-05-20T02:54:01.593+0000] {processor.py:208} INFO - Processing /home/airflow/.local/lib/python3.12/site-packages/airflow/example_dags/example_outlet_event_extra.py took 0.564 seconds
[2025-05-20T02:54:31.850+0000] {processor.py:186} INFO - Started process (PID=166) to work on /home/airflow/.local/lib/python3.12/site-packages/airflow/example_dags/example_outlet_event_extra.py
[2025-05-20T02:54:31.851+0000] {processor.py:914} INFO - Processing file /home/airflow/.local/lib/python3.12/site-packages/airflow/example_dags/example_outlet_event_extra.py for tasks to queue
[2025-05-20T02:54:31.858+0000] {logging_mixin.py:190} INFO - [2025-05-20T02:54:31.856+0000] {dagbag.py:587} INFO - Filling up the DagBag from /home/airflow/.local/lib/python3.12/site-packages/airflow/example_dags/example_outlet_event_extra.py
[2025-05-20T02:54:32.041+0000] {processor.py:925} INFO - DAG(s) 'dataset_with_extra_by_yield', 'dataset_with_extra_by_context', 'dataset_with_extra_from_classic_operator' retrieved from /home/airflow/.local/lib/python3.12/site-packages/airflow/example_dags/example_outlet_event_extra.py
[2025-05-20T02:54:32.101+0000] {logging_mixin.py:190} INFO - [2025-05-20T02:54:32.101+0000] {dag.py:3229} INFO - Sync 3 DAGs
[2025-05-20T02:54:32.178+0000] {logging_mixin.py:190} INFO - [2025-05-20T02:54:32.178+0000] {dag.py:4156} INFO - Setting next_dagrun for dataset_with_extra_by_context to 2025-05-19 00:00:00+00:00, run_after=2025-05-20 00:00:00+00:00
[2025-05-20T02:54:32.204+0000] {logging_mixin.py:190} INFO - [2025-05-20T02:54:32.204+0000] {dag.py:4156} INFO - Setting next_dagrun for dataset_with_extra_by_yield to 2025-05-19 00:00:00+00:00, run_after=2025-05-20 00:00:00+00:00
[2025-05-20T02:54:32.212+0000] {logging_mixin.py:190} INFO - [2025-05-20T02:54:32.212+0000] {dag.py:4156} INFO - Setting next_dagrun for dataset_with_extra_from_classic_operator to 2025-05-19 00:00:00+00:00, run_after=2025-05-20 00:00:00+00:00
[2025-05-20T02:54:32.312+0000] {processor.py:208} INFO - Processing /home/airflow/.local/lib/python3.12/site-packages/airflow/example_dags/example_outlet_event_extra.py took 0.466 seconds
[2025-05-20T02:55:03.187+0000] {processor.py:186} INFO - Started process (PID=228) to work on /home/airflow/.local/lib/python3.12/site-packages/airflow/example_dags/example_outlet_event_extra.py
[2025-05-20T02:55:03.188+0000] {processor.py:914} INFO - Processing file /home/airflow/.local/lib/python3.12/site-packages/airflow/example_dags/example_outlet_event_extra.py for tasks to queue
[2025-05-20T02:55:03.199+0000] {logging_mixin.py:190} INFO - [2025-05-20T02:55:03.198+0000] {dagbag.py:587} INFO - Filling up the DagBag from /home/airflow/.local/lib/python3.12/site-packages/airflow/example_dags/example_outlet_event_extra.py
[2025-05-20T02:55:03.576+0000] {processor.py:925} INFO - DAG(s) 'dataset_with_extra_from_classic_operator', 'dataset_with_extra_by_context', 'dataset_with_extra_by_yield' retrieved from /home/airflow/.local/lib/python3.12/site-packages/airflow/example_dags/example_outlet_event_extra.py
[2025-05-20T02:55:03.705+0000] {logging_mixin.py:190} INFO - [2025-05-20T02:55:03.703+0000] {dag.py:3229} INFO - Sync 3 DAGs
[2025-05-20T02:55:03.739+0000] {logging_mixin.py:190} INFO - [2025-05-20T02:55:03.739+0000] {dag.py:4156} INFO - Setting next_dagrun for dataset_with_extra_by_context to 2025-05-19 00:00:00+00:00, run_after=2025-05-20 00:00:00+00:00
[2025-05-20T02:55:03.753+0000] {logging_mixin.py:190} INFO - [2025-05-20T02:55:03.752+0000] {dag.py:4156} INFO - Setting next_dagrun for dataset_with_extra_by_yield to 2025-05-19 00:00:00+00:00, run_after=2025-05-20 00:00:00+00:00
[2025-05-20T02:55:03.760+0000] {logging_mixin.py:190} INFO - [2025-05-20T02:55:03.759+0000] {dag.py:4156} INFO - Setting next_dagrun for dataset_with_extra_from_classic_operator to 2025-05-19 00:00:00+00:00, run_after=2025-05-20 00:00:00+00:00
[2025-05-20T02:55:03.850+0000] {processor.py:208} INFO - Processing /home/airflow/.local/lib/python3.12/site-packages/airflow/example_dags/example_outlet_event_extra.py took 0.668 seconds
[2025-05-20T02:55:34.120+0000] {processor.py:186} INFO - Started process (PID=291) to work on /home/airflow/.local/lib/python3.12/site-packages/airflow/example_dags/example_outlet_event_extra.py
[2025-05-20T02:55:34.124+0000] {processor.py:914} INFO - Processing file /home/airflow/.local/lib/python3.12/site-packages/airflow/example_dags/example_outlet_event_extra.py for tasks to queue
[2025-05-20T02:55:34.133+0000] {logging_mixin.py:190} INFO - [2025-05-20T02:55:34.132+0000] {dagbag.py:587} INFO - Filling up the DagBag from /home/airflow/.local/lib/python3.12/site-packages/airflow/example_dags/example_outlet_event_extra.py
[2025-05-20T02:55:34.295+0000] {processor.py:925} INFO - DAG(s) 'dataset_with_extra_by_yield', 'dataset_with_extra_by_context', 'dataset_with_extra_from_classic_operator' retrieved from /home/airflow/.local/lib/python3.12/site-packages/airflow/example_dags/example_outlet_event_extra.py
[2025-05-20T02:55:34.359+0000] {logging_mixin.py:190} INFO - [2025-05-20T02:55:34.356+0000] {dag.py:3229} INFO - Sync 3 DAGs
[2025-05-20T02:55:34.375+0000] {logging_mixin.py:190} INFO - [2025-05-20T02:55:34.375+0000] {dag.py:4156} INFO - Setting next_dagrun for dataset_with_extra_by_context to 2025-05-19 00:00:00+00:00, run_after=2025-05-20 00:00:00+00:00
[2025-05-20T02:55:34.393+0000] {logging_mixin.py:190} INFO - [2025-05-20T02:55:34.393+0000] {dag.py:4156} INFO - Setting next_dagrun for dataset_with_extra_by_yield to 2025-05-19 00:00:00+00:00, run_after=2025-05-20 00:00:00+00:00
[2025-05-20T02:55:34.405+0000] {logging_mixin.py:190} INFO - [2025-05-20T02:55:34.405+0000] {dag.py:4156} INFO - Setting next_dagrun for dataset_with_extra_from_classic_operator to 2025-05-19 00:00:00+00:00, run_after=2025-05-20 00:00:00+00:00
[2025-05-20T02:55:34.462+0000] {processor.py:208} INFO - Processing /home/airflow/.local/lib/python3.12/site-packages/airflow/example_dags/example_outlet_event_extra.py took 0.346 seconds
[2025-05-20T02:56:05.432+0000] {processor.py:186} INFO - Started process (PID=354) to work on /home/airflow/.local/lib/python3.12/site-packages/airflow/example_dags/example_outlet_event_extra.py
[2025-05-20T02:56:05.434+0000] {processor.py:914} INFO - Processing file /home/airflow/.local/lib/python3.12/site-packages/airflow/example_dags/example_outlet_event_extra.py for tasks to queue
[2025-05-20T02:56:05.451+0000] {logging_mixin.py:190} INFO - [2025-05-20T02:56:05.450+0000] {dagbag.py:587} INFO - Filling up the DagBag from /home/airflow/.local/lib/python3.12/site-packages/airflow/example_dags/example_outlet_event_extra.py
[2025-05-20T02:56:05.586+0000] {processor.py:925} INFO - DAG(s) 'dataset_with_extra_by_yield', 'dataset_with_extra_from_classic_operator', 'dataset_with_extra_by_context' retrieved from /home/airflow/.local/lib/python3.12/site-packages/airflow/example_dags/example_outlet_event_extra.py
[2025-05-20T02:56:05.671+0000] {logging_mixin.py:190} INFO - [2025-05-20T02:56:05.669+0000] {dag.py:3229} INFO - Sync 3 DAGs
[2025-05-20T02:56:05.753+0000] {logging_mixin.py:190} INFO - [2025-05-20T02:56:05.751+0000] {dag.py:4156} INFO - Setting next_dagrun for dataset_with_extra_by_context to 2025-05-19 00:00:00+00:00, run_after=2025-05-20 00:00:00+00:00
[2025-05-20T02:56:05.762+0000] {logging_mixin.py:190} INFO - [2025-05-20T02:56:05.761+0000] {dag.py:4156} INFO - Setting next_dagrun for dataset_with_extra_by_yield to 2025-05-19 00:00:00+00:00, run_after=2025-05-20 00:00:00+00:00
[2025-05-20T02:56:05.766+0000] {logging_mixin.py:190} INFO - [2025-05-20T02:56:05.764+0000] {dag.py:4156} INFO - Setting next_dagrun for dataset_with_extra_from_classic_operator to 2025-05-19 00:00:00+00:00, run_after=2025-05-20 00:00:00+00:00
[2025-05-20T02:56:05.787+0000] {processor.py:208} INFO - Processing /home/airflow/.local/lib/python3.12/site-packages/airflow/example_dags/example_outlet_event_extra.py took 0.359 seconds
[2025-05-20T02:56:36.956+0000] {processor.py:186} INFO - Started process (PID=417) to work on /home/airflow/.local/lib/python3.12/site-packages/airflow/example_dags/example_outlet_event_extra.py
[2025-05-20T02:56:36.961+0000] {processor.py:914} INFO - Processing file /home/airflow/.local/lib/python3.12/site-packages/airflow/example_dags/example_outlet_event_extra.py for tasks to queue
[2025-05-20T02:56:36.972+0000] {logging_mixin.py:190} INFO - [2025-05-20T02:56:36.972+0000] {dagbag.py:587} INFO - Filling up the DagBag from /home/airflow/.local/lib/python3.12/site-packages/airflow/example_dags/example_outlet_event_extra.py
[2025-05-20T02:56:37.616+0000] {processor.py:925} INFO - DAG(s) 'dataset_with_extra_by_context', 'dataset_with_extra_by_yield', 'dataset_with_extra_from_classic_operator' retrieved from /home/airflow/.local/lib/python3.12/site-packages/airflow/example_dags/example_outlet_event_extra.py
[2025-05-20T02:56:37.799+0000] {logging_mixin.py:190} INFO - [2025-05-20T02:56:37.799+0000] {dag.py:3229} INFO - Sync 3 DAGs
[2025-05-20T02:56:37.844+0000] {logging_mixin.py:190} INFO - [2025-05-20T02:56:37.844+0000] {dag.py:4156} INFO - Setting next_dagrun for dataset_with_extra_by_context to 2025-05-19 00:00:00+00:00, run_after=2025-05-20 00:00:00+00:00
[2025-05-20T02:56:37.864+0000] {logging_mixin.py:190} INFO - [2025-05-20T02:56:37.864+0000] {dag.py:4156} INFO - Setting next_dagrun for dataset_with_extra_by_yield to 2025-05-19 00:00:00+00:00, run_after=2025-05-20 00:00:00+00:00
[2025-05-20T02:56:37.867+0000] {logging_mixin.py:190} INFO - [2025-05-20T02:56:37.867+0000] {dag.py:4156} INFO - Setting next_dagrun for dataset_with_extra_from_classic_operator to 2025-05-19 00:00:00+00:00, run_after=2025-05-20 00:00:00+00:00
[2025-05-20T02:56:38.044+0000] {processor.py:208} INFO - Processing /home/airflow/.local/lib/python3.12/site-packages/airflow/example_dags/example_outlet_event_extra.py took 1.092 seconds
[2025-05-20T02:57:08.438+0000] {processor.py:186} INFO - Started process (PID=480) to work on /home/airflow/.local/lib/python3.12/site-packages/airflow/example_dags/example_outlet_event_extra.py
[2025-05-20T02:57:08.440+0000] {processor.py:914} INFO - Processing file /home/airflow/.local/lib/python3.12/site-packages/airflow/example_dags/example_outlet_event_extra.py for tasks to queue
[2025-05-20T02:57:08.449+0000] {logging_mixin.py:190} INFO - [2025-05-20T02:57:08.449+0000] {dagbag.py:587} INFO - Filling up the DagBag from /home/airflow/.local/lib/python3.12/site-packages/airflow/example_dags/example_outlet_event_extra.py
[2025-05-20T02:57:08.593+0000] {processor.py:925} INFO - DAG(s) 'dataset_with_extra_from_classic_operator', 'dataset_with_extra_by_yield', 'dataset_with_extra_by_context' retrieved from /home/airflow/.local/lib/python3.12/site-packages/airflow/example_dags/example_outlet_event_extra.py
[2025-05-20T02:57:08.638+0000] {logging_mixin.py:190} INFO - [2025-05-20T02:57:08.638+0000] {dag.py:3229} INFO - Sync 3 DAGs
[2025-05-20T02:57:08.680+0000] {logging_mixin.py:190} INFO - [2025-05-20T02:57:08.680+0000] {dag.py:4156} INFO - Setting next_dagrun for dataset_with_extra_by_context to 2025-05-19 00:00:00+00:00, run_after=2025-05-20 00:00:00+00:00
[2025-05-20T02:57:08.694+0000] {logging_mixin.py:190} INFO - [2025-05-20T02:57:08.693+0000] {dag.py:4156} INFO - Setting next_dagrun for dataset_with_extra_by_yield to 2025-05-19 00:00:00+00:00, run_after=2025-05-20 00:00:00+00:00
[2025-05-20T02:57:08.700+0000] {logging_mixin.py:190} INFO - [2025-05-20T02:57:08.700+0000] {dag.py:4156} INFO - Setting next_dagrun for dataset_with_extra_from_classic_operator to 2025-05-19 00:00:00+00:00, run_after=2025-05-20 00:00:00+00:00
[2025-05-20T02:57:08.757+0000] {processor.py:208} INFO - Processing /home/airflow/.local/lib/python3.12/site-packages/airflow/example_dags/example_outlet_event_extra.py took 0.327 seconds
[2025-05-20T02:57:38.801+0000] {processor.py:186} INFO - Started process (PID=544) to work on /home/airflow/.local/lib/python3.12/site-packages/airflow/example_dags/example_outlet_event_extra.py
[2025-05-20T02:57:38.807+0000] {processor.py:914} INFO - Processing file /home/airflow/.local/lib/python3.12/site-packages/airflow/example_dags/example_outlet_event_extra.py for tasks to queue
[2025-05-20T02:57:38.822+0000] {logging_mixin.py:190} INFO - [2025-05-20T02:57:38.820+0000] {dagbag.py:587} INFO - Filling up the DagBag from /home/airflow/.local/lib/python3.12/site-packages/airflow/example_dags/example_outlet_event_extra.py
[2025-05-20T02:57:39.016+0000] {processor.py:925} INFO - DAG(s) 'dataset_with_extra_by_yield', 'dataset_with_extra_from_classic_operator', 'dataset_with_extra_by_context' retrieved from /home/airflow/.local/lib/python3.12/site-packages/airflow/example_dags/example_outlet_event_extra.py
[2025-05-20T02:57:39.082+0000] {logging_mixin.py:190} INFO - [2025-05-20T02:57:39.080+0000] {dag.py:3229} INFO - Sync 3 DAGs
[2025-05-20T02:57:39.114+0000] {logging_mixin.py:190} INFO - [2025-05-20T02:57:39.114+0000] {dag.py:4156} INFO - Setting next_dagrun for dataset_with_extra_by_context to 2025-05-19 00:00:00+00:00, run_after=2025-05-20 00:00:00+00:00
[2025-05-20T02:57:39.130+0000] {logging_mixin.py:190} INFO - [2025-05-20T02:57:39.130+0000] {dag.py:4156} INFO - Setting next_dagrun for dataset_with_extra_by_yield to 2025-05-19 00:00:00+00:00, run_after=2025-05-20 00:00:00+00:00
[2025-05-20T02:57:39.142+0000] {logging_mixin.py:190} INFO - [2025-05-20T02:57:39.142+0000] {dag.py:4156} INFO - Setting next_dagrun for dataset_with_extra_from_classic_operator to 2025-05-19 00:00:00+00:00, run_after=2025-05-20 00:00:00+00:00
[2025-05-20T02:57:39.189+0000] {processor.py:208} INFO - Processing /home/airflow/.local/lib/python3.12/site-packages/airflow/example_dags/example_outlet_event_extra.py took 0.391 seconds
[2025-05-20T02:58:09.407+0000] {processor.py:186} INFO - Started process (PID=608) to work on /home/airflow/.local/lib/python3.12/site-packages/airflow/example_dags/example_outlet_event_extra.py
[2025-05-20T02:58:09.408+0000] {processor.py:914} INFO - Processing file /home/airflow/.local/lib/python3.12/site-packages/airflow/example_dags/example_outlet_event_extra.py for tasks to queue
[2025-05-20T02:58:09.415+0000] {logging_mixin.py:190} INFO - [2025-05-20T02:58:09.415+0000] {dagbag.py:587} INFO - Filling up the DagBag from /home/airflow/.local/lib/python3.12/site-packages/airflow/example_dags/example_outlet_event_extra.py
[2025-05-20T02:58:09.624+0000] {processor.py:925} INFO - DAG(s) 'dataset_with_extra_from_classic_operator', 'dataset_with_extra_by_yield', 'dataset_with_extra_by_context' retrieved from /home/airflow/.local/lib/python3.12/site-packages/airflow/example_dags/example_outlet_event_extra.py
[2025-05-20T02:58:09.689+0000] {logging_mixin.py:190} INFO - [2025-05-20T02:58:09.688+0000] {dag.py:3229} INFO - Sync 3 DAGs
[2025-05-20T02:58:09.721+0000] {logging_mixin.py:190} INFO - [2025-05-20T02:58:09.721+0000] {dag.py:4156} INFO - Setting next_dagrun for dataset_with_extra_by_context to 2025-05-19 00:00:00+00:00, run_after=2025-05-20 00:00:00+00:00
[2025-05-20T02:58:09.733+0000] {logging_mixin.py:190} INFO - [2025-05-20T02:58:09.732+0000] {dag.py:4156} INFO - Setting next_dagrun for dataset_with_extra_by_yield to 2025-05-19 00:00:00+00:00, run_after=2025-05-20 00:00:00+00:00
[2025-05-20T02:58:09.740+0000] {logging_mixin.py:190} INFO - [2025-05-20T02:58:09.738+0000] {dag.py:4156} INFO - Setting next_dagrun for dataset_with_extra_from_classic_operator to 2025-05-19 00:00:00+00:00, run_after=2025-05-20 00:00:00+00:00
[2025-05-20T02:58:09.808+0000] {processor.py:208} INFO - Processing /home/airflow/.local/lib/python3.12/site-packages/airflow/example_dags/example_outlet_event_extra.py took 0.405 seconds
[2025-05-20T02:58:39.895+0000] {processor.py:186} INFO - Started process (PID=672) to work on /home/airflow/.local/lib/python3.12/site-packages/airflow/example_dags/example_outlet_event_extra.py
[2025-05-20T02:58:39.897+0000] {processor.py:914} INFO - Processing file /home/airflow/.local/lib/python3.12/site-packages/airflow/example_dags/example_outlet_event_extra.py for tasks to queue
[2025-05-20T02:58:39.913+0000] {logging_mixin.py:190} INFO - [2025-05-20T02:58:39.908+0000] {dagbag.py:587} INFO - Filling up the DagBag from /home/airflow/.local/lib/python3.12/site-packages/airflow/example_dags/example_outlet_event_extra.py
[2025-05-20T02:58:40.023+0000] {processor.py:925} INFO - DAG(s) 'dataset_with_extra_by_yield', 'dataset_with_extra_from_classic_operator', 'dataset_with_extra_by_context' retrieved from /home/airflow/.local/lib/python3.12/site-packages/airflow/example_dags/example_outlet_event_extra.py
[2025-05-20T02:58:40.087+0000] {logging_mixin.py:190} INFO - [2025-05-20T02:58:40.085+0000] {dag.py:3229} INFO - Sync 3 DAGs
[2025-05-20T02:58:40.144+0000] {logging_mixin.py:190} INFO - [2025-05-20T02:58:40.144+0000] {dag.py:4156} INFO - Setting next_dagrun for dataset_with_extra_by_context to 2025-05-19 00:00:00+00:00, run_after=2025-05-20 00:00:00+00:00
[2025-05-20T02:58:40.152+0000] {logging_mixin.py:190} INFO - [2025-05-20T02:58:40.151+0000] {dag.py:4156} INFO - Setting next_dagrun for dataset_with_extra_by_yield to 2025-05-19 00:00:00+00:00, run_after=2025-05-20 00:00:00+00:00
[2025-05-20T02:58:40.153+0000] {logging_mixin.py:190} INFO - [2025-05-20T02:58:40.153+0000] {dag.py:4156} INFO - Setting next_dagrun for dataset_with_extra_from_classic_operator to 2025-05-19 00:00:00+00:00, run_after=2025-05-20 00:00:00+00:00
[2025-05-20T02:58:40.230+0000] {processor.py:208} INFO - Processing /home/airflow/.local/lib/python3.12/site-packages/airflow/example_dags/example_outlet_event_extra.py took 0.338 seconds
[2025-05-20T02:59:10.630+0000] {processor.py:186} INFO - Started process (PID=733) to work on /home/airflow/.local/lib/python3.12/site-packages/airflow/example_dags/example_outlet_event_extra.py
[2025-05-20T02:59:10.631+0000] {processor.py:914} INFO - Processing file /home/airflow/.local/lib/python3.12/site-packages/airflow/example_dags/example_outlet_event_extra.py for tasks to queue
[2025-05-20T02:59:10.634+0000] {logging_mixin.py:190} INFO - [2025-05-20T02:59:10.634+0000] {dagbag.py:587} INFO - Filling up the DagBag from /home/airflow/.local/lib/python3.12/site-packages/airflow/example_dags/example_outlet_event_extra.py
[2025-05-20T02:59:10.747+0000] {processor.py:925} INFO - DAG(s) 'dataset_with_extra_by_yield', 'dataset_with_extra_from_classic_operator', 'dataset_with_extra_by_context' retrieved from /home/airflow/.local/lib/python3.12/site-packages/airflow/example_dags/example_outlet_event_extra.py
[2025-05-20T02:59:10.826+0000] {logging_mixin.py:190} INFO - [2025-05-20T02:59:10.825+0000] {dag.py:3229} INFO - Sync 3 DAGs
[2025-05-20T02:59:10.865+0000] {logging_mixin.py:190} INFO - [2025-05-20T02:59:10.865+0000] {dag.py:4156} INFO - Setting next_dagrun for dataset_with_extra_by_context to 2025-05-19 00:00:00+00:00, run_after=2025-05-20 00:00:00+00:00
[2025-05-20T02:59:10.875+0000] {logging_mixin.py:190} INFO - [2025-05-20T02:59:10.875+0000] {dag.py:4156} INFO - Setting next_dagrun for dataset_with_extra_by_yield to 2025-05-19 00:00:00+00:00, run_after=2025-05-20 00:00:00+00:00
[2025-05-20T02:59:10.878+0000] {logging_mixin.py:190} INFO - [2025-05-20T02:59:10.878+0000] {dag.py:4156} INFO - Setting next_dagrun for dataset_with_extra_from_classic_operator to 2025-05-19 00:00:00+00:00, run_after=2025-05-20 00:00:00+00:00
[2025-05-20T02:59:10.939+0000] {processor.py:208} INFO - Processing /home/airflow/.local/lib/python3.12/site-packages/airflow/example_dags/example_outlet_event_extra.py took 0.313 seconds
[2025-05-20T02:59:40.989+0000] {processor.py:186} INFO - Started process (PID=796) to work on /home/airflow/.local/lib/python3.12/site-packages/airflow/example_dags/example_outlet_event_extra.py
[2025-05-20T02:59:40.997+0000] {processor.py:914} INFO - Processing file /home/airflow/.local/lib/python3.12/site-packages/airflow/example_dags/example_outlet_event_extra.py for tasks to queue
[2025-05-20T02:59:41.020+0000] {logging_mixin.py:190} INFO - [2025-05-20T02:59:41.018+0000] {dagbag.py:587} INFO - Filling up the DagBag from /home/airflow/.local/lib/python3.12/site-packages/airflow/example_dags/example_outlet_event_extra.py
[2025-05-20T02:59:41.126+0000] {processor.py:925} INFO - DAG(s) 'dataset_with_extra_by_context', 'dataset_with_extra_from_classic_operator', 'dataset_with_extra_by_yield' retrieved from /home/airflow/.local/lib/python3.12/site-packages/airflow/example_dags/example_outlet_event_extra.py
[2025-05-20T02:59:41.254+0000] {logging_mixin.py:190} INFO - [2025-05-20T02:59:41.254+0000] {dag.py:3229} INFO - Sync 3 DAGs
[2025-05-20T02:59:41.300+0000] {logging_mixin.py:190} INFO - [2025-05-20T02:59:41.300+0000] {dag.py:4156} INFO - Setting next_dagrun for dataset_with_extra_by_context to 2025-05-19 00:00:00+00:00, run_after=2025-05-20 00:00:00+00:00
[2025-05-20T02:59:41.310+0000] {logging_mixin.py:190} INFO - [2025-05-20T02:59:41.310+0000] {dag.py:4156} INFO - Setting next_dagrun for dataset_with_extra_by_yield to 2025-05-19 00:00:00+00:00, run_after=2025-05-20 00:00:00+00:00
[2025-05-20T02:59:41.323+0000] {logging_mixin.py:190} INFO - [2025-05-20T02:59:41.322+0000] {dag.py:4156} INFO - Setting next_dagrun for dataset_with_extra_from_classic_operator to 2025-05-19 00:00:00+00:00, run_after=2025-05-20 00:00:00+00:00
[2025-05-20T02:59:41.384+0000] {processor.py:208} INFO - Processing /home/airflow/.local/lib/python3.12/site-packages/airflow/example_dags/example_outlet_event_extra.py took 0.396 seconds
[2025-05-20T03:00:11.773+0000] {processor.py:186} INFO - Started process (PID=859) to work on /home/airflow/.local/lib/python3.12/site-packages/airflow/example_dags/example_outlet_event_extra.py
[2025-05-20T03:00:11.774+0000] {processor.py:914} INFO - Processing file /home/airflow/.local/lib/python3.12/site-packages/airflow/example_dags/example_outlet_event_extra.py for tasks to queue
[2025-05-20T03:00:11.777+0000] {logging_mixin.py:190} INFO - [2025-05-20T03:00:11.777+0000] {dagbag.py:587} INFO - Filling up the DagBag from /home/airflow/.local/lib/python3.12/site-packages/airflow/example_dags/example_outlet_event_extra.py
[2025-05-20T03:00:11.907+0000] {processor.py:925} INFO - DAG(s) 'dataset_with_extra_by_context', 'dataset_with_extra_by_yield', 'dataset_with_extra_from_classic_operator' retrieved from /home/airflow/.local/lib/python3.12/site-packages/airflow/example_dags/example_outlet_event_extra.py
[2025-05-20T03:00:11.990+0000] {logging_mixin.py:190} INFO - [2025-05-20T03:00:11.990+0000] {dag.py:3229} INFO - Sync 3 DAGs
[2025-05-20T03:00:12.096+0000] {logging_mixin.py:190} INFO - [2025-05-20T03:00:12.096+0000] {dag.py:4156} INFO - Setting next_dagrun for dataset_with_extra_by_context to 2025-05-19 00:00:00+00:00, run_after=2025-05-20 00:00:00+00:00
[2025-05-20T03:00:12.102+0000] {logging_mixin.py:190} INFO - [2025-05-20T03:00:12.101+0000] {dag.py:4156} INFO - Setting next_dagrun for dataset_with_extra_by_yield to 2025-05-19 00:00:00+00:00, run_after=2025-05-20 00:00:00+00:00
[2025-05-20T03:00:12.107+0000] {logging_mixin.py:190} INFO - [2025-05-20T03:00:12.107+0000] {dag.py:4156} INFO - Setting next_dagrun for dataset_with_extra_from_classic_operator to 2025-05-19 00:00:00+00:00, run_after=2025-05-20 00:00:00+00:00
[2025-05-20T03:00:12.164+0000] {processor.py:208} INFO - Processing /home/airflow/.local/lib/python3.12/site-packages/airflow/example_dags/example_outlet_event_extra.py took 0.395 seconds
[2025-05-20T03:00:42.532+0000] {processor.py:186} INFO - Started process (PID=922) to work on /home/airflow/.local/lib/python3.12/site-packages/airflow/example_dags/example_outlet_event_extra.py
[2025-05-20T03:00:42.535+0000] {processor.py:914} INFO - Processing file /home/airflow/.local/lib/python3.12/site-packages/airflow/example_dags/example_outlet_event_extra.py for tasks to queue
[2025-05-20T03:00:42.539+0000] {logging_mixin.py:190} INFO - [2025-05-20T03:00:42.539+0000] {dagbag.py:587} INFO - Filling up the DagBag from /home/airflow/.local/lib/python3.12/site-packages/airflow/example_dags/example_outlet_event_extra.py
[2025-05-20T03:00:42.635+0000] {processor.py:925} INFO - DAG(s) 'dataset_with_extra_by_context', 'dataset_with_extra_by_yield', 'dataset_with_extra_from_classic_operator' retrieved from /home/airflow/.local/lib/python3.12/site-packages/airflow/example_dags/example_outlet_event_extra.py
[2025-05-20T03:00:42.711+0000] {logging_mixin.py:190} INFO - [2025-05-20T03:00:42.704+0000] {dag.py:3229} INFO - Sync 3 DAGs
[2025-05-20T03:00:42.745+0000] {logging_mixin.py:190} INFO - [2025-05-20T03:00:42.744+0000] {dag.py:4156} INFO - Setting next_dagrun for dataset_with_extra_by_context to 2025-05-19 00:00:00+00:00, run_after=2025-05-20 00:00:00+00:00
[2025-05-20T03:00:42.761+0000] {logging_mixin.py:190} INFO - [2025-05-20T03:00:42.761+0000] {dag.py:4156} INFO - Setting next_dagrun for dataset_with_extra_by_yield to 2025-05-19 00:00:00+00:00, run_after=2025-05-20 00:00:00+00:00
[2025-05-20T03:00:42.766+0000] {logging_mixin.py:190} INFO - [2025-05-20T03:00:42.766+0000] {dag.py:4156} INFO - Setting next_dagrun for dataset_with_extra_from_classic_operator to 2025-05-19 00:00:00+00:00, run_after=2025-05-20 00:00:00+00:00
[2025-05-20T03:00:42.821+0000] {processor.py:208} INFO - Processing /home/airflow/.local/lib/python3.12/site-packages/airflow/example_dags/example_outlet_event_extra.py took 0.292 seconds
[2025-05-20T03:01:13.260+0000] {processor.py:186} INFO - Started process (PID=984) to work on /home/airflow/.local/lib/python3.12/site-packages/airflow/example_dags/example_outlet_event_extra.py
[2025-05-20T03:01:13.263+0000] {processor.py:914} INFO - Processing file /home/airflow/.local/lib/python3.12/site-packages/airflow/example_dags/example_outlet_event_extra.py for tasks to queue
[2025-05-20T03:01:13.269+0000] {logging_mixin.py:190} INFO - [2025-05-20T03:01:13.268+0000] {dagbag.py:587} INFO - Filling up the DagBag from /home/airflow/.local/lib/python3.12/site-packages/airflow/example_dags/example_outlet_event_extra.py
[2025-05-20T03:01:13.409+0000] {processor.py:925} INFO - DAG(s) 'dataset_with_extra_by_context', 'dataset_with_extra_by_yield', 'dataset_with_extra_from_classic_operator' retrieved from /home/airflow/.local/lib/python3.12/site-packages/airflow/example_dags/example_outlet_event_extra.py
[2025-05-20T03:01:13.504+0000] {logging_mixin.py:190} INFO - [2025-05-20T03:01:13.504+0000] {dag.py:3229} INFO - Sync 3 DAGs
[2025-05-20T03:01:13.553+0000] {logging_mixin.py:190} INFO - [2025-05-20T03:01:13.549+0000] {dag.py:4156} INFO - Setting next_dagrun for dataset_with_extra_by_context to 2025-05-19 00:00:00+00:00, run_after=2025-05-20 00:00:00+00:00
[2025-05-20T03:01:13.575+0000] {logging_mixin.py:190} INFO - [2025-05-20T03:01:13.575+0000] {dag.py:4156} INFO - Setting next_dagrun for dataset_with_extra_by_yield to 2025-05-19 00:00:00+00:00, run_after=2025-05-20 00:00:00+00:00
[2025-05-20T03:01:13.577+0000] {logging_mixin.py:190} INFO - [2025-05-20T03:01:13.577+0000] {dag.py:4156} INFO - Setting next_dagrun for dataset_with_extra_from_classic_operator to 2025-05-19 00:00:00+00:00, run_after=2025-05-20 00:00:00+00:00
[2025-05-20T03:01:13.633+0000] {processor.py:208} INFO - Processing /home/airflow/.local/lib/python3.12/site-packages/airflow/example_dags/example_outlet_event_extra.py took 0.378 seconds
[2025-05-20T03:01:44.078+0000] {processor.py:186} INFO - Started process (PID=1046) to work on /home/airflow/.local/lib/python3.12/site-packages/airflow/example_dags/example_outlet_event_extra.py
[2025-05-20T03:01:44.080+0000] {processor.py:914} INFO - Processing file /home/airflow/.local/lib/python3.12/site-packages/airflow/example_dags/example_outlet_event_extra.py for tasks to queue
[2025-05-20T03:01:44.083+0000] {logging_mixin.py:190} INFO - [2025-05-20T03:01:44.082+0000] {dagbag.py:587} INFO - Filling up the DagBag from /home/airflow/.local/lib/python3.12/site-packages/airflow/example_dags/example_outlet_event_extra.py
[2025-05-20T03:01:44.186+0000] {processor.py:925} INFO - DAG(s) 'dataset_with_extra_by_context', 'dataset_with_extra_by_yield', 'dataset_with_extra_from_classic_operator' retrieved from /home/airflow/.local/lib/python3.12/site-packages/airflow/example_dags/example_outlet_event_extra.py
[2025-05-20T03:01:44.275+0000] {logging_mixin.py:190} INFO - [2025-05-20T03:01:44.275+0000] {dag.py:3229} INFO - Sync 3 DAGs
[2025-05-20T03:01:44.309+0000] {logging_mixin.py:190} INFO - [2025-05-20T03:01:44.309+0000] {dag.py:4156} INFO - Setting next_dagrun for dataset_with_extra_by_context to 2025-05-19 00:00:00+00:00, run_after=2025-05-20 00:00:00+00:00
[2025-05-20T03:01:44.325+0000] {logging_mixin.py:190} INFO - [2025-05-20T03:01:44.324+0000] {dag.py:4156} INFO - Setting next_dagrun for dataset_with_extra_by_yield to 2025-05-19 00:00:00+00:00, run_after=2025-05-20 00:00:00+00:00
[2025-05-20T03:01:44.331+0000] {logging_mixin.py:190} INFO - [2025-05-20T03:01:44.330+0000] {dag.py:4156} INFO - Setting next_dagrun for dataset_with_extra_from_classic_operator to 2025-05-19 00:00:00+00:00, run_after=2025-05-20 00:00:00+00:00
[2025-05-20T03:01:44.376+0000] {processor.py:208} INFO - Processing /home/airflow/.local/lib/python3.12/site-packages/airflow/example_dags/example_outlet_event_extra.py took 0.302 seconds
[2025-05-20T03:02:14.530+0000] {processor.py:186} INFO - Started process (PID=1109) to work on /home/airflow/.local/lib/python3.12/site-packages/airflow/example_dags/example_outlet_event_extra.py
[2025-05-20T03:02:14.531+0000] {processor.py:914} INFO - Processing file /home/airflow/.local/lib/python3.12/site-packages/airflow/example_dags/example_outlet_event_extra.py for tasks to queue
[2025-05-20T03:02:14.534+0000] {logging_mixin.py:190} INFO - [2025-05-20T03:02:14.534+0000] {dagbag.py:587} INFO - Filling up the DagBag from /home/airflow/.local/lib/python3.12/site-packages/airflow/example_dags/example_outlet_event_extra.py
[2025-05-20T03:02:14.782+0000] {processor.py:925} INFO - DAG(s) 'dataset_with_extra_from_classic_operator', 'dataset_with_extra_by_context', 'dataset_with_extra_by_yield' retrieved from /home/airflow/.local/lib/python3.12/site-packages/airflow/example_dags/example_outlet_event_extra.py
[2025-05-20T03:02:14.880+0000] {logging_mixin.py:190} INFO - [2025-05-20T03:02:14.879+0000] {dag.py:3229} INFO - Sync 3 DAGs
[2025-05-20T03:02:14.918+0000] {logging_mixin.py:190} INFO - [2025-05-20T03:02:14.918+0000] {dag.py:4156} INFO - Setting next_dagrun for dataset_with_extra_by_context to 2025-05-19 00:00:00+00:00, run_after=2025-05-20 00:00:00+00:00
[2025-05-20T03:02:14.942+0000] {logging_mixin.py:190} INFO - [2025-05-20T03:02:14.937+0000] {dag.py:4156} INFO - Setting next_dagrun for dataset_with_extra_by_yield to 2025-05-19 00:00:00+00:00, run_after=2025-05-20 00:00:00+00:00
[2025-05-20T03:02:14.952+0000] {logging_mixin.py:190} INFO - [2025-05-20T03:02:14.952+0000] {dag.py:4156} INFO - Setting next_dagrun for dataset_with_extra_from_classic_operator to 2025-05-19 00:00:00+00:00, run_after=2025-05-20 00:00:00+00:00
[2025-05-20T03:02:14.995+0000] {processor.py:208} INFO - Processing /home/airflow/.local/lib/python3.12/site-packages/airflow/example_dags/example_outlet_event_extra.py took 0.471 seconds
[2025-05-20T03:02:45.318+0000] {processor.py:186} INFO - Started process (PID=1172) to work on /home/airflow/.local/lib/python3.12/site-packages/airflow/example_dags/example_outlet_event_extra.py
[2025-05-20T03:02:45.323+0000] {processor.py:914} INFO - Processing file /home/airflow/.local/lib/python3.12/site-packages/airflow/example_dags/example_outlet_event_extra.py for tasks to queue
[2025-05-20T03:02:45.329+0000] {logging_mixin.py:190} INFO - [2025-05-20T03:02:45.329+0000] {dagbag.py:587} INFO - Filling up the DagBag from /home/airflow/.local/lib/python3.12/site-packages/airflow/example_dags/example_outlet_event_extra.py
[2025-05-20T03:02:45.428+0000] {processor.py:925} INFO - DAG(s) 'dataset_with_extra_by_context', 'dataset_with_extra_from_classic_operator', 'dataset_with_extra_by_yield' retrieved from /home/airflow/.local/lib/python3.12/site-packages/airflow/example_dags/example_outlet_event_extra.py
[2025-05-20T03:02:45.525+0000] {logging_mixin.py:190} INFO - [2025-05-20T03:02:45.525+0000] {dag.py:3229} INFO - Sync 3 DAGs
[2025-05-20T03:02:45.576+0000] {logging_mixin.py:190} INFO - [2025-05-20T03:02:45.576+0000] {dag.py:4156} INFO - Setting next_dagrun for dataset_with_extra_by_context to 2025-05-19 00:00:00+00:00, run_after=2025-05-20 00:00:00+00:00
[2025-05-20T03:02:45.589+0000] {logging_mixin.py:190} INFO - [2025-05-20T03:02:45.588+0000] {dag.py:4156} INFO - Setting next_dagrun for dataset_with_extra_by_yield to 2025-05-19 00:00:00+00:00, run_after=2025-05-20 00:00:00+00:00
[2025-05-20T03:02:45.606+0000] {logging_mixin.py:190} INFO - [2025-05-20T03:02:45.606+0000] {dag.py:4156} INFO - Setting next_dagrun for dataset_with_extra_from_classic_operator to 2025-05-19 00:00:00+00:00, run_after=2025-05-20 00:00:00+00:00
[2025-05-20T03:02:45.671+0000] {processor.py:208} INFO - Processing /home/airflow/.local/lib/python3.12/site-packages/airflow/example_dags/example_outlet_event_extra.py took 0.356 seconds
[2025-05-20T03:03:15.879+0000] {processor.py:186} INFO - Started process (PID=1234) to work on /home/airflow/.local/lib/python3.12/site-packages/airflow/example_dags/example_outlet_event_extra.py
[2025-05-20T03:03:15.886+0000] {processor.py:914} INFO - Processing file /home/airflow/.local/lib/python3.12/site-packages/airflow/example_dags/example_outlet_event_extra.py for tasks to queue
[2025-05-20T03:03:15.896+0000] {logging_mixin.py:190} INFO - [2025-05-20T03:03:15.895+0000] {dagbag.py:587} INFO - Filling up the DagBag from /home/airflow/.local/lib/python3.12/site-packages/airflow/example_dags/example_outlet_event_extra.py
[2025-05-20T03:03:16.030+0000] {processor.py:925} INFO - DAG(s) 'dataset_with_extra_by_yield', 'dataset_with_extra_from_classic_operator', 'dataset_with_extra_by_context' retrieved from /home/airflow/.local/lib/python3.12/site-packages/airflow/example_dags/example_outlet_event_extra.py
[2025-05-20T03:03:16.084+0000] {logging_mixin.py:190} INFO - [2025-05-20T03:03:16.084+0000] {dag.py:3229} INFO - Sync 3 DAGs
[2025-05-20T03:03:16.124+0000] {logging_mixin.py:190} INFO - [2025-05-20T03:03:16.124+0000] {dag.py:4156} INFO - Setting next_dagrun for dataset_with_extra_by_context to 2025-05-19 00:00:00+00:00, run_after=2025-05-20 00:00:00+00:00
[2025-05-20T03:03:16.144+0000] {logging_mixin.py:190} INFO - [2025-05-20T03:03:16.144+0000] {dag.py:4156} INFO - Setting next_dagrun for dataset_with_extra_by_yield to 2025-05-19 00:00:00+00:00, run_after=2025-05-20 00:00:00+00:00
[2025-05-20T03:03:16.151+0000] {logging_mixin.py:190} INFO - [2025-05-20T03:03:16.150+0000] {dag.py:4156} INFO - Setting next_dagrun for dataset_with_extra_from_classic_operator to 2025-05-19 00:00:00+00:00, run_after=2025-05-20 00:00:00+00:00
[2025-05-20T03:03:16.190+0000] {processor.py:208} INFO - Processing /home/airflow/.local/lib/python3.12/site-packages/airflow/example_dags/example_outlet_event_extra.py took 0.315 seconds
[2025-05-20T03:03:46.939+0000] {processor.py:186} INFO - Started process (PID=1296) to work on /home/airflow/.local/lib/python3.12/site-packages/airflow/example_dags/example_outlet_event_extra.py
[2025-05-20T03:03:46.942+0000] {processor.py:914} INFO - Processing file /home/airflow/.local/lib/python3.12/site-packages/airflow/example_dags/example_outlet_event_extra.py for tasks to queue
[2025-05-20T03:03:46.945+0000] {logging_mixin.py:190} INFO - [2025-05-20T03:03:46.945+0000] {dagbag.py:587} INFO - Filling up the DagBag from /home/airflow/.local/lib/python3.12/site-packages/airflow/example_dags/example_outlet_event_extra.py
[2025-05-20T03:03:47.048+0000] {processor.py:925} INFO - DAG(s) 'dataset_with_extra_by_yield', 'dataset_with_extra_from_classic_operator', 'dataset_with_extra_by_context' retrieved from /home/airflow/.local/lib/python3.12/site-packages/airflow/example_dags/example_outlet_event_extra.py
[2025-05-20T03:03:47.104+0000] {logging_mixin.py:190} INFO - [2025-05-20T03:03:47.104+0000] {dag.py:3229} INFO - Sync 3 DAGs
[2025-05-20T03:03:47.141+0000] {logging_mixin.py:190} INFO - [2025-05-20T03:03:47.141+0000] {dag.py:4156} INFO - Setting next_dagrun for dataset_with_extra_by_context to 2025-05-19 00:00:00+00:00, run_after=2025-05-20 00:00:00+00:00
[2025-05-20T03:03:47.153+0000] {logging_mixin.py:190} INFO - [2025-05-20T03:03:47.152+0000] {dag.py:4156} INFO - Setting next_dagrun for dataset_with_extra_by_yield to 2025-05-19 00:00:00+00:00, run_after=2025-05-20 00:00:00+00:00
[2025-05-20T03:03:47.160+0000] {logging_mixin.py:190} INFO - [2025-05-20T03:03:47.159+0000] {dag.py:4156} INFO - Setting next_dagrun for dataset_with_extra_from_classic_operator to 2025-05-19 00:00:00+00:00, run_after=2025-05-20 00:00:00+00:00
[2025-05-20T03:03:47.203+0000] {processor.py:208} INFO - Processing /home/airflow/.local/lib/python3.12/site-packages/airflow/example_dags/example_outlet_event_extra.py took 0.268 seconds
[2025-05-20T03:04:17.955+0000] {processor.py:186} INFO - Started process (PID=1359) to work on /home/airflow/.local/lib/python3.12/site-packages/airflow/example_dags/example_outlet_event_extra.py
[2025-05-20T03:04:17.957+0000] {processor.py:914} INFO - Processing file /home/airflow/.local/lib/python3.12/site-packages/airflow/example_dags/example_outlet_event_extra.py for tasks to queue
[2025-05-20T03:04:17.959+0000] {logging_mixin.py:190} INFO - [2025-05-20T03:04:17.958+0000] {dagbag.py:587} INFO - Filling up the DagBag from /home/airflow/.local/lib/python3.12/site-packages/airflow/example_dags/example_outlet_event_extra.py
[2025-05-20T03:04:18.077+0000] {processor.py:925} INFO - DAG(s) 'dataset_with_extra_by_yield', 'dataset_with_extra_from_classic_operator', 'dataset_with_extra_by_context' retrieved from /home/airflow/.local/lib/python3.12/site-packages/airflow/example_dags/example_outlet_event_extra.py
[2025-05-20T03:04:18.111+0000] {logging_mixin.py:190} INFO - [2025-05-20T03:04:18.111+0000] {dag.py:3229} INFO - Sync 3 DAGs
[2025-05-20T03:04:18.126+0000] {logging_mixin.py:190} INFO - [2025-05-20T03:04:18.126+0000] {dag.py:4156} INFO - Setting next_dagrun for dataset_with_extra_by_context to 2025-05-19 00:00:00+00:00, run_after=2025-05-20 00:00:00+00:00
[2025-05-20T03:04:18.129+0000] {logging_mixin.py:190} INFO - [2025-05-20T03:04:18.129+0000] {dag.py:4156} INFO - Setting next_dagrun for dataset_with_extra_by_yield to 2025-05-19 00:00:00+00:00, run_after=2025-05-20 00:00:00+00:00
[2025-05-20T03:04:18.131+0000] {logging_mixin.py:190} INFO - [2025-05-20T03:04:18.131+0000] {dag.py:4156} INFO - Setting next_dagrun for dataset_with_extra_from_classic_operator to 2025-05-19 00:00:00+00:00, run_after=2025-05-20 00:00:00+00:00
[2025-05-20T03:04:18.150+0000] {processor.py:208} INFO - Processing /home/airflow/.local/lib/python3.12/site-packages/airflow/example_dags/example_outlet_event_extra.py took 0.201 seconds
[2025-05-20T03:04:48.400+0000] {processor.py:186} INFO - Started process (PID=1422) to work on /home/airflow/.local/lib/python3.12/site-packages/airflow/example_dags/example_outlet_event_extra.py
[2025-05-20T03:04:48.402+0000] {processor.py:914} INFO - Processing file /home/airflow/.local/lib/python3.12/site-packages/airflow/example_dags/example_outlet_event_extra.py for tasks to queue
[2025-05-20T03:04:48.416+0000] {logging_mixin.py:190} INFO - [2025-05-20T03:04:48.416+0000] {dagbag.py:587} INFO - Filling up the DagBag from /home/airflow/.local/lib/python3.12/site-packages/airflow/example_dags/example_outlet_event_extra.py
[2025-05-20T03:04:48.551+0000] {processor.py:925} INFO - DAG(s) 'dataset_with_extra_by_yield', 'dataset_with_extra_from_classic_operator', 'dataset_with_extra_by_context' retrieved from /home/airflow/.local/lib/python3.12/site-packages/airflow/example_dags/example_outlet_event_extra.py
[2025-05-20T03:04:48.624+0000] {logging_mixin.py:190} INFO - [2025-05-20T03:04:48.623+0000] {dag.py:3229} INFO - Sync 3 DAGs
[2025-05-20T03:04:48.659+0000] {logging_mixin.py:190} INFO - [2025-05-20T03:04:48.659+0000] {dag.py:4156} INFO - Setting next_dagrun for dataset_with_extra_by_context to 2025-05-19 00:00:00+00:00, run_after=2025-05-20 00:00:00+00:00
[2025-05-20T03:04:48.667+0000] {logging_mixin.py:190} INFO - [2025-05-20T03:04:48.666+0000] {dag.py:4156} INFO - Setting next_dagrun for dataset_with_extra_by_yield to 2025-05-19 00:00:00+00:00, run_after=2025-05-20 00:00:00+00:00
[2025-05-20T03:04:48.670+0000] {logging_mixin.py:190} INFO - [2025-05-20T03:04:48.670+0000] {dag.py:4156} INFO - Setting next_dagrun for dataset_with_extra_from_classic_operator to 2025-05-19 00:00:00+00:00, run_after=2025-05-20 00:00:00+00:00
[2025-05-20T03:04:48.747+0000] {processor.py:208} INFO - Processing /home/airflow/.local/lib/python3.12/site-packages/airflow/example_dags/example_outlet_event_extra.py took 0.351 seconds
[2025-05-20T03:05:21.455+0000] {processor.py:186} INFO - Started process (PID=1486) to work on /home/airflow/.local/lib/python3.12/site-packages/airflow/example_dags/example_outlet_event_extra.py
[2025-05-20T03:05:21.456+0000] {processor.py:914} INFO - Processing file /home/airflow/.local/lib/python3.12/site-packages/airflow/example_dags/example_outlet_event_extra.py for tasks to queue
[2025-05-20T03:05:21.460+0000] {logging_mixin.py:190} INFO - [2025-05-20T03:05:21.459+0000] {dagbag.py:587} INFO - Filling up the DagBag from /home/airflow/.local/lib/python3.12/site-packages/airflow/example_dags/example_outlet_event_extra.py
[2025-05-20T03:05:21.633+0000] {processor.py:925} INFO - DAG(s) 'dataset_with_extra_by_yield', 'dataset_with_extra_by_context', 'dataset_with_extra_from_classic_operator' retrieved from /home/airflow/.local/lib/python3.12/site-packages/airflow/example_dags/example_outlet_event_extra.py
[2025-05-20T03:05:21.711+0000] {logging_mixin.py:190} INFO - [2025-05-20T03:05:21.711+0000] {dag.py:3229} INFO - Sync 3 DAGs
[2025-05-20T03:05:21.791+0000] {logging_mixin.py:190} INFO - [2025-05-20T03:05:21.791+0000] {dag.py:4156} INFO - Setting next_dagrun for dataset_with_extra_by_context to 2025-05-19 00:00:00+00:00, run_after=2025-05-20 00:00:00+00:00
[2025-05-20T03:05:21.796+0000] {logging_mixin.py:190} INFO - [2025-05-20T03:05:21.795+0000] {dag.py:4156} INFO - Setting next_dagrun for dataset_with_extra_by_yield to 2025-05-19 00:00:00+00:00, run_after=2025-05-20 00:00:00+00:00
[2025-05-20T03:05:21.804+0000] {logging_mixin.py:190} INFO - [2025-05-20T03:05:21.804+0000] {dag.py:4156} INFO - Setting next_dagrun for dataset_with_extra_from_classic_operator to 2025-05-19 00:00:00+00:00, run_after=2025-05-20 00:00:00+00:00
[2025-05-20T03:05:21.861+0000] {processor.py:208} INFO - Processing /home/airflow/.local/lib/python3.12/site-packages/airflow/example_dags/example_outlet_event_extra.py took 0.415 seconds
[2025-05-20T03:05:52.635+0000] {processor.py:186} INFO - Started process (PID=1549) to work on /home/airflow/.local/lib/python3.12/site-packages/airflow/example_dags/example_outlet_event_extra.py
[2025-05-20T03:05:52.636+0000] {processor.py:914} INFO - Processing file /home/airflow/.local/lib/python3.12/site-packages/airflow/example_dags/example_outlet_event_extra.py for tasks to queue
[2025-05-20T03:05:52.641+0000] {logging_mixin.py:190} INFO - [2025-05-20T03:05:52.641+0000] {dagbag.py:587} INFO - Filling up the DagBag from /home/airflow/.local/lib/python3.12/site-packages/airflow/example_dags/example_outlet_event_extra.py
[2025-05-20T03:05:52.857+0000] {processor.py:925} INFO - DAG(s) 'dataset_with_extra_by_yield', 'dataset_with_extra_by_context', 'dataset_with_extra_from_classic_operator' retrieved from /home/airflow/.local/lib/python3.12/site-packages/airflow/example_dags/example_outlet_event_extra.py
[2025-05-20T03:05:52.909+0000] {logging_mixin.py:190} INFO - [2025-05-20T03:05:52.908+0000] {dag.py:3229} INFO - Sync 3 DAGs
[2025-05-20T03:05:52.973+0000] {logging_mixin.py:190} INFO - [2025-05-20T03:05:52.973+0000] {dag.py:4156} INFO - Setting next_dagrun for dataset_with_extra_by_context to 2025-05-19 00:00:00+00:00, run_after=2025-05-20 00:00:00+00:00
[2025-05-20T03:05:52.978+0000] {logging_mixin.py:190} INFO - [2025-05-20T03:05:52.978+0000] {dag.py:4156} INFO - Setting next_dagrun for dataset_with_extra_by_yield to 2025-05-19 00:00:00+00:00, run_after=2025-05-20 00:00:00+00:00
[2025-05-20T03:05:52.982+0000] {logging_mixin.py:190} INFO - [2025-05-20T03:05:52.982+0000] {dag.py:4156} INFO - Setting next_dagrun for dataset_with_extra_from_classic_operator to 2025-05-19 00:00:00+00:00, run_after=2025-05-20 00:00:00+00:00
[2025-05-20T03:05:53.223+0000] {processor.py:208} INFO - Processing /home/airflow/.local/lib/python3.12/site-packages/airflow/example_dags/example_outlet_event_extra.py took 0.591 seconds
[2025-05-20T03:06:23.849+0000] {processor.py:186} INFO - Started process (PID=1612) to work on /home/airflow/.local/lib/python3.12/site-packages/airflow/example_dags/example_outlet_event_extra.py
[2025-05-20T03:06:23.851+0000] {processor.py:914} INFO - Processing file /home/airflow/.local/lib/python3.12/site-packages/airflow/example_dags/example_outlet_event_extra.py for tasks to queue
[2025-05-20T03:06:23.855+0000] {logging_mixin.py:190} INFO - [2025-05-20T03:06:23.854+0000] {dagbag.py:587} INFO - Filling up the DagBag from /home/airflow/.local/lib/python3.12/site-packages/airflow/example_dags/example_outlet_event_extra.py
[2025-05-20T03:06:24.019+0000] {processor.py:925} INFO - DAG(s) 'dataset_with_extra_by_context', 'dataset_with_extra_from_classic_operator', 'dataset_with_extra_by_yield' retrieved from /home/airflow/.local/lib/python3.12/site-packages/airflow/example_dags/example_outlet_event_extra.py
[2025-05-20T03:06:24.063+0000] {logging_mixin.py:190} INFO - [2025-05-20T03:06:24.063+0000] {dag.py:3229} INFO - Sync 3 DAGs
[2025-05-20T03:06:24.099+0000] {logging_mixin.py:190} INFO - [2025-05-20T03:06:24.097+0000] {dag.py:4156} INFO - Setting next_dagrun for dataset_with_extra_by_context to 2025-05-19 00:00:00+00:00, run_after=2025-05-20 00:00:00+00:00
[2025-05-20T03:06:24.111+0000] {logging_mixin.py:190} INFO - [2025-05-20T03:06:24.111+0000] {dag.py:4156} INFO - Setting next_dagrun for dataset_with_extra_by_yield to 2025-05-19 00:00:00+00:00, run_after=2025-05-20 00:00:00+00:00
[2025-05-20T03:06:24.116+0000] {logging_mixin.py:190} INFO - [2025-05-20T03:06:24.116+0000] {dag.py:4156} INFO - Setting next_dagrun for dataset_with_extra_from_classic_operator to 2025-05-19 00:00:00+00:00, run_after=2025-05-20 00:00:00+00:00
[2025-05-20T03:06:24.149+0000] {processor.py:208} INFO - Processing /home/airflow/.local/lib/python3.12/site-packages/airflow/example_dags/example_outlet_event_extra.py took 0.310 seconds
[2025-05-20T03:06:54.477+0000] {processor.py:186} INFO - Started process (PID=1675) to work on /home/airflow/.local/lib/python3.12/site-packages/airflow/example_dags/example_outlet_event_extra.py
[2025-05-20T03:06:54.478+0000] {processor.py:914} INFO - Processing file /home/airflow/.local/lib/python3.12/site-packages/airflow/example_dags/example_outlet_event_extra.py for tasks to queue
[2025-05-20T03:06:54.484+0000] {logging_mixin.py:190} INFO - [2025-05-20T03:06:54.483+0000] {dagbag.py:587} INFO - Filling up the DagBag from /home/airflow/.local/lib/python3.12/site-packages/airflow/example_dags/example_outlet_event_extra.py
[2025-05-20T03:06:54.649+0000] {processor.py:925} INFO - DAG(s) 'dataset_with_extra_by_yield', 'dataset_with_extra_by_context', 'dataset_with_extra_from_classic_operator' retrieved from /home/airflow/.local/lib/python3.12/site-packages/airflow/example_dags/example_outlet_event_extra.py
[2025-05-20T03:06:54.762+0000] {logging_mixin.py:190} INFO - [2025-05-20T03:06:54.762+0000] {dag.py:3229} INFO - Sync 3 DAGs
[2025-05-20T03:06:54.795+0000] {logging_mixin.py:190} INFO - [2025-05-20T03:06:54.795+0000] {dag.py:4156} INFO - Setting next_dagrun for dataset_with_extra_by_context to 2025-05-19 00:00:00+00:00, run_after=2025-05-20 00:00:00+00:00
[2025-05-20T03:06:54.816+0000] {logging_mixin.py:190} INFO - [2025-05-20T03:06:54.814+0000] {dag.py:4156} INFO - Setting next_dagrun for dataset_with_extra_by_yield to 2025-05-19 00:00:00+00:00, run_after=2025-05-20 00:00:00+00:00
[2025-05-20T03:06:54.821+0000] {logging_mixin.py:190} INFO - [2025-05-20T03:06:54.821+0000] {dag.py:4156} INFO - Setting next_dagrun for dataset_with_extra_from_classic_operator to 2025-05-19 00:00:00+00:00, run_after=2025-05-20 00:00:00+00:00
[2025-05-20T03:06:54.909+0000] {processor.py:208} INFO - Processing /home/airflow/.local/lib/python3.12/site-packages/airflow/example_dags/example_outlet_event_extra.py took 0.449 seconds
[2025-05-20T03:07:25.012+0000] {processor.py:186} INFO - Started process (PID=1738) to work on /home/airflow/.local/lib/python3.12/site-packages/airflow/example_dags/example_outlet_event_extra.py
[2025-05-20T03:07:25.015+0000] {processor.py:914} INFO - Processing file /home/airflow/.local/lib/python3.12/site-packages/airflow/example_dags/example_outlet_event_extra.py for tasks to queue
[2025-05-20T03:07:25.023+0000] {logging_mixin.py:190} INFO - [2025-05-20T03:07:25.022+0000] {dagbag.py:587} INFO - Filling up the DagBag from /home/airflow/.local/lib/python3.12/site-packages/airflow/example_dags/example_outlet_event_extra.py
[2025-05-20T03:07:25.267+0000] {processor.py:925} INFO - DAG(s) 'dataset_with_extra_by_context', 'dataset_with_extra_from_classic_operator', 'dataset_with_extra_by_yield' retrieved from /home/airflow/.local/lib/python3.12/site-packages/airflow/example_dags/example_outlet_event_extra.py
[2025-05-20T03:07:25.328+0000] {logging_mixin.py:190} INFO - [2025-05-20T03:07:25.327+0000] {dag.py:3229} INFO - Sync 3 DAGs
[2025-05-20T03:07:25.373+0000] {logging_mixin.py:190} INFO - [2025-05-20T03:07:25.373+0000] {dag.py:4156} INFO - Setting next_dagrun for dataset_with_extra_by_context to 2025-05-19 00:00:00+00:00, run_after=2025-05-20 00:00:00+00:00
[2025-05-20T03:07:25.383+0000] {logging_mixin.py:190} INFO - [2025-05-20T03:07:25.383+0000] {dag.py:4156} INFO - Setting next_dagrun for dataset_with_extra_by_yield to 2025-05-19 00:00:00+00:00, run_after=2025-05-20 00:00:00+00:00
[2025-05-20T03:07:25.387+0000] {logging_mixin.py:190} INFO - [2025-05-20T03:07:25.387+0000] {dag.py:4156} INFO - Setting next_dagrun for dataset_with_extra_from_classic_operator to 2025-05-19 00:00:00+00:00, run_after=2025-05-20 00:00:00+00:00
[2025-05-20T03:07:25.409+0000] {processor.py:208} INFO - Processing /home/airflow/.local/lib/python3.12/site-packages/airflow/example_dags/example_outlet_event_extra.py took 0.404 seconds
[2025-05-20T03:07:55.904+0000] {processor.py:186} INFO - Started process (PID=1800) to work on /home/airflow/.local/lib/python3.12/site-packages/airflow/example_dags/example_outlet_event_extra.py
[2025-05-20T03:07:55.907+0000] {processor.py:914} INFO - Processing file /home/airflow/.local/lib/python3.12/site-packages/airflow/example_dags/example_outlet_event_extra.py for tasks to queue
[2025-05-20T03:07:55.914+0000] {logging_mixin.py:190} INFO - [2025-05-20T03:07:55.914+0000] {dagbag.py:587} INFO - Filling up the DagBag from /home/airflow/.local/lib/python3.12/site-packages/airflow/example_dags/example_outlet_event_extra.py
[2025-05-20T03:07:56.058+0000] {processor.py:925} INFO - DAG(s) 'dataset_with_extra_by_yield', 'dataset_with_extra_by_context', 'dataset_with_extra_from_classic_operator' retrieved from /home/airflow/.local/lib/python3.12/site-packages/airflow/example_dags/example_outlet_event_extra.py
[2025-05-20T03:07:56.115+0000] {logging_mixin.py:190} INFO - [2025-05-20T03:07:56.115+0000] {dag.py:3229} INFO - Sync 3 DAGs
[2025-05-20T03:07:56.362+0000] {logging_mixin.py:190} INFO - [2025-05-20T03:07:56.362+0000] {dag.py:4156} INFO - Setting next_dagrun for dataset_with_extra_by_context to 2025-05-19 00:00:00+00:00, run_after=2025-05-20 00:00:00+00:00
[2025-05-20T03:07:56.379+0000] {logging_mixin.py:190} INFO - [2025-05-20T03:07:56.378+0000] {dag.py:4156} INFO - Setting next_dagrun for dataset_with_extra_by_yield to 2025-05-19 00:00:00+00:00, run_after=2025-05-20 00:00:00+00:00
[2025-05-20T03:07:56.387+0000] {logging_mixin.py:190} INFO - [2025-05-20T03:07:56.386+0000] {dag.py:4156} INFO - Setting next_dagrun for dataset_with_extra_from_classic_operator to 2025-05-19 00:00:00+00:00, run_after=2025-05-20 00:00:00+00:00
[2025-05-20T03:07:56.520+0000] {processor.py:208} INFO - Processing /home/airflow/.local/lib/python3.12/site-packages/airflow/example_dags/example_outlet_event_extra.py took 0.619 seconds
[2025-05-20T03:08:26.902+0000] {processor.py:186} INFO - Started process (PID=1868) to work on /home/airflow/.local/lib/python3.12/site-packages/airflow/example_dags/example_outlet_event_extra.py
[2025-05-20T03:08:26.903+0000] {processor.py:914} INFO - Processing file /home/airflow/.local/lib/python3.12/site-packages/airflow/example_dags/example_outlet_event_extra.py for tasks to queue
[2025-05-20T03:08:26.910+0000] {logging_mixin.py:190} INFO - [2025-05-20T03:08:26.910+0000] {dagbag.py:587} INFO - Filling up the DagBag from /home/airflow/.local/lib/python3.12/site-packages/airflow/example_dags/example_outlet_event_extra.py
[2025-05-20T03:08:27.093+0000] {processor.py:925} INFO - DAG(s) 'dataset_with_extra_by_yield', 'dataset_with_extra_from_classic_operator', 'dataset_with_extra_by_context' retrieved from /home/airflow/.local/lib/python3.12/site-packages/airflow/example_dags/example_outlet_event_extra.py
[2025-05-20T03:08:27.204+0000] {logging_mixin.py:190} INFO - [2025-05-20T03:08:27.204+0000] {dag.py:3229} INFO - Sync 3 DAGs
[2025-05-20T03:08:27.253+0000] {logging_mixin.py:190} INFO - [2025-05-20T03:08:27.253+0000] {dag.py:4156} INFO - Setting next_dagrun for dataset_with_extra_by_context to 2025-05-19 00:00:00+00:00, run_after=2025-05-20 00:00:00+00:00
[2025-05-20T03:08:27.262+0000] {logging_mixin.py:190} INFO - [2025-05-20T03:08:27.262+0000] {dag.py:4156} INFO - Setting next_dagrun for dataset_with_extra_by_yield to 2025-05-19 00:00:00+00:00, run_after=2025-05-20 00:00:00+00:00
[2025-05-20T03:08:27.265+0000] {logging_mixin.py:190} INFO - [2025-05-20T03:08:27.265+0000] {dag.py:4156} INFO - Setting next_dagrun for dataset_with_extra_from_classic_operator to 2025-05-19 00:00:00+00:00, run_after=2025-05-20 00:00:00+00:00
[2025-05-20T03:08:27.526+0000] {processor.py:208} INFO - Processing /home/airflow/.local/lib/python3.12/site-packages/airflow/example_dags/example_outlet_event_extra.py took 0.631 seconds
[2025-05-20T03:08:57.770+0000] {processor.py:186} INFO - Started process (PID=1931) to work on /home/airflow/.local/lib/python3.12/site-packages/airflow/example_dags/example_outlet_event_extra.py
[2025-05-20T03:08:57.774+0000] {processor.py:914} INFO - Processing file /home/airflow/.local/lib/python3.12/site-packages/airflow/example_dags/example_outlet_event_extra.py for tasks to queue
[2025-05-20T03:08:57.784+0000] {logging_mixin.py:190} INFO - [2025-05-20T03:08:57.780+0000] {dagbag.py:587} INFO - Filling up the DagBag from /home/airflow/.local/lib/python3.12/site-packages/airflow/example_dags/example_outlet_event_extra.py
[2025-05-20T03:08:58.012+0000] {processor.py:925} INFO - DAG(s) 'dataset_with_extra_by_yield', 'dataset_with_extra_by_context', 'dataset_with_extra_from_classic_operator' retrieved from /home/airflow/.local/lib/python3.12/site-packages/airflow/example_dags/example_outlet_event_extra.py
[2025-05-20T03:08:58.082+0000] {logging_mixin.py:190} INFO - [2025-05-20T03:08:58.079+0000] {dag.py:3229} INFO - Sync 3 DAGs
[2025-05-20T03:08:58.111+0000] {logging_mixin.py:190} INFO - [2025-05-20T03:08:58.111+0000] {dag.py:4156} INFO - Setting next_dagrun for dataset_with_extra_by_context to 2025-05-19 00:00:00+00:00, run_after=2025-05-20 00:00:00+00:00
[2025-05-20T03:08:58.128+0000] {logging_mixin.py:190} INFO - [2025-05-20T03:08:58.128+0000] {dag.py:4156} INFO - Setting next_dagrun for dataset_with_extra_by_yield to 2025-05-19 00:00:00+00:00, run_after=2025-05-20 00:00:00+00:00
[2025-05-20T03:08:58.142+0000] {logging_mixin.py:190} INFO - [2025-05-20T03:08:58.141+0000] {dag.py:4156} INFO - Setting next_dagrun for dataset_with_extra_from_classic_operator to 2025-05-19 00:00:00+00:00, run_after=2025-05-20 00:00:00+00:00
[2025-05-20T03:08:58.204+0000] {processor.py:208} INFO - Processing /home/airflow/.local/lib/python3.12/site-packages/airflow/example_dags/example_outlet_event_extra.py took 0.441 seconds
[2025-05-20T03:09:28.732+0000] {processor.py:186} INFO - Started process (PID=1995) to work on /home/airflow/.local/lib/python3.12/site-packages/airflow/example_dags/example_outlet_event_extra.py
[2025-05-20T03:09:28.739+0000] {processor.py:914} INFO - Processing file /home/airflow/.local/lib/python3.12/site-packages/airflow/example_dags/example_outlet_event_extra.py for tasks to queue
[2025-05-20T03:09:28.746+0000] {logging_mixin.py:190} INFO - [2025-05-20T03:09:28.746+0000] {dagbag.py:587} INFO - Filling up the DagBag from /home/airflow/.local/lib/python3.12/site-packages/airflow/example_dags/example_outlet_event_extra.py
[2025-05-20T03:09:28.881+0000] {processor.py:925} INFO - DAG(s) 'dataset_with_extra_by_context', 'dataset_with_extra_from_classic_operator', 'dataset_with_extra_by_yield' retrieved from /home/airflow/.local/lib/python3.12/site-packages/airflow/example_dags/example_outlet_event_extra.py
[2025-05-20T03:09:29.162+0000] {logging_mixin.py:190} INFO - [2025-05-20T03:09:29.162+0000] {dag.py:3229} INFO - Sync 3 DAGs
[2025-05-20T03:09:29.199+0000] {logging_mixin.py:190} INFO - [2025-05-20T03:09:29.199+0000] {dag.py:4156} INFO - Setting next_dagrun for dataset_with_extra_by_context to 2025-05-19 00:00:00+00:00, run_after=2025-05-20 00:00:00+00:00
[2025-05-20T03:09:29.220+0000] {logging_mixin.py:190} INFO - [2025-05-20T03:09:29.217+0000] {dag.py:4156} INFO - Setting next_dagrun for dataset_with_extra_by_yield to 2025-05-19 00:00:00+00:00, run_after=2025-05-20 00:00:00+00:00
[2025-05-20T03:09:29.230+0000] {logging_mixin.py:190} INFO - [2025-05-20T03:09:29.230+0000] {dag.py:4156} INFO - Setting next_dagrun for dataset_with_extra_from_classic_operator to 2025-05-19 00:00:00+00:00, run_after=2025-05-20 00:00:00+00:00
[2025-05-20T03:09:29.291+0000] {processor.py:208} INFO - Processing /home/airflow/.local/lib/python3.12/site-packages/airflow/example_dags/example_outlet_event_extra.py took 0.562 seconds
[2025-05-20T03:10:00.435+0000] {processor.py:186} INFO - Started process (PID=2058) to work on /home/airflow/.local/lib/python3.12/site-packages/airflow/example_dags/example_outlet_event_extra.py
[2025-05-20T03:10:00.439+0000] {processor.py:914} INFO - Processing file /home/airflow/.local/lib/python3.12/site-packages/airflow/example_dags/example_outlet_event_extra.py for tasks to queue
[2025-05-20T03:10:00.443+0000] {logging_mixin.py:190} INFO - [2025-05-20T03:10:00.442+0000] {dagbag.py:587} INFO - Filling up the DagBag from /home/airflow/.local/lib/python3.12/site-packages/airflow/example_dags/example_outlet_event_extra.py
[2025-05-20T03:10:00.648+0000] {processor.py:925} INFO - DAG(s) 'dataset_with_extra_by_yield', 'dataset_with_extra_by_context', 'dataset_with_extra_from_classic_operator' retrieved from /home/airflow/.local/lib/python3.12/site-packages/airflow/example_dags/example_outlet_event_extra.py
[2025-05-20T03:10:00.726+0000] {logging_mixin.py:190} INFO - [2025-05-20T03:10:00.726+0000] {dag.py:3229} INFO - Sync 3 DAGs
[2025-05-20T03:10:01.051+0000] {logging_mixin.py:190} INFO - [2025-05-20T03:10:01.051+0000] {dag.py:4156} INFO - Setting next_dagrun for dataset_with_extra_by_context to 2025-05-19 00:00:00+00:00, run_after=2025-05-20 00:00:00+00:00
[2025-05-20T03:10:01.058+0000] {logging_mixin.py:190} INFO - [2025-05-20T03:10:01.058+0000] {dag.py:4156} INFO - Setting next_dagrun for dataset_with_extra_by_yield to 2025-05-19 00:00:00+00:00, run_after=2025-05-20 00:00:00+00:00
[2025-05-20T03:10:01.064+0000] {logging_mixin.py:190} INFO - [2025-05-20T03:10:01.064+0000] {dag.py:4156} INFO - Setting next_dagrun for dataset_with_extra_from_classic_operator to 2025-05-19 00:00:00+00:00, run_after=2025-05-20 00:00:00+00:00
[2025-05-20T03:10:01.094+0000] {processor.py:208} INFO - Processing /home/airflow/.local/lib/python3.12/site-packages/airflow/example_dags/example_outlet_event_extra.py took 0.664 seconds
[2025-05-20T03:10:31.442+0000] {processor.py:186} INFO - Started process (PID=2121) to work on /home/airflow/.local/lib/python3.12/site-packages/airflow/example_dags/example_outlet_event_extra.py
[2025-05-20T03:10:31.447+0000] {processor.py:914} INFO - Processing file /home/airflow/.local/lib/python3.12/site-packages/airflow/example_dags/example_outlet_event_extra.py for tasks to queue
[2025-05-20T03:10:31.459+0000] {logging_mixin.py:190} INFO - [2025-05-20T03:10:31.455+0000] {dagbag.py:587} INFO - Filling up the DagBag from /home/airflow/.local/lib/python3.12/site-packages/airflow/example_dags/example_outlet_event_extra.py
[2025-05-20T03:10:31.588+0000] {processor.py:925} INFO - DAG(s) 'dataset_with_extra_by_yield', 'dataset_with_extra_from_classic_operator', 'dataset_with_extra_by_context' retrieved from /home/airflow/.local/lib/python3.12/site-packages/airflow/example_dags/example_outlet_event_extra.py
[2025-05-20T03:10:31.680+0000] {logging_mixin.py:190} INFO - [2025-05-20T03:10:31.679+0000] {dag.py:3229} INFO - Sync 3 DAGs
[2025-05-20T03:10:31.871+0000] {logging_mixin.py:190} INFO - [2025-05-20T03:10:31.871+0000] {dag.py:4156} INFO - Setting next_dagrun for dataset_with_extra_by_context to 2025-05-19 00:00:00+00:00, run_after=2025-05-20 00:00:00+00:00
[2025-05-20T03:10:31.891+0000] {logging_mixin.py:190} INFO - [2025-05-20T03:10:31.891+0000] {dag.py:4156} INFO - Setting next_dagrun for dataset_with_extra_by_yield to 2025-05-19 00:00:00+00:00, run_after=2025-05-20 00:00:00+00:00
[2025-05-20T03:10:31.906+0000] {logging_mixin.py:190} INFO - [2025-05-20T03:10:31.905+0000] {dag.py:4156} INFO - Setting next_dagrun for dataset_with_extra_from_classic_operator to 2025-05-19 00:00:00+00:00, run_after=2025-05-20 00:00:00+00:00
[2025-05-20T03:10:32.003+0000] {processor.py:208} INFO - Processing /home/airflow/.local/lib/python3.12/site-packages/airflow/example_dags/example_outlet_event_extra.py took 0.564 seconds
[2025-05-20T03:11:02.930+0000] {processor.py:186} INFO - Started process (PID=2183) to work on /home/airflow/.local/lib/python3.12/site-packages/airflow/example_dags/example_outlet_event_extra.py
[2025-05-20T03:11:02.933+0000] {processor.py:914} INFO - Processing file /home/airflow/.local/lib/python3.12/site-packages/airflow/example_dags/example_outlet_event_extra.py for tasks to queue
[2025-05-20T03:11:02.939+0000] {logging_mixin.py:190} INFO - [2025-05-20T03:11:02.936+0000] {dagbag.py:587} INFO - Filling up the DagBag from /home/airflow/.local/lib/python3.12/site-packages/airflow/example_dags/example_outlet_event_extra.py
[2025-05-20T03:11:03.148+0000] {processor.py:925} INFO - DAG(s) 'dataset_with_extra_by_context', 'dataset_with_extra_by_yield', 'dataset_with_extra_from_classic_operator' retrieved from /home/airflow/.local/lib/python3.12/site-packages/airflow/example_dags/example_outlet_event_extra.py
[2025-05-20T03:11:03.235+0000] {logging_mixin.py:190} INFO - [2025-05-20T03:11:03.235+0000] {dag.py:3229} INFO - Sync 3 DAGs
[2025-05-20T03:11:03.286+0000] {logging_mixin.py:190} INFO - [2025-05-20T03:11:03.284+0000] {dag.py:4156} INFO - Setting next_dagrun for dataset_with_extra_by_context to 2025-05-19 00:00:00+00:00, run_after=2025-05-20 00:00:00+00:00
[2025-05-20T03:11:03.319+0000] {logging_mixin.py:190} INFO - [2025-05-20T03:11:03.318+0000] {dag.py:4156} INFO - Setting next_dagrun for dataset_with_extra_by_yield to 2025-05-19 00:00:00+00:00, run_after=2025-05-20 00:00:00+00:00
[2025-05-20T03:11:03.338+0000] {logging_mixin.py:190} INFO - [2025-05-20T03:11:03.337+0000] {dag.py:4156} INFO - Setting next_dagrun for dataset_with_extra_from_classic_operator to 2025-05-19 00:00:00+00:00, run_after=2025-05-20 00:00:00+00:00
[2025-05-20T03:11:03.692+0000] {processor.py:208} INFO - Processing /home/airflow/.local/lib/python3.12/site-packages/airflow/example_dags/example_outlet_event_extra.py took 0.765 seconds
