[2025-05-20T02:50:57.242+0000] {processor.py:186} INFO - Started process (PID=91) to work on /home/airflow/.local/lib/python3.12/site-packages/airflow/example_dags/example_branch_datetime_operator.py
[2025-05-20T02:50:57.248+0000] {processor.py:914} INFO - Processing file /home/airflow/.local/lib/python3.12/site-packages/airflow/example_dags/example_branch_datetime_operator.py for tasks to queue
[2025-05-20T02:50:57.252+0000] {logging_mixin.py:190} INFO - [2025-05-20T02:50:57.252+0000] {dagbag.py:587} INFO - Filling up the DagBag from /home/airflow/.local/lib/python3.12/site-packages/airflow/example_dags/example_branch_datetime_operator.py
[2025-05-20T02:50:57.300+0000] {processor.py:925} INFO - DAG(s) 'example_branch_datetime_operator_2', 'example_branch_datetime_operator', 'example_branch_datetime_operator_3' retrieved from /home/airflow/.local/lib/python3.12/site-packages/airflow/example_dags/example_branch_datetime_operator.py
[2025-05-20T02:50:57.528+0000] {logging_mixin.py:190} INFO - [2025-05-20T02:50:57.524+0000] {override.py:1900} INFO - Created Permission View: can read on DAG:example_branch_datetime_operator_2
[2025-05-20T02:50:57.571+0000] {logging_mixin.py:190} INFO - [2025-05-20T02:50:57.568+0000] {override.py:1900} INFO - Created Permission View: can delete on DAG:example_branch_datetime_operator_2
[2025-05-20T02:50:57.596+0000] {logging_mixin.py:190} INFO - [2025-05-20T02:50:57.593+0000] {override.py:1900} INFO - Created Permission View: can edit on DAG:example_branch_datetime_operator_2
[2025-05-20T02:50:57.625+0000] {logging_mixin.py:190} INFO - [2025-05-20T02:50:57.623+0000] {override.py:1900} INFO - Created Permission View: can read on DAG Run:example_branch_datetime_operator_2
[2025-05-20T02:50:57.648+0000] {logging_mixin.py:190} INFO - [2025-05-20T02:50:57.647+0000] {override.py:1900} INFO - Created Permission View: can delete on DAG Run:example_branch_datetime_operator_2
[2025-05-20T02:50:57.670+0000] {logging_mixin.py:190} INFO - [2025-05-20T02:50:57.665+0000] {override.py:1900} INFO - Created Permission View: can create on DAG Run:example_branch_datetime_operator_2
[2025-05-20T02:50:57.708+0000] {logging_mixin.py:190} INFO - [2025-05-20T02:50:57.704+0000] {override.py:1900} INFO - Created Permission View: menu access on DAG Run:example_branch_datetime_operator_2
[2025-05-20T02:50:57.741+0000] {logging_mixin.py:190} INFO - [2025-05-20T02:50:57.737+0000] {override.py:1900} INFO - Created Permission View: can read on DAG:example_branch_datetime_operator
[2025-05-20T02:50:57.756+0000] {logging_mixin.py:190} INFO - [2025-05-20T02:50:57.755+0000] {override.py:1900} INFO - Created Permission View: can delete on DAG:example_branch_datetime_operator
[2025-05-20T02:50:57.782+0000] {logging_mixin.py:190} INFO - [2025-05-20T02:50:57.782+0000] {override.py:1900} INFO - Created Permission View: can edit on DAG:example_branch_datetime_operator
[2025-05-20T02:50:57.805+0000] {logging_mixin.py:190} INFO - [2025-05-20T02:50:57.805+0000] {override.py:1900} INFO - Created Permission View: can read on DAG Run:example_branch_datetime_operator
[2025-05-20T02:50:57.822+0000] {logging_mixin.py:190} INFO - [2025-05-20T02:50:57.820+0000] {override.py:1900} INFO - Created Permission View: can delete on DAG Run:example_branch_datetime_operator
[2025-05-20T02:50:57.883+0000] {logging_mixin.py:190} INFO - [2025-05-20T02:50:57.883+0000] {override.py:1900} INFO - Created Permission View: can create on DAG Run:example_branch_datetime_operator
[2025-05-20T02:50:57.908+0000] {logging_mixin.py:190} INFO - [2025-05-20T02:50:57.907+0000] {override.py:1900} INFO - Created Permission View: menu access on DAG Run:example_branch_datetime_operator
[2025-05-20T02:50:57.966+0000] {logging_mixin.py:190} INFO - [2025-05-20T02:50:57.965+0000] {override.py:1900} INFO - Created Permission View: can read on DAG:example_branch_datetime_operator_3
[2025-05-20T02:50:57.976+0000] {logging_mixin.py:190} INFO - [2025-05-20T02:50:57.976+0000] {override.py:1900} INFO - Created Permission View: can delete on DAG:example_branch_datetime_operator_3
[2025-05-20T02:50:57.987+0000] {logging_mixin.py:190} INFO - [2025-05-20T02:50:57.986+0000] {override.py:1900} INFO - Created Permission View: can edit on DAG:example_branch_datetime_operator_3
[2025-05-20T02:50:58.003+0000] {logging_mixin.py:190} INFO - [2025-05-20T02:50:58.002+0000] {override.py:1900} INFO - Created Permission View: can read on DAG Run:example_branch_datetime_operator_3
[2025-05-20T02:50:58.022+0000] {logging_mixin.py:190} INFO - [2025-05-20T02:50:58.022+0000] {override.py:1900} INFO - Created Permission View: can delete on DAG Run:example_branch_datetime_operator_3
[2025-05-20T02:50:58.041+0000] {logging_mixin.py:190} INFO - [2025-05-20T02:50:58.040+0000] {override.py:1900} INFO - Created Permission View: can create on DAG Run:example_branch_datetime_operator_3
[2025-05-20T02:50:58.063+0000] {logging_mixin.py:190} INFO - [2025-05-20T02:50:58.061+0000] {override.py:1900} INFO - Created Permission View: menu access on DAG Run:example_branch_datetime_operator_3
[2025-05-20T02:50:58.065+0000] {logging_mixin.py:190} INFO - [2025-05-20T02:50:58.065+0000] {dag.py:3229} INFO - Sync 3 DAGs
[2025-05-20T02:50:58.108+0000] {logging_mixin.py:190} INFO - [2025-05-20T02:50:58.107+0000] {dag.py:3252} INFO - Creating ORM DAG for example_branch_datetime_operator
[2025-05-20T02:50:58.110+0000] {logging_mixin.py:190} INFO - [2025-05-20T02:50:58.110+0000] {dag.py:3252} INFO - Creating ORM DAG for example_branch_datetime_operator_3
[2025-05-20T02:50:58.111+0000] {logging_mixin.py:190} INFO - [2025-05-20T02:50:58.111+0000] {dag.py:3252} INFO - Creating ORM DAG for example_branch_datetime_operator_2
[2025-05-20T02:50:58.142+0000] {logging_mixin.py:190} INFO - [2025-05-20T02:50:58.141+0000] {dag.py:4156} INFO - Setting next_dagrun for example_branch_datetime_operator to 2025-05-19 00:00:00+00:00, run_after=2025-05-20 00:00:00+00:00
[2025-05-20T02:50:58.152+0000] {logging_mixin.py:190} INFO - [2025-05-20T02:50:58.151+0000] {dag.py:4156} INFO - Setting next_dagrun for example_branch_datetime_operator_2 to 2025-05-19 00:00:00+00:00, run_after=2025-05-20 00:00:00+00:00
[2025-05-20T02:50:58.161+0000] {logging_mixin.py:190} INFO - [2025-05-20T02:50:58.160+0000] {dag.py:4156} INFO - Setting next_dagrun for example_branch_datetime_operator_3 to 2025-05-19 00:00:00+00:00, run_after=2025-05-20 00:00:00+00:00
[2025-05-20T02:50:58.233+0000] {processor.py:208} INFO - Processing /home/airflow/.local/lib/python3.12/site-packages/airflow/example_dags/example_branch_datetime_operator.py took 0.994 seconds
[2025-05-20T02:51:28.328+0000] {processor.py:186} INFO - Started process (PID=153) to work on /home/airflow/.local/lib/python3.12/site-packages/airflow/example_dags/example_branch_datetime_operator.py
[2025-05-20T02:51:28.332+0000] {processor.py:914} INFO - Processing file /home/airflow/.local/lib/python3.12/site-packages/airflow/example_dags/example_branch_datetime_operator.py for tasks to queue
[2025-05-20T02:51:28.337+0000] {logging_mixin.py:190} INFO - [2025-05-20T02:51:28.336+0000] {dagbag.py:587} INFO - Filling up the DagBag from /home/airflow/.local/lib/python3.12/site-packages/airflow/example_dags/example_branch_datetime_operator.py
[2025-05-20T02:51:28.373+0000] {processor.py:925} INFO - DAG(s) 'example_branch_datetime_operator_2', 'example_branch_datetime_operator', 'example_branch_datetime_operator_3' retrieved from /home/airflow/.local/lib/python3.12/site-packages/airflow/example_dags/example_branch_datetime_operator.py
[2025-05-20T02:51:28.433+0000] {logging_mixin.py:190} INFO - [2025-05-20T02:51:28.433+0000] {dag.py:3229} INFO - Sync 3 DAGs
[2025-05-20T02:51:28.479+0000] {logging_mixin.py:190} INFO - [2025-05-20T02:51:28.478+0000] {dag.py:4156} INFO - Setting next_dagrun for example_branch_datetime_operator to 2025-05-19 00:00:00+00:00, run_after=2025-05-20 00:00:00+00:00
[2025-05-20T02:51:28.502+0000] {logging_mixin.py:190} INFO - [2025-05-20T02:51:28.501+0000] {dag.py:4156} INFO - Setting next_dagrun for example_branch_datetime_operator_2 to 2025-05-19 00:00:00+00:00, run_after=2025-05-20 00:00:00+00:00
[2025-05-20T02:51:28.513+0000] {logging_mixin.py:190} INFO - [2025-05-20T02:51:28.513+0000] {dag.py:4156} INFO - Setting next_dagrun for example_branch_datetime_operator_3 to 2025-05-19 00:00:00+00:00, run_after=2025-05-20 00:00:00+00:00
[2025-05-20T02:51:28.554+0000] {processor.py:208} INFO - Processing /home/airflow/.local/lib/python3.12/site-packages/airflow/example_dags/example_branch_datetime_operator.py took 0.229 seconds
[2025-05-20T02:51:58.969+0000] {processor.py:186} INFO - Started process (PID=215) to work on /home/airflow/.local/lib/python3.12/site-packages/airflow/example_dags/example_branch_datetime_operator.py
[2025-05-20T02:51:58.973+0000] {processor.py:914} INFO - Processing file /home/airflow/.local/lib/python3.12/site-packages/airflow/example_dags/example_branch_datetime_operator.py for tasks to queue
[2025-05-20T02:51:58.980+0000] {logging_mixin.py:190} INFO - [2025-05-20T02:51:58.979+0000] {dagbag.py:587} INFO - Filling up the DagBag from /home/airflow/.local/lib/python3.12/site-packages/airflow/example_dags/example_branch_datetime_operator.py
[2025-05-20T02:51:59.034+0000] {processor.py:925} INFO - DAG(s) 'example_branch_datetime_operator_2', 'example_branch_datetime_operator', 'example_branch_datetime_operator_3' retrieved from /home/airflow/.local/lib/python3.12/site-packages/airflow/example_dags/example_branch_datetime_operator.py
[2025-05-20T02:51:59.109+0000] {logging_mixin.py:190} INFO - [2025-05-20T02:51:59.109+0000] {dag.py:3229} INFO - Sync 3 DAGs
[2025-05-20T02:51:59.149+0000] {logging_mixin.py:190} INFO - [2025-05-20T02:51:59.149+0000] {dag.py:4156} INFO - Setting next_dagrun for example_branch_datetime_operator to 2025-05-19 00:00:00+00:00, run_after=2025-05-20 00:00:00+00:00
[2025-05-20T02:51:59.159+0000] {logging_mixin.py:190} INFO - [2025-05-20T02:51:59.159+0000] {dag.py:4156} INFO - Setting next_dagrun for example_branch_datetime_operator_2 to 2025-05-19 00:00:00+00:00, run_after=2025-05-20 00:00:00+00:00
[2025-05-20T02:51:59.168+0000] {logging_mixin.py:190} INFO - [2025-05-20T02:51:59.168+0000] {dag.py:4156} INFO - Setting next_dagrun for example_branch_datetime_operator_3 to 2025-05-19 00:00:00+00:00, run_after=2025-05-20 00:00:00+00:00
[2025-05-20T02:51:59.204+0000] {processor.py:208} INFO - Processing /home/airflow/.local/lib/python3.12/site-packages/airflow/example_dags/example_branch_datetime_operator.py took 0.241 seconds
[2025-05-20T02:53:59.220+0000] {processor.py:186} INFO - Started process (PID=92) to work on /home/airflow/.local/lib/python3.12/site-packages/airflow/example_dags/example_branch_datetime_operator.py
[2025-05-20T02:53:59.221+0000] {processor.py:914} INFO - Processing file /home/airflow/.local/lib/python3.12/site-packages/airflow/example_dags/example_branch_datetime_operator.py for tasks to queue
[2025-05-20T02:53:59.230+0000] {logging_mixin.py:190} INFO - [2025-05-20T02:53:59.230+0000] {dagbag.py:587} INFO - Filling up the DagBag from /home/airflow/.local/lib/python3.12/site-packages/airflow/example_dags/example_branch_datetime_operator.py
[2025-05-20T02:53:59.260+0000] {processor.py:925} INFO - DAG(s) 'example_branch_datetime_operator_3', 'example_branch_datetime_operator', 'example_branch_datetime_operator_2' retrieved from /home/airflow/.local/lib/python3.12/site-packages/airflow/example_dags/example_branch_datetime_operator.py
[2025-05-20T02:53:59.355+0000] {logging_mixin.py:190} INFO - [2025-05-20T02:53:59.354+0000] {dag.py:3229} INFO - Sync 3 DAGs
[2025-05-20T02:53:59.395+0000] {logging_mixin.py:190} INFO - [2025-05-20T02:53:59.395+0000] {dag.py:4156} INFO - Setting next_dagrun for example_branch_datetime_operator to 2025-05-19 00:00:00+00:00, run_after=2025-05-20 00:00:00+00:00
[2025-05-20T02:53:59.407+0000] {logging_mixin.py:190} INFO - [2025-05-20T02:53:59.407+0000] {dag.py:4156} INFO - Setting next_dagrun for example_branch_datetime_operator_2 to 2025-05-19 00:00:00+00:00, run_after=2025-05-20 00:00:00+00:00
[2025-05-20T02:53:59.418+0000] {logging_mixin.py:190} INFO - [2025-05-20T02:53:59.418+0000] {dag.py:4156} INFO - Setting next_dagrun for example_branch_datetime_operator_3 to 2025-05-19 00:00:00+00:00, run_after=2025-05-20 00:00:00+00:00
[2025-05-20T02:53:59.468+0000] {processor.py:208} INFO - Processing /home/airflow/.local/lib/python3.12/site-packages/airflow/example_dags/example_branch_datetime_operator.py took 0.258 seconds
[2025-05-20T02:54:29.833+0000] {processor.py:186} INFO - Started process (PID=155) to work on /home/airflow/.local/lib/python3.12/site-packages/airflow/example_dags/example_branch_datetime_operator.py
[2025-05-20T02:54:29.837+0000] {processor.py:914} INFO - Processing file /home/airflow/.local/lib/python3.12/site-packages/airflow/example_dags/example_branch_datetime_operator.py for tasks to queue
[2025-05-20T02:54:29.855+0000] {logging_mixin.py:190} INFO - [2025-05-20T02:54:29.854+0000] {dagbag.py:587} INFO - Filling up the DagBag from /home/airflow/.local/lib/python3.12/site-packages/airflow/example_dags/example_branch_datetime_operator.py
[2025-05-20T02:54:29.880+0000] {processor.py:925} INFO - DAG(s) 'example_branch_datetime_operator', 'example_branch_datetime_operator_2', 'example_branch_datetime_operator_3' retrieved from /home/airflow/.local/lib/python3.12/site-packages/airflow/example_dags/example_branch_datetime_operator.py
[2025-05-20T02:54:29.972+0000] {logging_mixin.py:190} INFO - [2025-05-20T02:54:29.972+0000] {dag.py:3229} INFO - Sync 3 DAGs
[2025-05-20T02:54:30.017+0000] {logging_mixin.py:190} INFO - [2025-05-20T02:54:30.017+0000] {dag.py:4156} INFO - Setting next_dagrun for example_branch_datetime_operator to 2025-05-19 00:00:00+00:00, run_after=2025-05-20 00:00:00+00:00
[2025-05-20T02:54:30.034+0000] {logging_mixin.py:190} INFO - [2025-05-20T02:54:30.034+0000] {dag.py:4156} INFO - Setting next_dagrun for example_branch_datetime_operator_2 to 2025-05-19 00:00:00+00:00, run_after=2025-05-20 00:00:00+00:00
[2025-05-20T02:54:30.041+0000] {logging_mixin.py:190} INFO - [2025-05-20T02:54:30.041+0000] {dag.py:4156} INFO - Setting next_dagrun for example_branch_datetime_operator_3 to 2025-05-19 00:00:00+00:00, run_after=2025-05-20 00:00:00+00:00
[2025-05-20T02:54:30.090+0000] {processor.py:208} INFO - Processing /home/airflow/.local/lib/python3.12/site-packages/airflow/example_dags/example_branch_datetime_operator.py took 0.260 seconds
[2025-05-20T02:55:01.591+0000] {processor.py:186} INFO - Started process (PID=218) to work on /home/airflow/.local/lib/python3.12/site-packages/airflow/example_dags/example_branch_datetime_operator.py
[2025-05-20T02:55:01.592+0000] {processor.py:914} INFO - Processing file /home/airflow/.local/lib/python3.12/site-packages/airflow/example_dags/example_branch_datetime_operator.py for tasks to queue
[2025-05-20T02:55:01.601+0000] {logging_mixin.py:190} INFO - [2025-05-20T02:55:01.600+0000] {dagbag.py:587} INFO - Filling up the DagBag from /home/airflow/.local/lib/python3.12/site-packages/airflow/example_dags/example_branch_datetime_operator.py
[2025-05-20T02:55:01.620+0000] {processor.py:925} INFO - DAG(s) 'example_branch_datetime_operator_2', 'example_branch_datetime_operator_3', 'example_branch_datetime_operator' retrieved from /home/airflow/.local/lib/python3.12/site-packages/airflow/example_dags/example_branch_datetime_operator.py
[2025-05-20T02:55:01.701+0000] {logging_mixin.py:190} INFO - [2025-05-20T02:55:01.700+0000] {dag.py:3229} INFO - Sync 3 DAGs
[2025-05-20T02:55:01.769+0000] {logging_mixin.py:190} INFO - [2025-05-20T02:55:01.762+0000] {dag.py:4156} INFO - Setting next_dagrun for example_branch_datetime_operator to 2025-05-19 00:00:00+00:00, run_after=2025-05-20 00:00:00+00:00
[2025-05-20T02:55:01.783+0000] {logging_mixin.py:190} INFO - [2025-05-20T02:55:01.781+0000] {dag.py:4156} INFO - Setting next_dagrun for example_branch_datetime_operator_2 to 2025-05-19 00:00:00+00:00, run_after=2025-05-20 00:00:00+00:00
[2025-05-20T02:55:01.794+0000] {logging_mixin.py:190} INFO - [2025-05-20T02:55:01.794+0000] {dag.py:4156} INFO - Setting next_dagrun for example_branch_datetime_operator_3 to 2025-05-19 00:00:00+00:00, run_after=2025-05-20 00:00:00+00:00
[2025-05-20T02:55:01.849+0000] {processor.py:208} INFO - Processing /home/airflow/.local/lib/python3.12/site-packages/airflow/example_dags/example_branch_datetime_operator.py took 0.263 seconds
[2025-05-20T02:55:32.813+0000] {processor.py:186} INFO - Started process (PID=281) to work on /home/airflow/.local/lib/python3.12/site-packages/airflow/example_dags/example_branch_datetime_operator.py
[2025-05-20T02:55:32.814+0000] {processor.py:914} INFO - Processing file /home/airflow/.local/lib/python3.12/site-packages/airflow/example_dags/example_branch_datetime_operator.py for tasks to queue
[2025-05-20T02:55:32.830+0000] {logging_mixin.py:190} INFO - [2025-05-20T02:55:32.830+0000] {dagbag.py:587} INFO - Filling up the DagBag from /home/airflow/.local/lib/python3.12/site-packages/airflow/example_dags/example_branch_datetime_operator.py
[2025-05-20T02:55:32.856+0000] {processor.py:925} INFO - DAG(s) 'example_branch_datetime_operator', 'example_branch_datetime_operator_2', 'example_branch_datetime_operator_3' retrieved from /home/airflow/.local/lib/python3.12/site-packages/airflow/example_dags/example_branch_datetime_operator.py
[2025-05-20T02:55:32.902+0000] {logging_mixin.py:190} INFO - [2025-05-20T02:55:32.902+0000] {dag.py:3229} INFO - Sync 3 DAGs
[2025-05-20T02:55:32.942+0000] {logging_mixin.py:190} INFO - [2025-05-20T02:55:32.940+0000] {dag.py:4156} INFO - Setting next_dagrun for example_branch_datetime_operator to 2025-05-19 00:00:00+00:00, run_after=2025-05-20 00:00:00+00:00
[2025-05-20T02:55:32.948+0000] {logging_mixin.py:190} INFO - [2025-05-20T02:55:32.947+0000] {dag.py:4156} INFO - Setting next_dagrun for example_branch_datetime_operator_2 to 2025-05-19 00:00:00+00:00, run_after=2025-05-20 00:00:00+00:00
[2025-05-20T02:55:32.968+0000] {logging_mixin.py:190} INFO - [2025-05-20T02:55:32.965+0000] {dag.py:4156} INFO - Setting next_dagrun for example_branch_datetime_operator_3 to 2025-05-19 00:00:00+00:00, run_after=2025-05-20 00:00:00+00:00
[2025-05-20T02:55:33.027+0000] {processor.py:208} INFO - Processing /home/airflow/.local/lib/python3.12/site-packages/airflow/example_dags/example_branch_datetime_operator.py took 0.219 seconds
[2025-05-20T02:56:03.954+0000] {processor.py:186} INFO - Started process (PID=344) to work on /home/airflow/.local/lib/python3.12/site-packages/airflow/example_dags/example_branch_datetime_operator.py
[2025-05-20T02:56:03.956+0000] {processor.py:914} INFO - Processing file /home/airflow/.local/lib/python3.12/site-packages/airflow/example_dags/example_branch_datetime_operator.py for tasks to queue
[2025-05-20T02:56:03.958+0000] {logging_mixin.py:190} INFO - [2025-05-20T02:56:03.958+0000] {dagbag.py:587} INFO - Filling up the DagBag from /home/airflow/.local/lib/python3.12/site-packages/airflow/example_dags/example_branch_datetime_operator.py
[2025-05-20T02:56:03.972+0000] {processor.py:925} INFO - DAG(s) 'example_branch_datetime_operator_2', 'example_branch_datetime_operator', 'example_branch_datetime_operator_3' retrieved from /home/airflow/.local/lib/python3.12/site-packages/airflow/example_dags/example_branch_datetime_operator.py
[2025-05-20T02:56:04.075+0000] {logging_mixin.py:190} INFO - [2025-05-20T02:56:04.074+0000] {dag.py:3229} INFO - Sync 3 DAGs
[2025-05-20T02:56:04.123+0000] {logging_mixin.py:190} INFO - [2025-05-20T02:56:04.123+0000] {dag.py:4156} INFO - Setting next_dagrun for example_branch_datetime_operator to 2025-05-19 00:00:00+00:00, run_after=2025-05-20 00:00:00+00:00
[2025-05-20T02:56:04.145+0000] {logging_mixin.py:190} INFO - [2025-05-20T02:56:04.144+0000] {dag.py:4156} INFO - Setting next_dagrun for example_branch_datetime_operator_2 to 2025-05-19 00:00:00+00:00, run_after=2025-05-20 00:00:00+00:00
[2025-05-20T02:56:04.154+0000] {logging_mixin.py:190} INFO - [2025-05-20T02:56:04.153+0000] {dag.py:4156} INFO - Setting next_dagrun for example_branch_datetime_operator_3 to 2025-05-19 00:00:00+00:00, run_after=2025-05-20 00:00:00+00:00
[2025-05-20T02:56:04.215+0000] {processor.py:208} INFO - Processing /home/airflow/.local/lib/python3.12/site-packages/airflow/example_dags/example_branch_datetime_operator.py took 0.266 seconds
[2025-05-20T02:56:34.834+0000] {processor.py:186} INFO - Started process (PID=407) to work on /home/airflow/.local/lib/python3.12/site-packages/airflow/example_dags/example_branch_datetime_operator.py
[2025-05-20T02:56:34.836+0000] {processor.py:914} INFO - Processing file /home/airflow/.local/lib/python3.12/site-packages/airflow/example_dags/example_branch_datetime_operator.py for tasks to queue
[2025-05-20T02:56:34.843+0000] {logging_mixin.py:190} INFO - [2025-05-20T02:56:34.843+0000] {dagbag.py:587} INFO - Filling up the DagBag from /home/airflow/.local/lib/python3.12/site-packages/airflow/example_dags/example_branch_datetime_operator.py
[2025-05-20T02:56:34.881+0000] {processor.py:925} INFO - DAG(s) 'example_branch_datetime_operator_2', 'example_branch_datetime_operator_3', 'example_branch_datetime_operator' retrieved from /home/airflow/.local/lib/python3.12/site-packages/airflow/example_dags/example_branch_datetime_operator.py
[2025-05-20T02:56:34.941+0000] {logging_mixin.py:190} INFO - [2025-05-20T02:56:34.940+0000] {dag.py:3229} INFO - Sync 3 DAGs
[2025-05-20T02:56:34.979+0000] {logging_mixin.py:190} INFO - [2025-05-20T02:56:34.979+0000] {dag.py:4156} INFO - Setting next_dagrun for example_branch_datetime_operator to 2025-05-19 00:00:00+00:00, run_after=2025-05-20 00:00:00+00:00
[2025-05-20T02:56:34.990+0000] {logging_mixin.py:190} INFO - [2025-05-20T02:56:34.990+0000] {dag.py:4156} INFO - Setting next_dagrun for example_branch_datetime_operator_2 to 2025-05-19 00:00:00+00:00, run_after=2025-05-20 00:00:00+00:00
[2025-05-20T02:56:35.010+0000] {logging_mixin.py:190} INFO - [2025-05-20T02:56:35.010+0000] {dag.py:4156} INFO - Setting next_dagrun for example_branch_datetime_operator_3 to 2025-05-19 00:00:00+00:00, run_after=2025-05-20 00:00:00+00:00
[2025-05-20T02:56:35.123+0000] {processor.py:208} INFO - Processing /home/airflow/.local/lib/python3.12/site-packages/airflow/example_dags/example_branch_datetime_operator.py took 0.293 seconds
[2025-05-20T02:57:05.603+0000] {processor.py:186} INFO - Started process (PID=470) to work on /home/airflow/.local/lib/python3.12/site-packages/airflow/example_dags/example_branch_datetime_operator.py
[2025-05-20T02:57:05.608+0000] {processor.py:914} INFO - Processing file /home/airflow/.local/lib/python3.12/site-packages/airflow/example_dags/example_branch_datetime_operator.py for tasks to queue
[2025-05-20T02:57:05.623+0000] {logging_mixin.py:190} INFO - [2025-05-20T02:57:05.622+0000] {dagbag.py:587} INFO - Filling up the DagBag from /home/airflow/.local/lib/python3.12/site-packages/airflow/example_dags/example_branch_datetime_operator.py
[2025-05-20T02:57:05.662+0000] {processor.py:925} INFO - DAG(s) 'example_branch_datetime_operator', 'example_branch_datetime_operator_2', 'example_branch_datetime_operator_3' retrieved from /home/airflow/.local/lib/python3.12/site-packages/airflow/example_dags/example_branch_datetime_operator.py
[2025-05-20T02:57:05.770+0000] {logging_mixin.py:190} INFO - [2025-05-20T02:57:05.770+0000] {dag.py:3229} INFO - Sync 3 DAGs
[2025-05-20T02:57:05.822+0000] {logging_mixin.py:190} INFO - [2025-05-20T02:57:05.822+0000] {dag.py:4156} INFO - Setting next_dagrun for example_branch_datetime_operator to 2025-05-19 00:00:00+00:00, run_after=2025-05-20 00:00:00+00:00
[2025-05-20T02:57:05.834+0000] {logging_mixin.py:190} INFO - [2025-05-20T02:57:05.833+0000] {dag.py:4156} INFO - Setting next_dagrun for example_branch_datetime_operator_2 to 2025-05-19 00:00:00+00:00, run_after=2025-05-20 00:00:00+00:00
[2025-05-20T02:57:05.840+0000] {logging_mixin.py:190} INFO - [2025-05-20T02:57:05.840+0000] {dag.py:4156} INFO - Setting next_dagrun for example_branch_datetime_operator_3 to 2025-05-19 00:00:00+00:00, run_after=2025-05-20 00:00:00+00:00
[2025-05-20T02:57:05.865+0000] {processor.py:208} INFO - Processing /home/airflow/.local/lib/python3.12/site-packages/airflow/example_dags/example_branch_datetime_operator.py took 0.268 seconds
[2025-05-20T02:57:36.249+0000] {processor.py:186} INFO - Started process (PID=533) to work on /home/airflow/.local/lib/python3.12/site-packages/airflow/example_dags/example_branch_datetime_operator.py
[2025-05-20T02:57:36.250+0000] {processor.py:914} INFO - Processing file /home/airflow/.local/lib/python3.12/site-packages/airflow/example_dags/example_branch_datetime_operator.py for tasks to queue
[2025-05-20T02:57:36.253+0000] {logging_mixin.py:190} INFO - [2025-05-20T02:57:36.253+0000] {dagbag.py:587} INFO - Filling up the DagBag from /home/airflow/.local/lib/python3.12/site-packages/airflow/example_dags/example_branch_datetime_operator.py
[2025-05-20T02:57:36.294+0000] {processor.py:925} INFO - DAG(s) 'example_branch_datetime_operator_3', 'example_branch_datetime_operator_2', 'example_branch_datetime_operator' retrieved from /home/airflow/.local/lib/python3.12/site-packages/airflow/example_dags/example_branch_datetime_operator.py
[2025-05-20T02:57:36.346+0000] {logging_mixin.py:190} INFO - [2025-05-20T02:57:36.344+0000] {dag.py:3229} INFO - Sync 3 DAGs
[2025-05-20T02:57:36.382+0000] {logging_mixin.py:190} INFO - [2025-05-20T02:57:36.382+0000] {dag.py:4156} INFO - Setting next_dagrun for example_branch_datetime_operator to 2025-05-19 00:00:00+00:00, run_after=2025-05-20 00:00:00+00:00
[2025-05-20T02:57:36.396+0000] {logging_mixin.py:190} INFO - [2025-05-20T02:57:36.395+0000] {dag.py:4156} INFO - Setting next_dagrun for example_branch_datetime_operator_2 to 2025-05-19 00:00:00+00:00, run_after=2025-05-20 00:00:00+00:00
[2025-05-20T02:57:36.400+0000] {logging_mixin.py:190} INFO - [2025-05-20T02:57:36.400+0000] {dag.py:4156} INFO - Setting next_dagrun for example_branch_datetime_operator_3 to 2025-05-19 00:00:00+00:00, run_after=2025-05-20 00:00:00+00:00
[2025-05-20T02:57:36.441+0000] {processor.py:208} INFO - Processing /home/airflow/.local/lib/python3.12/site-packages/airflow/example_dags/example_branch_datetime_operator.py took 0.196 seconds
[2025-05-20T02:58:07.420+0000] {processor.py:186} INFO - Started process (PID=596) to work on /home/airflow/.local/lib/python3.12/site-packages/airflow/example_dags/example_branch_datetime_operator.py
[2025-05-20T02:58:07.422+0000] {processor.py:914} INFO - Processing file /home/airflow/.local/lib/python3.12/site-packages/airflow/example_dags/example_branch_datetime_operator.py for tasks to queue
[2025-05-20T02:58:07.428+0000] {logging_mixin.py:190} INFO - [2025-05-20T02:58:07.428+0000] {dagbag.py:587} INFO - Filling up the DagBag from /home/airflow/.local/lib/python3.12/site-packages/airflow/example_dags/example_branch_datetime_operator.py
[2025-05-20T02:58:07.451+0000] {processor.py:925} INFO - DAG(s) 'example_branch_datetime_operator_2', 'example_branch_datetime_operator_3', 'example_branch_datetime_operator' retrieved from /home/airflow/.local/lib/python3.12/site-packages/airflow/example_dags/example_branch_datetime_operator.py
[2025-05-20T02:58:07.529+0000] {logging_mixin.py:190} INFO - [2025-05-20T02:58:07.528+0000] {dag.py:3229} INFO - Sync 3 DAGs
[2025-05-20T02:58:07.626+0000] {logging_mixin.py:190} INFO - [2025-05-20T02:58:07.625+0000] {dag.py:4156} INFO - Setting next_dagrun for example_branch_datetime_operator to 2025-05-19 00:00:00+00:00, run_after=2025-05-20 00:00:00+00:00
[2025-05-20T02:58:07.631+0000] {logging_mixin.py:190} INFO - [2025-05-20T02:58:07.631+0000] {dag.py:4156} INFO - Setting next_dagrun for example_branch_datetime_operator_2 to 2025-05-19 00:00:00+00:00, run_after=2025-05-20 00:00:00+00:00
[2025-05-20T02:58:07.638+0000] {logging_mixin.py:190} INFO - [2025-05-20T02:58:07.638+0000] {dag.py:4156} INFO - Setting next_dagrun for example_branch_datetime_operator_3 to 2025-05-19 00:00:00+00:00, run_after=2025-05-20 00:00:00+00:00
[2025-05-20T02:58:07.682+0000] {processor.py:208} INFO - Processing /home/airflow/.local/lib/python3.12/site-packages/airflow/example_dags/example_branch_datetime_operator.py took 0.268 seconds
[2025-05-20T02:58:38.517+0000] {processor.py:186} INFO - Started process (PID=660) to work on /home/airflow/.local/lib/python3.12/site-packages/airflow/example_dags/example_branch_datetime_operator.py
[2025-05-20T02:58:38.520+0000] {processor.py:914} INFO - Processing file /home/airflow/.local/lib/python3.12/site-packages/airflow/example_dags/example_branch_datetime_operator.py for tasks to queue
[2025-05-20T02:58:38.532+0000] {logging_mixin.py:190} INFO - [2025-05-20T02:58:38.532+0000] {dagbag.py:587} INFO - Filling up the DagBag from /home/airflow/.local/lib/python3.12/site-packages/airflow/example_dags/example_branch_datetime_operator.py
[2025-05-20T02:58:38.554+0000] {processor.py:925} INFO - DAG(s) 'example_branch_datetime_operator_2', 'example_branch_datetime_operator_3', 'example_branch_datetime_operator' retrieved from /home/airflow/.local/lib/python3.12/site-packages/airflow/example_dags/example_branch_datetime_operator.py
[2025-05-20T02:58:38.636+0000] {logging_mixin.py:190} INFO - [2025-05-20T02:58:38.635+0000] {dag.py:3229} INFO - Sync 3 DAGs
[2025-05-20T02:58:38.673+0000] {logging_mixin.py:190} INFO - [2025-05-20T02:58:38.672+0000] {dag.py:4156} INFO - Setting next_dagrun for example_branch_datetime_operator to 2025-05-19 00:00:00+00:00, run_after=2025-05-20 00:00:00+00:00
[2025-05-20T02:58:38.690+0000] {logging_mixin.py:190} INFO - [2025-05-20T02:58:38.690+0000] {dag.py:4156} INFO - Setting next_dagrun for example_branch_datetime_operator_2 to 2025-05-19 00:00:00+00:00, run_after=2025-05-20 00:00:00+00:00
[2025-05-20T02:58:38.699+0000] {logging_mixin.py:190} INFO - [2025-05-20T02:58:38.699+0000] {dag.py:4156} INFO - Setting next_dagrun for example_branch_datetime_operator_3 to 2025-05-19 00:00:00+00:00, run_after=2025-05-20 00:00:00+00:00
[2025-05-20T02:58:38.741+0000] {processor.py:208} INFO - Processing /home/airflow/.local/lib/python3.12/site-packages/airflow/example_dags/example_branch_datetime_operator.py took 0.228 seconds
[2025-05-20T02:59:09.178+0000] {processor.py:186} INFO - Started process (PID=723) to work on /home/airflow/.local/lib/python3.12/site-packages/airflow/example_dags/example_branch_datetime_operator.py
[2025-05-20T02:59:09.189+0000] {processor.py:914} INFO - Processing file /home/airflow/.local/lib/python3.12/site-packages/airflow/example_dags/example_branch_datetime_operator.py for tasks to queue
[2025-05-20T02:59:09.210+0000] {logging_mixin.py:190} INFO - [2025-05-20T02:59:09.210+0000] {dagbag.py:587} INFO - Filling up the DagBag from /home/airflow/.local/lib/python3.12/site-packages/airflow/example_dags/example_branch_datetime_operator.py
[2025-05-20T02:59:09.240+0000] {processor.py:925} INFO - DAG(s) 'example_branch_datetime_operator', 'example_branch_datetime_operator_3', 'example_branch_datetime_operator_2' retrieved from /home/airflow/.local/lib/python3.12/site-packages/airflow/example_dags/example_branch_datetime_operator.py
[2025-05-20T02:59:09.346+0000] {logging_mixin.py:190} INFO - [2025-05-20T02:59:09.345+0000] {dag.py:3229} INFO - Sync 3 DAGs
[2025-05-20T02:59:09.435+0000] {logging_mixin.py:190} INFO - [2025-05-20T02:59:09.435+0000] {dag.py:4156} INFO - Setting next_dagrun for example_branch_datetime_operator to 2025-05-19 00:00:00+00:00, run_after=2025-05-20 00:00:00+00:00
[2025-05-20T02:59:09.453+0000] {logging_mixin.py:190} INFO - [2025-05-20T02:59:09.451+0000] {dag.py:4156} INFO - Setting next_dagrun for example_branch_datetime_operator_2 to 2025-05-19 00:00:00+00:00, run_after=2025-05-20 00:00:00+00:00
[2025-05-20T02:59:09.468+0000] {logging_mixin.py:190} INFO - [2025-05-20T02:59:09.467+0000] {dag.py:4156} INFO - Setting next_dagrun for example_branch_datetime_operator_3 to 2025-05-19 00:00:00+00:00, run_after=2025-05-20 00:00:00+00:00
[2025-05-20T02:59:09.532+0000] {processor.py:208} INFO - Processing /home/airflow/.local/lib/python3.12/site-packages/airflow/example_dags/example_branch_datetime_operator.py took 0.358 seconds
[2025-05-20T02:59:39.667+0000] {processor.py:186} INFO - Started process (PID=786) to work on /home/airflow/.local/lib/python3.12/site-packages/airflow/example_dags/example_branch_datetime_operator.py
[2025-05-20T02:59:39.670+0000] {processor.py:914} INFO - Processing file /home/airflow/.local/lib/python3.12/site-packages/airflow/example_dags/example_branch_datetime_operator.py for tasks to queue
[2025-05-20T02:59:39.681+0000] {logging_mixin.py:190} INFO - [2025-05-20T02:59:39.681+0000] {dagbag.py:587} INFO - Filling up the DagBag from /home/airflow/.local/lib/python3.12/site-packages/airflow/example_dags/example_branch_datetime_operator.py
[2025-05-20T02:59:39.700+0000] {processor.py:925} INFO - DAG(s) 'example_branch_datetime_operator_3', 'example_branch_datetime_operator_2', 'example_branch_datetime_operator' retrieved from /home/airflow/.local/lib/python3.12/site-packages/airflow/example_dags/example_branch_datetime_operator.py
[2025-05-20T02:59:39.769+0000] {logging_mixin.py:190} INFO - [2025-05-20T02:59:39.768+0000] {dag.py:3229} INFO - Sync 3 DAGs
[2025-05-20T02:59:39.820+0000] {logging_mixin.py:190} INFO - [2025-05-20T02:59:39.820+0000] {dag.py:4156} INFO - Setting next_dagrun for example_branch_datetime_operator to 2025-05-19 00:00:00+00:00, run_after=2025-05-20 00:00:00+00:00
[2025-05-20T02:59:39.844+0000] {logging_mixin.py:190} INFO - [2025-05-20T02:59:39.844+0000] {dag.py:4156} INFO - Setting next_dagrun for example_branch_datetime_operator_2 to 2025-05-19 00:00:00+00:00, run_after=2025-05-20 00:00:00+00:00
[2025-05-20T02:59:39.851+0000] {logging_mixin.py:190} INFO - [2025-05-20T02:59:39.850+0000] {dag.py:4156} INFO - Setting next_dagrun for example_branch_datetime_operator_3 to 2025-05-19 00:00:00+00:00, run_after=2025-05-20 00:00:00+00:00
[2025-05-20T02:59:39.917+0000] {processor.py:208} INFO - Processing /home/airflow/.local/lib/python3.12/site-packages/airflow/example_dags/example_branch_datetime_operator.py took 0.254 seconds
[2025-05-20T03:00:10.537+0000] {processor.py:186} INFO - Started process (PID=849) to work on /home/airflow/.local/lib/python3.12/site-packages/airflow/example_dags/example_branch_datetime_operator.py
[2025-05-20T03:00:10.539+0000] {processor.py:914} INFO - Processing file /home/airflow/.local/lib/python3.12/site-packages/airflow/example_dags/example_branch_datetime_operator.py for tasks to queue
[2025-05-20T03:00:10.546+0000] {logging_mixin.py:190} INFO - [2025-05-20T03:00:10.546+0000] {dagbag.py:587} INFO - Filling up the DagBag from /home/airflow/.local/lib/python3.12/site-packages/airflow/example_dags/example_branch_datetime_operator.py
[2025-05-20T03:00:10.560+0000] {processor.py:925} INFO - DAG(s) 'example_branch_datetime_operator', 'example_branch_datetime_operator_2', 'example_branch_datetime_operator_3' retrieved from /home/airflow/.local/lib/python3.12/site-packages/airflow/example_dags/example_branch_datetime_operator.py
[2025-05-20T03:00:10.635+0000] {logging_mixin.py:190} INFO - [2025-05-20T03:00:10.635+0000] {dag.py:3229} INFO - Sync 3 DAGs
[2025-05-20T03:00:10.691+0000] {logging_mixin.py:190} INFO - [2025-05-20T03:00:10.690+0000] {dag.py:4156} INFO - Setting next_dagrun for example_branch_datetime_operator to 2025-05-19 00:00:00+00:00, run_after=2025-05-20 00:00:00+00:00
[2025-05-20T03:00:10.702+0000] {logging_mixin.py:190} INFO - [2025-05-20T03:00:10.702+0000] {dag.py:4156} INFO - Setting next_dagrun for example_branch_datetime_operator_2 to 2025-05-19 00:00:00+00:00, run_after=2025-05-20 00:00:00+00:00
[2025-05-20T03:00:10.705+0000] {logging_mixin.py:190} INFO - [2025-05-20T03:00:10.705+0000] {dag.py:4156} INFO - Setting next_dagrun for example_branch_datetime_operator_3 to 2025-05-19 00:00:00+00:00, run_after=2025-05-20 00:00:00+00:00
[2025-05-20T03:00:10.754+0000] {processor.py:208} INFO - Processing /home/airflow/.local/lib/python3.12/site-packages/airflow/example_dags/example_branch_datetime_operator.py took 0.220 seconds
[2025-05-20T03:00:41.383+0000] {processor.py:186} INFO - Started process (PID=912) to work on /home/airflow/.local/lib/python3.12/site-packages/airflow/example_dags/example_branch_datetime_operator.py
[2025-05-20T03:00:41.385+0000] {processor.py:914} INFO - Processing file /home/airflow/.local/lib/python3.12/site-packages/airflow/example_dags/example_branch_datetime_operator.py for tasks to queue
[2025-05-20T03:00:41.390+0000] {logging_mixin.py:190} INFO - [2025-05-20T03:00:41.390+0000] {dagbag.py:587} INFO - Filling up the DagBag from /home/airflow/.local/lib/python3.12/site-packages/airflow/example_dags/example_branch_datetime_operator.py
[2025-05-20T03:00:41.424+0000] {processor.py:925} INFO - DAG(s) 'example_branch_datetime_operator_3', 'example_branch_datetime_operator_2', 'example_branch_datetime_operator' retrieved from /home/airflow/.local/lib/python3.12/site-packages/airflow/example_dags/example_branch_datetime_operator.py
[2025-05-20T03:00:41.464+0000] {logging_mixin.py:190} INFO - [2025-05-20T03:00:41.464+0000] {dag.py:3229} INFO - Sync 3 DAGs
[2025-05-20T03:00:41.502+0000] {logging_mixin.py:190} INFO - [2025-05-20T03:00:41.502+0000] {dag.py:4156} INFO - Setting next_dagrun for example_branch_datetime_operator to 2025-05-19 00:00:00+00:00, run_after=2025-05-20 00:00:00+00:00
[2025-05-20T03:00:41.506+0000] {logging_mixin.py:190} INFO - [2025-05-20T03:00:41.506+0000] {dag.py:4156} INFO - Setting next_dagrun for example_branch_datetime_operator_2 to 2025-05-19 00:00:00+00:00, run_after=2025-05-20 00:00:00+00:00
[2025-05-20T03:00:41.509+0000] {logging_mixin.py:190} INFO - [2025-05-20T03:00:41.509+0000] {dag.py:4156} INFO - Setting next_dagrun for example_branch_datetime_operator_3 to 2025-05-19 00:00:00+00:00, run_after=2025-05-20 00:00:00+00:00
[2025-05-20T03:00:41.572+0000] {processor.py:208} INFO - Processing /home/airflow/.local/lib/python3.12/site-packages/airflow/example_dags/example_branch_datetime_operator.py took 0.195 seconds
[2025-05-20T03:01:11.969+0000] {processor.py:186} INFO - Started process (PID=974) to work on /home/airflow/.local/lib/python3.12/site-packages/airflow/example_dags/example_branch_datetime_operator.py
[2025-05-20T03:01:11.976+0000] {processor.py:914} INFO - Processing file /home/airflow/.local/lib/python3.12/site-packages/airflow/example_dags/example_branch_datetime_operator.py for tasks to queue
[2025-05-20T03:01:11.979+0000] {logging_mixin.py:190} INFO - [2025-05-20T03:01:11.979+0000] {dagbag.py:587} INFO - Filling up the DagBag from /home/airflow/.local/lib/python3.12/site-packages/airflow/example_dags/example_branch_datetime_operator.py
[2025-05-20T03:01:11.991+0000] {processor.py:925} INFO - DAG(s) 'example_branch_datetime_operator_2', 'example_branch_datetime_operator', 'example_branch_datetime_operator_3' retrieved from /home/airflow/.local/lib/python3.12/site-packages/airflow/example_dags/example_branch_datetime_operator.py
[2025-05-20T03:01:12.063+0000] {logging_mixin.py:190} INFO - [2025-05-20T03:01:12.063+0000] {dag.py:3229} INFO - Sync 3 DAGs
[2025-05-20T03:01:12.093+0000] {logging_mixin.py:190} INFO - [2025-05-20T03:01:12.093+0000] {dag.py:4156} INFO - Setting next_dagrun for example_branch_datetime_operator to 2025-05-19 00:00:00+00:00, run_after=2025-05-20 00:00:00+00:00
[2025-05-20T03:01:12.107+0000] {logging_mixin.py:190} INFO - [2025-05-20T03:01:12.107+0000] {dag.py:4156} INFO - Setting next_dagrun for example_branch_datetime_operator_2 to 2025-05-19 00:00:00+00:00, run_after=2025-05-20 00:00:00+00:00
[2025-05-20T03:01:12.125+0000] {logging_mixin.py:190} INFO - [2025-05-20T03:01:12.125+0000] {dag.py:4156} INFO - Setting next_dagrun for example_branch_datetime_operator_3 to 2025-05-19 00:00:00+00:00, run_after=2025-05-20 00:00:00+00:00
[2025-05-20T03:01:12.173+0000] {processor.py:208} INFO - Processing /home/airflow/.local/lib/python3.12/site-packages/airflow/example_dags/example_branch_datetime_operator.py took 0.208 seconds
[2025-05-20T03:01:42.763+0000] {processor.py:186} INFO - Started process (PID=1036) to work on /home/airflow/.local/lib/python3.12/site-packages/airflow/example_dags/example_branch_datetime_operator.py
[2025-05-20T03:01:42.772+0000] {processor.py:914} INFO - Processing file /home/airflow/.local/lib/python3.12/site-packages/airflow/example_dags/example_branch_datetime_operator.py for tasks to queue
[2025-05-20T03:01:42.783+0000] {logging_mixin.py:190} INFO - [2025-05-20T03:01:42.783+0000] {dagbag.py:587} INFO - Filling up the DagBag from /home/airflow/.local/lib/python3.12/site-packages/airflow/example_dags/example_branch_datetime_operator.py
[2025-05-20T03:01:42.794+0000] {processor.py:925} INFO - DAG(s) 'example_branch_datetime_operator_2', 'example_branch_datetime_operator_3', 'example_branch_datetime_operator' retrieved from /home/airflow/.local/lib/python3.12/site-packages/airflow/example_dags/example_branch_datetime_operator.py
[2025-05-20T03:01:42.882+0000] {logging_mixin.py:190} INFO - [2025-05-20T03:01:42.882+0000] {dag.py:3229} INFO - Sync 3 DAGs
[2025-05-20T03:01:42.948+0000] {logging_mixin.py:190} INFO - [2025-05-20T03:01:42.948+0000] {dag.py:4156} INFO - Setting next_dagrun for example_branch_datetime_operator to 2025-05-19 00:00:00+00:00, run_after=2025-05-20 00:00:00+00:00
[2025-05-20T03:01:42.973+0000] {logging_mixin.py:190} INFO - [2025-05-20T03:01:42.972+0000] {dag.py:4156} INFO - Setting next_dagrun for example_branch_datetime_operator_2 to 2025-05-19 00:00:00+00:00, run_after=2025-05-20 00:00:00+00:00
[2025-05-20T03:01:42.985+0000] {logging_mixin.py:190} INFO - [2025-05-20T03:01:42.985+0000] {dag.py:4156} INFO - Setting next_dagrun for example_branch_datetime_operator_3 to 2025-05-19 00:00:00+00:00, run_after=2025-05-20 00:00:00+00:00
[2025-05-20T03:01:43.086+0000] {processor.py:208} INFO - Processing /home/airflow/.local/lib/python3.12/site-packages/airflow/example_dags/example_branch_datetime_operator.py took 0.327 seconds
[2025-05-20T03:02:13.265+0000] {processor.py:186} INFO - Started process (PID=1099) to work on /home/airflow/.local/lib/python3.12/site-packages/airflow/example_dags/example_branch_datetime_operator.py
[2025-05-20T03:02:13.266+0000] {processor.py:914} INFO - Processing file /home/airflow/.local/lib/python3.12/site-packages/airflow/example_dags/example_branch_datetime_operator.py for tasks to queue
[2025-05-20T03:02:13.276+0000] {logging_mixin.py:190} INFO - [2025-05-20T03:02:13.276+0000] {dagbag.py:587} INFO - Filling up the DagBag from /home/airflow/.local/lib/python3.12/site-packages/airflow/example_dags/example_branch_datetime_operator.py
[2025-05-20T03:02:13.306+0000] {processor.py:925} INFO - DAG(s) 'example_branch_datetime_operator_3', 'example_branch_datetime_operator', 'example_branch_datetime_operator_2' retrieved from /home/airflow/.local/lib/python3.12/site-packages/airflow/example_dags/example_branch_datetime_operator.py
[2025-05-20T03:02:13.354+0000] {logging_mixin.py:190} INFO - [2025-05-20T03:02:13.353+0000] {dag.py:3229} INFO - Sync 3 DAGs
[2025-05-20T03:02:13.429+0000] {logging_mixin.py:190} INFO - [2025-05-20T03:02:13.429+0000] {dag.py:4156} INFO - Setting next_dagrun for example_branch_datetime_operator to 2025-05-19 00:00:00+00:00, run_after=2025-05-20 00:00:00+00:00
[2025-05-20T03:02:13.450+0000] {logging_mixin.py:190} INFO - [2025-05-20T03:02:13.450+0000] {dag.py:4156} INFO - Setting next_dagrun for example_branch_datetime_operator_2 to 2025-05-19 00:00:00+00:00, run_after=2025-05-20 00:00:00+00:00
[2025-05-20T03:02:13.456+0000] {logging_mixin.py:190} INFO - [2025-05-20T03:02:13.455+0000] {dag.py:4156} INFO - Setting next_dagrun for example_branch_datetime_operator_3 to 2025-05-19 00:00:00+00:00, run_after=2025-05-20 00:00:00+00:00
[2025-05-20T03:02:13.499+0000] {processor.py:208} INFO - Processing /home/airflow/.local/lib/python3.12/site-packages/airflow/example_dags/example_branch_datetime_operator.py took 0.240 seconds
[2025-05-20T03:02:44.117+0000] {processor.py:186} INFO - Started process (PID=1162) to work on /home/airflow/.local/lib/python3.12/site-packages/airflow/example_dags/example_branch_datetime_operator.py
[2025-05-20T03:02:44.124+0000] {processor.py:914} INFO - Processing file /home/airflow/.local/lib/python3.12/site-packages/airflow/example_dags/example_branch_datetime_operator.py for tasks to queue
[2025-05-20T03:02:44.132+0000] {logging_mixin.py:190} INFO - [2025-05-20T03:02:44.132+0000] {dagbag.py:587} INFO - Filling up the DagBag from /home/airflow/.local/lib/python3.12/site-packages/airflow/example_dags/example_branch_datetime_operator.py
[2025-05-20T03:02:44.153+0000] {processor.py:925} INFO - DAG(s) 'example_branch_datetime_operator', 'example_branch_datetime_operator_3', 'example_branch_datetime_operator_2' retrieved from /home/airflow/.local/lib/python3.12/site-packages/airflow/example_dags/example_branch_datetime_operator.py
[2025-05-20T03:02:44.209+0000] {logging_mixin.py:190} INFO - [2025-05-20T03:02:44.209+0000] {dag.py:3229} INFO - Sync 3 DAGs
[2025-05-20T03:02:44.282+0000] {logging_mixin.py:190} INFO - [2025-05-20T03:02:44.281+0000] {dag.py:4156} INFO - Setting next_dagrun for example_branch_datetime_operator to 2025-05-19 00:00:00+00:00, run_after=2025-05-20 00:00:00+00:00
[2025-05-20T03:02:44.303+0000] {logging_mixin.py:190} INFO - [2025-05-20T03:02:44.302+0000] {dag.py:4156} INFO - Setting next_dagrun for example_branch_datetime_operator_2 to 2025-05-19 00:00:00+00:00, run_after=2025-05-20 00:00:00+00:00
[2025-05-20T03:02:44.307+0000] {logging_mixin.py:190} INFO - [2025-05-20T03:02:44.307+0000] {dag.py:4156} INFO - Setting next_dagrun for example_branch_datetime_operator_3 to 2025-05-19 00:00:00+00:00, run_after=2025-05-20 00:00:00+00:00
[2025-05-20T03:02:44.393+0000] {processor.py:208} INFO - Processing /home/airflow/.local/lib/python3.12/site-packages/airflow/example_dags/example_branch_datetime_operator.py took 0.280 seconds
[2025-05-20T03:03:14.645+0000] {processor.py:186} INFO - Started process (PID=1224) to work on /home/airflow/.local/lib/python3.12/site-packages/airflow/example_dags/example_branch_datetime_operator.py
[2025-05-20T03:03:14.649+0000] {processor.py:914} INFO - Processing file /home/airflow/.local/lib/python3.12/site-packages/airflow/example_dags/example_branch_datetime_operator.py for tasks to queue
[2025-05-20T03:03:14.656+0000] {logging_mixin.py:190} INFO - [2025-05-20T03:03:14.656+0000] {dagbag.py:587} INFO - Filling up the DagBag from /home/airflow/.local/lib/python3.12/site-packages/airflow/example_dags/example_branch_datetime_operator.py
[2025-05-20T03:03:14.670+0000] {processor.py:925} INFO - DAG(s) 'example_branch_datetime_operator_3', 'example_branch_datetime_operator', 'example_branch_datetime_operator_2' retrieved from /home/airflow/.local/lib/python3.12/site-packages/airflow/example_dags/example_branch_datetime_operator.py
[2025-05-20T03:03:14.734+0000] {logging_mixin.py:190} INFO - [2025-05-20T03:03:14.733+0000] {dag.py:3229} INFO - Sync 3 DAGs
[2025-05-20T03:03:14.757+0000] {logging_mixin.py:190} INFO - [2025-05-20T03:03:14.756+0000] {dag.py:4156} INFO - Setting next_dagrun for example_branch_datetime_operator to 2025-05-19 00:00:00+00:00, run_after=2025-05-20 00:00:00+00:00
[2025-05-20T03:03:14.773+0000] {logging_mixin.py:190} INFO - [2025-05-20T03:03:14.772+0000] {dag.py:4156} INFO - Setting next_dagrun for example_branch_datetime_operator_2 to 2025-05-19 00:00:00+00:00, run_after=2025-05-20 00:00:00+00:00
[2025-05-20T03:03:14.778+0000] {logging_mixin.py:190} INFO - [2025-05-20T03:03:14.777+0000] {dag.py:4156} INFO - Setting next_dagrun for example_branch_datetime_operator_3 to 2025-05-19 00:00:00+00:00, run_after=2025-05-20 00:00:00+00:00
[2025-05-20T03:03:14.843+0000] {processor.py:208} INFO - Processing /home/airflow/.local/lib/python3.12/site-packages/airflow/example_dags/example_branch_datetime_operator.py took 0.202 seconds
[2025-05-20T03:03:45.675+0000] {processor.py:186} INFO - Started process (PID=1286) to work on /home/airflow/.local/lib/python3.12/site-packages/airflow/example_dags/example_branch_datetime_operator.py
[2025-05-20T03:03:45.678+0000] {processor.py:914} INFO - Processing file /home/airflow/.local/lib/python3.12/site-packages/airflow/example_dags/example_branch_datetime_operator.py for tasks to queue
[2025-05-20T03:03:45.682+0000] {logging_mixin.py:190} INFO - [2025-05-20T03:03:45.682+0000] {dagbag.py:587} INFO - Filling up the DagBag from /home/airflow/.local/lib/python3.12/site-packages/airflow/example_dags/example_branch_datetime_operator.py
[2025-05-20T03:03:45.706+0000] {processor.py:925} INFO - DAG(s) 'example_branch_datetime_operator_3', 'example_branch_datetime_operator', 'example_branch_datetime_operator_2' retrieved from /home/airflow/.local/lib/python3.12/site-packages/airflow/example_dags/example_branch_datetime_operator.py
[2025-05-20T03:03:45.806+0000] {logging_mixin.py:190} INFO - [2025-05-20T03:03:45.806+0000] {dag.py:3229} INFO - Sync 3 DAGs
[2025-05-20T03:03:45.884+0000] {logging_mixin.py:190} INFO - [2025-05-20T03:03:45.884+0000] {dag.py:4156} INFO - Setting next_dagrun for example_branch_datetime_operator to 2025-05-19 00:00:00+00:00, run_after=2025-05-20 00:00:00+00:00
[2025-05-20T03:03:45.898+0000] {logging_mixin.py:190} INFO - [2025-05-20T03:03:45.898+0000] {dag.py:4156} INFO - Setting next_dagrun for example_branch_datetime_operator_2 to 2025-05-19 00:00:00+00:00, run_after=2025-05-20 00:00:00+00:00
[2025-05-20T03:03:45.903+0000] {logging_mixin.py:190} INFO - [2025-05-20T03:03:45.903+0000] {dag.py:4156} INFO - Setting next_dagrun for example_branch_datetime_operator_3 to 2025-05-19 00:00:00+00:00, run_after=2025-05-20 00:00:00+00:00
[2025-05-20T03:03:45.974+0000] {processor.py:208} INFO - Processing /home/airflow/.local/lib/python3.12/site-packages/airflow/example_dags/example_branch_datetime_operator.py took 0.302 seconds
[2025-05-20T03:04:16.380+0000] {processor.py:186} INFO - Started process (PID=1349) to work on /home/airflow/.local/lib/python3.12/site-packages/airflow/example_dags/example_branch_datetime_operator.py
[2025-05-20T03:04:16.381+0000] {processor.py:914} INFO - Processing file /home/airflow/.local/lib/python3.12/site-packages/airflow/example_dags/example_branch_datetime_operator.py for tasks to queue
[2025-05-20T03:04:16.384+0000] {logging_mixin.py:190} INFO - [2025-05-20T03:04:16.383+0000] {dagbag.py:587} INFO - Filling up the DagBag from /home/airflow/.local/lib/python3.12/site-packages/airflow/example_dags/example_branch_datetime_operator.py
[2025-05-20T03:04:16.394+0000] {processor.py:925} INFO - DAG(s) 'example_branch_datetime_operator_3', 'example_branch_datetime_operator', 'example_branch_datetime_operator_2' retrieved from /home/airflow/.local/lib/python3.12/site-packages/airflow/example_dags/example_branch_datetime_operator.py
[2025-05-20T03:04:16.417+0000] {logging_mixin.py:190} INFO - [2025-05-20T03:04:16.416+0000] {dag.py:3229} INFO - Sync 3 DAGs
[2025-05-20T03:04:16.433+0000] {logging_mixin.py:190} INFO - [2025-05-20T03:04:16.433+0000] {dag.py:4156} INFO - Setting next_dagrun for example_branch_datetime_operator to 2025-05-19 00:00:00+00:00, run_after=2025-05-20 00:00:00+00:00
[2025-05-20T03:04:16.437+0000] {logging_mixin.py:190} INFO - [2025-05-20T03:04:16.437+0000] {dag.py:4156} INFO - Setting next_dagrun for example_branch_datetime_operator_2 to 2025-05-19 00:00:00+00:00, run_after=2025-05-20 00:00:00+00:00
[2025-05-20T03:04:16.441+0000] {logging_mixin.py:190} INFO - [2025-05-20T03:04:16.441+0000] {dag.py:4156} INFO - Setting next_dagrun for example_branch_datetime_operator_3 to 2025-05-19 00:00:00+00:00, run_after=2025-05-20 00:00:00+00:00
[2025-05-20T03:04:16.454+0000] {processor.py:208} INFO - Processing /home/airflow/.local/lib/python3.12/site-packages/airflow/example_dags/example_branch_datetime_operator.py took 0.078 seconds
[2025-05-20T03:04:47.072+0000] {processor.py:186} INFO - Started process (PID=1412) to work on /home/airflow/.local/lib/python3.12/site-packages/airflow/example_dags/example_branch_datetime_operator.py
[2025-05-20T03:04:47.073+0000] {processor.py:914} INFO - Processing file /home/airflow/.local/lib/python3.12/site-packages/airflow/example_dags/example_branch_datetime_operator.py for tasks to queue
[2025-05-20T03:04:47.077+0000] {logging_mixin.py:190} INFO - [2025-05-20T03:04:47.077+0000] {dagbag.py:587} INFO - Filling up the DagBag from /home/airflow/.local/lib/python3.12/site-packages/airflow/example_dags/example_branch_datetime_operator.py
[2025-05-20T03:04:47.100+0000] {processor.py:925} INFO - DAG(s) 'example_branch_datetime_operator_2', 'example_branch_datetime_operator', 'example_branch_datetime_operator_3' retrieved from /home/airflow/.local/lib/python3.12/site-packages/airflow/example_dags/example_branch_datetime_operator.py
[2025-05-20T03:04:47.171+0000] {logging_mixin.py:190} INFO - [2025-05-20T03:04:47.169+0000] {dag.py:3229} INFO - Sync 3 DAGs
[2025-05-20T03:04:47.206+0000] {logging_mixin.py:190} INFO - [2025-05-20T03:04:47.206+0000] {dag.py:4156} INFO - Setting next_dagrun for example_branch_datetime_operator to 2025-05-19 00:00:00+00:00, run_after=2025-05-20 00:00:00+00:00
[2025-05-20T03:04:47.223+0000] {logging_mixin.py:190} INFO - [2025-05-20T03:04:47.223+0000] {dag.py:4156} INFO - Setting next_dagrun for example_branch_datetime_operator_2 to 2025-05-19 00:00:00+00:00, run_after=2025-05-20 00:00:00+00:00
[2025-05-20T03:04:47.228+0000] {logging_mixin.py:190} INFO - [2025-05-20T03:04:47.228+0000] {dag.py:4156} INFO - Setting next_dagrun for example_branch_datetime_operator_3 to 2025-05-19 00:00:00+00:00, run_after=2025-05-20 00:00:00+00:00
[2025-05-20T03:04:47.292+0000] {processor.py:208} INFO - Processing /home/airflow/.local/lib/python3.12/site-packages/airflow/example_dags/example_branch_datetime_operator.py took 0.224 seconds
[2025-05-20T03:05:18.531+0000] {processor.py:186} INFO - Started process (PID=1475) to work on /home/airflow/.local/lib/python3.12/site-packages/airflow/example_dags/example_branch_datetime_operator.py
[2025-05-20T03:05:18.533+0000] {processor.py:914} INFO - Processing file /home/airflow/.local/lib/python3.12/site-packages/airflow/example_dags/example_branch_datetime_operator.py for tasks to queue
[2025-05-20T03:05:18.556+0000] {logging_mixin.py:190} INFO - [2025-05-20T03:05:18.555+0000] {dagbag.py:587} INFO - Filling up the DagBag from /home/airflow/.local/lib/python3.12/site-packages/airflow/example_dags/example_branch_datetime_operator.py
[2025-05-20T03:05:18.576+0000] {processor.py:925} INFO - DAG(s) 'example_branch_datetime_operator', 'example_branch_datetime_operator_3', 'example_branch_datetime_operator_2' retrieved from /home/airflow/.local/lib/python3.12/site-packages/airflow/example_dags/example_branch_datetime_operator.py
[2025-05-20T03:05:18.686+0000] {logging_mixin.py:190} INFO - [2025-05-20T03:05:18.685+0000] {dag.py:3229} INFO - Sync 3 DAGs
[2025-05-20T03:05:19.161+0000] {logging_mixin.py:190} INFO - [2025-05-20T03:05:19.160+0000] {dag.py:4156} INFO - Setting next_dagrun for example_branch_datetime_operator to 2025-05-19 00:00:00+00:00, run_after=2025-05-20 00:00:00+00:00
[2025-05-20T03:05:19.189+0000] {logging_mixin.py:190} INFO - [2025-05-20T03:05:19.189+0000] {dag.py:4156} INFO - Setting next_dagrun for example_branch_datetime_operator_2 to 2025-05-19 00:00:00+00:00, run_after=2025-05-20 00:00:00+00:00
[2025-05-20T03:05:19.205+0000] {logging_mixin.py:190} INFO - [2025-05-20T03:05:19.201+0000] {dag.py:4156} INFO - Setting next_dagrun for example_branch_datetime_operator_3 to 2025-05-19 00:00:00+00:00, run_after=2025-05-20 00:00:00+00:00
[2025-05-20T03:05:19.378+0000] {processor.py:208} INFO - Processing /home/airflow/.local/lib/python3.12/site-packages/airflow/example_dags/example_branch_datetime_operator.py took 0.850 seconds
[2025-05-20T03:05:49.771+0000] {processor.py:186} INFO - Started process (PID=1538) to work on /home/airflow/.local/lib/python3.12/site-packages/airflow/example_dags/example_branch_datetime_operator.py
[2025-05-20T03:05:49.777+0000] {processor.py:914} INFO - Processing file /home/airflow/.local/lib/python3.12/site-packages/airflow/example_dags/example_branch_datetime_operator.py for tasks to queue
[2025-05-20T03:05:49.787+0000] {logging_mixin.py:190} INFO - [2025-05-20T03:05:49.787+0000] {dagbag.py:587} INFO - Filling up the DagBag from /home/airflow/.local/lib/python3.12/site-packages/airflow/example_dags/example_branch_datetime_operator.py
[2025-05-20T03:05:49.804+0000] {processor.py:925} INFO - DAG(s) 'example_branch_datetime_operator', 'example_branch_datetime_operator_3', 'example_branch_datetime_operator_2' retrieved from /home/airflow/.local/lib/python3.12/site-packages/airflow/example_dags/example_branch_datetime_operator.py
[2025-05-20T03:05:49.967+0000] {logging_mixin.py:190} INFO - [2025-05-20T03:05:49.966+0000] {dag.py:3229} INFO - Sync 3 DAGs
[2025-05-20T03:05:50.013+0000] {logging_mixin.py:190} INFO - [2025-05-20T03:05:50.013+0000] {dag.py:4156} INFO - Setting next_dagrun for example_branch_datetime_operator to 2025-05-19 00:00:00+00:00, run_after=2025-05-20 00:00:00+00:00
[2025-05-20T03:05:50.029+0000] {logging_mixin.py:190} INFO - [2025-05-20T03:05:50.029+0000] {dag.py:4156} INFO - Setting next_dagrun for example_branch_datetime_operator_2 to 2025-05-19 00:00:00+00:00, run_after=2025-05-20 00:00:00+00:00
[2025-05-20T03:05:50.039+0000] {logging_mixin.py:190} INFO - [2025-05-20T03:05:50.039+0000] {dag.py:4156} INFO - Setting next_dagrun for example_branch_datetime_operator_3 to 2025-05-19 00:00:00+00:00, run_after=2025-05-20 00:00:00+00:00
[2025-05-20T03:05:50.678+0000] {processor.py:208} INFO - Processing /home/airflow/.local/lib/python3.12/site-packages/airflow/example_dags/example_branch_datetime_operator.py took 0.912 seconds
[2025-05-20T03:06:20.848+0000] {processor.py:186} INFO - Started process (PID=1600) to work on /home/airflow/.local/lib/python3.12/site-packages/airflow/example_dags/example_branch_datetime_operator.py
[2025-05-20T03:06:20.850+0000] {processor.py:914} INFO - Processing file /home/airflow/.local/lib/python3.12/site-packages/airflow/example_dags/example_branch_datetime_operator.py for tasks to queue
[2025-05-20T03:06:20.860+0000] {logging_mixin.py:190} INFO - [2025-05-20T03:06:20.859+0000] {dagbag.py:587} INFO - Filling up the DagBag from /home/airflow/.local/lib/python3.12/site-packages/airflow/example_dags/example_branch_datetime_operator.py
[2025-05-20T03:06:20.902+0000] {processor.py:925} INFO - DAG(s) 'example_branch_datetime_operator_3', 'example_branch_datetime_operator_2', 'example_branch_datetime_operator' retrieved from /home/airflow/.local/lib/python3.12/site-packages/airflow/example_dags/example_branch_datetime_operator.py
[2025-05-20T03:06:20.995+0000] {logging_mixin.py:190} INFO - [2025-05-20T03:06:20.995+0000] {dag.py:3229} INFO - Sync 3 DAGs
[2025-05-20T03:06:21.125+0000] {logging_mixin.py:190} INFO - [2025-05-20T03:06:21.124+0000] {dag.py:4156} INFO - Setting next_dagrun for example_branch_datetime_operator to 2025-05-19 00:00:00+00:00, run_after=2025-05-20 00:00:00+00:00
[2025-05-20T03:06:21.129+0000] {logging_mixin.py:190} INFO - [2025-05-20T03:06:21.128+0000] {dag.py:4156} INFO - Setting next_dagrun for example_branch_datetime_operator_2 to 2025-05-19 00:00:00+00:00, run_after=2025-05-20 00:00:00+00:00
[2025-05-20T03:06:21.131+0000] {logging_mixin.py:190} INFO - [2025-05-20T03:06:21.130+0000] {dag.py:4156} INFO - Setting next_dagrun for example_branch_datetime_operator_3 to 2025-05-19 00:00:00+00:00, run_after=2025-05-20 00:00:00+00:00
[2025-05-20T03:06:21.161+0000] {processor.py:208} INFO - Processing /home/airflow/.local/lib/python3.12/site-packages/airflow/example_dags/example_branch_datetime_operator.py took 0.330 seconds
[2025-05-20T03:06:51.599+0000] {processor.py:186} INFO - Started process (PID=1663) to work on /home/airflow/.local/lib/python3.12/site-packages/airflow/example_dags/example_branch_datetime_operator.py
[2025-05-20T03:06:51.601+0000] {processor.py:914} INFO - Processing file /home/airflow/.local/lib/python3.12/site-packages/airflow/example_dags/example_branch_datetime_operator.py for tasks to queue
[2025-05-20T03:06:51.606+0000] {logging_mixin.py:190} INFO - [2025-05-20T03:06:51.605+0000] {dagbag.py:587} INFO - Filling up the DagBag from /home/airflow/.local/lib/python3.12/site-packages/airflow/example_dags/example_branch_datetime_operator.py
[2025-05-20T03:06:51.633+0000] {processor.py:925} INFO - DAG(s) 'example_branch_datetime_operator', 'example_branch_datetime_operator_2', 'example_branch_datetime_operator_3' retrieved from /home/airflow/.local/lib/python3.12/site-packages/airflow/example_dags/example_branch_datetime_operator.py
[2025-05-20T03:06:51.694+0000] {logging_mixin.py:190} INFO - [2025-05-20T03:06:51.693+0000] {dag.py:3229} INFO - Sync 3 DAGs
[2025-05-20T03:06:51.748+0000] {logging_mixin.py:190} INFO - [2025-05-20T03:06:51.748+0000] {dag.py:4156} INFO - Setting next_dagrun for example_branch_datetime_operator to 2025-05-19 00:00:00+00:00, run_after=2025-05-20 00:00:00+00:00
[2025-05-20T03:06:51.757+0000] {logging_mixin.py:190} INFO - [2025-05-20T03:06:51.757+0000] {dag.py:4156} INFO - Setting next_dagrun for example_branch_datetime_operator_2 to 2025-05-19 00:00:00+00:00, run_after=2025-05-20 00:00:00+00:00
[2025-05-20T03:06:51.764+0000] {logging_mixin.py:190} INFO - [2025-05-20T03:06:51.764+0000] {dag.py:4156} INFO - Setting next_dagrun for example_branch_datetime_operator_3 to 2025-05-19 00:00:00+00:00, run_after=2025-05-20 00:00:00+00:00
[2025-05-20T03:06:51.800+0000] {processor.py:208} INFO - Processing /home/airflow/.local/lib/python3.12/site-packages/airflow/example_dags/example_branch_datetime_operator.py took 0.208 seconds
[2025-05-20T03:07:21.980+0000] {processor.py:186} INFO - Started process (PID=1726) to work on /home/airflow/.local/lib/python3.12/site-packages/airflow/example_dags/example_branch_datetime_operator.py
[2025-05-20T03:07:21.982+0000] {processor.py:914} INFO - Processing file /home/airflow/.local/lib/python3.12/site-packages/airflow/example_dags/example_branch_datetime_operator.py for tasks to queue
[2025-05-20T03:07:21.987+0000] {logging_mixin.py:190} INFO - [2025-05-20T03:07:21.984+0000] {dagbag.py:587} INFO - Filling up the DagBag from /home/airflow/.local/lib/python3.12/site-packages/airflow/example_dags/example_branch_datetime_operator.py
[2025-05-20T03:07:22.005+0000] {processor.py:925} INFO - DAG(s) 'example_branch_datetime_operator', 'example_branch_datetime_operator_3', 'example_branch_datetime_operator_2' retrieved from /home/airflow/.local/lib/python3.12/site-packages/airflow/example_dags/example_branch_datetime_operator.py
[2025-05-20T03:07:22.072+0000] {logging_mixin.py:190} INFO - [2025-05-20T03:07:22.071+0000] {dag.py:3229} INFO - Sync 3 DAGs
[2025-05-20T03:07:22.116+0000] {logging_mixin.py:190} INFO - [2025-05-20T03:07:22.115+0000] {dag.py:4156} INFO - Setting next_dagrun for example_branch_datetime_operator to 2025-05-19 00:00:00+00:00, run_after=2025-05-20 00:00:00+00:00
[2025-05-20T03:07:22.123+0000] {logging_mixin.py:190} INFO - [2025-05-20T03:07:22.122+0000] {dag.py:4156} INFO - Setting next_dagrun for example_branch_datetime_operator_2 to 2025-05-19 00:00:00+00:00, run_after=2025-05-20 00:00:00+00:00
[2025-05-20T03:07:22.131+0000] {logging_mixin.py:190} INFO - [2025-05-20T03:07:22.130+0000] {dag.py:4156} INFO - Setting next_dagrun for example_branch_datetime_operator_3 to 2025-05-19 00:00:00+00:00, run_after=2025-05-20 00:00:00+00:00
[2025-05-20T03:07:22.158+0000] {processor.py:208} INFO - Processing /home/airflow/.local/lib/python3.12/site-packages/airflow/example_dags/example_branch_datetime_operator.py took 0.181 seconds
[2025-05-20T03:07:53.600+0000] {processor.py:186} INFO - Started process (PID=1788) to work on /home/airflow/.local/lib/python3.12/site-packages/airflow/example_dags/example_branch_datetime_operator.py
[2025-05-20T03:07:53.601+0000] {processor.py:914} INFO - Processing file /home/airflow/.local/lib/python3.12/site-packages/airflow/example_dags/example_branch_datetime_operator.py for tasks to queue
[2025-05-20T03:07:53.607+0000] {logging_mixin.py:190} INFO - [2025-05-20T03:07:53.607+0000] {dagbag.py:587} INFO - Filling up the DagBag from /home/airflow/.local/lib/python3.12/site-packages/airflow/example_dags/example_branch_datetime_operator.py
[2025-05-20T03:07:53.625+0000] {processor.py:925} INFO - DAG(s) 'example_branch_datetime_operator_3', 'example_branch_datetime_operator', 'example_branch_datetime_operator_2' retrieved from /home/airflow/.local/lib/python3.12/site-packages/airflow/example_dags/example_branch_datetime_operator.py
[2025-05-20T03:07:53.688+0000] {logging_mixin.py:190} INFO - [2025-05-20T03:07:53.687+0000] {dag.py:3229} INFO - Sync 3 DAGs
[2025-05-20T03:07:53.732+0000] {logging_mixin.py:190} INFO - [2025-05-20T03:07:53.732+0000] {dag.py:4156} INFO - Setting next_dagrun for example_branch_datetime_operator to 2025-05-19 00:00:00+00:00, run_after=2025-05-20 00:00:00+00:00
[2025-05-20T03:07:53.747+0000] {logging_mixin.py:190} INFO - [2025-05-20T03:07:53.744+0000] {dag.py:4156} INFO - Setting next_dagrun for example_branch_datetime_operator_2 to 2025-05-19 00:00:00+00:00, run_after=2025-05-20 00:00:00+00:00
[2025-05-20T03:07:53.760+0000] {logging_mixin.py:190} INFO - [2025-05-20T03:07:53.759+0000] {dag.py:4156} INFO - Setting next_dagrun for example_branch_datetime_operator_3 to 2025-05-19 00:00:00+00:00, run_after=2025-05-20 00:00:00+00:00
[2025-05-20T03:07:53.833+0000] {processor.py:208} INFO - Processing /home/airflow/.local/lib/python3.12/site-packages/airflow/example_dags/example_branch_datetime_operator.py took 0.248 seconds
[2025-05-20T03:08:24.536+0000] {processor.py:186} INFO - Started process (PID=1849) to work on /home/airflow/.local/lib/python3.12/site-packages/airflow/example_dags/example_branch_datetime_operator.py
[2025-05-20T03:08:24.539+0000] {processor.py:914} INFO - Processing file /home/airflow/.local/lib/python3.12/site-packages/airflow/example_dags/example_branch_datetime_operator.py for tasks to queue
[2025-05-20T03:08:24.548+0000] {logging_mixin.py:190} INFO - [2025-05-20T03:08:24.548+0000] {dagbag.py:587} INFO - Filling up the DagBag from /home/airflow/.local/lib/python3.12/site-packages/airflow/example_dags/example_branch_datetime_operator.py
[2025-05-20T03:08:24.583+0000] {processor.py:925} INFO - DAG(s) 'example_branch_datetime_operator_2', 'example_branch_datetime_operator_3', 'example_branch_datetime_operator' retrieved from /home/airflow/.local/lib/python3.12/site-packages/airflow/example_dags/example_branch_datetime_operator.py
[2025-05-20T03:08:24.617+0000] {logging_mixin.py:190} INFO - [2025-05-20T03:08:24.617+0000] {dag.py:3229} INFO - Sync 3 DAGs
[2025-05-20T03:08:24.683+0000] {logging_mixin.py:190} INFO - [2025-05-20T03:08:24.682+0000] {dag.py:4156} INFO - Setting next_dagrun for example_branch_datetime_operator to 2025-05-19 00:00:00+00:00, run_after=2025-05-20 00:00:00+00:00
[2025-05-20T03:08:24.693+0000] {logging_mixin.py:190} INFO - [2025-05-20T03:08:24.693+0000] {dag.py:4156} INFO - Setting next_dagrun for example_branch_datetime_operator_2 to 2025-05-19 00:00:00+00:00, run_after=2025-05-20 00:00:00+00:00
[2025-05-20T03:08:24.697+0000] {logging_mixin.py:190} INFO - [2025-05-20T03:08:24.697+0000] {dag.py:4156} INFO - Setting next_dagrun for example_branch_datetime_operator_3 to 2025-05-19 00:00:00+00:00, run_after=2025-05-20 00:00:00+00:00
[2025-05-20T03:08:24.734+0000] {processor.py:208} INFO - Processing /home/airflow/.local/lib/python3.12/site-packages/airflow/example_dags/example_branch_datetime_operator.py took 0.201 seconds
[2025-05-20T03:08:55.883+0000] {processor.py:186} INFO - Started process (PID=1913) to work on /home/airflow/.local/lib/python3.12/site-packages/airflow/example_dags/example_branch_datetime_operator.py
[2025-05-20T03:08:55.884+0000] {processor.py:914} INFO - Processing file /home/airflow/.local/lib/python3.12/site-packages/airflow/example_dags/example_branch_datetime_operator.py for tasks to queue
[2025-05-20T03:08:55.887+0000] {logging_mixin.py:190} INFO - [2025-05-20T03:08:55.886+0000] {dagbag.py:587} INFO - Filling up the DagBag from /home/airflow/.local/lib/python3.12/site-packages/airflow/example_dags/example_branch_datetime_operator.py
[2025-05-20T03:08:55.904+0000] {processor.py:925} INFO - DAG(s) 'example_branch_datetime_operator', 'example_branch_datetime_operator_2', 'example_branch_datetime_operator_3' retrieved from /home/airflow/.local/lib/python3.12/site-packages/airflow/example_dags/example_branch_datetime_operator.py
[2025-05-20T03:08:55.964+0000] {logging_mixin.py:190} INFO - [2025-05-20T03:08:55.963+0000] {dag.py:3229} INFO - Sync 3 DAGs
[2025-05-20T03:08:56.014+0000] {logging_mixin.py:190} INFO - [2025-05-20T03:08:56.014+0000] {dag.py:4156} INFO - Setting next_dagrun for example_branch_datetime_operator to 2025-05-19 00:00:00+00:00, run_after=2025-05-20 00:00:00+00:00
[2025-05-20T03:08:56.027+0000] {logging_mixin.py:190} INFO - [2025-05-20T03:08:56.025+0000] {dag.py:4156} INFO - Setting next_dagrun for example_branch_datetime_operator_2 to 2025-05-19 00:00:00+00:00, run_after=2025-05-20 00:00:00+00:00
[2025-05-20T03:08:56.037+0000] {logging_mixin.py:190} INFO - [2025-05-20T03:08:56.036+0000] {dag.py:4156} INFO - Setting next_dagrun for example_branch_datetime_operator_3 to 2025-05-19 00:00:00+00:00, run_after=2025-05-20 00:00:00+00:00
[2025-05-20T03:08:56.087+0000] {processor.py:208} INFO - Processing /home/airflow/.local/lib/python3.12/site-packages/airflow/example_dags/example_branch_datetime_operator.py took 0.208 seconds
[2025-05-20T03:09:26.877+0000] {processor.py:186} INFO - Started process (PID=1984) to work on /home/airflow/.local/lib/python3.12/site-packages/airflow/example_dags/example_branch_datetime_operator.py
[2025-05-20T03:09:26.881+0000] {processor.py:914} INFO - Processing file /home/airflow/.local/lib/python3.12/site-packages/airflow/example_dags/example_branch_datetime_operator.py for tasks to queue
[2025-05-20T03:09:26.888+0000] {logging_mixin.py:190} INFO - [2025-05-20T03:09:26.886+0000] {dagbag.py:587} INFO - Filling up the DagBag from /home/airflow/.local/lib/python3.12/site-packages/airflow/example_dags/example_branch_datetime_operator.py
[2025-05-20T03:09:26.918+0000] {processor.py:925} INFO - DAG(s) 'example_branch_datetime_operator', 'example_branch_datetime_operator_2', 'example_branch_datetime_operator_3' retrieved from /home/airflow/.local/lib/python3.12/site-packages/airflow/example_dags/example_branch_datetime_operator.py
[2025-05-20T03:09:26.959+0000] {logging_mixin.py:190} INFO - [2025-05-20T03:09:26.959+0000] {dag.py:3229} INFO - Sync 3 DAGs
[2025-05-20T03:09:27.004+0000] {logging_mixin.py:190} INFO - [2025-05-20T03:09:27.003+0000] {dag.py:4156} INFO - Setting next_dagrun for example_branch_datetime_operator to 2025-05-19 00:00:00+00:00, run_after=2025-05-20 00:00:00+00:00
[2025-05-20T03:09:27.023+0000] {logging_mixin.py:190} INFO - [2025-05-20T03:09:27.021+0000] {dag.py:4156} INFO - Setting next_dagrun for example_branch_datetime_operator_2 to 2025-05-19 00:00:00+00:00, run_after=2025-05-20 00:00:00+00:00
[2025-05-20T03:09:27.030+0000] {logging_mixin.py:190} INFO - [2025-05-20T03:09:27.029+0000] {dag.py:4156} INFO - Setting next_dagrun for example_branch_datetime_operator_3 to 2025-05-19 00:00:00+00:00, run_after=2025-05-20 00:00:00+00:00
[2025-05-20T03:09:27.070+0000] {processor.py:208} INFO - Processing /home/airflow/.local/lib/python3.12/site-packages/airflow/example_dags/example_branch_datetime_operator.py took 0.196 seconds
[2025-05-20T03:09:58.354+0000] {processor.py:186} INFO - Started process (PID=2047) to work on /home/airflow/.local/lib/python3.12/site-packages/airflow/example_dags/example_branch_datetime_operator.py
[2025-05-20T03:09:58.357+0000] {processor.py:914} INFO - Processing file /home/airflow/.local/lib/python3.12/site-packages/airflow/example_dags/example_branch_datetime_operator.py for tasks to queue
[2025-05-20T03:09:58.363+0000] {logging_mixin.py:190} INFO - [2025-05-20T03:09:58.362+0000] {dagbag.py:587} INFO - Filling up the DagBag from /home/airflow/.local/lib/python3.12/site-packages/airflow/example_dags/example_branch_datetime_operator.py
[2025-05-20T03:09:58.408+0000] {processor.py:925} INFO - DAG(s) 'example_branch_datetime_operator_2', 'example_branch_datetime_operator_3', 'example_branch_datetime_operator' retrieved from /home/airflow/.local/lib/python3.12/site-packages/airflow/example_dags/example_branch_datetime_operator.py
[2025-05-20T03:09:58.485+0000] {logging_mixin.py:190} INFO - [2025-05-20T03:09:58.485+0000] {dag.py:3229} INFO - Sync 3 DAGs
[2025-05-20T03:09:58.534+0000] {logging_mixin.py:190} INFO - [2025-05-20T03:09:58.534+0000] {dag.py:4156} INFO - Setting next_dagrun for example_branch_datetime_operator to 2025-05-19 00:00:00+00:00, run_after=2025-05-20 00:00:00+00:00
[2025-05-20T03:09:58.545+0000] {logging_mixin.py:190} INFO - [2025-05-20T03:09:58.545+0000] {dag.py:4156} INFO - Setting next_dagrun for example_branch_datetime_operator_2 to 2025-05-19 00:00:00+00:00, run_after=2025-05-20 00:00:00+00:00
[2025-05-20T03:09:58.548+0000] {logging_mixin.py:190} INFO - [2025-05-20T03:09:58.548+0000] {dag.py:4156} INFO - Setting next_dagrun for example_branch_datetime_operator_3 to 2025-05-19 00:00:00+00:00, run_after=2025-05-20 00:00:00+00:00
[2025-05-20T03:09:58.595+0000] {processor.py:208} INFO - Processing /home/airflow/.local/lib/python3.12/site-packages/airflow/example_dags/example_branch_datetime_operator.py took 0.247 seconds
[2025-05-20T03:10:29.774+0000] {processor.py:186} INFO - Started process (PID=2110) to work on /home/airflow/.local/lib/python3.12/site-packages/airflow/example_dags/example_branch_datetime_operator.py
[2025-05-20T03:10:29.777+0000] {processor.py:914} INFO - Processing file /home/airflow/.local/lib/python3.12/site-packages/airflow/example_dags/example_branch_datetime_operator.py for tasks to queue
[2025-05-20T03:10:29.785+0000] {logging_mixin.py:190} INFO - [2025-05-20T03:10:29.784+0000] {dagbag.py:587} INFO - Filling up the DagBag from /home/airflow/.local/lib/python3.12/site-packages/airflow/example_dags/example_branch_datetime_operator.py
[2025-05-20T03:10:29.794+0000] {processor.py:925} INFO - DAG(s) 'example_branch_datetime_operator_2', 'example_branch_datetime_operator', 'example_branch_datetime_operator_3' retrieved from /home/airflow/.local/lib/python3.12/site-packages/airflow/example_dags/example_branch_datetime_operator.py
[2025-05-20T03:10:29.849+0000] {logging_mixin.py:190} INFO - [2025-05-20T03:10:29.848+0000] {dag.py:3229} INFO - Sync 3 DAGs
[2025-05-20T03:10:29.885+0000] {logging_mixin.py:190} INFO - [2025-05-20T03:10:29.884+0000] {dag.py:4156} INFO - Setting next_dagrun for example_branch_datetime_operator to 2025-05-19 00:00:00+00:00, run_after=2025-05-20 00:00:00+00:00
[2025-05-20T03:10:29.893+0000] {logging_mixin.py:190} INFO - [2025-05-20T03:10:29.893+0000] {dag.py:4156} INFO - Setting next_dagrun for example_branch_datetime_operator_2 to 2025-05-19 00:00:00+00:00, run_after=2025-05-20 00:00:00+00:00
[2025-05-20T03:10:29.899+0000] {logging_mixin.py:190} INFO - [2025-05-20T03:10:29.899+0000] {dag.py:4156} INFO - Setting next_dagrun for example_branch_datetime_operator_3 to 2025-05-19 00:00:00+00:00, run_after=2025-05-20 00:00:00+00:00
[2025-05-20T03:10:29.924+0000] {processor.py:208} INFO - Processing /home/airflow/.local/lib/python3.12/site-packages/airflow/example_dags/example_branch_datetime_operator.py took 0.157 seconds
[2025-05-20T03:11:01.194+0000] {processor.py:186} INFO - Started process (PID=2172) to work on /home/airflow/.local/lib/python3.12/site-packages/airflow/example_dags/example_branch_datetime_operator.py
[2025-05-20T03:11:01.197+0000] {processor.py:914} INFO - Processing file /home/airflow/.local/lib/python3.12/site-packages/airflow/example_dags/example_branch_datetime_operator.py for tasks to queue
[2025-05-20T03:11:01.206+0000] {logging_mixin.py:190} INFO - [2025-05-20T03:11:01.205+0000] {dagbag.py:587} INFO - Filling up the DagBag from /home/airflow/.local/lib/python3.12/site-packages/airflow/example_dags/example_branch_datetime_operator.py
[2025-05-20T03:11:01.222+0000] {processor.py:925} INFO - DAG(s) 'example_branch_datetime_operator_3', 'example_branch_datetime_operator', 'example_branch_datetime_operator_2' retrieved from /home/airflow/.local/lib/python3.12/site-packages/airflow/example_dags/example_branch_datetime_operator.py
[2025-05-20T03:11:01.280+0000] {logging_mixin.py:190} INFO - [2025-05-20T03:11:01.280+0000] {dag.py:3229} INFO - Sync 3 DAGs
[2025-05-20T03:11:01.321+0000] {logging_mixin.py:190} INFO - [2025-05-20T03:11:01.321+0000] {dag.py:4156} INFO - Setting next_dagrun for example_branch_datetime_operator to 2025-05-19 00:00:00+00:00, run_after=2025-05-20 00:00:00+00:00
[2025-05-20T03:11:01.324+0000] {logging_mixin.py:190} INFO - [2025-05-20T03:11:01.324+0000] {dag.py:4156} INFO - Setting next_dagrun for example_branch_datetime_operator_2 to 2025-05-19 00:00:00+00:00, run_after=2025-05-20 00:00:00+00:00
[2025-05-20T03:11:01.330+0000] {logging_mixin.py:190} INFO - [2025-05-20T03:11:01.329+0000] {dag.py:4156} INFO - Setting next_dagrun for example_branch_datetime_operator_3 to 2025-05-19 00:00:00+00:00, run_after=2025-05-20 00:00:00+00:00
[2025-05-20T03:11:01.360+0000] {processor.py:208} INFO - Processing /home/airflow/.local/lib/python3.12/site-packages/airflow/example_dags/example_branch_datetime_operator.py took 0.172 seconds
