[2025-05-20T02:50:47.611+0000] {processor.py:186} INFO - Started process (PID=68) to work on /home/airflow/.local/lib/python3.12/site-packages/airflow/example_dags/example_params_ui_tutorial.py
[2025-05-20T02:50:47.614+0000] {processor.py:914} INFO - Processing file /home/airflow/.local/lib/python3.12/site-packages/airflow/example_dags/example_params_ui_tutorial.py for tasks to queue
[2025-05-20T02:50:47.633+0000] {logging_mixin.py:190} INFO - [2025-05-20T02:50:47.632+0000] {dagbag.py:587} INFO - Filling up the DagBag from /home/airflow/.local/lib/python3.12/site-packages/airflow/example_dags/example_params_ui_tutorial.py
[2025-05-20T02:50:47.664+0000] {processor.py:925} INFO - DAG(s) 'example_params_ui_tutorial' retrieved from /home/airflow/.local/lib/python3.12/site-packages/airflow/example_dags/example_params_ui_tutorial.py
[2025-05-20T02:50:48.300+0000] {logging_mixin.py:190} INFO - [2025-05-20T02:50:48.298+0000] {override.py:1900} INFO - Created Permission View: can read on DAG:example_params_ui_tutorial
[2025-05-20T02:50:48.359+0000] {logging_mixin.py:190} INFO - [2025-05-20T02:50:48.359+0000] {override.py:1900} INFO - Created Permission View: can delete on DAG:example_params_ui_tutorial
[2025-05-20T02:50:48.411+0000] {logging_mixin.py:190} INFO - [2025-05-20T02:50:48.408+0000] {override.py:1900} INFO - Created Permission View: can edit on DAG:example_params_ui_tutorial
[2025-05-20T02:50:48.447+0000] {logging_mixin.py:190} INFO - [2025-05-20T02:50:48.447+0000] {override.py:1900} INFO - Created Permission View: can read on DAG Run:example_params_ui_tutorial
[2025-05-20T02:50:48.483+0000] {logging_mixin.py:190} INFO - [2025-05-20T02:50:48.481+0000] {override.py:1900} INFO - Created Permission View: can delete on DAG Run:example_params_ui_tutorial
[2025-05-20T02:50:48.502+0000] {logging_mixin.py:190} INFO - [2025-05-20T02:50:48.501+0000] {override.py:1900} INFO - Created Permission View: can create on DAG Run:example_params_ui_tutorial
[2025-05-20T02:50:48.524+0000] {logging_mixin.py:190} INFO - [2025-05-20T02:50:48.524+0000] {override.py:1900} INFO - Created Permission View: menu access on DAG Run:example_params_ui_tutorial
[2025-05-20T02:50:48.528+0000] {logging_mixin.py:190} INFO - [2025-05-20T02:50:48.527+0000] {dag.py:3229} INFO - Sync 1 DAGs
[2025-05-20T02:50:48.611+0000] {logging_mixin.py:190} INFO - [2025-05-20T02:50:48.610+0000] {dag.py:3252} INFO - Creating ORM DAG for example_params_ui_tutorial
[2025-05-20T02:50:48.614+0000] {logging_mixin.py:190} INFO - [2025-05-20T02:50:48.614+0000] {dag.py:4156} INFO - Setting next_dagrun for example_params_ui_tutorial to None, run_after=None
[2025-05-20T02:50:48.677+0000] {processor.py:208} INFO - Processing /home/airflow/.local/lib/python3.12/site-packages/airflow/example_dags/example_params_ui_tutorial.py took 1.078 seconds
[2025-05-20T02:51:19.343+0000] {processor.py:186} INFO - Started process (PID=130) to work on /home/airflow/.local/lib/python3.12/site-packages/airflow/example_dags/example_params_ui_tutorial.py
[2025-05-20T02:51:19.348+0000] {processor.py:914} INFO - Processing file /home/airflow/.local/lib/python3.12/site-packages/airflow/example_dags/example_params_ui_tutorial.py for tasks to queue
[2025-05-20T02:51:19.368+0000] {logging_mixin.py:190} INFO - [2025-05-20T02:51:19.365+0000] {dagbag.py:587} INFO - Filling up the DagBag from /home/airflow/.local/lib/python3.12/site-packages/airflow/example_dags/example_params_ui_tutorial.py
[2025-05-20T02:51:19.402+0000] {processor.py:925} INFO - DAG(s) 'example_params_ui_tutorial' retrieved from /home/airflow/.local/lib/python3.12/site-packages/airflow/example_dags/example_params_ui_tutorial.py
[2025-05-20T02:51:19.530+0000] {logging_mixin.py:190} INFO - [2025-05-20T02:51:19.530+0000] {dag.py:3229} INFO - Sync 1 DAGs
[2025-05-20T02:51:19.602+0000] {logging_mixin.py:190} INFO - [2025-05-20T02:51:19.602+0000] {dag.py:4156} INFO - Setting next_dagrun for example_params_ui_tutorial to None, run_after=None
[2025-05-20T02:51:19.671+0000] {processor.py:208} INFO - Processing /home/airflow/.local/lib/python3.12/site-packages/airflow/example_dags/example_params_ui_tutorial.py took 0.354 seconds
[2025-05-20T02:51:49.841+0000] {processor.py:186} INFO - Started process (PID=192) to work on /home/airflow/.local/lib/python3.12/site-packages/airflow/example_dags/example_params_ui_tutorial.py
[2025-05-20T02:51:49.842+0000] {processor.py:914} INFO - Processing file /home/airflow/.local/lib/python3.12/site-packages/airflow/example_dags/example_params_ui_tutorial.py for tasks to queue
[2025-05-20T02:51:49.847+0000] {logging_mixin.py:190} INFO - [2025-05-20T02:51:49.847+0000] {dagbag.py:587} INFO - Filling up the DagBag from /home/airflow/.local/lib/python3.12/site-packages/airflow/example_dags/example_params_ui_tutorial.py
[2025-05-20T02:51:49.877+0000] {processor.py:925} INFO - DAG(s) 'example_params_ui_tutorial' retrieved from /home/airflow/.local/lib/python3.12/site-packages/airflow/example_dags/example_params_ui_tutorial.py
[2025-05-20T02:51:49.984+0000] {logging_mixin.py:190} INFO - [2025-05-20T02:51:49.983+0000] {dag.py:3229} INFO - Sync 1 DAGs
[2025-05-20T02:51:50.042+0000] {logging_mixin.py:190} INFO - [2025-05-20T02:51:50.042+0000] {dag.py:4156} INFO - Setting next_dagrun for example_params_ui_tutorial to None, run_after=None
[2025-05-20T02:51:50.087+0000] {processor.py:208} INFO - Processing /home/airflow/.local/lib/python3.12/site-packages/airflow/example_dags/example_params_ui_tutorial.py took 0.251 seconds
[2025-05-20T02:53:54.534+0000] {processor.py:186} INFO - Started process (PID=69) to work on /home/airflow/.local/lib/python3.12/site-packages/airflow/example_dags/example_params_ui_tutorial.py
[2025-05-20T02:53:54.537+0000] {processor.py:914} INFO - Processing file /home/airflow/.local/lib/python3.12/site-packages/airflow/example_dags/example_params_ui_tutorial.py for tasks to queue
[2025-05-20T02:53:54.543+0000] {logging_mixin.py:190} INFO - [2025-05-20T02:53:54.542+0000] {dagbag.py:587} INFO - Filling up the DagBag from /home/airflow/.local/lib/python3.12/site-packages/airflow/example_dags/example_params_ui_tutorial.py
[2025-05-20T02:53:54.568+0000] {processor.py:925} INFO - DAG(s) 'example_params_ui_tutorial' retrieved from /home/airflow/.local/lib/python3.12/site-packages/airflow/example_dags/example_params_ui_tutorial.py
[2025-05-20T02:53:54.673+0000] {logging_mixin.py:190} INFO - [2025-05-20T02:53:54.673+0000] {dag.py:3229} INFO - Sync 1 DAGs
[2025-05-20T02:53:54.697+0000] {logging_mixin.py:190} INFO - [2025-05-20T02:53:54.696+0000] {dag.py:4156} INFO - Setting next_dagrun for example_params_ui_tutorial to None, run_after=None
[2025-05-20T02:53:54.739+0000] {processor.py:208} INFO - Processing /home/airflow/.local/lib/python3.12/site-packages/airflow/example_dags/example_params_ui_tutorial.py took 0.218 seconds
[2025-05-20T02:54:25.178+0000] {processor.py:186} INFO - Started process (PID=132) to work on /home/airflow/.local/lib/python3.12/site-packages/airflow/example_dags/example_params_ui_tutorial.py
[2025-05-20T02:54:25.182+0000] {processor.py:914} INFO - Processing file /home/airflow/.local/lib/python3.12/site-packages/airflow/example_dags/example_params_ui_tutorial.py for tasks to queue
[2025-05-20T02:54:25.185+0000] {logging_mixin.py:190} INFO - [2025-05-20T02:54:25.185+0000] {dagbag.py:587} INFO - Filling up the DagBag from /home/airflow/.local/lib/python3.12/site-packages/airflow/example_dags/example_params_ui_tutorial.py
[2025-05-20T02:54:25.196+0000] {processor.py:925} INFO - DAG(s) 'example_params_ui_tutorial' retrieved from /home/airflow/.local/lib/python3.12/site-packages/airflow/example_dags/example_params_ui_tutorial.py
[2025-05-20T02:54:25.299+0000] {logging_mixin.py:190} INFO - [2025-05-20T02:54:25.298+0000] {dag.py:3229} INFO - Sync 1 DAGs
[2025-05-20T02:54:25.328+0000] {logging_mixin.py:190} INFO - [2025-05-20T02:54:25.327+0000] {dag.py:4156} INFO - Setting next_dagrun for example_params_ui_tutorial to None, run_after=None
[2025-05-20T02:54:25.413+0000] {processor.py:208} INFO - Processing /home/airflow/.local/lib/python3.12/site-packages/airflow/example_dags/example_params_ui_tutorial.py took 0.240 seconds
[2025-05-20T02:54:55.991+0000] {processor.py:186} INFO - Started process (PID=195) to work on /home/airflow/.local/lib/python3.12/site-packages/airflow/example_dags/example_params_ui_tutorial.py
[2025-05-20T02:54:55.995+0000] {processor.py:914} INFO - Processing file /home/airflow/.local/lib/python3.12/site-packages/airflow/example_dags/example_params_ui_tutorial.py for tasks to queue
[2025-05-20T02:54:56.006+0000] {logging_mixin.py:190} INFO - [2025-05-20T02:54:56.004+0000] {dagbag.py:587} INFO - Filling up the DagBag from /home/airflow/.local/lib/python3.12/site-packages/airflow/example_dags/example_params_ui_tutorial.py
[2025-05-20T02:54:56.046+0000] {processor.py:925} INFO - DAG(s) 'example_params_ui_tutorial' retrieved from /home/airflow/.local/lib/python3.12/site-packages/airflow/example_dags/example_params_ui_tutorial.py
[2025-05-20T02:54:56.147+0000] {logging_mixin.py:190} INFO - [2025-05-20T02:54:56.147+0000] {dag.py:3229} INFO - Sync 1 DAGs
[2025-05-20T02:54:56.189+0000] {logging_mixin.py:190} INFO - [2025-05-20T02:54:56.189+0000] {dag.py:4156} INFO - Setting next_dagrun for example_params_ui_tutorial to None, run_after=None
[2025-05-20T02:54:56.294+0000] {processor.py:208} INFO - Processing /home/airflow/.local/lib/python3.12/site-packages/airflow/example_dags/example_params_ui_tutorial.py took 0.309 seconds
[2025-05-20T02:55:26.641+0000] {processor.py:186} INFO - Started process (PID=258) to work on /home/airflow/.local/lib/python3.12/site-packages/airflow/example_dags/example_params_ui_tutorial.py
[2025-05-20T02:55:26.644+0000] {processor.py:914} INFO - Processing file /home/airflow/.local/lib/python3.12/site-packages/airflow/example_dags/example_params_ui_tutorial.py for tasks to queue
[2025-05-20T02:55:26.656+0000] {logging_mixin.py:190} INFO - [2025-05-20T02:55:26.654+0000] {dagbag.py:587} INFO - Filling up the DagBag from /home/airflow/.local/lib/python3.12/site-packages/airflow/example_dags/example_params_ui_tutorial.py
[2025-05-20T02:55:26.679+0000] {processor.py:925} INFO - DAG(s) 'example_params_ui_tutorial' retrieved from /home/airflow/.local/lib/python3.12/site-packages/airflow/example_dags/example_params_ui_tutorial.py
[2025-05-20T02:55:26.776+0000] {logging_mixin.py:190} INFO - [2025-05-20T02:55:26.776+0000] {dag.py:3229} INFO - Sync 1 DAGs
[2025-05-20T02:55:26.814+0000] {logging_mixin.py:190} INFO - [2025-05-20T02:55:26.813+0000] {dag.py:4156} INFO - Setting next_dagrun for example_params_ui_tutorial to None, run_after=None
[2025-05-20T02:55:26.903+0000] {processor.py:208} INFO - Processing /home/airflow/.local/lib/python3.12/site-packages/airflow/example_dags/example_params_ui_tutorial.py took 0.269 seconds
[2025-05-20T02:55:57.996+0000] {processor.py:186} INFO - Started process (PID=321) to work on /home/airflow/.local/lib/python3.12/site-packages/airflow/example_dags/example_params_ui_tutorial.py
[2025-05-20T02:55:58.001+0000] {processor.py:914} INFO - Processing file /home/airflow/.local/lib/python3.12/site-packages/airflow/example_dags/example_params_ui_tutorial.py for tasks to queue
[2025-05-20T02:55:58.007+0000] {logging_mixin.py:190} INFO - [2025-05-20T02:55:58.007+0000] {dagbag.py:587} INFO - Filling up the DagBag from /home/airflow/.local/lib/python3.12/site-packages/airflow/example_dags/example_params_ui_tutorial.py
[2025-05-20T02:55:58.049+0000] {processor.py:925} INFO - DAG(s) 'example_params_ui_tutorial' retrieved from /home/airflow/.local/lib/python3.12/site-packages/airflow/example_dags/example_params_ui_tutorial.py
[2025-05-20T02:55:58.181+0000] {logging_mixin.py:190} INFO - [2025-05-20T02:55:58.178+0000] {dag.py:3229} INFO - Sync 1 DAGs
[2025-05-20T02:55:58.238+0000] {logging_mixin.py:190} INFO - [2025-05-20T02:55:58.238+0000] {dag.py:4156} INFO - Setting next_dagrun for example_params_ui_tutorial to None, run_after=None
[2025-05-20T02:55:58.306+0000] {processor.py:208} INFO - Processing /home/airflow/.local/lib/python3.12/site-packages/airflow/example_dags/example_params_ui_tutorial.py took 0.333 seconds
[2025-05-20T02:56:29.339+0000] {processor.py:186} INFO - Started process (PID=384) to work on /home/airflow/.local/lib/python3.12/site-packages/airflow/example_dags/example_params_ui_tutorial.py
[2025-05-20T02:56:29.342+0000] {processor.py:914} INFO - Processing file /home/airflow/.local/lib/python3.12/site-packages/airflow/example_dags/example_params_ui_tutorial.py for tasks to queue
[2025-05-20T02:56:29.367+0000] {logging_mixin.py:190} INFO - [2025-05-20T02:56:29.366+0000] {dagbag.py:587} INFO - Filling up the DagBag from /home/airflow/.local/lib/python3.12/site-packages/airflow/example_dags/example_params_ui_tutorial.py
[2025-05-20T02:56:29.394+0000] {processor.py:925} INFO - DAG(s) 'example_params_ui_tutorial' retrieved from /home/airflow/.local/lib/python3.12/site-packages/airflow/example_dags/example_params_ui_tutorial.py
[2025-05-20T02:56:29.519+0000] {logging_mixin.py:190} INFO - [2025-05-20T02:56:29.518+0000] {dag.py:3229} INFO - Sync 1 DAGs
[2025-05-20T02:56:29.538+0000] {logging_mixin.py:190} INFO - [2025-05-20T02:56:29.538+0000] {dag.py:4156} INFO - Setting next_dagrun for example_params_ui_tutorial to None, run_after=None
[2025-05-20T02:56:29.642+0000] {processor.py:208} INFO - Processing /home/airflow/.local/lib/python3.12/site-packages/airflow/example_dags/example_params_ui_tutorial.py took 0.312 seconds
[2025-05-20T02:57:00.236+0000] {processor.py:186} INFO - Started process (PID=447) to work on /home/airflow/.local/lib/python3.12/site-packages/airflow/example_dags/example_params_ui_tutorial.py
[2025-05-20T02:57:00.240+0000] {processor.py:914} INFO - Processing file /home/airflow/.local/lib/python3.12/site-packages/airflow/example_dags/example_params_ui_tutorial.py for tasks to queue
[2025-05-20T02:57:00.259+0000] {logging_mixin.py:190} INFO - [2025-05-20T02:57:00.245+0000] {dagbag.py:587} INFO - Filling up the DagBag from /home/airflow/.local/lib/python3.12/site-packages/airflow/example_dags/example_params_ui_tutorial.py
[2025-05-20T02:57:00.308+0000] {processor.py:925} INFO - DAG(s) 'example_params_ui_tutorial' retrieved from /home/airflow/.local/lib/python3.12/site-packages/airflow/example_dags/example_params_ui_tutorial.py
[2025-05-20T02:57:00.377+0000] {logging_mixin.py:190} INFO - [2025-05-20T02:57:00.377+0000] {dag.py:3229} INFO - Sync 1 DAGs
[2025-05-20T02:57:00.405+0000] {logging_mixin.py:190} INFO - [2025-05-20T02:57:00.404+0000] {dag.py:4156} INFO - Setting next_dagrun for example_params_ui_tutorial to None, run_after=None
[2025-05-20T02:57:00.483+0000] {processor.py:208} INFO - Processing /home/airflow/.local/lib/python3.12/site-packages/airflow/example_dags/example_params_ui_tutorial.py took 0.283 seconds
[2025-05-20T02:57:30.542+0000] {processor.py:186} INFO - Started process (PID=510) to work on /home/airflow/.local/lib/python3.12/site-packages/airflow/example_dags/example_params_ui_tutorial.py
[2025-05-20T02:57:30.546+0000] {processor.py:914} INFO - Processing file /home/airflow/.local/lib/python3.12/site-packages/airflow/example_dags/example_params_ui_tutorial.py for tasks to queue
[2025-05-20T02:57:30.555+0000] {logging_mixin.py:190} INFO - [2025-05-20T02:57:30.554+0000] {dagbag.py:587} INFO - Filling up the DagBag from /home/airflow/.local/lib/python3.12/site-packages/airflow/example_dags/example_params_ui_tutorial.py
[2025-05-20T02:57:30.584+0000] {processor.py:925} INFO - DAG(s) 'example_params_ui_tutorial' retrieved from /home/airflow/.local/lib/python3.12/site-packages/airflow/example_dags/example_params_ui_tutorial.py
[2025-05-20T02:57:30.671+0000] {logging_mixin.py:190} INFO - [2025-05-20T02:57:30.671+0000] {dag.py:3229} INFO - Sync 1 DAGs
[2025-05-20T02:57:30.708+0000] {logging_mixin.py:190} INFO - [2025-05-20T02:57:30.708+0000] {dag.py:4156} INFO - Setting next_dagrun for example_params_ui_tutorial to None, run_after=None
[2025-05-20T02:57:30.780+0000] {processor.py:208} INFO - Processing /home/airflow/.local/lib/python3.12/site-packages/airflow/example_dags/example_params_ui_tutorial.py took 0.248 seconds
[2025-05-20T02:58:01.243+0000] {processor.py:186} INFO - Started process (PID=573) to work on /home/airflow/.local/lib/python3.12/site-packages/airflow/example_dags/example_params_ui_tutorial.py
[2025-05-20T02:58:01.248+0000] {processor.py:914} INFO - Processing file /home/airflow/.local/lib/python3.12/site-packages/airflow/example_dags/example_params_ui_tutorial.py for tasks to queue
[2025-05-20T02:58:01.277+0000] {logging_mixin.py:190} INFO - [2025-05-20T02:58:01.275+0000] {dagbag.py:587} INFO - Filling up the DagBag from /home/airflow/.local/lib/python3.12/site-packages/airflow/example_dags/example_params_ui_tutorial.py
[2025-05-20T02:58:01.311+0000] {processor.py:925} INFO - DAG(s) 'example_params_ui_tutorial' retrieved from /home/airflow/.local/lib/python3.12/site-packages/airflow/example_dags/example_params_ui_tutorial.py
[2025-05-20T02:58:01.413+0000] {logging_mixin.py:190} INFO - [2025-05-20T02:58:01.412+0000] {dag.py:3229} INFO - Sync 1 DAGs
[2025-05-20T02:58:01.458+0000] {logging_mixin.py:190} INFO - [2025-05-20T02:58:01.458+0000] {dag.py:4156} INFO - Setting next_dagrun for example_params_ui_tutorial to None, run_after=None
[2025-05-20T02:58:01.538+0000] {processor.py:208} INFO - Processing /home/airflow/.local/lib/python3.12/site-packages/airflow/example_dags/example_params_ui_tutorial.py took 0.315 seconds
[2025-05-20T02:58:32.206+0000] {processor.py:186} INFO - Started process (PID=637) to work on /home/airflow/.local/lib/python3.12/site-packages/airflow/example_dags/example_params_ui_tutorial.py
[2025-05-20T02:58:32.216+0000] {processor.py:914} INFO - Processing file /home/airflow/.local/lib/python3.12/site-packages/airflow/example_dags/example_params_ui_tutorial.py for tasks to queue
[2025-05-20T02:58:32.233+0000] {logging_mixin.py:190} INFO - [2025-05-20T02:58:32.229+0000] {dagbag.py:587} INFO - Filling up the DagBag from /home/airflow/.local/lib/python3.12/site-packages/airflow/example_dags/example_params_ui_tutorial.py
[2025-05-20T02:58:32.261+0000] {processor.py:925} INFO - DAG(s) 'example_params_ui_tutorial' retrieved from /home/airflow/.local/lib/python3.12/site-packages/airflow/example_dags/example_params_ui_tutorial.py
[2025-05-20T02:58:32.354+0000] {logging_mixin.py:190} INFO - [2025-05-20T02:58:32.353+0000] {dag.py:3229} INFO - Sync 1 DAGs
[2025-05-20T02:58:32.394+0000] {logging_mixin.py:190} INFO - [2025-05-20T02:58:32.394+0000] {dag.py:4156} INFO - Setting next_dagrun for example_params_ui_tutorial to None, run_after=None
[2025-05-20T02:58:32.438+0000] {processor.py:208} INFO - Processing /home/airflow/.local/lib/python3.12/site-packages/airflow/example_dags/example_params_ui_tutorial.py took 0.239 seconds
[2025-05-20T02:59:02.952+0000] {processor.py:186} INFO - Started process (PID=700) to work on /home/airflow/.local/lib/python3.12/site-packages/airflow/example_dags/example_params_ui_tutorial.py
[2025-05-20T02:59:02.953+0000] {processor.py:914} INFO - Processing file /home/airflow/.local/lib/python3.12/site-packages/airflow/example_dags/example_params_ui_tutorial.py for tasks to queue
[2025-05-20T02:59:02.957+0000] {logging_mixin.py:190} INFO - [2025-05-20T02:59:02.957+0000] {dagbag.py:587} INFO - Filling up the DagBag from /home/airflow/.local/lib/python3.12/site-packages/airflow/example_dags/example_params_ui_tutorial.py
[2025-05-20T02:59:02.974+0000] {processor.py:925} INFO - DAG(s) 'example_params_ui_tutorial' retrieved from /home/airflow/.local/lib/python3.12/site-packages/airflow/example_dags/example_params_ui_tutorial.py
[2025-05-20T02:59:03.025+0000] {logging_mixin.py:190} INFO - [2025-05-20T02:59:03.025+0000] {dag.py:3229} INFO - Sync 1 DAGs
[2025-05-20T02:59:03.042+0000] {logging_mixin.py:190} INFO - [2025-05-20T02:59:03.042+0000] {dag.py:4156} INFO - Setting next_dagrun for example_params_ui_tutorial to None, run_after=None
[2025-05-20T02:59:03.062+0000] {processor.py:208} INFO - Processing /home/airflow/.local/lib/python3.12/site-packages/airflow/example_dags/example_params_ui_tutorial.py took 0.119 seconds
[2025-05-20T02:59:33.273+0000] {processor.py:186} INFO - Started process (PID=762) to work on /home/airflow/.local/lib/python3.12/site-packages/airflow/example_dags/example_params_ui_tutorial.py
[2025-05-20T02:59:33.280+0000] {processor.py:914} INFO - Processing file /home/airflow/.local/lib/python3.12/site-packages/airflow/example_dags/example_params_ui_tutorial.py for tasks to queue
[2025-05-20T02:59:33.302+0000] {logging_mixin.py:190} INFO - [2025-05-20T02:59:33.301+0000] {dagbag.py:587} INFO - Filling up the DagBag from /home/airflow/.local/lib/python3.12/site-packages/airflow/example_dags/example_params_ui_tutorial.py
[2025-05-20T02:59:33.321+0000] {processor.py:925} INFO - DAG(s) 'example_params_ui_tutorial' retrieved from /home/airflow/.local/lib/python3.12/site-packages/airflow/example_dags/example_params_ui_tutorial.py
[2025-05-20T02:59:33.396+0000] {logging_mixin.py:190} INFO - [2025-05-20T02:59:33.396+0000] {dag.py:3229} INFO - Sync 1 DAGs
[2025-05-20T02:59:33.417+0000] {logging_mixin.py:190} INFO - [2025-05-20T02:59:33.417+0000] {dag.py:4156} INFO - Setting next_dagrun for example_params_ui_tutorial to None, run_after=None
[2025-05-20T02:59:33.523+0000] {processor.py:208} INFO - Processing /home/airflow/.local/lib/python3.12/site-packages/airflow/example_dags/example_params_ui_tutorial.py took 0.259 seconds
[2025-05-20T03:00:03.633+0000] {processor.py:186} INFO - Started process (PID=825) to work on /home/airflow/.local/lib/python3.12/site-packages/airflow/example_dags/example_params_ui_tutorial.py
[2025-05-20T03:00:03.638+0000] {processor.py:914} INFO - Processing file /home/airflow/.local/lib/python3.12/site-packages/airflow/example_dags/example_params_ui_tutorial.py for tasks to queue
[2025-05-20T03:00:03.658+0000] {logging_mixin.py:190} INFO - [2025-05-20T03:00:03.655+0000] {dagbag.py:587} INFO - Filling up the DagBag from /home/airflow/.local/lib/python3.12/site-packages/airflow/example_dags/example_params_ui_tutorial.py
[2025-05-20T03:00:03.723+0000] {processor.py:925} INFO - DAG(s) 'example_params_ui_tutorial' retrieved from /home/airflow/.local/lib/python3.12/site-packages/airflow/example_dags/example_params_ui_tutorial.py
[2025-05-20T03:00:03.867+0000] {logging_mixin.py:190} INFO - [2025-05-20T03:00:03.867+0000] {dag.py:3229} INFO - Sync 1 DAGs
[2025-05-20T03:00:03.896+0000] {logging_mixin.py:190} INFO - [2025-05-20T03:00:03.896+0000] {dag.py:4156} INFO - Setting next_dagrun for example_params_ui_tutorial to None, run_after=None
[2025-05-20T03:00:03.974+0000] {processor.py:208} INFO - Processing /home/airflow/.local/lib/python3.12/site-packages/airflow/example_dags/example_params_ui_tutorial.py took 0.352 seconds
[2025-05-20T03:00:34.634+0000] {processor.py:186} INFO - Started process (PID=889) to work on /home/airflow/.local/lib/python3.12/site-packages/airflow/example_dags/example_params_ui_tutorial.py
[2025-05-20T03:00:34.636+0000] {processor.py:914} INFO - Processing file /home/airflow/.local/lib/python3.12/site-packages/airflow/example_dags/example_params_ui_tutorial.py for tasks to queue
[2025-05-20T03:00:34.657+0000] {logging_mixin.py:190} INFO - [2025-05-20T03:00:34.656+0000] {dagbag.py:587} INFO - Filling up the DagBag from /home/airflow/.local/lib/python3.12/site-packages/airflow/example_dags/example_params_ui_tutorial.py
[2025-05-20T03:00:34.675+0000] {processor.py:925} INFO - DAG(s) 'example_params_ui_tutorial' retrieved from /home/airflow/.local/lib/python3.12/site-packages/airflow/example_dags/example_params_ui_tutorial.py
[2025-05-20T03:00:34.756+0000] {logging_mixin.py:190} INFO - [2025-05-20T03:00:34.755+0000] {dag.py:3229} INFO - Sync 1 DAGs
[2025-05-20T03:00:34.782+0000] {logging_mixin.py:190} INFO - [2025-05-20T03:00:34.782+0000] {dag.py:4156} INFO - Setting next_dagrun for example_params_ui_tutorial to None, run_after=None
[2025-05-20T03:00:34.851+0000] {processor.py:208} INFO - Processing /home/airflow/.local/lib/python3.12/site-packages/airflow/example_dags/example_params_ui_tutorial.py took 0.226 seconds
[2025-05-20T03:01:05.372+0000] {processor.py:186} INFO - Started process (PID=951) to work on /home/airflow/.local/lib/python3.12/site-packages/airflow/example_dags/example_params_ui_tutorial.py
[2025-05-20T03:01:05.375+0000] {processor.py:914} INFO - Processing file /home/airflow/.local/lib/python3.12/site-packages/airflow/example_dags/example_params_ui_tutorial.py for tasks to queue
[2025-05-20T03:01:05.380+0000] {logging_mixin.py:190} INFO - [2025-05-20T03:01:05.380+0000] {dagbag.py:587} INFO - Filling up the DagBag from /home/airflow/.local/lib/python3.12/site-packages/airflow/example_dags/example_params_ui_tutorial.py
[2025-05-20T03:01:05.395+0000] {processor.py:925} INFO - DAG(s) 'example_params_ui_tutorial' retrieved from /home/airflow/.local/lib/python3.12/site-packages/airflow/example_dags/example_params_ui_tutorial.py
[2025-05-20T03:01:05.474+0000] {logging_mixin.py:190} INFO - [2025-05-20T03:01:05.474+0000] {dag.py:3229} INFO - Sync 1 DAGs
[2025-05-20T03:01:05.500+0000] {logging_mixin.py:190} INFO - [2025-05-20T03:01:05.500+0000] {dag.py:4156} INFO - Setting next_dagrun for example_params_ui_tutorial to None, run_after=None
[2025-05-20T03:01:05.572+0000] {processor.py:208} INFO - Processing /home/airflow/.local/lib/python3.12/site-packages/airflow/example_dags/example_params_ui_tutorial.py took 0.206 seconds
[2025-05-20T03:01:36.251+0000] {processor.py:186} INFO - Started process (PID=1013) to work on /home/airflow/.local/lib/python3.12/site-packages/airflow/example_dags/example_params_ui_tutorial.py
[2025-05-20T03:01:36.256+0000] {processor.py:914} INFO - Processing file /home/airflow/.local/lib/python3.12/site-packages/airflow/example_dags/example_params_ui_tutorial.py for tasks to queue
[2025-05-20T03:01:36.266+0000] {logging_mixin.py:190} INFO - [2025-05-20T03:01:36.266+0000] {dagbag.py:587} INFO - Filling up the DagBag from /home/airflow/.local/lib/python3.12/site-packages/airflow/example_dags/example_params_ui_tutorial.py
[2025-05-20T03:01:36.281+0000] {processor.py:925} INFO - DAG(s) 'example_params_ui_tutorial' retrieved from /home/airflow/.local/lib/python3.12/site-packages/airflow/example_dags/example_params_ui_tutorial.py
[2025-05-20T03:01:36.358+0000] {logging_mixin.py:190} INFO - [2025-05-20T03:01:36.358+0000] {dag.py:3229} INFO - Sync 1 DAGs
[2025-05-20T03:01:36.390+0000] {logging_mixin.py:190} INFO - [2025-05-20T03:01:36.390+0000] {dag.py:4156} INFO - Setting next_dagrun for example_params_ui_tutorial to None, run_after=None
[2025-05-20T03:01:36.471+0000] {processor.py:208} INFO - Processing /home/airflow/.local/lib/python3.12/site-packages/airflow/example_dags/example_params_ui_tutorial.py took 0.223 seconds
[2025-05-20T03:02:06.868+0000] {processor.py:186} INFO - Started process (PID=1076) to work on /home/airflow/.local/lib/python3.12/site-packages/airflow/example_dags/example_params_ui_tutorial.py
[2025-05-20T03:02:06.869+0000] {processor.py:914} INFO - Processing file /home/airflow/.local/lib/python3.12/site-packages/airflow/example_dags/example_params_ui_tutorial.py for tasks to queue
[2025-05-20T03:02:06.886+0000] {logging_mixin.py:190} INFO - [2025-05-20T03:02:06.885+0000] {dagbag.py:587} INFO - Filling up the DagBag from /home/airflow/.local/lib/python3.12/site-packages/airflow/example_dags/example_params_ui_tutorial.py
[2025-05-20T03:02:06.905+0000] {processor.py:925} INFO - DAG(s) 'example_params_ui_tutorial' retrieved from /home/airflow/.local/lib/python3.12/site-packages/airflow/example_dags/example_params_ui_tutorial.py
[2025-05-20T03:02:07.031+0000] {logging_mixin.py:190} INFO - [2025-05-20T03:02:07.031+0000] {dag.py:3229} INFO - Sync 1 DAGs
[2025-05-20T03:02:07.059+0000] {logging_mixin.py:190} INFO - [2025-05-20T03:02:07.059+0000] {dag.py:4156} INFO - Setting next_dagrun for example_params_ui_tutorial to None, run_after=None
[2025-05-20T03:02:07.105+0000] {processor.py:208} INFO - Processing /home/airflow/.local/lib/python3.12/site-packages/airflow/example_dags/example_params_ui_tutorial.py took 0.245 seconds
[2025-05-20T03:02:37.393+0000] {processor.py:186} INFO - Started process (PID=1139) to work on /home/airflow/.local/lib/python3.12/site-packages/airflow/example_dags/example_params_ui_tutorial.py
[2025-05-20T03:02:37.399+0000] {processor.py:914} INFO - Processing file /home/airflow/.local/lib/python3.12/site-packages/airflow/example_dags/example_params_ui_tutorial.py for tasks to queue
[2025-05-20T03:02:37.439+0000] {logging_mixin.py:190} INFO - [2025-05-20T03:02:37.438+0000] {dagbag.py:587} INFO - Filling up the DagBag from /home/airflow/.local/lib/python3.12/site-packages/airflow/example_dags/example_params_ui_tutorial.py
[2025-05-20T03:02:37.460+0000] {processor.py:925} INFO - DAG(s) 'example_params_ui_tutorial' retrieved from /home/airflow/.local/lib/python3.12/site-packages/airflow/example_dags/example_params_ui_tutorial.py
[2025-05-20T03:02:37.530+0000] {logging_mixin.py:190} INFO - [2025-05-20T03:02:37.529+0000] {dag.py:3229} INFO - Sync 1 DAGs
[2025-05-20T03:02:37.571+0000] {logging_mixin.py:190} INFO - [2025-05-20T03:02:37.570+0000] {dag.py:4156} INFO - Setting next_dagrun for example_params_ui_tutorial to None, run_after=None
[2025-05-20T03:02:37.661+0000] {processor.py:208} INFO - Processing /home/airflow/.local/lib/python3.12/site-packages/airflow/example_dags/example_params_ui_tutorial.py took 0.275 seconds
[2025-05-20T03:03:08.396+0000] {processor.py:186} INFO - Started process (PID=1201) to work on /home/airflow/.local/lib/python3.12/site-packages/airflow/example_dags/example_params_ui_tutorial.py
[2025-05-20T03:03:08.397+0000] {processor.py:914} INFO - Processing file /home/airflow/.local/lib/python3.12/site-packages/airflow/example_dags/example_params_ui_tutorial.py for tasks to queue
[2025-05-20T03:03:08.404+0000] {logging_mixin.py:190} INFO - [2025-05-20T03:03:08.404+0000] {dagbag.py:587} INFO - Filling up the DagBag from /home/airflow/.local/lib/python3.12/site-packages/airflow/example_dags/example_params_ui_tutorial.py
[2025-05-20T03:03:08.422+0000] {processor.py:925} INFO - DAG(s) 'example_params_ui_tutorial' retrieved from /home/airflow/.local/lib/python3.12/site-packages/airflow/example_dags/example_params_ui_tutorial.py
[2025-05-20T03:03:08.494+0000] {logging_mixin.py:190} INFO - [2025-05-20T03:03:08.490+0000] {dag.py:3229} INFO - Sync 1 DAGs
[2025-05-20T03:03:08.524+0000] {logging_mixin.py:190} INFO - [2025-05-20T03:03:08.524+0000] {dag.py:4156} INFO - Setting next_dagrun for example_params_ui_tutorial to None, run_after=None
[2025-05-20T03:03:08.583+0000] {processor.py:208} INFO - Processing /home/airflow/.local/lib/python3.12/site-packages/airflow/example_dags/example_params_ui_tutorial.py took 0.192 seconds
[2025-05-20T03:03:39.028+0000] {processor.py:186} INFO - Started process (PID=1263) to work on /home/airflow/.local/lib/python3.12/site-packages/airflow/example_dags/example_params_ui_tutorial.py
[2025-05-20T03:03:39.034+0000] {processor.py:914} INFO - Processing file /home/airflow/.local/lib/python3.12/site-packages/airflow/example_dags/example_params_ui_tutorial.py for tasks to queue
[2025-05-20T03:03:39.049+0000] {logging_mixin.py:190} INFO - [2025-05-20T03:03:39.048+0000] {dagbag.py:587} INFO - Filling up the DagBag from /home/airflow/.local/lib/python3.12/site-packages/airflow/example_dags/example_params_ui_tutorial.py
[2025-05-20T03:03:39.071+0000] {processor.py:925} INFO - DAG(s) 'example_params_ui_tutorial' retrieved from /home/airflow/.local/lib/python3.12/site-packages/airflow/example_dags/example_params_ui_tutorial.py
[2025-05-20T03:03:39.140+0000] {logging_mixin.py:190} INFO - [2025-05-20T03:03:39.137+0000] {dag.py:3229} INFO - Sync 1 DAGs
[2025-05-20T03:03:39.183+0000] {logging_mixin.py:190} INFO - [2025-05-20T03:03:39.180+0000] {dag.py:4156} INFO - Setting next_dagrun for example_params_ui_tutorial to None, run_after=None
[2025-05-20T03:03:39.249+0000] {processor.py:208} INFO - Processing /home/airflow/.local/lib/python3.12/site-packages/airflow/example_dags/example_params_ui_tutorial.py took 0.225 seconds
[2025-05-20T03:04:09.395+0000] {processor.py:186} INFO - Started process (PID=1326) to work on /home/airflow/.local/lib/python3.12/site-packages/airflow/example_dags/example_params_ui_tutorial.py
[2025-05-20T03:04:09.396+0000] {processor.py:914} INFO - Processing file /home/airflow/.local/lib/python3.12/site-packages/airflow/example_dags/example_params_ui_tutorial.py for tasks to queue
[2025-05-20T03:04:09.401+0000] {logging_mixin.py:190} INFO - [2025-05-20T03:04:09.400+0000] {dagbag.py:587} INFO - Filling up the DagBag from /home/airflow/.local/lib/python3.12/site-packages/airflow/example_dags/example_params_ui_tutorial.py
[2025-05-20T03:04:09.436+0000] {processor.py:925} INFO - DAG(s) 'example_params_ui_tutorial' retrieved from /home/airflow/.local/lib/python3.12/site-packages/airflow/example_dags/example_params_ui_tutorial.py
[2025-05-20T03:04:09.516+0000] {logging_mixin.py:190} INFO - [2025-05-20T03:04:09.516+0000] {dag.py:3229} INFO - Sync 1 DAGs
[2025-05-20T03:04:09.548+0000] {logging_mixin.py:190} INFO - [2025-05-20T03:04:09.547+0000] {dag.py:4156} INFO - Setting next_dagrun for example_params_ui_tutorial to None, run_after=None
[2025-05-20T03:04:09.595+0000] {processor.py:208} INFO - Processing /home/airflow/.local/lib/python3.12/site-packages/airflow/example_dags/example_params_ui_tutorial.py took 0.207 seconds
[2025-05-20T03:04:40.697+0000] {processor.py:186} INFO - Started process (PID=1389) to work on /home/airflow/.local/lib/python3.12/site-packages/airflow/example_dags/example_params_ui_tutorial.py
[2025-05-20T03:04:40.700+0000] {processor.py:914} INFO - Processing file /home/airflow/.local/lib/python3.12/site-packages/airflow/example_dags/example_params_ui_tutorial.py for tasks to queue
[2025-05-20T03:04:40.711+0000] {logging_mixin.py:190} INFO - [2025-05-20T03:04:40.711+0000] {dagbag.py:587} INFO - Filling up the DagBag from /home/airflow/.local/lib/python3.12/site-packages/airflow/example_dags/example_params_ui_tutorial.py
[2025-05-20T03:04:40.749+0000] {processor.py:925} INFO - DAG(s) 'example_params_ui_tutorial' retrieved from /home/airflow/.local/lib/python3.12/site-packages/airflow/example_dags/example_params_ui_tutorial.py
[2025-05-20T03:04:40.828+0000] {logging_mixin.py:190} INFO - [2025-05-20T03:04:40.825+0000] {dag.py:3229} INFO - Sync 1 DAGs
[2025-05-20T03:04:40.878+0000] {logging_mixin.py:190} INFO - [2025-05-20T03:04:40.877+0000] {dag.py:4156} INFO - Setting next_dagrun for example_params_ui_tutorial to None, run_after=None
[2025-05-20T03:04:40.933+0000] {processor.py:208} INFO - Processing /home/airflow/.local/lib/python3.12/site-packages/airflow/example_dags/example_params_ui_tutorial.py took 0.243 seconds
[2025-05-20T03:05:11.116+0000] {processor.py:186} INFO - Started process (PID=1452) to work on /home/airflow/.local/lib/python3.12/site-packages/airflow/example_dags/example_params_ui_tutorial.py
[2025-05-20T03:05:11.120+0000] {processor.py:914} INFO - Processing file /home/airflow/.local/lib/python3.12/site-packages/airflow/example_dags/example_params_ui_tutorial.py for tasks to queue
[2025-05-20T03:05:11.139+0000] {logging_mixin.py:190} INFO - [2025-05-20T03:05:11.134+0000] {dagbag.py:587} INFO - Filling up the DagBag from /home/airflow/.local/lib/python3.12/site-packages/airflow/example_dags/example_params_ui_tutorial.py
[2025-05-20T03:05:11.156+0000] {processor.py:925} INFO - DAG(s) 'example_params_ui_tutorial' retrieved from /home/airflow/.local/lib/python3.12/site-packages/airflow/example_dags/example_params_ui_tutorial.py
[2025-05-20T03:05:11.253+0000] {logging_mixin.py:190} INFO - [2025-05-20T03:05:11.248+0000] {dag.py:3229} INFO - Sync 1 DAGs
[2025-05-20T03:05:11.279+0000] {logging_mixin.py:190} INFO - [2025-05-20T03:05:11.279+0000] {dag.py:4156} INFO - Setting next_dagrun for example_params_ui_tutorial to None, run_after=None
[2025-05-20T03:05:11.359+0000] {processor.py:208} INFO - Processing /home/airflow/.local/lib/python3.12/site-packages/airflow/example_dags/example_params_ui_tutorial.py took 0.252 seconds
[2025-05-20T03:05:42.371+0000] {processor.py:186} INFO - Started process (PID=1515) to work on /home/airflow/.local/lib/python3.12/site-packages/airflow/example_dags/example_params_ui_tutorial.py
[2025-05-20T03:05:42.374+0000] {processor.py:914} INFO - Processing file /home/airflow/.local/lib/python3.12/site-packages/airflow/example_dags/example_params_ui_tutorial.py for tasks to queue
[2025-05-20T03:05:42.397+0000] {logging_mixin.py:190} INFO - [2025-05-20T03:05:42.396+0000] {dagbag.py:587} INFO - Filling up the DagBag from /home/airflow/.local/lib/python3.12/site-packages/airflow/example_dags/example_params_ui_tutorial.py
[2025-05-20T03:05:42.454+0000] {processor.py:925} INFO - DAG(s) 'example_params_ui_tutorial' retrieved from /home/airflow/.local/lib/python3.12/site-packages/airflow/example_dags/example_params_ui_tutorial.py
[2025-05-20T03:05:42.584+0000] {logging_mixin.py:190} INFO - [2025-05-20T03:05:42.584+0000] {dag.py:3229} INFO - Sync 1 DAGs
[2025-05-20T03:05:42.616+0000] {logging_mixin.py:190} INFO - [2025-05-20T03:05:42.616+0000] {dag.py:4156} INFO - Setting next_dagrun for example_params_ui_tutorial to None, run_after=None
[2025-05-20T03:05:42.724+0000] {processor.py:208} INFO - Processing /home/airflow/.local/lib/python3.12/site-packages/airflow/example_dags/example_params_ui_tutorial.py took 0.361 seconds
[2025-05-20T03:06:13.696+0000] {processor.py:186} INFO - Started process (PID=1578) to work on /home/airflow/.local/lib/python3.12/site-packages/airflow/example_dags/example_params_ui_tutorial.py
[2025-05-20T03:06:13.700+0000] {processor.py:914} INFO - Processing file /home/airflow/.local/lib/python3.12/site-packages/airflow/example_dags/example_params_ui_tutorial.py for tasks to queue
[2025-05-20T03:06:13.720+0000] {logging_mixin.py:190} INFO - [2025-05-20T03:06:13.718+0000] {dagbag.py:587} INFO - Filling up the DagBag from /home/airflow/.local/lib/python3.12/site-packages/airflow/example_dags/example_params_ui_tutorial.py
[2025-05-20T03:06:13.751+0000] {processor.py:925} INFO - DAG(s) 'example_params_ui_tutorial' retrieved from /home/airflow/.local/lib/python3.12/site-packages/airflow/example_dags/example_params_ui_tutorial.py
[2025-05-20T03:06:13.868+0000] {logging_mixin.py:190} INFO - [2025-05-20T03:06:13.868+0000] {dag.py:3229} INFO - Sync 1 DAGs
[2025-05-20T03:06:13.915+0000] {logging_mixin.py:190} INFO - [2025-05-20T03:06:13.915+0000] {dag.py:4156} INFO - Setting next_dagrun for example_params_ui_tutorial to None, run_after=None
[2025-05-20T03:06:13.989+0000] {processor.py:208} INFO - Processing /home/airflow/.local/lib/python3.12/site-packages/airflow/example_dags/example_params_ui_tutorial.py took 0.299 seconds
[2025-05-20T03:06:44.601+0000] {processor.py:186} INFO - Started process (PID=1641) to work on /home/airflow/.local/lib/python3.12/site-packages/airflow/example_dags/example_params_ui_tutorial.py
[2025-05-20T03:06:44.605+0000] {processor.py:914} INFO - Processing file /home/airflow/.local/lib/python3.12/site-packages/airflow/example_dags/example_params_ui_tutorial.py for tasks to queue
[2025-05-20T03:06:44.616+0000] {logging_mixin.py:190} INFO - [2025-05-20T03:06:44.613+0000] {dagbag.py:587} INFO - Filling up the DagBag from /home/airflow/.local/lib/python3.12/site-packages/airflow/example_dags/example_params_ui_tutorial.py
[2025-05-20T03:06:44.657+0000] {processor.py:925} INFO - DAG(s) 'example_params_ui_tutorial' retrieved from /home/airflow/.local/lib/python3.12/site-packages/airflow/example_dags/example_params_ui_tutorial.py
[2025-05-20T03:06:44.807+0000] {logging_mixin.py:190} INFO - [2025-05-20T03:06:44.806+0000] {dag.py:3229} INFO - Sync 1 DAGs
[2025-05-20T03:06:44.847+0000] {logging_mixin.py:190} INFO - [2025-05-20T03:06:44.847+0000] {dag.py:4156} INFO - Setting next_dagrun for example_params_ui_tutorial to None, run_after=None
[2025-05-20T03:06:44.890+0000] {processor.py:208} INFO - Processing /home/airflow/.local/lib/python3.12/site-packages/airflow/example_dags/example_params_ui_tutorial.py took 0.299 seconds
[2025-05-20T03:07:15.306+0000] {processor.py:186} INFO - Started process (PID=1704) to work on /home/airflow/.local/lib/python3.12/site-packages/airflow/example_dags/example_params_ui_tutorial.py
[2025-05-20T03:07:15.317+0000] {processor.py:914} INFO - Processing file /home/airflow/.local/lib/python3.12/site-packages/airflow/example_dags/example_params_ui_tutorial.py for tasks to queue
[2025-05-20T03:07:15.327+0000] {logging_mixin.py:190} INFO - [2025-05-20T03:07:15.326+0000] {dagbag.py:587} INFO - Filling up the DagBag from /home/airflow/.local/lib/python3.12/site-packages/airflow/example_dags/example_params_ui_tutorial.py
[2025-05-20T03:07:15.352+0000] {processor.py:925} INFO - DAG(s) 'example_params_ui_tutorial' retrieved from /home/airflow/.local/lib/python3.12/site-packages/airflow/example_dags/example_params_ui_tutorial.py
[2025-05-20T03:07:15.439+0000] {logging_mixin.py:190} INFO - [2025-05-20T03:07:15.438+0000] {dag.py:3229} INFO - Sync 1 DAGs
[2025-05-20T03:07:15.475+0000] {logging_mixin.py:190} INFO - [2025-05-20T03:07:15.475+0000] {dag.py:4156} INFO - Setting next_dagrun for example_params_ui_tutorial to None, run_after=None
[2025-05-20T03:07:15.534+0000] {processor.py:208} INFO - Processing /home/airflow/.local/lib/python3.12/site-packages/airflow/example_dags/example_params_ui_tutorial.py took 0.241 seconds
[2025-05-20T03:07:46.546+0000] {processor.py:186} INFO - Started process (PID=1766) to work on /home/airflow/.local/lib/python3.12/site-packages/airflow/example_dags/example_params_ui_tutorial.py
[2025-05-20T03:07:46.557+0000] {processor.py:914} INFO - Processing file /home/airflow/.local/lib/python3.12/site-packages/airflow/example_dags/example_params_ui_tutorial.py for tasks to queue
[2025-05-20T03:07:46.565+0000] {logging_mixin.py:190} INFO - [2025-05-20T03:07:46.563+0000] {dagbag.py:587} INFO - Filling up the DagBag from /home/airflow/.local/lib/python3.12/site-packages/airflow/example_dags/example_params_ui_tutorial.py
[2025-05-20T03:07:46.591+0000] {processor.py:925} INFO - DAG(s) 'example_params_ui_tutorial' retrieved from /home/airflow/.local/lib/python3.12/site-packages/airflow/example_dags/example_params_ui_tutorial.py
[2025-05-20T03:07:46.701+0000] {logging_mixin.py:190} INFO - [2025-05-20T03:07:46.700+0000] {dag.py:3229} INFO - Sync 1 DAGs
[2025-05-20T03:07:46.795+0000] {logging_mixin.py:190} INFO - [2025-05-20T03:07:46.793+0000] {dag.py:4156} INFO - Setting next_dagrun for example_params_ui_tutorial to None, run_after=None
[2025-05-20T03:07:46.863+0000] {processor.py:208} INFO - Processing /home/airflow/.local/lib/python3.12/site-packages/airflow/example_dags/example_params_ui_tutorial.py took 0.337 seconds
[2025-05-20T03:08:17.734+0000] {processor.py:186} INFO - Started process (PID=1828) to work on /home/airflow/.local/lib/python3.12/site-packages/airflow/example_dags/example_params_ui_tutorial.py
[2025-05-20T03:08:17.737+0000] {processor.py:914} INFO - Processing file /home/airflow/.local/lib/python3.12/site-packages/airflow/example_dags/example_params_ui_tutorial.py for tasks to queue
[2025-05-20T03:08:17.745+0000] {logging_mixin.py:190} INFO - [2025-05-20T03:08:17.743+0000] {dagbag.py:587} INFO - Filling up the DagBag from /home/airflow/.local/lib/python3.12/site-packages/airflow/example_dags/example_params_ui_tutorial.py
[2025-05-20T03:08:17.767+0000] {processor.py:925} INFO - DAG(s) 'example_params_ui_tutorial' retrieved from /home/airflow/.local/lib/python3.12/site-packages/airflow/example_dags/example_params_ui_tutorial.py
[2025-05-20T03:08:17.897+0000] {logging_mixin.py:190} INFO - [2025-05-20T03:08:17.896+0000] {dag.py:3229} INFO - Sync 1 DAGs
[2025-05-20T03:08:17.959+0000] {logging_mixin.py:190} INFO - [2025-05-20T03:08:17.958+0000] {dag.py:4156} INFO - Setting next_dagrun for example_params_ui_tutorial to None, run_after=None
[2025-05-20T03:08:18.029+0000] {processor.py:208} INFO - Processing /home/airflow/.local/lib/python3.12/site-packages/airflow/example_dags/example_params_ui_tutorial.py took 0.306 seconds
[2025-05-20T03:08:48.828+0000] {processor.py:186} INFO - Started process (PID=1891) to work on /home/airflow/.local/lib/python3.12/site-packages/airflow/example_dags/example_params_ui_tutorial.py
[2025-05-20T03:08:48.830+0000] {processor.py:914} INFO - Processing file /home/airflow/.local/lib/python3.12/site-packages/airflow/example_dags/example_params_ui_tutorial.py for tasks to queue
[2025-05-20T03:08:48.835+0000] {logging_mixin.py:190} INFO - [2025-05-20T03:08:48.834+0000] {dagbag.py:587} INFO - Filling up the DagBag from /home/airflow/.local/lib/python3.12/site-packages/airflow/example_dags/example_params_ui_tutorial.py
[2025-05-20T03:08:48.863+0000] {processor.py:925} INFO - DAG(s) 'example_params_ui_tutorial' retrieved from /home/airflow/.local/lib/python3.12/site-packages/airflow/example_dags/example_params_ui_tutorial.py
[2025-05-20T03:08:48.966+0000] {logging_mixin.py:190} INFO - [2025-05-20T03:08:48.964+0000] {dag.py:3229} INFO - Sync 1 DAGs
[2025-05-20T03:08:49.017+0000] {logging_mixin.py:190} INFO - [2025-05-20T03:08:49.017+0000] {dag.py:4156} INFO - Setting next_dagrun for example_params_ui_tutorial to None, run_after=None
[2025-05-20T03:08:49.066+0000] {processor.py:208} INFO - Processing /home/airflow/.local/lib/python3.12/site-packages/airflow/example_dags/example_params_ui_tutorial.py took 0.259 seconds
[2025-05-20T03:09:19.317+0000] {processor.py:186} INFO - Started process (PID=1955) to work on /home/airflow/.local/lib/python3.12/site-packages/airflow/example_dags/example_params_ui_tutorial.py
[2025-05-20T03:09:19.320+0000] {processor.py:914} INFO - Processing file /home/airflow/.local/lib/python3.12/site-packages/airflow/example_dags/example_params_ui_tutorial.py for tasks to queue
[2025-05-20T03:09:19.330+0000] {logging_mixin.py:190} INFO - [2025-05-20T03:09:19.329+0000] {dagbag.py:587} INFO - Filling up the DagBag from /home/airflow/.local/lib/python3.12/site-packages/airflow/example_dags/example_params_ui_tutorial.py
[2025-05-20T03:09:19.346+0000] {processor.py:925} INFO - DAG(s) 'example_params_ui_tutorial' retrieved from /home/airflow/.local/lib/python3.12/site-packages/airflow/example_dags/example_params_ui_tutorial.py
[2025-05-20T03:09:19.436+0000] {logging_mixin.py:190} INFO - [2025-05-20T03:09:19.436+0000] {dag.py:3229} INFO - Sync 1 DAGs
[2025-05-20T03:09:19.454+0000] {logging_mixin.py:190} INFO - [2025-05-20T03:09:19.454+0000] {dag.py:4156} INFO - Setting next_dagrun for example_params_ui_tutorial to None, run_after=None
[2025-05-20T03:09:19.513+0000] {processor.py:208} INFO - Processing /home/airflow/.local/lib/python3.12/site-packages/airflow/example_dags/example_params_ui_tutorial.py took 0.219 seconds
[2025-05-20T03:09:50.580+0000] {processor.py:186} INFO - Started process (PID=2018) to work on /home/airflow/.local/lib/python3.12/site-packages/airflow/example_dags/example_params_ui_tutorial.py
[2025-05-20T03:09:50.586+0000] {processor.py:914} INFO - Processing file /home/airflow/.local/lib/python3.12/site-packages/airflow/example_dags/example_params_ui_tutorial.py for tasks to queue
[2025-05-20T03:09:50.599+0000] {logging_mixin.py:190} INFO - [2025-05-20T03:09:50.598+0000] {dagbag.py:587} INFO - Filling up the DagBag from /home/airflow/.local/lib/python3.12/site-packages/airflow/example_dags/example_params_ui_tutorial.py
[2025-05-20T03:09:50.628+0000] {processor.py:925} INFO - DAG(s) 'example_params_ui_tutorial' retrieved from /home/airflow/.local/lib/python3.12/site-packages/airflow/example_dags/example_params_ui_tutorial.py
[2025-05-20T03:09:50.692+0000] {logging_mixin.py:190} INFO - [2025-05-20T03:09:50.692+0000] {dag.py:3229} INFO - Sync 1 DAGs
[2025-05-20T03:09:50.720+0000] {logging_mixin.py:190} INFO - [2025-05-20T03:09:50.719+0000] {dag.py:4156} INFO - Setting next_dagrun for example_params_ui_tutorial to None, run_after=None
[2025-05-20T03:09:50.779+0000] {processor.py:208} INFO - Processing /home/airflow/.local/lib/python3.12/site-packages/airflow/example_dags/example_params_ui_tutorial.py took 0.202 seconds
[2025-05-20T03:10:20.913+0000] {processor.py:186} INFO - Started process (PID=2081) to work on /home/airflow/.local/lib/python3.12/site-packages/airflow/example_dags/example_params_ui_tutorial.py
[2025-05-20T03:10:20.916+0000] {processor.py:914} INFO - Processing file /home/airflow/.local/lib/python3.12/site-packages/airflow/example_dags/example_params_ui_tutorial.py for tasks to queue
[2025-05-20T03:10:20.922+0000] {logging_mixin.py:190} INFO - [2025-05-20T03:10:20.922+0000] {dagbag.py:587} INFO - Filling up the DagBag from /home/airflow/.local/lib/python3.12/site-packages/airflow/example_dags/example_params_ui_tutorial.py
[2025-05-20T03:10:20.965+0000] {processor.py:925} INFO - DAG(s) 'example_params_ui_tutorial' retrieved from /home/airflow/.local/lib/python3.12/site-packages/airflow/example_dags/example_params_ui_tutorial.py
[2025-05-20T03:10:21.079+0000] {logging_mixin.py:190} INFO - [2025-05-20T03:10:21.079+0000] {dag.py:3229} INFO - Sync 1 DAGs
[2025-05-20T03:10:21.098+0000] {logging_mixin.py:190} INFO - [2025-05-20T03:10:21.098+0000] {dag.py:4156} INFO - Setting next_dagrun for example_params_ui_tutorial to None, run_after=None
[2025-05-20T03:10:21.161+0000] {processor.py:208} INFO - Processing /home/airflow/.local/lib/python3.12/site-packages/airflow/example_dags/example_params_ui_tutorial.py took 0.259 seconds
[2025-05-20T03:10:51.324+0000] {processor.py:186} INFO - Started process (PID=2144) to work on /home/airflow/.local/lib/python3.12/site-packages/airflow/example_dags/example_params_ui_tutorial.py
[2025-05-20T03:10:51.327+0000] {processor.py:914} INFO - Processing file /home/airflow/.local/lib/python3.12/site-packages/airflow/example_dags/example_params_ui_tutorial.py for tasks to queue
[2025-05-20T03:10:51.341+0000] {logging_mixin.py:190} INFO - [2025-05-20T03:10:51.340+0000] {dagbag.py:587} INFO - Filling up the DagBag from /home/airflow/.local/lib/python3.12/site-packages/airflow/example_dags/example_params_ui_tutorial.py
[2025-05-20T03:10:51.363+0000] {processor.py:925} INFO - DAG(s) 'example_params_ui_tutorial' retrieved from /home/airflow/.local/lib/python3.12/site-packages/airflow/example_dags/example_params_ui_tutorial.py
[2025-05-20T03:10:51.489+0000] {logging_mixin.py:190} INFO - [2025-05-20T03:10:51.489+0000] {dag.py:3229} INFO - Sync 1 DAGs
[2025-05-20T03:10:51.548+0000] {logging_mixin.py:190} INFO - [2025-05-20T03:10:51.548+0000] {dag.py:4156} INFO - Setting next_dagrun for example_params_ui_tutorial to None, run_after=None
[2025-05-20T03:10:51.663+0000] {processor.py:208} INFO - Processing /home/airflow/.local/lib/python3.12/site-packages/airflow/example_dags/example_params_ui_tutorial.py took 0.364 seconds
[2025-05-20T03:11:22.632+0000] {processor.py:186} INFO - Started process (PID=2206) to work on /home/airflow/.local/lib/python3.12/site-packages/airflow/example_dags/example_params_ui_tutorial.py
[2025-05-20T03:11:22.635+0000] {processor.py:914} INFO - Processing file /home/airflow/.local/lib/python3.12/site-packages/airflow/example_dags/example_params_ui_tutorial.py for tasks to queue
[2025-05-20T03:11:22.641+0000] {logging_mixin.py:190} INFO - [2025-05-20T03:11:22.640+0000] {dagbag.py:587} INFO - Filling up the DagBag from /home/airflow/.local/lib/python3.12/site-packages/airflow/example_dags/example_params_ui_tutorial.py
[2025-05-20T03:11:22.677+0000] {processor.py:925} INFO - DAG(s) 'example_params_ui_tutorial' retrieved from /home/airflow/.local/lib/python3.12/site-packages/airflow/example_dags/example_params_ui_tutorial.py
[2025-05-20T03:11:22.761+0000] {logging_mixin.py:190} INFO - [2025-05-20T03:11:22.761+0000] {dag.py:3229} INFO - Sync 1 DAGs
[2025-05-20T03:11:22.788+0000] {logging_mixin.py:190} INFO - [2025-05-20T03:11:22.788+0000] {dag.py:4156} INFO - Setting next_dagrun for example_params_ui_tutorial to None, run_after=None
[2025-05-20T03:11:22.861+0000] {processor.py:208} INFO - Processing /home/airflow/.local/lib/python3.12/site-packages/airflow/example_dags/example_params_ui_tutorial.py took 0.238 seconds
