[2025-05-20T02:51:04.747+0000] {processor.py:186} INFO - Started process (PID=114) to work on /home/airflow/.local/lib/python3.12/site-packages/airflow/example_dags/example_sla_dag.py
[2025-05-20T02:51:04.754+0000] {processor.py:914} INFO - Processing file /home/airflow/.local/lib/python3.12/site-packages/airflow/example_dags/example_sla_dag.py for tasks to queue
[2025-05-20T02:51:04.764+0000] {logging_mixin.py:190} INFO - [2025-05-20T02:51:04.763+0000] {dagbag.py:587} INFO - Filling up the DagBag from /home/airflow/.local/lib/python3.12/site-packages/airflow/example_dags/example_sla_dag.py
[2025-05-20T02:51:04.779+0000] {processor.py:925} INFO - DAG(s) 'example_sla_dag' retrieved from /home/airflow/.local/lib/python3.12/site-packages/airflow/example_dags/example_sla_dag.py
[2025-05-20T02:51:04.942+0000] {logging_mixin.py:190} INFO - [2025-05-20T02:51:04.942+0000] {override.py:1900} INFO - Created Permission View: can read on DAG:example_sla_dag
[2025-05-20T02:51:04.972+0000] {logging_mixin.py:190} INFO - [2025-05-20T02:51:04.971+0000] {override.py:1900} INFO - Created Permission View: can delete on DAG:example_sla_dag
[2025-05-20T02:51:04.986+0000] {logging_mixin.py:190} INFO - [2025-05-20T02:51:04.985+0000] {override.py:1900} INFO - Created Permission View: can edit on DAG:example_sla_dag
[2025-05-20T02:51:04.999+0000] {logging_mixin.py:190} INFO - [2025-05-20T02:51:04.999+0000] {override.py:1900} INFO - Created Permission View: can read on DAG Run:example_sla_dag
[2025-05-20T02:51:05.017+0000] {logging_mixin.py:190} INFO - [2025-05-20T02:51:05.016+0000] {override.py:1900} INFO - Created Permission View: can delete on DAG Run:example_sla_dag
[2025-05-20T02:51:05.043+0000] {logging_mixin.py:190} INFO - [2025-05-20T02:51:05.042+0000] {override.py:1900} INFO - Created Permission View: can create on DAG Run:example_sla_dag
[2025-05-20T02:51:05.065+0000] {logging_mixin.py:190} INFO - [2025-05-20T02:51:05.065+0000] {override.py:1900} INFO - Created Permission View: menu access on DAG Run:example_sla_dag
[2025-05-20T02:51:05.069+0000] {logging_mixin.py:190} INFO - [2025-05-20T02:51:05.066+0000] {dag.py:3229} INFO - Sync 1 DAGs
[2025-05-20T02:51:05.100+0000] {logging_mixin.py:190} INFO - [2025-05-20T02:51:05.100+0000] {dag.py:3252} INFO - Creating ORM DAG for example_sla_dag
[2025-05-20T02:51:05.131+0000] {logging_mixin.py:190} INFO - [2025-05-20T02:51:05.131+0000] {dag.py:4156} INFO - Setting next_dagrun for example_sla_dag to 2025-05-20 02:48:00+00:00, run_after=2025-05-20 02:50:00+00:00
[2025-05-20T02:51:05.168+0000] {processor.py:208} INFO - Processing /home/airflow/.local/lib/python3.12/site-packages/airflow/example_dags/example_sla_dag.py took 0.425 seconds
[2025-05-20T02:51:35.571+0000] {processor.py:186} INFO - Started process (PID=176) to work on /home/airflow/.local/lib/python3.12/site-packages/airflow/example_dags/example_sla_dag.py
[2025-05-20T02:51:35.573+0000] {processor.py:914} INFO - Processing file /home/airflow/.local/lib/python3.12/site-packages/airflow/example_dags/example_sla_dag.py for tasks to queue
[2025-05-20T02:51:35.579+0000] {logging_mixin.py:190} INFO - [2025-05-20T02:51:35.578+0000] {dagbag.py:587} INFO - Filling up the DagBag from /home/airflow/.local/lib/python3.12/site-packages/airflow/example_dags/example_sla_dag.py
[2025-05-20T02:51:35.602+0000] {processor.py:925} INFO - DAG(s) 'example_sla_dag' retrieved from /home/airflow/.local/lib/python3.12/site-packages/airflow/example_dags/example_sla_dag.py
[2025-05-20T02:51:35.667+0000] {logging_mixin.py:190} INFO - [2025-05-20T02:51:35.667+0000] {dag.py:3229} INFO - Sync 1 DAGs
[2025-05-20T02:51:35.774+0000] {logging_mixin.py:190} INFO - [2025-05-20T02:51:35.772+0000] {dag.py:4156} INFO - Setting next_dagrun for example_sla_dag to 2025-05-20 02:48:00+00:00, run_after=2025-05-20 02:50:00+00:00
[2025-05-20T02:51:35.856+0000] {processor.py:208} INFO - Processing /home/airflow/.local/lib/python3.12/site-packages/airflow/example_dags/example_sla_dag.py took 0.290 seconds
[2025-05-20T02:52:06.521+0000] {processor.py:186} INFO - Started process (PID=238) to work on /home/airflow/.local/lib/python3.12/site-packages/airflow/example_dags/example_sla_dag.py
[2025-05-20T02:52:06.524+0000] {processor.py:914} INFO - Processing file /home/airflow/.local/lib/python3.12/site-packages/airflow/example_dags/example_sla_dag.py for tasks to queue
[2025-05-20T02:52:06.527+0000] {logging_mixin.py:190} INFO - [2025-05-20T02:52:06.526+0000] {dagbag.py:587} INFO - Filling up the DagBag from /home/airflow/.local/lib/python3.12/site-packages/airflow/example_dags/example_sla_dag.py
[2025-05-20T02:52:06.537+0000] {processor.py:925} INFO - DAG(s) 'example_sla_dag' retrieved from /home/airflow/.local/lib/python3.12/site-packages/airflow/example_dags/example_sla_dag.py
[2025-05-20T02:52:06.587+0000] {logging_mixin.py:190} INFO - [2025-05-20T02:52:06.586+0000] {dag.py:3229} INFO - Sync 1 DAGs
[2025-05-20T02:52:06.612+0000] {logging_mixin.py:190} INFO - [2025-05-20T02:52:06.612+0000] {dag.py:4156} INFO - Setting next_dagrun for example_sla_dag to 2025-05-20 02:50:00+00:00, run_after=2025-05-20 02:52:00+00:00
[2025-05-20T02:52:06.677+0000] {processor.py:208} INFO - Processing /home/airflow/.local/lib/python3.12/site-packages/airflow/example_dags/example_sla_dag.py took 0.159 seconds
[2025-05-20T02:54:02.912+0000] {processor.py:186} INFO - Started process (PID=115) to work on /home/airflow/.local/lib/python3.12/site-packages/airflow/example_dags/example_sla_dag.py
[2025-05-20T02:54:02.920+0000] {processor.py:914} INFO - Processing file /home/airflow/.local/lib/python3.12/site-packages/airflow/example_dags/example_sla_dag.py for tasks to queue
[2025-05-20T02:54:02.934+0000] {logging_mixin.py:190} INFO - [2025-05-20T02:54:02.933+0000] {dagbag.py:587} INFO - Filling up the DagBag from /home/airflow/.local/lib/python3.12/site-packages/airflow/example_dags/example_sla_dag.py
[2025-05-20T02:54:02.966+0000] {processor.py:925} INFO - DAG(s) 'example_sla_dag' retrieved from /home/airflow/.local/lib/python3.12/site-packages/airflow/example_dags/example_sla_dag.py
[2025-05-20T02:54:03.049+0000] {logging_mixin.py:190} INFO - [2025-05-20T02:54:03.048+0000] {dag.py:3229} INFO - Sync 1 DAGs
[2025-05-20T02:54:03.143+0000] {logging_mixin.py:190} INFO - [2025-05-20T02:54:03.141+0000] {dag.py:4156} INFO - Setting next_dagrun for example_sla_dag to 2025-05-20 02:52:00+00:00, run_after=2025-05-20 02:54:00+00:00
[2025-05-20T02:54:03.188+0000] {processor.py:208} INFO - Processing /home/airflow/.local/lib/python3.12/site-packages/airflow/example_dags/example_sla_dag.py took 0.288 seconds
[2025-05-20T02:54:33.616+0000] {processor.py:186} INFO - Started process (PID=178) to work on /home/airflow/.local/lib/python3.12/site-packages/airflow/example_dags/example_sla_dag.py
[2025-05-20T02:54:33.620+0000] {processor.py:914} INFO - Processing file /home/airflow/.local/lib/python3.12/site-packages/airflow/example_dags/example_sla_dag.py for tasks to queue
[2025-05-20T02:54:33.636+0000] {logging_mixin.py:190} INFO - [2025-05-20T02:54:33.635+0000] {dagbag.py:587} INFO - Filling up the DagBag from /home/airflow/.local/lib/python3.12/site-packages/airflow/example_dags/example_sla_dag.py
[2025-05-20T02:54:33.680+0000] {processor.py:925} INFO - DAG(s) 'example_sla_dag' retrieved from /home/airflow/.local/lib/python3.12/site-packages/airflow/example_dags/example_sla_dag.py
[2025-05-20T02:54:33.748+0000] {logging_mixin.py:190} INFO - [2025-05-20T02:54:33.747+0000] {dag.py:3229} INFO - Sync 1 DAGs
[2025-05-20T02:54:33.830+0000] {logging_mixin.py:190} INFO - [2025-05-20T02:54:33.830+0000] {dag.py:4156} INFO - Setting next_dagrun for example_sla_dag to 2025-05-20 02:52:00+00:00, run_after=2025-05-20 02:54:00+00:00
[2025-05-20T02:54:33.902+0000] {processor.py:208} INFO - Processing /home/airflow/.local/lib/python3.12/site-packages/airflow/example_dags/example_sla_dag.py took 0.290 seconds
[2025-05-20T02:55:05.428+0000] {processor.py:186} INFO - Started process (PID=241) to work on /home/airflow/.local/lib/python3.12/site-packages/airflow/example_dags/example_sla_dag.py
[2025-05-20T02:55:05.431+0000] {processor.py:914} INFO - Processing file /home/airflow/.local/lib/python3.12/site-packages/airflow/example_dags/example_sla_dag.py for tasks to queue
[2025-05-20T02:55:05.438+0000] {logging_mixin.py:190} INFO - [2025-05-20T02:55:05.438+0000] {dagbag.py:587} INFO - Filling up the DagBag from /home/airflow/.local/lib/python3.12/site-packages/airflow/example_dags/example_sla_dag.py
[2025-05-20T02:55:05.454+0000] {processor.py:925} INFO - DAG(s) 'example_sla_dag' retrieved from /home/airflow/.local/lib/python3.12/site-packages/airflow/example_dags/example_sla_dag.py
[2025-05-20T02:55:05.516+0000] {logging_mixin.py:190} INFO - [2025-05-20T02:55:05.514+0000] {dag.py:3229} INFO - Sync 1 DAGs
[2025-05-20T02:55:05.574+0000] {logging_mixin.py:190} INFO - [2025-05-20T02:55:05.574+0000] {dag.py:4156} INFO - Setting next_dagrun for example_sla_dag to 2025-05-20 02:52:00+00:00, run_after=2025-05-20 02:54:00+00:00
[2025-05-20T02:55:05.631+0000] {processor.py:208} INFO - Processing /home/airflow/.local/lib/python3.12/site-packages/airflow/example_dags/example_sla_dag.py took 0.208 seconds
[2025-05-20T02:55:35.669+0000] {processor.py:186} INFO - Started process (PID=304) to work on /home/airflow/.local/lib/python3.12/site-packages/airflow/example_dags/example_sla_dag.py
[2025-05-20T02:55:35.671+0000] {processor.py:914} INFO - Processing file /home/airflow/.local/lib/python3.12/site-packages/airflow/example_dags/example_sla_dag.py for tasks to queue
[2025-05-20T02:55:35.678+0000] {logging_mixin.py:190} INFO - [2025-05-20T02:55:35.676+0000] {dagbag.py:587} INFO - Filling up the DagBag from /home/airflow/.local/lib/python3.12/site-packages/airflow/example_dags/example_sla_dag.py
[2025-05-20T02:55:35.701+0000] {processor.py:925} INFO - DAG(s) 'example_sla_dag' retrieved from /home/airflow/.local/lib/python3.12/site-packages/airflow/example_dags/example_sla_dag.py
[2025-05-20T02:55:35.755+0000] {logging_mixin.py:190} INFO - [2025-05-20T02:55:35.752+0000] {dag.py:3229} INFO - Sync 1 DAGs
[2025-05-20T02:55:35.801+0000] {logging_mixin.py:190} INFO - [2025-05-20T02:55:35.801+0000] {dag.py:4156} INFO - Setting next_dagrun for example_sla_dag to 2025-05-20 02:52:00+00:00, run_after=2025-05-20 02:54:00+00:00
[2025-05-20T02:55:35.859+0000] {processor.py:208} INFO - Processing /home/airflow/.local/lib/python3.12/site-packages/airflow/example_dags/example_sla_dag.py took 0.194 seconds
[2025-05-20T02:56:06.975+0000] {processor.py:186} INFO - Started process (PID=367) to work on /home/airflow/.local/lib/python3.12/site-packages/airflow/example_dags/example_sla_dag.py
[2025-05-20T02:56:06.980+0000] {processor.py:914} INFO - Processing file /home/airflow/.local/lib/python3.12/site-packages/airflow/example_dags/example_sla_dag.py for tasks to queue
[2025-05-20T02:56:06.990+0000] {logging_mixin.py:190} INFO - [2025-05-20T02:56:06.990+0000] {dagbag.py:587} INFO - Filling up the DagBag from /home/airflow/.local/lib/python3.12/site-packages/airflow/example_dags/example_sla_dag.py
[2025-05-20T02:56:06.997+0000] {processor.py:925} INFO - DAG(s) 'example_sla_dag' retrieved from /home/airflow/.local/lib/python3.12/site-packages/airflow/example_dags/example_sla_dag.py
[2025-05-20T02:56:07.064+0000] {logging_mixin.py:190} INFO - [2025-05-20T02:56:07.063+0000] {dag.py:3229} INFO - Sync 1 DAGs
[2025-05-20T02:56:07.094+0000] {logging_mixin.py:190} INFO - [2025-05-20T02:56:07.093+0000] {dag.py:4156} INFO - Setting next_dagrun for example_sla_dag to 2025-05-20 02:54:00+00:00, run_after=2025-05-20 02:56:00+00:00
[2025-05-20T02:56:07.156+0000] {processor.py:208} INFO - Processing /home/airflow/.local/lib/python3.12/site-packages/airflow/example_dags/example_sla_dag.py took 0.185 seconds
[2025-05-20T02:56:39.524+0000] {processor.py:186} INFO - Started process (PID=431) to work on /home/airflow/.local/lib/python3.12/site-packages/airflow/example_dags/example_sla_dag.py
[2025-05-20T02:56:39.535+0000] {processor.py:914} INFO - Processing file /home/airflow/.local/lib/python3.12/site-packages/airflow/example_dags/example_sla_dag.py for tasks to queue
[2025-05-20T02:56:39.541+0000] {logging_mixin.py:190} INFO - [2025-05-20T02:56:39.541+0000] {dagbag.py:587} INFO - Filling up the DagBag from /home/airflow/.local/lib/python3.12/site-packages/airflow/example_dags/example_sla_dag.py
[2025-05-20T02:56:39.568+0000] {processor.py:925} INFO - DAG(s) 'example_sla_dag' retrieved from /home/airflow/.local/lib/python3.12/site-packages/airflow/example_dags/example_sla_dag.py
[2025-05-20T02:56:39.633+0000] {logging_mixin.py:190} INFO - [2025-05-20T02:56:39.633+0000] {dag.py:3229} INFO - Sync 1 DAGs
[2025-05-20T02:56:39.667+0000] {logging_mixin.py:190} INFO - [2025-05-20T02:56:39.666+0000] {dag.py:4156} INFO - Setting next_dagrun for example_sla_dag to 2025-05-20 02:54:00+00:00, run_after=2025-05-20 02:56:00+00:00
[2025-05-20T02:56:39.687+0000] {processor.py:208} INFO - Processing /home/airflow/.local/lib/python3.12/site-packages/airflow/example_dags/example_sla_dag.py took 0.167 seconds
[2025-05-20T02:57:10.377+0000] {processor.py:186} INFO - Started process (PID=494) to work on /home/airflow/.local/lib/python3.12/site-packages/airflow/example_dags/example_sla_dag.py
[2025-05-20T02:57:10.380+0000] {processor.py:914} INFO - Processing file /home/airflow/.local/lib/python3.12/site-packages/airflow/example_dags/example_sla_dag.py for tasks to queue
[2025-05-20T02:57:10.384+0000] {logging_mixin.py:190} INFO - [2025-05-20T02:57:10.384+0000] {dagbag.py:587} INFO - Filling up the DagBag from /home/airflow/.local/lib/python3.12/site-packages/airflow/example_dags/example_sla_dag.py
[2025-05-20T02:57:10.400+0000] {processor.py:925} INFO - DAG(s) 'example_sla_dag' retrieved from /home/airflow/.local/lib/python3.12/site-packages/airflow/example_dags/example_sla_dag.py
[2025-05-20T02:57:10.436+0000] {logging_mixin.py:190} INFO - [2025-05-20T02:57:10.436+0000] {dag.py:3229} INFO - Sync 1 DAGs
[2025-05-20T02:57:10.500+0000] {logging_mixin.py:190} INFO - [2025-05-20T02:57:10.496+0000] {dag.py:4156} INFO - Setting next_dagrun for example_sla_dag to 2025-05-20 02:54:00+00:00, run_after=2025-05-20 02:56:00+00:00
[2025-05-20T02:57:10.605+0000] {processor.py:208} INFO - Processing /home/airflow/.local/lib/python3.12/site-packages/airflow/example_dags/example_sla_dag.py took 0.237 seconds
[2025-05-20T02:57:41.180+0000] {processor.py:186} INFO - Started process (PID=557) to work on /home/airflow/.local/lib/python3.12/site-packages/airflow/example_dags/example_sla_dag.py
[2025-05-20T02:57:41.182+0000] {processor.py:914} INFO - Processing file /home/airflow/.local/lib/python3.12/site-packages/airflow/example_dags/example_sla_dag.py for tasks to queue
[2025-05-20T02:57:41.196+0000] {logging_mixin.py:190} INFO - [2025-05-20T02:57:41.195+0000] {dagbag.py:587} INFO - Filling up the DagBag from /home/airflow/.local/lib/python3.12/site-packages/airflow/example_dags/example_sla_dag.py
[2025-05-20T02:57:41.224+0000] {processor.py:925} INFO - DAG(s) 'example_sla_dag' retrieved from /home/airflow/.local/lib/python3.12/site-packages/airflow/example_dags/example_sla_dag.py
[2025-05-20T02:57:41.271+0000] {logging_mixin.py:190} INFO - [2025-05-20T02:57:41.270+0000] {dag.py:3229} INFO - Sync 1 DAGs
[2025-05-20T02:57:41.333+0000] {logging_mixin.py:190} INFO - [2025-05-20T02:57:41.331+0000] {dag.py:4156} INFO - Setting next_dagrun for example_sla_dag to 2025-05-20 02:54:00+00:00, run_after=2025-05-20 02:56:00+00:00
[2025-05-20T02:57:41.381+0000] {processor.py:208} INFO - Processing /home/airflow/.local/lib/python3.12/site-packages/airflow/example_dags/example_sla_dag.py took 0.204 seconds
[2025-05-20T02:58:12.190+0000] {processor.py:186} INFO - Started process (PID=620) to work on /home/airflow/.local/lib/python3.12/site-packages/airflow/example_dags/example_sla_dag.py
[2025-05-20T02:58:12.194+0000] {processor.py:914} INFO - Processing file /home/airflow/.local/lib/python3.12/site-packages/airflow/example_dags/example_sla_dag.py for tasks to queue
[2025-05-20T02:58:12.206+0000] {logging_mixin.py:190} INFO - [2025-05-20T02:58:12.201+0000] {dagbag.py:587} INFO - Filling up the DagBag from /home/airflow/.local/lib/python3.12/site-packages/airflow/example_dags/example_sla_dag.py
[2025-05-20T02:58:12.233+0000] {processor.py:925} INFO - DAG(s) 'example_sla_dag' retrieved from /home/airflow/.local/lib/python3.12/site-packages/airflow/example_dags/example_sla_dag.py
[2025-05-20T02:58:12.282+0000] {logging_mixin.py:190} INFO - [2025-05-20T02:58:12.282+0000] {dag.py:3229} INFO - Sync 1 DAGs
[2025-05-20T02:58:12.329+0000] {logging_mixin.py:190} INFO - [2025-05-20T02:58:12.329+0000] {dag.py:4156} INFO - Setting next_dagrun for example_sla_dag to 2025-05-20 02:56:00+00:00, run_after=2025-05-20 02:58:00+00:00
[2025-05-20T02:58:12.412+0000] {processor.py:208} INFO - Processing /home/airflow/.local/lib/python3.12/site-packages/airflow/example_dags/example_sla_dag.py took 0.226 seconds
[2025-05-20T02:58:42.622+0000] {processor.py:186} INFO - Started process (PID=684) to work on /home/airflow/.local/lib/python3.12/site-packages/airflow/example_dags/example_sla_dag.py
[2025-05-20T02:58:42.625+0000] {processor.py:914} INFO - Processing file /home/airflow/.local/lib/python3.12/site-packages/airflow/example_dags/example_sla_dag.py for tasks to queue
[2025-05-20T02:58:42.635+0000] {logging_mixin.py:190} INFO - [2025-05-20T02:58:42.635+0000] {dagbag.py:587} INFO - Filling up the DagBag from /home/airflow/.local/lib/python3.12/site-packages/airflow/example_dags/example_sla_dag.py
[2025-05-20T02:58:42.658+0000] {processor.py:925} INFO - DAG(s) 'example_sla_dag' retrieved from /home/airflow/.local/lib/python3.12/site-packages/airflow/example_dags/example_sla_dag.py
[2025-05-20T02:58:42.726+0000] {logging_mixin.py:190} INFO - [2025-05-20T02:58:42.726+0000] {dag.py:3229} INFO - Sync 1 DAGs
[2025-05-20T02:58:42.759+0000] {logging_mixin.py:190} INFO - [2025-05-20T02:58:42.759+0000] {dag.py:4156} INFO - Setting next_dagrun for example_sla_dag to 2025-05-20 02:56:00+00:00, run_after=2025-05-20 02:58:00+00:00
[2025-05-20T02:58:42.851+0000] {processor.py:208} INFO - Processing /home/airflow/.local/lib/python3.12/site-packages/airflow/example_dags/example_sla_dag.py took 0.233 seconds
[2025-05-20T02:59:13.381+0000] {processor.py:186} INFO - Started process (PID=747) to work on /home/airflow/.local/lib/python3.12/site-packages/airflow/example_dags/example_sla_dag.py
[2025-05-20T02:59:13.382+0000] {processor.py:914} INFO - Processing file /home/airflow/.local/lib/python3.12/site-packages/airflow/example_dags/example_sla_dag.py for tasks to queue
[2025-05-20T02:59:13.384+0000] {logging_mixin.py:190} INFO - [2025-05-20T02:59:13.384+0000] {dagbag.py:587} INFO - Filling up the DagBag from /home/airflow/.local/lib/python3.12/site-packages/airflow/example_dags/example_sla_dag.py
[2025-05-20T02:59:13.420+0000] {processor.py:925} INFO - DAG(s) 'example_sla_dag' retrieved from /home/airflow/.local/lib/python3.12/site-packages/airflow/example_dags/example_sla_dag.py
[2025-05-20T02:59:13.480+0000] {logging_mixin.py:190} INFO - [2025-05-20T02:59:13.479+0000] {dag.py:3229} INFO - Sync 1 DAGs
[2025-05-20T02:59:13.533+0000] {logging_mixin.py:190} INFO - [2025-05-20T02:59:13.532+0000] {dag.py:4156} INFO - Setting next_dagrun for example_sla_dag to 2025-05-20 02:56:00+00:00, run_after=2025-05-20 02:58:00+00:00
[2025-05-20T02:59:13.578+0000] {processor.py:208} INFO - Processing /home/airflow/.local/lib/python3.12/site-packages/airflow/example_dags/example_sla_dag.py took 0.200 seconds
[2025-05-20T02:59:43.660+0000] {processor.py:186} INFO - Started process (PID=810) to work on /home/airflow/.local/lib/python3.12/site-packages/airflow/example_dags/example_sla_dag.py
[2025-05-20T02:59:43.663+0000] {processor.py:914} INFO - Processing file /home/airflow/.local/lib/python3.12/site-packages/airflow/example_dags/example_sla_dag.py for tasks to queue
[2025-05-20T02:59:43.673+0000] {logging_mixin.py:190} INFO - [2025-05-20T02:59:43.669+0000] {dagbag.py:587} INFO - Filling up the DagBag from /home/airflow/.local/lib/python3.12/site-packages/airflow/example_dags/example_sla_dag.py
[2025-05-20T02:59:43.684+0000] {processor.py:925} INFO - DAG(s) 'example_sla_dag' retrieved from /home/airflow/.local/lib/python3.12/site-packages/airflow/example_dags/example_sla_dag.py
[2025-05-20T02:59:43.726+0000] {logging_mixin.py:190} INFO - [2025-05-20T02:59:43.726+0000] {dag.py:3229} INFO - Sync 1 DAGs
[2025-05-20T02:59:43.786+0000] {logging_mixin.py:190} INFO - [2025-05-20T02:59:43.786+0000] {dag.py:4156} INFO - Setting next_dagrun for example_sla_dag to 2025-05-20 02:56:00+00:00, run_after=2025-05-20 02:58:00+00:00
[2025-05-20T02:59:43.859+0000] {processor.py:208} INFO - Processing /home/airflow/.local/lib/python3.12/site-packages/airflow/example_dags/example_sla_dag.py took 0.205 seconds
[2025-05-20T03:00:14.407+0000] {processor.py:186} INFO - Started process (PID=873) to work on /home/airflow/.local/lib/python3.12/site-packages/airflow/example_dags/example_sla_dag.py
[2025-05-20T03:00:14.410+0000] {processor.py:914} INFO - Processing file /home/airflow/.local/lib/python3.12/site-packages/airflow/example_dags/example_sla_dag.py for tasks to queue
[2025-05-20T03:00:14.416+0000] {logging_mixin.py:190} INFO - [2025-05-20T03:00:14.416+0000] {dagbag.py:587} INFO - Filling up the DagBag from /home/airflow/.local/lib/python3.12/site-packages/airflow/example_dags/example_sla_dag.py
[2025-05-20T03:00:14.438+0000] {processor.py:925} INFO - DAG(s) 'example_sla_dag' retrieved from /home/airflow/.local/lib/python3.12/site-packages/airflow/example_dags/example_sla_dag.py
[2025-05-20T03:00:14.509+0000] {logging_mixin.py:190} INFO - [2025-05-20T03:00:14.508+0000] {dag.py:3229} INFO - Sync 1 DAGs
[2025-05-20T03:00:14.553+0000] {logging_mixin.py:190} INFO - [2025-05-20T03:00:14.552+0000] {dag.py:4156} INFO - Setting next_dagrun for example_sla_dag to 2025-05-20 02:58:00+00:00, run_after=2025-05-20 03:00:00+00:00
[2025-05-20T03:00:14.651+0000] {processor.py:208} INFO - Processing /home/airflow/.local/lib/python3.12/site-packages/airflow/example_dags/example_sla_dag.py took 0.247 seconds
[2025-05-20T03:00:45.273+0000] {processor.py:186} INFO - Started process (PID=936) to work on /home/airflow/.local/lib/python3.12/site-packages/airflow/example_dags/example_sla_dag.py
[2025-05-20T03:00:45.280+0000] {processor.py:914} INFO - Processing file /home/airflow/.local/lib/python3.12/site-packages/airflow/example_dags/example_sla_dag.py for tasks to queue
[2025-05-20T03:00:45.291+0000] {logging_mixin.py:190} INFO - [2025-05-20T03:00:45.290+0000] {dagbag.py:587} INFO - Filling up the DagBag from /home/airflow/.local/lib/python3.12/site-packages/airflow/example_dags/example_sla_dag.py
[2025-05-20T03:00:45.305+0000] {processor.py:925} INFO - DAG(s) 'example_sla_dag' retrieved from /home/airflow/.local/lib/python3.12/site-packages/airflow/example_dags/example_sla_dag.py
[2025-05-20T03:00:45.364+0000] {logging_mixin.py:190} INFO - [2025-05-20T03:00:45.364+0000] {dag.py:3229} INFO - Sync 1 DAGs
[2025-05-20T03:00:45.411+0000] {logging_mixin.py:190} INFO - [2025-05-20T03:00:45.409+0000] {dag.py:4156} INFO - Setting next_dagrun for example_sla_dag to 2025-05-20 02:58:00+00:00, run_after=2025-05-20 03:00:00+00:00
[2025-05-20T03:00:45.456+0000] {processor.py:208} INFO - Processing /home/airflow/.local/lib/python3.12/site-packages/airflow/example_dags/example_sla_dag.py took 0.190 seconds
[2025-05-20T03:01:16.016+0000] {processor.py:186} INFO - Started process (PID=998) to work on /home/airflow/.local/lib/python3.12/site-packages/airflow/example_dags/example_sla_dag.py
[2025-05-20T03:01:16.018+0000] {processor.py:914} INFO - Processing file /home/airflow/.local/lib/python3.12/site-packages/airflow/example_dags/example_sla_dag.py for tasks to queue
[2025-05-20T03:01:16.027+0000] {logging_mixin.py:190} INFO - [2025-05-20T03:01:16.025+0000] {dagbag.py:587} INFO - Filling up the DagBag from /home/airflow/.local/lib/python3.12/site-packages/airflow/example_dags/example_sla_dag.py
[2025-05-20T03:01:16.042+0000] {processor.py:925} INFO - DAG(s) 'example_sla_dag' retrieved from /home/airflow/.local/lib/python3.12/site-packages/airflow/example_dags/example_sla_dag.py
[2025-05-20T03:01:16.127+0000] {logging_mixin.py:190} INFO - [2025-05-20T03:01:16.127+0000] {dag.py:3229} INFO - Sync 1 DAGs
[2025-05-20T03:01:16.153+0000] {logging_mixin.py:190} INFO - [2025-05-20T03:01:16.153+0000] {dag.py:4156} INFO - Setting next_dagrun for example_sla_dag to 2025-05-20 02:58:00+00:00, run_after=2025-05-20 03:00:00+00:00
[2025-05-20T03:01:16.211+0000] {processor.py:208} INFO - Processing /home/airflow/.local/lib/python3.12/site-packages/airflow/example_dags/example_sla_dag.py took 0.199 seconds
[2025-05-20T03:01:46.874+0000] {processor.py:186} INFO - Started process (PID=1060) to work on /home/airflow/.local/lib/python3.12/site-packages/airflow/example_dags/example_sla_dag.py
[2025-05-20T03:01:46.877+0000] {processor.py:914} INFO - Processing file /home/airflow/.local/lib/python3.12/site-packages/airflow/example_dags/example_sla_dag.py for tasks to queue
[2025-05-20T03:01:46.893+0000] {logging_mixin.py:190} INFO - [2025-05-20T03:01:46.891+0000] {dagbag.py:587} INFO - Filling up the DagBag from /home/airflow/.local/lib/python3.12/site-packages/airflow/example_dags/example_sla_dag.py
[2025-05-20T03:01:46.905+0000] {processor.py:925} INFO - DAG(s) 'example_sla_dag' retrieved from /home/airflow/.local/lib/python3.12/site-packages/airflow/example_dags/example_sla_dag.py
[2025-05-20T03:01:46.958+0000] {logging_mixin.py:190} INFO - [2025-05-20T03:01:46.958+0000] {dag.py:3229} INFO - Sync 1 DAGs
[2025-05-20T03:01:47.009+0000] {logging_mixin.py:190} INFO - [2025-05-20T03:01:47.009+0000] {dag.py:4156} INFO - Setting next_dagrun for example_sla_dag to 2025-05-20 02:58:00+00:00, run_after=2025-05-20 03:00:00+00:00
[2025-05-20T03:01:47.060+0000] {processor.py:208} INFO - Processing /home/airflow/.local/lib/python3.12/site-packages/airflow/example_dags/example_sla_dag.py took 0.190 seconds
[2025-05-20T03:02:17.290+0000] {processor.py:186} INFO - Started process (PID=1123) to work on /home/airflow/.local/lib/python3.12/site-packages/airflow/example_dags/example_sla_dag.py
[2025-05-20T03:02:17.291+0000] {processor.py:914} INFO - Processing file /home/airflow/.local/lib/python3.12/site-packages/airflow/example_dags/example_sla_dag.py for tasks to queue
[2025-05-20T03:02:17.295+0000] {logging_mixin.py:190} INFO - [2025-05-20T03:02:17.295+0000] {dagbag.py:587} INFO - Filling up the DagBag from /home/airflow/.local/lib/python3.12/site-packages/airflow/example_dags/example_sla_dag.py
[2025-05-20T03:02:17.314+0000] {processor.py:925} INFO - DAG(s) 'example_sla_dag' retrieved from /home/airflow/.local/lib/python3.12/site-packages/airflow/example_dags/example_sla_dag.py
[2025-05-20T03:02:17.365+0000] {logging_mixin.py:190} INFO - [2025-05-20T03:02:17.365+0000] {dag.py:3229} INFO - Sync 1 DAGs
[2025-05-20T03:02:17.452+0000] {logging_mixin.py:190} INFO - [2025-05-20T03:02:17.450+0000] {dag.py:4156} INFO - Setting next_dagrun for example_sla_dag to 2025-05-20 03:00:00+00:00, run_after=2025-05-20 03:02:00+00:00
[2025-05-20T03:02:17.508+0000] {processor.py:208} INFO - Processing /home/airflow/.local/lib/python3.12/site-packages/airflow/example_dags/example_sla_dag.py took 0.222 seconds
[2025-05-20T03:02:48.072+0000] {processor.py:186} INFO - Started process (PID=1186) to work on /home/airflow/.local/lib/python3.12/site-packages/airflow/example_dags/example_sla_dag.py
[2025-05-20T03:02:48.074+0000] {processor.py:914} INFO - Processing file /home/airflow/.local/lib/python3.12/site-packages/airflow/example_dags/example_sla_dag.py for tasks to queue
[2025-05-20T03:02:48.077+0000] {logging_mixin.py:190} INFO - [2025-05-20T03:02:48.076+0000] {dagbag.py:587} INFO - Filling up the DagBag from /home/airflow/.local/lib/python3.12/site-packages/airflow/example_dags/example_sla_dag.py
[2025-05-20T03:02:48.100+0000] {processor.py:925} INFO - DAG(s) 'example_sla_dag' retrieved from /home/airflow/.local/lib/python3.12/site-packages/airflow/example_dags/example_sla_dag.py
[2025-05-20T03:02:48.152+0000] {logging_mixin.py:190} INFO - [2025-05-20T03:02:48.151+0000] {dag.py:3229} INFO - Sync 1 DAGs
[2025-05-20T03:02:48.208+0000] {logging_mixin.py:190} INFO - [2025-05-20T03:02:48.208+0000] {dag.py:4156} INFO - Setting next_dagrun for example_sla_dag to 2025-05-20 03:00:00+00:00, run_after=2025-05-20 03:02:00+00:00
[2025-05-20T03:02:48.259+0000] {processor.py:208} INFO - Processing /home/airflow/.local/lib/python3.12/site-packages/airflow/example_dags/example_sla_dag.py took 0.192 seconds
[2025-05-20T03:03:18.441+0000] {processor.py:186} INFO - Started process (PID=1248) to work on /home/airflow/.local/lib/python3.12/site-packages/airflow/example_dags/example_sla_dag.py
[2025-05-20T03:03:18.443+0000] {processor.py:914} INFO - Processing file /home/airflow/.local/lib/python3.12/site-packages/airflow/example_dags/example_sla_dag.py for tasks to queue
[2025-05-20T03:03:18.452+0000] {logging_mixin.py:190} INFO - [2025-05-20T03:03:18.452+0000] {dagbag.py:587} INFO - Filling up the DagBag from /home/airflow/.local/lib/python3.12/site-packages/airflow/example_dags/example_sla_dag.py
[2025-05-20T03:03:18.472+0000] {processor.py:925} INFO - DAG(s) 'example_sla_dag' retrieved from /home/airflow/.local/lib/python3.12/site-packages/airflow/example_dags/example_sla_dag.py
[2025-05-20T03:03:18.521+0000] {logging_mixin.py:190} INFO - [2025-05-20T03:03:18.520+0000] {dag.py:3229} INFO - Sync 1 DAGs
[2025-05-20T03:03:18.569+0000] {logging_mixin.py:190} INFO - [2025-05-20T03:03:18.569+0000] {dag.py:4156} INFO - Setting next_dagrun for example_sla_dag to 2025-05-20 03:00:00+00:00, run_after=2025-05-20 03:02:00+00:00
[2025-05-20T03:03:18.611+0000] {processor.py:208} INFO - Processing /home/airflow/.local/lib/python3.12/site-packages/airflow/example_dags/example_sla_dag.py took 0.173 seconds
[2025-05-20T03:03:50.067+0000] {processor.py:186} INFO - Started process (PID=1310) to work on /home/airflow/.local/lib/python3.12/site-packages/airflow/example_dags/example_sla_dag.py
[2025-05-20T03:03:50.072+0000] {processor.py:914} INFO - Processing file /home/airflow/.local/lib/python3.12/site-packages/airflow/example_dags/example_sla_dag.py for tasks to queue
[2025-05-20T03:03:50.081+0000] {logging_mixin.py:190} INFO - [2025-05-20T03:03:50.080+0000] {dagbag.py:587} INFO - Filling up the DagBag from /home/airflow/.local/lib/python3.12/site-packages/airflow/example_dags/example_sla_dag.py
[2025-05-20T03:03:50.101+0000] {processor.py:925} INFO - DAG(s) 'example_sla_dag' retrieved from /home/airflow/.local/lib/python3.12/site-packages/airflow/example_dags/example_sla_dag.py
[2025-05-20T03:03:50.143+0000] {logging_mixin.py:190} INFO - [2025-05-20T03:03:50.141+0000] {dag.py:3229} INFO - Sync 1 DAGs
[2025-05-20T03:03:50.190+0000] {logging_mixin.py:190} INFO - [2025-05-20T03:03:50.189+0000] {dag.py:4156} INFO - Setting next_dagrun for example_sla_dag to 2025-05-20 03:00:00+00:00, run_after=2025-05-20 03:02:00+00:00
[2025-05-20T03:03:50.264+0000] {processor.py:208} INFO - Processing /home/airflow/.local/lib/python3.12/site-packages/airflow/example_dags/example_sla_dag.py took 0.203 seconds
[2025-05-20T03:04:20.329+0000] {processor.py:186} INFO - Started process (PID=1372) to work on /home/airflow/.local/lib/python3.12/site-packages/airflow/example_dags/example_sla_dag.py
[2025-05-20T03:04:20.334+0000] {processor.py:914} INFO - Processing file /home/airflow/.local/lib/python3.12/site-packages/airflow/example_dags/example_sla_dag.py for tasks to queue
[2025-05-20T03:04:20.359+0000] {logging_mixin.py:190} INFO - [2025-05-20T03:04:20.353+0000] {dagbag.py:587} INFO - Filling up the DagBag from /home/airflow/.local/lib/python3.12/site-packages/airflow/example_dags/example_sla_dag.py
[2025-05-20T03:04:20.437+0000] {processor.py:925} INFO - DAG(s) 'example_sla_dag' retrieved from /home/airflow/.local/lib/python3.12/site-packages/airflow/example_dags/example_sla_dag.py
[2025-05-20T03:04:20.493+0000] {logging_mixin.py:190} INFO - [2025-05-20T03:04:20.492+0000] {dag.py:3229} INFO - Sync 1 DAGs
[2025-05-20T03:04:20.532+0000] {logging_mixin.py:190} INFO - [2025-05-20T03:04:20.531+0000] {dag.py:4156} INFO - Setting next_dagrun for example_sla_dag to 2025-05-20 03:02:00+00:00, run_after=2025-05-20 03:04:00+00:00
[2025-05-20T03:04:20.561+0000] {processor.py:208} INFO - Processing /home/airflow/.local/lib/python3.12/site-packages/airflow/example_dags/example_sla_dag.py took 0.236 seconds
[2025-05-20T03:04:50.948+0000] {processor.py:186} INFO - Started process (PID=1435) to work on /home/airflow/.local/lib/python3.12/site-packages/airflow/example_dags/example_sla_dag.py
[2025-05-20T03:04:50.958+0000] {processor.py:914} INFO - Processing file /home/airflow/.local/lib/python3.12/site-packages/airflow/example_dags/example_sla_dag.py for tasks to queue
[2025-05-20T03:04:50.967+0000] {logging_mixin.py:190} INFO - [2025-05-20T03:04:50.967+0000] {dagbag.py:587} INFO - Filling up the DagBag from /home/airflow/.local/lib/python3.12/site-packages/airflow/example_dags/example_sla_dag.py
[2025-05-20T03:04:50.995+0000] {processor.py:925} INFO - DAG(s) 'example_sla_dag' retrieved from /home/airflow/.local/lib/python3.12/site-packages/airflow/example_dags/example_sla_dag.py
[2025-05-20T03:04:51.058+0000] {logging_mixin.py:190} INFO - [2025-05-20T03:04:51.058+0000] {dag.py:3229} INFO - Sync 1 DAGs
[2025-05-20T03:04:51.125+0000] {logging_mixin.py:190} INFO - [2025-05-20T03:04:51.125+0000] {dag.py:4156} INFO - Setting next_dagrun for example_sla_dag to 2025-05-20 03:02:00+00:00, run_after=2025-05-20 03:04:00+00:00
[2025-05-20T03:04:51.165+0000] {processor.py:208} INFO - Processing /home/airflow/.local/lib/python3.12/site-packages/airflow/example_dags/example_sla_dag.py took 0.222 seconds
[2025-05-20T03:05:22.987+0000] {processor.py:186} INFO - Started process (PID=1499) to work on /home/airflow/.local/lib/python3.12/site-packages/airflow/example_dags/example_sla_dag.py
[2025-05-20T03:05:22.988+0000] {processor.py:914} INFO - Processing file /home/airflow/.local/lib/python3.12/site-packages/airflow/example_dags/example_sla_dag.py for tasks to queue
[2025-05-20T03:05:22.998+0000] {logging_mixin.py:190} INFO - [2025-05-20T03:05:22.998+0000] {dagbag.py:587} INFO - Filling up the DagBag from /home/airflow/.local/lib/python3.12/site-packages/airflow/example_dags/example_sla_dag.py
[2025-05-20T03:05:23.011+0000] {processor.py:925} INFO - DAG(s) 'example_sla_dag' retrieved from /home/airflow/.local/lib/python3.12/site-packages/airflow/example_dags/example_sla_dag.py
[2025-05-20T03:05:23.060+0000] {logging_mixin.py:190} INFO - [2025-05-20T03:05:23.059+0000] {dag.py:3229} INFO - Sync 1 DAGs
[2025-05-20T03:05:23.131+0000] {logging_mixin.py:190} INFO - [2025-05-20T03:05:23.130+0000] {dag.py:4156} INFO - Setting next_dagrun for example_sla_dag to 2025-05-20 03:02:00+00:00, run_after=2025-05-20 03:04:00+00:00
[2025-05-20T03:05:23.244+0000] {processor.py:208} INFO - Processing /home/airflow/.local/lib/python3.12/site-packages/airflow/example_dags/example_sla_dag.py took 0.261 seconds
[2025-05-20T03:05:54.575+0000] {processor.py:186} INFO - Started process (PID=1562) to work on /home/airflow/.local/lib/python3.12/site-packages/airflow/example_dags/example_sla_dag.py
[2025-05-20T03:05:54.578+0000] {processor.py:914} INFO - Processing file /home/airflow/.local/lib/python3.12/site-packages/airflow/example_dags/example_sla_dag.py for tasks to queue
[2025-05-20T03:05:54.589+0000] {logging_mixin.py:190} INFO - [2025-05-20T03:05:54.589+0000] {dagbag.py:587} INFO - Filling up the DagBag from /home/airflow/.local/lib/python3.12/site-packages/airflow/example_dags/example_sla_dag.py
[2025-05-20T03:05:54.600+0000] {processor.py:925} INFO - DAG(s) 'example_sla_dag' retrieved from /home/airflow/.local/lib/python3.12/site-packages/airflow/example_dags/example_sla_dag.py
[2025-05-20T03:05:54.659+0000] {logging_mixin.py:190} INFO - [2025-05-20T03:05:54.658+0000] {dag.py:3229} INFO - Sync 1 DAGs
[2025-05-20T03:05:54.691+0000] {logging_mixin.py:190} INFO - [2025-05-20T03:05:54.691+0000] {dag.py:4156} INFO - Setting next_dagrun for example_sla_dag to 2025-05-20 03:02:00+00:00, run_after=2025-05-20 03:04:00+00:00
[2025-05-20T03:05:54.748+0000] {processor.py:208} INFO - Processing /home/airflow/.local/lib/python3.12/site-packages/airflow/example_dags/example_sla_dag.py took 0.180 seconds
[2025-05-20T03:06:25.385+0000] {processor.py:186} INFO - Started process (PID=1625) to work on /home/airflow/.local/lib/python3.12/site-packages/airflow/example_dags/example_sla_dag.py
[2025-05-20T03:06:25.388+0000] {processor.py:914} INFO - Processing file /home/airflow/.local/lib/python3.12/site-packages/airflow/example_dags/example_sla_dag.py for tasks to queue
[2025-05-20T03:06:25.395+0000] {logging_mixin.py:190} INFO - [2025-05-20T03:06:25.395+0000] {dagbag.py:587} INFO - Filling up the DagBag from /home/airflow/.local/lib/python3.12/site-packages/airflow/example_dags/example_sla_dag.py
[2025-05-20T03:06:25.416+0000] {processor.py:925} INFO - DAG(s) 'example_sla_dag' retrieved from /home/airflow/.local/lib/python3.12/site-packages/airflow/example_dags/example_sla_dag.py
[2025-05-20T03:06:25.473+0000] {logging_mixin.py:190} INFO - [2025-05-20T03:06:25.473+0000] {dag.py:3229} INFO - Sync 1 DAGs
[2025-05-20T03:06:25.513+0000] {logging_mixin.py:190} INFO - [2025-05-20T03:06:25.512+0000] {dag.py:4156} INFO - Setting next_dagrun for example_sla_dag to 2025-05-20 03:04:00+00:00, run_after=2025-05-20 03:06:00+00:00
[2025-05-20T03:06:25.582+0000] {processor.py:208} INFO - Processing /home/airflow/.local/lib/python3.12/site-packages/airflow/example_dags/example_sla_dag.py took 0.200 seconds
[2025-05-20T03:06:56.214+0000] {processor.py:186} INFO - Started process (PID=1694) to work on /home/airflow/.local/lib/python3.12/site-packages/airflow/example_dags/example_sla_dag.py
[2025-05-20T03:06:56.217+0000] {processor.py:914} INFO - Processing file /home/airflow/.local/lib/python3.12/site-packages/airflow/example_dags/example_sla_dag.py for tasks to queue
[2025-05-20T03:06:56.222+0000] {logging_mixin.py:190} INFO - [2025-05-20T03:06:56.222+0000] {dagbag.py:587} INFO - Filling up the DagBag from /home/airflow/.local/lib/python3.12/site-packages/airflow/example_dags/example_sla_dag.py
[2025-05-20T03:06:56.245+0000] {processor.py:925} INFO - DAG(s) 'example_sla_dag' retrieved from /home/airflow/.local/lib/python3.12/site-packages/airflow/example_dags/example_sla_dag.py
[2025-05-20T03:06:56.287+0000] {logging_mixin.py:190} INFO - [2025-05-20T03:06:56.287+0000] {dag.py:3229} INFO - Sync 1 DAGs
[2025-05-20T03:06:56.349+0000] {logging_mixin.py:190} INFO - [2025-05-20T03:06:56.349+0000] {dag.py:4156} INFO - Setting next_dagrun for example_sla_dag to 2025-05-20 03:04:00+00:00, run_after=2025-05-20 03:06:00+00:00
[2025-05-20T03:06:56.447+0000] {processor.py:208} INFO - Processing /home/airflow/.local/lib/python3.12/site-packages/airflow/example_dags/example_sla_dag.py took 0.238 seconds
[2025-05-20T03:07:26.478+0000] {processor.py:186} INFO - Started process (PID=1756) to work on /home/airflow/.local/lib/python3.12/site-packages/airflow/example_dags/example_sla_dag.py
[2025-05-20T03:07:26.480+0000] {processor.py:914} INFO - Processing file /home/airflow/.local/lib/python3.12/site-packages/airflow/example_dags/example_sla_dag.py for tasks to queue
[2025-05-20T03:07:26.483+0000] {logging_mixin.py:190} INFO - [2025-05-20T03:07:26.483+0000] {dagbag.py:587} INFO - Filling up the DagBag from /home/airflow/.local/lib/python3.12/site-packages/airflow/example_dags/example_sla_dag.py
[2025-05-20T03:07:26.502+0000] {processor.py:925} INFO - DAG(s) 'example_sla_dag' retrieved from /home/airflow/.local/lib/python3.12/site-packages/airflow/example_dags/example_sla_dag.py
[2025-05-20T03:07:26.562+0000] {logging_mixin.py:190} INFO - [2025-05-20T03:07:26.562+0000] {dag.py:3229} INFO - Sync 1 DAGs
[2025-05-20T03:07:26.623+0000] {logging_mixin.py:190} INFO - [2025-05-20T03:07:26.623+0000] {dag.py:4156} INFO - Setting next_dagrun for example_sla_dag to 2025-05-20 03:04:00+00:00, run_after=2025-05-20 03:06:00+00:00
[2025-05-20T03:07:26.671+0000] {processor.py:208} INFO - Processing /home/airflow/.local/lib/python3.12/site-packages/airflow/example_dags/example_sla_dag.py took 0.198 seconds
[2025-05-20T03:07:57.648+0000] {processor.py:186} INFO - Started process (PID=1818) to work on /home/airflow/.local/lib/python3.12/site-packages/airflow/example_dags/example_sla_dag.py
[2025-05-20T03:07:57.650+0000] {processor.py:914} INFO - Processing file /home/airflow/.local/lib/python3.12/site-packages/airflow/example_dags/example_sla_dag.py for tasks to queue
[2025-05-20T03:07:57.654+0000] {logging_mixin.py:190} INFO - [2025-05-20T03:07:57.654+0000] {dagbag.py:587} INFO - Filling up the DagBag from /home/airflow/.local/lib/python3.12/site-packages/airflow/example_dags/example_sla_dag.py
[2025-05-20T03:07:57.666+0000] {processor.py:925} INFO - DAG(s) 'example_sla_dag' retrieved from /home/airflow/.local/lib/python3.12/site-packages/airflow/example_dags/example_sla_dag.py
[2025-05-20T03:07:57.705+0000] {logging_mixin.py:190} INFO - [2025-05-20T03:07:57.705+0000] {dag.py:3229} INFO - Sync 1 DAGs
[2025-05-20T03:07:57.735+0000] {logging_mixin.py:190} INFO - [2025-05-20T03:07:57.735+0000] {dag.py:4156} INFO - Setting next_dagrun for example_sla_dag to 2025-05-20 03:04:00+00:00, run_after=2025-05-20 03:06:00+00:00
[2025-05-20T03:07:57.785+0000] {processor.py:208} INFO - Processing /home/airflow/.local/lib/python3.12/site-packages/airflow/example_dags/example_sla_dag.py took 0.146 seconds
[2025-05-20T03:08:28.565+0000] {processor.py:186} INFO - Started process (PID=1881) to work on /home/airflow/.local/lib/python3.12/site-packages/airflow/example_dags/example_sla_dag.py
[2025-05-20T03:08:28.567+0000] {processor.py:914} INFO - Processing file /home/airflow/.local/lib/python3.12/site-packages/airflow/example_dags/example_sla_dag.py for tasks to queue
[2025-05-20T03:08:28.577+0000] {logging_mixin.py:190} INFO - [2025-05-20T03:08:28.576+0000] {dagbag.py:587} INFO - Filling up the DagBag from /home/airflow/.local/lib/python3.12/site-packages/airflow/example_dags/example_sla_dag.py
[2025-05-20T03:08:28.588+0000] {processor.py:925} INFO - DAG(s) 'example_sla_dag' retrieved from /home/airflow/.local/lib/python3.12/site-packages/airflow/example_dags/example_sla_dag.py
[2025-05-20T03:08:28.646+0000] {logging_mixin.py:190} INFO - [2025-05-20T03:08:28.645+0000] {dag.py:3229} INFO - Sync 1 DAGs
[2025-05-20T03:08:28.681+0000] {logging_mixin.py:190} INFO - [2025-05-20T03:08:28.681+0000] {dag.py:4156} INFO - Setting next_dagrun for example_sla_dag to 2025-05-20 03:06:00+00:00, run_after=2025-05-20 03:08:00+00:00
[2025-05-20T03:08:28.725+0000] {processor.py:208} INFO - Processing /home/airflow/.local/lib/python3.12/site-packages/airflow/example_dags/example_sla_dag.py took 0.167 seconds
[2025-05-20T03:08:59.388+0000] {processor.py:186} INFO - Started process (PID=1944) to work on /home/airflow/.local/lib/python3.12/site-packages/airflow/example_dags/example_sla_dag.py
[2025-05-20T03:08:59.390+0000] {processor.py:914} INFO - Processing file /home/airflow/.local/lib/python3.12/site-packages/airflow/example_dags/example_sla_dag.py for tasks to queue
[2025-05-20T03:08:59.406+0000] {logging_mixin.py:190} INFO - [2025-05-20T03:08:59.406+0000] {dagbag.py:587} INFO - Filling up the DagBag from /home/airflow/.local/lib/python3.12/site-packages/airflow/example_dags/example_sla_dag.py
[2025-05-20T03:08:59.429+0000] {processor.py:925} INFO - DAG(s) 'example_sla_dag' retrieved from /home/airflow/.local/lib/python3.12/site-packages/airflow/example_dags/example_sla_dag.py
[2025-05-20T03:08:59.475+0000] {logging_mixin.py:190} INFO - [2025-05-20T03:08:59.474+0000] {dag.py:3229} INFO - Sync 1 DAGs
[2025-05-20T03:08:59.523+0000] {logging_mixin.py:190} INFO - [2025-05-20T03:08:59.523+0000] {dag.py:4156} INFO - Setting next_dagrun for example_sla_dag to 2025-05-20 03:06:00+00:00, run_after=2025-05-20 03:08:00+00:00
[2025-05-20T03:08:59.606+0000] {processor.py:208} INFO - Processing /home/airflow/.local/lib/python3.12/site-packages/airflow/example_dags/example_sla_dag.py took 0.223 seconds
[2025-05-20T03:09:30.359+0000] {processor.py:186} INFO - Started process (PID=2008) to work on /home/airflow/.local/lib/python3.12/site-packages/airflow/example_dags/example_sla_dag.py
[2025-05-20T03:09:30.363+0000] {processor.py:914} INFO - Processing file /home/airflow/.local/lib/python3.12/site-packages/airflow/example_dags/example_sla_dag.py for tasks to queue
[2025-05-20T03:09:30.367+0000] {logging_mixin.py:190} INFO - [2025-05-20T03:09:30.367+0000] {dagbag.py:587} INFO - Filling up the DagBag from /home/airflow/.local/lib/python3.12/site-packages/airflow/example_dags/example_sla_dag.py
[2025-05-20T03:09:30.379+0000] {processor.py:925} INFO - DAG(s) 'example_sla_dag' retrieved from /home/airflow/.local/lib/python3.12/site-packages/airflow/example_dags/example_sla_dag.py
[2025-05-20T03:09:30.457+0000] {logging_mixin.py:190} INFO - [2025-05-20T03:09:30.457+0000] {dag.py:3229} INFO - Sync 1 DAGs
[2025-05-20T03:09:30.528+0000] {logging_mixin.py:190} INFO - [2025-05-20T03:09:30.528+0000] {dag.py:4156} INFO - Setting next_dagrun for example_sla_dag to 2025-05-20 03:06:00+00:00, run_after=2025-05-20 03:08:00+00:00
[2025-05-20T03:09:30.608+0000] {processor.py:208} INFO - Processing /home/airflow/.local/lib/python3.12/site-packages/airflow/example_dags/example_sla_dag.py took 0.252 seconds
[2025-05-20T03:10:02.551+0000] {processor.py:186} INFO - Started process (PID=2071) to work on /home/airflow/.local/lib/python3.12/site-packages/airflow/example_dags/example_sla_dag.py
[2025-05-20T03:10:02.554+0000] {processor.py:914} INFO - Processing file /home/airflow/.local/lib/python3.12/site-packages/airflow/example_dags/example_sla_dag.py for tasks to queue
[2025-05-20T03:10:02.571+0000] {logging_mixin.py:190} INFO - [2025-05-20T03:10:02.565+0000] {dagbag.py:587} INFO - Filling up the DagBag from /home/airflow/.local/lib/python3.12/site-packages/airflow/example_dags/example_sla_dag.py
[2025-05-20T03:10:02.581+0000] {processor.py:925} INFO - DAG(s) 'example_sla_dag' retrieved from /home/airflow/.local/lib/python3.12/site-packages/airflow/example_dags/example_sla_dag.py
[2025-05-20T03:10:02.640+0000] {logging_mixin.py:190} INFO - [2025-05-20T03:10:02.637+0000] {dag.py:3229} INFO - Sync 1 DAGs
[2025-05-20T03:10:02.682+0000] {logging_mixin.py:190} INFO - [2025-05-20T03:10:02.682+0000] {dag.py:4156} INFO - Setting next_dagrun for example_sla_dag to 2025-05-20 03:08:00+00:00, run_after=2025-05-20 03:10:00+00:00
[2025-05-20T03:10:02.721+0000] {processor.py:208} INFO - Processing /home/airflow/.local/lib/python3.12/site-packages/airflow/example_dags/example_sla_dag.py took 0.200 seconds
[2025-05-20T03:10:33.264+0000] {processor.py:186} INFO - Started process (PID=2134) to work on /home/airflow/.local/lib/python3.12/site-packages/airflow/example_dags/example_sla_dag.py
[2025-05-20T03:10:33.265+0000] {processor.py:914} INFO - Processing file /home/airflow/.local/lib/python3.12/site-packages/airflow/example_dags/example_sla_dag.py for tasks to queue
[2025-05-20T03:10:33.271+0000] {logging_mixin.py:190} INFO - [2025-05-20T03:10:33.271+0000] {dagbag.py:587} INFO - Filling up the DagBag from /home/airflow/.local/lib/python3.12/site-packages/airflow/example_dags/example_sla_dag.py
[2025-05-20T03:10:33.288+0000] {processor.py:925} INFO - DAG(s) 'example_sla_dag' retrieved from /home/airflow/.local/lib/python3.12/site-packages/airflow/example_dags/example_sla_dag.py
[2025-05-20T03:10:33.316+0000] {logging_mixin.py:190} INFO - [2025-05-20T03:10:33.315+0000] {dag.py:3229} INFO - Sync 1 DAGs
[2025-05-20T03:10:33.368+0000] {logging_mixin.py:190} INFO - [2025-05-20T03:10:33.368+0000] {dag.py:4156} INFO - Setting next_dagrun for example_sla_dag to 2025-05-20 03:08:00+00:00, run_after=2025-05-20 03:10:00+00:00
[2025-05-20T03:10:33.423+0000] {processor.py:208} INFO - Processing /home/airflow/.local/lib/python3.12/site-packages/airflow/example_dags/example_sla_dag.py took 0.165 seconds
[2025-05-20T03:11:05.245+0000] {processor.py:186} INFO - Started process (PID=2196) to work on /home/airflow/.local/lib/python3.12/site-packages/airflow/example_dags/example_sla_dag.py
[2025-05-20T03:11:05.249+0000] {processor.py:914} INFO - Processing file /home/airflow/.local/lib/python3.12/site-packages/airflow/example_dags/example_sla_dag.py for tasks to queue
[2025-05-20T03:11:05.262+0000] {logging_mixin.py:190} INFO - [2025-05-20T03:11:05.261+0000] {dagbag.py:587} INFO - Filling up the DagBag from /home/airflow/.local/lib/python3.12/site-packages/airflow/example_dags/example_sla_dag.py
[2025-05-20T03:11:05.283+0000] {processor.py:925} INFO - DAG(s) 'example_sla_dag' retrieved from /home/airflow/.local/lib/python3.12/site-packages/airflow/example_dags/example_sla_dag.py
[2025-05-20T03:11:05.340+0000] {logging_mixin.py:190} INFO - [2025-05-20T03:11:05.339+0000] {dag.py:3229} INFO - Sync 1 DAGs
[2025-05-20T03:11:05.381+0000] {logging_mixin.py:190} INFO - [2025-05-20T03:11:05.381+0000] {dag.py:4156} INFO - Setting next_dagrun for example_sla_dag to 2025-05-20 03:08:00+00:00, run_after=2025-05-20 03:10:00+00:00
[2025-05-20T03:11:05.447+0000] {processor.py:208} INFO - Processing /home/airflow/.local/lib/python3.12/site-packages/airflow/example_dags/example_sla_dag.py took 0.209 seconds
[2025-05-20T03:11:36.614+0000] {processor.py:186} INFO - Started process (PID=2259) to work on /home/airflow/.local/lib/python3.12/site-packages/airflow/example_dags/example_sla_dag.py
[2025-05-20T03:11:36.616+0000] {processor.py:914} INFO - Processing file /home/airflow/.local/lib/python3.12/site-packages/airflow/example_dags/example_sla_dag.py for tasks to queue
[2025-05-20T03:11:36.621+0000] {logging_mixin.py:190} INFO - [2025-05-20T03:11:36.620+0000] {dagbag.py:587} INFO - Filling up the DagBag from /home/airflow/.local/lib/python3.12/site-packages/airflow/example_dags/example_sla_dag.py
[2025-05-20T03:11:36.632+0000] {processor.py:925} INFO - DAG(s) 'example_sla_dag' retrieved from /home/airflow/.local/lib/python3.12/site-packages/airflow/example_dags/example_sla_dag.py
[2025-05-20T03:11:36.702+0000] {logging_mixin.py:190} INFO - [2025-05-20T03:11:36.702+0000] {dag.py:3229} INFO - Sync 1 DAGs
[2025-05-20T03:11:36.746+0000] {logging_mixin.py:190} INFO - [2025-05-20T03:11:36.746+0000] {dag.py:4156} INFO - Setting next_dagrun for example_sla_dag to 2025-05-20 03:08:00+00:00, run_after=2025-05-20 03:10:00+00:00
[2025-05-20T03:11:36.809+0000] {processor.py:208} INFO - Processing /home/airflow/.local/lib/python3.12/site-packages/airflow/example_dags/example_sla_dag.py took 0.198 seconds
[2025-05-20T03:12:08.007+0000] {processor.py:186} INFO - Started process (PID=2322) to work on /home/airflow/.local/lib/python3.12/site-packages/airflow/example_dags/example_sla_dag.py
[2025-05-20T03:12:08.012+0000] {processor.py:914} INFO - Processing file /home/airflow/.local/lib/python3.12/site-packages/airflow/example_dags/example_sla_dag.py for tasks to queue
[2025-05-20T03:12:08.020+0000] {logging_mixin.py:190} INFO - [2025-05-20T03:12:08.020+0000] {dagbag.py:587} INFO - Filling up the DagBag from /home/airflow/.local/lib/python3.12/site-packages/airflow/example_dags/example_sla_dag.py
[2025-05-20T03:12:08.051+0000] {processor.py:925} INFO - DAG(s) 'example_sla_dag' retrieved from /home/airflow/.local/lib/python3.12/site-packages/airflow/example_dags/example_sla_dag.py
[2025-05-20T03:12:08.091+0000] {logging_mixin.py:190} INFO - [2025-05-20T03:12:08.090+0000] {dag.py:3229} INFO - Sync 1 DAGs
[2025-05-20T03:12:08.138+0000] {logging_mixin.py:190} INFO - [2025-05-20T03:12:08.138+0000] {dag.py:4156} INFO - Setting next_dagrun for example_sla_dag to 2025-05-20 03:10:00+00:00, run_after=2025-05-20 03:12:00+00:00
[2025-05-20T03:12:08.206+0000] {processor.py:208} INFO - Processing /home/airflow/.local/lib/python3.12/site-packages/airflow/example_dags/example_sla_dag.py took 0.205 seconds
[2025-05-20T03:12:39.305+0000] {processor.py:186} INFO - Started process (PID=2384) to work on /home/airflow/.local/lib/python3.12/site-packages/airflow/example_dags/example_sla_dag.py
[2025-05-20T03:12:39.307+0000] {processor.py:914} INFO - Processing file /home/airflow/.local/lib/python3.12/site-packages/airflow/example_dags/example_sla_dag.py for tasks to queue
[2025-05-20T03:12:39.310+0000] {logging_mixin.py:190} INFO - [2025-05-20T03:12:39.310+0000] {dagbag.py:587} INFO - Filling up the DagBag from /home/airflow/.local/lib/python3.12/site-packages/airflow/example_dags/example_sla_dag.py
[2025-05-20T03:12:39.338+0000] {processor.py:925} INFO - DAG(s) 'example_sla_dag' retrieved from /home/airflow/.local/lib/python3.12/site-packages/airflow/example_dags/example_sla_dag.py
[2025-05-20T03:12:39.377+0000] {logging_mixin.py:190} INFO - [2025-05-20T03:12:39.375+0000] {dag.py:3229} INFO - Sync 1 DAGs
[2025-05-20T03:12:39.428+0000] {logging_mixin.py:190} INFO - [2025-05-20T03:12:39.427+0000] {dag.py:4156} INFO - Setting next_dagrun for example_sla_dag to 2025-05-20 03:10:00+00:00, run_after=2025-05-20 03:12:00+00:00
[2025-05-20T03:12:39.468+0000] {processor.py:208} INFO - Processing /home/airflow/.local/lib/python3.12/site-packages/airflow/example_dags/example_sla_dag.py took 0.168 seconds
[2025-05-20T03:13:10.336+0000] {processor.py:186} INFO - Started process (PID=2446) to work on /home/airflow/.local/lib/python3.12/site-packages/airflow/example_dags/example_sla_dag.py
[2025-05-20T03:13:10.339+0000] {processor.py:914} INFO - Processing file /home/airflow/.local/lib/python3.12/site-packages/airflow/example_dags/example_sla_dag.py for tasks to queue
[2025-05-20T03:13:10.350+0000] {logging_mixin.py:190} INFO - [2025-05-20T03:13:10.350+0000] {dagbag.py:587} INFO - Filling up the DagBag from /home/airflow/.local/lib/python3.12/site-packages/airflow/example_dags/example_sla_dag.py
[2025-05-20T03:13:10.361+0000] {processor.py:925} INFO - DAG(s) 'example_sla_dag' retrieved from /home/airflow/.local/lib/python3.12/site-packages/airflow/example_dags/example_sla_dag.py
[2025-05-20T03:13:10.431+0000] {logging_mixin.py:190} INFO - [2025-05-20T03:13:10.431+0000] {dag.py:3229} INFO - Sync 1 DAGs
[2025-05-20T03:13:10.507+0000] {logging_mixin.py:190} INFO - [2025-05-20T03:13:10.507+0000] {dag.py:4156} INFO - Setting next_dagrun for example_sla_dag to 2025-05-20 03:10:00+00:00, run_after=2025-05-20 03:12:00+00:00
[2025-05-20T03:13:10.571+0000] {processor.py:208} INFO - Processing /home/airflow/.local/lib/python3.12/site-packages/airflow/example_dags/example_sla_dag.py took 0.238 seconds
[2025-05-20T03:13:41.718+0000] {processor.py:186} INFO - Started process (PID=2510) to work on /home/airflow/.local/lib/python3.12/site-packages/airflow/example_dags/example_sla_dag.py
[2025-05-20T03:13:41.722+0000] {processor.py:914} INFO - Processing file /home/airflow/.local/lib/python3.12/site-packages/airflow/example_dags/example_sla_dag.py for tasks to queue
[2025-05-20T03:13:41.730+0000] {logging_mixin.py:190} INFO - [2025-05-20T03:13:41.730+0000] {dagbag.py:587} INFO - Filling up the DagBag from /home/airflow/.local/lib/python3.12/site-packages/airflow/example_dags/example_sla_dag.py
[2025-05-20T03:13:41.780+0000] {processor.py:925} INFO - DAG(s) 'example_sla_dag' retrieved from /home/airflow/.local/lib/python3.12/site-packages/airflow/example_dags/example_sla_dag.py
[2025-05-20T03:13:41.821+0000] {logging_mixin.py:190} INFO - [2025-05-20T03:13:41.821+0000] {dag.py:3229} INFO - Sync 1 DAGs
[2025-05-20T03:13:41.859+0000] {logging_mixin.py:190} INFO - [2025-05-20T03:13:41.859+0000] {dag.py:4156} INFO - Setting next_dagrun for example_sla_dag to 2025-05-20 03:10:00+00:00, run_after=2025-05-20 03:12:00+00:00
[2025-05-20T03:13:41.920+0000] {processor.py:208} INFO - Processing /home/airflow/.local/lib/python3.12/site-packages/airflow/example_dags/example_sla_dag.py took 0.205 seconds
[2025-05-20T03:14:13.700+0000] {processor.py:186} INFO - Started process (PID=2573) to work on /home/airflow/.local/lib/python3.12/site-packages/airflow/example_dags/example_sla_dag.py
[2025-05-20T03:14:13.707+0000] {processor.py:914} INFO - Processing file /home/airflow/.local/lib/python3.12/site-packages/airflow/example_dags/example_sla_dag.py for tasks to queue
[2025-05-20T03:14:13.714+0000] {logging_mixin.py:190} INFO - [2025-05-20T03:14:13.713+0000] {dagbag.py:587} INFO - Filling up the DagBag from /home/airflow/.local/lib/python3.12/site-packages/airflow/example_dags/example_sla_dag.py
[2025-05-20T03:14:13.743+0000] {processor.py:925} INFO - DAG(s) 'example_sla_dag' retrieved from /home/airflow/.local/lib/python3.12/site-packages/airflow/example_dags/example_sla_dag.py
[2025-05-20T03:14:13.805+0000] {logging_mixin.py:190} INFO - [2025-05-20T03:14:13.803+0000] {dag.py:3229} INFO - Sync 1 DAGs
[2025-05-20T03:14:13.894+0000] {logging_mixin.py:190} INFO - [2025-05-20T03:14:13.894+0000] {dag.py:4156} INFO - Setting next_dagrun for example_sla_dag to 2025-05-20 03:12:00+00:00, run_after=2025-05-20 03:14:00+00:00
[2025-05-20T03:14:13.922+0000] {processor.py:208} INFO - Processing /home/airflow/.local/lib/python3.12/site-packages/airflow/example_dags/example_sla_dag.py took 0.226 seconds
[2025-05-20T03:14:44.380+0000] {processor.py:186} INFO - Started process (PID=2636) to work on /home/airflow/.local/lib/python3.12/site-packages/airflow/example_dags/example_sla_dag.py
[2025-05-20T03:14:44.383+0000] {processor.py:914} INFO - Processing file /home/airflow/.local/lib/python3.12/site-packages/airflow/example_dags/example_sla_dag.py for tasks to queue
[2025-05-20T03:14:44.390+0000] {logging_mixin.py:190} INFO - [2025-05-20T03:14:44.390+0000] {dagbag.py:587} INFO - Filling up the DagBag from /home/airflow/.local/lib/python3.12/site-packages/airflow/example_dags/example_sla_dag.py
[2025-05-20T03:14:44.399+0000] {processor.py:925} INFO - DAG(s) 'example_sla_dag' retrieved from /home/airflow/.local/lib/python3.12/site-packages/airflow/example_dags/example_sla_dag.py
[2025-05-20T03:14:44.474+0000] {logging_mixin.py:190} INFO - [2025-05-20T03:14:44.474+0000] {dag.py:3229} INFO - Sync 1 DAGs
[2025-05-20T03:14:44.537+0000] {logging_mixin.py:190} INFO - [2025-05-20T03:14:44.537+0000] {dag.py:4156} INFO - Setting next_dagrun for example_sla_dag to 2025-05-20 03:12:00+00:00, run_after=2025-05-20 03:14:00+00:00
[2025-05-20T03:14:44.604+0000] {processor.py:208} INFO - Processing /home/airflow/.local/lib/python3.12/site-packages/airflow/example_dags/example_sla_dag.py took 0.227 seconds
[2025-05-20T03:15:17.376+0000] {processor.py:186} INFO - Started process (PID=2699) to work on /home/airflow/.local/lib/python3.12/site-packages/airflow/example_dags/example_sla_dag.py
[2025-05-20T03:15:17.378+0000] {processor.py:914} INFO - Processing file /home/airflow/.local/lib/python3.12/site-packages/airflow/example_dags/example_sla_dag.py for tasks to queue
[2025-05-20T03:15:17.380+0000] {logging_mixin.py:190} INFO - [2025-05-20T03:15:17.380+0000] {dagbag.py:587} INFO - Filling up the DagBag from /home/airflow/.local/lib/python3.12/site-packages/airflow/example_dags/example_sla_dag.py
[2025-05-20T03:15:17.397+0000] {processor.py:925} INFO - DAG(s) 'example_sla_dag' retrieved from /home/airflow/.local/lib/python3.12/site-packages/airflow/example_dags/example_sla_dag.py
[2025-05-20T03:15:17.420+0000] {logging_mixin.py:190} INFO - [2025-05-20T03:15:17.419+0000] {dag.py:3229} INFO - Sync 1 DAGs
[2025-05-20T03:15:17.524+0000] {logging_mixin.py:190} INFO - [2025-05-20T03:15:17.524+0000] {dag.py:4156} INFO - Setting next_dagrun for example_sla_dag to 2025-05-20 03:12:00+00:00, run_after=2025-05-20 03:14:00+00:00
[2025-05-20T03:15:17.581+0000] {processor.py:208} INFO - Processing /home/airflow/.local/lib/python3.12/site-packages/airflow/example_dags/example_sla_dag.py took 0.210 seconds
[2025-05-20T03:15:47.789+0000] {processor.py:186} INFO - Started process (PID=2762) to work on /home/airflow/.local/lib/python3.12/site-packages/airflow/example_dags/example_sla_dag.py
[2025-05-20T03:15:47.791+0000] {processor.py:914} INFO - Processing file /home/airflow/.local/lib/python3.12/site-packages/airflow/example_dags/example_sla_dag.py for tasks to queue
[2025-05-20T03:15:47.800+0000] {logging_mixin.py:190} INFO - [2025-05-20T03:15:47.799+0000] {dagbag.py:587} INFO - Filling up the DagBag from /home/airflow/.local/lib/python3.12/site-packages/airflow/example_dags/example_sla_dag.py
[2025-05-20T03:15:47.817+0000] {processor.py:925} INFO - DAG(s) 'example_sla_dag' retrieved from /home/airflow/.local/lib/python3.12/site-packages/airflow/example_dags/example_sla_dag.py
[2025-05-20T03:15:47.875+0000] {logging_mixin.py:190} INFO - [2025-05-20T03:15:47.875+0000] {dag.py:3229} INFO - Sync 1 DAGs
[2025-05-20T03:15:47.925+0000] {logging_mixin.py:190} INFO - [2025-05-20T03:15:47.924+0000] {dag.py:4156} INFO - Setting next_dagrun for example_sla_dag to 2025-05-20 03:12:00+00:00, run_after=2025-05-20 03:14:00+00:00
[2025-05-20T03:15:48.018+0000] {processor.py:208} INFO - Processing /home/airflow/.local/lib/python3.12/site-packages/airflow/example_dags/example_sla_dag.py took 0.233 seconds
[2025-05-20T03:16:20.431+0000] {processor.py:186} INFO - Started process (PID=2825) to work on /home/airflow/.local/lib/python3.12/site-packages/airflow/example_dags/example_sla_dag.py
[2025-05-20T03:16:20.446+0000] {processor.py:914} INFO - Processing file /home/airflow/.local/lib/python3.12/site-packages/airflow/example_dags/example_sla_dag.py for tasks to queue
[2025-05-20T03:16:20.449+0000] {logging_mixin.py:190} INFO - [2025-05-20T03:16:20.449+0000] {dagbag.py:587} INFO - Filling up the DagBag from /home/airflow/.local/lib/python3.12/site-packages/airflow/example_dags/example_sla_dag.py
[2025-05-20T03:16:20.468+0000] {processor.py:925} INFO - DAG(s) 'example_sla_dag' retrieved from /home/airflow/.local/lib/python3.12/site-packages/airflow/example_dags/example_sla_dag.py
[2025-05-20T03:16:20.579+0000] {logging_mixin.py:190} INFO - [2025-05-20T03:16:20.571+0000] {dag.py:3229} INFO - Sync 1 DAGs
[2025-05-20T03:16:20.624+0000] {logging_mixin.py:190} INFO - [2025-05-20T03:16:20.623+0000] {dag.py:4156} INFO - Setting next_dagrun for example_sla_dag to 2025-05-20 03:14:00+00:00, run_after=2025-05-20 03:16:00+00:00
[2025-05-20T03:16:20.673+0000] {processor.py:208} INFO - Processing /home/airflow/.local/lib/python3.12/site-packages/airflow/example_dags/example_sla_dag.py took 0.251 seconds
[2025-05-20T03:16:50.733+0000] {processor.py:186} INFO - Started process (PID=2888) to work on /home/airflow/.local/lib/python3.12/site-packages/airflow/example_dags/example_sla_dag.py
[2025-05-20T03:16:50.736+0000] {processor.py:914} INFO - Processing file /home/airflow/.local/lib/python3.12/site-packages/airflow/example_dags/example_sla_dag.py for tasks to queue
[2025-05-20T03:16:50.747+0000] {logging_mixin.py:190} INFO - [2025-05-20T03:16:50.746+0000] {dagbag.py:587} INFO - Filling up the DagBag from /home/airflow/.local/lib/python3.12/site-packages/airflow/example_dags/example_sla_dag.py
[2025-05-20T03:16:50.759+0000] {processor.py:925} INFO - DAG(s) 'example_sla_dag' retrieved from /home/airflow/.local/lib/python3.12/site-packages/airflow/example_dags/example_sla_dag.py
[2025-05-20T03:16:50.811+0000] {logging_mixin.py:190} INFO - [2025-05-20T03:16:50.811+0000] {dag.py:3229} INFO - Sync 1 DAGs
[2025-05-20T03:16:50.857+0000] {logging_mixin.py:190} INFO - [2025-05-20T03:16:50.856+0000] {dag.py:4156} INFO - Setting next_dagrun for example_sla_dag to 2025-05-20 03:14:00+00:00, run_after=2025-05-20 03:16:00+00:00
[2025-05-20T03:16:50.889+0000] {processor.py:208} INFO - Processing /home/airflow/.local/lib/python3.12/site-packages/airflow/example_dags/example_sla_dag.py took 0.160 seconds
[2025-05-20T03:17:22.791+0000] {processor.py:186} INFO - Started process (PID=2951) to work on /home/airflow/.local/lib/python3.12/site-packages/airflow/example_dags/example_sla_dag.py
[2025-05-20T03:17:22.795+0000] {processor.py:914} INFO - Processing file /home/airflow/.local/lib/python3.12/site-packages/airflow/example_dags/example_sla_dag.py for tasks to queue
[2025-05-20T03:17:22.808+0000] {logging_mixin.py:190} INFO - [2025-05-20T03:17:22.798+0000] {dagbag.py:587} INFO - Filling up the DagBag from /home/airflow/.local/lib/python3.12/site-packages/airflow/example_dags/example_sla_dag.py
[2025-05-20T03:17:22.830+0000] {processor.py:925} INFO - DAG(s) 'example_sla_dag' retrieved from /home/airflow/.local/lib/python3.12/site-packages/airflow/example_dags/example_sla_dag.py
[2025-05-20T03:17:22.897+0000] {logging_mixin.py:190} INFO - [2025-05-20T03:17:22.897+0000] {dag.py:3229} INFO - Sync 1 DAGs
[2025-05-20T03:17:22.940+0000] {logging_mixin.py:190} INFO - [2025-05-20T03:17:22.940+0000] {dag.py:4156} INFO - Setting next_dagrun for example_sla_dag to 2025-05-20 03:14:00+00:00, run_after=2025-05-20 03:16:00+00:00
[2025-05-20T03:17:22.994+0000] {processor.py:208} INFO - Processing /home/airflow/.local/lib/python3.12/site-packages/airflow/example_dags/example_sla_dag.py took 0.207 seconds
[2025-05-20T03:17:53.640+0000] {processor.py:186} INFO - Started process (PID=3014) to work on /home/airflow/.local/lib/python3.12/site-packages/airflow/example_dags/example_sla_dag.py
[2025-05-20T03:17:53.647+0000] {processor.py:914} INFO - Processing file /home/airflow/.local/lib/python3.12/site-packages/airflow/example_dags/example_sla_dag.py for tasks to queue
[2025-05-20T03:17:53.656+0000] {logging_mixin.py:190} INFO - [2025-05-20T03:17:53.654+0000] {dagbag.py:587} INFO - Filling up the DagBag from /home/airflow/.local/lib/python3.12/site-packages/airflow/example_dags/example_sla_dag.py
[2025-05-20T03:17:53.672+0000] {processor.py:925} INFO - DAG(s) 'example_sla_dag' retrieved from /home/airflow/.local/lib/python3.12/site-packages/airflow/example_dags/example_sla_dag.py
[2025-05-20T03:17:53.699+0000] {logging_mixin.py:190} INFO - [2025-05-20T03:17:53.698+0000] {dag.py:3229} INFO - Sync 1 DAGs
[2025-05-20T03:17:53.738+0000] {logging_mixin.py:190} INFO - [2025-05-20T03:17:53.738+0000] {dag.py:4156} INFO - Setting next_dagrun for example_sla_dag to 2025-05-20 03:14:00+00:00, run_after=2025-05-20 03:16:00+00:00
[2025-05-20T03:17:53.783+0000] {processor.py:208} INFO - Processing /home/airflow/.local/lib/python3.12/site-packages/airflow/example_dags/example_sla_dag.py took 0.146 seconds
[2025-05-20T03:18:27.202+0000] {processor.py:186} INFO - Started process (PID=3077) to work on /home/airflow/.local/lib/python3.12/site-packages/airflow/example_dags/example_sla_dag.py
[2025-05-20T03:18:27.204+0000] {processor.py:914} INFO - Processing file /home/airflow/.local/lib/python3.12/site-packages/airflow/example_dags/example_sla_dag.py for tasks to queue
[2025-05-20T03:18:27.207+0000] {logging_mixin.py:190} INFO - [2025-05-20T03:18:27.207+0000] {dagbag.py:587} INFO - Filling up the DagBag from /home/airflow/.local/lib/python3.12/site-packages/airflow/example_dags/example_sla_dag.py
[2025-05-20T03:18:27.234+0000] {processor.py:925} INFO - DAG(s) 'example_sla_dag' retrieved from /home/airflow/.local/lib/python3.12/site-packages/airflow/example_dags/example_sla_dag.py
[2025-05-20T03:18:27.265+0000] {logging_mixin.py:190} INFO - [2025-05-20T03:18:27.265+0000] {dag.py:3229} INFO - Sync 1 DAGs
[2025-05-20T03:18:27.327+0000] {logging_mixin.py:190} INFO - [2025-05-20T03:18:27.325+0000] {dag.py:4156} INFO - Setting next_dagrun for example_sla_dag to 2025-05-20 03:16:00+00:00, run_after=2025-05-20 03:18:00+00:00
[2025-05-20T03:18:27.415+0000] {processor.py:208} INFO - Processing /home/airflow/.local/lib/python3.12/site-packages/airflow/example_dags/example_sla_dag.py took 0.217 seconds
[2025-05-20T03:18:58.039+0000] {processor.py:186} INFO - Started process (PID=3140) to work on /home/airflow/.local/lib/python3.12/site-packages/airflow/example_dags/example_sla_dag.py
[2025-05-20T03:18:58.041+0000] {processor.py:914} INFO - Processing file /home/airflow/.local/lib/python3.12/site-packages/airflow/example_dags/example_sla_dag.py for tasks to queue
[2025-05-20T03:18:58.043+0000] {logging_mixin.py:190} INFO - [2025-05-20T03:18:58.043+0000] {dagbag.py:587} INFO - Filling up the DagBag from /home/airflow/.local/lib/python3.12/site-packages/airflow/example_dags/example_sla_dag.py
[2025-05-20T03:18:58.057+0000] {processor.py:925} INFO - DAG(s) 'example_sla_dag' retrieved from /home/airflow/.local/lib/python3.12/site-packages/airflow/example_dags/example_sla_dag.py
[2025-05-20T03:18:58.111+0000] {logging_mixin.py:190} INFO - [2025-05-20T03:18:58.111+0000] {dag.py:3229} INFO - Sync 1 DAGs
[2025-05-20T03:18:58.337+0000] {logging_mixin.py:190} INFO - [2025-05-20T03:18:58.337+0000] {dag.py:4156} INFO - Setting next_dagrun for example_sla_dag to 2025-05-20 03:16:00+00:00, run_after=2025-05-20 03:18:00+00:00
[2025-05-20T03:18:58.388+0000] {processor.py:208} INFO - Processing /home/airflow/.local/lib/python3.12/site-packages/airflow/example_dags/example_sla_dag.py took 0.353 seconds
[2025-05-20T03:19:29.607+0000] {processor.py:186} INFO - Started process (PID=3207) to work on /home/airflow/.local/lib/python3.12/site-packages/airflow/example_dags/example_sla_dag.py
[2025-05-20T03:19:29.610+0000] {processor.py:914} INFO - Processing file /home/airflow/.local/lib/python3.12/site-packages/airflow/example_dags/example_sla_dag.py for tasks to queue
[2025-05-20T03:19:29.646+0000] {logging_mixin.py:190} INFO - [2025-05-20T03:19:29.646+0000] {dagbag.py:587} INFO - Filling up the DagBag from /home/airflow/.local/lib/python3.12/site-packages/airflow/example_dags/example_sla_dag.py
[2025-05-20T03:19:29.698+0000] {processor.py:925} INFO - DAG(s) 'example_sla_dag' retrieved from /home/airflow/.local/lib/python3.12/site-packages/airflow/example_dags/example_sla_dag.py
[2025-05-20T03:19:29.751+0000] {logging_mixin.py:190} INFO - [2025-05-20T03:19:29.751+0000] {dag.py:3229} INFO - Sync 1 DAGs
[2025-05-20T03:19:30.016+0000] {logging_mixin.py:190} INFO - [2025-05-20T03:19:30.016+0000] {dag.py:4156} INFO - Setting next_dagrun for example_sla_dag to 2025-05-20 03:16:00+00:00, run_after=2025-05-20 03:18:00+00:00
[2025-05-20T03:19:30.071+0000] {processor.py:208} INFO - Processing /home/airflow/.local/lib/python3.12/site-packages/airflow/example_dags/example_sla_dag.py took 0.469 seconds
[2025-05-20T03:20:00.494+0000] {processor.py:186} INFO - Started process (PID=3270) to work on /home/airflow/.local/lib/python3.12/site-packages/airflow/example_dags/example_sla_dag.py
[2025-05-20T03:20:00.497+0000] {processor.py:914} INFO - Processing file /home/airflow/.local/lib/python3.12/site-packages/airflow/example_dags/example_sla_dag.py for tasks to queue
[2025-05-20T03:20:00.507+0000] {logging_mixin.py:190} INFO - [2025-05-20T03:20:00.503+0000] {dagbag.py:587} INFO - Filling up the DagBag from /home/airflow/.local/lib/python3.12/site-packages/airflow/example_dags/example_sla_dag.py
[2025-05-20T03:20:00.564+0000] {processor.py:925} INFO - DAG(s) 'example_sla_dag' retrieved from /home/airflow/.local/lib/python3.12/site-packages/airflow/example_dags/example_sla_dag.py
[2025-05-20T03:20:00.649+0000] {logging_mixin.py:190} INFO - [2025-05-20T03:20:00.645+0000] {dag.py:3229} INFO - Sync 1 DAGs
[2025-05-20T03:20:00.756+0000] {logging_mixin.py:190} INFO - [2025-05-20T03:20:00.756+0000] {dag.py:4156} INFO - Setting next_dagrun for example_sla_dag to 2025-05-20 03:18:00+00:00, run_after=2025-05-20 03:20:00+00:00
[2025-05-20T03:20:00.808+0000] {processor.py:208} INFO - Processing /home/airflow/.local/lib/python3.12/site-packages/airflow/example_dags/example_sla_dag.py took 0.320 seconds
[2025-05-20T03:20:31.491+0000] {processor.py:186} INFO - Started process (PID=3332) to work on /home/airflow/.local/lib/python3.12/site-packages/airflow/example_dags/example_sla_dag.py
[2025-05-20T03:20:31.499+0000] {processor.py:914} INFO - Processing file /home/airflow/.local/lib/python3.12/site-packages/airflow/example_dags/example_sla_dag.py for tasks to queue
[2025-05-20T03:20:31.513+0000] {logging_mixin.py:190} INFO - [2025-05-20T03:20:31.512+0000] {dagbag.py:587} INFO - Filling up the DagBag from /home/airflow/.local/lib/python3.12/site-packages/airflow/example_dags/example_sla_dag.py
[2025-05-20T03:20:31.567+0000] {processor.py:925} INFO - DAG(s) 'example_sla_dag' retrieved from /home/airflow/.local/lib/python3.12/site-packages/airflow/example_dags/example_sla_dag.py
[2025-05-20T03:20:31.639+0000] {logging_mixin.py:190} INFO - [2025-05-20T03:20:31.635+0000] {dag.py:3229} INFO - Sync 1 DAGs
[2025-05-20T03:20:31.663+0000] {logging_mixin.py:190} INFO - [2025-05-20T03:20:31.662+0000] {dag.py:4156} INFO - Setting next_dagrun for example_sla_dag to 2025-05-20 03:18:00+00:00, run_after=2025-05-20 03:20:00+00:00
[2025-05-20T03:20:31.792+0000] {processor.py:208} INFO - Processing /home/airflow/.local/lib/python3.12/site-packages/airflow/example_dags/example_sla_dag.py took 0.312 seconds
[2025-05-20T03:21:02.628+0000] {processor.py:186} INFO - Started process (PID=3395) to work on /home/airflow/.local/lib/python3.12/site-packages/airflow/example_dags/example_sla_dag.py
[2025-05-20T03:21:02.631+0000] {processor.py:914} INFO - Processing file /home/airflow/.local/lib/python3.12/site-packages/airflow/example_dags/example_sla_dag.py for tasks to queue
[2025-05-20T03:21:02.634+0000] {logging_mixin.py:190} INFO - [2025-05-20T03:21:02.634+0000] {dagbag.py:587} INFO - Filling up the DagBag from /home/airflow/.local/lib/python3.12/site-packages/airflow/example_dags/example_sla_dag.py
[2025-05-20T03:21:02.673+0000] {processor.py:925} INFO - DAG(s) 'example_sla_dag' retrieved from /home/airflow/.local/lib/python3.12/site-packages/airflow/example_dags/example_sla_dag.py
[2025-05-20T03:21:02.747+0000] {logging_mixin.py:190} INFO - [2025-05-20T03:21:02.747+0000] {dag.py:3229} INFO - Sync 1 DAGs
[2025-05-20T03:21:02.785+0000] {logging_mixin.py:190} INFO - [2025-05-20T03:21:02.785+0000] {dag.py:4156} INFO - Setting next_dagrun for example_sla_dag to 2025-05-20 03:18:00+00:00, run_after=2025-05-20 03:20:00+00:00
[2025-05-20T03:21:02.850+0000] {processor.py:208} INFO - Processing /home/airflow/.local/lib/python3.12/site-packages/airflow/example_dags/example_sla_dag.py took 0.229 seconds
