[2025-05-20T02:51:05.212+0000] {processor.py:186} INFO - Started process (PID=116) to work on /home/airflow/.local/lib/python3.12/site-packages/airflow/example_dags/example_latest_only_with_trigger.py
[2025-05-20T02:51:05.215+0000] {processor.py:914} INFO - Processing file /home/airflow/.local/lib/python3.12/site-packages/airflow/example_dags/example_latest_only_with_trigger.py for tasks to queue
[2025-05-20T02:51:05.223+0000] {logging_mixin.py:190} INFO - [2025-05-20T02:51:05.223+0000] {dagbag.py:587} INFO - Filling up the DagBag from /home/airflow/.local/lib/python3.12/site-packages/airflow/example_dags/example_latest_only_with_trigger.py
[2025-05-20T02:51:05.236+0000] {processor.py:925} INFO - DAG(s) 'latest_only_with_trigger' retrieved from /home/airflow/.local/lib/python3.12/site-packages/airflow/example_dags/example_latest_only_with_trigger.py
[2025-05-20T02:51:05.373+0000] {logging_mixin.py:190} INFO - [2025-05-20T02:51:05.370+0000] {override.py:1900} INFO - Created Permission View: can read on DAG:latest_only_with_trigger
[2025-05-20T02:51:05.433+0000] {logging_mixin.py:190} INFO - [2025-05-20T02:51:05.432+0000] {override.py:1900} INFO - Created Permission View: can delete on DAG:latest_only_with_trigger
[2025-05-20T02:51:05.463+0000] {logging_mixin.py:190} INFO - [2025-05-20T02:51:05.463+0000] {override.py:1900} INFO - Created Permission View: can edit on DAG:latest_only_with_trigger
[2025-05-20T02:51:05.486+0000] {logging_mixin.py:190} INFO - [2025-05-20T02:51:05.484+0000] {override.py:1900} INFO - Created Permission View: can read on DAG Run:latest_only_with_trigger
[2025-05-20T02:51:05.504+0000] {logging_mixin.py:190} INFO - [2025-05-20T02:51:05.502+0000] {override.py:1900} INFO - Created Permission View: can delete on DAG Run:latest_only_with_trigger
[2025-05-20T02:51:05.529+0000] {logging_mixin.py:190} INFO - [2025-05-20T02:51:05.527+0000] {override.py:1900} INFO - Created Permission View: can create on DAG Run:latest_only_with_trigger
[2025-05-20T02:51:05.551+0000] {logging_mixin.py:190} INFO - [2025-05-20T02:51:05.548+0000] {override.py:1900} INFO - Created Permission View: menu access on DAG Run:latest_only_with_trigger
[2025-05-20T02:51:05.552+0000] {logging_mixin.py:190} INFO - [2025-05-20T02:51:05.552+0000] {dag.py:3229} INFO - Sync 1 DAGs
[2025-05-20T02:51:05.578+0000] {logging_mixin.py:190} INFO - [2025-05-20T02:51:05.578+0000] {dag.py:3252} INFO - Creating ORM DAG for latest_only_with_trigger
[2025-05-20T02:51:05.592+0000] {logging_mixin.py:190} INFO - [2025-05-20T02:51:05.591+0000] {dag.py:4156} INFO - Setting next_dagrun for latest_only_with_trigger to 2025-05-19 20:00:00+00:00, run_after=2025-05-20 00:00:00+00:00
[2025-05-20T02:51:05.694+0000] {processor.py:208} INFO - Processing /home/airflow/.local/lib/python3.12/site-packages/airflow/example_dags/example_latest_only_with_trigger.py took 0.484 seconds
[2025-05-20T02:51:36.071+0000] {processor.py:186} INFO - Started process (PID=178) to work on /home/airflow/.local/lib/python3.12/site-packages/airflow/example_dags/example_latest_only_with_trigger.py
[2025-05-20T02:51:36.074+0000] {processor.py:914} INFO - Processing file /home/airflow/.local/lib/python3.12/site-packages/airflow/example_dags/example_latest_only_with_trigger.py for tasks to queue
[2025-05-20T02:51:36.081+0000] {logging_mixin.py:190} INFO - [2025-05-20T02:51:36.080+0000] {dagbag.py:587} INFO - Filling up the DagBag from /home/airflow/.local/lib/python3.12/site-packages/airflow/example_dags/example_latest_only_with_trigger.py
[2025-05-20T02:51:36.100+0000] {processor.py:925} INFO - DAG(s) 'latest_only_with_trigger' retrieved from /home/airflow/.local/lib/python3.12/site-packages/airflow/example_dags/example_latest_only_with_trigger.py
[2025-05-20T02:51:36.172+0000] {logging_mixin.py:190} INFO - [2025-05-20T02:51:36.172+0000] {dag.py:3229} INFO - Sync 1 DAGs
[2025-05-20T02:51:36.236+0000] {logging_mixin.py:190} INFO - [2025-05-20T02:51:36.235+0000] {dag.py:4156} INFO - Setting next_dagrun for latest_only_with_trigger to 2025-05-19 20:00:00+00:00, run_after=2025-05-20 00:00:00+00:00
[2025-05-20T02:51:36.287+0000] {processor.py:208} INFO - Processing /home/airflow/.local/lib/python3.12/site-packages/airflow/example_dags/example_latest_only_with_trigger.py took 0.221 seconds
[2025-05-20T02:52:06.719+0000] {processor.py:186} INFO - Started process (PID=240) to work on /home/airflow/.local/lib/python3.12/site-packages/airflow/example_dags/example_latest_only_with_trigger.py
[2025-05-20T02:52:06.721+0000] {processor.py:914} INFO - Processing file /home/airflow/.local/lib/python3.12/site-packages/airflow/example_dags/example_latest_only_with_trigger.py for tasks to queue
[2025-05-20T02:52:06.736+0000] {logging_mixin.py:190} INFO - [2025-05-20T02:52:06.736+0000] {dagbag.py:587} INFO - Filling up the DagBag from /home/airflow/.local/lib/python3.12/site-packages/airflow/example_dags/example_latest_only_with_trigger.py
[2025-05-20T02:52:06.754+0000] {processor.py:925} INFO - DAG(s) 'latest_only_with_trigger' retrieved from /home/airflow/.local/lib/python3.12/site-packages/airflow/example_dags/example_latest_only_with_trigger.py
[2025-05-20T02:52:06.807+0000] {logging_mixin.py:190} INFO - [2025-05-20T02:52:06.806+0000] {dag.py:3229} INFO - Sync 1 DAGs
[2025-05-20T02:52:06.882+0000] {logging_mixin.py:190} INFO - [2025-05-20T02:52:06.874+0000] {dag.py:4156} INFO - Setting next_dagrun for latest_only_with_trigger to 2025-05-19 20:00:00+00:00, run_after=2025-05-20 00:00:00+00:00
[2025-05-20T02:52:07.044+0000] {processor.py:208} INFO - Processing /home/airflow/.local/lib/python3.12/site-packages/airflow/example_dags/example_latest_only_with_trigger.py took 0.328 seconds
[2025-05-20T02:54:03.236+0000] {processor.py:186} INFO - Started process (PID=117) to work on /home/airflow/.local/lib/python3.12/site-packages/airflow/example_dags/example_latest_only_with_trigger.py
[2025-05-20T02:54:03.250+0000] {processor.py:914} INFO - Processing file /home/airflow/.local/lib/python3.12/site-packages/airflow/example_dags/example_latest_only_with_trigger.py for tasks to queue
[2025-05-20T02:54:03.312+0000] {logging_mixin.py:190} INFO - [2025-05-20T02:54:03.309+0000] {dagbag.py:587} INFO - Filling up the DagBag from /home/airflow/.local/lib/python3.12/site-packages/airflow/example_dags/example_latest_only_with_trigger.py
[2025-05-20T02:54:03.326+0000] {processor.py:925} INFO - DAG(s) 'latest_only_with_trigger' retrieved from /home/airflow/.local/lib/python3.12/site-packages/airflow/example_dags/example_latest_only_with_trigger.py
[2025-05-20T02:54:03.398+0000] {logging_mixin.py:190} INFO - [2025-05-20T02:54:03.397+0000] {dag.py:3229} INFO - Sync 1 DAGs
[2025-05-20T02:54:03.462+0000] {logging_mixin.py:190} INFO - [2025-05-20T02:54:03.462+0000] {dag.py:4156} INFO - Setting next_dagrun for latest_only_with_trigger to 2025-05-19 20:00:00+00:00, run_after=2025-05-20 00:00:00+00:00
[2025-05-20T02:54:03.505+0000] {processor.py:208} INFO - Processing /home/airflow/.local/lib/python3.12/site-packages/airflow/example_dags/example_latest_only_with_trigger.py took 0.280 seconds
[2025-05-20T02:54:33.937+0000] {processor.py:186} INFO - Started process (PID=180) to work on /home/airflow/.local/lib/python3.12/site-packages/airflow/example_dags/example_latest_only_with_trigger.py
[2025-05-20T02:54:33.940+0000] {processor.py:914} INFO - Processing file /home/airflow/.local/lib/python3.12/site-packages/airflow/example_dags/example_latest_only_with_trigger.py for tasks to queue
[2025-05-20T02:54:33.950+0000] {logging_mixin.py:190} INFO - [2025-05-20T02:54:33.943+0000] {dagbag.py:587} INFO - Filling up the DagBag from /home/airflow/.local/lib/python3.12/site-packages/airflow/example_dags/example_latest_only_with_trigger.py
[2025-05-20T02:54:33.958+0000] {processor.py:925} INFO - DAG(s) 'latest_only_with_trigger' retrieved from /home/airflow/.local/lib/python3.12/site-packages/airflow/example_dags/example_latest_only_with_trigger.py
[2025-05-20T02:54:34.009+0000] {logging_mixin.py:190} INFO - [2025-05-20T02:54:34.008+0000] {dag.py:3229} INFO - Sync 1 DAGs
[2025-05-20T02:54:34.056+0000] {logging_mixin.py:190} INFO - [2025-05-20T02:54:34.056+0000] {dag.py:4156} INFO - Setting next_dagrun for latest_only_with_trigger to 2025-05-19 20:00:00+00:00, run_after=2025-05-20 00:00:00+00:00
[2025-05-20T02:54:34.126+0000] {processor.py:208} INFO - Processing /home/airflow/.local/lib/python3.12/site-packages/airflow/example_dags/example_latest_only_with_trigger.py took 0.193 seconds
[2025-05-20T02:55:05.836+0000] {processor.py:186} INFO - Started process (PID=244) to work on /home/airflow/.local/lib/python3.12/site-packages/airflow/example_dags/example_latest_only_with_trigger.py
[2025-05-20T02:55:05.837+0000] {processor.py:914} INFO - Processing file /home/airflow/.local/lib/python3.12/site-packages/airflow/example_dags/example_latest_only_with_trigger.py for tasks to queue
[2025-05-20T02:55:05.841+0000] {logging_mixin.py:190} INFO - [2025-05-20T02:55:05.840+0000] {dagbag.py:587} INFO - Filling up the DagBag from /home/airflow/.local/lib/python3.12/site-packages/airflow/example_dags/example_latest_only_with_trigger.py
[2025-05-20T02:55:05.865+0000] {processor.py:925} INFO - DAG(s) 'latest_only_with_trigger' retrieved from /home/airflow/.local/lib/python3.12/site-packages/airflow/example_dags/example_latest_only_with_trigger.py
[2025-05-20T02:55:05.937+0000] {logging_mixin.py:190} INFO - [2025-05-20T02:55:05.936+0000] {dag.py:3229} INFO - Sync 1 DAGs
[2025-05-20T02:55:05.997+0000] {logging_mixin.py:190} INFO - [2025-05-20T02:55:05.997+0000] {dag.py:4156} INFO - Setting next_dagrun for latest_only_with_trigger to 2025-05-19 20:00:00+00:00, run_after=2025-05-20 00:00:00+00:00
[2025-05-20T02:55:06.039+0000] {processor.py:208} INFO - Processing /home/airflow/.local/lib/python3.12/site-packages/airflow/example_dags/example_latest_only_with_trigger.py took 0.207 seconds
[2025-05-20T02:55:36.320+0000] {processor.py:186} INFO - Started process (PID=307) to work on /home/airflow/.local/lib/python3.12/site-packages/airflow/example_dags/example_latest_only_with_trigger.py
[2025-05-20T02:55:36.322+0000] {processor.py:914} INFO - Processing file /home/airflow/.local/lib/python3.12/site-packages/airflow/example_dags/example_latest_only_with_trigger.py for tasks to queue
[2025-05-20T02:55:36.333+0000] {logging_mixin.py:190} INFO - [2025-05-20T02:55:36.331+0000] {dagbag.py:587} INFO - Filling up the DagBag from /home/airflow/.local/lib/python3.12/site-packages/airflow/example_dags/example_latest_only_with_trigger.py
[2025-05-20T02:55:36.345+0000] {processor.py:925} INFO - DAG(s) 'latest_only_with_trigger' retrieved from /home/airflow/.local/lib/python3.12/site-packages/airflow/example_dags/example_latest_only_with_trigger.py
[2025-05-20T02:55:36.400+0000] {logging_mixin.py:190} INFO - [2025-05-20T02:55:36.400+0000] {dag.py:3229} INFO - Sync 1 DAGs
[2025-05-20T02:55:36.433+0000] {logging_mixin.py:190} INFO - [2025-05-20T02:55:36.432+0000] {dag.py:4156} INFO - Setting next_dagrun for latest_only_with_trigger to 2025-05-19 20:00:00+00:00, run_after=2025-05-20 00:00:00+00:00
[2025-05-20T02:55:36.512+0000] {processor.py:208} INFO - Processing /home/airflow/.local/lib/python3.12/site-packages/airflow/example_dags/example_latest_only_with_trigger.py took 0.197 seconds
[2025-05-20T02:56:07.388+0000] {processor.py:186} INFO - Started process (PID=370) to work on /home/airflow/.local/lib/python3.12/site-packages/airflow/example_dags/example_latest_only_with_trigger.py
[2025-05-20T02:56:07.389+0000] {processor.py:914} INFO - Processing file /home/airflow/.local/lib/python3.12/site-packages/airflow/example_dags/example_latest_only_with_trigger.py for tasks to queue
[2025-05-20T02:56:07.397+0000] {logging_mixin.py:190} INFO - [2025-05-20T02:56:07.396+0000] {dagbag.py:587} INFO - Filling up the DagBag from /home/airflow/.local/lib/python3.12/site-packages/airflow/example_dags/example_latest_only_with_trigger.py
[2025-05-20T02:56:07.421+0000] {processor.py:925} INFO - DAG(s) 'latest_only_with_trigger' retrieved from /home/airflow/.local/lib/python3.12/site-packages/airflow/example_dags/example_latest_only_with_trigger.py
[2025-05-20T02:56:07.478+0000] {logging_mixin.py:190} INFO - [2025-05-20T02:56:07.478+0000] {dag.py:3229} INFO - Sync 1 DAGs
[2025-05-20T02:56:07.511+0000] {logging_mixin.py:190} INFO - [2025-05-20T02:56:07.510+0000] {dag.py:4156} INFO - Setting next_dagrun for latest_only_with_trigger to 2025-05-19 20:00:00+00:00, run_after=2025-05-20 00:00:00+00:00
[2025-05-20T02:56:07.580+0000] {processor.py:208} INFO - Processing /home/airflow/.local/lib/python3.12/site-packages/airflow/example_dags/example_latest_only_with_trigger.py took 0.196 seconds
[2025-05-20T02:56:39.721+0000] {processor.py:186} INFO - Started process (PID=433) to work on /home/airflow/.local/lib/python3.12/site-packages/airflow/example_dags/example_latest_only_with_trigger.py
[2025-05-20T02:56:39.722+0000] {processor.py:914} INFO - Processing file /home/airflow/.local/lib/python3.12/site-packages/airflow/example_dags/example_latest_only_with_trigger.py for tasks to queue
[2025-05-20T02:56:39.735+0000] {logging_mixin.py:190} INFO - [2025-05-20T02:56:39.734+0000] {dagbag.py:587} INFO - Filling up the DagBag from /home/airflow/.local/lib/python3.12/site-packages/airflow/example_dags/example_latest_only_with_trigger.py
[2025-05-20T02:56:39.759+0000] {processor.py:925} INFO - DAG(s) 'latest_only_with_trigger' retrieved from /home/airflow/.local/lib/python3.12/site-packages/airflow/example_dags/example_latest_only_with_trigger.py
[2025-05-20T02:56:39.815+0000] {logging_mixin.py:190} INFO - [2025-05-20T02:56:39.815+0000] {dag.py:3229} INFO - Sync 1 DAGs
[2025-05-20T02:56:39.841+0000] {logging_mixin.py:190} INFO - [2025-05-20T02:56:39.841+0000] {dag.py:4156} INFO - Setting next_dagrun for latest_only_with_trigger to 2025-05-19 20:00:00+00:00, run_after=2025-05-20 00:00:00+00:00
[2025-05-20T02:56:39.883+0000] {processor.py:208} INFO - Processing /home/airflow/.local/lib/python3.12/site-packages/airflow/example_dags/example_latest_only_with_trigger.py took 0.165 seconds
[2025-05-20T02:57:10.655+0000] {processor.py:186} INFO - Started process (PID=496) to work on /home/airflow/.local/lib/python3.12/site-packages/airflow/example_dags/example_latest_only_with_trigger.py
[2025-05-20T02:57:10.657+0000] {processor.py:914} INFO - Processing file /home/airflow/.local/lib/python3.12/site-packages/airflow/example_dags/example_latest_only_with_trigger.py for tasks to queue
[2025-05-20T02:57:10.661+0000] {logging_mixin.py:190} INFO - [2025-05-20T02:57:10.660+0000] {dagbag.py:587} INFO - Filling up the DagBag from /home/airflow/.local/lib/python3.12/site-packages/airflow/example_dags/example_latest_only_with_trigger.py
[2025-05-20T02:57:10.679+0000] {processor.py:925} INFO - DAG(s) 'latest_only_with_trigger' retrieved from /home/airflow/.local/lib/python3.12/site-packages/airflow/example_dags/example_latest_only_with_trigger.py
[2025-05-20T02:57:10.752+0000] {logging_mixin.py:190} INFO - [2025-05-20T02:57:10.752+0000] {dag.py:3229} INFO - Sync 1 DAGs
[2025-05-20T02:57:10.806+0000] {logging_mixin.py:190} INFO - [2025-05-20T02:57:10.805+0000] {dag.py:4156} INFO - Setting next_dagrun for latest_only_with_trigger to 2025-05-19 20:00:00+00:00, run_after=2025-05-20 00:00:00+00:00
[2025-05-20T02:57:10.915+0000] {processor.py:208} INFO - Processing /home/airflow/.local/lib/python3.12/site-packages/airflow/example_dags/example_latest_only_with_trigger.py took 0.264 seconds
[2025-05-20T02:57:41.413+0000] {processor.py:186} INFO - Started process (PID=559) to work on /home/airflow/.local/lib/python3.12/site-packages/airflow/example_dags/example_latest_only_with_trigger.py
[2025-05-20T02:57:41.415+0000] {processor.py:914} INFO - Processing file /home/airflow/.local/lib/python3.12/site-packages/airflow/example_dags/example_latest_only_with_trigger.py for tasks to queue
[2025-05-20T02:57:41.418+0000] {logging_mixin.py:190} INFO - [2025-05-20T02:57:41.418+0000] {dagbag.py:587} INFO - Filling up the DagBag from /home/airflow/.local/lib/python3.12/site-packages/airflow/example_dags/example_latest_only_with_trigger.py
[2025-05-20T02:57:41.448+0000] {processor.py:925} INFO - DAG(s) 'latest_only_with_trigger' retrieved from /home/airflow/.local/lib/python3.12/site-packages/airflow/example_dags/example_latest_only_with_trigger.py
[2025-05-20T02:57:41.485+0000] {logging_mixin.py:190} INFO - [2025-05-20T02:57:41.485+0000] {dag.py:3229} INFO - Sync 1 DAGs
[2025-05-20T02:57:41.533+0000] {logging_mixin.py:190} INFO - [2025-05-20T02:57:41.532+0000] {dag.py:4156} INFO - Setting next_dagrun for latest_only_with_trigger to 2025-05-19 20:00:00+00:00, run_after=2025-05-20 00:00:00+00:00
[2025-05-20T02:57:41.623+0000] {processor.py:208} INFO - Processing /home/airflow/.local/lib/python3.12/site-packages/airflow/example_dags/example_latest_only_with_trigger.py took 0.214 seconds
[2025-05-20T02:58:12.456+0000] {processor.py:186} INFO - Started process (PID=622) to work on /home/airflow/.local/lib/python3.12/site-packages/airflow/example_dags/example_latest_only_with_trigger.py
[2025-05-20T02:58:12.458+0000] {processor.py:914} INFO - Processing file /home/airflow/.local/lib/python3.12/site-packages/airflow/example_dags/example_latest_only_with_trigger.py for tasks to queue
[2025-05-20T02:58:12.473+0000] {logging_mixin.py:190} INFO - [2025-05-20T02:58:12.472+0000] {dagbag.py:587} INFO - Filling up the DagBag from /home/airflow/.local/lib/python3.12/site-packages/airflow/example_dags/example_latest_only_with_trigger.py
[2025-05-20T02:58:12.493+0000] {processor.py:925} INFO - DAG(s) 'latest_only_with_trigger' retrieved from /home/airflow/.local/lib/python3.12/site-packages/airflow/example_dags/example_latest_only_with_trigger.py
[2025-05-20T02:58:12.555+0000] {logging_mixin.py:190} INFO - [2025-05-20T02:58:12.554+0000] {dag.py:3229} INFO - Sync 1 DAGs
[2025-05-20T02:58:12.578+0000] {logging_mixin.py:190} INFO - [2025-05-20T02:58:12.578+0000] {dag.py:4156} INFO - Setting next_dagrun for latest_only_with_trigger to 2025-05-19 20:00:00+00:00, run_after=2025-05-20 00:00:00+00:00
[2025-05-20T02:58:12.645+0000] {processor.py:208} INFO - Processing /home/airflow/.local/lib/python3.12/site-packages/airflow/example_dags/example_latest_only_with_trigger.py took 0.193 seconds
[2025-05-20T02:58:42.884+0000] {processor.py:186} INFO - Started process (PID=686) to work on /home/airflow/.local/lib/python3.12/site-packages/airflow/example_dags/example_latest_only_with_trigger.py
[2025-05-20T02:58:42.887+0000] {processor.py:914} INFO - Processing file /home/airflow/.local/lib/python3.12/site-packages/airflow/example_dags/example_latest_only_with_trigger.py for tasks to queue
[2025-05-20T02:58:42.891+0000] {logging_mixin.py:190} INFO - [2025-05-20T02:58:42.891+0000] {dagbag.py:587} INFO - Filling up the DagBag from /home/airflow/.local/lib/python3.12/site-packages/airflow/example_dags/example_latest_only_with_trigger.py
[2025-05-20T02:58:42.903+0000] {processor.py:925} INFO - DAG(s) 'latest_only_with_trigger' retrieved from /home/airflow/.local/lib/python3.12/site-packages/airflow/example_dags/example_latest_only_with_trigger.py
[2025-05-20T02:58:42.952+0000] {logging_mixin.py:190} INFO - [2025-05-20T02:58:42.951+0000] {dag.py:3229} INFO - Sync 1 DAGs
[2025-05-20T02:58:42.994+0000] {logging_mixin.py:190} INFO - [2025-05-20T02:58:42.993+0000] {dag.py:4156} INFO - Setting next_dagrun for latest_only_with_trigger to 2025-05-19 20:00:00+00:00, run_after=2025-05-20 00:00:00+00:00
[2025-05-20T02:58:43.065+0000] {processor.py:208} INFO - Processing /home/airflow/.local/lib/python3.12/site-packages/airflow/example_dags/example_latest_only_with_trigger.py took 0.184 seconds
[2025-05-20T02:59:13.594+0000] {processor.py:186} INFO - Started process (PID=749) to work on /home/airflow/.local/lib/python3.12/site-packages/airflow/example_dags/example_latest_only_with_trigger.py
[2025-05-20T02:59:13.596+0000] {processor.py:914} INFO - Processing file /home/airflow/.local/lib/python3.12/site-packages/airflow/example_dags/example_latest_only_with_trigger.py for tasks to queue
[2025-05-20T02:59:13.601+0000] {logging_mixin.py:190} INFO - [2025-05-20T02:59:13.601+0000] {dagbag.py:587} INFO - Filling up the DagBag from /home/airflow/.local/lib/python3.12/site-packages/airflow/example_dags/example_latest_only_with_trigger.py
[2025-05-20T02:59:13.620+0000] {processor.py:925} INFO - DAG(s) 'latest_only_with_trigger' retrieved from /home/airflow/.local/lib/python3.12/site-packages/airflow/example_dags/example_latest_only_with_trigger.py
[2025-05-20T02:59:13.659+0000] {logging_mixin.py:190} INFO - [2025-05-20T02:59:13.659+0000] {dag.py:3229} INFO - Sync 1 DAGs
[2025-05-20T02:59:13.752+0000] {logging_mixin.py:190} INFO - [2025-05-20T02:59:13.752+0000] {dag.py:4156} INFO - Setting next_dagrun for latest_only_with_trigger to 2025-05-19 20:00:00+00:00, run_after=2025-05-20 00:00:00+00:00
[2025-05-20T02:59:13.806+0000] {processor.py:208} INFO - Processing /home/airflow/.local/lib/python3.12/site-packages/airflow/example_dags/example_latest_only_with_trigger.py took 0.214 seconds
[2025-05-20T02:59:43.900+0000] {processor.py:186} INFO - Started process (PID=812) to work on /home/airflow/.local/lib/python3.12/site-packages/airflow/example_dags/example_latest_only_with_trigger.py
[2025-05-20T02:59:43.903+0000] {processor.py:914} INFO - Processing file /home/airflow/.local/lib/python3.12/site-packages/airflow/example_dags/example_latest_only_with_trigger.py for tasks to queue
[2025-05-20T02:59:43.913+0000] {logging_mixin.py:190} INFO - [2025-05-20T02:59:43.910+0000] {dagbag.py:587} INFO - Filling up the DagBag from /home/airflow/.local/lib/python3.12/site-packages/airflow/example_dags/example_latest_only_with_trigger.py
[2025-05-20T02:59:43.918+0000] {processor.py:925} INFO - DAG(s) 'latest_only_with_trigger' retrieved from /home/airflow/.local/lib/python3.12/site-packages/airflow/example_dags/example_latest_only_with_trigger.py
[2025-05-20T02:59:43.970+0000] {logging_mixin.py:190} INFO - [2025-05-20T02:59:43.969+0000] {dag.py:3229} INFO - Sync 1 DAGs
[2025-05-20T02:59:44.014+0000] {logging_mixin.py:190} INFO - [2025-05-20T02:59:44.013+0000] {dag.py:4156} INFO - Setting next_dagrun for latest_only_with_trigger to 2025-05-19 20:00:00+00:00, run_after=2025-05-20 00:00:00+00:00
[2025-05-20T02:59:44.056+0000] {processor.py:208} INFO - Processing /home/airflow/.local/lib/python3.12/site-packages/airflow/example_dags/example_latest_only_with_trigger.py took 0.160 seconds
[2025-05-20T03:00:14.697+0000] {processor.py:186} INFO - Started process (PID=875) to work on /home/airflow/.local/lib/python3.12/site-packages/airflow/example_dags/example_latest_only_with_trigger.py
[2025-05-20T03:00:14.699+0000] {processor.py:914} INFO - Processing file /home/airflow/.local/lib/python3.12/site-packages/airflow/example_dags/example_latest_only_with_trigger.py for tasks to queue
[2025-05-20T03:00:14.723+0000] {logging_mixin.py:190} INFO - [2025-05-20T03:00:14.722+0000] {dagbag.py:587} INFO - Filling up the DagBag from /home/airflow/.local/lib/python3.12/site-packages/airflow/example_dags/example_latest_only_with_trigger.py
[2025-05-20T03:00:14.741+0000] {processor.py:925} INFO - DAG(s) 'latest_only_with_trigger' retrieved from /home/airflow/.local/lib/python3.12/site-packages/airflow/example_dags/example_latest_only_with_trigger.py
[2025-05-20T03:00:14.792+0000] {logging_mixin.py:190} INFO - [2025-05-20T03:00:14.789+0000] {dag.py:3229} INFO - Sync 1 DAGs
[2025-05-20T03:00:14.833+0000] {logging_mixin.py:190} INFO - [2025-05-20T03:00:14.833+0000] {dag.py:4156} INFO - Setting next_dagrun for latest_only_with_trigger to 2025-05-19 20:00:00+00:00, run_after=2025-05-20 00:00:00+00:00
[2025-05-20T03:00:14.862+0000] {processor.py:208} INFO - Processing /home/airflow/.local/lib/python3.12/site-packages/airflow/example_dags/example_latest_only_with_trigger.py took 0.170 seconds
[2025-05-20T03:00:45.481+0000] {processor.py:186} INFO - Started process (PID=938) to work on /home/airflow/.local/lib/python3.12/site-packages/airflow/example_dags/example_latest_only_with_trigger.py
[2025-05-20T03:00:45.484+0000] {processor.py:914} INFO - Processing file /home/airflow/.local/lib/python3.12/site-packages/airflow/example_dags/example_latest_only_with_trigger.py for tasks to queue
[2025-05-20T03:00:45.489+0000] {logging_mixin.py:190} INFO - [2025-05-20T03:00:45.489+0000] {dagbag.py:587} INFO - Filling up the DagBag from /home/airflow/.local/lib/python3.12/site-packages/airflow/example_dags/example_latest_only_with_trigger.py
[2025-05-20T03:00:45.516+0000] {processor.py:925} INFO - DAG(s) 'latest_only_with_trigger' retrieved from /home/airflow/.local/lib/python3.12/site-packages/airflow/example_dags/example_latest_only_with_trigger.py
[2025-05-20T03:00:45.589+0000] {logging_mixin.py:190} INFO - [2025-05-20T03:00:45.586+0000] {dag.py:3229} INFO - Sync 1 DAGs
[2025-05-20T03:00:45.643+0000] {logging_mixin.py:190} INFO - [2025-05-20T03:00:45.643+0000] {dag.py:4156} INFO - Setting next_dagrun for latest_only_with_trigger to 2025-05-19 20:00:00+00:00, run_after=2025-05-20 00:00:00+00:00
[2025-05-20T03:00:45.697+0000] {processor.py:208} INFO - Processing /home/airflow/.local/lib/python3.12/site-packages/airflow/example_dags/example_latest_only_with_trigger.py took 0.219 seconds
[2025-05-20T03:01:16.262+0000] {processor.py:186} INFO - Started process (PID=1000) to work on /home/airflow/.local/lib/python3.12/site-packages/airflow/example_dags/example_latest_only_with_trigger.py
[2025-05-20T03:01:16.264+0000] {processor.py:914} INFO - Processing file /home/airflow/.local/lib/python3.12/site-packages/airflow/example_dags/example_latest_only_with_trigger.py for tasks to queue
[2025-05-20T03:01:16.272+0000] {logging_mixin.py:190} INFO - [2025-05-20T03:01:16.270+0000] {dagbag.py:587} INFO - Filling up the DagBag from /home/airflow/.local/lib/python3.12/site-packages/airflow/example_dags/example_latest_only_with_trigger.py
[2025-05-20T03:01:16.308+0000] {processor.py:925} INFO - DAG(s) 'latest_only_with_trigger' retrieved from /home/airflow/.local/lib/python3.12/site-packages/airflow/example_dags/example_latest_only_with_trigger.py
[2025-05-20T03:01:16.364+0000] {logging_mixin.py:190} INFO - [2025-05-20T03:01:16.364+0000] {dag.py:3229} INFO - Sync 1 DAGs
[2025-05-20T03:01:16.412+0000] {logging_mixin.py:190} INFO - [2025-05-20T03:01:16.411+0000] {dag.py:4156} INFO - Setting next_dagrun for latest_only_with_trigger to 2025-05-19 20:00:00+00:00, run_after=2025-05-20 00:00:00+00:00
[2025-05-20T03:01:16.466+0000] {processor.py:208} INFO - Processing /home/airflow/.local/lib/python3.12/site-packages/airflow/example_dags/example_latest_only_with_trigger.py took 0.208 seconds
[2025-05-20T03:01:47.087+0000] {processor.py:186} INFO - Started process (PID=1062) to work on /home/airflow/.local/lib/python3.12/site-packages/airflow/example_dags/example_latest_only_with_trigger.py
[2025-05-20T03:01:47.091+0000] {processor.py:914} INFO - Processing file /home/airflow/.local/lib/python3.12/site-packages/airflow/example_dags/example_latest_only_with_trigger.py for tasks to queue
[2025-05-20T03:01:47.094+0000] {logging_mixin.py:190} INFO - [2025-05-20T03:01:47.094+0000] {dagbag.py:587} INFO - Filling up the DagBag from /home/airflow/.local/lib/python3.12/site-packages/airflow/example_dags/example_latest_only_with_trigger.py
[2025-05-20T03:01:47.112+0000] {processor.py:925} INFO - DAG(s) 'latest_only_with_trigger' retrieved from /home/airflow/.local/lib/python3.12/site-packages/airflow/example_dags/example_latest_only_with_trigger.py
[2025-05-20T03:01:47.155+0000] {logging_mixin.py:190} INFO - [2025-05-20T03:01:47.154+0000] {dag.py:3229} INFO - Sync 1 DAGs
[2025-05-20T03:01:47.194+0000] {logging_mixin.py:190} INFO - [2025-05-20T03:01:47.194+0000] {dag.py:4156} INFO - Setting next_dagrun for latest_only_with_trigger to 2025-05-19 20:00:00+00:00, run_after=2025-05-20 00:00:00+00:00
[2025-05-20T03:01:47.273+0000] {processor.py:208} INFO - Processing /home/airflow/.local/lib/python3.12/site-packages/airflow/example_dags/example_latest_only_with_trigger.py took 0.190 seconds
[2025-05-20T03:02:17.537+0000] {processor.py:186} INFO - Started process (PID=1125) to work on /home/airflow/.local/lib/python3.12/site-packages/airflow/example_dags/example_latest_only_with_trigger.py
[2025-05-20T03:02:17.539+0000] {processor.py:914} INFO - Processing file /home/airflow/.local/lib/python3.12/site-packages/airflow/example_dags/example_latest_only_with_trigger.py for tasks to queue
[2025-05-20T03:02:17.564+0000] {logging_mixin.py:190} INFO - [2025-05-20T03:02:17.563+0000] {dagbag.py:587} INFO - Filling up the DagBag from /home/airflow/.local/lib/python3.12/site-packages/airflow/example_dags/example_latest_only_with_trigger.py
[2025-05-20T03:02:17.574+0000] {processor.py:925} INFO - DAG(s) 'latest_only_with_trigger' retrieved from /home/airflow/.local/lib/python3.12/site-packages/airflow/example_dags/example_latest_only_with_trigger.py
[2025-05-20T03:02:17.632+0000] {logging_mixin.py:190} INFO - [2025-05-20T03:02:17.632+0000] {dag.py:3229} INFO - Sync 1 DAGs
[2025-05-20T03:02:17.666+0000] {logging_mixin.py:190} INFO - [2025-05-20T03:02:17.666+0000] {dag.py:4156} INFO - Setting next_dagrun for latest_only_with_trigger to 2025-05-19 20:00:00+00:00, run_after=2025-05-20 00:00:00+00:00
[2025-05-20T03:02:17.738+0000] {processor.py:208} INFO - Processing /home/airflow/.local/lib/python3.12/site-packages/airflow/example_dags/example_latest_only_with_trigger.py took 0.204 seconds
[2025-05-20T03:02:48.319+0000] {processor.py:186} INFO - Started process (PID=1188) to work on /home/airflow/.local/lib/python3.12/site-packages/airflow/example_dags/example_latest_only_with_trigger.py
[2025-05-20T03:02:48.322+0000] {processor.py:914} INFO - Processing file /home/airflow/.local/lib/python3.12/site-packages/airflow/example_dags/example_latest_only_with_trigger.py for tasks to queue
[2025-05-20T03:02:48.334+0000] {logging_mixin.py:190} INFO - [2025-05-20T03:02:48.332+0000] {dagbag.py:587} INFO - Filling up the DagBag from /home/airflow/.local/lib/python3.12/site-packages/airflow/example_dags/example_latest_only_with_trigger.py
[2025-05-20T03:02:48.363+0000] {processor.py:925} INFO - DAG(s) 'latest_only_with_trigger' retrieved from /home/airflow/.local/lib/python3.12/site-packages/airflow/example_dags/example_latest_only_with_trigger.py
[2025-05-20T03:02:48.425+0000] {logging_mixin.py:190} INFO - [2025-05-20T03:02:48.424+0000] {dag.py:3229} INFO - Sync 1 DAGs
[2025-05-20T03:02:48.494+0000] {logging_mixin.py:190} INFO - [2025-05-20T03:02:48.493+0000] {dag.py:4156} INFO - Setting next_dagrun for latest_only_with_trigger to 2025-05-19 20:00:00+00:00, run_after=2025-05-20 00:00:00+00:00
[2025-05-20T03:02:48.549+0000] {processor.py:208} INFO - Processing /home/airflow/.local/lib/python3.12/site-packages/airflow/example_dags/example_latest_only_with_trigger.py took 0.233 seconds
[2025-05-20T03:03:19.111+0000] {processor.py:186} INFO - Started process (PID=1250) to work on /home/airflow/.local/lib/python3.12/site-packages/airflow/example_dags/example_latest_only_with_trigger.py
[2025-05-20T03:03:19.118+0000] {processor.py:914} INFO - Processing file /home/airflow/.local/lib/python3.12/site-packages/airflow/example_dags/example_latest_only_with_trigger.py for tasks to queue
[2025-05-20T03:03:19.139+0000] {logging_mixin.py:190} INFO - [2025-05-20T03:03:19.139+0000] {dagbag.py:587} INFO - Filling up the DagBag from /home/airflow/.local/lib/python3.12/site-packages/airflow/example_dags/example_latest_only_with_trigger.py
[2025-05-20T03:03:19.194+0000] {processor.py:925} INFO - DAG(s) 'latest_only_with_trigger' retrieved from /home/airflow/.local/lib/python3.12/site-packages/airflow/example_dags/example_latest_only_with_trigger.py
[2025-05-20T03:03:19.263+0000] {logging_mixin.py:190} INFO - [2025-05-20T03:03:19.259+0000] {dag.py:3229} INFO - Sync 1 DAGs
[2025-05-20T03:03:19.356+0000] {logging_mixin.py:190} INFO - [2025-05-20T03:03:19.356+0000] {dag.py:4156} INFO - Setting next_dagrun for latest_only_with_trigger to 2025-05-19 20:00:00+00:00, run_after=2025-05-20 00:00:00+00:00
[2025-05-20T03:03:19.415+0000] {processor.py:208} INFO - Processing /home/airflow/.local/lib/python3.12/site-packages/airflow/example_dags/example_latest_only_with_trigger.py took 0.319 seconds
[2025-05-20T03:03:51.346+0000] {processor.py:186} INFO - Started process (PID=1312) to work on /home/airflow/.local/lib/python3.12/site-packages/airflow/example_dags/example_latest_only_with_trigger.py
[2025-05-20T03:03:51.348+0000] {processor.py:914} INFO - Processing file /home/airflow/.local/lib/python3.12/site-packages/airflow/example_dags/example_latest_only_with_trigger.py for tasks to queue
[2025-05-20T03:03:51.352+0000] {logging_mixin.py:190} INFO - [2025-05-20T03:03:51.351+0000] {dagbag.py:587} INFO - Filling up the DagBag from /home/airflow/.local/lib/python3.12/site-packages/airflow/example_dags/example_latest_only_with_trigger.py
[2025-05-20T03:03:51.367+0000] {processor.py:925} INFO - DAG(s) 'latest_only_with_trigger' retrieved from /home/airflow/.local/lib/python3.12/site-packages/airflow/example_dags/example_latest_only_with_trigger.py
[2025-05-20T03:03:51.393+0000] {logging_mixin.py:190} INFO - [2025-05-20T03:03:51.393+0000] {dag.py:3229} INFO - Sync 1 DAGs
[2025-05-20T03:03:51.433+0000] {logging_mixin.py:190} INFO - [2025-05-20T03:03:51.433+0000] {dag.py:4156} INFO - Setting next_dagrun for latest_only_with_trigger to 2025-05-19 20:00:00+00:00, run_after=2025-05-20 00:00:00+00:00
[2025-05-20T03:03:51.683+0000] {processor.py:208} INFO - Processing /home/airflow/.local/lib/python3.12/site-packages/airflow/example_dags/example_latest_only_with_trigger.py took 0.347 seconds
[2025-05-20T03:04:21.855+0000] {processor.py:186} INFO - Started process (PID=1375) to work on /home/airflow/.local/lib/python3.12/site-packages/airflow/example_dags/example_latest_only_with_trigger.py
[2025-05-20T03:04:21.857+0000] {processor.py:914} INFO - Processing file /home/airflow/.local/lib/python3.12/site-packages/airflow/example_dags/example_latest_only_with_trigger.py for tasks to queue
[2025-05-20T03:04:21.866+0000] {logging_mixin.py:190} INFO - [2025-05-20T03:04:21.866+0000] {dagbag.py:587} INFO - Filling up the DagBag from /home/airflow/.local/lib/python3.12/site-packages/airflow/example_dags/example_latest_only_with_trigger.py
[2025-05-20T03:04:21.888+0000] {processor.py:925} INFO - DAG(s) 'latest_only_with_trigger' retrieved from /home/airflow/.local/lib/python3.12/site-packages/airflow/example_dags/example_latest_only_with_trigger.py
[2025-05-20T03:04:21.941+0000] {logging_mixin.py:190} INFO - [2025-05-20T03:04:21.941+0000] {dag.py:3229} INFO - Sync 1 DAGs
[2025-05-20T03:04:21.991+0000] {logging_mixin.py:190} INFO - [2025-05-20T03:04:21.991+0000] {dag.py:4156} INFO - Setting next_dagrun for latest_only_with_trigger to 2025-05-19 20:00:00+00:00, run_after=2025-05-20 00:00:00+00:00
[2025-05-20T03:04:22.055+0000] {processor.py:208} INFO - Processing /home/airflow/.local/lib/python3.12/site-packages/airflow/example_dags/example_latest_only_with_trigger.py took 0.204 seconds
[2025-05-20T03:04:52.338+0000] {processor.py:186} INFO - Started process (PID=1438) to work on /home/airflow/.local/lib/python3.12/site-packages/airflow/example_dags/example_latest_only_with_trigger.py
[2025-05-20T03:04:52.340+0000] {processor.py:914} INFO - Processing file /home/airflow/.local/lib/python3.12/site-packages/airflow/example_dags/example_latest_only_with_trigger.py for tasks to queue
[2025-05-20T03:04:52.355+0000] {logging_mixin.py:190} INFO - [2025-05-20T03:04:52.352+0000] {dagbag.py:587} INFO - Filling up the DagBag from /home/airflow/.local/lib/python3.12/site-packages/airflow/example_dags/example_latest_only_with_trigger.py
[2025-05-20T03:04:52.371+0000] {processor.py:925} INFO - DAG(s) 'latest_only_with_trigger' retrieved from /home/airflow/.local/lib/python3.12/site-packages/airflow/example_dags/example_latest_only_with_trigger.py
[2025-05-20T03:04:52.486+0000] {logging_mixin.py:190} INFO - [2025-05-20T03:04:52.486+0000] {dag.py:3229} INFO - Sync 1 DAGs
[2025-05-20T03:04:52.620+0000] {logging_mixin.py:190} INFO - [2025-05-20T03:04:52.619+0000] {dag.py:4156} INFO - Setting next_dagrun for latest_only_with_trigger to 2025-05-19 20:00:00+00:00, run_after=2025-05-20 00:00:00+00:00
[2025-05-20T03:04:52.674+0000] {processor.py:208} INFO - Processing /home/airflow/.local/lib/python3.12/site-packages/airflow/example_dags/example_latest_only_with_trigger.py took 0.342 seconds
[2025-05-20T03:05:23.333+0000] {processor.py:186} INFO - Started process (PID=1501) to work on /home/airflow/.local/lib/python3.12/site-packages/airflow/example_dags/example_latest_only_with_trigger.py
[2025-05-20T03:05:23.338+0000] {processor.py:914} INFO - Processing file /home/airflow/.local/lib/python3.12/site-packages/airflow/example_dags/example_latest_only_with_trigger.py for tasks to queue
[2025-05-20T03:05:23.344+0000] {logging_mixin.py:190} INFO - [2025-05-20T03:05:23.343+0000] {dagbag.py:587} INFO - Filling up the DagBag from /home/airflow/.local/lib/python3.12/site-packages/airflow/example_dags/example_latest_only_with_trigger.py
[2025-05-20T03:05:23.357+0000] {processor.py:925} INFO - DAG(s) 'latest_only_with_trigger' retrieved from /home/airflow/.local/lib/python3.12/site-packages/airflow/example_dags/example_latest_only_with_trigger.py
[2025-05-20T03:05:23.385+0000] {logging_mixin.py:190} INFO - [2025-05-20T03:05:23.385+0000] {dag.py:3229} INFO - Sync 1 DAGs
[2025-05-20T03:05:23.417+0000] {logging_mixin.py:190} INFO - [2025-05-20T03:05:23.414+0000] {dag.py:4156} INFO - Setting next_dagrun for latest_only_with_trigger to 2025-05-19 20:00:00+00:00, run_after=2025-05-20 00:00:00+00:00
[2025-05-20T03:05:23.477+0000] {processor.py:208} INFO - Processing /home/airflow/.local/lib/python3.12/site-packages/airflow/example_dags/example_latest_only_with_trigger.py took 0.153 seconds
[2025-05-20T03:05:54.787+0000] {processor.py:186} INFO - Started process (PID=1564) to work on /home/airflow/.local/lib/python3.12/site-packages/airflow/example_dags/example_latest_only_with_trigger.py
[2025-05-20T03:05:54.788+0000] {processor.py:914} INFO - Processing file /home/airflow/.local/lib/python3.12/site-packages/airflow/example_dags/example_latest_only_with_trigger.py for tasks to queue
[2025-05-20T03:05:54.804+0000] {logging_mixin.py:190} INFO - [2025-05-20T03:05:54.804+0000] {dagbag.py:587} INFO - Filling up the DagBag from /home/airflow/.local/lib/python3.12/site-packages/airflow/example_dags/example_latest_only_with_trigger.py
[2025-05-20T03:05:54.812+0000] {processor.py:925} INFO - DAG(s) 'latest_only_with_trigger' retrieved from /home/airflow/.local/lib/python3.12/site-packages/airflow/example_dags/example_latest_only_with_trigger.py
[2025-05-20T03:05:54.852+0000] {logging_mixin.py:190} INFO - [2025-05-20T03:05:54.852+0000] {dag.py:3229} INFO - Sync 1 DAGs
[2025-05-20T03:05:54.886+0000] {logging_mixin.py:190} INFO - [2025-05-20T03:05:54.886+0000] {dag.py:4156} INFO - Setting next_dagrun for latest_only_with_trigger to 2025-05-19 20:00:00+00:00, run_after=2025-05-20 00:00:00+00:00
[2025-05-20T03:05:54.943+0000] {processor.py:208} INFO - Processing /home/airflow/.local/lib/python3.12/site-packages/airflow/example_dags/example_latest_only_with_trigger.py took 0.159 seconds
[2025-05-20T03:06:25.664+0000] {processor.py:186} INFO - Started process (PID=1627) to work on /home/airflow/.local/lib/python3.12/site-packages/airflow/example_dags/example_latest_only_with_trigger.py
[2025-05-20T03:06:25.667+0000] {processor.py:914} INFO - Processing file /home/airflow/.local/lib/python3.12/site-packages/airflow/example_dags/example_latest_only_with_trigger.py for tasks to queue
[2025-05-20T03:06:25.676+0000] {logging_mixin.py:190} INFO - [2025-05-20T03:06:25.675+0000] {dagbag.py:587} INFO - Filling up the DagBag from /home/airflow/.local/lib/python3.12/site-packages/airflow/example_dags/example_latest_only_with_trigger.py
[2025-05-20T03:06:25.696+0000] {processor.py:925} INFO - DAG(s) 'latest_only_with_trigger' retrieved from /home/airflow/.local/lib/python3.12/site-packages/airflow/example_dags/example_latest_only_with_trigger.py
[2025-05-20T03:06:25.759+0000] {logging_mixin.py:190} INFO - [2025-05-20T03:06:25.752+0000] {dag.py:3229} INFO - Sync 1 DAGs
[2025-05-20T03:06:25.803+0000] {logging_mixin.py:190} INFO - [2025-05-20T03:06:25.802+0000] {dag.py:4156} INFO - Setting next_dagrun for latest_only_with_trigger to 2025-05-19 20:00:00+00:00, run_after=2025-05-20 00:00:00+00:00
[2025-05-20T03:06:25.866+0000] {processor.py:208} INFO - Processing /home/airflow/.local/lib/python3.12/site-packages/airflow/example_dags/example_latest_only_with_trigger.py took 0.211 seconds
[2025-05-20T03:06:56.472+0000] {processor.py:186} INFO - Started process (PID=1696) to work on /home/airflow/.local/lib/python3.12/site-packages/airflow/example_dags/example_latest_only_with_trigger.py
[2025-05-20T03:06:56.473+0000] {processor.py:914} INFO - Processing file /home/airflow/.local/lib/python3.12/site-packages/airflow/example_dags/example_latest_only_with_trigger.py for tasks to queue
[2025-05-20T03:06:56.491+0000] {logging_mixin.py:190} INFO - [2025-05-20T03:06:56.476+0000] {dagbag.py:587} INFO - Filling up the DagBag from /home/airflow/.local/lib/python3.12/site-packages/airflow/example_dags/example_latest_only_with_trigger.py
[2025-05-20T03:06:56.531+0000] {processor.py:925} INFO - DAG(s) 'latest_only_with_trigger' retrieved from /home/airflow/.local/lib/python3.12/site-packages/airflow/example_dags/example_latest_only_with_trigger.py
[2025-05-20T03:06:56.591+0000] {logging_mixin.py:190} INFO - [2025-05-20T03:06:56.590+0000] {dag.py:3229} INFO - Sync 1 DAGs
[2025-05-20T03:06:56.630+0000] {logging_mixin.py:190} INFO - [2025-05-20T03:06:56.629+0000] {dag.py:4156} INFO - Setting next_dagrun for latest_only_with_trigger to 2025-05-19 20:00:00+00:00, run_after=2025-05-20 00:00:00+00:00
[2025-05-20T03:06:56.667+0000] {processor.py:208} INFO - Processing /home/airflow/.local/lib/python3.12/site-packages/airflow/example_dags/example_latest_only_with_trigger.py took 0.199 seconds
[2025-05-20T03:07:26.697+0000] {processor.py:186} INFO - Started process (PID=1758) to work on /home/airflow/.local/lib/python3.12/site-packages/airflow/example_dags/example_latest_only_with_trigger.py
[2025-05-20T03:07:26.700+0000] {processor.py:914} INFO - Processing file /home/airflow/.local/lib/python3.12/site-packages/airflow/example_dags/example_latest_only_with_trigger.py for tasks to queue
[2025-05-20T03:07:26.707+0000] {logging_mixin.py:190} INFO - [2025-05-20T03:07:26.706+0000] {dagbag.py:587} INFO - Filling up the DagBag from /home/airflow/.local/lib/python3.12/site-packages/airflow/example_dags/example_latest_only_with_trigger.py
[2025-05-20T03:07:26.715+0000] {processor.py:925} INFO - DAG(s) 'latest_only_with_trigger' retrieved from /home/airflow/.local/lib/python3.12/site-packages/airflow/example_dags/example_latest_only_with_trigger.py
[2025-05-20T03:07:26.768+0000] {logging_mixin.py:190} INFO - [2025-05-20T03:07:26.768+0000] {dag.py:3229} INFO - Sync 1 DAGs
[2025-05-20T03:07:26.810+0000] {logging_mixin.py:190} INFO - [2025-05-20T03:07:26.809+0000] {dag.py:4156} INFO - Setting next_dagrun for latest_only_with_trigger to 2025-05-19 20:00:00+00:00, run_after=2025-05-20 00:00:00+00:00
[2025-05-20T03:07:26.846+0000] {processor.py:208} INFO - Processing /home/airflow/.local/lib/python3.12/site-packages/airflow/example_dags/example_latest_only_with_trigger.py took 0.152 seconds
[2025-05-20T03:07:57.819+0000] {processor.py:186} INFO - Started process (PID=1820) to work on /home/airflow/.local/lib/python3.12/site-packages/airflow/example_dags/example_latest_only_with_trigger.py
[2025-05-20T03:07:57.820+0000] {processor.py:914} INFO - Processing file /home/airflow/.local/lib/python3.12/site-packages/airflow/example_dags/example_latest_only_with_trigger.py for tasks to queue
[2025-05-20T03:07:57.824+0000] {logging_mixin.py:190} INFO - [2025-05-20T03:07:57.824+0000] {dagbag.py:587} INFO - Filling up the DagBag from /home/airflow/.local/lib/python3.12/site-packages/airflow/example_dags/example_latest_only_with_trigger.py
[2025-05-20T03:07:57.848+0000] {processor.py:925} INFO - DAG(s) 'latest_only_with_trigger' retrieved from /home/airflow/.local/lib/python3.12/site-packages/airflow/example_dags/example_latest_only_with_trigger.py
[2025-05-20T03:07:57.911+0000] {logging_mixin.py:190} INFO - [2025-05-20T03:07:57.910+0000] {dag.py:3229} INFO - Sync 1 DAGs
[2025-05-20T03:07:57.950+0000] {logging_mixin.py:190} INFO - [2025-05-20T03:07:57.950+0000] {dag.py:4156} INFO - Setting next_dagrun for latest_only_with_trigger to 2025-05-19 20:00:00+00:00, run_after=2025-05-20 00:00:00+00:00
[2025-05-20T03:07:58.014+0000] {processor.py:208} INFO - Processing /home/airflow/.local/lib/python3.12/site-packages/airflow/example_dags/example_latest_only_with_trigger.py took 0.202 seconds
[2025-05-20T03:08:28.771+0000] {processor.py:186} INFO - Started process (PID=1883) to work on /home/airflow/.local/lib/python3.12/site-packages/airflow/example_dags/example_latest_only_with_trigger.py
[2025-05-20T03:08:28.783+0000] {processor.py:914} INFO - Processing file /home/airflow/.local/lib/python3.12/site-packages/airflow/example_dags/example_latest_only_with_trigger.py for tasks to queue
[2025-05-20T03:08:28.793+0000] {logging_mixin.py:190} INFO - [2025-05-20T03:08:28.790+0000] {dagbag.py:587} INFO - Filling up the DagBag from /home/airflow/.local/lib/python3.12/site-packages/airflow/example_dags/example_latest_only_with_trigger.py
[2025-05-20T03:08:28.833+0000] {processor.py:925} INFO - DAG(s) 'latest_only_with_trigger' retrieved from /home/airflow/.local/lib/python3.12/site-packages/airflow/example_dags/example_latest_only_with_trigger.py
[2025-05-20T03:08:28.913+0000] {logging_mixin.py:190} INFO - [2025-05-20T03:08:28.913+0000] {dag.py:3229} INFO - Sync 1 DAGs
[2025-05-20T03:08:28.940+0000] {logging_mixin.py:190} INFO - [2025-05-20T03:08:28.939+0000] {dag.py:4156} INFO - Setting next_dagrun for latest_only_with_trigger to 2025-05-19 20:00:00+00:00, run_after=2025-05-20 00:00:00+00:00
[2025-05-20T03:08:29.005+0000] {processor.py:208} INFO - Processing /home/airflow/.local/lib/python3.12/site-packages/airflow/example_dags/example_latest_only_with_trigger.py took 0.239 seconds
[2025-05-20T03:08:59.646+0000] {processor.py:186} INFO - Started process (PID=1946) to work on /home/airflow/.local/lib/python3.12/site-packages/airflow/example_dags/example_latest_only_with_trigger.py
[2025-05-20T03:08:59.648+0000] {processor.py:914} INFO - Processing file /home/airflow/.local/lib/python3.12/site-packages/airflow/example_dags/example_latest_only_with_trigger.py for tasks to queue
[2025-05-20T03:08:59.652+0000] {logging_mixin.py:190} INFO - [2025-05-20T03:08:59.652+0000] {dagbag.py:587} INFO - Filling up the DagBag from /home/airflow/.local/lib/python3.12/site-packages/airflow/example_dags/example_latest_only_with_trigger.py
[2025-05-20T03:08:59.669+0000] {processor.py:925} INFO - DAG(s) 'latest_only_with_trigger' retrieved from /home/airflow/.local/lib/python3.12/site-packages/airflow/example_dags/example_latest_only_with_trigger.py
[2025-05-20T03:08:59.722+0000] {logging_mixin.py:190} INFO - [2025-05-20T03:08:59.721+0000] {dag.py:3229} INFO - Sync 1 DAGs
[2025-05-20T03:08:59.751+0000] {logging_mixin.py:190} INFO - [2025-05-20T03:08:59.751+0000] {dag.py:4156} INFO - Setting next_dagrun for latest_only_with_trigger to 2025-05-19 20:00:00+00:00, run_after=2025-05-20 00:00:00+00:00
[2025-05-20T03:08:59.792+0000] {processor.py:208} INFO - Processing /home/airflow/.local/lib/python3.12/site-packages/airflow/example_dags/example_latest_only_with_trigger.py took 0.150 seconds
[2025-05-20T03:09:30.641+0000] {processor.py:186} INFO - Started process (PID=2010) to work on /home/airflow/.local/lib/python3.12/site-packages/airflow/example_dags/example_latest_only_with_trigger.py
[2025-05-20T03:09:30.644+0000] {processor.py:914} INFO - Processing file /home/airflow/.local/lib/python3.12/site-packages/airflow/example_dags/example_latest_only_with_trigger.py for tasks to queue
[2025-05-20T03:09:30.652+0000] {logging_mixin.py:190} INFO - [2025-05-20T03:09:30.652+0000] {dagbag.py:587} INFO - Filling up the DagBag from /home/airflow/.local/lib/python3.12/site-packages/airflow/example_dags/example_latest_only_with_trigger.py
[2025-05-20T03:09:30.661+0000] {processor.py:925} INFO - DAG(s) 'latest_only_with_trigger' retrieved from /home/airflow/.local/lib/python3.12/site-packages/airflow/example_dags/example_latest_only_with_trigger.py
[2025-05-20T03:09:30.735+0000] {logging_mixin.py:190} INFO - [2025-05-20T03:09:30.733+0000] {dag.py:3229} INFO - Sync 1 DAGs
[2025-05-20T03:09:30.791+0000] {logging_mixin.py:190} INFO - [2025-05-20T03:09:30.789+0000] {dag.py:4156} INFO - Setting next_dagrun for latest_only_with_trigger to 2025-05-19 20:00:00+00:00, run_after=2025-05-20 00:00:00+00:00
[2025-05-20T03:09:30.844+0000] {processor.py:208} INFO - Processing /home/airflow/.local/lib/python3.12/site-packages/airflow/example_dags/example_latest_only_with_trigger.py took 0.207 seconds
[2025-05-20T03:10:02.759+0000] {processor.py:186} INFO - Started process (PID=2073) to work on /home/airflow/.local/lib/python3.12/site-packages/airflow/example_dags/example_latest_only_with_trigger.py
[2025-05-20T03:10:02.763+0000] {processor.py:914} INFO - Processing file /home/airflow/.local/lib/python3.12/site-packages/airflow/example_dags/example_latest_only_with_trigger.py for tasks to queue
[2025-05-20T03:10:02.784+0000] {logging_mixin.py:190} INFO - [2025-05-20T03:10:02.783+0000] {dagbag.py:587} INFO - Filling up the DagBag from /home/airflow/.local/lib/python3.12/site-packages/airflow/example_dags/example_latest_only_with_trigger.py
[2025-05-20T03:10:02.835+0000] {processor.py:925} INFO - DAG(s) 'latest_only_with_trigger' retrieved from /home/airflow/.local/lib/python3.12/site-packages/airflow/example_dags/example_latest_only_with_trigger.py
[2025-05-20T03:10:02.896+0000] {logging_mixin.py:190} INFO - [2025-05-20T03:10:02.896+0000] {dag.py:3229} INFO - Sync 1 DAGs
[2025-05-20T03:10:02.962+0000] {logging_mixin.py:190} INFO - [2025-05-20T03:10:02.959+0000] {dag.py:4156} INFO - Setting next_dagrun for latest_only_with_trigger to 2025-05-19 20:00:00+00:00, run_after=2025-05-20 00:00:00+00:00
[2025-05-20T03:10:02.985+0000] {processor.py:208} INFO - Processing /home/airflow/.local/lib/python3.12/site-packages/airflow/example_dags/example_latest_only_with_trigger.py took 0.231 seconds
[2025-05-20T03:10:33.461+0000] {processor.py:186} INFO - Started process (PID=2136) to work on /home/airflow/.local/lib/python3.12/site-packages/airflow/example_dags/example_latest_only_with_trigger.py
[2025-05-20T03:10:33.464+0000] {processor.py:914} INFO - Processing file /home/airflow/.local/lib/python3.12/site-packages/airflow/example_dags/example_latest_only_with_trigger.py for tasks to queue
[2025-05-20T03:10:33.469+0000] {logging_mixin.py:190} INFO - [2025-05-20T03:10:33.467+0000] {dagbag.py:587} INFO - Filling up the DagBag from /home/airflow/.local/lib/python3.12/site-packages/airflow/example_dags/example_latest_only_with_trigger.py
[2025-05-20T03:10:33.498+0000] {processor.py:925} INFO - DAG(s) 'latest_only_with_trigger' retrieved from /home/airflow/.local/lib/python3.12/site-packages/airflow/example_dags/example_latest_only_with_trigger.py
[2025-05-20T03:10:33.564+0000] {logging_mixin.py:190} INFO - [2025-05-20T03:10:33.563+0000] {dag.py:3229} INFO - Sync 1 DAGs
[2025-05-20T03:10:33.641+0000] {logging_mixin.py:190} INFO - [2025-05-20T03:10:33.640+0000] {dag.py:4156} INFO - Setting next_dagrun for latest_only_with_trigger to 2025-05-19 20:00:00+00:00, run_after=2025-05-20 00:00:00+00:00
[2025-05-20T03:10:33.695+0000] {processor.py:208} INFO - Processing /home/airflow/.local/lib/python3.12/site-packages/airflow/example_dags/example_latest_only_with_trigger.py took 0.237 seconds
[2025-05-20T03:11:05.489+0000] {processor.py:186} INFO - Started process (PID=2198) to work on /home/airflow/.local/lib/python3.12/site-packages/airflow/example_dags/example_latest_only_with_trigger.py
[2025-05-20T03:11:05.491+0000] {processor.py:914} INFO - Processing file /home/airflow/.local/lib/python3.12/site-packages/airflow/example_dags/example_latest_only_with_trigger.py for tasks to queue
[2025-05-20T03:11:05.500+0000] {logging_mixin.py:190} INFO - [2025-05-20T03:11:05.500+0000] {dagbag.py:587} INFO - Filling up the DagBag from /home/airflow/.local/lib/python3.12/site-packages/airflow/example_dags/example_latest_only_with_trigger.py
[2025-05-20T03:11:05.514+0000] {processor.py:925} INFO - DAG(s) 'latest_only_with_trigger' retrieved from /home/airflow/.local/lib/python3.12/site-packages/airflow/example_dags/example_latest_only_with_trigger.py
[2025-05-20T03:11:05.564+0000] {logging_mixin.py:190} INFO - [2025-05-20T03:11:05.564+0000] {dag.py:3229} INFO - Sync 1 DAGs
[2025-05-20T03:11:05.629+0000] {logging_mixin.py:190} INFO - [2025-05-20T03:11:05.629+0000] {dag.py:4156} INFO - Setting next_dagrun for latest_only_with_trigger to 2025-05-19 20:00:00+00:00, run_after=2025-05-20 00:00:00+00:00
[2025-05-20T03:11:05.690+0000] {processor.py:208} INFO - Processing /home/airflow/.local/lib/python3.12/site-packages/airflow/example_dags/example_latest_only_with_trigger.py took 0.205 seconds
[2025-05-20T03:11:36.852+0000] {processor.py:186} INFO - Started process (PID=2261) to work on /home/airflow/.local/lib/python3.12/site-packages/airflow/example_dags/example_latest_only_with_trigger.py
[2025-05-20T03:11:36.853+0000] {processor.py:914} INFO - Processing file /home/airflow/.local/lib/python3.12/site-packages/airflow/example_dags/example_latest_only_with_trigger.py for tasks to queue
[2025-05-20T03:11:36.867+0000] {logging_mixin.py:190} INFO - [2025-05-20T03:11:36.867+0000] {dagbag.py:587} INFO - Filling up the DagBag from /home/airflow/.local/lib/python3.12/site-packages/airflow/example_dags/example_latest_only_with_trigger.py
[2025-05-20T03:11:36.879+0000] {processor.py:925} INFO - DAG(s) 'latest_only_with_trigger' retrieved from /home/airflow/.local/lib/python3.12/site-packages/airflow/example_dags/example_latest_only_with_trigger.py
[2025-05-20T03:11:36.932+0000] {logging_mixin.py:190} INFO - [2025-05-20T03:11:36.931+0000] {dag.py:3229} INFO - Sync 1 DAGs
[2025-05-20T03:11:36.968+0000] {logging_mixin.py:190} INFO - [2025-05-20T03:11:36.968+0000] {dag.py:4156} INFO - Setting next_dagrun for latest_only_with_trigger to 2025-05-19 20:00:00+00:00, run_after=2025-05-20 00:00:00+00:00
[2025-05-20T03:11:37.027+0000] {processor.py:208} INFO - Processing /home/airflow/.local/lib/python3.12/site-packages/airflow/example_dags/example_latest_only_with_trigger.py took 0.178 seconds
[2025-05-20T03:12:08.561+0000] {processor.py:186} INFO - Started process (PID=2324) to work on /home/airflow/.local/lib/python3.12/site-packages/airflow/example_dags/example_latest_only_with_trigger.py
[2025-05-20T03:12:08.564+0000] {processor.py:914} INFO - Processing file /home/airflow/.local/lib/python3.12/site-packages/airflow/example_dags/example_latest_only_with_trigger.py for tasks to queue
[2025-05-20T03:12:08.570+0000] {logging_mixin.py:190} INFO - [2025-05-20T03:12:08.568+0000] {dagbag.py:587} INFO - Filling up the DagBag from /home/airflow/.local/lib/python3.12/site-packages/airflow/example_dags/example_latest_only_with_trigger.py
[2025-05-20T03:12:08.601+0000] {processor.py:925} INFO - DAG(s) 'latest_only_with_trigger' retrieved from /home/airflow/.local/lib/python3.12/site-packages/airflow/example_dags/example_latest_only_with_trigger.py
[2025-05-20T03:12:08.675+0000] {logging_mixin.py:190} INFO - [2025-05-20T03:12:08.674+0000] {dag.py:3229} INFO - Sync 1 DAGs
[2025-05-20T03:12:08.733+0000] {logging_mixin.py:190} INFO - [2025-05-20T03:12:08.728+0000] {dag.py:4156} INFO - Setting next_dagrun for latest_only_with_trigger to 2025-05-19 20:00:00+00:00, run_after=2025-05-20 00:00:00+00:00
[2025-05-20T03:12:08.782+0000] {processor.py:208} INFO - Processing /home/airflow/.local/lib/python3.12/site-packages/airflow/example_dags/example_latest_only_with_trigger.py took 0.228 seconds
[2025-05-20T03:12:39.497+0000] {processor.py:186} INFO - Started process (PID=2386) to work on /home/airflow/.local/lib/python3.12/site-packages/airflow/example_dags/example_latest_only_with_trigger.py
[2025-05-20T03:12:39.500+0000] {processor.py:914} INFO - Processing file /home/airflow/.local/lib/python3.12/site-packages/airflow/example_dags/example_latest_only_with_trigger.py for tasks to queue
[2025-05-20T03:12:39.505+0000] {logging_mixin.py:190} INFO - [2025-05-20T03:12:39.504+0000] {dagbag.py:587} INFO - Filling up the DagBag from /home/airflow/.local/lib/python3.12/site-packages/airflow/example_dags/example_latest_only_with_trigger.py
[2025-05-20T03:12:39.528+0000] {processor.py:925} INFO - DAG(s) 'latest_only_with_trigger' retrieved from /home/airflow/.local/lib/python3.12/site-packages/airflow/example_dags/example_latest_only_with_trigger.py
[2025-05-20T03:12:39.597+0000] {logging_mixin.py:190} INFO - [2025-05-20T03:12:39.597+0000] {dag.py:3229} INFO - Sync 1 DAGs
[2025-05-20T03:12:39.648+0000] {logging_mixin.py:190} INFO - [2025-05-20T03:12:39.648+0000] {dag.py:4156} INFO - Setting next_dagrun for latest_only_with_trigger to 2025-05-19 20:00:00+00:00, run_after=2025-05-20 00:00:00+00:00
[2025-05-20T03:12:39.690+0000] {processor.py:208} INFO - Processing /home/airflow/.local/lib/python3.12/site-packages/airflow/example_dags/example_latest_only_with_trigger.py took 0.199 seconds
[2025-05-20T03:13:10.594+0000] {processor.py:186} INFO - Started process (PID=2448) to work on /home/airflow/.local/lib/python3.12/site-packages/airflow/example_dags/example_latest_only_with_trigger.py
[2025-05-20T03:13:10.596+0000] {processor.py:914} INFO - Processing file /home/airflow/.local/lib/python3.12/site-packages/airflow/example_dags/example_latest_only_with_trigger.py for tasks to queue
[2025-05-20T03:13:10.607+0000] {logging_mixin.py:190} INFO - [2025-05-20T03:13:10.606+0000] {dagbag.py:587} INFO - Filling up the DagBag from /home/airflow/.local/lib/python3.12/site-packages/airflow/example_dags/example_latest_only_with_trigger.py
[2025-05-20T03:13:10.614+0000] {processor.py:925} INFO - DAG(s) 'latest_only_with_trigger' retrieved from /home/airflow/.local/lib/python3.12/site-packages/airflow/example_dags/example_latest_only_with_trigger.py
[2025-05-20T03:13:10.647+0000] {logging_mixin.py:190} INFO - [2025-05-20T03:13:10.647+0000] {dag.py:3229} INFO - Sync 1 DAGs
[2025-05-20T03:13:10.688+0000] {logging_mixin.py:190} INFO - [2025-05-20T03:13:10.688+0000] {dag.py:4156} INFO - Setting next_dagrun for latest_only_with_trigger to 2025-05-19 20:00:00+00:00, run_after=2025-05-20 00:00:00+00:00
[2025-05-20T03:13:10.745+0000] {processor.py:208} INFO - Processing /home/airflow/.local/lib/python3.12/site-packages/airflow/example_dags/example_latest_only_with_trigger.py took 0.154 seconds
[2025-05-20T03:13:41.970+0000] {processor.py:186} INFO - Started process (PID=2512) to work on /home/airflow/.local/lib/python3.12/site-packages/airflow/example_dags/example_latest_only_with_trigger.py
[2025-05-20T03:13:41.972+0000] {processor.py:914} INFO - Processing file /home/airflow/.local/lib/python3.12/site-packages/airflow/example_dags/example_latest_only_with_trigger.py for tasks to queue
[2025-05-20T03:13:41.982+0000] {logging_mixin.py:190} INFO - [2025-05-20T03:13:41.982+0000] {dagbag.py:587} INFO - Filling up the DagBag from /home/airflow/.local/lib/python3.12/site-packages/airflow/example_dags/example_latest_only_with_trigger.py
[2025-05-20T03:13:42.017+0000] {processor.py:925} INFO - DAG(s) 'latest_only_with_trigger' retrieved from /home/airflow/.local/lib/python3.12/site-packages/airflow/example_dags/example_latest_only_with_trigger.py
[2025-05-20T03:13:42.073+0000] {logging_mixin.py:190} INFO - [2025-05-20T03:13:42.073+0000] {dag.py:3229} INFO - Sync 1 DAGs
[2025-05-20T03:13:42.108+0000] {logging_mixin.py:190} INFO - [2025-05-20T03:13:42.108+0000] {dag.py:4156} INFO - Setting next_dagrun for latest_only_with_trigger to 2025-05-19 20:00:00+00:00, run_after=2025-05-20 00:00:00+00:00
[2025-05-20T03:13:42.166+0000] {processor.py:208} INFO - Processing /home/airflow/.local/lib/python3.12/site-packages/airflow/example_dags/example_latest_only_with_trigger.py took 0.202 seconds
[2025-05-20T03:14:13.951+0000] {processor.py:186} INFO - Started process (PID=2575) to work on /home/airflow/.local/lib/python3.12/site-packages/airflow/example_dags/example_latest_only_with_trigger.py
[2025-05-20T03:14:13.955+0000] {processor.py:914} INFO - Processing file /home/airflow/.local/lib/python3.12/site-packages/airflow/example_dags/example_latest_only_with_trigger.py for tasks to queue
[2025-05-20T03:14:13.964+0000] {logging_mixin.py:190} INFO - [2025-05-20T03:14:13.963+0000] {dagbag.py:587} INFO - Filling up the DagBag from /home/airflow/.local/lib/python3.12/site-packages/airflow/example_dags/example_latest_only_with_trigger.py
[2025-05-20T03:14:13.978+0000] {processor.py:925} INFO - DAG(s) 'latest_only_with_trigger' retrieved from /home/airflow/.local/lib/python3.12/site-packages/airflow/example_dags/example_latest_only_with_trigger.py
[2025-05-20T03:14:14.032+0000] {logging_mixin.py:190} INFO - [2025-05-20T03:14:14.031+0000] {dag.py:3229} INFO - Sync 1 DAGs
[2025-05-20T03:14:14.066+0000] {logging_mixin.py:190} INFO - [2025-05-20T03:14:14.066+0000] {dag.py:4156} INFO - Setting next_dagrun for latest_only_with_trigger to 2025-05-19 20:00:00+00:00, run_after=2025-05-20 00:00:00+00:00
[2025-05-20T03:14:14.098+0000] {processor.py:208} INFO - Processing /home/airflow/.local/lib/python3.12/site-packages/airflow/example_dags/example_latest_only_with_trigger.py took 0.151 seconds
[2025-05-20T03:14:44.642+0000] {processor.py:186} INFO - Started process (PID=2638) to work on /home/airflow/.local/lib/python3.12/site-packages/airflow/example_dags/example_latest_only_with_trigger.py
[2025-05-20T03:14:44.644+0000] {processor.py:914} INFO - Processing file /home/airflow/.local/lib/python3.12/site-packages/airflow/example_dags/example_latest_only_with_trigger.py for tasks to queue
[2025-05-20T03:14:44.655+0000] {logging_mixin.py:190} INFO - [2025-05-20T03:14:44.650+0000] {dagbag.py:587} INFO - Filling up the DagBag from /home/airflow/.local/lib/python3.12/site-packages/airflow/example_dags/example_latest_only_with_trigger.py
[2025-05-20T03:14:44.663+0000] {processor.py:925} INFO - DAG(s) 'latest_only_with_trigger' retrieved from /home/airflow/.local/lib/python3.12/site-packages/airflow/example_dags/example_latest_only_with_trigger.py
[2025-05-20T03:14:44.716+0000] {logging_mixin.py:190} INFO - [2025-05-20T03:14:44.715+0000] {dag.py:3229} INFO - Sync 1 DAGs
[2025-05-20T03:14:44.762+0000] {logging_mixin.py:190} INFO - [2025-05-20T03:14:44.762+0000] {dag.py:4156} INFO - Setting next_dagrun for latest_only_with_trigger to 2025-05-19 20:00:00+00:00, run_after=2025-05-20 00:00:00+00:00
[2025-05-20T03:14:44.805+0000] {processor.py:208} INFO - Processing /home/airflow/.local/lib/python3.12/site-packages/airflow/example_dags/example_latest_only_with_trigger.py took 0.166 seconds
[2025-05-20T03:15:17.622+0000] {processor.py:186} INFO - Started process (PID=2701) to work on /home/airflow/.local/lib/python3.12/site-packages/airflow/example_dags/example_latest_only_with_trigger.py
[2025-05-20T03:15:17.624+0000] {processor.py:914} INFO - Processing file /home/airflow/.local/lib/python3.12/site-packages/airflow/example_dags/example_latest_only_with_trigger.py for tasks to queue
[2025-05-20T03:15:17.629+0000] {logging_mixin.py:190} INFO - [2025-05-20T03:15:17.629+0000] {dagbag.py:587} INFO - Filling up the DagBag from /home/airflow/.local/lib/python3.12/site-packages/airflow/example_dags/example_latest_only_with_trigger.py
[2025-05-20T03:15:17.664+0000] {processor.py:925} INFO - DAG(s) 'latest_only_with_trigger' retrieved from /home/airflow/.local/lib/python3.12/site-packages/airflow/example_dags/example_latest_only_with_trigger.py
[2025-05-20T03:15:17.713+0000] {logging_mixin.py:190} INFO - [2025-05-20T03:15:17.713+0000] {dag.py:3229} INFO - Sync 1 DAGs
[2025-05-20T03:15:17.764+0000] {logging_mixin.py:190} INFO - [2025-05-20T03:15:17.764+0000] {dag.py:4156} INFO - Setting next_dagrun for latest_only_with_trigger to 2025-05-19 20:00:00+00:00, run_after=2025-05-20 00:00:00+00:00
[2025-05-20T03:15:17.839+0000] {processor.py:208} INFO - Processing /home/airflow/.local/lib/python3.12/site-packages/airflow/example_dags/example_latest_only_with_trigger.py took 0.221 seconds
[2025-05-20T03:15:48.046+0000] {processor.py:186} INFO - Started process (PID=2764) to work on /home/airflow/.local/lib/python3.12/site-packages/airflow/example_dags/example_latest_only_with_trigger.py
[2025-05-20T03:15:48.048+0000] {processor.py:914} INFO - Processing file /home/airflow/.local/lib/python3.12/site-packages/airflow/example_dags/example_latest_only_with_trigger.py for tasks to queue
[2025-05-20T03:15:48.051+0000] {logging_mixin.py:190} INFO - [2025-05-20T03:15:48.050+0000] {dagbag.py:587} INFO - Filling up the DagBag from /home/airflow/.local/lib/python3.12/site-packages/airflow/example_dags/example_latest_only_with_trigger.py
[2025-05-20T03:15:48.064+0000] {processor.py:925} INFO - DAG(s) 'latest_only_with_trigger' retrieved from /home/airflow/.local/lib/python3.12/site-packages/airflow/example_dags/example_latest_only_with_trigger.py
[2025-05-20T03:15:48.128+0000] {logging_mixin.py:190} INFO - [2025-05-20T03:15:48.128+0000] {dag.py:3229} INFO - Sync 1 DAGs
[2025-05-20T03:15:48.222+0000] {logging_mixin.py:190} INFO - [2025-05-20T03:15:48.220+0000] {dag.py:4156} INFO - Setting next_dagrun for latest_only_with_trigger to 2025-05-19 20:00:00+00:00, run_after=2025-05-20 00:00:00+00:00
[2025-05-20T03:15:48.300+0000] {processor.py:208} INFO - Processing /home/airflow/.local/lib/python3.12/site-packages/airflow/example_dags/example_latest_only_with_trigger.py took 0.260 seconds
[2025-05-20T03:16:20.711+0000] {processor.py:186} INFO - Started process (PID=2827) to work on /home/airflow/.local/lib/python3.12/site-packages/airflow/example_dags/example_latest_only_with_trigger.py
[2025-05-20T03:16:20.714+0000] {processor.py:914} INFO - Processing file /home/airflow/.local/lib/python3.12/site-packages/airflow/example_dags/example_latest_only_with_trigger.py for tasks to queue
[2025-05-20T03:16:20.720+0000] {logging_mixin.py:190} INFO - [2025-05-20T03:16:20.720+0000] {dagbag.py:587} INFO - Filling up the DagBag from /home/airflow/.local/lib/python3.12/site-packages/airflow/example_dags/example_latest_only_with_trigger.py
[2025-05-20T03:16:20.749+0000] {processor.py:925} INFO - DAG(s) 'latest_only_with_trigger' retrieved from /home/airflow/.local/lib/python3.12/site-packages/airflow/example_dags/example_latest_only_with_trigger.py
[2025-05-20T03:16:20.799+0000] {logging_mixin.py:190} INFO - [2025-05-20T03:16:20.799+0000] {dag.py:3229} INFO - Sync 1 DAGs
[2025-05-20T03:16:20.869+0000] {logging_mixin.py:190} INFO - [2025-05-20T03:16:20.869+0000] {dag.py:4156} INFO - Setting next_dagrun for latest_only_with_trigger to 2025-05-19 20:00:00+00:00, run_after=2025-05-20 00:00:00+00:00
[2025-05-20T03:16:20.942+0000] {processor.py:208} INFO - Processing /home/airflow/.local/lib/python3.12/site-packages/airflow/example_dags/example_latest_only_with_trigger.py took 0.238 seconds
[2025-05-20T03:16:51.068+0000] {processor.py:186} INFO - Started process (PID=2890) to work on /home/airflow/.local/lib/python3.12/site-packages/airflow/example_dags/example_latest_only_with_trigger.py
[2025-05-20T03:16:51.069+0000] {processor.py:914} INFO - Processing file /home/airflow/.local/lib/python3.12/site-packages/airflow/example_dags/example_latest_only_with_trigger.py for tasks to queue
[2025-05-20T03:16:51.072+0000] {logging_mixin.py:190} INFO - [2025-05-20T03:16:51.071+0000] {dagbag.py:587} INFO - Filling up the DagBag from /home/airflow/.local/lib/python3.12/site-packages/airflow/example_dags/example_latest_only_with_trigger.py
[2025-05-20T03:16:51.089+0000] {processor.py:925} INFO - DAG(s) 'latest_only_with_trigger' retrieved from /home/airflow/.local/lib/python3.12/site-packages/airflow/example_dags/example_latest_only_with_trigger.py
[2025-05-20T03:16:51.140+0000] {logging_mixin.py:190} INFO - [2025-05-20T03:16:51.139+0000] {dag.py:3229} INFO - Sync 1 DAGs
[2025-05-20T03:16:51.220+0000] {logging_mixin.py:190} INFO - [2025-05-20T03:16:51.220+0000] {dag.py:4156} INFO - Setting next_dagrun for latest_only_with_trigger to 2025-05-19 20:00:00+00:00, run_after=2025-05-20 00:00:00+00:00
[2025-05-20T03:16:51.268+0000] {processor.py:208} INFO - Processing /home/airflow/.local/lib/python3.12/site-packages/airflow/example_dags/example_latest_only_with_trigger.py took 0.204 seconds
[2025-05-20T03:17:23.005+0000] {processor.py:186} INFO - Started process (PID=2953) to work on /home/airflow/.local/lib/python3.12/site-packages/airflow/example_dags/example_latest_only_with_trigger.py
[2025-05-20T03:17:23.007+0000] {processor.py:914} INFO - Processing file /home/airflow/.local/lib/python3.12/site-packages/airflow/example_dags/example_latest_only_with_trigger.py for tasks to queue
[2025-05-20T03:17:23.014+0000] {logging_mixin.py:190} INFO - [2025-05-20T03:17:23.012+0000] {dagbag.py:587} INFO - Filling up the DagBag from /home/airflow/.local/lib/python3.12/site-packages/airflow/example_dags/example_latest_only_with_trigger.py
[2025-05-20T03:17:23.031+0000] {processor.py:925} INFO - DAG(s) 'latest_only_with_trigger' retrieved from /home/airflow/.local/lib/python3.12/site-packages/airflow/example_dags/example_latest_only_with_trigger.py
[2025-05-20T03:17:23.051+0000] {logging_mixin.py:190} INFO - [2025-05-20T03:17:23.051+0000] {dag.py:3229} INFO - Sync 1 DAGs
[2025-05-20T03:17:23.082+0000] {logging_mixin.py:190} INFO - [2025-05-20T03:17:23.081+0000] {dag.py:4156} INFO - Setting next_dagrun for latest_only_with_trigger to 2025-05-19 20:00:00+00:00, run_after=2025-05-20 00:00:00+00:00
[2025-05-20T03:17:23.139+0000] {processor.py:208} INFO - Processing /home/airflow/.local/lib/python3.12/site-packages/airflow/example_dags/example_latest_only_with_trigger.py took 0.138 seconds
[2025-05-20T03:17:53.975+0000] {processor.py:186} INFO - Started process (PID=3016) to work on /home/airflow/.local/lib/python3.12/site-packages/airflow/example_dags/example_latest_only_with_trigger.py
[2025-05-20T03:17:53.977+0000] {processor.py:914} INFO - Processing file /home/airflow/.local/lib/python3.12/site-packages/airflow/example_dags/example_latest_only_with_trigger.py for tasks to queue
[2025-05-20T03:17:53.984+0000] {logging_mixin.py:190} INFO - [2025-05-20T03:17:53.983+0000] {dagbag.py:587} INFO - Filling up the DagBag from /home/airflow/.local/lib/python3.12/site-packages/airflow/example_dags/example_latest_only_with_trigger.py
[2025-05-20T03:17:53.993+0000] {processor.py:925} INFO - DAG(s) 'latest_only_with_trigger' retrieved from /home/airflow/.local/lib/python3.12/site-packages/airflow/example_dags/example_latest_only_with_trigger.py
[2025-05-20T03:17:54.067+0000] {logging_mixin.py:190} INFO - [2025-05-20T03:17:54.065+0000] {dag.py:3229} INFO - Sync 1 DAGs
[2025-05-20T03:17:54.117+0000] {logging_mixin.py:190} INFO - [2025-05-20T03:17:54.117+0000] {dag.py:4156} INFO - Setting next_dagrun for latest_only_with_trigger to 2025-05-19 20:00:00+00:00, run_after=2025-05-20 00:00:00+00:00
[2025-05-20T03:17:54.189+0000] {processor.py:208} INFO - Processing /home/airflow/.local/lib/python3.12/site-packages/airflow/example_dags/example_latest_only_with_trigger.py took 0.218 seconds
[2025-05-20T03:18:27.499+0000] {processor.py:186} INFO - Started process (PID=3079) to work on /home/airflow/.local/lib/python3.12/site-packages/airflow/example_dags/example_latest_only_with_trigger.py
[2025-05-20T03:18:27.503+0000] {processor.py:914} INFO - Processing file /home/airflow/.local/lib/python3.12/site-packages/airflow/example_dags/example_latest_only_with_trigger.py for tasks to queue
[2025-05-20T03:18:27.519+0000] {logging_mixin.py:190} INFO - [2025-05-20T03:18:27.518+0000] {dagbag.py:587} INFO - Filling up the DagBag from /home/airflow/.local/lib/python3.12/site-packages/airflow/example_dags/example_latest_only_with_trigger.py
[2025-05-20T03:18:27.530+0000] {processor.py:925} INFO - DAG(s) 'latest_only_with_trigger' retrieved from /home/airflow/.local/lib/python3.12/site-packages/airflow/example_dags/example_latest_only_with_trigger.py
[2025-05-20T03:18:27.576+0000] {logging_mixin.py:190} INFO - [2025-05-20T03:18:27.576+0000] {dag.py:3229} INFO - Sync 1 DAGs
[2025-05-20T03:18:27.879+0000] {logging_mixin.py:190} INFO - [2025-05-20T03:18:27.879+0000] {dag.py:4156} INFO - Setting next_dagrun for latest_only_with_trigger to 2025-05-19 20:00:00+00:00, run_after=2025-05-20 00:00:00+00:00
[2025-05-20T03:18:27.904+0000] {processor.py:208} INFO - Processing /home/airflow/.local/lib/python3.12/site-packages/airflow/example_dags/example_latest_only_with_trigger.py took 0.408 seconds
[2025-05-20T03:18:58.448+0000] {processor.py:186} INFO - Started process (PID=3142) to work on /home/airflow/.local/lib/python3.12/site-packages/airflow/example_dags/example_latest_only_with_trigger.py
[2025-05-20T03:18:58.458+0000] {processor.py:914} INFO - Processing file /home/airflow/.local/lib/python3.12/site-packages/airflow/example_dags/example_latest_only_with_trigger.py for tasks to queue
[2025-05-20T03:18:58.480+0000] {logging_mixin.py:190} INFO - [2025-05-20T03:18:58.477+0000] {dagbag.py:587} INFO - Filling up the DagBag from /home/airflow/.local/lib/python3.12/site-packages/airflow/example_dags/example_latest_only_with_trigger.py
[2025-05-20T03:18:58.496+0000] {processor.py:925} INFO - DAG(s) 'latest_only_with_trigger' retrieved from /home/airflow/.local/lib/python3.12/site-packages/airflow/example_dags/example_latest_only_with_trigger.py
[2025-05-20T03:18:58.565+0000] {logging_mixin.py:190} INFO - [2025-05-20T03:18:58.561+0000] {dag.py:3229} INFO - Sync 1 DAGs
[2025-05-20T03:18:58.787+0000] {logging_mixin.py:190} INFO - [2025-05-20T03:18:58.783+0000] {dag.py:4156} INFO - Setting next_dagrun for latest_only_with_trigger to 2025-05-19 20:00:00+00:00, run_after=2025-05-20 00:00:00+00:00
[2025-05-20T03:18:58.829+0000] {processor.py:208} INFO - Processing /home/airflow/.local/lib/python3.12/site-packages/airflow/example_dags/example_latest_only_with_trigger.py took 0.383 seconds
[2025-05-20T03:19:30.097+0000] {processor.py:186} INFO - Started process (PID=3209) to work on /home/airflow/.local/lib/python3.12/site-packages/airflow/example_dags/example_latest_only_with_trigger.py
[2025-05-20T03:19:30.099+0000] {processor.py:914} INFO - Processing file /home/airflow/.local/lib/python3.12/site-packages/airflow/example_dags/example_latest_only_with_trigger.py for tasks to queue
[2025-05-20T03:19:30.104+0000] {logging_mixin.py:190} INFO - [2025-05-20T03:19:30.103+0000] {dagbag.py:587} INFO - Filling up the DagBag from /home/airflow/.local/lib/python3.12/site-packages/airflow/example_dags/example_latest_only_with_trigger.py
[2025-05-20T03:19:30.123+0000] {processor.py:925} INFO - DAG(s) 'latest_only_with_trigger' retrieved from /home/airflow/.local/lib/python3.12/site-packages/airflow/example_dags/example_latest_only_with_trigger.py
[2025-05-20T03:19:30.161+0000] {logging_mixin.py:190} INFO - [2025-05-20T03:19:30.160+0000] {dag.py:3229} INFO - Sync 1 DAGs
[2025-05-20T03:19:30.519+0000] {logging_mixin.py:190} INFO - [2025-05-20T03:19:30.516+0000] {dag.py:4156} INFO - Setting next_dagrun for latest_only_with_trigger to 2025-05-19 20:00:00+00:00, run_after=2025-05-20 00:00:00+00:00
[2025-05-20T03:19:30.613+0000] {processor.py:208} INFO - Processing /home/airflow/.local/lib/python3.12/site-packages/airflow/example_dags/example_latest_only_with_trigger.py took 0.521 seconds
[2025-05-20T03:20:00.839+0000] {processor.py:186} INFO - Started process (PID=3272) to work on /home/airflow/.local/lib/python3.12/site-packages/airflow/example_dags/example_latest_only_with_trigger.py
[2025-05-20T03:20:00.843+0000] {processor.py:914} INFO - Processing file /home/airflow/.local/lib/python3.12/site-packages/airflow/example_dags/example_latest_only_with_trigger.py for tasks to queue
[2025-05-20T03:20:00.856+0000] {logging_mixin.py:190} INFO - [2025-05-20T03:20:00.852+0000] {dagbag.py:587} INFO - Filling up the DagBag from /home/airflow/.local/lib/python3.12/site-packages/airflow/example_dags/example_latest_only_with_trigger.py
[2025-05-20T03:20:00.868+0000] {processor.py:925} INFO - DAG(s) 'latest_only_with_trigger' retrieved from /home/airflow/.local/lib/python3.12/site-packages/airflow/example_dags/example_latest_only_with_trigger.py
[2025-05-20T03:20:00.927+0000] {logging_mixin.py:190} INFO - [2025-05-20T03:20:00.924+0000] {dag.py:3229} INFO - Sync 1 DAGs
[2025-05-20T03:20:01.006+0000] {logging_mixin.py:190} INFO - [2025-05-20T03:20:01.005+0000] {dag.py:4156} INFO - Setting next_dagrun for latest_only_with_trigger to 2025-05-19 20:00:00+00:00, run_after=2025-05-20 00:00:00+00:00
[2025-05-20T03:20:01.042+0000] {processor.py:208} INFO - Processing /home/airflow/.local/lib/python3.12/site-packages/airflow/example_dags/example_latest_only_with_trigger.py took 0.207 seconds
[2025-05-20T03:20:31.841+0000] {processor.py:186} INFO - Started process (PID=3334) to work on /home/airflow/.local/lib/python3.12/site-packages/airflow/example_dags/example_latest_only_with_trigger.py
[2025-05-20T03:20:31.844+0000] {processor.py:914} INFO - Processing file /home/airflow/.local/lib/python3.12/site-packages/airflow/example_dags/example_latest_only_with_trigger.py for tasks to queue
[2025-05-20T03:20:31.852+0000] {logging_mixin.py:190} INFO - [2025-05-20T03:20:31.852+0000] {dagbag.py:587} INFO - Filling up the DagBag from /home/airflow/.local/lib/python3.12/site-packages/airflow/example_dags/example_latest_only_with_trigger.py
[2025-05-20T03:20:31.859+0000] {processor.py:925} INFO - DAG(s) 'latest_only_with_trigger' retrieved from /home/airflow/.local/lib/python3.12/site-packages/airflow/example_dags/example_latest_only_with_trigger.py
[2025-05-20T03:20:31.904+0000] {logging_mixin.py:190} INFO - [2025-05-20T03:20:31.902+0000] {dag.py:3229} INFO - Sync 1 DAGs
[2025-05-20T03:20:31.944+0000] {logging_mixin.py:190} INFO - [2025-05-20T03:20:31.944+0000] {dag.py:4156} INFO - Setting next_dagrun for latest_only_with_trigger to 2025-05-19 20:00:00+00:00, run_after=2025-05-20 00:00:00+00:00
[2025-05-20T03:20:31.992+0000] {processor.py:208} INFO - Processing /home/airflow/.local/lib/python3.12/site-packages/airflow/example_dags/example_latest_only_with_trigger.py took 0.156 seconds
[2025-05-20T03:21:02.901+0000] {processor.py:186} INFO - Started process (PID=3397) to work on /home/airflow/.local/lib/python3.12/site-packages/airflow/example_dags/example_latest_only_with_trigger.py
[2025-05-20T03:21:02.903+0000] {processor.py:914} INFO - Processing file /home/airflow/.local/lib/python3.12/site-packages/airflow/example_dags/example_latest_only_with_trigger.py for tasks to queue
[2025-05-20T03:21:02.909+0000] {logging_mixin.py:190} INFO - [2025-05-20T03:21:02.909+0000] {dagbag.py:587} INFO - Filling up the DagBag from /home/airflow/.local/lib/python3.12/site-packages/airflow/example_dags/example_latest_only_with_trigger.py
[2025-05-20T03:21:02.919+0000] {processor.py:925} INFO - DAG(s) 'latest_only_with_trigger' retrieved from /home/airflow/.local/lib/python3.12/site-packages/airflow/example_dags/example_latest_only_with_trigger.py
[2025-05-20T03:21:02.986+0000] {logging_mixin.py:190} INFO - [2025-05-20T03:21:02.981+0000] {dag.py:3229} INFO - Sync 1 DAGs
[2025-05-20T03:21:03.024+0000] {logging_mixin.py:190} INFO - [2025-05-20T03:21:03.024+0000] {dag.py:4156} INFO - Setting next_dagrun for latest_only_with_trigger to 2025-05-19 20:00:00+00:00, run_after=2025-05-20 00:00:00+00:00
[2025-05-20T03:21:03.095+0000] {processor.py:208} INFO - Processing /home/airflow/.local/lib/python3.12/site-packages/airflow/example_dags/example_latest_only_with_trigger.py took 0.198 seconds
