[2025-05-20T02:50:53.734+0000] {processor.py:186} INFO - Started process (PID=85) to work on /home/airflow/.local/lib/python3.12/site-packages/airflow/example_dags/example_display_name.py
[2025-05-20T02:50:53.736+0000] {processor.py:914} INFO - Processing file /home/airflow/.local/lib/python3.12/site-packages/airflow/example_dags/example_display_name.py for tasks to queue
[2025-05-20T02:50:53.739+0000] {logging_mixin.py:190} INFO - [2025-05-20T02:50:53.738+0000] {dagbag.py:587} INFO - Filling up the DagBag from /home/airflow/.local/lib/python3.12/site-packages/airflow/example_dags/example_display_name.py
[2025-05-20T02:50:53.757+0000] {processor.py:925} INFO - DAG(s) 'example_display_name' retrieved from /home/airflow/.local/lib/python3.12/site-packages/airflow/example_dags/example_display_name.py
[2025-05-20T02:50:53.914+0000] {logging_mixin.py:190} INFO - [2025-05-20T02:50:53.912+0000] {override.py:1900} INFO - Created Permission View: can read on DAG:example_display_name
[2025-05-20T02:50:53.932+0000] {logging_mixin.py:190} INFO - [2025-05-20T02:50:53.932+0000] {override.py:1900} INFO - Created Permission View: can delete on DAG:example_display_name
[2025-05-20T02:50:53.961+0000] {logging_mixin.py:190} INFO - [2025-05-20T02:50:53.960+0000] {override.py:1900} INFO - Created Permission View: can edit on DAG:example_display_name
[2025-05-20T02:50:53.982+0000] {logging_mixin.py:190} INFO - [2025-05-20T02:50:53.982+0000] {override.py:1900} INFO - Created Permission View: can read on DAG Run:example_display_name
[2025-05-20T02:50:53.997+0000] {logging_mixin.py:190} INFO - [2025-05-20T02:50:53.995+0000] {override.py:1900} INFO - Created Permission View: can delete on DAG Run:example_display_name
[2025-05-20T02:50:54.013+0000] {logging_mixin.py:190} INFO - [2025-05-20T02:50:54.012+0000] {override.py:1900} INFO - Created Permission View: can create on DAG Run:example_display_name
[2025-05-20T02:50:54.026+0000] {logging_mixin.py:190} INFO - [2025-05-20T02:50:54.024+0000] {override.py:1900} INFO - Created Permission View: menu access on DAG Run:example_display_name
[2025-05-20T02:50:54.027+0000] {logging_mixin.py:190} INFO - [2025-05-20T02:50:54.026+0000] {dag.py:3229} INFO - Sync 1 DAGs
[2025-05-20T02:50:54.049+0000] {logging_mixin.py:190} INFO - [2025-05-20T02:50:54.048+0000] {dag.py:3252} INFO - Creating ORM DAG for example_display_name
[2025-05-20T02:50:54.050+0000] {logging_mixin.py:190} INFO - [2025-05-20T02:50:54.050+0000] {dag.py:4156} INFO - Setting next_dagrun for example_display_name to None, run_after=None
[2025-05-20T02:50:54.087+0000] {processor.py:208} INFO - Processing /home/airflow/.local/lib/python3.12/site-packages/airflow/example_dags/example_display_name.py took 0.368 seconds
[2025-05-20T02:51:24.179+0000] {processor.py:186} INFO - Started process (PID=146) to work on /home/airflow/.local/lib/python3.12/site-packages/airflow/example_dags/example_display_name.py
[2025-05-20T02:51:24.180+0000] {processor.py:914} INFO - Processing file /home/airflow/.local/lib/python3.12/site-packages/airflow/example_dags/example_display_name.py for tasks to queue
[2025-05-20T02:51:24.187+0000] {logging_mixin.py:190} INFO - [2025-05-20T02:51:24.186+0000] {dagbag.py:587} INFO - Filling up the DagBag from /home/airflow/.local/lib/python3.12/site-packages/airflow/example_dags/example_display_name.py
[2025-05-20T02:51:24.218+0000] {processor.py:925} INFO - DAG(s) 'example_display_name' retrieved from /home/airflow/.local/lib/python3.12/site-packages/airflow/example_dags/example_display_name.py
[2025-05-20T02:51:24.261+0000] {logging_mixin.py:190} INFO - [2025-05-20T02:51:24.261+0000] {dag.py:3229} INFO - Sync 1 DAGs
[2025-05-20T02:51:24.283+0000] {logging_mixin.py:190} INFO - [2025-05-20T02:51:24.282+0000] {dag.py:4156} INFO - Setting next_dagrun for example_display_name to None, run_after=None
[2025-05-20T02:51:24.324+0000] {processor.py:208} INFO - Processing /home/airflow/.local/lib/python3.12/site-packages/airflow/example_dags/example_display_name.py took 0.152 seconds
[2025-05-20T02:51:54.634+0000] {processor.py:186} INFO - Started process (PID=208) to work on /home/airflow/.local/lib/python3.12/site-packages/airflow/example_dags/example_display_name.py
[2025-05-20T02:51:54.635+0000] {processor.py:914} INFO - Processing file /home/airflow/.local/lib/python3.12/site-packages/airflow/example_dags/example_display_name.py for tasks to queue
[2025-05-20T02:51:54.640+0000] {logging_mixin.py:190} INFO - [2025-05-20T02:51:54.639+0000] {dagbag.py:587} INFO - Filling up the DagBag from /home/airflow/.local/lib/python3.12/site-packages/airflow/example_dags/example_display_name.py
[2025-05-20T02:51:54.664+0000] {processor.py:925} INFO - DAG(s) 'example_display_name' retrieved from /home/airflow/.local/lib/python3.12/site-packages/airflow/example_dags/example_display_name.py
[2025-05-20T02:51:54.707+0000] {logging_mixin.py:190} INFO - [2025-05-20T02:51:54.706+0000] {dag.py:3229} INFO - Sync 1 DAGs
[2025-05-20T02:51:54.741+0000] {logging_mixin.py:190} INFO - [2025-05-20T02:51:54.740+0000] {dag.py:4156} INFO - Setting next_dagrun for example_display_name to None, run_after=None
[2025-05-20T02:51:54.780+0000] {processor.py:208} INFO - Processing /home/airflow/.local/lib/python3.12/site-packages/airflow/example_dags/example_display_name.py took 0.149 seconds
[2025-05-20T02:53:58.059+0000] {processor.py:186} INFO - Started process (PID=86) to work on /home/airflow/.local/lib/python3.12/site-packages/airflow/example_dags/example_display_name.py
[2025-05-20T02:53:58.063+0000] {processor.py:914} INFO - Processing file /home/airflow/.local/lib/python3.12/site-packages/airflow/example_dags/example_display_name.py for tasks to queue
[2025-05-20T02:53:58.078+0000] {logging_mixin.py:190} INFO - [2025-05-20T02:53:58.078+0000] {dagbag.py:587} INFO - Filling up the DagBag from /home/airflow/.local/lib/python3.12/site-packages/airflow/example_dags/example_display_name.py
[2025-05-20T02:53:58.101+0000] {processor.py:925} INFO - DAG(s) 'example_display_name' retrieved from /home/airflow/.local/lib/python3.12/site-packages/airflow/example_dags/example_display_name.py
[2025-05-20T02:53:58.151+0000] {logging_mixin.py:190} INFO - [2025-05-20T02:53:58.150+0000] {dag.py:3229} INFO - Sync 1 DAGs
[2025-05-20T02:53:58.185+0000] {logging_mixin.py:190} INFO - [2025-05-20T02:53:58.185+0000] {dag.py:4156} INFO - Setting next_dagrun for example_display_name to None, run_after=None
[2025-05-20T02:53:58.254+0000] {processor.py:208} INFO - Processing /home/airflow/.local/lib/python3.12/site-packages/airflow/example_dags/example_display_name.py took 0.199 seconds
[2025-05-20T02:54:28.535+0000] {processor.py:186} INFO - Started process (PID=148) to work on /home/airflow/.local/lib/python3.12/site-packages/airflow/example_dags/example_display_name.py
[2025-05-20T02:54:28.539+0000] {processor.py:914} INFO - Processing file /home/airflow/.local/lib/python3.12/site-packages/airflow/example_dags/example_display_name.py for tasks to queue
[2025-05-20T02:54:28.554+0000] {logging_mixin.py:190} INFO - [2025-05-20T02:54:28.553+0000] {dagbag.py:587} INFO - Filling up the DagBag from /home/airflow/.local/lib/python3.12/site-packages/airflow/example_dags/example_display_name.py
[2025-05-20T02:54:28.564+0000] {processor.py:925} INFO - DAG(s) 'example_display_name' retrieved from /home/airflow/.local/lib/python3.12/site-packages/airflow/example_dags/example_display_name.py
[2025-05-20T02:54:28.609+0000] {logging_mixin.py:190} INFO - [2025-05-20T02:54:28.607+0000] {dag.py:3229} INFO - Sync 1 DAGs
[2025-05-20T02:54:28.625+0000] {logging_mixin.py:190} INFO - [2025-05-20T02:54:28.624+0000] {dag.py:4156} INFO - Setting next_dagrun for example_display_name to None, run_after=None
[2025-05-20T02:54:28.658+0000] {processor.py:208} INFO - Processing /home/airflow/.local/lib/python3.12/site-packages/airflow/example_dags/example_display_name.py took 0.128 seconds
[2025-05-20T02:54:58.971+0000] {processor.py:186} INFO - Started process (PID=211) to work on /home/airflow/.local/lib/python3.12/site-packages/airflow/example_dags/example_display_name.py
[2025-05-20T02:54:58.973+0000] {processor.py:914} INFO - Processing file /home/airflow/.local/lib/python3.12/site-packages/airflow/example_dags/example_display_name.py for tasks to queue
[2025-05-20T02:54:58.976+0000] {logging_mixin.py:190} INFO - [2025-05-20T02:54:58.976+0000] {dagbag.py:587} INFO - Filling up the DagBag from /home/airflow/.local/lib/python3.12/site-packages/airflow/example_dags/example_display_name.py
[2025-05-20T02:54:58.997+0000] {processor.py:925} INFO - DAG(s) 'example_display_name' retrieved from /home/airflow/.local/lib/python3.12/site-packages/airflow/example_dags/example_display_name.py
[2025-05-20T02:54:59.036+0000] {logging_mixin.py:190} INFO - [2025-05-20T02:54:59.035+0000] {dag.py:3229} INFO - Sync 1 DAGs
[2025-05-20T02:54:59.062+0000] {logging_mixin.py:190} INFO - [2025-05-20T02:54:59.062+0000] {dag.py:4156} INFO - Setting next_dagrun for example_display_name to None, run_after=None
[2025-05-20T02:54:59.096+0000] {processor.py:208} INFO - Processing /home/airflow/.local/lib/python3.12/site-packages/airflow/example_dags/example_display_name.py took 0.131 seconds
[2025-05-20T02:55:29.643+0000] {processor.py:186} INFO - Started process (PID=274) to work on /home/airflow/.local/lib/python3.12/site-packages/airflow/example_dags/example_display_name.py
[2025-05-20T02:55:29.645+0000] {processor.py:914} INFO - Processing file /home/airflow/.local/lib/python3.12/site-packages/airflow/example_dags/example_display_name.py for tasks to queue
[2025-05-20T02:55:29.647+0000] {logging_mixin.py:190} INFO - [2025-05-20T02:55:29.647+0000] {dagbag.py:587} INFO - Filling up the DagBag from /home/airflow/.local/lib/python3.12/site-packages/airflow/example_dags/example_display_name.py
[2025-05-20T02:55:29.668+0000] {processor.py:925} INFO - DAG(s) 'example_display_name' retrieved from /home/airflow/.local/lib/python3.12/site-packages/airflow/example_dags/example_display_name.py
[2025-05-20T02:55:29.714+0000] {logging_mixin.py:190} INFO - [2025-05-20T02:55:29.714+0000] {dag.py:3229} INFO - Sync 1 DAGs
[2025-05-20T02:55:29.760+0000] {logging_mixin.py:190} INFO - [2025-05-20T02:55:29.756+0000] {dag.py:4156} INFO - Setting next_dagrun for example_display_name to None, run_after=None
[2025-05-20T02:55:29.804+0000] {processor.py:208} INFO - Processing /home/airflow/.local/lib/python3.12/site-packages/airflow/example_dags/example_display_name.py took 0.166 seconds
[2025-05-20T02:56:00.811+0000] {processor.py:186} INFO - Started process (PID=337) to work on /home/airflow/.local/lib/python3.12/site-packages/airflow/example_dags/example_display_name.py
[2025-05-20T02:56:00.813+0000] {processor.py:914} INFO - Processing file /home/airflow/.local/lib/python3.12/site-packages/airflow/example_dags/example_display_name.py for tasks to queue
[2025-05-20T02:56:00.847+0000] {logging_mixin.py:190} INFO - [2025-05-20T02:56:00.844+0000] {dagbag.py:587} INFO - Filling up the DagBag from /home/airflow/.local/lib/python3.12/site-packages/airflow/example_dags/example_display_name.py
[2025-05-20T02:56:00.865+0000] {processor.py:925} INFO - DAG(s) 'example_display_name' retrieved from /home/airflow/.local/lib/python3.12/site-packages/airflow/example_dags/example_display_name.py
[2025-05-20T02:56:00.933+0000] {logging_mixin.py:190} INFO - [2025-05-20T02:56:00.933+0000] {dag.py:3229} INFO - Sync 1 DAGs
[2025-05-20T02:56:00.964+0000] {logging_mixin.py:190} INFO - [2025-05-20T02:56:00.963+0000] {dag.py:4156} INFO - Setting next_dagrun for example_display_name to None, run_after=None
[2025-05-20T02:56:01.034+0000] {processor.py:208} INFO - Processing /home/airflow/.local/lib/python3.12/site-packages/airflow/example_dags/example_display_name.py took 0.225 seconds
[2025-05-20T02:56:31.623+0000] {processor.py:186} INFO - Started process (PID=400) to work on /home/airflow/.local/lib/python3.12/site-packages/airflow/example_dags/example_display_name.py
[2025-05-20T02:56:31.625+0000] {processor.py:914} INFO - Processing file /home/airflow/.local/lib/python3.12/site-packages/airflow/example_dags/example_display_name.py for tasks to queue
[2025-05-20T02:56:31.644+0000] {logging_mixin.py:190} INFO - [2025-05-20T02:56:31.643+0000] {dagbag.py:587} INFO - Filling up the DagBag from /home/airflow/.local/lib/python3.12/site-packages/airflow/example_dags/example_display_name.py
[2025-05-20T02:56:31.677+0000] {processor.py:925} INFO - DAG(s) 'example_display_name' retrieved from /home/airflow/.local/lib/python3.12/site-packages/airflow/example_dags/example_display_name.py
[2025-05-20T02:56:31.745+0000] {logging_mixin.py:190} INFO - [2025-05-20T02:56:31.744+0000] {dag.py:3229} INFO - Sync 1 DAGs
[2025-05-20T02:56:31.776+0000] {logging_mixin.py:190} INFO - [2025-05-20T02:56:31.776+0000] {dag.py:4156} INFO - Setting next_dagrun for example_display_name to None, run_after=None
[2025-05-20T02:56:31.815+0000] {processor.py:208} INFO - Processing /home/airflow/.local/lib/python3.12/site-packages/airflow/example_dags/example_display_name.py took 0.195 seconds
[2025-05-20T02:57:02.211+0000] {processor.py:186} INFO - Started process (PID=463) to work on /home/airflow/.local/lib/python3.12/site-packages/airflow/example_dags/example_display_name.py
[2025-05-20T02:57:02.212+0000] {processor.py:914} INFO - Processing file /home/airflow/.local/lib/python3.12/site-packages/airflow/example_dags/example_display_name.py for tasks to queue
[2025-05-20T02:57:02.219+0000] {logging_mixin.py:190} INFO - [2025-05-20T02:57:02.218+0000] {dagbag.py:587} INFO - Filling up the DagBag from /home/airflow/.local/lib/python3.12/site-packages/airflow/example_dags/example_display_name.py
[2025-05-20T02:57:02.229+0000] {processor.py:925} INFO - DAG(s) 'example_display_name' retrieved from /home/airflow/.local/lib/python3.12/site-packages/airflow/example_dags/example_display_name.py
[2025-05-20T02:57:02.292+0000] {logging_mixin.py:190} INFO - [2025-05-20T02:57:02.292+0000] {dag.py:3229} INFO - Sync 1 DAGs
[2025-05-20T02:57:02.317+0000] {logging_mixin.py:190} INFO - [2025-05-20T02:57:02.317+0000] {dag.py:4156} INFO - Setting next_dagrun for example_display_name to None, run_after=None
[2025-05-20T02:57:02.412+0000] {processor.py:208} INFO - Processing /home/airflow/.local/lib/python3.12/site-packages/airflow/example_dags/example_display_name.py took 0.206 seconds
[2025-05-20T02:57:33.027+0000] {processor.py:186} INFO - Started process (PID=526) to work on /home/airflow/.local/lib/python3.12/site-packages/airflow/example_dags/example_display_name.py
[2025-05-20T02:57:33.028+0000] {processor.py:914} INFO - Processing file /home/airflow/.local/lib/python3.12/site-packages/airflow/example_dags/example_display_name.py for tasks to queue
[2025-05-20T02:57:33.032+0000] {logging_mixin.py:190} INFO - [2025-05-20T02:57:33.032+0000] {dagbag.py:587} INFO - Filling up the DagBag from /home/airflow/.local/lib/python3.12/site-packages/airflow/example_dags/example_display_name.py
[2025-05-20T02:57:33.046+0000] {processor.py:925} INFO - DAG(s) 'example_display_name' retrieved from /home/airflow/.local/lib/python3.12/site-packages/airflow/example_dags/example_display_name.py
[2025-05-20T02:57:33.125+0000] {logging_mixin.py:190} INFO - [2025-05-20T02:57:33.122+0000] {dag.py:3229} INFO - Sync 1 DAGs
[2025-05-20T02:57:33.138+0000] {logging_mixin.py:190} INFO - [2025-05-20T02:57:33.138+0000] {dag.py:4156} INFO - Setting next_dagrun for example_display_name to None, run_after=None
[2025-05-20T02:57:33.169+0000] {processor.py:208} INFO - Processing /home/airflow/.local/lib/python3.12/site-packages/airflow/example_dags/example_display_name.py took 0.147 seconds
[2025-05-20T02:58:03.779+0000] {processor.py:186} INFO - Started process (PID=589) to work on /home/airflow/.local/lib/python3.12/site-packages/airflow/example_dags/example_display_name.py
[2025-05-20T02:58:03.780+0000] {processor.py:914} INFO - Processing file /home/airflow/.local/lib/python3.12/site-packages/airflow/example_dags/example_display_name.py for tasks to queue
[2025-05-20T02:58:03.783+0000] {logging_mixin.py:190} INFO - [2025-05-20T02:58:03.783+0000] {dagbag.py:587} INFO - Filling up the DagBag from /home/airflow/.local/lib/python3.12/site-packages/airflow/example_dags/example_display_name.py
[2025-05-20T02:58:03.802+0000] {processor.py:925} INFO - DAG(s) 'example_display_name' retrieved from /home/airflow/.local/lib/python3.12/site-packages/airflow/example_dags/example_display_name.py
[2025-05-20T02:58:03.832+0000] {logging_mixin.py:190} INFO - [2025-05-20T02:58:03.830+0000] {dag.py:3229} INFO - Sync 1 DAGs
[2025-05-20T02:58:03.861+0000] {logging_mixin.py:190} INFO - [2025-05-20T02:58:03.860+0000] {dag.py:4156} INFO - Setting next_dagrun for example_display_name to None, run_after=None
[2025-05-20T02:58:03.966+0000] {processor.py:208} INFO - Processing /home/airflow/.local/lib/python3.12/site-packages/airflow/example_dags/example_display_name.py took 0.193 seconds
[2025-05-20T02:58:34.188+0000] {processor.py:186} INFO - Started process (PID=653) to work on /home/airflow/.local/lib/python3.12/site-packages/airflow/example_dags/example_display_name.py
[2025-05-20T02:58:34.189+0000] {processor.py:914} INFO - Processing file /home/airflow/.local/lib/python3.12/site-packages/airflow/example_dags/example_display_name.py for tasks to queue
[2025-05-20T02:58:34.207+0000] {logging_mixin.py:190} INFO - [2025-05-20T02:58:34.206+0000] {dagbag.py:587} INFO - Filling up the DagBag from /home/airflow/.local/lib/python3.12/site-packages/airflow/example_dags/example_display_name.py
[2025-05-20T02:58:34.229+0000] {processor.py:925} INFO - DAG(s) 'example_display_name' retrieved from /home/airflow/.local/lib/python3.12/site-packages/airflow/example_dags/example_display_name.py
[2025-05-20T02:58:34.275+0000] {logging_mixin.py:190} INFO - [2025-05-20T02:58:34.275+0000] {dag.py:3229} INFO - Sync 1 DAGs
[2025-05-20T02:58:34.308+0000] {logging_mixin.py:190} INFO - [2025-05-20T02:58:34.307+0000] {dag.py:4156} INFO - Setting next_dagrun for example_display_name to None, run_after=None
[2025-05-20T02:58:34.382+0000] {processor.py:208} INFO - Processing /home/airflow/.local/lib/python3.12/site-packages/airflow/example_dags/example_display_name.py took 0.197 seconds
[2025-05-20T02:59:04.969+0000] {processor.py:186} INFO - Started process (PID=716) to work on /home/airflow/.local/lib/python3.12/site-packages/airflow/example_dags/example_display_name.py
[2025-05-20T02:59:04.974+0000] {processor.py:914} INFO - Processing file /home/airflow/.local/lib/python3.12/site-packages/airflow/example_dags/example_display_name.py for tasks to queue
[2025-05-20T02:59:04.989+0000] {logging_mixin.py:190} INFO - [2025-05-20T02:59:04.984+0000] {dagbag.py:587} INFO - Filling up the DagBag from /home/airflow/.local/lib/python3.12/site-packages/airflow/example_dags/example_display_name.py
[2025-05-20T02:59:05.007+0000] {processor.py:925} INFO - DAG(s) 'example_display_name' retrieved from /home/airflow/.local/lib/python3.12/site-packages/airflow/example_dags/example_display_name.py
[2025-05-20T02:59:05.094+0000] {logging_mixin.py:190} INFO - [2025-05-20T02:59:05.094+0000] {dag.py:3229} INFO - Sync 1 DAGs
[2025-05-20T02:59:05.124+0000] {logging_mixin.py:190} INFO - [2025-05-20T02:59:05.123+0000] {dag.py:4156} INFO - Setting next_dagrun for example_display_name to None, run_after=None
[2025-05-20T02:59:05.165+0000] {processor.py:208} INFO - Processing /home/airflow/.local/lib/python3.12/site-packages/airflow/example_dags/example_display_name.py took 0.200 seconds
[2025-05-20T02:59:35.471+0000] {processor.py:186} INFO - Started process (PID=779) to work on /home/airflow/.local/lib/python3.12/site-packages/airflow/example_dags/example_display_name.py
[2025-05-20T02:59:35.473+0000] {processor.py:914} INFO - Processing file /home/airflow/.local/lib/python3.12/site-packages/airflow/example_dags/example_display_name.py for tasks to queue
[2025-05-20T02:59:35.477+0000] {logging_mixin.py:190} INFO - [2025-05-20T02:59:35.476+0000] {dagbag.py:587} INFO - Filling up the DagBag from /home/airflow/.local/lib/python3.12/site-packages/airflow/example_dags/example_display_name.py
[2025-05-20T02:59:35.493+0000] {processor.py:925} INFO - DAG(s) 'example_display_name' retrieved from /home/airflow/.local/lib/python3.12/site-packages/airflow/example_dags/example_display_name.py
[2025-05-20T02:59:35.534+0000] {logging_mixin.py:190} INFO - [2025-05-20T02:59:35.533+0000] {dag.py:3229} INFO - Sync 1 DAGs
[2025-05-20T02:59:35.612+0000] {logging_mixin.py:190} INFO - [2025-05-20T02:59:35.612+0000] {dag.py:4156} INFO - Setting next_dagrun for example_display_name to None, run_after=None
[2025-05-20T02:59:35.695+0000] {processor.py:208} INFO - Processing /home/airflow/.local/lib/python3.12/site-packages/airflow/example_dags/example_display_name.py took 0.229 seconds
[2025-05-20T03:00:06.239+0000] {processor.py:186} INFO - Started process (PID=842) to work on /home/airflow/.local/lib/python3.12/site-packages/airflow/example_dags/example_display_name.py
[2025-05-20T03:00:06.244+0000] {processor.py:914} INFO - Processing file /home/airflow/.local/lib/python3.12/site-packages/airflow/example_dags/example_display_name.py for tasks to queue
[2025-05-20T03:00:06.314+0000] {logging_mixin.py:190} INFO - [2025-05-20T03:00:06.313+0000] {dagbag.py:587} INFO - Filling up the DagBag from /home/airflow/.local/lib/python3.12/site-packages/airflow/example_dags/example_display_name.py
[2025-05-20T03:00:06.347+0000] {processor.py:925} INFO - DAG(s) 'example_display_name' retrieved from /home/airflow/.local/lib/python3.12/site-packages/airflow/example_dags/example_display_name.py
[2025-05-20T03:00:06.400+0000] {logging_mixin.py:190} INFO - [2025-05-20T03:00:06.399+0000] {dag.py:3229} INFO - Sync 1 DAGs
[2025-05-20T03:00:06.426+0000] {logging_mixin.py:190} INFO - [2025-05-20T03:00:06.426+0000] {dag.py:4156} INFO - Setting next_dagrun for example_display_name to None, run_after=None
[2025-05-20T03:00:06.487+0000] {processor.py:208} INFO - Processing /home/airflow/.local/lib/python3.12/site-packages/airflow/example_dags/example_display_name.py took 0.258 seconds
[2025-05-20T03:00:36.604+0000] {processor.py:186} INFO - Started process (PID=904) to work on /home/airflow/.local/lib/python3.12/site-packages/airflow/example_dags/example_display_name.py
[2025-05-20T03:00:36.609+0000] {processor.py:914} INFO - Processing file /home/airflow/.local/lib/python3.12/site-packages/airflow/example_dags/example_display_name.py for tasks to queue
[2025-05-20T03:00:36.614+0000] {logging_mixin.py:190} INFO - [2025-05-20T03:00:36.614+0000] {dagbag.py:587} INFO - Filling up the DagBag from /home/airflow/.local/lib/python3.12/site-packages/airflow/example_dags/example_display_name.py
[2025-05-20T03:00:36.633+0000] {processor.py:925} INFO - DAG(s) 'example_display_name' retrieved from /home/airflow/.local/lib/python3.12/site-packages/airflow/example_dags/example_display_name.py
[2025-05-20T03:00:36.694+0000] {logging_mixin.py:190} INFO - [2025-05-20T03:00:36.694+0000] {dag.py:3229} INFO - Sync 1 DAGs
[2025-05-20T03:00:36.724+0000] {logging_mixin.py:190} INFO - [2025-05-20T03:00:36.724+0000] {dag.py:4156} INFO - Setting next_dagrun for example_display_name to None, run_after=None
[2025-05-20T03:00:36.804+0000] {processor.py:208} INFO - Processing /home/airflow/.local/lib/python3.12/site-packages/airflow/example_dags/example_display_name.py took 0.209 seconds
[2025-05-20T03:01:07.287+0000] {processor.py:186} INFO - Started process (PID=966) to work on /home/airflow/.local/lib/python3.12/site-packages/airflow/example_dags/example_display_name.py
[2025-05-20T03:01:07.290+0000] {processor.py:914} INFO - Processing file /home/airflow/.local/lib/python3.12/site-packages/airflow/example_dags/example_display_name.py for tasks to queue
[2025-05-20T03:01:07.300+0000] {logging_mixin.py:190} INFO - [2025-05-20T03:01:07.299+0000] {dagbag.py:587} INFO - Filling up the DagBag from /home/airflow/.local/lib/python3.12/site-packages/airflow/example_dags/example_display_name.py
[2025-05-20T03:01:07.305+0000] {processor.py:925} INFO - DAG(s) 'example_display_name' retrieved from /home/airflow/.local/lib/python3.12/site-packages/airflow/example_dags/example_display_name.py
[2025-05-20T03:01:07.357+0000] {logging_mixin.py:190} INFO - [2025-05-20T03:01:07.356+0000] {dag.py:3229} INFO - Sync 1 DAGs
[2025-05-20T03:01:07.380+0000] {logging_mixin.py:190} INFO - [2025-05-20T03:01:07.380+0000] {dag.py:4156} INFO - Setting next_dagrun for example_display_name to None, run_after=None
[2025-05-20T03:01:07.452+0000] {processor.py:208} INFO - Processing /home/airflow/.local/lib/python3.12/site-packages/airflow/example_dags/example_display_name.py took 0.168 seconds
[2025-05-20T03:01:38.401+0000] {processor.py:186} INFO - Started process (PID=1029) to work on /home/airflow/.local/lib/python3.12/site-packages/airflow/example_dags/example_display_name.py
[2025-05-20T03:01:38.403+0000] {processor.py:914} INFO - Processing file /home/airflow/.local/lib/python3.12/site-packages/airflow/example_dags/example_display_name.py for tasks to queue
[2025-05-20T03:01:38.416+0000] {logging_mixin.py:190} INFO - [2025-05-20T03:01:38.416+0000] {dagbag.py:587} INFO - Filling up the DagBag from /home/airflow/.local/lib/python3.12/site-packages/airflow/example_dags/example_display_name.py
[2025-05-20T03:01:38.436+0000] {processor.py:925} INFO - DAG(s) 'example_display_name' retrieved from /home/airflow/.local/lib/python3.12/site-packages/airflow/example_dags/example_display_name.py
[2025-05-20T03:01:38.471+0000] {logging_mixin.py:190} INFO - [2025-05-20T03:01:38.470+0000] {dag.py:3229} INFO - Sync 1 DAGs
[2025-05-20T03:01:38.488+0000] {logging_mixin.py:190} INFO - [2025-05-20T03:01:38.488+0000] {dag.py:4156} INFO - Setting next_dagrun for example_display_name to None, run_after=None
[2025-05-20T03:01:38.527+0000] {processor.py:208} INFO - Processing /home/airflow/.local/lib/python3.12/site-packages/airflow/example_dags/example_display_name.py took 0.130 seconds
[2025-05-20T03:02:08.748+0000] {processor.py:186} INFO - Started process (PID=1092) to work on /home/airflow/.local/lib/python3.12/site-packages/airflow/example_dags/example_display_name.py
[2025-05-20T03:02:08.751+0000] {processor.py:914} INFO - Processing file /home/airflow/.local/lib/python3.12/site-packages/airflow/example_dags/example_display_name.py for tasks to queue
[2025-05-20T03:02:08.761+0000] {logging_mixin.py:190} INFO - [2025-05-20T03:02:08.760+0000] {dagbag.py:587} INFO - Filling up the DagBag from /home/airflow/.local/lib/python3.12/site-packages/airflow/example_dags/example_display_name.py
[2025-05-20T03:02:08.766+0000] {processor.py:925} INFO - DAG(s) 'example_display_name' retrieved from /home/airflow/.local/lib/python3.12/site-packages/airflow/example_dags/example_display_name.py
[2025-05-20T03:02:08.840+0000] {logging_mixin.py:190} INFO - [2025-05-20T03:02:08.839+0000] {dag.py:3229} INFO - Sync 1 DAGs
[2025-05-20T03:02:08.884+0000] {logging_mixin.py:190} INFO - [2025-05-20T03:02:08.883+0000] {dag.py:4156} INFO - Setting next_dagrun for example_display_name to None, run_after=None
[2025-05-20T03:02:08.929+0000] {processor.py:208} INFO - Processing /home/airflow/.local/lib/python3.12/site-packages/airflow/example_dags/example_display_name.py took 0.184 seconds
[2025-05-20T03:02:39.841+0000] {processor.py:186} INFO - Started process (PID=1155) to work on /home/airflow/.local/lib/python3.12/site-packages/airflow/example_dags/example_display_name.py
[2025-05-20T03:02:39.842+0000] {processor.py:914} INFO - Processing file /home/airflow/.local/lib/python3.12/site-packages/airflow/example_dags/example_display_name.py for tasks to queue
[2025-05-20T03:02:39.849+0000] {logging_mixin.py:190} INFO - [2025-05-20T03:02:39.847+0000] {dagbag.py:587} INFO - Filling up the DagBag from /home/airflow/.local/lib/python3.12/site-packages/airflow/example_dags/example_display_name.py
[2025-05-20T03:02:39.881+0000] {processor.py:925} INFO - DAG(s) 'example_display_name' retrieved from /home/airflow/.local/lib/python3.12/site-packages/airflow/example_dags/example_display_name.py
[2025-05-20T03:02:39.949+0000] {logging_mixin.py:190} INFO - [2025-05-20T03:02:39.948+0000] {dag.py:3229} INFO - Sync 1 DAGs
[2025-05-20T03:02:39.968+0000] {logging_mixin.py:190} INFO - [2025-05-20T03:02:39.967+0000] {dag.py:4156} INFO - Setting next_dagrun for example_display_name to None, run_after=None
[2025-05-20T03:02:40.006+0000] {processor.py:208} INFO - Processing /home/airflow/.local/lib/python3.12/site-packages/airflow/example_dags/example_display_name.py took 0.168 seconds
[2025-05-20T03:03:10.325+0000] {processor.py:186} INFO - Started process (PID=1217) to work on /home/airflow/.local/lib/python3.12/site-packages/airflow/example_dags/example_display_name.py
[2025-05-20T03:03:10.334+0000] {processor.py:914} INFO - Processing file /home/airflow/.local/lib/python3.12/site-packages/airflow/example_dags/example_display_name.py for tasks to queue
[2025-05-20T03:03:10.343+0000] {logging_mixin.py:190} INFO - [2025-05-20T03:03:10.342+0000] {dagbag.py:587} INFO - Filling up the DagBag from /home/airflow/.local/lib/python3.12/site-packages/airflow/example_dags/example_display_name.py
[2025-05-20T03:03:10.372+0000] {processor.py:925} INFO - DAG(s) 'example_display_name' retrieved from /home/airflow/.local/lib/python3.12/site-packages/airflow/example_dags/example_display_name.py
[2025-05-20T03:03:10.433+0000] {logging_mixin.py:190} INFO - [2025-05-20T03:03:10.430+0000] {dag.py:3229} INFO - Sync 1 DAGs
[2025-05-20T03:03:10.459+0000] {logging_mixin.py:190} INFO - [2025-05-20T03:03:10.459+0000] {dag.py:4156} INFO - Setting next_dagrun for example_display_name to None, run_after=None
[2025-05-20T03:03:10.508+0000] {processor.py:208} INFO - Processing /home/airflow/.local/lib/python3.12/site-packages/airflow/example_dags/example_display_name.py took 0.193 seconds
[2025-05-20T03:03:41.358+0000] {processor.py:186} INFO - Started process (PID=1279) to work on /home/airflow/.local/lib/python3.12/site-packages/airflow/example_dags/example_display_name.py
[2025-05-20T03:03:41.360+0000] {processor.py:914} INFO - Processing file /home/airflow/.local/lib/python3.12/site-packages/airflow/example_dags/example_display_name.py for tasks to queue
[2025-05-20T03:03:41.385+0000] {logging_mixin.py:190} INFO - [2025-05-20T03:03:41.385+0000] {dagbag.py:587} INFO - Filling up the DagBag from /home/airflow/.local/lib/python3.12/site-packages/airflow/example_dags/example_display_name.py
[2025-05-20T03:03:41.403+0000] {processor.py:925} INFO - DAG(s) 'example_display_name' retrieved from /home/airflow/.local/lib/python3.12/site-packages/airflow/example_dags/example_display_name.py
[2025-05-20T03:03:41.460+0000] {logging_mixin.py:190} INFO - [2025-05-20T03:03:41.460+0000] {dag.py:3229} INFO - Sync 1 DAGs
[2025-05-20T03:03:41.481+0000] {logging_mixin.py:190} INFO - [2025-05-20T03:03:41.481+0000] {dag.py:4156} INFO - Setting next_dagrun for example_display_name to None, run_after=None
[2025-05-20T03:03:41.565+0000] {processor.py:208} INFO - Processing /home/airflow/.local/lib/python3.12/site-packages/airflow/example_dags/example_display_name.py took 0.210 seconds
[2025-05-20T03:04:12.745+0000] {processor.py:186} INFO - Started process (PID=1342) to work on /home/airflow/.local/lib/python3.12/site-packages/airflow/example_dags/example_display_name.py
[2025-05-20T03:04:12.746+0000] {processor.py:914} INFO - Processing file /home/airflow/.local/lib/python3.12/site-packages/airflow/example_dags/example_display_name.py for tasks to queue
[2025-05-20T03:04:12.748+0000] {logging_mixin.py:190} INFO - [2025-05-20T03:04:12.748+0000] {dagbag.py:587} INFO - Filling up the DagBag from /home/airflow/.local/lib/python3.12/site-packages/airflow/example_dags/example_display_name.py
[2025-05-20T03:04:12.755+0000] {processor.py:925} INFO - DAG(s) 'example_display_name' retrieved from /home/airflow/.local/lib/python3.12/site-packages/airflow/example_dags/example_display_name.py
[2025-05-20T03:04:12.772+0000] {logging_mixin.py:190} INFO - [2025-05-20T03:04:12.772+0000] {dag.py:3229} INFO - Sync 1 DAGs
[2025-05-20T03:04:12.789+0000] {logging_mixin.py:190} INFO - [2025-05-20T03:04:12.788+0000] {dag.py:4156} INFO - Setting next_dagrun for example_display_name to None, run_after=None
[2025-05-20T03:04:12.810+0000] {processor.py:208} INFO - Processing /home/airflow/.local/lib/python3.12/site-packages/airflow/example_dags/example_display_name.py took 0.069 seconds
[2025-05-20T03:04:43.222+0000] {processor.py:186} INFO - Started process (PID=1405) to work on /home/airflow/.local/lib/python3.12/site-packages/airflow/example_dags/example_display_name.py
[2025-05-20T03:04:43.231+0000] {processor.py:914} INFO - Processing file /home/airflow/.local/lib/python3.12/site-packages/airflow/example_dags/example_display_name.py for tasks to queue
[2025-05-20T03:04:43.245+0000] {logging_mixin.py:190} INFO - [2025-05-20T03:04:43.244+0000] {dagbag.py:587} INFO - Filling up the DagBag from /home/airflow/.local/lib/python3.12/site-packages/airflow/example_dags/example_display_name.py
[2025-05-20T03:04:43.261+0000] {processor.py:925} INFO - DAG(s) 'example_display_name' retrieved from /home/airflow/.local/lib/python3.12/site-packages/airflow/example_dags/example_display_name.py
[2025-05-20T03:04:43.336+0000] {logging_mixin.py:190} INFO - [2025-05-20T03:04:43.336+0000] {dag.py:3229} INFO - Sync 1 DAGs
[2025-05-20T03:04:43.350+0000] {logging_mixin.py:190} INFO - [2025-05-20T03:04:43.349+0000] {dag.py:4156} INFO - Setting next_dagrun for example_display_name to None, run_after=None
[2025-05-20T03:04:43.444+0000] {processor.py:208} INFO - Processing /home/airflow/.local/lib/python3.12/site-packages/airflow/example_dags/example_display_name.py took 0.226 seconds
[2025-05-20T03:05:13.872+0000] {processor.py:186} INFO - Started process (PID=1468) to work on /home/airflow/.local/lib/python3.12/site-packages/airflow/example_dags/example_display_name.py
[2025-05-20T03:05:13.875+0000] {processor.py:914} INFO - Processing file /home/airflow/.local/lib/python3.12/site-packages/airflow/example_dags/example_display_name.py for tasks to queue
[2025-05-20T03:05:13.879+0000] {logging_mixin.py:190} INFO - [2025-05-20T03:05:13.878+0000] {dagbag.py:587} INFO - Filling up the DagBag from /home/airflow/.local/lib/python3.12/site-packages/airflow/example_dags/example_display_name.py
[2025-05-20T03:05:13.896+0000] {processor.py:925} INFO - DAG(s) 'example_display_name' retrieved from /home/airflow/.local/lib/python3.12/site-packages/airflow/example_dags/example_display_name.py
[2025-05-20T03:05:13.941+0000] {logging_mixin.py:190} INFO - [2025-05-20T03:05:13.940+0000] {dag.py:3229} INFO - Sync 1 DAGs
[2025-05-20T03:05:13.974+0000] {logging_mixin.py:190} INFO - [2025-05-20T03:05:13.973+0000] {dag.py:4156} INFO - Setting next_dagrun for example_display_name to None, run_after=None
[2025-05-20T03:05:13.998+0000] {processor.py:208} INFO - Processing /home/airflow/.local/lib/python3.12/site-packages/airflow/example_dags/example_display_name.py took 0.132 seconds
[2025-05-20T03:05:44.882+0000] {processor.py:186} INFO - Started process (PID=1531) to work on /home/airflow/.local/lib/python3.12/site-packages/airflow/example_dags/example_display_name.py
[2025-05-20T03:05:44.884+0000] {processor.py:914} INFO - Processing file /home/airflow/.local/lib/python3.12/site-packages/airflow/example_dags/example_display_name.py for tasks to queue
[2025-05-20T03:05:44.896+0000] {logging_mixin.py:190} INFO - [2025-05-20T03:05:44.893+0000] {dagbag.py:587} INFO - Filling up the DagBag from /home/airflow/.local/lib/python3.12/site-packages/airflow/example_dags/example_display_name.py
[2025-05-20T03:05:44.912+0000] {processor.py:925} INFO - DAG(s) 'example_display_name' retrieved from /home/airflow/.local/lib/python3.12/site-packages/airflow/example_dags/example_display_name.py
[2025-05-20T03:05:44.970+0000] {logging_mixin.py:190} INFO - [2025-05-20T03:05:44.968+0000] {dag.py:3229} INFO - Sync 1 DAGs
[2025-05-20T03:05:45.015+0000] {logging_mixin.py:190} INFO - [2025-05-20T03:05:45.011+0000] {dag.py:4156} INFO - Setting next_dagrun for example_display_name to None, run_after=None
[2025-05-20T03:05:45.079+0000] {processor.py:208} INFO - Processing /home/airflow/.local/lib/python3.12/site-packages/airflow/example_dags/example_display_name.py took 0.201 seconds
[2025-05-20T03:06:15.736+0000] {processor.py:186} INFO - Started process (PID=1594) to work on /home/airflow/.local/lib/python3.12/site-packages/airflow/example_dags/example_display_name.py
[2025-05-20T03:06:15.738+0000] {processor.py:914} INFO - Processing file /home/airflow/.local/lib/python3.12/site-packages/airflow/example_dags/example_display_name.py for tasks to queue
[2025-05-20T03:06:15.751+0000] {logging_mixin.py:190} INFO - [2025-05-20T03:06:15.750+0000] {dagbag.py:587} INFO - Filling up the DagBag from /home/airflow/.local/lib/python3.12/site-packages/airflow/example_dags/example_display_name.py
[2025-05-20T03:06:15.788+0000] {processor.py:925} INFO - DAG(s) 'example_display_name' retrieved from /home/airflow/.local/lib/python3.12/site-packages/airflow/example_dags/example_display_name.py
[2025-05-20T03:06:15.875+0000] {logging_mixin.py:190} INFO - [2025-05-20T03:06:15.874+0000] {dag.py:3229} INFO - Sync 1 DAGs
[2025-05-20T03:06:15.902+0000] {logging_mixin.py:190} INFO - [2025-05-20T03:06:15.900+0000] {dag.py:4156} INFO - Setting next_dagrun for example_display_name to None, run_after=None
[2025-05-20T03:06:15.990+0000] {processor.py:208} INFO - Processing /home/airflow/.local/lib/python3.12/site-packages/airflow/example_dags/example_display_name.py took 0.257 seconds
[2025-05-20T03:06:46.759+0000] {processor.py:186} INFO - Started process (PID=1657) to work on /home/airflow/.local/lib/python3.12/site-packages/airflow/example_dags/example_display_name.py
[2025-05-20T03:06:46.761+0000] {processor.py:914} INFO - Processing file /home/airflow/.local/lib/python3.12/site-packages/airflow/example_dags/example_display_name.py for tasks to queue
[2025-05-20T03:06:46.773+0000] {logging_mixin.py:190} INFO - [2025-05-20T03:06:46.772+0000] {dagbag.py:587} INFO - Filling up the DagBag from /home/airflow/.local/lib/python3.12/site-packages/airflow/example_dags/example_display_name.py
[2025-05-20T03:06:46.797+0000] {processor.py:925} INFO - DAG(s) 'example_display_name' retrieved from /home/airflow/.local/lib/python3.12/site-packages/airflow/example_dags/example_display_name.py
[2025-05-20T03:06:46.841+0000] {logging_mixin.py:190} INFO - [2025-05-20T03:06:46.841+0000] {dag.py:3229} INFO - Sync 1 DAGs
[2025-05-20T03:06:46.882+0000] {logging_mixin.py:190} INFO - [2025-05-20T03:06:46.880+0000] {dag.py:4156} INFO - Setting next_dagrun for example_display_name to None, run_after=None
[2025-05-20T03:06:46.938+0000] {processor.py:208} INFO - Processing /home/airflow/.local/lib/python3.12/site-packages/airflow/example_dags/example_display_name.py took 0.183 seconds
[2025-05-20T03:07:17.415+0000] {processor.py:186} INFO - Started process (PID=1720) to work on /home/airflow/.local/lib/python3.12/site-packages/airflow/example_dags/example_display_name.py
[2025-05-20T03:07:17.417+0000] {processor.py:914} INFO - Processing file /home/airflow/.local/lib/python3.12/site-packages/airflow/example_dags/example_display_name.py for tasks to queue
[2025-05-20T03:07:17.442+0000] {logging_mixin.py:190} INFO - [2025-05-20T03:07:17.435+0000] {dagbag.py:587} INFO - Filling up the DagBag from /home/airflow/.local/lib/python3.12/site-packages/airflow/example_dags/example_display_name.py
[2025-05-20T03:07:17.457+0000] {processor.py:925} INFO - DAG(s) 'example_display_name' retrieved from /home/airflow/.local/lib/python3.12/site-packages/airflow/example_dags/example_display_name.py
[2025-05-20T03:07:17.501+0000] {logging_mixin.py:190} INFO - [2025-05-20T03:07:17.500+0000] {dag.py:3229} INFO - Sync 1 DAGs
[2025-05-20T03:07:17.527+0000] {logging_mixin.py:190} INFO - [2025-05-20T03:07:17.523+0000] {dag.py:4156} INFO - Setting next_dagrun for example_display_name to None, run_after=None
[2025-05-20T03:07:17.572+0000] {processor.py:208} INFO - Processing /home/airflow/.local/lib/python3.12/site-packages/airflow/example_dags/example_display_name.py took 0.160 seconds
[2025-05-20T03:07:49.032+0000] {processor.py:186} INFO - Started process (PID=1782) to work on /home/airflow/.local/lib/python3.12/site-packages/airflow/example_dags/example_display_name.py
[2025-05-20T03:07:49.035+0000] {processor.py:914} INFO - Processing file /home/airflow/.local/lib/python3.12/site-packages/airflow/example_dags/example_display_name.py for tasks to queue
[2025-05-20T03:07:49.046+0000] {logging_mixin.py:190} INFO - [2025-05-20T03:07:49.045+0000] {dagbag.py:587} INFO - Filling up the DagBag from /home/airflow/.local/lib/python3.12/site-packages/airflow/example_dags/example_display_name.py
[2025-05-20T03:07:49.059+0000] {processor.py:925} INFO - DAG(s) 'example_display_name' retrieved from /home/airflow/.local/lib/python3.12/site-packages/airflow/example_dags/example_display_name.py
[2025-05-20T03:07:49.115+0000] {logging_mixin.py:190} INFO - [2025-05-20T03:07:49.113+0000] {dag.py:3229} INFO - Sync 1 DAGs
[2025-05-20T03:07:49.146+0000] {logging_mixin.py:190} INFO - [2025-05-20T03:07:49.145+0000] {dag.py:4156} INFO - Setting next_dagrun for example_display_name to None, run_after=None
[2025-05-20T03:07:49.168+0000] {processor.py:208} INFO - Processing /home/airflow/.local/lib/python3.12/site-packages/airflow/example_dags/example_display_name.py took 0.140 seconds
[2025-05-20T03:08:20.209+0000] {processor.py:186} INFO - Started process (PID=1844) to work on /home/airflow/.local/lib/python3.12/site-packages/airflow/example_dags/example_display_name.py
[2025-05-20T03:08:20.214+0000] {processor.py:914} INFO - Processing file /home/airflow/.local/lib/python3.12/site-packages/airflow/example_dags/example_display_name.py for tasks to queue
[2025-05-20T03:08:20.217+0000] {logging_mixin.py:190} INFO - [2025-05-20T03:08:20.217+0000] {dagbag.py:587} INFO - Filling up the DagBag from /home/airflow/.local/lib/python3.12/site-packages/airflow/example_dags/example_display_name.py
[2025-05-20T03:08:20.237+0000] {processor.py:925} INFO - DAG(s) 'example_display_name' retrieved from /home/airflow/.local/lib/python3.12/site-packages/airflow/example_dags/example_display_name.py
[2025-05-20T03:08:20.321+0000] {logging_mixin.py:190} INFO - [2025-05-20T03:08:20.321+0000] {dag.py:3229} INFO - Sync 1 DAGs
[2025-05-20T03:08:20.359+0000] {logging_mixin.py:190} INFO - [2025-05-20T03:08:20.359+0000] {dag.py:4156} INFO - Setting next_dagrun for example_display_name to None, run_after=None
[2025-05-20T03:08:20.444+0000] {processor.py:208} INFO - Processing /home/airflow/.local/lib/python3.12/site-packages/airflow/example_dags/example_display_name.py took 0.239 seconds
[2025-05-20T03:08:51.030+0000] {processor.py:186} INFO - Started process (PID=1907) to work on /home/airflow/.local/lib/python3.12/site-packages/airflow/example_dags/example_display_name.py
[2025-05-20T03:08:51.037+0000] {processor.py:914} INFO - Processing file /home/airflow/.local/lib/python3.12/site-packages/airflow/example_dags/example_display_name.py for tasks to queue
[2025-05-20T03:08:51.039+0000] {logging_mixin.py:190} INFO - [2025-05-20T03:08:51.039+0000] {dagbag.py:587} INFO - Filling up the DagBag from /home/airflow/.local/lib/python3.12/site-packages/airflow/example_dags/example_display_name.py
[2025-05-20T03:08:51.048+0000] {processor.py:925} INFO - DAG(s) 'example_display_name' retrieved from /home/airflow/.local/lib/python3.12/site-packages/airflow/example_dags/example_display_name.py
[2025-05-20T03:08:51.076+0000] {logging_mixin.py:190} INFO - [2025-05-20T03:08:51.075+0000] {dag.py:3229} INFO - Sync 1 DAGs
[2025-05-20T03:08:51.099+0000] {logging_mixin.py:190} INFO - [2025-05-20T03:08:51.099+0000] {dag.py:4156} INFO - Setting next_dagrun for example_display_name to None, run_after=None
[2025-05-20T03:08:51.199+0000] {processor.py:208} INFO - Processing /home/airflow/.local/lib/python3.12/site-packages/airflow/example_dags/example_display_name.py took 0.172 seconds
[2025-05-20T03:09:21.542+0000] {processor.py:186} INFO - Started process (PID=1972) to work on /home/airflow/.local/lib/python3.12/site-packages/airflow/example_dags/example_display_name.py
[2025-05-20T03:09:21.543+0000] {processor.py:914} INFO - Processing file /home/airflow/.local/lib/python3.12/site-packages/airflow/example_dags/example_display_name.py for tasks to queue
[2025-05-20T03:09:21.547+0000] {logging_mixin.py:190} INFO - [2025-05-20T03:09:21.546+0000] {dagbag.py:587} INFO - Filling up the DagBag from /home/airflow/.local/lib/python3.12/site-packages/airflow/example_dags/example_display_name.py
[2025-05-20T03:09:21.561+0000] {processor.py:925} INFO - DAG(s) 'example_display_name' retrieved from /home/airflow/.local/lib/python3.12/site-packages/airflow/example_dags/example_display_name.py
[2025-05-20T03:09:21.594+0000] {logging_mixin.py:190} INFO - [2025-05-20T03:09:21.594+0000] {dag.py:3229} INFO - Sync 1 DAGs
[2025-05-20T03:09:21.612+0000] {logging_mixin.py:190} INFO - [2025-05-20T03:09:21.612+0000] {dag.py:4156} INFO - Setting next_dagrun for example_display_name to None, run_after=None
[2025-05-20T03:09:21.655+0000] {processor.py:208} INFO - Processing /home/airflow/.local/lib/python3.12/site-packages/airflow/example_dags/example_display_name.py took 0.117 seconds
[2025-05-20T03:09:52.812+0000] {processor.py:186} INFO - Started process (PID=2034) to work on /home/airflow/.local/lib/python3.12/site-packages/airflow/example_dags/example_display_name.py
[2025-05-20T03:09:52.815+0000] {processor.py:914} INFO - Processing file /home/airflow/.local/lib/python3.12/site-packages/airflow/example_dags/example_display_name.py for tasks to queue
[2025-05-20T03:09:52.818+0000] {logging_mixin.py:190} INFO - [2025-05-20T03:09:52.818+0000] {dagbag.py:587} INFO - Filling up the DagBag from /home/airflow/.local/lib/python3.12/site-packages/airflow/example_dags/example_display_name.py
[2025-05-20T03:09:52.833+0000] {processor.py:925} INFO - DAG(s) 'example_display_name' retrieved from /home/airflow/.local/lib/python3.12/site-packages/airflow/example_dags/example_display_name.py
[2025-05-20T03:09:52.865+0000] {logging_mixin.py:190} INFO - [2025-05-20T03:09:52.865+0000] {dag.py:3229} INFO - Sync 1 DAGs
[2025-05-20T03:09:52.888+0000] {logging_mixin.py:190} INFO - [2025-05-20T03:09:52.888+0000] {dag.py:4156} INFO - Setting next_dagrun for example_display_name to None, run_after=None
[2025-05-20T03:09:52.951+0000] {processor.py:208} INFO - Processing /home/airflow/.local/lib/python3.12/site-packages/airflow/example_dags/example_display_name.py took 0.143 seconds
[2025-05-20T03:10:24.009+0000] {processor.py:186} INFO - Started process (PID=2097) to work on /home/airflow/.local/lib/python3.12/site-packages/airflow/example_dags/example_display_name.py
[2025-05-20T03:10:24.011+0000] {processor.py:914} INFO - Processing file /home/airflow/.local/lib/python3.12/site-packages/airflow/example_dags/example_display_name.py for tasks to queue
[2025-05-20T03:10:24.018+0000] {logging_mixin.py:190} INFO - [2025-05-20T03:10:24.016+0000] {dagbag.py:587} INFO - Filling up the DagBag from /home/airflow/.local/lib/python3.12/site-packages/airflow/example_dags/example_display_name.py
[2025-05-20T03:10:24.040+0000] {processor.py:925} INFO - DAG(s) 'example_display_name' retrieved from /home/airflow/.local/lib/python3.12/site-packages/airflow/example_dags/example_display_name.py
[2025-05-20T03:10:24.079+0000] {logging_mixin.py:190} INFO - [2025-05-20T03:10:24.078+0000] {dag.py:3229} INFO - Sync 1 DAGs
[2025-05-20T03:10:24.104+0000] {logging_mixin.py:190} INFO - [2025-05-20T03:10:24.104+0000] {dag.py:4156} INFO - Setting next_dagrun for example_display_name to None, run_after=None
[2025-05-20T03:10:24.141+0000] {processor.py:208} INFO - Processing /home/airflow/.local/lib/python3.12/site-packages/airflow/example_dags/example_display_name.py took 0.136 seconds
[2025-05-20T03:10:54.583+0000] {processor.py:186} INFO - Started process (PID=2160) to work on /home/airflow/.local/lib/python3.12/site-packages/airflow/example_dags/example_display_name.py
[2025-05-20T03:10:54.586+0000] {processor.py:914} INFO - Processing file /home/airflow/.local/lib/python3.12/site-packages/airflow/example_dags/example_display_name.py for tasks to queue
[2025-05-20T03:10:54.592+0000] {logging_mixin.py:190} INFO - [2025-05-20T03:10:54.591+0000] {dagbag.py:587} INFO - Filling up the DagBag from /home/airflow/.local/lib/python3.12/site-packages/airflow/example_dags/example_display_name.py
[2025-05-20T03:10:54.607+0000] {processor.py:925} INFO - DAG(s) 'example_display_name' retrieved from /home/airflow/.local/lib/python3.12/site-packages/airflow/example_dags/example_display_name.py
[2025-05-20T03:10:54.683+0000] {logging_mixin.py:190} INFO - [2025-05-20T03:10:54.682+0000] {dag.py:3229} INFO - Sync 1 DAGs
[2025-05-20T03:10:54.714+0000] {logging_mixin.py:190} INFO - [2025-05-20T03:10:54.714+0000] {dag.py:4156} INFO - Setting next_dagrun for example_display_name to None, run_after=None
[2025-05-20T03:10:54.811+0000] {processor.py:208} INFO - Processing /home/airflow/.local/lib/python3.12/site-packages/airflow/example_dags/example_display_name.py took 0.231 seconds
[2025-05-20T03:11:25.200+0000] {processor.py:186} INFO - Started process (PID=2222) to work on /home/airflow/.local/lib/python3.12/site-packages/airflow/example_dags/example_display_name.py
[2025-05-20T03:11:25.201+0000] {processor.py:914} INFO - Processing file /home/airflow/.local/lib/python3.12/site-packages/airflow/example_dags/example_display_name.py for tasks to queue
[2025-05-20T03:11:25.206+0000] {logging_mixin.py:190} INFO - [2025-05-20T03:11:25.205+0000] {dagbag.py:587} INFO - Filling up the DagBag from /home/airflow/.local/lib/python3.12/site-packages/airflow/example_dags/example_display_name.py
[2025-05-20T03:11:25.245+0000] {processor.py:925} INFO - DAG(s) 'example_display_name' retrieved from /home/airflow/.local/lib/python3.12/site-packages/airflow/example_dags/example_display_name.py
[2025-05-20T03:11:25.317+0000] {logging_mixin.py:190} INFO - [2025-05-20T03:11:25.315+0000] {dag.py:3229} INFO - Sync 1 DAGs
[2025-05-20T03:11:25.336+0000] {logging_mixin.py:190} INFO - [2025-05-20T03:11:25.336+0000] {dag.py:4156} INFO - Setting next_dagrun for example_display_name to None, run_after=None
[2025-05-20T03:11:25.404+0000] {processor.py:208} INFO - Processing /home/airflow/.local/lib/python3.12/site-packages/airflow/example_dags/example_display_name.py took 0.208 seconds
