[2025-05-20T02:50:56.782+0000] {processor.py:186} INFO - Started process (PID=90) to work on /home/airflow/.local/lib/python3.12/site-packages/airflow/example_dags/example_inlet_event_extra.py
[2025-05-20T02:50:56.784+0000] {processor.py:914} INFO - Processing file /home/airflow/.local/lib/python3.12/site-packages/airflow/example_dags/example_inlet_event_extra.py for tasks to queue
[2025-05-20T02:50:56.793+0000] {logging_mixin.py:190} INFO - [2025-05-20T02:50:56.791+0000] {dagbag.py:587} INFO - Filling up the DagBag from /home/airflow/.local/lib/python3.12/site-packages/airflow/example_dags/example_inlet_event_extra.py
[2025-05-20T02:50:57.033+0000] {processor.py:925} INFO - DAG(s) 'read_dataset_event_from_classic', 'read_dataset_event' retrieved from /home/airflow/.local/lib/python3.12/site-packages/airflow/example_dags/example_inlet_event_extra.py
[2025-05-20T02:50:57.236+0000] {logging_mixin.py:190} INFO - [2025-05-20T02:50:57.235+0000] {override.py:1900} INFO - Created Permission View: can read on DAG:read_dataset_event_from_classic
[2025-05-20T02:50:57.255+0000] {logging_mixin.py:190} INFO - [2025-05-20T02:50:57.255+0000] {override.py:1900} INFO - Created Permission View: can delete on DAG:read_dataset_event_from_classic
[2025-05-20T02:50:57.303+0000] {logging_mixin.py:190} INFO - [2025-05-20T02:50:57.303+0000] {override.py:1900} INFO - Created Permission View: can edit on DAG:read_dataset_event_from_classic
[2025-05-20T02:50:57.342+0000] {logging_mixin.py:190} INFO - [2025-05-20T02:50:57.342+0000] {override.py:1900} INFO - Created Permission View: can read on DAG Run:read_dataset_event_from_classic
[2025-05-20T02:50:57.360+0000] {logging_mixin.py:190} INFO - [2025-05-20T02:50:57.360+0000] {override.py:1900} INFO - Created Permission View: can delete on DAG Run:read_dataset_event_from_classic
[2025-05-20T02:50:57.374+0000] {logging_mixin.py:190} INFO - [2025-05-20T02:50:57.372+0000] {override.py:1900} INFO - Created Permission View: can create on DAG Run:read_dataset_event_from_classic
[2025-05-20T02:50:57.402+0000] {logging_mixin.py:190} INFO - [2025-05-20T02:50:57.399+0000] {override.py:1900} INFO - Created Permission View: menu access on DAG Run:read_dataset_event_from_classic
[2025-05-20T02:50:57.430+0000] {logging_mixin.py:190} INFO - [2025-05-20T02:50:57.430+0000] {override.py:1900} INFO - Created Permission View: can read on DAG:read_dataset_event
[2025-05-20T02:50:57.492+0000] {logging_mixin.py:190} INFO - [2025-05-20T02:50:57.491+0000] {override.py:1900} INFO - Created Permission View: can delete on DAG:read_dataset_event
[2025-05-20T02:50:57.525+0000] {logging_mixin.py:190} INFO - [2025-05-20T02:50:57.525+0000] {override.py:1900} INFO - Created Permission View: can edit on DAG:read_dataset_event
[2025-05-20T02:50:57.566+0000] {logging_mixin.py:190} INFO - [2025-05-20T02:50:57.564+0000] {override.py:1900} INFO - Created Permission View: can read on DAG Run:read_dataset_event
[2025-05-20T02:50:57.587+0000] {logging_mixin.py:190} INFO - [2025-05-20T02:50:57.586+0000] {override.py:1900} INFO - Created Permission View: can delete on DAG Run:read_dataset_event
[2025-05-20T02:50:57.609+0000] {logging_mixin.py:190} INFO - [2025-05-20T02:50:57.608+0000] {override.py:1900} INFO - Created Permission View: can create on DAG Run:read_dataset_event
[2025-05-20T02:50:57.629+0000] {logging_mixin.py:190} INFO - [2025-05-20T02:50:57.628+0000] {override.py:1900} INFO - Created Permission View: menu access on DAG Run:read_dataset_event
[2025-05-20T02:50:57.630+0000] {logging_mixin.py:190} INFO - [2025-05-20T02:50:57.630+0000] {dag.py:3229} INFO - Sync 2 DAGs
[2025-05-20T02:50:57.654+0000] {logging_mixin.py:190} INFO - [2025-05-20T02:50:57.654+0000] {dag.py:3252} INFO - Creating ORM DAG for read_dataset_event
[2025-05-20T02:50:57.661+0000] {logging_mixin.py:190} INFO - [2025-05-20T02:50:57.659+0000] {dag.py:3252} INFO - Creating ORM DAG for read_dataset_event_from_classic
[2025-05-20T02:50:57.713+0000] {logging_mixin.py:190} INFO - [2025-05-20T02:50:57.711+0000] {dag.py:4156} INFO - Setting next_dagrun for read_dataset_event to 2025-05-19 00:00:00+00:00, run_after=2025-05-20 00:00:00+00:00
[2025-05-20T02:50:57.716+0000] {logging_mixin.py:190} INFO - [2025-05-20T02:50:57.716+0000] {dag.py:4156} INFO - Setting next_dagrun for read_dataset_event_from_classic to 2025-05-19 00:00:00+00:00, run_after=2025-05-20 00:00:00+00:00
[2025-05-20T02:50:57.759+0000] {processor.py:208} INFO - Processing /home/airflow/.local/lib/python3.12/site-packages/airflow/example_dags/example_inlet_event_extra.py took 0.980 seconds
[2025-05-20T02:51:27.953+0000] {processor.py:186} INFO - Started process (PID=152) to work on /home/airflow/.local/lib/python3.12/site-packages/airflow/example_dags/example_inlet_event_extra.py
[2025-05-20T02:51:27.959+0000] {processor.py:914} INFO - Processing file /home/airflow/.local/lib/python3.12/site-packages/airflow/example_dags/example_inlet_event_extra.py for tasks to queue
[2025-05-20T02:51:27.965+0000] {logging_mixin.py:190} INFO - [2025-05-20T02:51:27.964+0000] {dagbag.py:587} INFO - Filling up the DagBag from /home/airflow/.local/lib/python3.12/site-packages/airflow/example_dags/example_inlet_event_extra.py
[2025-05-20T02:51:28.067+0000] {processor.py:925} INFO - DAG(s) 'read_dataset_event_from_classic', 'read_dataset_event' retrieved from /home/airflow/.local/lib/python3.12/site-packages/airflow/example_dags/example_inlet_event_extra.py
[2025-05-20T02:51:28.130+0000] {logging_mixin.py:190} INFO - [2025-05-20T02:51:28.128+0000] {dag.py:3229} INFO - Sync 2 DAGs
[2025-05-20T02:51:28.164+0000] {logging_mixin.py:190} INFO - [2025-05-20T02:51:28.164+0000] {dag.py:4156} INFO - Setting next_dagrun for read_dataset_event to 2025-05-19 00:00:00+00:00, run_after=2025-05-20 00:00:00+00:00
[2025-05-20T02:51:28.185+0000] {logging_mixin.py:190} INFO - [2025-05-20T02:51:28.181+0000] {dag.py:4156} INFO - Setting next_dagrun for read_dataset_event_from_classic to 2025-05-19 00:00:00+00:00, run_after=2025-05-20 00:00:00+00:00
[2025-05-20T02:51:28.221+0000] {processor.py:208} INFO - Processing /home/airflow/.local/lib/python3.12/site-packages/airflow/example_dags/example_inlet_event_extra.py took 0.274 seconds
[2025-05-20T02:51:58.509+0000] {processor.py:186} INFO - Started process (PID=214) to work on /home/airflow/.local/lib/python3.12/site-packages/airflow/example_dags/example_inlet_event_extra.py
[2025-05-20T02:51:58.513+0000] {processor.py:914} INFO - Processing file /home/airflow/.local/lib/python3.12/site-packages/airflow/example_dags/example_inlet_event_extra.py for tasks to queue
[2025-05-20T02:51:58.532+0000] {logging_mixin.py:190} INFO - [2025-05-20T02:51:58.531+0000] {dagbag.py:587} INFO - Filling up the DagBag from /home/airflow/.local/lib/python3.12/site-packages/airflow/example_dags/example_inlet_event_extra.py
[2025-05-20T02:51:58.717+0000] {processor.py:925} INFO - DAG(s) 'read_dataset_event_from_classic', 'read_dataset_event' retrieved from /home/airflow/.local/lib/python3.12/site-packages/airflow/example_dags/example_inlet_event_extra.py
[2025-05-20T02:51:58.773+0000] {logging_mixin.py:190} INFO - [2025-05-20T02:51:58.773+0000] {dag.py:3229} INFO - Sync 2 DAGs
[2025-05-20T02:51:58.832+0000] {logging_mixin.py:190} INFO - [2025-05-20T02:51:58.832+0000] {dag.py:4156} INFO - Setting next_dagrun for read_dataset_event to 2025-05-19 00:00:00+00:00, run_after=2025-05-20 00:00:00+00:00
[2025-05-20T02:51:58.859+0000] {logging_mixin.py:190} INFO - [2025-05-20T02:51:58.859+0000] {dag.py:4156} INFO - Setting next_dagrun for read_dataset_event_from_classic to 2025-05-19 00:00:00+00:00, run_after=2025-05-20 00:00:00+00:00
[2025-05-20T02:51:58.924+0000] {processor.py:208} INFO - Processing /home/airflow/.local/lib/python3.12/site-packages/airflow/example_dags/example_inlet_event_extra.py took 0.420 seconds
[2025-05-20T02:53:59.168+0000] {processor.py:186} INFO - Started process (PID=91) to work on /home/airflow/.local/lib/python3.12/site-packages/airflow/example_dags/example_inlet_event_extra.py
[2025-05-20T02:53:59.185+0000] {processor.py:914} INFO - Processing file /home/airflow/.local/lib/python3.12/site-packages/airflow/example_dags/example_inlet_event_extra.py for tasks to queue
[2025-05-20T02:53:59.197+0000] {logging_mixin.py:190} INFO - [2025-05-20T02:53:59.196+0000] {dagbag.py:587} INFO - Filling up the DagBag from /home/airflow/.local/lib/python3.12/site-packages/airflow/example_dags/example_inlet_event_extra.py
[2025-05-20T02:53:59.377+0000] {processor.py:925} INFO - DAG(s) 'read_dataset_event', 'read_dataset_event_from_classic' retrieved from /home/airflow/.local/lib/python3.12/site-packages/airflow/example_dags/example_inlet_event_extra.py
[2025-05-20T02:53:59.438+0000] {logging_mixin.py:190} INFO - [2025-05-20T02:53:59.437+0000] {dag.py:3229} INFO - Sync 2 DAGs
[2025-05-20T02:53:59.510+0000] {logging_mixin.py:190} INFO - [2025-05-20T02:53:59.509+0000] {dag.py:4156} INFO - Setting next_dagrun for read_dataset_event to 2025-05-19 00:00:00+00:00, run_after=2025-05-20 00:00:00+00:00
[2025-05-20T02:53:59.525+0000] {logging_mixin.py:190} INFO - [2025-05-20T02:53:59.524+0000] {dag.py:4156} INFO - Setting next_dagrun for read_dataset_event_from_classic to 2025-05-19 00:00:00+00:00, run_after=2025-05-20 00:00:00+00:00
[2025-05-20T02:53:59.586+0000] {processor.py:208} INFO - Processing /home/airflow/.local/lib/python3.12/site-packages/airflow/example_dags/example_inlet_event_extra.py took 0.457 seconds
[2025-05-20T02:54:29.831+0000] {processor.py:186} INFO - Started process (PID=154) to work on /home/airflow/.local/lib/python3.12/site-packages/airflow/example_dags/example_inlet_event_extra.py
[2025-05-20T02:54:29.834+0000] {processor.py:914} INFO - Processing file /home/airflow/.local/lib/python3.12/site-packages/airflow/example_dags/example_inlet_event_extra.py for tasks to queue
[2025-05-20T02:54:29.846+0000] {logging_mixin.py:190} INFO - [2025-05-20T02:54:29.844+0000] {dagbag.py:587} INFO - Filling up the DagBag from /home/airflow/.local/lib/python3.12/site-packages/airflow/example_dags/example_inlet_event_extra.py
[2025-05-20T02:54:29.979+0000] {processor.py:925} INFO - DAG(s) 'read_dataset_event', 'read_dataset_event_from_classic' retrieved from /home/airflow/.local/lib/python3.12/site-packages/airflow/example_dags/example_inlet_event_extra.py
[2025-05-20T02:54:30.037+0000] {logging_mixin.py:190} INFO - [2025-05-20T02:54:30.037+0000] {dag.py:3229} INFO - Sync 2 DAGs
[2025-05-20T02:54:30.081+0000] {logging_mixin.py:190} INFO - [2025-05-20T02:54:30.079+0000] {dag.py:4156} INFO - Setting next_dagrun for read_dataset_event to 2025-05-19 00:00:00+00:00, run_after=2025-05-20 00:00:00+00:00
[2025-05-20T02:54:30.108+0000] {logging_mixin.py:190} INFO - [2025-05-20T02:54:30.107+0000] {dag.py:4156} INFO - Setting next_dagrun for read_dataset_event_from_classic to 2025-05-19 00:00:00+00:00, run_after=2025-05-20 00:00:00+00:00
[2025-05-20T02:54:30.147+0000] {processor.py:208} INFO - Processing /home/airflow/.local/lib/python3.12/site-packages/airflow/example_dags/example_inlet_event_extra.py took 0.322 seconds
[2025-05-20T02:55:01.552+0000] {processor.py:186} INFO - Started process (PID=217) to work on /home/airflow/.local/lib/python3.12/site-packages/airflow/example_dags/example_inlet_event_extra.py
[2025-05-20T02:55:01.560+0000] {processor.py:914} INFO - Processing file /home/airflow/.local/lib/python3.12/site-packages/airflow/example_dags/example_inlet_event_extra.py for tasks to queue
[2025-05-20T02:55:01.566+0000] {logging_mixin.py:190} INFO - [2025-05-20T02:55:01.565+0000] {dagbag.py:587} INFO - Filling up the DagBag from /home/airflow/.local/lib/python3.12/site-packages/airflow/example_dags/example_inlet_event_extra.py
[2025-05-20T02:55:01.759+0000] {processor.py:925} INFO - DAG(s) 'read_dataset_event', 'read_dataset_event_from_classic' retrieved from /home/airflow/.local/lib/python3.12/site-packages/airflow/example_dags/example_inlet_event_extra.py
[2025-05-20T02:55:01.848+0000] {logging_mixin.py:190} INFO - [2025-05-20T02:55:01.845+0000] {dag.py:3229} INFO - Sync 2 DAGs
[2025-05-20T02:55:01.885+0000] {logging_mixin.py:190} INFO - [2025-05-20T02:55:01.885+0000] {dag.py:4156} INFO - Setting next_dagrun for read_dataset_event to 2025-05-19 00:00:00+00:00, run_after=2025-05-20 00:00:00+00:00
[2025-05-20T02:55:01.900+0000] {logging_mixin.py:190} INFO - [2025-05-20T02:55:01.899+0000] {dag.py:4156} INFO - Setting next_dagrun for read_dataset_event_from_classic to 2025-05-19 00:00:00+00:00, run_after=2025-05-20 00:00:00+00:00
[2025-05-20T02:55:01.931+0000] {processor.py:208} INFO - Processing /home/airflow/.local/lib/python3.12/site-packages/airflow/example_dags/example_inlet_event_extra.py took 0.388 seconds
[2025-05-20T02:55:32.736+0000] {processor.py:186} INFO - Started process (PID=280) to work on /home/airflow/.local/lib/python3.12/site-packages/airflow/example_dags/example_inlet_event_extra.py
[2025-05-20T02:55:32.739+0000] {processor.py:914} INFO - Processing file /home/airflow/.local/lib/python3.12/site-packages/airflow/example_dags/example_inlet_event_extra.py for tasks to queue
[2025-05-20T02:55:32.761+0000] {logging_mixin.py:190} INFO - [2025-05-20T02:55:32.754+0000] {dagbag.py:587} INFO - Filling up the DagBag from /home/airflow/.local/lib/python3.12/site-packages/airflow/example_dags/example_inlet_event_extra.py
[2025-05-20T02:55:32.921+0000] {processor.py:925} INFO - DAG(s) 'read_dataset_event_from_classic', 'read_dataset_event' retrieved from /home/airflow/.local/lib/python3.12/site-packages/airflow/example_dags/example_inlet_event_extra.py
[2025-05-20T02:55:32.987+0000] {logging_mixin.py:190} INFO - [2025-05-20T02:55:32.986+0000] {dag.py:3229} INFO - Sync 2 DAGs
[2025-05-20T02:55:33.046+0000] {logging_mixin.py:190} INFO - [2025-05-20T02:55:33.045+0000] {dag.py:4156} INFO - Setting next_dagrun for read_dataset_event to 2025-05-19 00:00:00+00:00, run_after=2025-05-20 00:00:00+00:00
[2025-05-20T02:55:33.059+0000] {logging_mixin.py:190} INFO - [2025-05-20T02:55:33.058+0000] {dag.py:4156} INFO - Setting next_dagrun for read_dataset_event_from_classic to 2025-05-19 00:00:00+00:00, run_after=2025-05-20 00:00:00+00:00
[2025-05-20T02:55:33.081+0000] {processor.py:208} INFO - Processing /home/airflow/.local/lib/python3.12/site-packages/airflow/example_dags/example_inlet_event_extra.py took 0.349 seconds
[2025-05-20T02:56:03.916+0000] {processor.py:186} INFO - Started process (PID=343) to work on /home/airflow/.local/lib/python3.12/site-packages/airflow/example_dags/example_inlet_event_extra.py
[2025-05-20T02:56:03.917+0000] {processor.py:914} INFO - Processing file /home/airflow/.local/lib/python3.12/site-packages/airflow/example_dags/example_inlet_event_extra.py for tasks to queue
[2025-05-20T02:56:03.922+0000] {logging_mixin.py:190} INFO - [2025-05-20T02:56:03.921+0000] {dagbag.py:587} INFO - Filling up the DagBag from /home/airflow/.local/lib/python3.12/site-packages/airflow/example_dags/example_inlet_event_extra.py
[2025-05-20T02:56:04.073+0000] {processor.py:925} INFO - DAG(s) 'read_dataset_event_from_classic', 'read_dataset_event' retrieved from /home/airflow/.local/lib/python3.12/site-packages/airflow/example_dags/example_inlet_event_extra.py
[2025-05-20T02:56:04.131+0000] {logging_mixin.py:190} INFO - [2025-05-20T02:56:04.130+0000] {dag.py:3229} INFO - Sync 2 DAGs
[2025-05-20T02:56:04.179+0000] {logging_mixin.py:190} INFO - [2025-05-20T02:56:04.178+0000] {dag.py:4156} INFO - Setting next_dagrun for read_dataset_event to 2025-05-19 00:00:00+00:00, run_after=2025-05-20 00:00:00+00:00
[2025-05-20T02:56:04.196+0000] {logging_mixin.py:190} INFO - [2025-05-20T02:56:04.195+0000] {dag.py:4156} INFO - Setting next_dagrun for read_dataset_event_from_classic to 2025-05-19 00:00:00+00:00, run_after=2025-05-20 00:00:00+00:00
[2025-05-20T02:56:04.247+0000] {processor.py:208} INFO - Processing /home/airflow/.local/lib/python3.12/site-packages/airflow/example_dags/example_inlet_event_extra.py took 0.336 seconds
[2025-05-20T02:56:34.781+0000] {processor.py:186} INFO - Started process (PID=406) to work on /home/airflow/.local/lib/python3.12/site-packages/airflow/example_dags/example_inlet_event_extra.py
[2025-05-20T02:56:34.783+0000] {processor.py:914} INFO - Processing file /home/airflow/.local/lib/python3.12/site-packages/airflow/example_dags/example_inlet_event_extra.py for tasks to queue
[2025-05-20T02:56:34.790+0000] {logging_mixin.py:190} INFO - [2025-05-20T02:56:34.790+0000] {dagbag.py:587} INFO - Filling up the DagBag from /home/airflow/.local/lib/python3.12/site-packages/airflow/example_dags/example_inlet_event_extra.py
[2025-05-20T02:56:34.892+0000] {processor.py:925} INFO - DAG(s) 'read_dataset_event', 'read_dataset_event_from_classic' retrieved from /home/airflow/.local/lib/python3.12/site-packages/airflow/example_dags/example_inlet_event_extra.py
[2025-05-20T02:56:34.952+0000] {logging_mixin.py:190} INFO - [2025-05-20T02:56:34.949+0000] {dag.py:3229} INFO - Sync 2 DAGs
[2025-05-20T02:56:34.979+0000] {logging_mixin.py:190} INFO - [2025-05-20T02:56:34.979+0000] {dag.py:4156} INFO - Setting next_dagrun for read_dataset_event to 2025-05-19 00:00:00+00:00, run_after=2025-05-20 00:00:00+00:00
[2025-05-20T02:56:35.003+0000] {logging_mixin.py:190} INFO - [2025-05-20T02:56:35.003+0000] {dag.py:4156} INFO - Setting next_dagrun for read_dataset_event_from_classic to 2025-05-19 00:00:00+00:00, run_after=2025-05-20 00:00:00+00:00
[2025-05-20T02:56:35.088+0000] {processor.py:208} INFO - Processing /home/airflow/.local/lib/python3.12/site-packages/airflow/example_dags/example_inlet_event_extra.py took 0.306 seconds
[2025-05-20T02:57:05.372+0000] {processor.py:186} INFO - Started process (PID=469) to work on /home/airflow/.local/lib/python3.12/site-packages/airflow/example_dags/example_inlet_event_extra.py
[2025-05-20T02:57:05.373+0000] {processor.py:914} INFO - Processing file /home/airflow/.local/lib/python3.12/site-packages/airflow/example_dags/example_inlet_event_extra.py for tasks to queue
[2025-05-20T02:57:05.381+0000] {logging_mixin.py:190} INFO - [2025-05-20T02:57:05.380+0000] {dagbag.py:587} INFO - Filling up the DagBag from /home/airflow/.local/lib/python3.12/site-packages/airflow/example_dags/example_inlet_event_extra.py
[2025-05-20T02:57:05.491+0000] {processor.py:925} INFO - DAG(s) 'read_dataset_event_from_classic', 'read_dataset_event' retrieved from /home/airflow/.local/lib/python3.12/site-packages/airflow/example_dags/example_inlet_event_extra.py
[2025-05-20T02:57:05.580+0000] {logging_mixin.py:190} INFO - [2025-05-20T02:57:05.580+0000] {dag.py:3229} INFO - Sync 2 DAGs
[2025-05-20T02:57:05.697+0000] {logging_mixin.py:190} INFO - [2025-05-20T02:57:05.695+0000] {dag.py:4156} INFO - Setting next_dagrun for read_dataset_event to 2025-05-19 00:00:00+00:00, run_after=2025-05-20 00:00:00+00:00
[2025-05-20T02:57:05.720+0000] {logging_mixin.py:190} INFO - [2025-05-20T02:57:05.720+0000] {dag.py:4156} INFO - Setting next_dagrun for read_dataset_event_from_classic to 2025-05-19 00:00:00+00:00, run_after=2025-05-20 00:00:00+00:00
[2025-05-20T02:57:05.791+0000] {processor.py:208} INFO - Processing /home/airflow/.local/lib/python3.12/site-packages/airflow/example_dags/example_inlet_event_extra.py took 0.463 seconds
[2025-05-20T02:57:36.161+0000] {processor.py:186} INFO - Started process (PID=532) to work on /home/airflow/.local/lib/python3.12/site-packages/airflow/example_dags/example_inlet_event_extra.py
[2025-05-20T02:57:36.163+0000] {processor.py:914} INFO - Processing file /home/airflow/.local/lib/python3.12/site-packages/airflow/example_dags/example_inlet_event_extra.py for tasks to queue
[2025-05-20T02:57:36.168+0000] {logging_mixin.py:190} INFO - [2025-05-20T02:57:36.168+0000] {dagbag.py:587} INFO - Filling up the DagBag from /home/airflow/.local/lib/python3.12/site-packages/airflow/example_dags/example_inlet_event_extra.py
[2025-05-20T02:57:36.283+0000] {processor.py:925} INFO - DAG(s) 'read_dataset_event', 'read_dataset_event_from_classic' retrieved from /home/airflow/.local/lib/python3.12/site-packages/airflow/example_dags/example_inlet_event_extra.py
[2025-05-20T02:57:36.346+0000] {logging_mixin.py:190} INFO - [2025-05-20T02:57:36.344+0000] {dag.py:3229} INFO - Sync 2 DAGs
[2025-05-20T02:57:36.384+0000] {logging_mixin.py:190} INFO - [2025-05-20T02:57:36.384+0000] {dag.py:4156} INFO - Setting next_dagrun for read_dataset_event to 2025-05-19 00:00:00+00:00, run_after=2025-05-20 00:00:00+00:00
[2025-05-20T02:57:36.396+0000] {logging_mixin.py:190} INFO - [2025-05-20T02:57:36.396+0000] {dag.py:4156} INFO - Setting next_dagrun for read_dataset_event_from_classic to 2025-05-19 00:00:00+00:00, run_after=2025-05-20 00:00:00+00:00
[2025-05-20T02:57:36.432+0000] {processor.py:208} INFO - Processing /home/airflow/.local/lib/python3.12/site-packages/airflow/example_dags/example_inlet_event_extra.py took 0.275 seconds
[2025-05-20T02:58:07.018+0000] {processor.py:186} INFO - Started process (PID=595) to work on /home/airflow/.local/lib/python3.12/site-packages/airflow/example_dags/example_inlet_event_extra.py
[2025-05-20T02:58:07.022+0000] {processor.py:914} INFO - Processing file /home/airflow/.local/lib/python3.12/site-packages/airflow/example_dags/example_inlet_event_extra.py for tasks to queue
[2025-05-20T02:58:07.053+0000] {logging_mixin.py:190} INFO - [2025-05-20T02:58:07.052+0000] {dagbag.py:587} INFO - Filling up the DagBag from /home/airflow/.local/lib/python3.12/site-packages/airflow/example_dags/example_inlet_event_extra.py
[2025-05-20T02:58:07.324+0000] {processor.py:925} INFO - DAG(s) 'read_dataset_event', 'read_dataset_event_from_classic' retrieved from /home/airflow/.local/lib/python3.12/site-packages/airflow/example_dags/example_inlet_event_extra.py
[2025-05-20T02:58:07.404+0000] {logging_mixin.py:190} INFO - [2025-05-20T02:58:07.404+0000] {dag.py:3229} INFO - Sync 2 DAGs
[2025-05-20T02:58:07.444+0000] {logging_mixin.py:190} INFO - [2025-05-20T02:58:07.444+0000] {dag.py:4156} INFO - Setting next_dagrun for read_dataset_event to 2025-05-19 00:00:00+00:00, run_after=2025-05-20 00:00:00+00:00
[2025-05-20T02:58:07.452+0000] {logging_mixin.py:190} INFO - [2025-05-20T02:58:07.451+0000] {dag.py:4156} INFO - Setting next_dagrun for read_dataset_event_from_classic to 2025-05-19 00:00:00+00:00, run_after=2025-05-20 00:00:00+00:00
[2025-05-20T02:58:07.487+0000] {processor.py:208} INFO - Processing /home/airflow/.local/lib/python3.12/site-packages/airflow/example_dags/example_inlet_event_extra.py took 0.475 seconds
[2025-05-20T02:58:38.121+0000] {processor.py:186} INFO - Started process (PID=659) to work on /home/airflow/.local/lib/python3.12/site-packages/airflow/example_dags/example_inlet_event_extra.py
[2025-05-20T02:58:38.123+0000] {processor.py:914} INFO - Processing file /home/airflow/.local/lib/python3.12/site-packages/airflow/example_dags/example_inlet_event_extra.py for tasks to queue
[2025-05-20T02:58:38.135+0000] {logging_mixin.py:190} INFO - [2025-05-20T02:58:38.134+0000] {dagbag.py:587} INFO - Filling up the DagBag from /home/airflow/.local/lib/python3.12/site-packages/airflow/example_dags/example_inlet_event_extra.py
[2025-05-20T02:58:38.332+0000] {processor.py:925} INFO - DAG(s) 'read_dataset_event', 'read_dataset_event_from_classic' retrieved from /home/airflow/.local/lib/python3.12/site-packages/airflow/example_dags/example_inlet_event_extra.py
[2025-05-20T02:58:38.397+0000] {logging_mixin.py:190} INFO - [2025-05-20T02:58:38.397+0000] {dag.py:3229} INFO - Sync 2 DAGs
[2025-05-20T02:58:38.437+0000] {logging_mixin.py:190} INFO - [2025-05-20T02:58:38.437+0000] {dag.py:4156} INFO - Setting next_dagrun for read_dataset_event to 2025-05-19 00:00:00+00:00, run_after=2025-05-20 00:00:00+00:00
[2025-05-20T02:58:38.458+0000] {logging_mixin.py:190} INFO - [2025-05-20T02:58:38.458+0000] {dag.py:4156} INFO - Setting next_dagrun for read_dataset_event_from_classic to 2025-05-19 00:00:00+00:00, run_after=2025-05-20 00:00:00+00:00
[2025-05-20T02:58:38.496+0000] {processor.py:208} INFO - Processing /home/airflow/.local/lib/python3.12/site-packages/airflow/example_dags/example_inlet_event_extra.py took 0.378 seconds
[2025-05-20T02:59:08.810+0000] {processor.py:186} INFO - Started process (PID=722) to work on /home/airflow/.local/lib/python3.12/site-packages/airflow/example_dags/example_inlet_event_extra.py
[2025-05-20T02:59:08.812+0000] {processor.py:914} INFO - Processing file /home/airflow/.local/lib/python3.12/site-packages/airflow/example_dags/example_inlet_event_extra.py for tasks to queue
[2025-05-20T02:59:08.814+0000] {logging_mixin.py:190} INFO - [2025-05-20T02:59:08.814+0000] {dagbag.py:587} INFO - Filling up the DagBag from /home/airflow/.local/lib/python3.12/site-packages/airflow/example_dags/example_inlet_event_extra.py
[2025-05-20T02:59:08.932+0000] {processor.py:925} INFO - DAG(s) 'read_dataset_event_from_classic', 'read_dataset_event' retrieved from /home/airflow/.local/lib/python3.12/site-packages/airflow/example_dags/example_inlet_event_extra.py
[2025-05-20T02:59:08.976+0000] {logging_mixin.py:190} INFO - [2025-05-20T02:59:08.975+0000] {dag.py:3229} INFO - Sync 2 DAGs
[2025-05-20T02:59:09.026+0000] {logging_mixin.py:190} INFO - [2025-05-20T02:59:09.025+0000] {dag.py:4156} INFO - Setting next_dagrun for read_dataset_event to 2025-05-19 00:00:00+00:00, run_after=2025-05-20 00:00:00+00:00
[2025-05-20T02:59:09.050+0000] {logging_mixin.py:190} INFO - [2025-05-20T02:59:09.050+0000] {dag.py:4156} INFO - Setting next_dagrun for read_dataset_event_from_classic to 2025-05-19 00:00:00+00:00, run_after=2025-05-20 00:00:00+00:00
[2025-05-20T02:59:09.126+0000] {processor.py:208} INFO - Processing /home/airflow/.local/lib/python3.12/site-packages/airflow/example_dags/example_inlet_event_extra.py took 0.319 seconds
[2025-05-20T02:59:39.355+0000] {processor.py:186} INFO - Started process (PID=784) to work on /home/airflow/.local/lib/python3.12/site-packages/airflow/example_dags/example_inlet_event_extra.py
[2025-05-20T02:59:39.357+0000] {processor.py:914} INFO - Processing file /home/airflow/.local/lib/python3.12/site-packages/airflow/example_dags/example_inlet_event_extra.py for tasks to queue
[2025-05-20T02:59:39.361+0000] {logging_mixin.py:190} INFO - [2025-05-20T02:59:39.361+0000] {dagbag.py:587} INFO - Filling up the DagBag from /home/airflow/.local/lib/python3.12/site-packages/airflow/example_dags/example_inlet_event_extra.py
[2025-05-20T02:59:39.485+0000] {processor.py:925} INFO - DAG(s) 'read_dataset_event_from_classic', 'read_dataset_event' retrieved from /home/airflow/.local/lib/python3.12/site-packages/airflow/example_dags/example_inlet_event_extra.py
[2025-05-20T02:59:39.537+0000] {logging_mixin.py:190} INFO - [2025-05-20T02:59:39.536+0000] {dag.py:3229} INFO - Sync 2 DAGs
[2025-05-20T02:59:39.576+0000] {logging_mixin.py:190} INFO - [2025-05-20T02:59:39.575+0000] {dag.py:4156} INFO - Setting next_dagrun for read_dataset_event to 2025-05-19 00:00:00+00:00, run_after=2025-05-20 00:00:00+00:00
[2025-05-20T02:59:39.584+0000] {logging_mixin.py:190} INFO - [2025-05-20T02:59:39.583+0000] {dag.py:4156} INFO - Setting next_dagrun for read_dataset_event_from_classic to 2025-05-19 00:00:00+00:00, run_after=2025-05-20 00:00:00+00:00
[2025-05-20T02:59:39.631+0000] {processor.py:208} INFO - Processing /home/airflow/.local/lib/python3.12/site-packages/airflow/example_dags/example_inlet_event_extra.py took 0.283 seconds
[2025-05-20T03:00:10.150+0000] {processor.py:186} INFO - Started process (PID=848) to work on /home/airflow/.local/lib/python3.12/site-packages/airflow/example_dags/example_inlet_event_extra.py
[2025-05-20T03:00:10.151+0000] {processor.py:914} INFO - Processing file /home/airflow/.local/lib/python3.12/site-packages/airflow/example_dags/example_inlet_event_extra.py for tasks to queue
[2025-05-20T03:00:10.160+0000] {logging_mixin.py:190} INFO - [2025-05-20T03:00:10.159+0000] {dagbag.py:587} INFO - Filling up the DagBag from /home/airflow/.local/lib/python3.12/site-packages/airflow/example_dags/example_inlet_event_extra.py
[2025-05-20T03:00:10.288+0000] {processor.py:925} INFO - DAG(s) 'read_dataset_event', 'read_dataset_event_from_classic' retrieved from /home/airflow/.local/lib/python3.12/site-packages/airflow/example_dags/example_inlet_event_extra.py
[2025-05-20T03:00:10.399+0000] {logging_mixin.py:190} INFO - [2025-05-20T03:00:10.397+0000] {dag.py:3229} INFO - Sync 2 DAGs
[2025-05-20T03:00:10.431+0000] {logging_mixin.py:190} INFO - [2025-05-20T03:00:10.430+0000] {dag.py:4156} INFO - Setting next_dagrun for read_dataset_event to 2025-05-19 00:00:00+00:00, run_after=2025-05-20 00:00:00+00:00
[2025-05-20T03:00:10.438+0000] {logging_mixin.py:190} INFO - [2025-05-20T03:00:10.438+0000] {dag.py:4156} INFO - Setting next_dagrun for read_dataset_event_from_classic to 2025-05-19 00:00:00+00:00, run_after=2025-05-20 00:00:00+00:00
[2025-05-20T03:00:10.512+0000] {processor.py:208} INFO - Processing /home/airflow/.local/lib/python3.12/site-packages/airflow/example_dags/example_inlet_event_extra.py took 0.366 seconds
[2025-05-20T03:00:40.906+0000] {processor.py:186} INFO - Started process (PID=911) to work on /home/airflow/.local/lib/python3.12/site-packages/airflow/example_dags/example_inlet_event_extra.py
[2025-05-20T03:00:40.908+0000] {processor.py:914} INFO - Processing file /home/airflow/.local/lib/python3.12/site-packages/airflow/example_dags/example_inlet_event_extra.py for tasks to queue
[2025-05-20T03:00:40.913+0000] {logging_mixin.py:190} INFO - [2025-05-20T03:00:40.912+0000] {dagbag.py:587} INFO - Filling up the DagBag from /home/airflow/.local/lib/python3.12/site-packages/airflow/example_dags/example_inlet_event_extra.py
[2025-05-20T03:00:41.068+0000] {processor.py:925} INFO - DAG(s) 'read_dataset_event_from_classic', 'read_dataset_event' retrieved from /home/airflow/.local/lib/python3.12/site-packages/airflow/example_dags/example_inlet_event_extra.py
[2025-05-20T03:00:41.138+0000] {logging_mixin.py:190} INFO - [2025-05-20T03:00:41.137+0000] {dag.py:3229} INFO - Sync 2 DAGs
[2025-05-20T03:00:41.210+0000] {logging_mixin.py:190} INFO - [2025-05-20T03:00:41.210+0000] {dag.py:4156} INFO - Setting next_dagrun for read_dataset_event to 2025-05-19 00:00:00+00:00, run_after=2025-05-20 00:00:00+00:00
[2025-05-20T03:00:41.241+0000] {logging_mixin.py:190} INFO - [2025-05-20T03:00:41.237+0000] {dag.py:4156} INFO - Setting next_dagrun for read_dataset_event_from_classic to 2025-05-19 00:00:00+00:00, run_after=2025-05-20 00:00:00+00:00
[2025-05-20T03:00:41.339+0000] {processor.py:208} INFO - Processing /home/airflow/.local/lib/python3.12/site-packages/airflow/example_dags/example_inlet_event_extra.py took 0.439 seconds
[2025-05-20T03:01:11.545+0000] {processor.py:186} INFO - Started process (PID=973) to work on /home/airflow/.local/lib/python3.12/site-packages/airflow/example_dags/example_inlet_event_extra.py
[2025-05-20T03:01:11.548+0000] {processor.py:914} INFO - Processing file /home/airflow/.local/lib/python3.12/site-packages/airflow/example_dags/example_inlet_event_extra.py for tasks to queue
[2025-05-20T03:01:11.551+0000] {logging_mixin.py:190} INFO - [2025-05-20T03:01:11.551+0000] {dagbag.py:587} INFO - Filling up the DagBag from /home/airflow/.local/lib/python3.12/site-packages/airflow/example_dags/example_inlet_event_extra.py
[2025-05-20T03:01:11.703+0000] {processor.py:925} INFO - DAG(s) 'read_dataset_event_from_classic', 'read_dataset_event' retrieved from /home/airflow/.local/lib/python3.12/site-packages/airflow/example_dags/example_inlet_event_extra.py
[2025-05-20T03:01:11.806+0000] {logging_mixin.py:190} INFO - [2025-05-20T03:01:11.805+0000] {dag.py:3229} INFO - Sync 2 DAGs
[2025-05-20T03:01:11.862+0000] {logging_mixin.py:190} INFO - [2025-05-20T03:01:11.862+0000] {dag.py:4156} INFO - Setting next_dagrun for read_dataset_event to 2025-05-19 00:00:00+00:00, run_after=2025-05-20 00:00:00+00:00
[2025-05-20T03:01:11.879+0000] {logging_mixin.py:190} INFO - [2025-05-20T03:01:11.879+0000] {dag.py:4156} INFO - Setting next_dagrun for read_dataset_event_from_classic to 2025-05-19 00:00:00+00:00, run_after=2025-05-20 00:00:00+00:00
[2025-05-20T03:01:11.935+0000] {processor.py:208} INFO - Processing /home/airflow/.local/lib/python3.12/site-packages/airflow/example_dags/example_inlet_event_extra.py took 0.394 seconds
[2025-05-20T03:01:42.205+0000] {processor.py:186} INFO - Started process (PID=1035) to work on /home/airflow/.local/lib/python3.12/site-packages/airflow/example_dags/example_inlet_event_extra.py
[2025-05-20T03:01:42.207+0000] {processor.py:914} INFO - Processing file /home/airflow/.local/lib/python3.12/site-packages/airflow/example_dags/example_inlet_event_extra.py for tasks to queue
[2025-05-20T03:01:42.275+0000] {logging_mixin.py:190} INFO - [2025-05-20T03:01:42.274+0000] {dagbag.py:587} INFO - Filling up the DagBag from /home/airflow/.local/lib/python3.12/site-packages/airflow/example_dags/example_inlet_event_extra.py
[2025-05-20T03:01:42.513+0000] {processor.py:925} INFO - DAG(s) 'read_dataset_event_from_classic', 'read_dataset_event' retrieved from /home/airflow/.local/lib/python3.12/site-packages/airflow/example_dags/example_inlet_event_extra.py
[2025-05-20T03:01:42.578+0000] {logging_mixin.py:190} INFO - [2025-05-20T03:01:42.577+0000] {dag.py:3229} INFO - Sync 2 DAGs
[2025-05-20T03:01:42.628+0000] {logging_mixin.py:190} INFO - [2025-05-20T03:01:42.626+0000] {dag.py:4156} INFO - Setting next_dagrun for read_dataset_event to 2025-05-19 00:00:00+00:00, run_after=2025-05-20 00:00:00+00:00
[2025-05-20T03:01:42.650+0000] {logging_mixin.py:190} INFO - [2025-05-20T03:01:42.650+0000] {dag.py:4156} INFO - Setting next_dagrun for read_dataset_event_from_classic to 2025-05-19 00:00:00+00:00, run_after=2025-05-20 00:00:00+00:00
[2025-05-20T03:01:42.718+0000] {processor.py:208} INFO - Processing /home/airflow/.local/lib/python3.12/site-packages/airflow/example_dags/example_inlet_event_extra.py took 0.517 seconds
[2025-05-20T03:02:12.930+0000] {processor.py:186} INFO - Started process (PID=1098) to work on /home/airflow/.local/lib/python3.12/site-packages/airflow/example_dags/example_inlet_event_extra.py
[2025-05-20T03:02:12.931+0000] {processor.py:914} INFO - Processing file /home/airflow/.local/lib/python3.12/site-packages/airflow/example_dags/example_inlet_event_extra.py for tasks to queue
[2025-05-20T03:02:12.934+0000] {logging_mixin.py:190} INFO - [2025-05-20T03:02:12.934+0000] {dagbag.py:587} INFO - Filling up the DagBag from /home/airflow/.local/lib/python3.12/site-packages/airflow/example_dags/example_inlet_event_extra.py
[2025-05-20T03:02:13.056+0000] {processor.py:925} INFO - DAG(s) 'read_dataset_event_from_classic', 'read_dataset_event' retrieved from /home/airflow/.local/lib/python3.12/site-packages/airflow/example_dags/example_inlet_event_extra.py
[2025-05-20T03:02:13.140+0000] {logging_mixin.py:190} INFO - [2025-05-20T03:02:13.140+0000] {dag.py:3229} INFO - Sync 2 DAGs
[2025-05-20T03:02:13.187+0000] {logging_mixin.py:190} INFO - [2025-05-20T03:02:13.187+0000] {dag.py:4156} INFO - Setting next_dagrun for read_dataset_event to 2025-05-19 00:00:00+00:00, run_after=2025-05-20 00:00:00+00:00
[2025-05-20T03:02:13.197+0000] {logging_mixin.py:190} INFO - [2025-05-20T03:02:13.197+0000] {dag.py:4156} INFO - Setting next_dagrun for read_dataset_event_from_classic to 2025-05-19 00:00:00+00:00, run_after=2025-05-20 00:00:00+00:00
[2025-05-20T03:02:13.228+0000] {processor.py:208} INFO - Processing /home/airflow/.local/lib/python3.12/site-packages/airflow/example_dags/example_inlet_event_extra.py took 0.308 seconds
[2025-05-20T03:02:44.091+0000] {processor.py:186} INFO - Started process (PID=1161) to work on /home/airflow/.local/lib/python3.12/site-packages/airflow/example_dags/example_inlet_event_extra.py
[2025-05-20T03:02:44.093+0000] {processor.py:914} INFO - Processing file /home/airflow/.local/lib/python3.12/site-packages/airflow/example_dags/example_inlet_event_extra.py for tasks to queue
[2025-05-20T03:02:44.097+0000] {logging_mixin.py:190} INFO - [2025-05-20T03:02:44.096+0000] {dagbag.py:587} INFO - Filling up the DagBag from /home/airflow/.local/lib/python3.12/site-packages/airflow/example_dags/example_inlet_event_extra.py
[2025-05-20T03:02:44.234+0000] {processor.py:925} INFO - DAG(s) 'read_dataset_event', 'read_dataset_event_from_classic' retrieved from /home/airflow/.local/lib/python3.12/site-packages/airflow/example_dags/example_inlet_event_extra.py
[2025-05-20T03:02:44.296+0000] {logging_mixin.py:190} INFO - [2025-05-20T03:02:44.295+0000] {dag.py:3229} INFO - Sync 2 DAGs
[2025-05-20T03:02:44.321+0000] {logging_mixin.py:190} INFO - [2025-05-20T03:02:44.321+0000] {dag.py:4156} INFO - Setting next_dagrun for read_dataset_event to 2025-05-19 00:00:00+00:00, run_after=2025-05-20 00:00:00+00:00
[2025-05-20T03:02:44.349+0000] {logging_mixin.py:190} INFO - [2025-05-20T03:02:44.349+0000] {dag.py:4156} INFO - Setting next_dagrun for read_dataset_event_from_classic to 2025-05-19 00:00:00+00:00, run_after=2025-05-20 00:00:00+00:00
[2025-05-20T03:02:44.422+0000] {processor.py:208} INFO - Processing /home/airflow/.local/lib/python3.12/site-packages/airflow/example_dags/example_inlet_event_extra.py took 0.345 seconds
[2025-05-20T03:03:14.626+0000] {processor.py:186} INFO - Started process (PID=1223) to work on /home/airflow/.local/lib/python3.12/site-packages/airflow/example_dags/example_inlet_event_extra.py
[2025-05-20T03:03:14.628+0000] {processor.py:914} INFO - Processing file /home/airflow/.local/lib/python3.12/site-packages/airflow/example_dags/example_inlet_event_extra.py for tasks to queue
[2025-05-20T03:03:14.632+0000] {logging_mixin.py:190} INFO - [2025-05-20T03:03:14.632+0000] {dagbag.py:587} INFO - Filling up the DagBag from /home/airflow/.local/lib/python3.12/site-packages/airflow/example_dags/example_inlet_event_extra.py
[2025-05-20T03:03:14.757+0000] {processor.py:925} INFO - DAG(s) 'read_dataset_event', 'read_dataset_event_from_classic' retrieved from /home/airflow/.local/lib/python3.12/site-packages/airflow/example_dags/example_inlet_event_extra.py
[2025-05-20T03:03:14.814+0000] {logging_mixin.py:190} INFO - [2025-05-20T03:03:14.811+0000] {dag.py:3229} INFO - Sync 2 DAGs
[2025-05-20T03:03:14.880+0000] {logging_mixin.py:190} INFO - [2025-05-20T03:03:14.877+0000] {dag.py:4156} INFO - Setting next_dagrun for read_dataset_event to 2025-05-19 00:00:00+00:00, run_after=2025-05-20 00:00:00+00:00
[2025-05-20T03:03:14.893+0000] {logging_mixin.py:190} INFO - [2025-05-20T03:03:14.892+0000] {dag.py:4156} INFO - Setting next_dagrun for read_dataset_event_from_classic to 2025-05-19 00:00:00+00:00, run_after=2025-05-20 00:00:00+00:00
[2025-05-20T03:03:14.941+0000] {processor.py:208} INFO - Processing /home/airflow/.local/lib/python3.12/site-packages/airflow/example_dags/example_inlet_event_extra.py took 0.318 seconds
[2025-05-20T03:03:45.527+0000] {processor.py:186} INFO - Started process (PID=1285) to work on /home/airflow/.local/lib/python3.12/site-packages/airflow/example_dags/example_inlet_event_extra.py
[2025-05-20T03:03:45.532+0000] {processor.py:914} INFO - Processing file /home/airflow/.local/lib/python3.12/site-packages/airflow/example_dags/example_inlet_event_extra.py for tasks to queue
[2025-05-20T03:03:45.544+0000] {logging_mixin.py:190} INFO - [2025-05-20T03:03:45.544+0000] {dagbag.py:587} INFO - Filling up the DagBag from /home/airflow/.local/lib/python3.12/site-packages/airflow/example_dags/example_inlet_event_extra.py
[2025-05-20T03:03:45.671+0000] {processor.py:925} INFO - DAG(s) 'read_dataset_event', 'read_dataset_event_from_classic' retrieved from /home/airflow/.local/lib/python3.12/site-packages/airflow/example_dags/example_inlet_event_extra.py
[2025-05-20T03:03:45.692+0000] {logging_mixin.py:190} INFO - [2025-05-20T03:03:45.692+0000] {dag.py:3229} INFO - Sync 2 DAGs
[2025-05-20T03:03:45.749+0000] {logging_mixin.py:190} INFO - [2025-05-20T03:03:45.749+0000] {dag.py:4156} INFO - Setting next_dagrun for read_dataset_event to 2025-05-19 00:00:00+00:00, run_after=2025-05-20 00:00:00+00:00
[2025-05-20T03:03:45.771+0000] {logging_mixin.py:190} INFO - [2025-05-20T03:03:45.771+0000] {dag.py:4156} INFO - Setting next_dagrun for read_dataset_event_from_classic to 2025-05-19 00:00:00+00:00, run_after=2025-05-20 00:00:00+00:00
[2025-05-20T03:03:45.841+0000] {processor.py:208} INFO - Processing /home/airflow/.local/lib/python3.12/site-packages/airflow/example_dags/example_inlet_event_extra.py took 0.319 seconds
[2025-05-20T03:04:16.119+0000] {processor.py:186} INFO - Started process (PID=1348) to work on /home/airflow/.local/lib/python3.12/site-packages/airflow/example_dags/example_inlet_event_extra.py
[2025-05-20T03:04:16.120+0000] {processor.py:914} INFO - Processing file /home/airflow/.local/lib/python3.12/site-packages/airflow/example_dags/example_inlet_event_extra.py for tasks to queue
[2025-05-20T03:04:16.122+0000] {logging_mixin.py:190} INFO - [2025-05-20T03:04:16.122+0000] {dagbag.py:587} INFO - Filling up the DagBag from /home/airflow/.local/lib/python3.12/site-packages/airflow/example_dags/example_inlet_event_extra.py
[2025-05-20T03:04:16.254+0000] {processor.py:925} INFO - DAG(s) 'read_dataset_event', 'read_dataset_event_from_classic' retrieved from /home/airflow/.local/lib/python3.12/site-packages/airflow/example_dags/example_inlet_event_extra.py
[2025-05-20T03:04:16.277+0000] {logging_mixin.py:190} INFO - [2025-05-20T03:04:16.277+0000] {dag.py:3229} INFO - Sync 2 DAGs
[2025-05-20T03:04:16.302+0000] {logging_mixin.py:190} INFO - [2025-05-20T03:04:16.302+0000] {dag.py:4156} INFO - Setting next_dagrun for read_dataset_event to 2025-05-19 00:00:00+00:00, run_after=2025-05-20 00:00:00+00:00
[2025-05-20T03:04:16.308+0000] {logging_mixin.py:190} INFO - [2025-05-20T03:04:16.307+0000] {dag.py:4156} INFO - Setting next_dagrun for read_dataset_event_from_classic to 2025-05-19 00:00:00+00:00, run_after=2025-05-20 00:00:00+00:00
[2025-05-20T03:04:16.327+0000] {processor.py:208} INFO - Processing /home/airflow/.local/lib/python3.12/site-packages/airflow/example_dags/example_inlet_event_extra.py took 0.212 seconds
[2025-05-20T03:04:46.748+0000] {processor.py:186} INFO - Started process (PID=1411) to work on /home/airflow/.local/lib/python3.12/site-packages/airflow/example_dags/example_inlet_event_extra.py
[2025-05-20T03:04:46.751+0000] {processor.py:914} INFO - Processing file /home/airflow/.local/lib/python3.12/site-packages/airflow/example_dags/example_inlet_event_extra.py for tasks to queue
[2025-05-20T03:04:46.757+0000] {logging_mixin.py:190} INFO - [2025-05-20T03:04:46.756+0000] {dagbag.py:587} INFO - Filling up the DagBag from /home/airflow/.local/lib/python3.12/site-packages/airflow/example_dags/example_inlet_event_extra.py
[2025-05-20T03:04:46.868+0000] {processor.py:925} INFO - DAG(s) 'read_dataset_event', 'read_dataset_event_from_classic' retrieved from /home/airflow/.local/lib/python3.12/site-packages/airflow/example_dags/example_inlet_event_extra.py
[2025-05-20T03:04:46.927+0000] {logging_mixin.py:190} INFO - [2025-05-20T03:04:46.926+0000] {dag.py:3229} INFO - Sync 2 DAGs
[2025-05-20T03:04:46.970+0000] {logging_mixin.py:190} INFO - [2025-05-20T03:04:46.969+0000] {dag.py:4156} INFO - Setting next_dagrun for read_dataset_event to 2025-05-19 00:00:00+00:00, run_after=2025-05-20 00:00:00+00:00
[2025-05-20T03:04:46.987+0000] {logging_mixin.py:190} INFO - [2025-05-20T03:04:46.987+0000] {dag.py:4156} INFO - Setting next_dagrun for read_dataset_event_from_classic to 2025-05-19 00:00:00+00:00, run_after=2025-05-20 00:00:00+00:00
[2025-05-20T03:04:47.045+0000] {processor.py:208} INFO - Processing /home/airflow/.local/lib/python3.12/site-packages/airflow/example_dags/example_inlet_event_extra.py took 0.308 seconds
[2025-05-20T03:05:17.993+0000] {processor.py:186} INFO - Started process (PID=1473) to work on /home/airflow/.local/lib/python3.12/site-packages/airflow/example_dags/example_inlet_event_extra.py
[2025-05-20T03:05:17.994+0000] {processor.py:914} INFO - Processing file /home/airflow/.local/lib/python3.12/site-packages/airflow/example_dags/example_inlet_event_extra.py for tasks to queue
[2025-05-20T03:05:18.002+0000] {logging_mixin.py:190} INFO - [2025-05-20T03:05:18.001+0000] {dagbag.py:587} INFO - Filling up the DagBag from /home/airflow/.local/lib/python3.12/site-packages/airflow/example_dags/example_inlet_event_extra.py
[2025-05-20T03:05:18.305+0000] {processor.py:925} INFO - DAG(s) 'read_dataset_event', 'read_dataset_event_from_classic' retrieved from /home/airflow/.local/lib/python3.12/site-packages/airflow/example_dags/example_inlet_event_extra.py
[2025-05-20T03:05:18.376+0000] {logging_mixin.py:190} INFO - [2025-05-20T03:05:18.375+0000] {dag.py:3229} INFO - Sync 2 DAGs
[2025-05-20T03:05:18.418+0000] {logging_mixin.py:190} INFO - [2025-05-20T03:05:18.418+0000] {dag.py:4156} INFO - Setting next_dagrun for read_dataset_event to 2025-05-19 00:00:00+00:00, run_after=2025-05-20 00:00:00+00:00
[2025-05-20T03:05:18.426+0000] {logging_mixin.py:190} INFO - [2025-05-20T03:05:18.425+0000] {dag.py:4156} INFO - Setting next_dagrun for read_dataset_event_from_classic to 2025-05-19 00:00:00+00:00, run_after=2025-05-20 00:00:00+00:00
[2025-05-20T03:05:18.463+0000] {processor.py:208} INFO - Processing /home/airflow/.local/lib/python3.12/site-packages/airflow/example_dags/example_inlet_event_extra.py took 0.475 seconds
[2025-05-20T03:05:48.749+0000] {processor.py:186} INFO - Started process (PID=1536) to work on /home/airflow/.local/lib/python3.12/site-packages/airflow/example_dags/example_inlet_event_extra.py
[2025-05-20T03:05:48.749+0000] {processor.py:914} INFO - Processing file /home/airflow/.local/lib/python3.12/site-packages/airflow/example_dags/example_inlet_event_extra.py for tasks to queue
[2025-05-20T03:05:48.752+0000] {logging_mixin.py:190} INFO - [2025-05-20T03:05:48.751+0000] {dagbag.py:587} INFO - Filling up the DagBag from /home/airflow/.local/lib/python3.12/site-packages/airflow/example_dags/example_inlet_event_extra.py
[2025-05-20T03:05:48.936+0000] {processor.py:925} INFO - DAG(s) 'read_dataset_event_from_classic', 'read_dataset_event' retrieved from /home/airflow/.local/lib/python3.12/site-packages/airflow/example_dags/example_inlet_event_extra.py
[2025-05-20T03:05:49.008+0000] {logging_mixin.py:190} INFO - [2025-05-20T03:05:49.007+0000] {dag.py:3229} INFO - Sync 2 DAGs
[2025-05-20T03:05:49.055+0000] {logging_mixin.py:190} INFO - [2025-05-20T03:05:49.054+0000] {dag.py:4156} INFO - Setting next_dagrun for read_dataset_event to 2025-05-19 00:00:00+00:00, run_after=2025-05-20 00:00:00+00:00
[2025-05-20T03:05:49.069+0000] {logging_mixin.py:190} INFO - [2025-05-20T03:05:49.068+0000] {dag.py:4156} INFO - Setting next_dagrun for read_dataset_event_from_classic to 2025-05-19 00:00:00+00:00, run_after=2025-05-20 00:00:00+00:00
[2025-05-20T03:05:49.107+0000] {processor.py:208} INFO - Processing /home/airflow/.local/lib/python3.12/site-packages/airflow/example_dags/example_inlet_event_extra.py took 0.362 seconds
[2025-05-20T03:06:19.760+0000] {processor.py:186} INFO - Started process (PID=1599) to work on /home/airflow/.local/lib/python3.12/site-packages/airflow/example_dags/example_inlet_event_extra.py
[2025-05-20T03:06:19.766+0000] {processor.py:914} INFO - Processing file /home/airflow/.local/lib/python3.12/site-packages/airflow/example_dags/example_inlet_event_extra.py for tasks to queue
[2025-05-20T03:06:19.782+0000] {logging_mixin.py:190} INFO - [2025-05-20T03:06:19.777+0000] {dagbag.py:587} INFO - Filling up the DagBag from /home/airflow/.local/lib/python3.12/site-packages/airflow/example_dags/example_inlet_event_extra.py
[2025-05-20T03:06:19.976+0000] {processor.py:925} INFO - DAG(s) 'read_dataset_event_from_classic', 'read_dataset_event' retrieved from /home/airflow/.local/lib/python3.12/site-packages/airflow/example_dags/example_inlet_event_extra.py
[2025-05-20T03:06:20.032+0000] {logging_mixin.py:190} INFO - [2025-05-20T03:06:20.032+0000] {dag.py:3229} INFO - Sync 2 DAGs
[2025-05-20T03:06:20.056+0000] {logging_mixin.py:190} INFO - [2025-05-20T03:06:20.056+0000] {dag.py:4156} INFO - Setting next_dagrun for read_dataset_event to 2025-05-19 00:00:00+00:00, run_after=2025-05-20 00:00:00+00:00
[2025-05-20T03:06:20.060+0000] {logging_mixin.py:190} INFO - [2025-05-20T03:06:20.060+0000] {dag.py:4156} INFO - Setting next_dagrun for read_dataset_event_from_classic to 2025-05-19 00:00:00+00:00, run_after=2025-05-20 00:00:00+00:00
[2025-05-20T03:06:20.240+0000] {processor.py:208} INFO - Processing /home/airflow/.local/lib/python3.12/site-packages/airflow/example_dags/example_inlet_event_extra.py took 0.489 seconds
[2025-05-20T03:06:50.582+0000] {processor.py:186} INFO - Started process (PID=1662) to work on /home/airflow/.local/lib/python3.12/site-packages/airflow/example_dags/example_inlet_event_extra.py
[2025-05-20T03:06:50.584+0000] {processor.py:914} INFO - Processing file /home/airflow/.local/lib/python3.12/site-packages/airflow/example_dags/example_inlet_event_extra.py for tasks to queue
[2025-05-20T03:06:50.588+0000] {logging_mixin.py:190} INFO - [2025-05-20T03:06:50.587+0000] {dagbag.py:587} INFO - Filling up the DagBag from /home/airflow/.local/lib/python3.12/site-packages/airflow/example_dags/example_inlet_event_extra.py
[2025-05-20T03:06:50.725+0000] {processor.py:925} INFO - DAG(s) 'read_dataset_event_from_classic', 'read_dataset_event' retrieved from /home/airflow/.local/lib/python3.12/site-packages/airflow/example_dags/example_inlet_event_extra.py
[2025-05-20T03:06:50.816+0000] {logging_mixin.py:190} INFO - [2025-05-20T03:06:50.815+0000] {dag.py:3229} INFO - Sync 2 DAGs
[2025-05-20T03:06:50.879+0000] {logging_mixin.py:190} INFO - [2025-05-20T03:06:50.878+0000] {dag.py:4156} INFO - Setting next_dagrun for read_dataset_event to 2025-05-19 00:00:00+00:00, run_after=2025-05-20 00:00:00+00:00
[2025-05-20T03:06:50.896+0000] {logging_mixin.py:190} INFO - [2025-05-20T03:06:50.895+0000] {dag.py:4156} INFO - Setting next_dagrun for read_dataset_event_from_classic to 2025-05-19 00:00:00+00:00, run_after=2025-05-20 00:00:00+00:00
[2025-05-20T03:06:50.935+0000] {processor.py:208} INFO - Processing /home/airflow/.local/lib/python3.12/site-packages/airflow/example_dags/example_inlet_event_extra.py took 0.357 seconds
[2025-05-20T03:07:21.833+0000] {processor.py:186} INFO - Started process (PID=1725) to work on /home/airflow/.local/lib/python3.12/site-packages/airflow/example_dags/example_inlet_event_extra.py
[2025-05-20T03:07:21.834+0000] {processor.py:914} INFO - Processing file /home/airflow/.local/lib/python3.12/site-packages/airflow/example_dags/example_inlet_event_extra.py for tasks to queue
[2025-05-20T03:07:21.842+0000] {logging_mixin.py:190} INFO - [2025-05-20T03:07:21.842+0000] {dagbag.py:587} INFO - Filling up the DagBag from /home/airflow/.local/lib/python3.12/site-packages/airflow/example_dags/example_inlet_event_extra.py
[2025-05-20T03:07:21.964+0000] {processor.py:925} INFO - DAG(s) 'read_dataset_event', 'read_dataset_event_from_classic' retrieved from /home/airflow/.local/lib/python3.12/site-packages/airflow/example_dags/example_inlet_event_extra.py
[2025-05-20T03:07:22.033+0000] {logging_mixin.py:190} INFO - [2025-05-20T03:07:22.033+0000] {dag.py:3229} INFO - Sync 2 DAGs
[2025-05-20T03:07:22.240+0000] {logging_mixin.py:190} INFO - [2025-05-20T03:07:22.239+0000] {dag.py:4156} INFO - Setting next_dagrun for read_dataset_event to 2025-05-19 00:00:00+00:00, run_after=2025-05-20 00:00:00+00:00
[2025-05-20T03:07:22.255+0000] {logging_mixin.py:190} INFO - [2025-05-20T03:07:22.255+0000] {dag.py:4156} INFO - Setting next_dagrun for read_dataset_event_from_classic to 2025-05-19 00:00:00+00:00, run_after=2025-05-20 00:00:00+00:00
[2025-05-20T03:07:22.299+0000] {processor.py:208} INFO - Processing /home/airflow/.local/lib/python3.12/site-packages/airflow/example_dags/example_inlet_event_extra.py took 0.471 seconds
[2025-05-20T03:07:53.480+0000] {processor.py:186} INFO - Started process (PID=1787) to work on /home/airflow/.local/lib/python3.12/site-packages/airflow/example_dags/example_inlet_event_extra.py
[2025-05-20T03:07:53.484+0000] {processor.py:914} INFO - Processing file /home/airflow/.local/lib/python3.12/site-packages/airflow/example_dags/example_inlet_event_extra.py for tasks to queue
[2025-05-20T03:07:53.499+0000] {logging_mixin.py:190} INFO - [2025-05-20T03:07:53.495+0000] {dagbag.py:587} INFO - Filling up the DagBag from /home/airflow/.local/lib/python3.12/site-packages/airflow/example_dags/example_inlet_event_extra.py
[2025-05-20T03:07:53.638+0000] {processor.py:925} INFO - DAG(s) 'read_dataset_event', 'read_dataset_event_from_classic' retrieved from /home/airflow/.local/lib/python3.12/site-packages/airflow/example_dags/example_inlet_event_extra.py
[2025-05-20T03:07:53.683+0000] {logging_mixin.py:190} INFO - [2025-05-20T03:07:53.682+0000] {dag.py:3229} INFO - Sync 2 DAGs
[2025-05-20T03:07:53.759+0000] {logging_mixin.py:190} INFO - [2025-05-20T03:07:53.759+0000] {dag.py:4156} INFO - Setting next_dagrun for read_dataset_event to 2025-05-19 00:00:00+00:00, run_after=2025-05-20 00:00:00+00:00
[2025-05-20T03:07:53.778+0000] {logging_mixin.py:190} INFO - [2025-05-20T03:07:53.778+0000] {dag.py:4156} INFO - Setting next_dagrun for read_dataset_event_from_classic to 2025-05-19 00:00:00+00:00, run_after=2025-05-20 00:00:00+00:00
[2025-05-20T03:07:54.002+0000] {processor.py:208} INFO - Processing /home/airflow/.local/lib/python3.12/site-packages/airflow/example_dags/example_inlet_event_extra.py took 0.534 seconds
[2025-05-20T03:08:24.584+0000] {processor.py:186} INFO - Started process (PID=1850) to work on /home/airflow/.local/lib/python3.12/site-packages/airflow/example_dags/example_inlet_event_extra.py
[2025-05-20T03:08:24.589+0000] {processor.py:914} INFO - Processing file /home/airflow/.local/lib/python3.12/site-packages/airflow/example_dags/example_inlet_event_extra.py for tasks to queue
[2025-05-20T03:08:24.596+0000] {logging_mixin.py:190} INFO - [2025-05-20T03:08:24.596+0000] {dagbag.py:587} INFO - Filling up the DagBag from /home/airflow/.local/lib/python3.12/site-packages/airflow/example_dags/example_inlet_event_extra.py
[2025-05-20T03:08:24.771+0000] {processor.py:925} INFO - DAG(s) 'read_dataset_event', 'read_dataset_event_from_classic' retrieved from /home/airflow/.local/lib/python3.12/site-packages/airflow/example_dags/example_inlet_event_extra.py
[2025-05-20T03:08:24.805+0000] {logging_mixin.py:190} INFO - [2025-05-20T03:08:24.805+0000] {dag.py:3229} INFO - Sync 2 DAGs
[2025-05-20T03:08:24.842+0000] {logging_mixin.py:190} INFO - [2025-05-20T03:08:24.842+0000] {dag.py:4156} INFO - Setting next_dagrun for read_dataset_event to 2025-05-19 00:00:00+00:00, run_after=2025-05-20 00:00:00+00:00
[2025-05-20T03:08:24.851+0000] {logging_mixin.py:190} INFO - [2025-05-20T03:08:24.850+0000] {dag.py:4156} INFO - Setting next_dagrun for read_dataset_event_from_classic to 2025-05-19 00:00:00+00:00, run_after=2025-05-20 00:00:00+00:00
[2025-05-20T03:08:24.934+0000] {processor.py:208} INFO - Processing /home/airflow/.local/lib/python3.12/site-packages/airflow/example_dags/example_inlet_event_extra.py took 0.359 seconds
[2025-05-20T03:08:55.786+0000] {processor.py:186} INFO - Started process (PID=1912) to work on /home/airflow/.local/lib/python3.12/site-packages/airflow/example_dags/example_inlet_event_extra.py
[2025-05-20T03:08:55.787+0000] {processor.py:914} INFO - Processing file /home/airflow/.local/lib/python3.12/site-packages/airflow/example_dags/example_inlet_event_extra.py for tasks to queue
[2025-05-20T03:08:55.795+0000] {logging_mixin.py:190} INFO - [2025-05-20T03:08:55.794+0000] {dagbag.py:587} INFO - Filling up the DagBag from /home/airflow/.local/lib/python3.12/site-packages/airflow/example_dags/example_inlet_event_extra.py
[2025-05-20T03:08:55.922+0000] {processor.py:925} INFO - DAG(s) 'read_dataset_event_from_classic', 'read_dataset_event' retrieved from /home/airflow/.local/lib/python3.12/site-packages/airflow/example_dags/example_inlet_event_extra.py
[2025-05-20T03:08:55.983+0000] {logging_mixin.py:190} INFO - [2025-05-20T03:08:55.982+0000] {dag.py:3229} INFO - Sync 2 DAGs
[2025-05-20T03:08:56.014+0000] {logging_mixin.py:190} INFO - [2025-05-20T03:08:56.014+0000] {dag.py:4156} INFO - Setting next_dagrun for read_dataset_event to 2025-05-19 00:00:00+00:00, run_after=2025-05-20 00:00:00+00:00
[2025-05-20T03:08:56.024+0000] {logging_mixin.py:190} INFO - [2025-05-20T03:08:56.023+0000] {dag.py:4156} INFO - Setting next_dagrun for read_dataset_event_from_classic to 2025-05-19 00:00:00+00:00, run_after=2025-05-20 00:00:00+00:00
[2025-05-20T03:08:56.071+0000] {processor.py:208} INFO - Processing /home/airflow/.local/lib/python3.12/site-packages/airflow/example_dags/example_inlet_event_extra.py took 0.289 seconds
[2025-05-20T03:09:26.748+0000] {processor.py:186} INFO - Started process (PID=1983) to work on /home/airflow/.local/lib/python3.12/site-packages/airflow/example_dags/example_inlet_event_extra.py
[2025-05-20T03:09:26.752+0000] {processor.py:914} INFO - Processing file /home/airflow/.local/lib/python3.12/site-packages/airflow/example_dags/example_inlet_event_extra.py for tasks to queue
[2025-05-20T03:09:26.764+0000] {logging_mixin.py:190} INFO - [2025-05-20T03:09:26.763+0000] {dagbag.py:587} INFO - Filling up the DagBag from /home/airflow/.local/lib/python3.12/site-packages/airflow/example_dags/example_inlet_event_extra.py
[2025-05-20T03:09:26.917+0000] {processor.py:925} INFO - DAG(s) 'read_dataset_event', 'read_dataset_event_from_classic' retrieved from /home/airflow/.local/lib/python3.12/site-packages/airflow/example_dags/example_inlet_event_extra.py
[2025-05-20T03:09:26.954+0000] {logging_mixin.py:190} INFO - [2025-05-20T03:09:26.951+0000] {dag.py:3229} INFO - Sync 2 DAGs
[2025-05-20T03:09:27.254+0000] {logging_mixin.py:190} INFO - [2025-05-20T03:09:27.254+0000] {dag.py:4156} INFO - Setting next_dagrun for read_dataset_event to 2025-05-19 00:00:00+00:00, run_after=2025-05-20 00:00:00+00:00
[2025-05-20T03:09:27.279+0000] {logging_mixin.py:190} INFO - [2025-05-20T03:09:27.277+0000] {dag.py:4156} INFO - Setting next_dagrun for read_dataset_event_from_classic to 2025-05-19 00:00:00+00:00, run_after=2025-05-20 00:00:00+00:00
[2025-05-20T03:09:27.358+0000] {processor.py:208} INFO - Processing /home/airflow/.local/lib/python3.12/site-packages/airflow/example_dags/example_inlet_event_extra.py took 0.616 seconds
[2025-05-20T03:09:58.228+0000] {processor.py:186} INFO - Started process (PID=2046) to work on /home/airflow/.local/lib/python3.12/site-packages/airflow/example_dags/example_inlet_event_extra.py
[2025-05-20T03:09:58.231+0000] {processor.py:914} INFO - Processing file /home/airflow/.local/lib/python3.12/site-packages/airflow/example_dags/example_inlet_event_extra.py for tasks to queue
[2025-05-20T03:09:58.235+0000] {logging_mixin.py:190} INFO - [2025-05-20T03:09:58.234+0000] {dagbag.py:587} INFO - Filling up the DagBag from /home/airflow/.local/lib/python3.12/site-packages/airflow/example_dags/example_inlet_event_extra.py
[2025-05-20T03:09:58.351+0000] {processor.py:925} INFO - DAG(s) 'read_dataset_event', 'read_dataset_event_from_classic' retrieved from /home/airflow/.local/lib/python3.12/site-packages/airflow/example_dags/example_inlet_event_extra.py
[2025-05-20T03:09:58.374+0000] {logging_mixin.py:190} INFO - [2025-05-20T03:09:58.374+0000] {dag.py:3229} INFO - Sync 2 DAGs
[2025-05-20T03:09:58.421+0000] {logging_mixin.py:190} INFO - [2025-05-20T03:09:58.421+0000] {dag.py:4156} INFO - Setting next_dagrun for read_dataset_event to 2025-05-19 00:00:00+00:00, run_after=2025-05-20 00:00:00+00:00
[2025-05-20T03:09:58.574+0000] {logging_mixin.py:190} INFO - [2025-05-20T03:09:58.573+0000] {dag.py:4156} INFO - Setting next_dagrun for read_dataset_event_from_classic to 2025-05-19 00:00:00+00:00, run_after=2025-05-20 00:00:00+00:00
[2025-05-20T03:09:58.621+0000] {processor.py:208} INFO - Processing /home/airflow/.local/lib/python3.12/site-packages/airflow/example_dags/example_inlet_event_extra.py took 0.396 seconds
[2025-05-20T03:10:29.733+0000] {processor.py:186} INFO - Started process (PID=2109) to work on /home/airflow/.local/lib/python3.12/site-packages/airflow/example_dags/example_inlet_event_extra.py
[2025-05-20T03:10:29.737+0000] {processor.py:914} INFO - Processing file /home/airflow/.local/lib/python3.12/site-packages/airflow/example_dags/example_inlet_event_extra.py for tasks to queue
[2025-05-20T03:10:29.753+0000] {logging_mixin.py:190} INFO - [2025-05-20T03:10:29.745+0000] {dagbag.py:587} INFO - Filling up the DagBag from /home/airflow/.local/lib/python3.12/site-packages/airflow/example_dags/example_inlet_event_extra.py
[2025-05-20T03:10:29.927+0000] {processor.py:925} INFO - DAG(s) 'read_dataset_event_from_classic', 'read_dataset_event' retrieved from /home/airflow/.local/lib/python3.12/site-packages/airflow/example_dags/example_inlet_event_extra.py
[2025-05-20T03:10:29.965+0000] {logging_mixin.py:190} INFO - [2025-05-20T03:10:29.965+0000] {dag.py:3229} INFO - Sync 2 DAGs
[2025-05-20T03:10:30.010+0000] {logging_mixin.py:190} INFO - [2025-05-20T03:10:30.010+0000] {dag.py:4156} INFO - Setting next_dagrun for read_dataset_event to 2025-05-19 00:00:00+00:00, run_after=2025-05-20 00:00:00+00:00
[2025-05-20T03:10:30.019+0000] {logging_mixin.py:190} INFO - [2025-05-20T03:10:30.019+0000] {dag.py:4156} INFO - Setting next_dagrun for read_dataset_event_from_classic to 2025-05-19 00:00:00+00:00, run_after=2025-05-20 00:00:00+00:00
[2025-05-20T03:10:30.070+0000] {processor.py:208} INFO - Processing /home/airflow/.local/lib/python3.12/site-packages/airflow/example_dags/example_inlet_event_extra.py took 0.342 seconds
[2025-05-20T03:11:01.154+0000] {processor.py:186} INFO - Started process (PID=2171) to work on /home/airflow/.local/lib/python3.12/site-packages/airflow/example_dags/example_inlet_event_extra.py
[2025-05-20T03:11:01.158+0000] {processor.py:914} INFO - Processing file /home/airflow/.local/lib/python3.12/site-packages/airflow/example_dags/example_inlet_event_extra.py for tasks to queue
[2025-05-20T03:11:01.180+0000] {logging_mixin.py:190} INFO - [2025-05-20T03:11:01.180+0000] {dagbag.py:587} INFO - Filling up the DagBag from /home/airflow/.local/lib/python3.12/site-packages/airflow/example_dags/example_inlet_event_extra.py
[2025-05-20T03:11:01.522+0000] {processor.py:925} INFO - DAG(s) 'read_dataset_event', 'read_dataset_event_from_classic' retrieved from /home/airflow/.local/lib/python3.12/site-packages/airflow/example_dags/example_inlet_event_extra.py
[2025-05-20T03:11:01.571+0000] {logging_mixin.py:190} INFO - [2025-05-20T03:11:01.570+0000] {dag.py:3229} INFO - Sync 2 DAGs
[2025-05-20T03:11:01.644+0000] {logging_mixin.py:190} INFO - [2025-05-20T03:11:01.643+0000] {dag.py:4156} INFO - Setting next_dagrun for read_dataset_event to 2025-05-19 00:00:00+00:00, run_after=2025-05-20 00:00:00+00:00
[2025-05-20T03:11:01.657+0000] {logging_mixin.py:190} INFO - [2025-05-20T03:11:01.654+0000] {dag.py:4156} INFO - Setting next_dagrun for read_dataset_event_from_classic to 2025-05-19 00:00:00+00:00, run_after=2025-05-20 00:00:00+00:00
[2025-05-20T03:11:01.681+0000] {processor.py:208} INFO - Processing /home/airflow/.local/lib/python3.12/site-packages/airflow/example_dags/example_inlet_event_extra.py took 0.532 seconds
[2025-05-20T03:11:32.920+0000] {processor.py:186} INFO - Started process (PID=2236) to work on /home/airflow/.local/lib/python3.12/site-packages/airflow/example_dags/example_inlet_event_extra.py
[2025-05-20T03:11:32.921+0000] {processor.py:914} INFO - Processing file /home/airflow/.local/lib/python3.12/site-packages/airflow/example_dags/example_inlet_event_extra.py for tasks to queue
[2025-05-20T03:11:32.929+0000] {logging_mixin.py:190} INFO - [2025-05-20T03:11:32.928+0000] {dagbag.py:587} INFO - Filling up the DagBag from /home/airflow/.local/lib/python3.12/site-packages/airflow/example_dags/example_inlet_event_extra.py
[2025-05-20T03:11:33.344+0000] {processor.py:925} INFO - DAG(s) 'read_dataset_event_from_classic', 'read_dataset_event' retrieved from /home/airflow/.local/lib/python3.12/site-packages/airflow/example_dags/example_inlet_event_extra.py
[2025-05-20T03:11:33.396+0000] {logging_mixin.py:190} INFO - [2025-05-20T03:11:33.395+0000] {dag.py:3229} INFO - Sync 2 DAGs
[2025-05-20T03:11:33.441+0000] {logging_mixin.py:190} INFO - [2025-05-20T03:11:33.441+0000] {dag.py:4156} INFO - Setting next_dagrun for read_dataset_event to 2025-05-19 00:00:00+00:00, run_after=2025-05-20 00:00:00+00:00
[2025-05-20T03:11:33.451+0000] {logging_mixin.py:190} INFO - [2025-05-20T03:11:33.451+0000] {dag.py:4156} INFO - Setting next_dagrun for read_dataset_event_from_classic to 2025-05-19 00:00:00+00:00, run_after=2025-05-20 00:00:00+00:00
[2025-05-20T03:11:33.492+0000] {processor.py:208} INFO - Processing /home/airflow/.local/lib/python3.12/site-packages/airflow/example_dags/example_inlet_event_extra.py took 0.580 seconds
[2025-05-20T03:12:04.273+0000] {processor.py:186} INFO - Started process (PID=2299) to work on /home/airflow/.local/lib/python3.12/site-packages/airflow/example_dags/example_inlet_event_extra.py
[2025-05-20T03:12:04.275+0000] {processor.py:914} INFO - Processing file /home/airflow/.local/lib/python3.12/site-packages/airflow/example_dags/example_inlet_event_extra.py for tasks to queue
[2025-05-20T03:12:04.281+0000] {logging_mixin.py:190} INFO - [2025-05-20T03:12:04.280+0000] {dagbag.py:587} INFO - Filling up the DagBag from /home/airflow/.local/lib/python3.12/site-packages/airflow/example_dags/example_inlet_event_extra.py
[2025-05-20T03:12:04.477+0000] {processor.py:925} INFO - DAG(s) 'read_dataset_event', 'read_dataset_event_from_classic' retrieved from /home/airflow/.local/lib/python3.12/site-packages/airflow/example_dags/example_inlet_event_extra.py
[2025-05-20T03:12:04.738+0000] {logging_mixin.py:190} INFO - [2025-05-20T03:12:04.736+0000] {dag.py:3229} INFO - Sync 2 DAGs
[2025-05-20T03:12:04.777+0000] {logging_mixin.py:190} INFO - [2025-05-20T03:12:04.777+0000] {dag.py:4156} INFO - Setting next_dagrun for read_dataset_event to 2025-05-19 00:00:00+00:00, run_after=2025-05-20 00:00:00+00:00
[2025-05-20T03:12:04.793+0000] {logging_mixin.py:190} INFO - [2025-05-20T03:12:04.793+0000] {dag.py:4156} INFO - Setting next_dagrun for read_dataset_event_from_classic to 2025-05-19 00:00:00+00:00, run_after=2025-05-20 00:00:00+00:00
[2025-05-20T03:12:04.830+0000] {processor.py:208} INFO - Processing /home/airflow/.local/lib/python3.12/site-packages/airflow/example_dags/example_inlet_event_extra.py took 0.561 seconds
[2025-05-20T03:12:35.608+0000] {processor.py:186} INFO - Started process (PID=2361) to work on /home/airflow/.local/lib/python3.12/site-packages/airflow/example_dags/example_inlet_event_extra.py
[2025-05-20T03:12:35.609+0000] {processor.py:914} INFO - Processing file /home/airflow/.local/lib/python3.12/site-packages/airflow/example_dags/example_inlet_event_extra.py for tasks to queue
[2025-05-20T03:12:35.620+0000] {logging_mixin.py:190} INFO - [2025-05-20T03:12:35.620+0000] {dagbag.py:587} INFO - Filling up the DagBag from /home/airflow/.local/lib/python3.12/site-packages/airflow/example_dags/example_inlet_event_extra.py
[2025-05-20T03:12:35.833+0000] {processor.py:925} INFO - DAG(s) 'read_dataset_event_from_classic', 'read_dataset_event' retrieved from /home/airflow/.local/lib/python3.12/site-packages/airflow/example_dags/example_inlet_event_extra.py
[2025-05-20T03:12:35.899+0000] {logging_mixin.py:190} INFO - [2025-05-20T03:12:35.899+0000] {dag.py:3229} INFO - Sync 2 DAGs
[2025-05-20T03:12:36.072+0000] {logging_mixin.py:190} INFO - [2025-05-20T03:12:36.072+0000] {dag.py:4156} INFO - Setting next_dagrun for read_dataset_event to 2025-05-19 00:00:00+00:00, run_after=2025-05-20 00:00:00+00:00
[2025-05-20T03:12:36.087+0000] {logging_mixin.py:190} INFO - [2025-05-20T03:12:36.087+0000] {dag.py:4156} INFO - Setting next_dagrun for read_dataset_event_from_classic to 2025-05-19 00:00:00+00:00, run_after=2025-05-20 00:00:00+00:00
[2025-05-20T03:12:36.134+0000] {processor.py:208} INFO - Processing /home/airflow/.local/lib/python3.12/site-packages/airflow/example_dags/example_inlet_event_extra.py took 0.529 seconds
[2025-05-20T03:13:07.309+0000] {processor.py:186} INFO - Started process (PID=2423) to work on /home/airflow/.local/lib/python3.12/site-packages/airflow/example_dags/example_inlet_event_extra.py
[2025-05-20T03:13:07.310+0000] {processor.py:914} INFO - Processing file /home/airflow/.local/lib/python3.12/site-packages/airflow/example_dags/example_inlet_event_extra.py for tasks to queue
[2025-05-20T03:13:07.312+0000] {logging_mixin.py:190} INFO - [2025-05-20T03:13:07.312+0000] {dagbag.py:587} INFO - Filling up the DagBag from /home/airflow/.local/lib/python3.12/site-packages/airflow/example_dags/example_inlet_event_extra.py
[2025-05-20T03:13:07.657+0000] {processor.py:925} INFO - DAG(s) 'read_dataset_event_from_classic', 'read_dataset_event' retrieved from /home/airflow/.local/lib/python3.12/site-packages/airflow/example_dags/example_inlet_event_extra.py
[2025-05-20T03:13:07.731+0000] {logging_mixin.py:190} INFO - [2025-05-20T03:13:07.731+0000] {dag.py:3229} INFO - Sync 2 DAGs
[2025-05-20T03:13:07.801+0000] {logging_mixin.py:190} INFO - [2025-05-20T03:13:07.798+0000] {dag.py:4156} INFO - Setting next_dagrun for read_dataset_event to 2025-05-19 00:00:00+00:00, run_after=2025-05-20 00:00:00+00:00
[2025-05-20T03:13:07.836+0000] {logging_mixin.py:190} INFO - [2025-05-20T03:13:07.832+0000] {dag.py:4156} INFO - Setting next_dagrun for read_dataset_event_from_classic to 2025-05-19 00:00:00+00:00, run_after=2025-05-20 00:00:00+00:00
[2025-05-20T03:13:07.871+0000] {processor.py:208} INFO - Processing /home/airflow/.local/lib/python3.12/site-packages/airflow/example_dags/example_inlet_event_extra.py took 0.568 seconds
[2025-05-20T03:13:38.191+0000] {processor.py:186} INFO - Started process (PID=2486) to work on /home/airflow/.local/lib/python3.12/site-packages/airflow/example_dags/example_inlet_event_extra.py
[2025-05-20T03:13:38.192+0000] {processor.py:914} INFO - Processing file /home/airflow/.local/lib/python3.12/site-packages/airflow/example_dags/example_inlet_event_extra.py for tasks to queue
[2025-05-20T03:13:38.196+0000] {logging_mixin.py:190} INFO - [2025-05-20T03:13:38.196+0000] {dagbag.py:587} INFO - Filling up the DagBag from /home/airflow/.local/lib/python3.12/site-packages/airflow/example_dags/example_inlet_event_extra.py
[2025-05-20T03:13:38.592+0000] {processor.py:925} INFO - DAG(s) 'read_dataset_event_from_classic', 'read_dataset_event' retrieved from /home/airflow/.local/lib/python3.12/site-packages/airflow/example_dags/example_inlet_event_extra.py
[2025-05-20T03:13:38.657+0000] {logging_mixin.py:190} INFO - [2025-05-20T03:13:38.654+0000] {dag.py:3229} INFO - Sync 2 DAGs
[2025-05-20T03:13:38.728+0000] {logging_mixin.py:190} INFO - [2025-05-20T03:13:38.728+0000] {dag.py:4156} INFO - Setting next_dagrun for read_dataset_event to 2025-05-19 00:00:00+00:00, run_after=2025-05-20 00:00:00+00:00
[2025-05-20T03:13:38.744+0000] {logging_mixin.py:190} INFO - [2025-05-20T03:13:38.744+0000] {dag.py:4156} INFO - Setting next_dagrun for read_dataset_event_from_classic to 2025-05-19 00:00:00+00:00, run_after=2025-05-20 00:00:00+00:00
[2025-05-20T03:13:38.818+0000] {processor.py:208} INFO - Processing /home/airflow/.local/lib/python3.12/site-packages/airflow/example_dags/example_inlet_event_extra.py took 0.638 seconds
[2025-05-20T03:14:09.826+0000] {processor.py:186} INFO - Started process (PID=2549) to work on /home/airflow/.local/lib/python3.12/site-packages/airflow/example_dags/example_inlet_event_extra.py
[2025-05-20T03:14:09.828+0000] {processor.py:914} INFO - Processing file /home/airflow/.local/lib/python3.12/site-packages/airflow/example_dags/example_inlet_event_extra.py for tasks to queue
[2025-05-20T03:14:09.836+0000] {logging_mixin.py:190} INFO - [2025-05-20T03:14:09.835+0000] {dagbag.py:587} INFO - Filling up the DagBag from /home/airflow/.local/lib/python3.12/site-packages/airflow/example_dags/example_inlet_event_extra.py
[2025-05-20T03:14:10.428+0000] {processor.py:925} INFO - DAG(s) 'read_dataset_event_from_classic', 'read_dataset_event' retrieved from /home/airflow/.local/lib/python3.12/site-packages/airflow/example_dags/example_inlet_event_extra.py
[2025-05-20T03:14:10.445+0000] {logging_mixin.py:190} INFO - [2025-05-20T03:14:10.445+0000] {dag.py:3229} INFO - Sync 2 DAGs
[2025-05-20T03:14:10.466+0000] {logging_mixin.py:190} INFO - [2025-05-20T03:14:10.466+0000] {dag.py:4156} INFO - Setting next_dagrun for read_dataset_event to 2025-05-19 00:00:00+00:00, run_after=2025-05-20 00:00:00+00:00
[2025-05-20T03:14:10.495+0000] {logging_mixin.py:190} INFO - [2025-05-20T03:14:10.495+0000] {dag.py:4156} INFO - Setting next_dagrun for read_dataset_event_from_classic to 2025-05-19 00:00:00+00:00, run_after=2025-05-20 00:00:00+00:00
[2025-05-20T03:14:10.572+0000] {processor.py:208} INFO - Processing /home/airflow/.local/lib/python3.12/site-packages/airflow/example_dags/example_inlet_event_extra.py took 0.749 seconds
[2025-05-20T03:14:41.133+0000] {processor.py:186} INFO - Started process (PID=2612) to work on /home/airflow/.local/lib/python3.12/site-packages/airflow/example_dags/example_inlet_event_extra.py
[2025-05-20T03:14:41.135+0000] {processor.py:914} INFO - Processing file /home/airflow/.local/lib/python3.12/site-packages/airflow/example_dags/example_inlet_event_extra.py for tasks to queue
[2025-05-20T03:14:41.139+0000] {logging_mixin.py:190} INFO - [2025-05-20T03:14:41.139+0000] {dagbag.py:587} INFO - Filling up the DagBag from /home/airflow/.local/lib/python3.12/site-packages/airflow/example_dags/example_inlet_event_extra.py
[2025-05-20T03:14:41.529+0000] {processor.py:925} INFO - DAG(s) 'read_dataset_event', 'read_dataset_event_from_classic' retrieved from /home/airflow/.local/lib/python3.12/site-packages/airflow/example_dags/example_inlet_event_extra.py
[2025-05-20T03:14:41.552+0000] {logging_mixin.py:190} INFO - [2025-05-20T03:14:41.552+0000] {dag.py:3229} INFO - Sync 2 DAGs
[2025-05-20T03:14:41.617+0000] {logging_mixin.py:190} INFO - [2025-05-20T03:14:41.616+0000] {dag.py:4156} INFO - Setting next_dagrun for read_dataset_event to 2025-05-19 00:00:00+00:00, run_after=2025-05-20 00:00:00+00:00
[2025-05-20T03:14:41.637+0000] {logging_mixin.py:190} INFO - [2025-05-20T03:14:41.637+0000] {dag.py:4156} INFO - Setting next_dagrun for read_dataset_event_from_classic to 2025-05-19 00:00:00+00:00, run_after=2025-05-20 00:00:00+00:00
[2025-05-20T03:14:41.692+0000] {processor.py:208} INFO - Processing /home/airflow/.local/lib/python3.12/site-packages/airflow/example_dags/example_inlet_event_extra.py took 0.569 seconds
[2025-05-20T03:15:12.884+0000] {processor.py:186} INFO - Started process (PID=2675) to work on /home/airflow/.local/lib/python3.12/site-packages/airflow/example_dags/example_inlet_event_extra.py
[2025-05-20T03:15:12.888+0000] {processor.py:914} INFO - Processing file /home/airflow/.local/lib/python3.12/site-packages/airflow/example_dags/example_inlet_event_extra.py for tasks to queue
[2025-05-20T03:15:12.900+0000] {logging_mixin.py:190} INFO - [2025-05-20T03:15:12.898+0000] {dagbag.py:587} INFO - Filling up the DagBag from /home/airflow/.local/lib/python3.12/site-packages/airflow/example_dags/example_inlet_event_extra.py
[2025-05-20T03:15:13.457+0000] {processor.py:925} INFO - DAG(s) 'read_dataset_event', 'read_dataset_event_from_classic' retrieved from /home/airflow/.local/lib/python3.12/site-packages/airflow/example_dags/example_inlet_event_extra.py
[2025-05-20T03:15:13.514+0000] {logging_mixin.py:190} INFO - [2025-05-20T03:15:13.513+0000] {dag.py:3229} INFO - Sync 2 DAGs
[2025-05-20T03:15:13.551+0000] {logging_mixin.py:190} INFO - [2025-05-20T03:15:13.551+0000] {dag.py:4156} INFO - Setting next_dagrun for read_dataset_event to 2025-05-19 00:00:00+00:00, run_after=2025-05-20 00:00:00+00:00
[2025-05-20T03:15:13.566+0000] {logging_mixin.py:190} INFO - [2025-05-20T03:15:13.566+0000] {dag.py:4156} INFO - Setting next_dagrun for read_dataset_event_from_classic to 2025-05-19 00:00:00+00:00, run_after=2025-05-20 00:00:00+00:00
[2025-05-20T03:15:13.621+0000] {processor.py:208} INFO - Processing /home/airflow/.local/lib/python3.12/site-packages/airflow/example_dags/example_inlet_event_extra.py took 0.741 seconds
[2025-05-20T03:15:43.988+0000] {processor.py:186} INFO - Started process (PID=2738) to work on /home/airflow/.local/lib/python3.12/site-packages/airflow/example_dags/example_inlet_event_extra.py
[2025-05-20T03:15:43.992+0000] {processor.py:914} INFO - Processing file /home/airflow/.local/lib/python3.12/site-packages/airflow/example_dags/example_inlet_event_extra.py for tasks to queue
[2025-05-20T03:15:44.002+0000] {logging_mixin.py:190} INFO - [2025-05-20T03:15:44.000+0000] {dagbag.py:587} INFO - Filling up the DagBag from /home/airflow/.local/lib/python3.12/site-packages/airflow/example_dags/example_inlet_event_extra.py
[2025-05-20T03:15:44.297+0000] {processor.py:925} INFO - DAG(s) 'read_dataset_event_from_classic', 'read_dataset_event' retrieved from /home/airflow/.local/lib/python3.12/site-packages/airflow/example_dags/example_inlet_event_extra.py
[2025-05-20T03:15:44.347+0000] {logging_mixin.py:190} INFO - [2025-05-20T03:15:44.347+0000] {dag.py:3229} INFO - Sync 2 DAGs
[2025-05-20T03:15:44.383+0000] {logging_mixin.py:190} INFO - [2025-05-20T03:15:44.383+0000] {dag.py:4156} INFO - Setting next_dagrun for read_dataset_event to 2025-05-19 00:00:00+00:00, run_after=2025-05-20 00:00:00+00:00
[2025-05-20T03:15:44.393+0000] {logging_mixin.py:190} INFO - [2025-05-20T03:15:44.393+0000] {dag.py:4156} INFO - Setting next_dagrun for read_dataset_event_from_classic to 2025-05-19 00:00:00+00:00, run_after=2025-05-20 00:00:00+00:00
[2025-05-20T03:15:44.437+0000] {processor.py:208} INFO - Processing /home/airflow/.local/lib/python3.12/site-packages/airflow/example_dags/example_inlet_event_extra.py took 0.453 seconds
[2025-05-20T03:16:15.640+0000] {processor.py:186} INFO - Started process (PID=2801) to work on /home/airflow/.local/lib/python3.12/site-packages/airflow/example_dags/example_inlet_event_extra.py
[2025-05-20T03:16:15.642+0000] {processor.py:914} INFO - Processing file /home/airflow/.local/lib/python3.12/site-packages/airflow/example_dags/example_inlet_event_extra.py for tasks to queue
[2025-05-20T03:16:15.649+0000] {logging_mixin.py:190} INFO - [2025-05-20T03:16:15.648+0000] {dagbag.py:587} INFO - Filling up the DagBag from /home/airflow/.local/lib/python3.12/site-packages/airflow/example_dags/example_inlet_event_extra.py
[2025-05-20T03:16:15.993+0000] {processor.py:925} INFO - DAG(s) 'read_dataset_event', 'read_dataset_event_from_classic' retrieved from /home/airflow/.local/lib/python3.12/site-packages/airflow/example_dags/example_inlet_event_extra.py
[2025-05-20T03:16:16.070+0000] {logging_mixin.py:190} INFO - [2025-05-20T03:16:16.069+0000] {dag.py:3229} INFO - Sync 2 DAGs
[2025-05-20T03:16:16.111+0000] {logging_mixin.py:190} INFO - [2025-05-20T03:16:16.111+0000] {dag.py:4156} INFO - Setting next_dagrun for read_dataset_event to 2025-05-19 00:00:00+00:00, run_after=2025-05-20 00:00:00+00:00
[2025-05-20T03:16:16.122+0000] {logging_mixin.py:190} INFO - [2025-05-20T03:16:16.122+0000] {dag.py:4156} INFO - Setting next_dagrun for read_dataset_event_from_classic to 2025-05-19 00:00:00+00:00, run_after=2025-05-20 00:00:00+00:00
[2025-05-20T03:16:16.166+0000] {processor.py:208} INFO - Processing /home/airflow/.local/lib/python3.12/site-packages/airflow/example_dags/example_inlet_event_extra.py took 0.530 seconds
[2025-05-20T03:16:47.466+0000] {processor.py:186} INFO - Started process (PID=2864) to work on /home/airflow/.local/lib/python3.12/site-packages/airflow/example_dags/example_inlet_event_extra.py
[2025-05-20T03:16:47.469+0000] {processor.py:914} INFO - Processing file /home/airflow/.local/lib/python3.12/site-packages/airflow/example_dags/example_inlet_event_extra.py for tasks to queue
[2025-05-20T03:16:47.480+0000] {logging_mixin.py:190} INFO - [2025-05-20T03:16:47.480+0000] {dagbag.py:587} INFO - Filling up the DagBag from /home/airflow/.local/lib/python3.12/site-packages/airflow/example_dags/example_inlet_event_extra.py
[2025-05-20T03:16:47.900+0000] {processor.py:925} INFO - DAG(s) 'read_dataset_event_from_classic', 'read_dataset_event' retrieved from /home/airflow/.local/lib/python3.12/site-packages/airflow/example_dags/example_inlet_event_extra.py
[2025-05-20T03:16:47.973+0000] {logging_mixin.py:190} INFO - [2025-05-20T03:16:47.972+0000] {dag.py:3229} INFO - Sync 2 DAGs
[2025-05-20T03:16:48.012+0000] {logging_mixin.py:190} INFO - [2025-05-20T03:16:48.011+0000] {dag.py:4156} INFO - Setting next_dagrun for read_dataset_event to 2025-05-19 00:00:00+00:00, run_after=2025-05-20 00:00:00+00:00
[2025-05-20T03:16:48.022+0000] {logging_mixin.py:190} INFO - [2025-05-20T03:16:48.022+0000] {dag.py:4156} INFO - Setting next_dagrun for read_dataset_event_from_classic to 2025-05-19 00:00:00+00:00, run_after=2025-05-20 00:00:00+00:00
[2025-05-20T03:16:48.053+0000] {processor.py:208} INFO - Processing /home/airflow/.local/lib/python3.12/site-packages/airflow/example_dags/example_inlet_event_extra.py took 0.591 seconds
[2025-05-20T03:17:18.451+0000] {processor.py:186} INFO - Started process (PID=2927) to work on /home/airflow/.local/lib/python3.12/site-packages/airflow/example_dags/example_inlet_event_extra.py
[2025-05-20T03:17:18.452+0000] {processor.py:914} INFO - Processing file /home/airflow/.local/lib/python3.12/site-packages/airflow/example_dags/example_inlet_event_extra.py for tasks to queue
[2025-05-20T03:17:18.458+0000] {logging_mixin.py:190} INFO - [2025-05-20T03:17:18.458+0000] {dagbag.py:587} INFO - Filling up the DagBag from /home/airflow/.local/lib/python3.12/site-packages/airflow/example_dags/example_inlet_event_extra.py
[2025-05-20T03:17:19.394+0000] {processor.py:925} INFO - DAG(s) 'read_dataset_event_from_classic', 'read_dataset_event' retrieved from /home/airflow/.local/lib/python3.12/site-packages/airflow/example_dags/example_inlet_event_extra.py
[2025-05-20T03:17:19.454+0000] {logging_mixin.py:190} INFO - [2025-05-20T03:17:19.454+0000] {dag.py:3229} INFO - Sync 2 DAGs
[2025-05-20T03:17:19.486+0000] {logging_mixin.py:190} INFO - [2025-05-20T03:17:19.486+0000] {dag.py:4156} INFO - Setting next_dagrun for read_dataset_event to 2025-05-19 00:00:00+00:00, run_after=2025-05-20 00:00:00+00:00
[2025-05-20T03:17:19.518+0000] {logging_mixin.py:190} INFO - [2025-05-20T03:17:19.517+0000] {dag.py:4156} INFO - Setting next_dagrun for read_dataset_event_from_classic to 2025-05-19 00:00:00+00:00, run_after=2025-05-20 00:00:00+00:00
[2025-05-20T03:17:19.586+0000] {processor.py:208} INFO - Processing /home/airflow/.local/lib/python3.12/site-packages/airflow/example_dags/example_inlet_event_extra.py took 1.139 seconds
[2025-05-20T03:17:49.713+0000] {processor.py:186} INFO - Started process (PID=2990) to work on /home/airflow/.local/lib/python3.12/site-packages/airflow/example_dags/example_inlet_event_extra.py
[2025-05-20T03:17:49.716+0000] {processor.py:914} INFO - Processing file /home/airflow/.local/lib/python3.12/site-packages/airflow/example_dags/example_inlet_event_extra.py for tasks to queue
[2025-05-20T03:17:49.725+0000] {logging_mixin.py:190} INFO - [2025-05-20T03:17:49.725+0000] {dagbag.py:587} INFO - Filling up the DagBag from /home/airflow/.local/lib/python3.12/site-packages/airflow/example_dags/example_inlet_event_extra.py
[2025-05-20T03:17:49.970+0000] {processor.py:925} INFO - DAG(s) 'read_dataset_event', 'read_dataset_event_from_classic' retrieved from /home/airflow/.local/lib/python3.12/site-packages/airflow/example_dags/example_inlet_event_extra.py
[2025-05-20T03:17:50.039+0000] {logging_mixin.py:190} INFO - [2025-05-20T03:17:50.039+0000] {dag.py:3229} INFO - Sync 2 DAGs
[2025-05-20T03:17:50.070+0000] {logging_mixin.py:190} INFO - [2025-05-20T03:17:50.069+0000] {dag.py:4156} INFO - Setting next_dagrun for read_dataset_event to 2025-05-19 00:00:00+00:00, run_after=2025-05-20 00:00:00+00:00
[2025-05-20T03:17:50.082+0000] {logging_mixin.py:190} INFO - [2025-05-20T03:17:50.082+0000] {dag.py:4156} INFO - Setting next_dagrun for read_dataset_event_from_classic to 2025-05-19 00:00:00+00:00, run_after=2025-05-20 00:00:00+00:00
[2025-05-20T03:17:50.125+0000] {processor.py:208} INFO - Processing /home/airflow/.local/lib/python3.12/site-packages/airflow/example_dags/example_inlet_event_extra.py took 0.426 seconds
[2025-05-20T03:18:21.165+0000] {processor.py:186} INFO - Started process (PID=3052) to work on /home/airflow/.local/lib/python3.12/site-packages/airflow/example_dags/example_inlet_event_extra.py
[2025-05-20T03:18:21.169+0000] {processor.py:914} INFO - Processing file /home/airflow/.local/lib/python3.12/site-packages/airflow/example_dags/example_inlet_event_extra.py for tasks to queue
[2025-05-20T03:18:21.180+0000] {logging_mixin.py:190} INFO - [2025-05-20T03:18:21.179+0000] {dagbag.py:587} INFO - Filling up the DagBag from /home/airflow/.local/lib/python3.12/site-packages/airflow/example_dags/example_inlet_event_extra.py
[2025-05-20T03:18:21.534+0000] {processor.py:925} INFO - DAG(s) 'read_dataset_event_from_classic', 'read_dataset_event' retrieved from /home/airflow/.local/lib/python3.12/site-packages/airflow/example_dags/example_inlet_event_extra.py
[2025-05-20T03:18:21.579+0000] {logging_mixin.py:190} INFO - [2025-05-20T03:18:21.577+0000] {dag.py:3229} INFO - Sync 2 DAGs
[2025-05-20T03:18:21.612+0000] {logging_mixin.py:190} INFO - [2025-05-20T03:18:21.612+0000] {dag.py:4156} INFO - Setting next_dagrun for read_dataset_event to 2025-05-19 00:00:00+00:00, run_after=2025-05-20 00:00:00+00:00
[2025-05-20T03:18:21.625+0000] {logging_mixin.py:190} INFO - [2025-05-20T03:18:21.625+0000] {dag.py:4156} INFO - Setting next_dagrun for read_dataset_event_from_classic to 2025-05-19 00:00:00+00:00, run_after=2025-05-20 00:00:00+00:00
[2025-05-20T03:18:21.689+0000] {processor.py:208} INFO - Processing /home/airflow/.local/lib/python3.12/site-packages/airflow/example_dags/example_inlet_event_extra.py took 0.528 seconds
[2025-05-20T03:18:52.130+0000] {processor.py:186} INFO - Started process (PID=3115) to work on /home/airflow/.local/lib/python3.12/site-packages/airflow/example_dags/example_inlet_event_extra.py
[2025-05-20T03:18:52.132+0000] {processor.py:914} INFO - Processing file /home/airflow/.local/lib/python3.12/site-packages/airflow/example_dags/example_inlet_event_extra.py for tasks to queue
[2025-05-20T03:18:52.136+0000] {logging_mixin.py:190} INFO - [2025-05-20T03:18:52.136+0000] {dagbag.py:587} INFO - Filling up the DagBag from /home/airflow/.local/lib/python3.12/site-packages/airflow/example_dags/example_inlet_event_extra.py
[2025-05-20T03:18:52.590+0000] {processor.py:925} INFO - DAG(s) 'read_dataset_event', 'read_dataset_event_from_classic' retrieved from /home/airflow/.local/lib/python3.12/site-packages/airflow/example_dags/example_inlet_event_extra.py
[2025-05-20T03:18:52.641+0000] {logging_mixin.py:190} INFO - [2025-05-20T03:18:52.641+0000] {dag.py:3229} INFO - Sync 2 DAGs
[2025-05-20T03:18:52.677+0000] {logging_mixin.py:190} INFO - [2025-05-20T03:18:52.676+0000] {dag.py:4156} INFO - Setting next_dagrun for read_dataset_event to 2025-05-19 00:00:00+00:00, run_after=2025-05-20 00:00:00+00:00
[2025-05-20T03:18:52.690+0000] {logging_mixin.py:190} INFO - [2025-05-20T03:18:52.688+0000] {dag.py:4156} INFO - Setting next_dagrun for read_dataset_event_from_classic to 2025-05-19 00:00:00+00:00, run_after=2025-05-20 00:00:00+00:00
[2025-05-20T03:18:52.723+0000] {processor.py:208} INFO - Processing /home/airflow/.local/lib/python3.12/site-packages/airflow/example_dags/example_inlet_event_extra.py took 0.598 seconds
[2025-05-20T03:19:23.734+0000] {processor.py:186} INFO - Started process (PID=3177) to work on /home/airflow/.local/lib/python3.12/site-packages/airflow/example_dags/example_inlet_event_extra.py
[2025-05-20T03:19:23.735+0000] {processor.py:914} INFO - Processing file /home/airflow/.local/lib/python3.12/site-packages/airflow/example_dags/example_inlet_event_extra.py for tasks to queue
[2025-05-20T03:19:23.740+0000] {logging_mixin.py:190} INFO - [2025-05-20T03:19:23.739+0000] {dagbag.py:587} INFO - Filling up the DagBag from /home/airflow/.local/lib/python3.12/site-packages/airflow/example_dags/example_inlet_event_extra.py
[2025-05-20T03:19:24.141+0000] {processor.py:925} INFO - DAG(s) 'read_dataset_event_from_classic', 'read_dataset_event' retrieved from /home/airflow/.local/lib/python3.12/site-packages/airflow/example_dags/example_inlet_event_extra.py
[2025-05-20T03:19:24.209+0000] {logging_mixin.py:190} INFO - [2025-05-20T03:19:24.209+0000] {dag.py:3229} INFO - Sync 2 DAGs
[2025-05-20T03:19:24.257+0000] {logging_mixin.py:190} INFO - [2025-05-20T03:19:24.257+0000] {dag.py:4156} INFO - Setting next_dagrun for read_dataset_event to 2025-05-19 00:00:00+00:00, run_after=2025-05-20 00:00:00+00:00
[2025-05-20T03:19:24.286+0000] {logging_mixin.py:190} INFO - [2025-05-20T03:19:24.285+0000] {dag.py:4156} INFO - Setting next_dagrun for read_dataset_event_from_classic to 2025-05-19 00:00:00+00:00, run_after=2025-05-20 00:00:00+00:00
[2025-05-20T03:19:24.367+0000] {processor.py:208} INFO - Processing /home/airflow/.local/lib/python3.12/site-packages/airflow/example_dags/example_inlet_event_extra.py took 0.636 seconds
[2025-05-20T03:19:54.685+0000] {processor.py:186} INFO - Started process (PID=3239) to work on /home/airflow/.local/lib/python3.12/site-packages/airflow/example_dags/example_inlet_event_extra.py
[2025-05-20T03:19:54.687+0000] {processor.py:914} INFO - Processing file /home/airflow/.local/lib/python3.12/site-packages/airflow/example_dags/example_inlet_event_extra.py for tasks to queue
[2025-05-20T03:19:54.695+0000] {logging_mixin.py:190} INFO - [2025-05-20T03:19:54.694+0000] {dagbag.py:587} INFO - Filling up the DagBag from /home/airflow/.local/lib/python3.12/site-packages/airflow/example_dags/example_inlet_event_extra.py
[2025-05-20T03:19:54.874+0000] {processor.py:925} INFO - DAG(s) 'read_dataset_event', 'read_dataset_event_from_classic' retrieved from /home/airflow/.local/lib/python3.12/site-packages/airflow/example_dags/example_inlet_event_extra.py
[2025-05-20T03:19:54.963+0000] {logging_mixin.py:190} INFO - [2025-05-20T03:19:54.957+0000] {dag.py:3229} INFO - Sync 2 DAGs
[2025-05-20T03:19:55.012+0000] {logging_mixin.py:190} INFO - [2025-05-20T03:19:55.012+0000] {dag.py:4156} INFO - Setting next_dagrun for read_dataset_event to 2025-05-19 00:00:00+00:00, run_after=2025-05-20 00:00:00+00:00
[2025-05-20T03:19:55.039+0000] {logging_mixin.py:190} INFO - [2025-05-20T03:19:55.039+0000] {dag.py:4156} INFO - Setting next_dagrun for read_dataset_event_from_classic to 2025-05-19 00:00:00+00:00, run_after=2025-05-20 00:00:00+00:00
[2025-05-20T03:19:55.112+0000] {processor.py:208} INFO - Processing /home/airflow/.local/lib/python3.12/site-packages/airflow/example_dags/example_inlet_event_extra.py took 0.431 seconds
[2025-05-20T03:20:26.031+0000] {processor.py:186} INFO - Started process (PID=3302) to work on /home/airflow/.local/lib/python3.12/site-packages/airflow/example_dags/example_inlet_event_extra.py
[2025-05-20T03:20:26.037+0000] {processor.py:914} INFO - Processing file /home/airflow/.local/lib/python3.12/site-packages/airflow/example_dags/example_inlet_event_extra.py for tasks to queue
[2025-05-20T03:20:26.043+0000] {logging_mixin.py:190} INFO - [2025-05-20T03:20:26.043+0000] {dagbag.py:587} INFO - Filling up the DagBag from /home/airflow/.local/lib/python3.12/site-packages/airflow/example_dags/example_inlet_event_extra.py
[2025-05-20T03:20:26.195+0000] {processor.py:925} INFO - DAG(s) 'read_dataset_event', 'read_dataset_event_from_classic' retrieved from /home/airflow/.local/lib/python3.12/site-packages/airflow/example_dags/example_inlet_event_extra.py
[2025-05-20T03:20:26.297+0000] {logging_mixin.py:190} INFO - [2025-05-20T03:20:26.297+0000] {dag.py:3229} INFO - Sync 2 DAGs
[2025-05-20T03:20:26.335+0000] {logging_mixin.py:190} INFO - [2025-05-20T03:20:26.335+0000] {dag.py:4156} INFO - Setting next_dagrun for read_dataset_event to 2025-05-19 00:00:00+00:00, run_after=2025-05-20 00:00:00+00:00
[2025-05-20T03:20:26.342+0000] {logging_mixin.py:190} INFO - [2025-05-20T03:20:26.342+0000] {dag.py:4156} INFO - Setting next_dagrun for read_dataset_event_from_classic to 2025-05-19 00:00:00+00:00, run_after=2025-05-20 00:00:00+00:00
[2025-05-20T03:20:26.410+0000] {processor.py:208} INFO - Processing /home/airflow/.local/lib/python3.12/site-packages/airflow/example_dags/example_inlet_event_extra.py took 0.384 seconds
[2025-05-20T03:20:57.242+0000] {processor.py:186} INFO - Started process (PID=3364) to work on /home/airflow/.local/lib/python3.12/site-packages/airflow/example_dags/example_inlet_event_extra.py
[2025-05-20T03:20:57.246+0000] {processor.py:914} INFO - Processing file /home/airflow/.local/lib/python3.12/site-packages/airflow/example_dags/example_inlet_event_extra.py for tasks to queue
[2025-05-20T03:20:57.263+0000] {logging_mixin.py:190} INFO - [2025-05-20T03:20:57.261+0000] {dagbag.py:587} INFO - Filling up the DagBag from /home/airflow/.local/lib/python3.12/site-packages/airflow/example_dags/example_inlet_event_extra.py
[2025-05-20T03:20:57.453+0000] {processor.py:925} INFO - DAG(s) 'read_dataset_event', 'read_dataset_event_from_classic' retrieved from /home/airflow/.local/lib/python3.12/site-packages/airflow/example_dags/example_inlet_event_extra.py
[2025-05-20T03:20:57.513+0000] {logging_mixin.py:190} INFO - [2025-05-20T03:20:57.511+0000] {dag.py:3229} INFO - Sync 2 DAGs
[2025-05-20T03:20:57.565+0000] {logging_mixin.py:190} INFO - [2025-05-20T03:20:57.564+0000] {dag.py:4156} INFO - Setting next_dagrun for read_dataset_event to 2025-05-19 00:00:00+00:00, run_after=2025-05-20 00:00:00+00:00
[2025-05-20T03:20:57.586+0000] {logging_mixin.py:190} INFO - [2025-05-20T03:20:57.585+0000] {dag.py:4156} INFO - Setting next_dagrun for read_dataset_event_from_classic to 2025-05-19 00:00:00+00:00, run_after=2025-05-20 00:00:00+00:00
[2025-05-20T03:20:57.626+0000] {processor.py:208} INFO - Processing /home/airflow/.local/lib/python3.12/site-packages/airflow/example_dags/example_inlet_event_extra.py took 0.388 seconds
[2025-05-20T03:21:28.151+0000] {processor.py:186} INFO - Started process (PID=3427) to work on /home/airflow/.local/lib/python3.12/site-packages/airflow/example_dags/example_inlet_event_extra.py
[2025-05-20T03:21:28.152+0000] {processor.py:914} INFO - Processing file /home/airflow/.local/lib/python3.12/site-packages/airflow/example_dags/example_inlet_event_extra.py for tasks to queue
[2025-05-20T03:21:28.157+0000] {logging_mixin.py:190} INFO - [2025-05-20T03:21:28.156+0000] {dagbag.py:587} INFO - Filling up the DagBag from /home/airflow/.local/lib/python3.12/site-packages/airflow/example_dags/example_inlet_event_extra.py
[2025-05-20T03:21:28.324+0000] {processor.py:925} INFO - DAG(s) 'read_dataset_event_from_classic', 'read_dataset_event' retrieved from /home/airflow/.local/lib/python3.12/site-packages/airflow/example_dags/example_inlet_event_extra.py
[2025-05-20T03:21:28.389+0000] {logging_mixin.py:190} INFO - [2025-05-20T03:21:28.389+0000] {dag.py:3229} INFO - Sync 2 DAGs
