[2025-05-20T02:51:00.162+0000] {processor.py:186} INFO - Started process (PID=99) to work on /home/airflow/.local/lib/python3.12/site-packages/airflow/example_dags/example_workday_timetable.py
[2025-05-20T02:51:00.165+0000] {processor.py:914} INFO - Processing file /home/airflow/.local/lib/python3.12/site-packages/airflow/example_dags/example_workday_timetable.py for tasks to queue
[2025-05-20T02:51:00.171+0000] {logging_mixin.py:190} INFO - [2025-05-20T02:51:00.171+0000] {dagbag.py:587} INFO - Filling up the DagBag from /home/airflow/.local/lib/python3.12/site-packages/airflow/example_dags/example_workday_timetable.py
[2025-05-20T02:51:00.181+0000] {processor.py:925} INFO - DAG(s) 'example_workday_timetable' retrieved from /home/airflow/.local/lib/python3.12/site-packages/airflow/example_dags/example_workday_timetable.py
[2025-05-20T02:51:00.444+0000] {logging_mixin.py:190} INFO - [2025-05-20T02:51:00.442+0000] {override.py:1900} INFO - Created Permission View: can read on DAG:example_workday_timetable
[2025-05-20T02:51:00.467+0000] {logging_mixin.py:190} INFO - [2025-05-20T02:51:00.467+0000] {override.py:1900} INFO - Created Permission View: can delete on DAG:example_workday_timetable
[2025-05-20T02:51:00.486+0000] {logging_mixin.py:190} INFO - [2025-05-20T02:51:00.485+0000] {override.py:1900} INFO - Created Permission View: can edit on DAG:example_workday_timetable
[2025-05-20T02:51:00.519+0000] {logging_mixin.py:190} INFO - [2025-05-20T02:51:00.518+0000] {override.py:1900} INFO - Created Permission View: can read on DAG Run:example_workday_timetable
[2025-05-20T02:51:00.550+0000] {logging_mixin.py:190} INFO - [2025-05-20T02:51:00.549+0000] {override.py:1900} INFO - Created Permission View: can delete on DAG Run:example_workday_timetable
[2025-05-20T02:51:00.571+0000] {logging_mixin.py:190} INFO - [2025-05-20T02:51:00.570+0000] {override.py:1900} INFO - Created Permission View: can create on DAG Run:example_workday_timetable
[2025-05-20T02:51:00.593+0000] {logging_mixin.py:190} INFO - [2025-05-20T02:51:00.591+0000] {override.py:1900} INFO - Created Permission View: menu access on DAG Run:example_workday_timetable
[2025-05-20T02:51:00.595+0000] {logging_mixin.py:190} INFO - [2025-05-20T02:51:00.594+0000] {dag.py:3229} INFO - Sync 1 DAGs
[2025-05-20T02:51:00.656+0000] {logging_mixin.py:190} INFO - [2025-05-20T02:51:00.656+0000] {dag.py:3252} INFO - Creating ORM DAG for example_workday_timetable
[2025-05-20T02:51:00.738+0000] {logging_mixin.py:190} INFO - [2025-05-20T02:51:00.738+0000] {dag.py:4156} INFO - Setting next_dagrun for example_workday_timetable to 2021-01-04 00:00:00+00:00, run_after=2021-01-05 00:00:00+00:00
[2025-05-20T02:51:00.830+0000] {processor.py:208} INFO - Processing /home/airflow/.local/lib/python3.12/site-packages/airflow/example_dags/example_workday_timetable.py took 0.674 seconds
[2025-05-20T02:51:31.529+0000] {processor.py:186} INFO - Started process (PID=161) to work on /home/airflow/.local/lib/python3.12/site-packages/airflow/example_dags/example_workday_timetable.py
[2025-05-20T02:51:31.530+0000] {processor.py:914} INFO - Processing file /home/airflow/.local/lib/python3.12/site-packages/airflow/example_dags/example_workday_timetable.py for tasks to queue
[2025-05-20T02:51:31.533+0000] {logging_mixin.py:190} INFO - [2025-05-20T02:51:31.533+0000] {dagbag.py:587} INFO - Filling up the DagBag from /home/airflow/.local/lib/python3.12/site-packages/airflow/example_dags/example_workday_timetable.py
[2025-05-20T02:51:31.552+0000] {processor.py:925} INFO - DAG(s) 'example_workday_timetable' retrieved from /home/airflow/.local/lib/python3.12/site-packages/airflow/example_dags/example_workday_timetable.py
[2025-05-20T02:51:31.623+0000] {logging_mixin.py:190} INFO - [2025-05-20T02:51:31.619+0000] {dag.py:3229} INFO - Sync 1 DAGs
[2025-05-20T02:51:31.740+0000] {logging_mixin.py:190} INFO - [2025-05-20T02:51:31.739+0000] {dag.py:4156} INFO - Setting next_dagrun for example_workday_timetable to 2021-01-04 00:00:00+00:00, run_after=2021-01-05 00:00:00+00:00
[2025-05-20T02:51:31.800+0000] {processor.py:208} INFO - Processing /home/airflow/.local/lib/python3.12/site-packages/airflow/example_dags/example_workday_timetable.py took 0.275 seconds
[2025-05-20T02:52:02.055+0000] {processor.py:186} INFO - Started process (PID=224) to work on /home/airflow/.local/lib/python3.12/site-packages/airflow/example_dags/example_workday_timetable.py
[2025-05-20T02:52:02.056+0000] {processor.py:914} INFO - Processing file /home/airflow/.local/lib/python3.12/site-packages/airflow/example_dags/example_workday_timetable.py for tasks to queue
[2025-05-20T02:52:02.059+0000] {logging_mixin.py:190} INFO - [2025-05-20T02:52:02.059+0000] {dagbag.py:587} INFO - Filling up the DagBag from /home/airflow/.local/lib/python3.12/site-packages/airflow/example_dags/example_workday_timetable.py
[2025-05-20T02:52:02.065+0000] {processor.py:925} INFO - DAG(s) 'example_workday_timetable' retrieved from /home/airflow/.local/lib/python3.12/site-packages/airflow/example_dags/example_workday_timetable.py
[2025-05-20T02:52:02.125+0000] {logging_mixin.py:190} INFO - [2025-05-20T02:52:02.124+0000] {dag.py:3229} INFO - Sync 1 DAGs
[2025-05-20T02:52:02.223+0000] {logging_mixin.py:190} INFO - [2025-05-20T02:52:02.223+0000] {dag.py:4156} INFO - Setting next_dagrun for example_workday_timetable to 2021-01-04 00:00:00+00:00, run_after=2021-01-05 00:00:00+00:00
[2025-05-20T02:52:02.301+0000] {processor.py:208} INFO - Processing /home/airflow/.local/lib/python3.12/site-packages/airflow/example_dags/example_workday_timetable.py took 0.251 seconds
[2025-05-20T02:54:00.715+0000] {processor.py:186} INFO - Started process (PID=100) to work on /home/airflow/.local/lib/python3.12/site-packages/airflow/example_dags/example_workday_timetable.py
[2025-05-20T02:54:00.718+0000] {processor.py:914} INFO - Processing file /home/airflow/.local/lib/python3.12/site-packages/airflow/example_dags/example_workday_timetable.py for tasks to queue
[2025-05-20T02:54:00.723+0000] {logging_mixin.py:190} INFO - [2025-05-20T02:54:00.722+0000] {dagbag.py:587} INFO - Filling up the DagBag from /home/airflow/.local/lib/python3.12/site-packages/airflow/example_dags/example_workday_timetable.py
[2025-05-20T02:54:00.737+0000] {processor.py:925} INFO - DAG(s) 'example_workday_timetable' retrieved from /home/airflow/.local/lib/python3.12/site-packages/airflow/example_dags/example_workday_timetable.py
[2025-05-20T02:54:00.774+0000] {logging_mixin.py:190} INFO - [2025-05-20T02:54:00.773+0000] {dag.py:3229} INFO - Sync 1 DAGs
[2025-05-20T02:54:00.879+0000] {logging_mixin.py:190} INFO - [2025-05-20T02:54:00.878+0000] {dag.py:4156} INFO - Setting next_dagrun for example_workday_timetable to 2021-01-04 00:00:00+00:00, run_after=2021-01-05 00:00:00+00:00
[2025-05-20T02:54:00.956+0000] {processor.py:208} INFO - Processing /home/airflow/.local/lib/python3.12/site-packages/airflow/example_dags/example_workday_timetable.py took 0.259 seconds
[2025-05-20T02:54:31.216+0000] {processor.py:186} INFO - Started process (PID=163) to work on /home/airflow/.local/lib/python3.12/site-packages/airflow/example_dags/example_workday_timetable.py
[2025-05-20T02:54:31.249+0000] {processor.py:914} INFO - Processing file /home/airflow/.local/lib/python3.12/site-packages/airflow/example_dags/example_workday_timetable.py for tasks to queue
[2025-05-20T02:54:31.256+0000] {logging_mixin.py:190} INFO - [2025-05-20T02:54:31.255+0000] {dagbag.py:587} INFO - Filling up the DagBag from /home/airflow/.local/lib/python3.12/site-packages/airflow/example_dags/example_workday_timetable.py
[2025-05-20T02:54:31.288+0000] {processor.py:925} INFO - DAG(s) 'example_workday_timetable' retrieved from /home/airflow/.local/lib/python3.12/site-packages/airflow/example_dags/example_workday_timetable.py
[2025-05-20T02:54:31.420+0000] {logging_mixin.py:190} INFO - [2025-05-20T02:54:31.420+0000] {dag.py:3229} INFO - Sync 1 DAGs
[2025-05-20T02:54:31.575+0000] {logging_mixin.py:190} INFO - [2025-05-20T02:54:31.574+0000] {dag.py:4156} INFO - Setting next_dagrun for example_workday_timetable to 2021-01-04 00:00:00+00:00, run_after=2021-01-05 00:00:00+00:00
[2025-05-20T02:54:31.628+0000] {processor.py:208} INFO - Processing /home/airflow/.local/lib/python3.12/site-packages/airflow/example_dags/example_workday_timetable.py took 0.419 seconds
[2025-05-20T02:55:02.839+0000] {processor.py:186} INFO - Started process (PID=226) to work on /home/airflow/.local/lib/python3.12/site-packages/airflow/example_dags/example_workday_timetable.py
[2025-05-20T02:55:02.840+0000] {processor.py:914} INFO - Processing file /home/airflow/.local/lib/python3.12/site-packages/airflow/example_dags/example_workday_timetable.py for tasks to queue
[2025-05-20T02:55:02.847+0000] {logging_mixin.py:190} INFO - [2025-05-20T02:55:02.847+0000] {dagbag.py:587} INFO - Filling up the DagBag from /home/airflow/.local/lib/python3.12/site-packages/airflow/example_dags/example_workday_timetable.py
[2025-05-20T02:55:02.869+0000] {processor.py:925} INFO - DAG(s) 'example_workday_timetable' retrieved from /home/airflow/.local/lib/python3.12/site-packages/airflow/example_dags/example_workday_timetable.py
[2025-05-20T02:55:02.962+0000] {logging_mixin.py:190} INFO - [2025-05-20T02:55:02.957+0000] {dag.py:3229} INFO - Sync 1 DAGs
[2025-05-20T02:55:03.097+0000] {logging_mixin.py:190} INFO - [2025-05-20T02:55:03.097+0000] {dag.py:4156} INFO - Setting next_dagrun for example_workday_timetable to 2021-01-04 00:00:00+00:00, run_after=2021-01-05 00:00:00+00:00
[2025-05-20T02:55:03.141+0000] {processor.py:208} INFO - Processing /home/airflow/.local/lib/python3.12/site-packages/airflow/example_dags/example_workday_timetable.py took 0.307 seconds
[2025-05-20T02:55:33.949+0000] {processor.py:186} INFO - Started process (PID=289) to work on /home/airflow/.local/lib/python3.12/site-packages/airflow/example_dags/example_workday_timetable.py
[2025-05-20T02:55:33.950+0000] {processor.py:914} INFO - Processing file /home/airflow/.local/lib/python3.12/site-packages/airflow/example_dags/example_workday_timetable.py for tasks to queue
[2025-05-20T02:55:33.954+0000] {logging_mixin.py:190} INFO - [2025-05-20T02:55:33.954+0000] {dagbag.py:587} INFO - Filling up the DagBag from /home/airflow/.local/lib/python3.12/site-packages/airflow/example_dags/example_workday_timetable.py
[2025-05-20T02:55:33.974+0000] {processor.py:925} INFO - DAG(s) 'example_workday_timetable' retrieved from /home/airflow/.local/lib/python3.12/site-packages/airflow/example_dags/example_workday_timetable.py
[2025-05-20T02:55:34.012+0000] {logging_mixin.py:190} INFO - [2025-05-20T02:55:34.012+0000] {dag.py:3229} INFO - Sync 1 DAGs
[2025-05-20T02:55:34.083+0000] {logging_mixin.py:190} INFO - [2025-05-20T02:55:34.083+0000] {dag.py:4156} INFO - Setting next_dagrun for example_workday_timetable to 2021-01-04 00:00:00+00:00, run_after=2021-01-05 00:00:00+00:00
[2025-05-20T02:55:34.142+0000] {processor.py:208} INFO - Processing /home/airflow/.local/lib/python3.12/site-packages/airflow/example_dags/example_workday_timetable.py took 0.197 seconds
[2025-05-20T02:56:05.155+0000] {processor.py:186} INFO - Started process (PID=352) to work on /home/airflow/.local/lib/python3.12/site-packages/airflow/example_dags/example_workday_timetable.py
[2025-05-20T02:56:05.157+0000] {processor.py:914} INFO - Processing file /home/airflow/.local/lib/python3.12/site-packages/airflow/example_dags/example_workday_timetable.py for tasks to queue
[2025-05-20T02:56:05.160+0000] {logging_mixin.py:190} INFO - [2025-05-20T02:56:05.160+0000] {dagbag.py:587} INFO - Filling up the DagBag from /home/airflow/.local/lib/python3.12/site-packages/airflow/example_dags/example_workday_timetable.py
[2025-05-20T02:56:05.168+0000] {processor.py:925} INFO - DAG(s) 'example_workday_timetable' retrieved from /home/airflow/.local/lib/python3.12/site-packages/airflow/example_dags/example_workday_timetable.py
[2025-05-20T02:56:05.202+0000] {logging_mixin.py:190} INFO - [2025-05-20T02:56:05.199+0000] {dag.py:3229} INFO - Sync 1 DAGs
[2025-05-20T02:56:05.333+0000] {logging_mixin.py:190} INFO - [2025-05-20T02:56:05.333+0000] {dag.py:4156} INFO - Setting next_dagrun for example_workday_timetable to 2021-01-04 00:00:00+00:00, run_after=2021-01-05 00:00:00+00:00
[2025-05-20T02:56:05.397+0000] {processor.py:208} INFO - Processing /home/airflow/.local/lib/python3.12/site-packages/airflow/example_dags/example_workday_timetable.py took 0.247 seconds
[2025-05-20T02:56:36.633+0000] {processor.py:186} INFO - Started process (PID=415) to work on /home/airflow/.local/lib/python3.12/site-packages/airflow/example_dags/example_workday_timetable.py
[2025-05-20T02:56:36.637+0000] {processor.py:914} INFO - Processing file /home/airflow/.local/lib/python3.12/site-packages/airflow/example_dags/example_workday_timetable.py for tasks to queue
[2025-05-20T02:56:36.652+0000] {logging_mixin.py:190} INFO - [2025-05-20T02:56:36.649+0000] {dagbag.py:587} INFO - Filling up the DagBag from /home/airflow/.local/lib/python3.12/site-packages/airflow/example_dags/example_workday_timetable.py
[2025-05-20T02:56:36.679+0000] {processor.py:925} INFO - DAG(s) 'example_workday_timetable' retrieved from /home/airflow/.local/lib/python3.12/site-packages/airflow/example_dags/example_workday_timetable.py
[2025-05-20T02:56:36.762+0000] {logging_mixin.py:190} INFO - [2025-05-20T02:56:36.761+0000] {dag.py:3229} INFO - Sync 1 DAGs
[2025-05-20T02:56:36.862+0000] {logging_mixin.py:190} INFO - [2025-05-20T02:56:36.861+0000] {dag.py:4156} INFO - Setting next_dagrun for example_workday_timetable to 2021-01-04 00:00:00+00:00, run_after=2021-01-05 00:00:00+00:00
[2025-05-20T02:56:36.942+0000] {processor.py:208} INFO - Processing /home/airflow/.local/lib/python3.12/site-packages/airflow/example_dags/example_workday_timetable.py took 0.314 seconds
[2025-05-20T02:57:07.118+0000] {processor.py:186} INFO - Started process (PID=478) to work on /home/airflow/.local/lib/python3.12/site-packages/airflow/example_dags/example_workday_timetable.py
[2025-05-20T02:57:07.122+0000] {processor.py:914} INFO - Processing file /home/airflow/.local/lib/python3.12/site-packages/airflow/example_dags/example_workday_timetable.py for tasks to queue
[2025-05-20T02:57:07.125+0000] {logging_mixin.py:190} INFO - [2025-05-20T02:57:07.125+0000] {dagbag.py:587} INFO - Filling up the DagBag from /home/airflow/.local/lib/python3.12/site-packages/airflow/example_dags/example_workday_timetable.py
[2025-05-20T02:57:07.134+0000] {processor.py:925} INFO - DAG(s) 'example_workday_timetable' retrieved from /home/airflow/.local/lib/python3.12/site-packages/airflow/example_dags/example_workday_timetable.py
[2025-05-20T02:57:07.175+0000] {logging_mixin.py:190} INFO - [2025-05-20T02:57:07.175+0000] {dag.py:3229} INFO - Sync 1 DAGs
[2025-05-20T02:57:07.279+0000] {logging_mixin.py:190} INFO - [2025-05-20T02:57:07.279+0000] {dag.py:4156} INFO - Setting next_dagrun for example_workday_timetable to 2021-01-04 00:00:00+00:00, run_after=2021-01-05 00:00:00+00:00
[2025-05-20T02:57:07.336+0000] {processor.py:208} INFO - Processing /home/airflow/.local/lib/python3.12/site-packages/airflow/example_dags/example_workday_timetable.py took 0.230 seconds
[2025-05-20T02:57:37.398+0000] {processor.py:186} INFO - Started process (PID=541) to work on /home/airflow/.local/lib/python3.12/site-packages/airflow/example_dags/example_workday_timetable.py
[2025-05-20T02:57:37.399+0000] {processor.py:914} INFO - Processing file /home/airflow/.local/lib/python3.12/site-packages/airflow/example_dags/example_workday_timetable.py for tasks to queue
[2025-05-20T02:57:37.405+0000] {logging_mixin.py:190} INFO - [2025-05-20T02:57:37.404+0000] {dagbag.py:587} INFO - Filling up the DagBag from /home/airflow/.local/lib/python3.12/site-packages/airflow/example_dags/example_workday_timetable.py
[2025-05-20T02:57:37.413+0000] {processor.py:925} INFO - DAG(s) 'example_workday_timetable' retrieved from /home/airflow/.local/lib/python3.12/site-packages/airflow/example_dags/example_workday_timetable.py
[2025-05-20T02:57:37.468+0000] {logging_mixin.py:190} INFO - [2025-05-20T02:57:37.468+0000] {dag.py:3229} INFO - Sync 1 DAGs
[2025-05-20T02:57:37.576+0000] {logging_mixin.py:190} INFO - [2025-05-20T02:57:37.576+0000] {dag.py:4156} INFO - Setting next_dagrun for example_workday_timetable to 2021-01-04 00:00:00+00:00, run_after=2021-01-05 00:00:00+00:00
[2025-05-20T02:57:37.605+0000] {processor.py:208} INFO - Processing /home/airflow/.local/lib/python3.12/site-packages/airflow/example_dags/example_workday_timetable.py took 0.211 seconds
[2025-05-20T02:58:08.757+0000] {processor.py:186} INFO - Started process (PID=604) to work on /home/airflow/.local/lib/python3.12/site-packages/airflow/example_dags/example_workday_timetable.py
[2025-05-20T02:58:08.763+0000] {processor.py:914} INFO - Processing file /home/airflow/.local/lib/python3.12/site-packages/airflow/example_dags/example_workday_timetable.py for tasks to queue
[2025-05-20T02:58:08.778+0000] {logging_mixin.py:190} INFO - [2025-05-20T02:58:08.777+0000] {dagbag.py:587} INFO - Filling up the DagBag from /home/airflow/.local/lib/python3.12/site-packages/airflow/example_dags/example_workday_timetable.py
[2025-05-20T02:58:08.808+0000] {processor.py:925} INFO - DAG(s) 'example_workday_timetable' retrieved from /home/airflow/.local/lib/python3.12/site-packages/airflow/example_dags/example_workday_timetable.py
[2025-05-20T02:58:08.923+0000] {logging_mixin.py:190} INFO - [2025-05-20T02:58:08.922+0000] {dag.py:3229} INFO - Sync 1 DAGs
[2025-05-20T02:58:09.049+0000] {logging_mixin.py:190} INFO - [2025-05-20T02:58:09.049+0000] {dag.py:4156} INFO - Setting next_dagrun for example_workday_timetable to 2021-01-04 00:00:00+00:00, run_after=2021-01-05 00:00:00+00:00
[2025-05-20T02:58:09.116+0000] {processor.py:208} INFO - Processing /home/airflow/.local/lib/python3.12/site-packages/airflow/example_dags/example_workday_timetable.py took 0.364 seconds
[2025-05-20T02:58:39.410+0000] {processor.py:186} INFO - Started process (PID=668) to work on /home/airflow/.local/lib/python3.12/site-packages/airflow/example_dags/example_workday_timetable.py
[2025-05-20T02:58:39.413+0000] {processor.py:914} INFO - Processing file /home/airflow/.local/lib/python3.12/site-packages/airflow/example_dags/example_workday_timetable.py for tasks to queue
[2025-05-20T02:58:39.424+0000] {logging_mixin.py:190} INFO - [2025-05-20T02:58:39.422+0000] {dagbag.py:587} INFO - Filling up the DagBag from /home/airflow/.local/lib/python3.12/site-packages/airflow/example_dags/example_workday_timetable.py
[2025-05-20T02:58:39.456+0000] {processor.py:925} INFO - DAG(s) 'example_workday_timetable' retrieved from /home/airflow/.local/lib/python3.12/site-packages/airflow/example_dags/example_workday_timetable.py
[2025-05-20T02:58:39.517+0000] {logging_mixin.py:190} INFO - [2025-05-20T02:58:39.517+0000] {dag.py:3229} INFO - Sync 1 DAGs
[2025-05-20T02:58:39.625+0000] {logging_mixin.py:190} INFO - [2025-05-20T02:58:39.625+0000] {dag.py:4156} INFO - Setting next_dagrun for example_workday_timetable to 2021-01-04 00:00:00+00:00, run_after=2021-01-05 00:00:00+00:00
[2025-05-20T02:58:39.674+0000] {processor.py:208} INFO - Processing /home/airflow/.local/lib/python3.12/site-packages/airflow/example_dags/example_workday_timetable.py took 0.267 seconds
[2025-05-20T02:59:10.346+0000] {processor.py:186} INFO - Started process (PID=731) to work on /home/airflow/.local/lib/python3.12/site-packages/airflow/example_dags/example_workday_timetable.py
[2025-05-20T02:59:10.348+0000] {processor.py:914} INFO - Processing file /home/airflow/.local/lib/python3.12/site-packages/airflow/example_dags/example_workday_timetable.py for tasks to queue
[2025-05-20T02:59:10.360+0000] {logging_mixin.py:190} INFO - [2025-05-20T02:59:10.360+0000] {dagbag.py:587} INFO - Filling up the DagBag from /home/airflow/.local/lib/python3.12/site-packages/airflow/example_dags/example_workday_timetable.py
[2025-05-20T02:59:10.370+0000] {processor.py:925} INFO - DAG(s) 'example_workday_timetable' retrieved from /home/airflow/.local/lib/python3.12/site-packages/airflow/example_dags/example_workday_timetable.py
[2025-05-20T02:59:10.421+0000] {logging_mixin.py:190} INFO - [2025-05-20T02:59:10.421+0000] {dag.py:3229} INFO - Sync 1 DAGs
[2025-05-20T02:59:10.508+0000] {logging_mixin.py:190} INFO - [2025-05-20T02:59:10.508+0000] {dag.py:4156} INFO - Setting next_dagrun for example_workday_timetable to 2021-01-04 00:00:00+00:00, run_after=2021-01-05 00:00:00+00:00
[2025-05-20T02:59:10.594+0000] {processor.py:208} INFO - Processing /home/airflow/.local/lib/python3.12/site-packages/airflow/example_dags/example_workday_timetable.py took 0.251 seconds
[2025-05-20T02:59:40.678+0000] {processor.py:186} INFO - Started process (PID=794) to work on /home/airflow/.local/lib/python3.12/site-packages/airflow/example_dags/example_workday_timetable.py
[2025-05-20T02:59:40.683+0000] {processor.py:914} INFO - Processing file /home/airflow/.local/lib/python3.12/site-packages/airflow/example_dags/example_workday_timetable.py for tasks to queue
[2025-05-20T02:59:40.694+0000] {logging_mixin.py:190} INFO - [2025-05-20T02:59:40.694+0000] {dagbag.py:587} INFO - Filling up the DagBag from /home/airflow/.local/lib/python3.12/site-packages/airflow/example_dags/example_workday_timetable.py
[2025-05-20T02:59:40.713+0000] {processor.py:925} INFO - DAG(s) 'example_workday_timetable' retrieved from /home/airflow/.local/lib/python3.12/site-packages/airflow/example_dags/example_workday_timetable.py
[2025-05-20T02:59:40.791+0000] {logging_mixin.py:190} INFO - [2025-05-20T02:59:40.790+0000] {dag.py:3229} INFO - Sync 1 DAGs
[2025-05-20T02:59:40.884+0000] {logging_mixin.py:190} INFO - [2025-05-20T02:59:40.883+0000] {dag.py:4156} INFO - Setting next_dagrun for example_workday_timetable to 2021-01-04 00:00:00+00:00, run_after=2021-01-05 00:00:00+00:00
[2025-05-20T02:59:40.960+0000] {processor.py:208} INFO - Processing /home/airflow/.local/lib/python3.12/site-packages/airflow/example_dags/example_workday_timetable.py took 0.286 seconds
[2025-05-20T03:00:11.395+0000] {processor.py:186} INFO - Started process (PID=857) to work on /home/airflow/.local/lib/python3.12/site-packages/airflow/example_dags/example_workday_timetable.py
[2025-05-20T03:00:11.397+0000] {processor.py:914} INFO - Processing file /home/airflow/.local/lib/python3.12/site-packages/airflow/example_dags/example_workday_timetable.py for tasks to queue
[2025-05-20T03:00:11.412+0000] {logging_mixin.py:190} INFO - [2025-05-20T03:00:11.411+0000] {dagbag.py:587} INFO - Filling up the DagBag from /home/airflow/.local/lib/python3.12/site-packages/airflow/example_dags/example_workday_timetable.py
[2025-05-20T03:00:11.425+0000] {processor.py:925} INFO - DAG(s) 'example_workday_timetable' retrieved from /home/airflow/.local/lib/python3.12/site-packages/airflow/example_dags/example_workday_timetable.py
[2025-05-20T03:00:11.514+0000] {logging_mixin.py:190} INFO - [2025-05-20T03:00:11.514+0000] {dag.py:3229} INFO - Sync 1 DAGs
[2025-05-20T03:00:11.652+0000] {logging_mixin.py:190} INFO - [2025-05-20T03:00:11.652+0000] {dag.py:4156} INFO - Setting next_dagrun for example_workday_timetable to 2021-01-04 00:00:00+00:00, run_after=2021-01-05 00:00:00+00:00
[2025-05-20T03:00:11.728+0000] {processor.py:208} INFO - Processing /home/airflow/.local/lib/python3.12/site-packages/airflow/example_dags/example_workday_timetable.py took 0.337 seconds
[2025-05-20T03:00:42.294+0000] {processor.py:186} INFO - Started process (PID=920) to work on /home/airflow/.local/lib/python3.12/site-packages/airflow/example_dags/example_workday_timetable.py
[2025-05-20T03:00:42.296+0000] {processor.py:914} INFO - Processing file /home/airflow/.local/lib/python3.12/site-packages/airflow/example_dags/example_workday_timetable.py for tasks to queue
[2025-05-20T03:00:42.300+0000] {logging_mixin.py:190} INFO - [2025-05-20T03:00:42.299+0000] {dagbag.py:587} INFO - Filling up the DagBag from /home/airflow/.local/lib/python3.12/site-packages/airflow/example_dags/example_workday_timetable.py
[2025-05-20T03:00:42.307+0000] {processor.py:925} INFO - DAG(s) 'example_workday_timetable' retrieved from /home/airflow/.local/lib/python3.12/site-packages/airflow/example_dags/example_workday_timetable.py
[2025-05-20T03:00:42.326+0000] {logging_mixin.py:190} INFO - [2025-05-20T03:00:42.326+0000] {dag.py:3229} INFO - Sync 1 DAGs
[2025-05-20T03:00:42.422+0000] {logging_mixin.py:190} INFO - [2025-05-20T03:00:42.422+0000] {dag.py:4156} INFO - Setting next_dagrun for example_workday_timetable to 2021-01-04 00:00:00+00:00, run_after=2021-01-05 00:00:00+00:00
[2025-05-20T03:00:42.504+0000] {processor.py:208} INFO - Processing /home/airflow/.local/lib/python3.12/site-packages/airflow/example_dags/example_workday_timetable.py took 0.214 seconds
[2025-05-20T03:01:12.964+0000] {processor.py:186} INFO - Started process (PID=982) to work on /home/airflow/.local/lib/python3.12/site-packages/airflow/example_dags/example_workday_timetable.py
[2025-05-20T03:01:12.974+0000] {processor.py:914} INFO - Processing file /home/airflow/.local/lib/python3.12/site-packages/airflow/example_dags/example_workday_timetable.py for tasks to queue
[2025-05-20T03:01:12.987+0000] {logging_mixin.py:190} INFO - [2025-05-20T03:01:12.981+0000] {dagbag.py:587} INFO - Filling up the DagBag from /home/airflow/.local/lib/python3.12/site-packages/airflow/example_dags/example_workday_timetable.py
[2025-05-20T03:01:12.997+0000] {processor.py:925} INFO - DAG(s) 'example_workday_timetable' retrieved from /home/airflow/.local/lib/python3.12/site-packages/airflow/example_dags/example_workday_timetable.py
[2025-05-20T03:01:13.066+0000] {logging_mixin.py:190} INFO - [2025-05-20T03:01:13.066+0000] {dag.py:3229} INFO - Sync 1 DAGs
[2025-05-20T03:01:13.150+0000] {logging_mixin.py:190} INFO - [2025-05-20T03:01:13.150+0000] {dag.py:4156} INFO - Setting next_dagrun for example_workday_timetable to 2021-01-04 00:00:00+00:00, run_after=2021-01-05 00:00:00+00:00
[2025-05-20T03:01:13.216+0000] {processor.py:208} INFO - Processing /home/airflow/.local/lib/python3.12/site-packages/airflow/example_dags/example_workday_timetable.py took 0.255 seconds
[2025-05-20T03:01:43.813+0000] {processor.py:186} INFO - Started process (PID=1044) to work on /home/airflow/.local/lib/python3.12/site-packages/airflow/example_dags/example_workday_timetable.py
[2025-05-20T03:01:43.815+0000] {processor.py:914} INFO - Processing file /home/airflow/.local/lib/python3.12/site-packages/airflow/example_dags/example_workday_timetable.py for tasks to queue
[2025-05-20T03:01:43.824+0000] {logging_mixin.py:190} INFO - [2025-05-20T03:01:43.823+0000] {dagbag.py:587} INFO - Filling up the DagBag from /home/airflow/.local/lib/python3.12/site-packages/airflow/example_dags/example_workday_timetable.py
[2025-05-20T03:01:43.840+0000] {processor.py:925} INFO - DAG(s) 'example_workday_timetable' retrieved from /home/airflow/.local/lib/python3.12/site-packages/airflow/example_dags/example_workday_timetable.py
[2025-05-20T03:01:43.919+0000] {logging_mixin.py:190} INFO - [2025-05-20T03:01:43.916+0000] {dag.py:3229} INFO - Sync 1 DAGs
[2025-05-20T03:01:43.992+0000] {logging_mixin.py:190} INFO - [2025-05-20T03:01:43.992+0000] {dag.py:4156} INFO - Setting next_dagrun for example_workday_timetable to 2021-01-04 00:00:00+00:00, run_after=2021-01-05 00:00:00+00:00
[2025-05-20T03:01:44.034+0000] {processor.py:208} INFO - Processing /home/airflow/.local/lib/python3.12/site-packages/airflow/example_dags/example_workday_timetable.py took 0.225 seconds
[2025-05-20T03:02:14.257+0000] {processor.py:186} INFO - Started process (PID=1107) to work on /home/airflow/.local/lib/python3.12/site-packages/airflow/example_dags/example_workday_timetable.py
[2025-05-20T03:02:14.258+0000] {processor.py:914} INFO - Processing file /home/airflow/.local/lib/python3.12/site-packages/airflow/example_dags/example_workday_timetable.py for tasks to queue
[2025-05-20T03:02:14.263+0000] {logging_mixin.py:190} INFO - [2025-05-20T03:02:14.263+0000] {dagbag.py:587} INFO - Filling up the DagBag from /home/airflow/.local/lib/python3.12/site-packages/airflow/example_dags/example_workday_timetable.py
[2025-05-20T03:02:14.273+0000] {processor.py:925} INFO - DAG(s) 'example_workday_timetable' retrieved from /home/airflow/.local/lib/python3.12/site-packages/airflow/example_dags/example_workday_timetable.py
[2025-05-20T03:02:14.328+0000] {logging_mixin.py:190} INFO - [2025-05-20T03:02:14.325+0000] {dag.py:3229} INFO - Sync 1 DAGs
[2025-05-20T03:02:14.431+0000] {logging_mixin.py:190} INFO - [2025-05-20T03:02:14.431+0000] {dag.py:4156} INFO - Setting next_dagrun for example_workday_timetable to 2021-01-04 00:00:00+00:00, run_after=2021-01-05 00:00:00+00:00
[2025-05-20T03:02:14.478+0000] {processor.py:208} INFO - Processing /home/airflow/.local/lib/python3.12/site-packages/airflow/example_dags/example_workday_timetable.py took 0.225 seconds
[2025-05-20T03:02:45.056+0000] {processor.py:186} INFO - Started process (PID=1170) to work on /home/airflow/.local/lib/python3.12/site-packages/airflow/example_dags/example_workday_timetable.py
[2025-05-20T03:02:45.058+0000] {processor.py:914} INFO - Processing file /home/airflow/.local/lib/python3.12/site-packages/airflow/example_dags/example_workday_timetable.py for tasks to queue
[2025-05-20T03:02:45.063+0000] {logging_mixin.py:190} INFO - [2025-05-20T03:02:45.062+0000] {dagbag.py:587} INFO - Filling up the DagBag from /home/airflow/.local/lib/python3.12/site-packages/airflow/example_dags/example_workday_timetable.py
[2025-05-20T03:02:45.075+0000] {processor.py:925} INFO - DAG(s) 'example_workday_timetable' retrieved from /home/airflow/.local/lib/python3.12/site-packages/airflow/example_dags/example_workday_timetable.py
[2025-05-20T03:02:45.110+0000] {logging_mixin.py:190} INFO - [2025-05-20T03:02:45.109+0000] {dag.py:3229} INFO - Sync 1 DAGs
[2025-05-20T03:02:45.223+0000] {logging_mixin.py:190} INFO - [2025-05-20T03:02:45.223+0000] {dag.py:4156} INFO - Setting next_dagrun for example_workday_timetable to 2021-01-04 00:00:00+00:00, run_after=2021-01-05 00:00:00+00:00
[2025-05-20T03:02:45.288+0000] {processor.py:208} INFO - Processing /home/airflow/.local/lib/python3.12/site-packages/airflow/example_dags/example_workday_timetable.py took 0.238 seconds
[2025-05-20T03:03:15.602+0000] {processor.py:186} INFO - Started process (PID=1232) to work on /home/airflow/.local/lib/python3.12/site-packages/airflow/example_dags/example_workday_timetable.py
[2025-05-20T03:03:15.607+0000] {processor.py:914} INFO - Processing file /home/airflow/.local/lib/python3.12/site-packages/airflow/example_dags/example_workday_timetable.py for tasks to queue
[2025-05-20T03:03:15.611+0000] {logging_mixin.py:190} INFO - [2025-05-20T03:03:15.611+0000] {dagbag.py:587} INFO - Filling up the DagBag from /home/airflow/.local/lib/python3.12/site-packages/airflow/example_dags/example_workday_timetable.py
[2025-05-20T03:03:15.627+0000] {processor.py:925} INFO - DAG(s) 'example_workday_timetable' retrieved from /home/airflow/.local/lib/python3.12/site-packages/airflow/example_dags/example_workday_timetable.py
[2025-05-20T03:03:15.705+0000] {logging_mixin.py:190} INFO - [2025-05-20T03:03:15.704+0000] {dag.py:3229} INFO - Sync 1 DAGs
[2025-05-20T03:03:15.799+0000] {logging_mixin.py:190} INFO - [2025-05-20T03:03:15.799+0000] {dag.py:4156} INFO - Setting next_dagrun for example_workday_timetable to 2021-01-04 00:00:00+00:00, run_after=2021-01-05 00:00:00+00:00
[2025-05-20T03:03:15.849+0000] {processor.py:208} INFO - Processing /home/airflow/.local/lib/python3.12/site-packages/airflow/example_dags/example_workday_timetable.py took 0.254 seconds
[2025-05-20T03:03:46.696+0000] {processor.py:186} INFO - Started process (PID=1294) to work on /home/airflow/.local/lib/python3.12/site-packages/airflow/example_dags/example_workday_timetable.py
[2025-05-20T03:03:46.700+0000] {processor.py:914} INFO - Processing file /home/airflow/.local/lib/python3.12/site-packages/airflow/example_dags/example_workday_timetable.py for tasks to queue
[2025-05-20T03:03:46.708+0000] {logging_mixin.py:190} INFO - [2025-05-20T03:03:46.708+0000] {dagbag.py:587} INFO - Filling up the DagBag from /home/airflow/.local/lib/python3.12/site-packages/airflow/example_dags/example_workday_timetable.py
[2025-05-20T03:03:46.731+0000] {processor.py:925} INFO - DAG(s) 'example_workday_timetable' retrieved from /home/airflow/.local/lib/python3.12/site-packages/airflow/example_dags/example_workday_timetable.py
[2025-05-20T03:03:46.795+0000] {logging_mixin.py:190} INFO - [2025-05-20T03:03:46.794+0000] {dag.py:3229} INFO - Sync 1 DAGs
[2025-05-20T03:03:46.853+0000] {logging_mixin.py:190} INFO - [2025-05-20T03:03:46.853+0000] {dag.py:4156} INFO - Setting next_dagrun for example_workday_timetable to 2021-01-04 00:00:00+00:00, run_after=2021-01-05 00:00:00+00:00
[2025-05-20T03:03:46.905+0000] {processor.py:208} INFO - Processing /home/airflow/.local/lib/python3.12/site-packages/airflow/example_dags/example_workday_timetable.py took 0.214 seconds
[2025-05-20T03:04:17.588+0000] {processor.py:186} INFO - Started process (PID=1357) to work on /home/airflow/.local/lib/python3.12/site-packages/airflow/example_dags/example_workday_timetable.py
[2025-05-20T03:04:17.592+0000] {processor.py:914} INFO - Processing file /home/airflow/.local/lib/python3.12/site-packages/airflow/example_dags/example_workday_timetable.py for tasks to queue
[2025-05-20T03:04:17.598+0000] {logging_mixin.py:190} INFO - [2025-05-20T03:04:17.598+0000] {dagbag.py:587} INFO - Filling up the DagBag from /home/airflow/.local/lib/python3.12/site-packages/airflow/example_dags/example_workday_timetable.py
[2025-05-20T03:04:17.609+0000] {processor.py:925} INFO - DAG(s) 'example_workday_timetable' retrieved from /home/airflow/.local/lib/python3.12/site-packages/airflow/example_dags/example_workday_timetable.py
[2025-05-20T03:04:17.660+0000] {logging_mixin.py:190} INFO - [2025-05-20T03:04:17.660+0000] {dag.py:3229} INFO - Sync 1 DAGs
[2025-05-20T03:04:17.815+0000] {logging_mixin.py:190} INFO - [2025-05-20T03:04:17.815+0000] {dag.py:4156} INFO - Setting next_dagrun for example_workday_timetable to 2021-01-04 00:00:00+00:00, run_after=2021-01-05 00:00:00+00:00
[2025-05-20T03:04:17.856+0000] {processor.py:208} INFO - Processing /home/airflow/.local/lib/python3.12/site-packages/airflow/example_dags/example_workday_timetable.py took 0.273 seconds
[2025-05-20T03:04:48.090+0000] {processor.py:186} INFO - Started process (PID=1420) to work on /home/airflow/.local/lib/python3.12/site-packages/airflow/example_dags/example_workday_timetable.py
[2025-05-20T03:04:48.091+0000] {processor.py:914} INFO - Processing file /home/airflow/.local/lib/python3.12/site-packages/airflow/example_dags/example_workday_timetable.py for tasks to queue
[2025-05-20T03:04:48.119+0000] {logging_mixin.py:190} INFO - [2025-05-20T03:04:48.109+0000] {dagbag.py:587} INFO - Filling up the DagBag from /home/airflow/.local/lib/python3.12/site-packages/airflow/example_dags/example_workday_timetable.py
[2025-05-20T03:04:48.129+0000] {processor.py:925} INFO - DAG(s) 'example_workday_timetable' retrieved from /home/airflow/.local/lib/python3.12/site-packages/airflow/example_dags/example_workday_timetable.py
[2025-05-20T03:04:48.209+0000] {logging_mixin.py:190} INFO - [2025-05-20T03:04:48.207+0000] {dag.py:3229} INFO - Sync 1 DAGs
[2025-05-20T03:04:48.280+0000] {logging_mixin.py:190} INFO - [2025-05-20T03:04:48.280+0000] {dag.py:4156} INFO - Setting next_dagrun for example_workday_timetable to 2021-01-04 00:00:00+00:00, run_after=2021-01-05 00:00:00+00:00
[2025-05-20T03:04:48.359+0000] {processor.py:208} INFO - Processing /home/airflow/.local/lib/python3.12/site-packages/airflow/example_dags/example_workday_timetable.py took 0.273 seconds
[2025-05-20T03:05:21.161+0000] {processor.py:186} INFO - Started process (PID=1484) to work on /home/airflow/.local/lib/python3.12/site-packages/airflow/example_dags/example_workday_timetable.py
[2025-05-20T03:05:21.164+0000] {processor.py:914} INFO - Processing file /home/airflow/.local/lib/python3.12/site-packages/airflow/example_dags/example_workday_timetable.py for tasks to queue
[2025-05-20T03:05:21.168+0000] {logging_mixin.py:190} INFO - [2025-05-20T03:05:21.167+0000] {dagbag.py:587} INFO - Filling up the DagBag from /home/airflow/.local/lib/python3.12/site-packages/airflow/example_dags/example_workday_timetable.py
[2025-05-20T03:05:21.182+0000] {processor.py:925} INFO - DAG(s) 'example_workday_timetable' retrieved from /home/airflow/.local/lib/python3.12/site-packages/airflow/example_dags/example_workday_timetable.py
[2025-05-20T03:05:21.241+0000] {logging_mixin.py:190} INFO - [2025-05-20T03:05:21.240+0000] {dag.py:3229} INFO - Sync 1 DAGs
[2025-05-20T03:05:21.348+0000] {logging_mixin.py:190} INFO - [2025-05-20T03:05:21.347+0000] {dag.py:4156} INFO - Setting next_dagrun for example_workday_timetable to 2021-01-04 00:00:00+00:00, run_after=2021-01-05 00:00:00+00:00
[2025-05-20T03:05:21.410+0000] {processor.py:208} INFO - Processing /home/airflow/.local/lib/python3.12/site-packages/airflow/example_dags/example_workday_timetable.py took 0.266 seconds
[2025-05-20T03:05:52.420+0000] {processor.py:186} INFO - Started process (PID=1547) to work on /home/airflow/.local/lib/python3.12/site-packages/airflow/example_dags/example_workday_timetable.py
[2025-05-20T03:05:52.421+0000] {processor.py:914} INFO - Processing file /home/airflow/.local/lib/python3.12/site-packages/airflow/example_dags/example_workday_timetable.py for tasks to queue
[2025-05-20T03:05:52.430+0000] {logging_mixin.py:190} INFO - [2025-05-20T03:05:52.429+0000] {dagbag.py:587} INFO - Filling up the DagBag from /home/airflow/.local/lib/python3.12/site-packages/airflow/example_dags/example_workday_timetable.py
[2025-05-20T03:05:52.447+0000] {processor.py:925} INFO - DAG(s) 'example_workday_timetable' retrieved from /home/airflow/.local/lib/python3.12/site-packages/airflow/example_dags/example_workday_timetable.py
[2025-05-20T03:05:52.485+0000] {logging_mixin.py:190} INFO - [2025-05-20T03:05:52.481+0000] {dag.py:3229} INFO - Sync 1 DAGs
[2025-05-20T03:05:52.563+0000] {logging_mixin.py:190} INFO - [2025-05-20T03:05:52.563+0000] {dag.py:4156} INFO - Setting next_dagrun for example_workday_timetable to 2021-01-04 00:00:00+00:00, run_after=2021-01-05 00:00:00+00:00
[2025-05-20T03:05:52.604+0000] {processor.py:208} INFO - Processing /home/airflow/.local/lib/python3.12/site-packages/airflow/example_dags/example_workday_timetable.py took 0.188 seconds
[2025-05-20T03:06:23.470+0000] {processor.py:186} INFO - Started process (PID=1610) to work on /home/airflow/.local/lib/python3.12/site-packages/airflow/example_dags/example_workday_timetable.py
[2025-05-20T03:06:23.472+0000] {processor.py:914} INFO - Processing file /home/airflow/.local/lib/python3.12/site-packages/airflow/example_dags/example_workday_timetable.py for tasks to queue
[2025-05-20T03:06:23.481+0000] {logging_mixin.py:190} INFO - [2025-05-20T03:06:23.480+0000] {dagbag.py:587} INFO - Filling up the DagBag from /home/airflow/.local/lib/python3.12/site-packages/airflow/example_dags/example_workday_timetable.py
[2025-05-20T03:06:23.526+0000] {processor.py:925} INFO - DAG(s) 'example_workday_timetable' retrieved from /home/airflow/.local/lib/python3.12/site-packages/airflow/example_dags/example_workday_timetable.py
[2025-05-20T03:06:23.667+0000] {logging_mixin.py:190} INFO - [2025-05-20T03:06:23.666+0000] {dag.py:3229} INFO - Sync 1 DAGs
[2025-05-20T03:06:23.731+0000] {logging_mixin.py:190} INFO - [2025-05-20T03:06:23.731+0000] {dag.py:4156} INFO - Setting next_dagrun for example_workday_timetable to 2021-01-04 00:00:00+00:00, run_after=2021-01-05 00:00:00+00:00
[2025-05-20T03:06:23.818+0000] {processor.py:208} INFO - Processing /home/airflow/.local/lib/python3.12/site-packages/airflow/example_dags/example_workday_timetable.py took 0.354 seconds
[2025-05-20T03:06:54.180+0000] {processor.py:186} INFO - Started process (PID=1673) to work on /home/airflow/.local/lib/python3.12/site-packages/airflow/example_dags/example_workday_timetable.py
[2025-05-20T03:06:54.182+0000] {processor.py:914} INFO - Processing file /home/airflow/.local/lib/python3.12/site-packages/airflow/example_dags/example_workday_timetable.py for tasks to queue
[2025-05-20T03:06:54.191+0000] {logging_mixin.py:190} INFO - [2025-05-20T03:06:54.191+0000] {dagbag.py:587} INFO - Filling up the DagBag from /home/airflow/.local/lib/python3.12/site-packages/airflow/example_dags/example_workday_timetable.py
[2025-05-20T03:06:54.204+0000] {processor.py:925} INFO - DAG(s) 'example_workday_timetable' retrieved from /home/airflow/.local/lib/python3.12/site-packages/airflow/example_dags/example_workday_timetable.py
[2025-05-20T03:06:54.257+0000] {logging_mixin.py:190} INFO - [2025-05-20T03:06:54.253+0000] {dag.py:3229} INFO - Sync 1 DAGs
[2025-05-20T03:06:54.339+0000] {logging_mixin.py:190} INFO - [2025-05-20T03:06:54.339+0000] {dag.py:4156} INFO - Setting next_dagrun for example_workday_timetable to 2021-01-04 00:00:00+00:00, run_after=2021-01-05 00:00:00+00:00
[2025-05-20T03:06:54.390+0000] {processor.py:208} INFO - Processing /home/airflow/.local/lib/python3.12/site-packages/airflow/example_dags/example_workday_timetable.py took 0.216 seconds
[2025-05-20T03:07:24.787+0000] {processor.py:186} INFO - Started process (PID=1736) to work on /home/airflow/.local/lib/python3.12/site-packages/airflow/example_dags/example_workday_timetable.py
[2025-05-20T03:07:24.790+0000] {processor.py:914} INFO - Processing file /home/airflow/.local/lib/python3.12/site-packages/airflow/example_dags/example_workday_timetable.py for tasks to queue
[2025-05-20T03:07:24.796+0000] {logging_mixin.py:190} INFO - [2025-05-20T03:07:24.795+0000] {dagbag.py:587} INFO - Filling up the DagBag from /home/airflow/.local/lib/python3.12/site-packages/airflow/example_dags/example_workday_timetable.py
[2025-05-20T03:07:24.808+0000] {processor.py:925} INFO - DAG(s) 'example_workday_timetable' retrieved from /home/airflow/.local/lib/python3.12/site-packages/airflow/example_dags/example_workday_timetable.py
[2025-05-20T03:07:24.847+0000] {logging_mixin.py:190} INFO - [2025-05-20T03:07:24.847+0000] {dag.py:3229} INFO - Sync 1 DAGs
[2025-05-20T03:07:24.937+0000] {logging_mixin.py:190} INFO - [2025-05-20T03:07:24.937+0000] {dag.py:4156} INFO - Setting next_dagrun for example_workday_timetable to 2021-01-04 00:00:00+00:00, run_after=2021-01-05 00:00:00+00:00
[2025-05-20T03:07:24.970+0000] {processor.py:208} INFO - Processing /home/airflow/.local/lib/python3.12/site-packages/airflow/example_dags/example_workday_timetable.py took 0.211 seconds
[2025-05-20T03:07:55.656+0000] {processor.py:186} INFO - Started process (PID=1798) to work on /home/airflow/.local/lib/python3.12/site-packages/airflow/example_dags/example_workday_timetable.py
[2025-05-20T03:07:55.660+0000] {processor.py:914} INFO - Processing file /home/airflow/.local/lib/python3.12/site-packages/airflow/example_dags/example_workday_timetable.py for tasks to queue
[2025-05-20T03:07:55.669+0000] {logging_mixin.py:190} INFO - [2025-05-20T03:07:55.668+0000] {dagbag.py:587} INFO - Filling up the DagBag from /home/airflow/.local/lib/python3.12/site-packages/airflow/example_dags/example_workday_timetable.py
[2025-05-20T03:07:55.682+0000] {processor.py:925} INFO - DAG(s) 'example_workday_timetable' retrieved from /home/airflow/.local/lib/python3.12/site-packages/airflow/example_dags/example_workday_timetable.py
[2025-05-20T03:07:55.747+0000] {logging_mixin.py:190} INFO - [2025-05-20T03:07:55.747+0000] {dag.py:3229} INFO - Sync 1 DAGs
[2025-05-20T03:07:55.803+0000] {logging_mixin.py:190} INFO - [2025-05-20T03:07:55.803+0000] {dag.py:4156} INFO - Setting next_dagrun for example_workday_timetable to 2021-01-04 00:00:00+00:00, run_after=2021-01-05 00:00:00+00:00
[2025-05-20T03:07:55.860+0000] {processor.py:208} INFO - Processing /home/airflow/.local/lib/python3.12/site-packages/airflow/example_dags/example_workday_timetable.py took 0.209 seconds
[2025-05-20T03:08:26.565+0000] {processor.py:186} INFO - Started process (PID=1866) to work on /home/airflow/.local/lib/python3.12/site-packages/airflow/example_dags/example_workday_timetable.py
[2025-05-20T03:08:26.567+0000] {processor.py:914} INFO - Processing file /home/airflow/.local/lib/python3.12/site-packages/airflow/example_dags/example_workday_timetable.py for tasks to queue
[2025-05-20T03:08:26.571+0000] {logging_mixin.py:190} INFO - [2025-05-20T03:08:26.571+0000] {dagbag.py:587} INFO - Filling up the DagBag from /home/airflow/.local/lib/python3.12/site-packages/airflow/example_dags/example_workday_timetable.py
[2025-05-20T03:08:26.583+0000] {processor.py:925} INFO - DAG(s) 'example_workday_timetable' retrieved from /home/airflow/.local/lib/python3.12/site-packages/airflow/example_dags/example_workday_timetable.py
[2025-05-20T03:08:26.645+0000] {logging_mixin.py:190} INFO - [2025-05-20T03:08:26.645+0000] {dag.py:3229} INFO - Sync 1 DAGs
[2025-05-20T03:08:26.784+0000] {logging_mixin.py:190} INFO - [2025-05-20T03:08:26.784+0000] {dag.py:4156} INFO - Setting next_dagrun for example_workday_timetable to 2021-01-04 00:00:00+00:00, run_after=2021-01-05 00:00:00+00:00
[2025-05-20T03:08:26.859+0000] {processor.py:208} INFO - Processing /home/airflow/.local/lib/python3.12/site-packages/airflow/example_dags/example_workday_timetable.py took 0.299 seconds
[2025-05-20T03:08:57.373+0000] {processor.py:186} INFO - Started process (PID=1929) to work on /home/airflow/.local/lib/python3.12/site-packages/airflow/example_dags/example_workday_timetable.py
[2025-05-20T03:08:57.377+0000] {processor.py:914} INFO - Processing file /home/airflow/.local/lib/python3.12/site-packages/airflow/example_dags/example_workday_timetable.py for tasks to queue
[2025-05-20T03:08:57.381+0000] {logging_mixin.py:190} INFO - [2025-05-20T03:08:57.381+0000] {dagbag.py:587} INFO - Filling up the DagBag from /home/airflow/.local/lib/python3.12/site-packages/airflow/example_dags/example_workday_timetable.py
[2025-05-20T03:08:57.401+0000] {processor.py:925} INFO - DAG(s) 'example_workday_timetable' retrieved from /home/airflow/.local/lib/python3.12/site-packages/airflow/example_dags/example_workday_timetable.py
[2025-05-20T03:08:57.465+0000] {logging_mixin.py:190} INFO - [2025-05-20T03:08:57.464+0000] {dag.py:3229} INFO - Sync 1 DAGs
[2025-05-20T03:08:57.625+0000] {logging_mixin.py:190} INFO - [2025-05-20T03:08:57.625+0000] {dag.py:4156} INFO - Setting next_dagrun for example_workday_timetable to 2021-01-04 00:00:00+00:00, run_after=2021-01-05 00:00:00+00:00
[2025-05-20T03:08:57.711+0000] {processor.py:208} INFO - Processing /home/airflow/.local/lib/python3.12/site-packages/airflow/example_dags/example_workday_timetable.py took 0.351 seconds
[2025-05-20T03:09:28.447+0000] {processor.py:186} INFO - Started process (PID=1993) to work on /home/airflow/.local/lib/python3.12/site-packages/airflow/example_dags/example_workday_timetable.py
[2025-05-20T03:09:28.449+0000] {processor.py:914} INFO - Processing file /home/airflow/.local/lib/python3.12/site-packages/airflow/example_dags/example_workday_timetable.py for tasks to queue
[2025-05-20T03:09:28.461+0000] {logging_mixin.py:190} INFO - [2025-05-20T03:09:28.461+0000] {dagbag.py:587} INFO - Filling up the DagBag from /home/airflow/.local/lib/python3.12/site-packages/airflow/example_dags/example_workday_timetable.py
[2025-05-20T03:09:28.470+0000] {processor.py:925} INFO - DAG(s) 'example_workday_timetable' retrieved from /home/airflow/.local/lib/python3.12/site-packages/airflow/example_dags/example_workday_timetable.py
[2025-05-20T03:09:28.511+0000] {logging_mixin.py:190} INFO - [2025-05-20T03:09:28.510+0000] {dag.py:3229} INFO - Sync 1 DAGs
[2025-05-20T03:09:28.609+0000] {logging_mixin.py:190} INFO - [2025-05-20T03:09:28.609+0000] {dag.py:4156} INFO - Setting next_dagrun for example_workday_timetable to 2021-01-04 00:00:00+00:00, run_after=2021-01-05 00:00:00+00:00
[2025-05-20T03:09:28.697+0000] {processor.py:208} INFO - Processing /home/airflow/.local/lib/python3.12/site-packages/airflow/example_dags/example_workday_timetable.py took 0.253 seconds
[2025-05-20T03:10:00.167+0000] {processor.py:186} INFO - Started process (PID=2056) to work on /home/airflow/.local/lib/python3.12/site-packages/airflow/example_dags/example_workday_timetable.py
[2025-05-20T03:10:00.177+0000] {processor.py:914} INFO - Processing file /home/airflow/.local/lib/python3.12/site-packages/airflow/example_dags/example_workday_timetable.py for tasks to queue
[2025-05-20T03:10:00.185+0000] {logging_mixin.py:190} INFO - [2025-05-20T03:10:00.183+0000] {dagbag.py:587} INFO - Filling up the DagBag from /home/airflow/.local/lib/python3.12/site-packages/airflow/example_dags/example_workday_timetable.py
[2025-05-20T03:10:00.197+0000] {processor.py:925} INFO - DAG(s) 'example_workday_timetable' retrieved from /home/airflow/.local/lib/python3.12/site-packages/airflow/example_dags/example_workday_timetable.py
[2025-05-20T03:10:00.263+0000] {logging_mixin.py:190} INFO - [2025-05-20T03:10:00.261+0000] {dag.py:3229} INFO - Sync 1 DAGs
[2025-05-20T03:10:00.333+0000] {logging_mixin.py:190} INFO - [2025-05-20T03:10:00.333+0000] {dag.py:4156} INFO - Setting next_dagrun for example_workday_timetable to 2021-01-04 00:00:00+00:00, run_after=2021-01-05 00:00:00+00:00
[2025-05-20T03:10:00.392+0000] {processor.py:208} INFO - Processing /home/airflow/.local/lib/python3.12/site-packages/airflow/example_dags/example_workday_timetable.py took 0.231 seconds
[2025-05-20T03:10:31.219+0000] {processor.py:186} INFO - Started process (PID=2119) to work on /home/airflow/.local/lib/python3.12/site-packages/airflow/example_dags/example_workday_timetable.py
[2025-05-20T03:10:31.220+0000] {processor.py:914} INFO - Processing file /home/airflow/.local/lib/python3.12/site-packages/airflow/example_dags/example_workday_timetable.py for tasks to queue
[2025-05-20T03:10:31.229+0000] {logging_mixin.py:190} INFO - [2025-05-20T03:10:31.227+0000] {dagbag.py:587} INFO - Filling up the DagBag from /home/airflow/.local/lib/python3.12/site-packages/airflow/example_dags/example_workday_timetable.py
[2025-05-20T03:10:31.240+0000] {processor.py:925} INFO - DAG(s) 'example_workday_timetable' retrieved from /home/airflow/.local/lib/python3.12/site-packages/airflow/example_dags/example_workday_timetable.py
[2025-05-20T03:10:31.281+0000] {logging_mixin.py:190} INFO - [2025-05-20T03:10:31.281+0000] {dag.py:3229} INFO - Sync 1 DAGs
[2025-05-20T03:10:31.346+0000] {logging_mixin.py:190} INFO - [2025-05-20T03:10:31.345+0000] {dag.py:4156} INFO - Setting next_dagrun for example_workday_timetable to 2021-01-04 00:00:00+00:00, run_after=2021-01-05 00:00:00+00:00
[2025-05-20T03:10:31.413+0000] {processor.py:208} INFO - Processing /home/airflow/.local/lib/python3.12/site-packages/airflow/example_dags/example_workday_timetable.py took 0.198 seconds
[2025-05-20T03:11:02.694+0000] {processor.py:186} INFO - Started process (PID=2181) to work on /home/airflow/.local/lib/python3.12/site-packages/airflow/example_dags/example_workday_timetable.py
[2025-05-20T03:11:02.696+0000] {processor.py:914} INFO - Processing file /home/airflow/.local/lib/python3.12/site-packages/airflow/example_dags/example_workday_timetable.py for tasks to queue
[2025-05-20T03:11:02.709+0000] {logging_mixin.py:190} INFO - [2025-05-20T03:11:02.706+0000] {dagbag.py:587} INFO - Filling up the DagBag from /home/airflow/.local/lib/python3.12/site-packages/airflow/example_dags/example_workday_timetable.py
[2025-05-20T03:11:02.718+0000] {processor.py:925} INFO - DAG(s) 'example_workday_timetable' retrieved from /home/airflow/.local/lib/python3.12/site-packages/airflow/example_dags/example_workday_timetable.py
[2025-05-20T03:11:02.770+0000] {logging_mixin.py:190} INFO - [2025-05-20T03:11:02.770+0000] {dag.py:3229} INFO - Sync 1 DAGs
[2025-05-20T03:11:02.841+0000] {logging_mixin.py:190} INFO - [2025-05-20T03:11:02.841+0000] {dag.py:4156} INFO - Setting next_dagrun for example_workday_timetable to 2021-01-04 00:00:00+00:00, run_after=2021-01-05 00:00:00+00:00
[2025-05-20T03:11:02.888+0000] {processor.py:208} INFO - Processing /home/airflow/.local/lib/python3.12/site-packages/airflow/example_dags/example_workday_timetable.py took 0.197 seconds
[2025-05-20T03:11:34.442+0000] {processor.py:186} INFO - Started process (PID=2244) to work on /home/airflow/.local/lib/python3.12/site-packages/airflow/example_dags/example_workday_timetable.py
[2025-05-20T03:11:34.443+0000] {processor.py:914} INFO - Processing file /home/airflow/.local/lib/python3.12/site-packages/airflow/example_dags/example_workday_timetable.py for tasks to queue
[2025-05-20T03:11:34.451+0000] {logging_mixin.py:190} INFO - [2025-05-20T03:11:34.449+0000] {dagbag.py:587} INFO - Filling up the DagBag from /home/airflow/.local/lib/python3.12/site-packages/airflow/example_dags/example_workday_timetable.py
[2025-05-20T03:11:34.465+0000] {processor.py:925} INFO - DAG(s) 'example_workday_timetable' retrieved from /home/airflow/.local/lib/python3.12/site-packages/airflow/example_dags/example_workday_timetable.py
[2025-05-20T03:11:34.529+0000] {logging_mixin.py:190} INFO - [2025-05-20T03:11:34.529+0000] {dag.py:3229} INFO - Sync 1 DAGs
[2025-05-20T03:11:34.626+0000] {logging_mixin.py:190} INFO - [2025-05-20T03:11:34.626+0000] {dag.py:4156} INFO - Setting next_dagrun for example_workday_timetable to 2021-01-04 00:00:00+00:00, run_after=2021-01-05 00:00:00+00:00
[2025-05-20T03:11:34.726+0000] {processor.py:208} INFO - Processing /home/airflow/.local/lib/python3.12/site-packages/airflow/example_dags/example_workday_timetable.py took 0.288 seconds
[2025-05-20T03:12:05.645+0000] {processor.py:186} INFO - Started process (PID=2307) to work on /home/airflow/.local/lib/python3.12/site-packages/airflow/example_dags/example_workday_timetable.py
[2025-05-20T03:12:05.647+0000] {processor.py:914} INFO - Processing file /home/airflow/.local/lib/python3.12/site-packages/airflow/example_dags/example_workday_timetable.py for tasks to queue
[2025-05-20T03:12:05.654+0000] {logging_mixin.py:190} INFO - [2025-05-20T03:12:05.653+0000] {dagbag.py:587} INFO - Filling up the DagBag from /home/airflow/.local/lib/python3.12/site-packages/airflow/example_dags/example_workday_timetable.py
[2025-05-20T03:12:05.675+0000] {processor.py:925} INFO - DAG(s) 'example_workday_timetable' retrieved from /home/airflow/.local/lib/python3.12/site-packages/airflow/example_dags/example_workday_timetable.py
[2025-05-20T03:12:05.733+0000] {logging_mixin.py:190} INFO - [2025-05-20T03:12:05.733+0000] {dag.py:3229} INFO - Sync 1 DAGs
[2025-05-20T03:12:05.972+0000] {logging_mixin.py:190} INFO - [2025-05-20T03:12:05.971+0000] {dag.py:4156} INFO - Setting next_dagrun for example_workday_timetable to 2021-01-04 00:00:00+00:00, run_after=2021-01-05 00:00:00+00:00
[2025-05-20T03:12:06.039+0000] {processor.py:208} INFO - Processing /home/airflow/.local/lib/python3.12/site-packages/airflow/example_dags/example_workday_timetable.py took 0.398 seconds
[2025-05-20T03:12:36.816+0000] {processor.py:186} INFO - Started process (PID=2369) to work on /home/airflow/.local/lib/python3.12/site-packages/airflow/example_dags/example_workday_timetable.py
[2025-05-20T03:12:36.818+0000] {processor.py:914} INFO - Processing file /home/airflow/.local/lib/python3.12/site-packages/airflow/example_dags/example_workday_timetable.py for tasks to queue
[2025-05-20T03:12:36.831+0000] {logging_mixin.py:190} INFO - [2025-05-20T03:12:36.828+0000] {dagbag.py:587} INFO - Filling up the DagBag from /home/airflow/.local/lib/python3.12/site-packages/airflow/example_dags/example_workday_timetable.py
[2025-05-20T03:12:36.850+0000] {processor.py:925} INFO - DAG(s) 'example_workday_timetable' retrieved from /home/airflow/.local/lib/python3.12/site-packages/airflow/example_dags/example_workday_timetable.py
[2025-05-20T03:12:36.910+0000] {logging_mixin.py:190} INFO - [2025-05-20T03:12:36.909+0000] {dag.py:3229} INFO - Sync 1 DAGs
[2025-05-20T03:12:36.971+0000] {logging_mixin.py:190} INFO - [2025-05-20T03:12:36.971+0000] {dag.py:4156} INFO - Setting next_dagrun for example_workday_timetable to 2021-01-04 00:00:00+00:00, run_after=2021-01-05 00:00:00+00:00
[2025-05-20T03:12:37.044+0000] {processor.py:208} INFO - Processing /home/airflow/.local/lib/python3.12/site-packages/airflow/example_dags/example_workday_timetable.py took 0.232 seconds
[2025-05-20T03:13:08.573+0000] {processor.py:186} INFO - Started process (PID=2431) to work on /home/airflow/.local/lib/python3.12/site-packages/airflow/example_dags/example_workday_timetable.py
[2025-05-20T03:13:08.579+0000] {processor.py:914} INFO - Processing file /home/airflow/.local/lib/python3.12/site-packages/airflow/example_dags/example_workday_timetable.py for tasks to queue
[2025-05-20T03:13:08.591+0000] {logging_mixin.py:190} INFO - [2025-05-20T03:13:08.589+0000] {dagbag.py:587} INFO - Filling up the DagBag from /home/airflow/.local/lib/python3.12/site-packages/airflow/example_dags/example_workday_timetable.py
[2025-05-20T03:13:08.617+0000] {processor.py:925} INFO - DAG(s) 'example_workday_timetable' retrieved from /home/airflow/.local/lib/python3.12/site-packages/airflow/example_dags/example_workday_timetable.py
[2025-05-20T03:13:08.687+0000] {logging_mixin.py:190} INFO - [2025-05-20T03:13:08.685+0000] {dag.py:3229} INFO - Sync 1 DAGs
[2025-05-20T03:13:08.772+0000] {logging_mixin.py:190} INFO - [2025-05-20T03:13:08.771+0000] {dag.py:4156} INFO - Setting next_dagrun for example_workday_timetable to 2021-01-04 00:00:00+00:00, run_after=2021-01-05 00:00:00+00:00
[2025-05-20T03:13:08.836+0000] {processor.py:208} INFO - Processing /home/airflow/.local/lib/python3.12/site-packages/airflow/example_dags/example_workday_timetable.py took 0.266 seconds
[2025-05-20T03:13:39.674+0000] {processor.py:186} INFO - Started process (PID=2495) to work on /home/airflow/.local/lib/python3.12/site-packages/airflow/example_dags/example_workday_timetable.py
[2025-05-20T03:13:39.685+0000] {processor.py:914} INFO - Processing file /home/airflow/.local/lib/python3.12/site-packages/airflow/example_dags/example_workday_timetable.py for tasks to queue
[2025-05-20T03:13:39.691+0000] {logging_mixin.py:190} INFO - [2025-05-20T03:13:39.691+0000] {dagbag.py:587} INFO - Filling up the DagBag from /home/airflow/.local/lib/python3.12/site-packages/airflow/example_dags/example_workday_timetable.py
[2025-05-20T03:13:39.731+0000] {processor.py:925} INFO - DAG(s) 'example_workday_timetable' retrieved from /home/airflow/.local/lib/python3.12/site-packages/airflow/example_dags/example_workday_timetable.py
[2025-05-20T03:13:39.796+0000] {logging_mixin.py:190} INFO - [2025-05-20T03:13:39.792+0000] {dag.py:3229} INFO - Sync 1 DAGs
[2025-05-20T03:13:39.887+0000] {logging_mixin.py:190} INFO - [2025-05-20T03:13:39.887+0000] {dag.py:4156} INFO - Setting next_dagrun for example_workday_timetable to 2021-01-04 00:00:00+00:00, run_after=2021-01-05 00:00:00+00:00
[2025-05-20T03:13:39.960+0000] {processor.py:208} INFO - Processing /home/airflow/.local/lib/python3.12/site-packages/airflow/example_dags/example_workday_timetable.py took 0.292 seconds
[2025-05-20T03:14:11.426+0000] {processor.py:186} INFO - Started process (PID=2558) to work on /home/airflow/.local/lib/python3.12/site-packages/airflow/example_dags/example_workday_timetable.py
[2025-05-20T03:14:11.428+0000] {processor.py:914} INFO - Processing file /home/airflow/.local/lib/python3.12/site-packages/airflow/example_dags/example_workday_timetable.py for tasks to queue
[2025-05-20T03:14:11.435+0000] {logging_mixin.py:190} INFO - [2025-05-20T03:14:11.434+0000] {dagbag.py:587} INFO - Filling up the DagBag from /home/airflow/.local/lib/python3.12/site-packages/airflow/example_dags/example_workday_timetable.py
[2025-05-20T03:14:11.451+0000] {processor.py:925} INFO - DAG(s) 'example_workday_timetable' retrieved from /home/airflow/.local/lib/python3.12/site-packages/airflow/example_dags/example_workday_timetable.py
[2025-05-20T03:14:11.509+0000] {logging_mixin.py:190} INFO - [2025-05-20T03:14:11.508+0000] {dag.py:3229} INFO - Sync 1 DAGs
[2025-05-20T03:14:11.583+0000] {logging_mixin.py:190} INFO - [2025-05-20T03:14:11.583+0000] {dag.py:4156} INFO - Setting next_dagrun for example_workday_timetable to 2021-01-04 00:00:00+00:00, run_after=2021-01-05 00:00:00+00:00
[2025-05-20T03:14:11.647+0000] {processor.py:208} INFO - Processing /home/airflow/.local/lib/python3.12/site-packages/airflow/example_dags/example_workday_timetable.py took 0.225 seconds
[2025-05-20T03:14:42.352+0000] {processor.py:186} INFO - Started process (PID=2621) to work on /home/airflow/.local/lib/python3.12/site-packages/airflow/example_dags/example_workday_timetable.py
[2025-05-20T03:14:42.354+0000] {processor.py:914} INFO - Processing file /home/airflow/.local/lib/python3.12/site-packages/airflow/example_dags/example_workday_timetable.py for tasks to queue
[2025-05-20T03:14:42.367+0000] {logging_mixin.py:190} INFO - [2025-05-20T03:14:42.367+0000] {dagbag.py:587} INFO - Filling up the DagBag from /home/airflow/.local/lib/python3.12/site-packages/airflow/example_dags/example_workday_timetable.py
[2025-05-20T03:14:42.381+0000] {processor.py:925} INFO - DAG(s) 'example_workday_timetable' retrieved from /home/airflow/.local/lib/python3.12/site-packages/airflow/example_dags/example_workday_timetable.py
[2025-05-20T03:14:42.452+0000] {logging_mixin.py:190} INFO - [2025-05-20T03:14:42.449+0000] {dag.py:3229} INFO - Sync 1 DAGs
[2025-05-20T03:14:42.529+0000] {logging_mixin.py:190} INFO - [2025-05-20T03:14:42.529+0000] {dag.py:4156} INFO - Setting next_dagrun for example_workday_timetable to 2021-01-04 00:00:00+00:00, run_after=2021-01-05 00:00:00+00:00
[2025-05-20T03:14:42.553+0000] {processor.py:208} INFO - Processing /home/airflow/.local/lib/python3.12/site-packages/airflow/example_dags/example_workday_timetable.py took 0.205 seconds
[2025-05-20T03:15:14.559+0000] {processor.py:186} INFO - Started process (PID=2684) to work on /home/airflow/.local/lib/python3.12/site-packages/airflow/example_dags/example_workday_timetable.py
[2025-05-20T03:15:14.563+0000] {processor.py:914} INFO - Processing file /home/airflow/.local/lib/python3.12/site-packages/airflow/example_dags/example_workday_timetable.py for tasks to queue
[2025-05-20T03:15:14.577+0000] {logging_mixin.py:190} INFO - [2025-05-20T03:15:14.576+0000] {dagbag.py:587} INFO - Filling up the DagBag from /home/airflow/.local/lib/python3.12/site-packages/airflow/example_dags/example_workday_timetable.py
[2025-05-20T03:15:14.613+0000] {processor.py:925} INFO - DAG(s) 'example_workday_timetable' retrieved from /home/airflow/.local/lib/python3.12/site-packages/airflow/example_dags/example_workday_timetable.py
[2025-05-20T03:15:14.711+0000] {logging_mixin.py:190} INFO - [2025-05-20T03:15:14.710+0000] {dag.py:3229} INFO - Sync 1 DAGs
[2025-05-20T03:15:14.791+0000] {logging_mixin.py:190} INFO - [2025-05-20T03:15:14.790+0000] {dag.py:4156} INFO - Setting next_dagrun for example_workday_timetable to 2021-01-04 00:00:00+00:00, run_after=2021-01-05 00:00:00+00:00
[2025-05-20T03:15:14.892+0000] {processor.py:208} INFO - Processing /home/airflow/.local/lib/python3.12/site-packages/airflow/example_dags/example_workday_timetable.py took 0.337 seconds
[2025-05-20T03:15:45.317+0000] {processor.py:186} INFO - Started process (PID=2747) to work on /home/airflow/.local/lib/python3.12/site-packages/airflow/example_dags/example_workday_timetable.py
[2025-05-20T03:15:45.320+0000] {processor.py:914} INFO - Processing file /home/airflow/.local/lib/python3.12/site-packages/airflow/example_dags/example_workday_timetable.py for tasks to queue
[2025-05-20T03:15:45.336+0000] {logging_mixin.py:190} INFO - [2025-05-20T03:15:45.334+0000] {dagbag.py:587} INFO - Filling up the DagBag from /home/airflow/.local/lib/python3.12/site-packages/airflow/example_dags/example_workday_timetable.py
[2025-05-20T03:15:45.349+0000] {processor.py:925} INFO - DAG(s) 'example_workday_timetable' retrieved from /home/airflow/.local/lib/python3.12/site-packages/airflow/example_dags/example_workday_timetable.py
[2025-05-20T03:15:45.386+0000] {logging_mixin.py:190} INFO - [2025-05-20T03:15:45.385+0000] {dag.py:3229} INFO - Sync 1 DAGs
[2025-05-20T03:15:45.454+0000] {logging_mixin.py:190} INFO - [2025-05-20T03:15:45.454+0000] {dag.py:4156} INFO - Setting next_dagrun for example_workday_timetable to 2021-01-04 00:00:00+00:00, run_after=2021-01-05 00:00:00+00:00
[2025-05-20T03:15:45.514+0000] {processor.py:208} INFO - Processing /home/airflow/.local/lib/python3.12/site-packages/airflow/example_dags/example_workday_timetable.py took 0.202 seconds
[2025-05-20T03:16:17.132+0000] {processor.py:186} INFO - Started process (PID=2810) to work on /home/airflow/.local/lib/python3.12/site-packages/airflow/example_dags/example_workday_timetable.py
[2025-05-20T03:16:17.133+0000] {processor.py:914} INFO - Processing file /home/airflow/.local/lib/python3.12/site-packages/airflow/example_dags/example_workday_timetable.py for tasks to queue
[2025-05-20T03:16:17.138+0000] {logging_mixin.py:190} INFO - [2025-05-20T03:16:17.136+0000] {dagbag.py:587} INFO - Filling up the DagBag from /home/airflow/.local/lib/python3.12/site-packages/airflow/example_dags/example_workday_timetable.py
[2025-05-20T03:16:17.173+0000] {processor.py:925} INFO - DAG(s) 'example_workday_timetable' retrieved from /home/airflow/.local/lib/python3.12/site-packages/airflow/example_dags/example_workday_timetable.py
[2025-05-20T03:16:17.235+0000] {logging_mixin.py:190} INFO - [2025-05-20T03:16:17.232+0000] {dag.py:3229} INFO - Sync 1 DAGs
[2025-05-20T03:16:17.324+0000] {logging_mixin.py:190} INFO - [2025-05-20T03:16:17.324+0000] {dag.py:4156} INFO - Setting next_dagrun for example_workday_timetable to 2021-01-04 00:00:00+00:00, run_after=2021-01-05 00:00:00+00:00
[2025-05-20T03:16:17.389+0000] {processor.py:208} INFO - Processing /home/airflow/.local/lib/python3.12/site-packages/airflow/example_dags/example_workday_timetable.py took 0.262 seconds
[2025-05-20T03:16:48.750+0000] {processor.py:186} INFO - Started process (PID=2873) to work on /home/airflow/.local/lib/python3.12/site-packages/airflow/example_dags/example_workday_timetable.py
[2025-05-20T03:16:48.753+0000] {processor.py:914} INFO - Processing file /home/airflow/.local/lib/python3.12/site-packages/airflow/example_dags/example_workday_timetable.py for tasks to queue
[2025-05-20T03:16:48.756+0000] {logging_mixin.py:190} INFO - [2025-05-20T03:16:48.755+0000] {dagbag.py:587} INFO - Filling up the DagBag from /home/airflow/.local/lib/python3.12/site-packages/airflow/example_dags/example_workday_timetable.py
[2025-05-20T03:16:48.764+0000] {processor.py:925} INFO - DAG(s) 'example_workday_timetable' retrieved from /home/airflow/.local/lib/python3.12/site-packages/airflow/example_dags/example_workday_timetable.py
[2025-05-20T03:16:48.788+0000] {logging_mixin.py:190} INFO - [2025-05-20T03:16:48.788+0000] {dag.py:3229} INFO - Sync 1 DAGs
[2025-05-20T03:16:48.897+0000] {logging_mixin.py:190} INFO - [2025-05-20T03:16:48.896+0000] {dag.py:4156} INFO - Setting next_dagrun for example_workday_timetable to 2021-01-04 00:00:00+00:00, run_after=2021-01-05 00:00:00+00:00
[2025-05-20T03:16:48.919+0000] {processor.py:208} INFO - Processing /home/airflow/.local/lib/python3.12/site-packages/airflow/example_dags/example_workday_timetable.py took 0.174 seconds
[2025-05-20T03:17:20.672+0000] {processor.py:186} INFO - Started process (PID=2936) to work on /home/airflow/.local/lib/python3.12/site-packages/airflow/example_dags/example_workday_timetable.py
[2025-05-20T03:17:20.673+0000] {processor.py:914} INFO - Processing file /home/airflow/.local/lib/python3.12/site-packages/airflow/example_dags/example_workday_timetable.py for tasks to queue
[2025-05-20T03:17:20.681+0000] {logging_mixin.py:190} INFO - [2025-05-20T03:17:20.679+0000] {dagbag.py:587} INFO - Filling up the DagBag from /home/airflow/.local/lib/python3.12/site-packages/airflow/example_dags/example_workday_timetable.py
[2025-05-20T03:17:20.692+0000] {processor.py:925} INFO - DAG(s) 'example_workday_timetable' retrieved from /home/airflow/.local/lib/python3.12/site-packages/airflow/example_dags/example_workday_timetable.py
[2025-05-20T03:17:20.736+0000] {logging_mixin.py:190} INFO - [2025-05-20T03:17:20.736+0000] {dag.py:3229} INFO - Sync 1 DAGs
[2025-05-20T03:17:20.793+0000] {logging_mixin.py:190} INFO - [2025-05-20T03:17:20.793+0000] {dag.py:4156} INFO - Setting next_dagrun for example_workday_timetable to 2021-01-04 00:00:00+00:00, run_after=2021-01-05 00:00:00+00:00
[2025-05-20T03:17:20.864+0000] {processor.py:208} INFO - Processing /home/airflow/.local/lib/python3.12/site-packages/airflow/example_dags/example_workday_timetable.py took 0.198 seconds
[2025-05-20T03:17:51.269+0000] {processor.py:186} INFO - Started process (PID=2999) to work on /home/airflow/.local/lib/python3.12/site-packages/airflow/example_dags/example_workday_timetable.py
[2025-05-20T03:17:51.270+0000] {processor.py:914} INFO - Processing file /home/airflow/.local/lib/python3.12/site-packages/airflow/example_dags/example_workday_timetable.py for tasks to queue
[2025-05-20T03:17:51.275+0000] {logging_mixin.py:190} INFO - [2025-05-20T03:17:51.274+0000] {dagbag.py:587} INFO - Filling up the DagBag from /home/airflow/.local/lib/python3.12/site-packages/airflow/example_dags/example_workday_timetable.py
[2025-05-20T03:17:51.291+0000] {processor.py:925} INFO - DAG(s) 'example_workday_timetable' retrieved from /home/airflow/.local/lib/python3.12/site-packages/airflow/example_dags/example_workday_timetable.py
[2025-05-20T03:17:51.319+0000] {logging_mixin.py:190} INFO - [2025-05-20T03:17:51.319+0000] {dag.py:3229} INFO - Sync 1 DAGs
[2025-05-20T03:17:51.441+0000] {logging_mixin.py:190} INFO - [2025-05-20T03:17:51.440+0000] {dag.py:4156} INFO - Setting next_dagrun for example_workday_timetable to 2021-01-04 00:00:00+00:00, run_after=2021-01-05 00:00:00+00:00
[2025-05-20T03:17:51.533+0000] {processor.py:208} INFO - Processing /home/airflow/.local/lib/python3.12/site-packages/airflow/example_dags/example_workday_timetable.py took 0.268 seconds
[2025-05-20T03:18:23.233+0000] {processor.py:186} INFO - Started process (PID=3061) to work on /home/airflow/.local/lib/python3.12/site-packages/airflow/example_dags/example_workday_timetable.py
[2025-05-20T03:18:23.235+0000] {processor.py:914} INFO - Processing file /home/airflow/.local/lib/python3.12/site-packages/airflow/example_dags/example_workday_timetable.py for tasks to queue
[2025-05-20T03:18:23.241+0000] {logging_mixin.py:190} INFO - [2025-05-20T03:18:23.240+0000] {dagbag.py:587} INFO - Filling up the DagBag from /home/airflow/.local/lib/python3.12/site-packages/airflow/example_dags/example_workday_timetable.py
[2025-05-20T03:18:23.249+0000] {processor.py:925} INFO - DAG(s) 'example_workday_timetable' retrieved from /home/airflow/.local/lib/python3.12/site-packages/airflow/example_dags/example_workday_timetable.py
[2025-05-20T03:18:23.302+0000] {logging_mixin.py:190} INFO - [2025-05-20T03:18:23.302+0000] {dag.py:3229} INFO - Sync 1 DAGs
[2025-05-20T03:18:23.575+0000] {logging_mixin.py:190} INFO - [2025-05-20T03:18:23.575+0000] {dag.py:4156} INFO - Setting next_dagrun for example_workday_timetable to 2021-01-04 00:00:00+00:00, run_after=2021-01-05 00:00:00+00:00
[2025-05-20T03:18:23.663+0000] {processor.py:208} INFO - Processing /home/airflow/.local/lib/python3.12/site-packages/airflow/example_dags/example_workday_timetable.py took 0.433 seconds
[2025-05-20T03:18:54.050+0000] {processor.py:186} INFO - Started process (PID=3124) to work on /home/airflow/.local/lib/python3.12/site-packages/airflow/example_dags/example_workday_timetable.py
[2025-05-20T03:18:54.051+0000] {processor.py:914} INFO - Processing file /home/airflow/.local/lib/python3.12/site-packages/airflow/example_dags/example_workday_timetable.py for tasks to queue
[2025-05-20T03:18:54.055+0000] {logging_mixin.py:190} INFO - [2025-05-20T03:18:54.054+0000] {dagbag.py:587} INFO - Filling up the DagBag from /home/airflow/.local/lib/python3.12/site-packages/airflow/example_dags/example_workday_timetable.py
[2025-05-20T03:18:54.064+0000] {processor.py:925} INFO - DAG(s) 'example_workday_timetable' retrieved from /home/airflow/.local/lib/python3.12/site-packages/airflow/example_dags/example_workday_timetable.py
[2025-05-20T03:18:54.092+0000] {logging_mixin.py:190} INFO - [2025-05-20T03:18:54.091+0000] {dag.py:3229} INFO - Sync 1 DAGs
[2025-05-20T03:18:54.200+0000] {logging_mixin.py:190} INFO - [2025-05-20T03:18:54.200+0000] {dag.py:4156} INFO - Setting next_dagrun for example_workday_timetable to 2021-01-04 00:00:00+00:00, run_after=2021-01-05 00:00:00+00:00
[2025-05-20T03:18:54.400+0000] {processor.py:208} INFO - Processing /home/airflow/.local/lib/python3.12/site-packages/airflow/example_dags/example_workday_timetable.py took 0.353 seconds
[2025-05-20T03:19:25.435+0000] {processor.py:186} INFO - Started process (PID=3186) to work on /home/airflow/.local/lib/python3.12/site-packages/airflow/example_dags/example_workday_timetable.py
[2025-05-20T03:19:25.436+0000] {processor.py:914} INFO - Processing file /home/airflow/.local/lib/python3.12/site-packages/airflow/example_dags/example_workday_timetable.py for tasks to queue
[2025-05-20T03:19:25.439+0000] {logging_mixin.py:190} INFO - [2025-05-20T03:19:25.439+0000] {dagbag.py:587} INFO - Filling up the DagBag from /home/airflow/.local/lib/python3.12/site-packages/airflow/example_dags/example_workday_timetable.py
[2025-05-20T03:19:25.454+0000] {processor.py:925} INFO - DAG(s) 'example_workday_timetable' retrieved from /home/airflow/.local/lib/python3.12/site-packages/airflow/example_dags/example_workday_timetable.py
[2025-05-20T03:19:25.485+0000] {logging_mixin.py:190} INFO - [2025-05-20T03:19:25.484+0000] {dag.py:3229} INFO - Sync 1 DAGs
[2025-05-20T03:19:25.575+0000] {logging_mixin.py:190} INFO - [2025-05-20T03:19:25.575+0000] {dag.py:4156} INFO - Setting next_dagrun for example_workday_timetable to 2021-01-04 00:00:00+00:00, run_after=2021-01-05 00:00:00+00:00
[2025-05-20T03:19:25.848+0000] {processor.py:208} INFO - Processing /home/airflow/.local/lib/python3.12/site-packages/airflow/example_dags/example_workday_timetable.py took 0.417 seconds
[2025-05-20T03:19:56.016+0000] {processor.py:186} INFO - Started process (PID=3248) to work on /home/airflow/.local/lib/python3.12/site-packages/airflow/example_dags/example_workday_timetable.py
[2025-05-20T03:19:56.018+0000] {processor.py:914} INFO - Processing file /home/airflow/.local/lib/python3.12/site-packages/airflow/example_dags/example_workday_timetable.py for tasks to queue
[2025-05-20T03:19:56.021+0000] {logging_mixin.py:190} INFO - [2025-05-20T03:19:56.021+0000] {dagbag.py:587} INFO - Filling up the DagBag from /home/airflow/.local/lib/python3.12/site-packages/airflow/example_dags/example_workday_timetable.py
[2025-05-20T03:19:56.036+0000] {processor.py:925} INFO - DAG(s) 'example_workday_timetable' retrieved from /home/airflow/.local/lib/python3.12/site-packages/airflow/example_dags/example_workday_timetable.py
[2025-05-20T03:19:56.085+0000] {logging_mixin.py:190} INFO - [2025-05-20T03:19:56.084+0000] {dag.py:3229} INFO - Sync 1 DAGs
[2025-05-20T03:19:56.286+0000] {logging_mixin.py:190} INFO - [2025-05-20T03:19:56.286+0000] {dag.py:4156} INFO - Setting next_dagrun for example_workday_timetable to 2021-01-04 00:00:00+00:00, run_after=2021-01-05 00:00:00+00:00
[2025-05-20T03:19:56.319+0000] {processor.py:208} INFO - Processing /home/airflow/.local/lib/python3.12/site-packages/airflow/example_dags/example_workday_timetable.py took 0.307 seconds
[2025-05-20T03:20:27.333+0000] {processor.py:186} INFO - Started process (PID=3311) to work on /home/airflow/.local/lib/python3.12/site-packages/airflow/example_dags/example_workday_timetable.py
[2025-05-20T03:20:27.344+0000] {processor.py:914} INFO - Processing file /home/airflow/.local/lib/python3.12/site-packages/airflow/example_dags/example_workday_timetable.py for tasks to queue
[2025-05-20T03:20:27.348+0000] {logging_mixin.py:190} INFO - [2025-05-20T03:20:27.348+0000] {dagbag.py:587} INFO - Filling up the DagBag from /home/airflow/.local/lib/python3.12/site-packages/airflow/example_dags/example_workday_timetable.py
[2025-05-20T03:20:27.372+0000] {processor.py:925} INFO - DAG(s) 'example_workday_timetable' retrieved from /home/airflow/.local/lib/python3.12/site-packages/airflow/example_dags/example_workday_timetable.py
[2025-05-20T03:20:27.494+0000] {logging_mixin.py:190} INFO - [2025-05-20T03:20:27.493+0000] {dag.py:3229} INFO - Sync 1 DAGs
[2025-05-20T03:20:27.571+0000] {logging_mixin.py:190} INFO - [2025-05-20T03:20:27.571+0000] {dag.py:4156} INFO - Setting next_dagrun for example_workday_timetable to 2021-01-04 00:00:00+00:00, run_after=2021-01-05 00:00:00+00:00
[2025-05-20T03:20:27.619+0000] {processor.py:208} INFO - Processing /home/airflow/.local/lib/python3.12/site-packages/airflow/example_dags/example_workday_timetable.py took 0.291 seconds
[2025-05-20T03:20:58.470+0000] {processor.py:186} INFO - Started process (PID=3373) to work on /home/airflow/.local/lib/python3.12/site-packages/airflow/example_dags/example_workday_timetable.py
[2025-05-20T03:20:58.472+0000] {processor.py:914} INFO - Processing file /home/airflow/.local/lib/python3.12/site-packages/airflow/example_dags/example_workday_timetable.py for tasks to queue
[2025-05-20T03:20:58.482+0000] {logging_mixin.py:190} INFO - [2025-05-20T03:20:58.481+0000] {dagbag.py:587} INFO - Filling up the DagBag from /home/airflow/.local/lib/python3.12/site-packages/airflow/example_dags/example_workday_timetable.py
[2025-05-20T03:20:58.508+0000] {processor.py:925} INFO - DAG(s) 'example_workday_timetable' retrieved from /home/airflow/.local/lib/python3.12/site-packages/airflow/example_dags/example_workday_timetable.py
[2025-05-20T03:20:58.559+0000] {logging_mixin.py:190} INFO - [2025-05-20T03:20:58.558+0000] {dag.py:3229} INFO - Sync 1 DAGs
[2025-05-20T03:20:58.629+0000] {logging_mixin.py:190} INFO - [2025-05-20T03:20:58.629+0000] {dag.py:4156} INFO - Setting next_dagrun for example_workday_timetable to 2021-01-04 00:00:00+00:00, run_after=2021-01-05 00:00:00+00:00
[2025-05-20T03:20:58.708+0000] {processor.py:208} INFO - Processing /home/airflow/.local/lib/python3.12/site-packages/airflow/example_dags/example_workday_timetable.py took 0.240 seconds
[2025-05-20T03:21:29.658+0000] {processor.py:186} INFO - Started process (PID=3436) to work on /home/airflow/.local/lib/python3.12/site-packages/airflow/example_dags/example_workday_timetable.py
[2025-05-20T03:21:29.660+0000] {processor.py:914} INFO - Processing file /home/airflow/.local/lib/python3.12/site-packages/airflow/example_dags/example_workday_timetable.py for tasks to queue
[2025-05-20T03:21:29.676+0000] {logging_mixin.py:190} INFO - [2025-05-20T03:21:29.674+0000] {dagbag.py:587} INFO - Filling up the DagBag from /home/airflow/.local/lib/python3.12/site-packages/airflow/example_dags/example_workday_timetable.py
[2025-05-20T03:21:29.685+0000] {processor.py:925} INFO - DAG(s) 'example_workday_timetable' retrieved from /home/airflow/.local/lib/python3.12/site-packages/airflow/example_dags/example_workday_timetable.py
[2025-05-20T03:21:29.761+0000] {logging_mixin.py:190} INFO - [2025-05-20T03:21:29.760+0000] {dag.py:3229} INFO - Sync 1 DAGs
[2025-05-20T03:21:29.847+0000] {logging_mixin.py:190} INFO - [2025-05-20T03:21:29.847+0000] {dag.py:4156} INFO - Setting next_dagrun for example_workday_timetable to 2021-01-04 00:00:00+00:00, run_after=2021-01-05 00:00:00+00:00
[2025-05-20T03:21:29.918+0000] {processor.py:208} INFO - Processing /home/airflow/.local/lib/python3.12/site-packages/airflow/example_dags/example_workday_timetable.py took 0.263 seconds
[2025-05-20T03:22:00.712+0000] {processor.py:186} INFO - Started process (PID=3505) to work on /home/airflow/.local/lib/python3.12/site-packages/airflow/example_dags/example_workday_timetable.py
[2025-05-20T03:22:00.716+0000] {processor.py:914} INFO - Processing file /home/airflow/.local/lib/python3.12/site-packages/airflow/example_dags/example_workday_timetable.py for tasks to queue
[2025-05-20T03:22:00.728+0000] {logging_mixin.py:190} INFO - [2025-05-20T03:22:00.728+0000] {dagbag.py:587} INFO - Filling up the DagBag from /home/airflow/.local/lib/python3.12/site-packages/airflow/example_dags/example_workday_timetable.py
[2025-05-20T03:22:00.741+0000] {processor.py:925} INFO - DAG(s) 'example_workday_timetable' retrieved from /home/airflow/.local/lib/python3.12/site-packages/airflow/example_dags/example_workday_timetable.py
[2025-05-20T03:22:00.774+0000] {logging_mixin.py:190} INFO - [2025-05-20T03:22:00.774+0000] {dag.py:3229} INFO - Sync 1 DAGs
[2025-05-20T03:22:00.875+0000] {logging_mixin.py:190} INFO - [2025-05-20T03:22:00.875+0000] {dag.py:4156} INFO - Setting next_dagrun for example_workday_timetable to 2021-01-04 00:00:00+00:00, run_after=2021-01-05 00:00:00+00:00
[2025-05-20T03:22:00.951+0000] {processor.py:208} INFO - Processing /home/airflow/.local/lib/python3.12/site-packages/airflow/example_dags/example_workday_timetable.py took 0.243 seconds
[2025-05-20T03:22:32.237+0000] {processor.py:186} INFO - Started process (PID=3568) to work on /home/airflow/.local/lib/python3.12/site-packages/airflow/example_dags/example_workday_timetable.py
[2025-05-20T03:22:32.239+0000] {processor.py:914} INFO - Processing file /home/airflow/.local/lib/python3.12/site-packages/airflow/example_dags/example_workday_timetable.py for tasks to queue
[2025-05-20T03:22:32.245+0000] {logging_mixin.py:190} INFO - [2025-05-20T03:22:32.244+0000] {dagbag.py:587} INFO - Filling up the DagBag from /home/airflow/.local/lib/python3.12/site-packages/airflow/example_dags/example_workday_timetable.py
[2025-05-20T03:22:32.263+0000] {processor.py:925} INFO - DAG(s) 'example_workday_timetable' retrieved from /home/airflow/.local/lib/python3.12/site-packages/airflow/example_dags/example_workday_timetable.py
[2025-05-20T03:22:32.325+0000] {logging_mixin.py:190} INFO - [2025-05-20T03:22:32.324+0000] {dag.py:3229} INFO - Sync 1 DAGs
[2025-05-20T03:22:32.465+0000] {logging_mixin.py:190} INFO - [2025-05-20T03:22:32.465+0000] {dag.py:4156} INFO - Setting next_dagrun for example_workday_timetable to 2021-01-04 00:00:00+00:00, run_after=2021-01-05 00:00:00+00:00
[2025-05-20T03:22:32.503+0000] {processor.py:208} INFO - Processing /home/airflow/.local/lib/python3.12/site-packages/airflow/example_dags/example_workday_timetable.py took 0.270 seconds
[2025-05-20T03:23:03.402+0000] {processor.py:186} INFO - Started process (PID=3630) to work on /home/airflow/.local/lib/python3.12/site-packages/airflow/example_dags/example_workday_timetable.py
[2025-05-20T03:23:03.405+0000] {processor.py:914} INFO - Processing file /home/airflow/.local/lib/python3.12/site-packages/airflow/example_dags/example_workday_timetable.py for tasks to queue
[2025-05-20T03:23:03.418+0000] {logging_mixin.py:190} INFO - [2025-05-20T03:23:03.413+0000] {dagbag.py:587} INFO - Filling up the DagBag from /home/airflow/.local/lib/python3.12/site-packages/airflow/example_dags/example_workday_timetable.py
[2025-05-20T03:23:03.423+0000] {processor.py:925} INFO - DAG(s) 'example_workday_timetable' retrieved from /home/airflow/.local/lib/python3.12/site-packages/airflow/example_dags/example_workday_timetable.py
[2025-05-20T03:23:03.486+0000] {logging_mixin.py:190} INFO - [2025-05-20T03:23:03.486+0000] {dag.py:3229} INFO - Sync 1 DAGs
[2025-05-20T03:23:03.576+0000] {logging_mixin.py:190} INFO - [2025-05-20T03:23:03.576+0000] {dag.py:4156} INFO - Setting next_dagrun for example_workday_timetable to 2021-01-04 00:00:00+00:00, run_after=2021-01-05 00:00:00+00:00
[2025-05-20T03:23:03.634+0000] {processor.py:208} INFO - Processing /home/airflow/.local/lib/python3.12/site-packages/airflow/example_dags/example_workday_timetable.py took 0.238 seconds
[2025-05-20T03:23:34.052+0000] {processor.py:186} INFO - Started process (PID=3693) to work on /home/airflow/.local/lib/python3.12/site-packages/airflow/example_dags/example_workday_timetable.py
[2025-05-20T03:23:34.054+0000] {processor.py:914} INFO - Processing file /home/airflow/.local/lib/python3.12/site-packages/airflow/example_dags/example_workday_timetable.py for tasks to queue
[2025-05-20T03:23:34.064+0000] {logging_mixin.py:190} INFO - [2025-05-20T03:23:34.061+0000] {dagbag.py:587} INFO - Filling up the DagBag from /home/airflow/.local/lib/python3.12/site-packages/airflow/example_dags/example_workday_timetable.py
[2025-05-20T03:23:34.090+0000] {processor.py:925} INFO - DAG(s) 'example_workday_timetable' retrieved from /home/airflow/.local/lib/python3.12/site-packages/airflow/example_dags/example_workday_timetable.py
[2025-05-20T03:23:34.155+0000] {logging_mixin.py:190} INFO - [2025-05-20T03:23:34.155+0000] {dag.py:3229} INFO - Sync 1 DAGs
[2025-05-20T03:23:34.230+0000] {logging_mixin.py:190} INFO - [2025-05-20T03:23:34.230+0000] {dag.py:4156} INFO - Setting next_dagrun for example_workday_timetable to 2021-01-04 00:00:00+00:00, run_after=2021-01-05 00:00:00+00:00
[2025-05-20T03:23:34.309+0000] {processor.py:208} INFO - Processing /home/airflow/.local/lib/python3.12/site-packages/airflow/example_dags/example_workday_timetable.py took 0.261 seconds
[2025-05-20T03:24:05.341+0000] {processor.py:186} INFO - Started process (PID=3756) to work on /home/airflow/.local/lib/python3.12/site-packages/airflow/example_dags/example_workday_timetable.py
[2025-05-20T03:24:05.345+0000] {processor.py:914} INFO - Processing file /home/airflow/.local/lib/python3.12/site-packages/airflow/example_dags/example_workday_timetable.py for tasks to queue
[2025-05-20T03:24:05.354+0000] {logging_mixin.py:190} INFO - [2025-05-20T03:24:05.354+0000] {dagbag.py:587} INFO - Filling up the DagBag from /home/airflow/.local/lib/python3.12/site-packages/airflow/example_dags/example_workday_timetable.py
[2025-05-20T03:24:05.372+0000] {processor.py:925} INFO - DAG(s) 'example_workday_timetable' retrieved from /home/airflow/.local/lib/python3.12/site-packages/airflow/example_dags/example_workday_timetable.py
[2025-05-20T03:24:05.438+0000] {logging_mixin.py:190} INFO - [2025-05-20T03:24:05.437+0000] {dag.py:3229} INFO - Sync 1 DAGs
[2025-05-20T03:24:05.534+0000] {logging_mixin.py:190} INFO - [2025-05-20T03:24:05.533+0000] {dag.py:4156} INFO - Setting next_dagrun for example_workday_timetable to 2021-01-04 00:00:00+00:00, run_after=2021-01-05 00:00:00+00:00
[2025-05-20T03:24:05.597+0000] {processor.py:208} INFO - Processing /home/airflow/.local/lib/python3.12/site-packages/airflow/example_dags/example_workday_timetable.py took 0.260 seconds
[2025-05-20T03:24:36.205+0000] {processor.py:186} INFO - Started process (PID=3818) to work on /home/airflow/.local/lib/python3.12/site-packages/airflow/example_dags/example_workday_timetable.py
[2025-05-20T03:24:36.210+0000] {processor.py:914} INFO - Processing file /home/airflow/.local/lib/python3.12/site-packages/airflow/example_dags/example_workday_timetable.py for tasks to queue
[2025-05-20T03:24:36.219+0000] {logging_mixin.py:190} INFO - [2025-05-20T03:24:36.219+0000] {dagbag.py:587} INFO - Filling up the DagBag from /home/airflow/.local/lib/python3.12/site-packages/airflow/example_dags/example_workday_timetable.py
[2025-05-20T03:24:36.231+0000] {processor.py:925} INFO - DAG(s) 'example_workday_timetable' retrieved from /home/airflow/.local/lib/python3.12/site-packages/airflow/example_dags/example_workday_timetable.py
[2025-05-20T03:24:36.255+0000] {logging_mixin.py:190} INFO - [2025-05-20T03:24:36.255+0000] {dag.py:3229} INFO - Sync 1 DAGs
[2025-05-20T03:24:36.342+0000] {logging_mixin.py:190} INFO - [2025-05-20T03:24:36.342+0000] {dag.py:4156} INFO - Setting next_dagrun for example_workday_timetable to 2021-01-04 00:00:00+00:00, run_after=2021-01-05 00:00:00+00:00
[2025-05-20T03:24:36.404+0000] {processor.py:208} INFO - Processing /home/airflow/.local/lib/python3.12/site-packages/airflow/example_dags/example_workday_timetable.py took 0.206 seconds
[2025-05-20T03:25:07.606+0000] {processor.py:186} INFO - Started process (PID=3880) to work on /home/airflow/.local/lib/python3.12/site-packages/airflow/example_dags/example_workday_timetable.py
[2025-05-20T03:25:07.610+0000] {processor.py:914} INFO - Processing file /home/airflow/.local/lib/python3.12/site-packages/airflow/example_dags/example_workday_timetable.py for tasks to queue
[2025-05-20T03:25:07.618+0000] {logging_mixin.py:190} INFO - [2025-05-20T03:25:07.617+0000] {dagbag.py:587} INFO - Filling up the DagBag from /home/airflow/.local/lib/python3.12/site-packages/airflow/example_dags/example_workday_timetable.py
[2025-05-20T03:25:07.634+0000] {processor.py:925} INFO - DAG(s) 'example_workday_timetable' retrieved from /home/airflow/.local/lib/python3.12/site-packages/airflow/example_dags/example_workday_timetable.py
[2025-05-20T03:25:07.685+0000] {logging_mixin.py:190} INFO - [2025-05-20T03:25:07.684+0000] {dag.py:3229} INFO - Sync 1 DAGs
[2025-05-20T03:25:07.785+0000] {logging_mixin.py:190} INFO - [2025-05-20T03:25:07.784+0000] {dag.py:4156} INFO - Setting next_dagrun for example_workday_timetable to 2021-01-04 00:00:00+00:00, run_after=2021-01-05 00:00:00+00:00
[2025-05-20T03:25:07.851+0000] {processor.py:208} INFO - Processing /home/airflow/.local/lib/python3.12/site-packages/airflow/example_dags/example_workday_timetable.py took 0.248 seconds
