[2025-05-20T02:50:58.373+0000] {processor.py:186} INFO - Started process (PID=94) to work on /home/airflow/.local/lib/python3.12/site-packages/airflow/example_dags/example_nested_branch_dag.py
[2025-05-20T02:50:58.374+0000] {processor.py:914} INFO - Processing file /home/airflow/.local/lib/python3.12/site-packages/airflow/example_dags/example_nested_branch_dag.py for tasks to queue
[2025-05-20T02:50:58.378+0000] {logging_mixin.py:190} INFO - [2025-05-20T02:50:58.377+0000] {dagbag.py:587} INFO - Filling up the DagBag from /home/airflow/.local/lib/python3.12/site-packages/airflow/example_dags/example_nested_branch_dag.py
[2025-05-20T02:50:58.402+0000] {processor.py:925} INFO - DAG(s) 'example_nested_branch_dag' retrieved from /home/airflow/.local/lib/python3.12/site-packages/airflow/example_dags/example_nested_branch_dag.py
[2025-05-20T02:50:58.698+0000] {logging_mixin.py:190} INFO - [2025-05-20T02:50:58.697+0000] {override.py:1900} INFO - Created Permission View: can read on DAG:example_nested_branch_dag
[2025-05-20T02:50:58.715+0000] {logging_mixin.py:190} INFO - [2025-05-20T02:50:58.715+0000] {override.py:1900} INFO - Created Permission View: can delete on DAG:example_nested_branch_dag
[2025-05-20T02:50:58.730+0000] {logging_mixin.py:190} INFO - [2025-05-20T02:50:58.730+0000] {override.py:1900} INFO - Created Permission View: can edit on DAG:example_nested_branch_dag
[2025-05-20T02:50:58.748+0000] {logging_mixin.py:190} INFO - [2025-05-20T02:50:58.748+0000] {override.py:1900} INFO - Created Permission View: can read on DAG Run:example_nested_branch_dag
[2025-05-20T02:50:58.801+0000] {logging_mixin.py:190} INFO - [2025-05-20T02:50:58.801+0000] {override.py:1900} INFO - Created Permission View: can delete on DAG Run:example_nested_branch_dag
[2025-05-20T02:50:58.862+0000] {logging_mixin.py:190} INFO - [2025-05-20T02:50:58.862+0000] {override.py:1900} INFO - Created Permission View: can create on DAG Run:example_nested_branch_dag
[2025-05-20T02:50:58.942+0000] {logging_mixin.py:190} INFO - [2025-05-20T02:50:58.941+0000] {override.py:1900} INFO - Created Permission View: menu access on DAG Run:example_nested_branch_dag
[2025-05-20T02:50:58.944+0000] {logging_mixin.py:190} INFO - [2025-05-20T02:50:58.944+0000] {dag.py:3229} INFO - Sync 1 DAGs
[2025-05-20T02:50:58.986+0000] {logging_mixin.py:190} INFO - [2025-05-20T02:50:58.986+0000] {dag.py:3252} INFO - Creating ORM DAG for example_nested_branch_dag
[2025-05-20T02:50:59.013+0000] {logging_mixin.py:190} INFO - [2025-05-20T02:50:59.012+0000] {dag.py:4156} INFO - Setting next_dagrun for example_nested_branch_dag to 2025-05-19 00:00:00+00:00, run_after=2025-05-20 00:00:00+00:00
[2025-05-20T02:50:59.084+0000] {processor.py:208} INFO - Processing /home/airflow/.local/lib/python3.12/site-packages/airflow/example_dags/example_nested_branch_dag.py took 0.715 seconds
[2025-05-20T02:51:29.801+0000] {processor.py:186} INFO - Started process (PID=156) to work on /home/airflow/.local/lib/python3.12/site-packages/airflow/example_dags/example_nested_branch_dag.py
[2025-05-20T02:51:29.802+0000] {processor.py:914} INFO - Processing file /home/airflow/.local/lib/python3.12/site-packages/airflow/example_dags/example_nested_branch_dag.py for tasks to queue
[2025-05-20T02:51:29.808+0000] {logging_mixin.py:190} INFO - [2025-05-20T02:51:29.807+0000] {dagbag.py:587} INFO - Filling up the DagBag from /home/airflow/.local/lib/python3.12/site-packages/airflow/example_dags/example_nested_branch_dag.py
[2025-05-20T02:51:29.837+0000] {processor.py:925} INFO - DAG(s) 'example_nested_branch_dag' retrieved from /home/airflow/.local/lib/python3.12/site-packages/airflow/example_dags/example_nested_branch_dag.py
[2025-05-20T02:51:29.893+0000] {logging_mixin.py:190} INFO - [2025-05-20T02:51:29.892+0000] {dag.py:3229} INFO - Sync 1 DAGs
[2025-05-20T02:51:29.945+0000] {logging_mixin.py:190} INFO - [2025-05-20T02:51:29.945+0000] {dag.py:4156} INFO - Setting next_dagrun for example_nested_branch_dag to 2025-05-19 00:00:00+00:00, run_after=2025-05-20 00:00:00+00:00
[2025-05-20T02:51:29.994+0000] {processor.py:208} INFO - Processing /home/airflow/.local/lib/python3.12/site-packages/airflow/example_dags/example_nested_branch_dag.py took 0.199 seconds
[2025-05-20T02:52:00.376+0000] {processor.py:186} INFO - Started process (PID=218) to work on /home/airflow/.local/lib/python3.12/site-packages/airflow/example_dags/example_nested_branch_dag.py
[2025-05-20T02:52:00.378+0000] {processor.py:914} INFO - Processing file /home/airflow/.local/lib/python3.12/site-packages/airflow/example_dags/example_nested_branch_dag.py for tasks to queue
[2025-05-20T02:52:00.386+0000] {logging_mixin.py:190} INFO - [2025-05-20T02:52:00.383+0000] {dagbag.py:587} INFO - Filling up the DagBag from /home/airflow/.local/lib/python3.12/site-packages/airflow/example_dags/example_nested_branch_dag.py
[2025-05-20T02:52:00.408+0000] {processor.py:925} INFO - DAG(s) 'example_nested_branch_dag' retrieved from /home/airflow/.local/lib/python3.12/site-packages/airflow/example_dags/example_nested_branch_dag.py
[2025-05-20T02:52:00.469+0000] {logging_mixin.py:190} INFO - [2025-05-20T02:52:00.468+0000] {dag.py:3229} INFO - Sync 1 DAGs
[2025-05-20T02:52:00.509+0000] {logging_mixin.py:190} INFO - [2025-05-20T02:52:00.508+0000] {dag.py:4156} INFO - Setting next_dagrun for example_nested_branch_dag to 2025-05-19 00:00:00+00:00, run_after=2025-05-20 00:00:00+00:00
[2025-05-20T02:52:00.568+0000] {processor.py:208} INFO - Processing /home/airflow/.local/lib/python3.12/site-packages/airflow/example_dags/example_nested_branch_dag.py took 0.198 seconds
[2025-05-20T02:53:59.796+0000] {processor.py:186} INFO - Started process (PID=95) to work on /home/airflow/.local/lib/python3.12/site-packages/airflow/example_dags/example_nested_branch_dag.py
[2025-05-20T02:53:59.799+0000] {processor.py:914} INFO - Processing file /home/airflow/.local/lib/python3.12/site-packages/airflow/example_dags/example_nested_branch_dag.py for tasks to queue
[2025-05-20T02:53:59.811+0000] {logging_mixin.py:190} INFO - [2025-05-20T02:53:59.810+0000] {dagbag.py:587} INFO - Filling up the DagBag from /home/airflow/.local/lib/python3.12/site-packages/airflow/example_dags/example_nested_branch_dag.py
[2025-05-20T02:53:59.848+0000] {processor.py:925} INFO - DAG(s) 'example_nested_branch_dag' retrieved from /home/airflow/.local/lib/python3.12/site-packages/airflow/example_dags/example_nested_branch_dag.py
[2025-05-20T02:53:59.891+0000] {logging_mixin.py:190} INFO - [2025-05-20T02:53:59.890+0000] {dag.py:3229} INFO - Sync 1 DAGs
[2025-05-20T02:53:59.923+0000] {logging_mixin.py:190} INFO - [2025-05-20T02:53:59.919+0000] {dag.py:4156} INFO - Setting next_dagrun for example_nested_branch_dag to 2025-05-19 00:00:00+00:00, run_after=2025-05-20 00:00:00+00:00
[2025-05-20T02:53:59.976+0000] {processor.py:208} INFO - Processing /home/airflow/.local/lib/python3.12/site-packages/airflow/example_dags/example_nested_branch_dag.py took 0.190 seconds
[2025-05-20T02:54:30.369+0000] {processor.py:186} INFO - Started process (PID=158) to work on /home/airflow/.local/lib/python3.12/site-packages/airflow/example_dags/example_nested_branch_dag.py
[2025-05-20T02:54:30.373+0000] {processor.py:914} INFO - Processing file /home/airflow/.local/lib/python3.12/site-packages/airflow/example_dags/example_nested_branch_dag.py for tasks to queue
[2025-05-20T02:54:30.384+0000] {logging_mixin.py:190} INFO - [2025-05-20T02:54:30.383+0000] {dagbag.py:587} INFO - Filling up the DagBag from /home/airflow/.local/lib/python3.12/site-packages/airflow/example_dags/example_nested_branch_dag.py
[2025-05-20T02:54:30.410+0000] {processor.py:925} INFO - DAG(s) 'example_nested_branch_dag' retrieved from /home/airflow/.local/lib/python3.12/site-packages/airflow/example_dags/example_nested_branch_dag.py
[2025-05-20T02:54:30.469+0000] {logging_mixin.py:190} INFO - [2025-05-20T02:54:30.469+0000] {dag.py:3229} INFO - Sync 1 DAGs
[2025-05-20T02:54:30.499+0000] {logging_mixin.py:190} INFO - [2025-05-20T02:54:30.498+0000] {dag.py:4156} INFO - Setting next_dagrun for example_nested_branch_dag to 2025-05-19 00:00:00+00:00, run_after=2025-05-20 00:00:00+00:00
[2025-05-20T02:54:30.583+0000] {processor.py:208} INFO - Processing /home/airflow/.local/lib/python3.12/site-packages/airflow/example_dags/example_nested_branch_dag.py took 0.219 seconds
[2025-05-20T02:55:02.178+0000] {processor.py:186} INFO - Started process (PID=221) to work on /home/airflow/.local/lib/python3.12/site-packages/airflow/example_dags/example_nested_branch_dag.py
[2025-05-20T02:55:02.181+0000] {processor.py:914} INFO - Processing file /home/airflow/.local/lib/python3.12/site-packages/airflow/example_dags/example_nested_branch_dag.py for tasks to queue
[2025-05-20T02:55:02.188+0000] {logging_mixin.py:190} INFO - [2025-05-20T02:55:02.187+0000] {dagbag.py:587} INFO - Filling up the DagBag from /home/airflow/.local/lib/python3.12/site-packages/airflow/example_dags/example_nested_branch_dag.py
[2025-05-20T02:55:02.205+0000] {processor.py:925} INFO - DAG(s) 'example_nested_branch_dag' retrieved from /home/airflow/.local/lib/python3.12/site-packages/airflow/example_dags/example_nested_branch_dag.py
[2025-05-20T02:55:02.281+0000] {logging_mixin.py:190} INFO - [2025-05-20T02:55:02.278+0000] {dag.py:3229} INFO - Sync 1 DAGs
[2025-05-20T02:55:02.364+0000] {logging_mixin.py:190} INFO - [2025-05-20T02:55:02.363+0000] {dag.py:4156} INFO - Setting next_dagrun for example_nested_branch_dag to 2025-05-19 00:00:00+00:00, run_after=2025-05-20 00:00:00+00:00
[2025-05-20T02:55:02.394+0000] {processor.py:208} INFO - Processing /home/airflow/.local/lib/python3.12/site-packages/airflow/example_dags/example_nested_branch_dag.py took 0.222 seconds
[2025-05-20T02:55:33.312+0000] {processor.py:186} INFO - Started process (PID=284) to work on /home/airflow/.local/lib/python3.12/site-packages/airflow/example_dags/example_nested_branch_dag.py
[2025-05-20T02:55:33.314+0000] {processor.py:914} INFO - Processing file /home/airflow/.local/lib/python3.12/site-packages/airflow/example_dags/example_nested_branch_dag.py for tasks to queue
[2025-05-20T02:55:33.337+0000] {logging_mixin.py:190} INFO - [2025-05-20T02:55:33.330+0000] {dagbag.py:587} INFO - Filling up the DagBag from /home/airflow/.local/lib/python3.12/site-packages/airflow/example_dags/example_nested_branch_dag.py
[2025-05-20T02:55:33.357+0000] {processor.py:925} INFO - DAG(s) 'example_nested_branch_dag' retrieved from /home/airflow/.local/lib/python3.12/site-packages/airflow/example_dags/example_nested_branch_dag.py
[2025-05-20T02:55:33.416+0000] {logging_mixin.py:190} INFO - [2025-05-20T02:55:33.414+0000] {dag.py:3229} INFO - Sync 1 DAGs
[2025-05-20T02:55:33.467+0000] {logging_mixin.py:190} INFO - [2025-05-20T02:55:33.467+0000] {dag.py:4156} INFO - Setting next_dagrun for example_nested_branch_dag to 2025-05-19 00:00:00+00:00, run_after=2025-05-20 00:00:00+00:00
[2025-05-20T02:55:33.523+0000] {processor.py:208} INFO - Processing /home/airflow/.local/lib/python3.12/site-packages/airflow/example_dags/example_nested_branch_dag.py took 0.215 seconds
[2025-05-20T02:56:04.467+0000] {processor.py:186} INFO - Started process (PID=347) to work on /home/airflow/.local/lib/python3.12/site-packages/airflow/example_dags/example_nested_branch_dag.py
[2025-05-20T02:56:04.469+0000] {processor.py:914} INFO - Processing file /home/airflow/.local/lib/python3.12/site-packages/airflow/example_dags/example_nested_branch_dag.py for tasks to queue
[2025-05-20T02:56:04.473+0000] {logging_mixin.py:190} INFO - [2025-05-20T02:56:04.472+0000] {dagbag.py:587} INFO - Filling up the DagBag from /home/airflow/.local/lib/python3.12/site-packages/airflow/example_dags/example_nested_branch_dag.py
[2025-05-20T02:56:04.497+0000] {processor.py:925} INFO - DAG(s) 'example_nested_branch_dag' retrieved from /home/airflow/.local/lib/python3.12/site-packages/airflow/example_dags/example_nested_branch_dag.py
[2025-05-20T02:56:04.529+0000] {logging_mixin.py:190} INFO - [2025-05-20T02:56:04.529+0000] {dag.py:3229} INFO - Sync 1 DAGs
[2025-05-20T02:56:04.571+0000] {logging_mixin.py:190} INFO - [2025-05-20T02:56:04.570+0000] {dag.py:4156} INFO - Setting next_dagrun for example_nested_branch_dag to 2025-05-19 00:00:00+00:00, run_after=2025-05-20 00:00:00+00:00
[2025-05-20T02:56:04.606+0000] {processor.py:208} INFO - Processing /home/airflow/.local/lib/python3.12/site-packages/airflow/example_dags/example_nested_branch_dag.py took 0.142 seconds
[2025-05-20T02:56:35.694+0000] {processor.py:186} INFO - Started process (PID=410) to work on /home/airflow/.local/lib/python3.12/site-packages/airflow/example_dags/example_nested_branch_dag.py
[2025-05-20T02:56:35.695+0000] {processor.py:914} INFO - Processing file /home/airflow/.local/lib/python3.12/site-packages/airflow/example_dags/example_nested_branch_dag.py for tasks to queue
[2025-05-20T02:56:35.702+0000] {logging_mixin.py:190} INFO - [2025-05-20T02:56:35.701+0000] {dagbag.py:587} INFO - Filling up the DagBag from /home/airflow/.local/lib/python3.12/site-packages/airflow/example_dags/example_nested_branch_dag.py
[2025-05-20T02:56:35.732+0000] {processor.py:925} INFO - DAG(s) 'example_nested_branch_dag' retrieved from /home/airflow/.local/lib/python3.12/site-packages/airflow/example_dags/example_nested_branch_dag.py
[2025-05-20T02:56:35.796+0000] {logging_mixin.py:190} INFO - [2025-05-20T02:56:35.796+0000] {dag.py:3229} INFO - Sync 1 DAGs
[2025-05-20T02:56:35.827+0000] {logging_mixin.py:190} INFO - [2025-05-20T02:56:35.827+0000] {dag.py:4156} INFO - Setting next_dagrun for example_nested_branch_dag to 2025-05-19 00:00:00+00:00, run_after=2025-05-20 00:00:00+00:00
[2025-05-20T02:56:35.895+0000] {processor.py:208} INFO - Processing /home/airflow/.local/lib/python3.12/site-packages/airflow/example_dags/example_nested_branch_dag.py took 0.206 seconds
[2025-05-20T02:57:06.102+0000] {processor.py:186} INFO - Started process (PID=473) to work on /home/airflow/.local/lib/python3.12/site-packages/airflow/example_dags/example_nested_branch_dag.py
[2025-05-20T02:57:06.105+0000] {processor.py:914} INFO - Processing file /home/airflow/.local/lib/python3.12/site-packages/airflow/example_dags/example_nested_branch_dag.py for tasks to queue
[2025-05-20T02:57:06.112+0000] {logging_mixin.py:190} INFO - [2025-05-20T02:57:06.111+0000] {dagbag.py:587} INFO - Filling up the DagBag from /home/airflow/.local/lib/python3.12/site-packages/airflow/example_dags/example_nested_branch_dag.py
[2025-05-20T02:57:06.150+0000] {processor.py:925} INFO - DAG(s) 'example_nested_branch_dag' retrieved from /home/airflow/.local/lib/python3.12/site-packages/airflow/example_dags/example_nested_branch_dag.py
[2025-05-20T02:57:06.192+0000] {logging_mixin.py:190} INFO - [2025-05-20T02:57:06.191+0000] {dag.py:3229} INFO - Sync 1 DAGs
[2025-05-20T02:57:06.235+0000] {logging_mixin.py:190} INFO - [2025-05-20T02:57:06.234+0000] {dag.py:4156} INFO - Setting next_dagrun for example_nested_branch_dag to 2025-05-19 00:00:00+00:00, run_after=2025-05-20 00:00:00+00:00
[2025-05-20T02:57:06.275+0000] {processor.py:208} INFO - Processing /home/airflow/.local/lib/python3.12/site-packages/airflow/example_dags/example_nested_branch_dag.py took 0.179 seconds
[2025-05-20T02:57:36.655+0000] {processor.py:186} INFO - Started process (PID=536) to work on /home/airflow/.local/lib/python3.12/site-packages/airflow/example_dags/example_nested_branch_dag.py
[2025-05-20T02:57:36.656+0000] {processor.py:914} INFO - Processing file /home/airflow/.local/lib/python3.12/site-packages/airflow/example_dags/example_nested_branch_dag.py for tasks to queue
[2025-05-20T02:57:36.660+0000] {logging_mixin.py:190} INFO - [2025-05-20T02:57:36.659+0000] {dagbag.py:587} INFO - Filling up the DagBag from /home/airflow/.local/lib/python3.12/site-packages/airflow/example_dags/example_nested_branch_dag.py
[2025-05-20T02:57:36.674+0000] {processor.py:925} INFO - DAG(s) 'example_nested_branch_dag' retrieved from /home/airflow/.local/lib/python3.12/site-packages/airflow/example_dags/example_nested_branch_dag.py
[2025-05-20T02:57:36.715+0000] {logging_mixin.py:190} INFO - [2025-05-20T02:57:36.715+0000] {dag.py:3229} INFO - Sync 1 DAGs
[2025-05-20T02:57:36.759+0000] {logging_mixin.py:190} INFO - [2025-05-20T02:57:36.759+0000] {dag.py:4156} INFO - Setting next_dagrun for example_nested_branch_dag to 2025-05-19 00:00:00+00:00, run_after=2025-05-20 00:00:00+00:00
[2025-05-20T02:57:36.824+0000] {processor.py:208} INFO - Processing /home/airflow/.local/lib/python3.12/site-packages/airflow/example_dags/example_nested_branch_dag.py took 0.173 seconds
[2025-05-20T02:58:07.872+0000] {processor.py:186} INFO - Started process (PID=599) to work on /home/airflow/.local/lib/python3.12/site-packages/airflow/example_dags/example_nested_branch_dag.py
[2025-05-20T02:58:07.873+0000] {processor.py:914} INFO - Processing file /home/airflow/.local/lib/python3.12/site-packages/airflow/example_dags/example_nested_branch_dag.py for tasks to queue
[2025-05-20T02:58:07.881+0000] {logging_mixin.py:190} INFO - [2025-05-20T02:58:07.876+0000] {dagbag.py:587} INFO - Filling up the DagBag from /home/airflow/.local/lib/python3.12/site-packages/airflow/example_dags/example_nested_branch_dag.py
[2025-05-20T02:58:07.892+0000] {processor.py:925} INFO - DAG(s) 'example_nested_branch_dag' retrieved from /home/airflow/.local/lib/python3.12/site-packages/airflow/example_dags/example_nested_branch_dag.py
[2025-05-20T02:58:07.969+0000] {logging_mixin.py:190} INFO - [2025-05-20T02:58:07.968+0000] {dag.py:3229} INFO - Sync 1 DAGs
[2025-05-20T02:58:08.182+0000] {logging_mixin.py:190} INFO - [2025-05-20T02:58:08.182+0000] {dag.py:4156} INFO - Setting next_dagrun for example_nested_branch_dag to 2025-05-19 00:00:00+00:00, run_after=2025-05-20 00:00:00+00:00
[2025-05-20T02:58:08.273+0000] {processor.py:208} INFO - Processing /home/airflow/.local/lib/python3.12/site-packages/airflow/example_dags/example_nested_branch_dag.py took 0.406 seconds
[2025-05-20T02:58:38.766+0000] {processor.py:186} INFO - Started process (PID=663) to work on /home/airflow/.local/lib/python3.12/site-packages/airflow/example_dags/example_nested_branch_dag.py
[2025-05-20T02:58:38.771+0000] {processor.py:914} INFO - Processing file /home/airflow/.local/lib/python3.12/site-packages/airflow/example_dags/example_nested_branch_dag.py for tasks to queue
[2025-05-20T02:58:38.777+0000] {logging_mixin.py:190} INFO - [2025-05-20T02:58:38.775+0000] {dagbag.py:587} INFO - Filling up the DagBag from /home/airflow/.local/lib/python3.12/site-packages/airflow/example_dags/example_nested_branch_dag.py
[2025-05-20T02:58:38.807+0000] {processor.py:925} INFO - DAG(s) 'example_nested_branch_dag' retrieved from /home/airflow/.local/lib/python3.12/site-packages/airflow/example_dags/example_nested_branch_dag.py
[2025-05-20T02:58:38.855+0000] {logging_mixin.py:190} INFO - [2025-05-20T02:58:38.854+0000] {dag.py:3229} INFO - Sync 1 DAGs
[2025-05-20T02:58:38.918+0000] {logging_mixin.py:190} INFO - [2025-05-20T02:58:38.918+0000] {dag.py:4156} INFO - Setting next_dagrun for example_nested_branch_dag to 2025-05-19 00:00:00+00:00, run_after=2025-05-20 00:00:00+00:00
[2025-05-20T02:58:39.005+0000] {processor.py:208} INFO - Processing /home/airflow/.local/lib/python3.12/site-packages/airflow/example_dags/example_nested_branch_dag.py took 0.243 seconds
[2025-05-20T02:59:09.625+0000] {processor.py:186} INFO - Started process (PID=726) to work on /home/airflow/.local/lib/python3.12/site-packages/airflow/example_dags/example_nested_branch_dag.py
[2025-05-20T02:59:09.627+0000] {processor.py:914} INFO - Processing file /home/airflow/.local/lib/python3.12/site-packages/airflow/example_dags/example_nested_branch_dag.py for tasks to queue
[2025-05-20T02:59:09.637+0000] {logging_mixin.py:190} INFO - [2025-05-20T02:59:09.637+0000] {dagbag.py:587} INFO - Filling up the DagBag from /home/airflow/.local/lib/python3.12/site-packages/airflow/example_dags/example_nested_branch_dag.py
[2025-05-20T02:59:09.650+0000] {processor.py:925} INFO - DAG(s) 'example_nested_branch_dag' retrieved from /home/airflow/.local/lib/python3.12/site-packages/airflow/example_dags/example_nested_branch_dag.py
[2025-05-20T02:59:09.712+0000] {logging_mixin.py:190} INFO - [2025-05-20T02:59:09.712+0000] {dag.py:3229} INFO - Sync 1 DAGs
[2025-05-20T02:59:09.775+0000] {logging_mixin.py:190} INFO - [2025-05-20T02:59:09.772+0000] {dag.py:4156} INFO - Setting next_dagrun for example_nested_branch_dag to 2025-05-19 00:00:00+00:00, run_after=2025-05-20 00:00:00+00:00
[2025-05-20T02:59:09.859+0000] {processor.py:208} INFO - Processing /home/airflow/.local/lib/python3.12/site-packages/airflow/example_dags/example_nested_branch_dag.py took 0.237 seconds
[2025-05-20T02:59:40.155+0000] {processor.py:186} INFO - Started process (PID=789) to work on /home/airflow/.local/lib/python3.12/site-packages/airflow/example_dags/example_nested_branch_dag.py
[2025-05-20T02:59:40.162+0000] {processor.py:914} INFO - Processing file /home/airflow/.local/lib/python3.12/site-packages/airflow/example_dags/example_nested_branch_dag.py for tasks to queue
[2025-05-20T02:59:40.190+0000] {logging_mixin.py:190} INFO - [2025-05-20T02:59:40.184+0000] {dagbag.py:587} INFO - Filling up the DagBag from /home/airflow/.local/lib/python3.12/site-packages/airflow/example_dags/example_nested_branch_dag.py
[2025-05-20T02:59:40.203+0000] {processor.py:925} INFO - DAG(s) 'example_nested_branch_dag' retrieved from /home/airflow/.local/lib/python3.12/site-packages/airflow/example_dags/example_nested_branch_dag.py
[2025-05-20T02:59:40.285+0000] {logging_mixin.py:190} INFO - [2025-05-20T02:59:40.284+0000] {dag.py:3229} INFO - Sync 1 DAGs
[2025-05-20T02:59:40.325+0000] {logging_mixin.py:190} INFO - [2025-05-20T02:59:40.325+0000] {dag.py:4156} INFO - Setting next_dagrun for example_nested_branch_dag to 2025-05-19 00:00:00+00:00, run_after=2025-05-20 00:00:00+00:00
[2025-05-20T02:59:40.366+0000] {processor.py:208} INFO - Processing /home/airflow/.local/lib/python3.12/site-packages/airflow/example_dags/example_nested_branch_dag.py took 0.214 seconds
[2025-05-20T03:00:10.825+0000] {processor.py:186} INFO - Started process (PID=852) to work on /home/airflow/.local/lib/python3.12/site-packages/airflow/example_dags/example_nested_branch_dag.py
[2025-05-20T03:00:10.826+0000] {processor.py:914} INFO - Processing file /home/airflow/.local/lib/python3.12/site-packages/airflow/example_dags/example_nested_branch_dag.py for tasks to queue
[2025-05-20T03:00:10.831+0000] {logging_mixin.py:190} INFO - [2025-05-20T03:00:10.829+0000] {dagbag.py:587} INFO - Filling up the DagBag from /home/airflow/.local/lib/python3.12/site-packages/airflow/example_dags/example_nested_branch_dag.py
[2025-05-20T03:00:10.861+0000] {processor.py:925} INFO - DAG(s) 'example_nested_branch_dag' retrieved from /home/airflow/.local/lib/python3.12/site-packages/airflow/example_dags/example_nested_branch_dag.py
[2025-05-20T03:00:10.931+0000] {logging_mixin.py:190} INFO - [2025-05-20T03:00:10.926+0000] {dag.py:3229} INFO - Sync 1 DAGs
[2025-05-20T03:00:11.021+0000] {logging_mixin.py:190} INFO - [2025-05-20T03:00:11.021+0000] {dag.py:4156} INFO - Setting next_dagrun for example_nested_branch_dag to 2025-05-19 00:00:00+00:00, run_after=2025-05-20 00:00:00+00:00
[2025-05-20T03:00:11.103+0000] {processor.py:208} INFO - Processing /home/airflow/.local/lib/python3.12/site-packages/airflow/example_dags/example_nested_branch_dag.py took 0.282 seconds
[2025-05-20T03:00:41.639+0000] {processor.py:186} INFO - Started process (PID=915) to work on /home/airflow/.local/lib/python3.12/site-packages/airflow/example_dags/example_nested_branch_dag.py
[2025-05-20T03:00:41.640+0000] {processor.py:914} INFO - Processing file /home/airflow/.local/lib/python3.12/site-packages/airflow/example_dags/example_nested_branch_dag.py for tasks to queue
[2025-05-20T03:00:41.647+0000] {logging_mixin.py:190} INFO - [2025-05-20T03:00:41.647+0000] {dagbag.py:587} INFO - Filling up the DagBag from /home/airflow/.local/lib/python3.12/site-packages/airflow/example_dags/example_nested_branch_dag.py
[2025-05-20T03:00:41.694+0000] {processor.py:925} INFO - DAG(s) 'example_nested_branch_dag' retrieved from /home/airflow/.local/lib/python3.12/site-packages/airflow/example_dags/example_nested_branch_dag.py
[2025-05-20T03:00:41.742+0000] {logging_mixin.py:190} INFO - [2025-05-20T03:00:41.740+0000] {dag.py:3229} INFO - Sync 1 DAGs
[2025-05-20T03:00:41.805+0000] {logging_mixin.py:190} INFO - [2025-05-20T03:00:41.801+0000] {dag.py:4156} INFO - Setting next_dagrun for example_nested_branch_dag to 2025-05-19 00:00:00+00:00, run_after=2025-05-20 00:00:00+00:00
[2025-05-20T03:00:41.836+0000] {processor.py:208} INFO - Processing /home/airflow/.local/lib/python3.12/site-packages/airflow/example_dags/example_nested_branch_dag.py took 0.201 seconds
[2025-05-20T03:01:12.273+0000] {processor.py:186} INFO - Started process (PID=977) to work on /home/airflow/.local/lib/python3.12/site-packages/airflow/example_dags/example_nested_branch_dag.py
[2025-05-20T03:01:12.276+0000] {processor.py:914} INFO - Processing file /home/airflow/.local/lib/python3.12/site-packages/airflow/example_dags/example_nested_branch_dag.py for tasks to queue
[2025-05-20T03:01:12.282+0000] {logging_mixin.py:190} INFO - [2025-05-20T03:01:12.282+0000] {dagbag.py:587} INFO - Filling up the DagBag from /home/airflow/.local/lib/python3.12/site-packages/airflow/example_dags/example_nested_branch_dag.py
[2025-05-20T03:01:12.307+0000] {processor.py:925} INFO - DAG(s) 'example_nested_branch_dag' retrieved from /home/airflow/.local/lib/python3.12/site-packages/airflow/example_dags/example_nested_branch_dag.py
[2025-05-20T03:01:12.419+0000] {logging_mixin.py:190} INFO - [2025-05-20T03:01:12.418+0000] {dag.py:3229} INFO - Sync 1 DAGs
[2025-05-20T03:01:12.493+0000] {logging_mixin.py:190} INFO - [2025-05-20T03:01:12.492+0000] {dag.py:4156} INFO - Setting next_dagrun for example_nested_branch_dag to 2025-05-19 00:00:00+00:00, run_after=2025-05-20 00:00:00+00:00
[2025-05-20T03:01:12.553+0000] {processor.py:208} INFO - Processing /home/airflow/.local/lib/python3.12/site-packages/airflow/example_dags/example_nested_branch_dag.py took 0.284 seconds
[2025-05-20T03:01:43.121+0000] {processor.py:186} INFO - Started process (PID=1039) to work on /home/airflow/.local/lib/python3.12/site-packages/airflow/example_dags/example_nested_branch_dag.py
[2025-05-20T03:01:43.123+0000] {processor.py:914} INFO - Processing file /home/airflow/.local/lib/python3.12/site-packages/airflow/example_dags/example_nested_branch_dag.py for tasks to queue
[2025-05-20T03:01:43.140+0000] {logging_mixin.py:190} INFO - [2025-05-20T03:01:43.138+0000] {dagbag.py:587} INFO - Filling up the DagBag from /home/airflow/.local/lib/python3.12/site-packages/airflow/example_dags/example_nested_branch_dag.py
[2025-05-20T03:01:43.164+0000] {processor.py:925} INFO - DAG(s) 'example_nested_branch_dag' retrieved from /home/airflow/.local/lib/python3.12/site-packages/airflow/example_dags/example_nested_branch_dag.py
[2025-05-20T03:01:43.246+0000] {logging_mixin.py:190} INFO - [2025-05-20T03:01:43.246+0000] {dag.py:3229} INFO - Sync 1 DAGs
[2025-05-20T03:01:43.323+0000] {logging_mixin.py:190} INFO - [2025-05-20T03:01:43.323+0000] {dag.py:4156} INFO - Setting next_dagrun for example_nested_branch_dag to 2025-05-19 00:00:00+00:00, run_after=2025-05-20 00:00:00+00:00
[2025-05-20T03:01:43.398+0000] {processor.py:208} INFO - Processing /home/airflow/.local/lib/python3.12/site-packages/airflow/example_dags/example_nested_branch_dag.py took 0.281 seconds
[2025-05-20T03:02:13.552+0000] {processor.py:186} INFO - Started process (PID=1102) to work on /home/airflow/.local/lib/python3.12/site-packages/airflow/example_dags/example_nested_branch_dag.py
[2025-05-20T03:02:13.554+0000] {processor.py:914} INFO - Processing file /home/airflow/.local/lib/python3.12/site-packages/airflow/example_dags/example_nested_branch_dag.py for tasks to queue
[2025-05-20T03:02:13.579+0000] {logging_mixin.py:190} INFO - [2025-05-20T03:02:13.578+0000] {dagbag.py:587} INFO - Filling up the DagBag from /home/airflow/.local/lib/python3.12/site-packages/airflow/example_dags/example_nested_branch_dag.py
[2025-05-20T03:02:13.593+0000] {processor.py:925} INFO - DAG(s) 'example_nested_branch_dag' retrieved from /home/airflow/.local/lib/python3.12/site-packages/airflow/example_dags/example_nested_branch_dag.py
[2025-05-20T03:02:13.712+0000] {logging_mixin.py:190} INFO - [2025-05-20T03:02:13.708+0000] {dag.py:3229} INFO - Sync 1 DAGs
[2025-05-20T03:02:13.764+0000] {logging_mixin.py:190} INFO - [2025-05-20T03:02:13.764+0000] {dag.py:4156} INFO - Setting next_dagrun for example_nested_branch_dag to 2025-05-19 00:00:00+00:00, run_after=2025-05-20 00:00:00+00:00
[2025-05-20T03:02:13.820+0000] {processor.py:208} INFO - Processing /home/airflow/.local/lib/python3.12/site-packages/airflow/example_dags/example_nested_branch_dag.py took 0.275 seconds
[2025-05-20T03:02:44.622+0000] {processor.py:186} INFO - Started process (PID=1165) to work on /home/airflow/.local/lib/python3.12/site-packages/airflow/example_dags/example_nested_branch_dag.py
[2025-05-20T03:02:44.625+0000] {processor.py:914} INFO - Processing file /home/airflow/.local/lib/python3.12/site-packages/airflow/example_dags/example_nested_branch_dag.py for tasks to queue
[2025-05-20T03:02:44.630+0000] {logging_mixin.py:190} INFO - [2025-05-20T03:02:44.630+0000] {dagbag.py:587} INFO - Filling up the DagBag from /home/airflow/.local/lib/python3.12/site-packages/airflow/example_dags/example_nested_branch_dag.py
[2025-05-20T03:02:44.640+0000] {processor.py:925} INFO - DAG(s) 'example_nested_branch_dag' retrieved from /home/airflow/.local/lib/python3.12/site-packages/airflow/example_dags/example_nested_branch_dag.py
[2025-05-20T03:02:44.672+0000] {logging_mixin.py:190} INFO - [2025-05-20T03:02:44.671+0000] {dag.py:3229} INFO - Sync 1 DAGs
[2025-05-20T03:02:44.716+0000] {logging_mixin.py:190} INFO - [2025-05-20T03:02:44.712+0000] {dag.py:4156} INFO - Setting next_dagrun for example_nested_branch_dag to 2025-05-19 00:00:00+00:00, run_after=2025-05-20 00:00:00+00:00
[2025-05-20T03:02:44.787+0000] {processor.py:208} INFO - Processing /home/airflow/.local/lib/python3.12/site-packages/airflow/example_dags/example_nested_branch_dag.py took 0.168 seconds
[2025-05-20T03:03:15.105+0000] {processor.py:186} INFO - Started process (PID=1227) to work on /home/airflow/.local/lib/python3.12/site-packages/airflow/example_dags/example_nested_branch_dag.py
[2025-05-20T03:03:15.106+0000] {processor.py:914} INFO - Processing file /home/airflow/.local/lib/python3.12/site-packages/airflow/example_dags/example_nested_branch_dag.py for tasks to queue
[2025-05-20T03:03:15.117+0000] {logging_mixin.py:190} INFO - [2025-05-20T03:03:15.110+0000] {dagbag.py:587} INFO - Filling up the DagBag from /home/airflow/.local/lib/python3.12/site-packages/airflow/example_dags/example_nested_branch_dag.py
[2025-05-20T03:03:15.139+0000] {processor.py:925} INFO - DAG(s) 'example_nested_branch_dag' retrieved from /home/airflow/.local/lib/python3.12/site-packages/airflow/example_dags/example_nested_branch_dag.py
[2025-05-20T03:03:15.188+0000] {logging_mixin.py:190} INFO - [2025-05-20T03:03:15.188+0000] {dag.py:3229} INFO - Sync 1 DAGs
[2025-05-20T03:03:15.240+0000] {logging_mixin.py:190} INFO - [2025-05-20T03:03:15.240+0000] {dag.py:4156} INFO - Setting next_dagrun for example_nested_branch_dag to 2025-05-19 00:00:00+00:00, run_after=2025-05-20 00:00:00+00:00
[2025-05-20T03:03:15.293+0000] {processor.py:208} INFO - Processing /home/airflow/.local/lib/python3.12/site-packages/airflow/example_dags/example_nested_branch_dag.py took 0.192 seconds
[2025-05-20T03:03:46.141+0000] {processor.py:186} INFO - Started process (PID=1289) to work on /home/airflow/.local/lib/python3.12/site-packages/airflow/example_dags/example_nested_branch_dag.py
[2025-05-20T03:03:46.143+0000] {processor.py:914} INFO - Processing file /home/airflow/.local/lib/python3.12/site-packages/airflow/example_dags/example_nested_branch_dag.py for tasks to queue
[2025-05-20T03:03:46.155+0000] {logging_mixin.py:190} INFO - [2025-05-20T03:03:46.152+0000] {dagbag.py:587} INFO - Filling up the DagBag from /home/airflow/.local/lib/python3.12/site-packages/airflow/example_dags/example_nested_branch_dag.py
[2025-05-20T03:03:46.175+0000] {processor.py:925} INFO - DAG(s) 'example_nested_branch_dag' retrieved from /home/airflow/.local/lib/python3.12/site-packages/airflow/example_dags/example_nested_branch_dag.py
[2025-05-20T03:03:46.232+0000] {logging_mixin.py:190} INFO - [2025-05-20T03:03:46.231+0000] {dag.py:3229} INFO - Sync 1 DAGs
[2025-05-20T03:03:46.272+0000] {logging_mixin.py:190} INFO - [2025-05-20T03:03:46.272+0000] {dag.py:4156} INFO - Setting next_dagrun for example_nested_branch_dag to 2025-05-19 00:00:00+00:00, run_after=2025-05-20 00:00:00+00:00
[2025-05-20T03:03:46.304+0000] {processor.py:208} INFO - Processing /home/airflow/.local/lib/python3.12/site-packages/airflow/example_dags/example_nested_branch_dag.py took 0.168 seconds
[2025-05-20T03:04:16.973+0000] {processor.py:186} INFO - Started process (PID=1352) to work on /home/airflow/.local/lib/python3.12/site-packages/airflow/example_dags/example_nested_branch_dag.py
[2025-05-20T03:04:16.988+0000] {processor.py:914} INFO - Processing file /home/airflow/.local/lib/python3.12/site-packages/airflow/example_dags/example_nested_branch_dag.py for tasks to queue
[2025-05-20T03:04:16.994+0000] {logging_mixin.py:190} INFO - [2025-05-20T03:04:16.994+0000] {dagbag.py:587} INFO - Filling up the DagBag from /home/airflow/.local/lib/python3.12/site-packages/airflow/example_dags/example_nested_branch_dag.py
[2025-05-20T03:04:17.015+0000] {processor.py:925} INFO - DAG(s) 'example_nested_branch_dag' retrieved from /home/airflow/.local/lib/python3.12/site-packages/airflow/example_dags/example_nested_branch_dag.py
[2025-05-20T03:04:17.082+0000] {logging_mixin.py:190} INFO - [2025-05-20T03:04:17.082+0000] {dag.py:3229} INFO - Sync 1 DAGs
[2025-05-20T03:04:17.140+0000] {logging_mixin.py:190} INFO - [2025-05-20T03:04:17.140+0000] {dag.py:4156} INFO - Setting next_dagrun for example_nested_branch_dag to 2025-05-19 00:00:00+00:00, run_after=2025-05-20 00:00:00+00:00
[2025-05-20T03:04:17.192+0000] {processor.py:208} INFO - Processing /home/airflow/.local/lib/python3.12/site-packages/airflow/example_dags/example_nested_branch_dag.py took 0.255 seconds
[2025-05-20T03:04:47.542+0000] {processor.py:186} INFO - Started process (PID=1415) to work on /home/airflow/.local/lib/python3.12/site-packages/airflow/example_dags/example_nested_branch_dag.py
[2025-05-20T03:04:47.548+0000] {processor.py:914} INFO - Processing file /home/airflow/.local/lib/python3.12/site-packages/airflow/example_dags/example_nested_branch_dag.py for tasks to queue
[2025-05-20T03:04:47.552+0000] {logging_mixin.py:190} INFO - [2025-05-20T03:04:47.552+0000] {dagbag.py:587} INFO - Filling up the DagBag from /home/airflow/.local/lib/python3.12/site-packages/airflow/example_dags/example_nested_branch_dag.py
[2025-05-20T03:04:47.573+0000] {processor.py:925} INFO - DAG(s) 'example_nested_branch_dag' retrieved from /home/airflow/.local/lib/python3.12/site-packages/airflow/example_dags/example_nested_branch_dag.py
[2025-05-20T03:04:47.632+0000] {logging_mixin.py:190} INFO - [2025-05-20T03:04:47.632+0000] {dag.py:3229} INFO - Sync 1 DAGs
[2025-05-20T03:04:47.686+0000] {logging_mixin.py:190} INFO - [2025-05-20T03:04:47.683+0000] {dag.py:4156} INFO - Setting next_dagrun for example_nested_branch_dag to 2025-05-19 00:00:00+00:00, run_after=2025-05-20 00:00:00+00:00
[2025-05-20T03:04:47.760+0000] {processor.py:208} INFO - Processing /home/airflow/.local/lib/python3.12/site-packages/airflow/example_dags/example_nested_branch_dag.py took 0.223 seconds
[2025-05-20T03:05:19.942+0000] {processor.py:186} INFO - Started process (PID=1478) to work on /home/airflow/.local/lib/python3.12/site-packages/airflow/example_dags/example_nested_branch_dag.py
[2025-05-20T03:05:19.943+0000] {processor.py:914} INFO - Processing file /home/airflow/.local/lib/python3.12/site-packages/airflow/example_dags/example_nested_branch_dag.py for tasks to queue
[2025-05-20T03:05:19.949+0000] {logging_mixin.py:190} INFO - [2025-05-20T03:05:19.948+0000] {dagbag.py:587} INFO - Filling up the DagBag from /home/airflow/.local/lib/python3.12/site-packages/airflow/example_dags/example_nested_branch_dag.py
[2025-05-20T03:05:19.980+0000] {processor.py:925} INFO - DAG(s) 'example_nested_branch_dag' retrieved from /home/airflow/.local/lib/python3.12/site-packages/airflow/example_dags/example_nested_branch_dag.py
[2025-05-20T03:05:20.056+0000] {logging_mixin.py:190} INFO - [2025-05-20T03:05:20.056+0000] {dag.py:3229} INFO - Sync 1 DAGs
[2025-05-20T03:05:20.128+0000] {logging_mixin.py:190} INFO - [2025-05-20T03:05:20.128+0000] {dag.py:4156} INFO - Setting next_dagrun for example_nested_branch_dag to 2025-05-19 00:00:00+00:00, run_after=2025-05-20 00:00:00+00:00
[2025-05-20T03:05:20.216+0000] {processor.py:208} INFO - Processing /home/airflow/.local/lib/python3.12/site-packages/airflow/example_dags/example_nested_branch_dag.py took 0.278 seconds
[2025-05-20T03:05:51.011+0000] {processor.py:186} INFO - Started process (PID=1541) to work on /home/airflow/.local/lib/python3.12/site-packages/airflow/example_dags/example_nested_branch_dag.py
[2025-05-20T03:05:51.013+0000] {processor.py:914} INFO - Processing file /home/airflow/.local/lib/python3.12/site-packages/airflow/example_dags/example_nested_branch_dag.py for tasks to queue
[2025-05-20T03:05:51.018+0000] {logging_mixin.py:190} INFO - [2025-05-20T03:05:51.018+0000] {dagbag.py:587} INFO - Filling up the DagBag from /home/airflow/.local/lib/python3.12/site-packages/airflow/example_dags/example_nested_branch_dag.py
[2025-05-20T03:05:51.041+0000] {processor.py:925} INFO - DAG(s) 'example_nested_branch_dag' retrieved from /home/airflow/.local/lib/python3.12/site-packages/airflow/example_dags/example_nested_branch_dag.py
[2025-05-20T03:05:51.088+0000] {logging_mixin.py:190} INFO - [2025-05-20T03:05:51.088+0000] {dag.py:3229} INFO - Sync 1 DAGs
[2025-05-20T03:05:51.129+0000] {logging_mixin.py:190} INFO - [2025-05-20T03:05:51.129+0000] {dag.py:4156} INFO - Setting next_dagrun for example_nested_branch_dag to 2025-05-19 00:00:00+00:00, run_after=2025-05-20 00:00:00+00:00
[2025-05-20T03:05:51.169+0000] {processor.py:208} INFO - Processing /home/airflow/.local/lib/python3.12/site-packages/airflow/example_dags/example_nested_branch_dag.py took 0.163 seconds
[2025-05-20T03:06:22.116+0000] {processor.py:186} INFO - Started process (PID=1604) to work on /home/airflow/.local/lib/python3.12/site-packages/airflow/example_dags/example_nested_branch_dag.py
[2025-05-20T03:06:22.118+0000] {processor.py:914} INFO - Processing file /home/airflow/.local/lib/python3.12/site-packages/airflow/example_dags/example_nested_branch_dag.py for tasks to queue
[2025-05-20T03:06:22.123+0000] {logging_mixin.py:190} INFO - [2025-05-20T03:06:22.122+0000] {dagbag.py:587} INFO - Filling up the DagBag from /home/airflow/.local/lib/python3.12/site-packages/airflow/example_dags/example_nested_branch_dag.py
[2025-05-20T03:06:22.174+0000] {processor.py:925} INFO - DAG(s) 'example_nested_branch_dag' retrieved from /home/airflow/.local/lib/python3.12/site-packages/airflow/example_dags/example_nested_branch_dag.py
[2025-05-20T03:06:22.273+0000] {logging_mixin.py:190} INFO - [2025-05-20T03:06:22.272+0000] {dag.py:3229} INFO - Sync 1 DAGs
[2025-05-20T03:06:22.341+0000] {logging_mixin.py:190} INFO - [2025-05-20T03:06:22.341+0000] {dag.py:4156} INFO - Setting next_dagrun for example_nested_branch_dag to 2025-05-19 00:00:00+00:00, run_after=2025-05-20 00:00:00+00:00
[2025-05-20T03:06:22.366+0000] {processor.py:208} INFO - Processing /home/airflow/.local/lib/python3.12/site-packages/airflow/example_dags/example_nested_branch_dag.py took 0.298 seconds
[2025-05-20T03:06:52.968+0000] {processor.py:186} INFO - Started process (PID=1667) to work on /home/airflow/.local/lib/python3.12/site-packages/airflow/example_dags/example_nested_branch_dag.py
[2025-05-20T03:06:52.971+0000] {processor.py:914} INFO - Processing file /home/airflow/.local/lib/python3.12/site-packages/airflow/example_dags/example_nested_branch_dag.py for tasks to queue
[2025-05-20T03:06:52.975+0000] {logging_mixin.py:190} INFO - [2025-05-20T03:06:52.975+0000] {dagbag.py:587} INFO - Filling up the DagBag from /home/airflow/.local/lib/python3.12/site-packages/airflow/example_dags/example_nested_branch_dag.py
[2025-05-20T03:06:53.006+0000] {processor.py:925} INFO - DAG(s) 'example_nested_branch_dag' retrieved from /home/airflow/.local/lib/python3.12/site-packages/airflow/example_dags/example_nested_branch_dag.py
[2025-05-20T03:06:53.101+0000] {logging_mixin.py:190} INFO - [2025-05-20T03:06:53.100+0000] {dag.py:3229} INFO - Sync 1 DAGs
[2025-05-20T03:06:53.205+0000] {logging_mixin.py:190} INFO - [2025-05-20T03:06:53.204+0000] {dag.py:4156} INFO - Setting next_dagrun for example_nested_branch_dag to 2025-05-19 00:00:00+00:00, run_after=2025-05-20 00:00:00+00:00
[2025-05-20T03:06:53.271+0000] {processor.py:208} INFO - Processing /home/airflow/.local/lib/python3.12/site-packages/airflow/example_dags/example_nested_branch_dag.py took 0.310 seconds
[2025-05-20T03:07:23.515+0000] {processor.py:186} INFO - Started process (PID=1730) to work on /home/airflow/.local/lib/python3.12/site-packages/airflow/example_dags/example_nested_branch_dag.py
[2025-05-20T03:07:23.516+0000] {processor.py:914} INFO - Processing file /home/airflow/.local/lib/python3.12/site-packages/airflow/example_dags/example_nested_branch_dag.py for tasks to queue
[2025-05-20T03:07:23.519+0000] {logging_mixin.py:190} INFO - [2025-05-20T03:07:23.518+0000] {dagbag.py:587} INFO - Filling up the DagBag from /home/airflow/.local/lib/python3.12/site-packages/airflow/example_dags/example_nested_branch_dag.py
[2025-05-20T03:07:23.534+0000] {processor.py:925} INFO - DAG(s) 'example_nested_branch_dag' retrieved from /home/airflow/.local/lib/python3.12/site-packages/airflow/example_dags/example_nested_branch_dag.py
[2025-05-20T03:07:23.625+0000] {logging_mixin.py:190} INFO - [2025-05-20T03:07:23.623+0000] {dag.py:3229} INFO - Sync 1 DAGs
[2025-05-20T03:07:23.708+0000] {logging_mixin.py:190} INFO - [2025-05-20T03:07:23.707+0000] {dag.py:4156} INFO - Setting next_dagrun for example_nested_branch_dag to 2025-05-19 00:00:00+00:00, run_after=2025-05-20 00:00:00+00:00
[2025-05-20T03:07:23.794+0000] {processor.py:208} INFO - Processing /home/airflow/.local/lib/python3.12/site-packages/airflow/example_dags/example_nested_branch_dag.py took 0.286 seconds
[2025-05-20T03:07:54.345+0000] {processor.py:186} INFO - Started process (PID=1792) to work on /home/airflow/.local/lib/python3.12/site-packages/airflow/example_dags/example_nested_branch_dag.py
[2025-05-20T03:07:54.346+0000] {processor.py:914} INFO - Processing file /home/airflow/.local/lib/python3.12/site-packages/airflow/example_dags/example_nested_branch_dag.py for tasks to queue
[2025-05-20T03:07:54.352+0000] {logging_mixin.py:190} INFO - [2025-05-20T03:07:54.352+0000] {dagbag.py:587} INFO - Filling up the DagBag from /home/airflow/.local/lib/python3.12/site-packages/airflow/example_dags/example_nested_branch_dag.py
[2025-05-20T03:07:54.362+0000] {processor.py:925} INFO - DAG(s) 'example_nested_branch_dag' retrieved from /home/airflow/.local/lib/python3.12/site-packages/airflow/example_dags/example_nested_branch_dag.py
[2025-05-20T03:07:54.386+0000] {logging_mixin.py:190} INFO - [2025-05-20T03:07:54.386+0000] {dag.py:3229} INFO - Sync 1 DAGs
[2025-05-20T03:07:54.452+0000] {logging_mixin.py:190} INFO - [2025-05-20T03:07:54.451+0000] {dag.py:4156} INFO - Setting next_dagrun for example_nested_branch_dag to 2025-05-19 00:00:00+00:00, run_after=2025-05-20 00:00:00+00:00
[2025-05-20T03:07:54.480+0000] {processor.py:208} INFO - Processing /home/airflow/.local/lib/python3.12/site-packages/airflow/example_dags/example_nested_branch_dag.py took 0.139 seconds
[2025-05-20T03:08:25.016+0000] {processor.py:186} INFO - Started process (PID=1853) to work on /home/airflow/.local/lib/python3.12/site-packages/airflow/example_dags/example_nested_branch_dag.py
[2025-05-20T03:08:25.018+0000] {processor.py:914} INFO - Processing file /home/airflow/.local/lib/python3.12/site-packages/airflow/example_dags/example_nested_branch_dag.py for tasks to queue
[2025-05-20T03:08:25.030+0000] {logging_mixin.py:190} INFO - [2025-05-20T03:08:25.028+0000] {dagbag.py:587} INFO - Filling up the DagBag from /home/airflow/.local/lib/python3.12/site-packages/airflow/example_dags/example_nested_branch_dag.py
[2025-05-20T03:08:25.051+0000] {processor.py:925} INFO - DAG(s) 'example_nested_branch_dag' retrieved from /home/airflow/.local/lib/python3.12/site-packages/airflow/example_dags/example_nested_branch_dag.py
[2025-05-20T03:08:25.106+0000] {logging_mixin.py:190} INFO - [2025-05-20T03:08:25.104+0000] {dag.py:3229} INFO - Sync 1 DAGs
[2025-05-20T03:08:25.167+0000] {logging_mixin.py:190} INFO - [2025-05-20T03:08:25.166+0000] {dag.py:4156} INFO - Setting next_dagrun for example_nested_branch_dag to 2025-05-19 00:00:00+00:00, run_after=2025-05-20 00:00:00+00:00
[2025-05-20T03:08:25.199+0000] {processor.py:208} INFO - Processing /home/airflow/.local/lib/python3.12/site-packages/airflow/example_dags/example_nested_branch_dag.py took 0.190 seconds
[2025-05-20T03:08:56.301+0000] {processor.py:186} INFO - Started process (PID=1916) to work on /home/airflow/.local/lib/python3.12/site-packages/airflow/example_dags/example_nested_branch_dag.py
[2025-05-20T03:08:56.307+0000] {processor.py:914} INFO - Processing file /home/airflow/.local/lib/python3.12/site-packages/airflow/example_dags/example_nested_branch_dag.py for tasks to queue
[2025-05-20T03:08:56.311+0000] {logging_mixin.py:190} INFO - [2025-05-20T03:08:56.311+0000] {dagbag.py:587} INFO - Filling up the DagBag from /home/airflow/.local/lib/python3.12/site-packages/airflow/example_dags/example_nested_branch_dag.py
[2025-05-20T03:08:56.336+0000] {processor.py:925} INFO - DAG(s) 'example_nested_branch_dag' retrieved from /home/airflow/.local/lib/python3.12/site-packages/airflow/example_dags/example_nested_branch_dag.py
[2025-05-20T03:08:56.387+0000] {logging_mixin.py:190} INFO - [2025-05-20T03:08:56.386+0000] {dag.py:3229} INFO - Sync 1 DAGs
[2025-05-20T03:08:56.419+0000] {logging_mixin.py:190} INFO - [2025-05-20T03:08:56.419+0000] {dag.py:4156} INFO - Setting next_dagrun for example_nested_branch_dag to 2025-05-19 00:00:00+00:00, run_after=2025-05-20 00:00:00+00:00
[2025-05-20T03:08:56.444+0000] {processor.py:208} INFO - Processing /home/airflow/.local/lib/python3.12/site-packages/airflow/example_dags/example_nested_branch_dag.py took 0.146 seconds
[2025-05-20T03:09:27.464+0000] {processor.py:186} INFO - Started process (PID=1987) to work on /home/airflow/.local/lib/python3.12/site-packages/airflow/example_dags/example_nested_branch_dag.py
[2025-05-20T03:09:27.469+0000] {processor.py:914} INFO - Processing file /home/airflow/.local/lib/python3.12/site-packages/airflow/example_dags/example_nested_branch_dag.py for tasks to queue
[2025-05-20T03:09:27.483+0000] {logging_mixin.py:190} INFO - [2025-05-20T03:09:27.476+0000] {dagbag.py:587} INFO - Filling up the DagBag from /home/airflow/.local/lib/python3.12/site-packages/airflow/example_dags/example_nested_branch_dag.py
[2025-05-20T03:09:27.504+0000] {processor.py:925} INFO - DAG(s) 'example_nested_branch_dag' retrieved from /home/airflow/.local/lib/python3.12/site-packages/airflow/example_dags/example_nested_branch_dag.py
[2025-05-20T03:09:27.572+0000] {logging_mixin.py:190} INFO - [2025-05-20T03:09:27.571+0000] {dag.py:3229} INFO - Sync 1 DAGs
[2025-05-20T03:09:27.617+0000] {logging_mixin.py:190} INFO - [2025-05-20T03:09:27.617+0000] {dag.py:4156} INFO - Setting next_dagrun for example_nested_branch_dag to 2025-05-19 00:00:00+00:00, run_after=2025-05-20 00:00:00+00:00
[2025-05-20T03:09:27.667+0000] {processor.py:208} INFO - Processing /home/airflow/.local/lib/python3.12/site-packages/airflow/example_dags/example_nested_branch_dag.py took 0.218 seconds
[2025-05-20T03:09:59.184+0000] {processor.py:186} INFO - Started process (PID=2051) to work on /home/airflow/.local/lib/python3.12/site-packages/airflow/example_dags/example_nested_branch_dag.py
[2025-05-20T03:09:59.187+0000] {processor.py:914} INFO - Processing file /home/airflow/.local/lib/python3.12/site-packages/airflow/example_dags/example_nested_branch_dag.py for tasks to queue
[2025-05-20T03:09:59.196+0000] {logging_mixin.py:190} INFO - [2025-05-20T03:09:59.196+0000] {dagbag.py:587} INFO - Filling up the DagBag from /home/airflow/.local/lib/python3.12/site-packages/airflow/example_dags/example_nested_branch_dag.py
[2025-05-20T03:09:59.212+0000] {processor.py:925} INFO - DAG(s) 'example_nested_branch_dag' retrieved from /home/airflow/.local/lib/python3.12/site-packages/airflow/example_dags/example_nested_branch_dag.py
[2025-05-20T03:09:59.272+0000] {logging_mixin.py:190} INFO - [2025-05-20T03:09:59.272+0000] {dag.py:3229} INFO - Sync 1 DAGs
[2025-05-20T03:09:59.376+0000] {logging_mixin.py:190} INFO - [2025-05-20T03:09:59.376+0000] {dag.py:4156} INFO - Setting next_dagrun for example_nested_branch_dag to 2025-05-19 00:00:00+00:00, run_after=2025-05-20 00:00:00+00:00
[2025-05-20T03:09:59.442+0000] {processor.py:208} INFO - Processing /home/airflow/.local/lib/python3.12/site-packages/airflow/example_dags/example_nested_branch_dag.py took 0.264 seconds
[2025-05-20T03:10:30.741+0000] {processor.py:186} INFO - Started process (PID=2114) to work on /home/airflow/.local/lib/python3.12/site-packages/airflow/example_dags/example_nested_branch_dag.py
[2025-05-20T03:10:30.745+0000] {processor.py:914} INFO - Processing file /home/airflow/.local/lib/python3.12/site-packages/airflow/example_dags/example_nested_branch_dag.py for tasks to queue
[2025-05-20T03:10:30.758+0000] {logging_mixin.py:190} INFO - [2025-05-20T03:10:30.757+0000] {dagbag.py:587} INFO - Filling up the DagBag from /home/airflow/.local/lib/python3.12/site-packages/airflow/example_dags/example_nested_branch_dag.py
[2025-05-20T03:10:30.770+0000] {processor.py:925} INFO - DAG(s) 'example_nested_branch_dag' retrieved from /home/airflow/.local/lib/python3.12/site-packages/airflow/example_dags/example_nested_branch_dag.py
[2025-05-20T03:10:30.831+0000] {logging_mixin.py:190} INFO - [2025-05-20T03:10:30.830+0000] {dag.py:3229} INFO - Sync 1 DAGs
[2025-05-20T03:10:30.877+0000] {logging_mixin.py:190} INFO - [2025-05-20T03:10:30.877+0000] {dag.py:4156} INFO - Setting next_dagrun for example_nested_branch_dag to 2025-05-19 00:00:00+00:00, run_after=2025-05-20 00:00:00+00:00
[2025-05-20T03:10:30.932+0000] {processor.py:208} INFO - Processing /home/airflow/.local/lib/python3.12/site-packages/airflow/example_dags/example_nested_branch_dag.py took 0.195 seconds
[2025-05-20T03:11:02.131+0000] {processor.py:186} INFO - Started process (PID=2176) to work on /home/airflow/.local/lib/python3.12/site-packages/airflow/example_dags/example_nested_branch_dag.py
[2025-05-20T03:11:02.141+0000] {processor.py:914} INFO - Processing file /home/airflow/.local/lib/python3.12/site-packages/airflow/example_dags/example_nested_branch_dag.py for tasks to queue
[2025-05-20T03:11:02.166+0000] {logging_mixin.py:190} INFO - [2025-05-20T03:11:02.164+0000] {dagbag.py:587} INFO - Filling up the DagBag from /home/airflow/.local/lib/python3.12/site-packages/airflow/example_dags/example_nested_branch_dag.py
[2025-05-20T03:11:02.181+0000] {processor.py:925} INFO - DAG(s) 'example_nested_branch_dag' retrieved from /home/airflow/.local/lib/python3.12/site-packages/airflow/example_dags/example_nested_branch_dag.py
[2025-05-20T03:11:02.238+0000] {logging_mixin.py:190} INFO - [2025-05-20T03:11:02.237+0000] {dag.py:3229} INFO - Sync 1 DAGs
[2025-05-20T03:11:02.263+0000] {logging_mixin.py:190} INFO - [2025-05-20T03:11:02.262+0000] {dag.py:4156} INFO - Setting next_dagrun for example_nested_branch_dag to 2025-05-19 00:00:00+00:00, run_after=2025-05-20 00:00:00+00:00
[2025-05-20T03:11:02.317+0000] {processor.py:208} INFO - Processing /home/airflow/.local/lib/python3.12/site-packages/airflow/example_dags/example_nested_branch_dag.py took 0.190 seconds
[2025-05-20T03:11:33.688+0000] {processor.py:186} INFO - Started process (PID=2239) to work on /home/airflow/.local/lib/python3.12/site-packages/airflow/example_dags/example_nested_branch_dag.py
[2025-05-20T03:11:33.690+0000] {processor.py:914} INFO - Processing file /home/airflow/.local/lib/python3.12/site-packages/airflow/example_dags/example_nested_branch_dag.py for tasks to queue
[2025-05-20T03:11:33.694+0000] {logging_mixin.py:190} INFO - [2025-05-20T03:11:33.693+0000] {dagbag.py:587} INFO - Filling up the DagBag from /home/airflow/.local/lib/python3.12/site-packages/airflow/example_dags/example_nested_branch_dag.py
[2025-05-20T03:11:33.704+0000] {processor.py:925} INFO - DAG(s) 'example_nested_branch_dag' retrieved from /home/airflow/.local/lib/python3.12/site-packages/airflow/example_dags/example_nested_branch_dag.py
[2025-05-20T03:11:33.793+0000] {logging_mixin.py:190} INFO - [2025-05-20T03:11:33.793+0000] {dag.py:3229} INFO - Sync 1 DAGs
[2025-05-20T03:11:33.819+0000] {logging_mixin.py:190} INFO - [2025-05-20T03:11:33.819+0000] {dag.py:4156} INFO - Setting next_dagrun for example_nested_branch_dag to 2025-05-19 00:00:00+00:00, run_after=2025-05-20 00:00:00+00:00
[2025-05-20T03:11:33.887+0000] {processor.py:208} INFO - Processing /home/airflow/.local/lib/python3.12/site-packages/airflow/example_dags/example_nested_branch_dag.py took 0.202 seconds
[2025-05-20T03:12:05.115+0000] {processor.py:186} INFO - Started process (PID=2302) to work on /home/airflow/.local/lib/python3.12/site-packages/airflow/example_dags/example_nested_branch_dag.py
[2025-05-20T03:12:05.116+0000] {processor.py:914} INFO - Processing file /home/airflow/.local/lib/python3.12/site-packages/airflow/example_dags/example_nested_branch_dag.py for tasks to queue
[2025-05-20T03:12:05.126+0000] {logging_mixin.py:190} INFO - [2025-05-20T03:12:05.125+0000] {dagbag.py:587} INFO - Filling up the DagBag from /home/airflow/.local/lib/python3.12/site-packages/airflow/example_dags/example_nested_branch_dag.py
[2025-05-20T03:12:05.174+0000] {processor.py:925} INFO - DAG(s) 'example_nested_branch_dag' retrieved from /home/airflow/.local/lib/python3.12/site-packages/airflow/example_dags/example_nested_branch_dag.py
[2025-05-20T03:12:05.236+0000] {logging_mixin.py:190} INFO - [2025-05-20T03:12:05.234+0000] {dag.py:3229} INFO - Sync 1 DAGs
[2025-05-20T03:12:05.279+0000] {logging_mixin.py:190} INFO - [2025-05-20T03:12:05.279+0000] {dag.py:4156} INFO - Setting next_dagrun for example_nested_branch_dag to 2025-05-19 00:00:00+00:00, run_after=2025-05-20 00:00:00+00:00
[2025-05-20T03:12:05.346+0000] {processor.py:208} INFO - Processing /home/airflow/.local/lib/python3.12/site-packages/airflow/example_dags/example_nested_branch_dag.py took 0.234 seconds
[2025-05-20T03:12:36.179+0000] {processor.py:186} INFO - Started process (PID=2364) to work on /home/airflow/.local/lib/python3.12/site-packages/airflow/example_dags/example_nested_branch_dag.py
[2025-05-20T03:12:36.181+0000] {processor.py:914} INFO - Processing file /home/airflow/.local/lib/python3.12/site-packages/airflow/example_dags/example_nested_branch_dag.py for tasks to queue
[2025-05-20T03:12:36.189+0000] {logging_mixin.py:190} INFO - [2025-05-20T03:12:36.188+0000] {dagbag.py:587} INFO - Filling up the DagBag from /home/airflow/.local/lib/python3.12/site-packages/airflow/example_dags/example_nested_branch_dag.py
[2025-05-20T03:12:36.208+0000] {processor.py:925} INFO - DAG(s) 'example_nested_branch_dag' retrieved from /home/airflow/.local/lib/python3.12/site-packages/airflow/example_dags/example_nested_branch_dag.py
[2025-05-20T03:12:36.259+0000] {logging_mixin.py:190} INFO - [2025-05-20T03:12:36.258+0000] {dag.py:3229} INFO - Sync 1 DAGs
[2025-05-20T03:12:36.292+0000] {logging_mixin.py:190} INFO - [2025-05-20T03:12:36.292+0000] {dag.py:4156} INFO - Setting next_dagrun for example_nested_branch_dag to 2025-05-19 00:00:00+00:00, run_after=2025-05-20 00:00:00+00:00
[2025-05-20T03:12:36.375+0000] {processor.py:208} INFO - Processing /home/airflow/.local/lib/python3.12/site-packages/airflow/example_dags/example_nested_branch_dag.py took 0.199 seconds
[2025-05-20T03:13:07.910+0000] {processor.py:186} INFO - Started process (PID=2426) to work on /home/airflow/.local/lib/python3.12/site-packages/airflow/example_dags/example_nested_branch_dag.py
[2025-05-20T03:13:07.913+0000] {processor.py:914} INFO - Processing file /home/airflow/.local/lib/python3.12/site-packages/airflow/example_dags/example_nested_branch_dag.py for tasks to queue
[2025-05-20T03:13:07.942+0000] {logging_mixin.py:190} INFO - [2025-05-20T03:13:07.942+0000] {dagbag.py:587} INFO - Filling up the DagBag from /home/airflow/.local/lib/python3.12/site-packages/airflow/example_dags/example_nested_branch_dag.py
[2025-05-20T03:13:07.953+0000] {processor.py:925} INFO - DAG(s) 'example_nested_branch_dag' retrieved from /home/airflow/.local/lib/python3.12/site-packages/airflow/example_dags/example_nested_branch_dag.py
[2025-05-20T03:13:08.035+0000] {logging_mixin.py:190} INFO - [2025-05-20T03:13:08.032+0000] {dag.py:3229} INFO - Sync 1 DAGs
[2025-05-20T03:13:08.093+0000] {logging_mixin.py:190} INFO - [2025-05-20T03:13:08.093+0000] {dag.py:4156} INFO - Setting next_dagrun for example_nested_branch_dag to 2025-05-19 00:00:00+00:00, run_after=2025-05-20 00:00:00+00:00
[2025-05-20T03:13:08.126+0000] {processor.py:208} INFO - Processing /home/airflow/.local/lib/python3.12/site-packages/airflow/example_dags/example_nested_branch_dag.py took 0.221 seconds
[2025-05-20T03:13:39.074+0000] {processor.py:186} INFO - Started process (PID=2490) to work on /home/airflow/.local/lib/python3.12/site-packages/airflow/example_dags/example_nested_branch_dag.py
[2025-05-20T03:13:39.077+0000] {processor.py:914} INFO - Processing file /home/airflow/.local/lib/python3.12/site-packages/airflow/example_dags/example_nested_branch_dag.py for tasks to queue
[2025-05-20T03:13:39.084+0000] {logging_mixin.py:190} INFO - [2025-05-20T03:13:39.084+0000] {dagbag.py:587} INFO - Filling up the DagBag from /home/airflow/.local/lib/python3.12/site-packages/airflow/example_dags/example_nested_branch_dag.py
[2025-05-20T03:13:39.096+0000] {processor.py:925} INFO - DAG(s) 'example_nested_branch_dag' retrieved from /home/airflow/.local/lib/python3.12/site-packages/airflow/example_dags/example_nested_branch_dag.py
[2025-05-20T03:13:39.130+0000] {logging_mixin.py:190} INFO - [2025-05-20T03:13:39.129+0000] {dag.py:3229} INFO - Sync 1 DAGs
[2025-05-20T03:13:39.154+0000] {logging_mixin.py:190} INFO - [2025-05-20T03:13:39.154+0000] {dag.py:4156} INFO - Setting next_dagrun for example_nested_branch_dag to 2025-05-19 00:00:00+00:00, run_after=2025-05-20 00:00:00+00:00
[2025-05-20T03:13:39.220+0000] {processor.py:208} INFO - Processing /home/airflow/.local/lib/python3.12/site-packages/airflow/example_dags/example_nested_branch_dag.py took 0.149 seconds
[2025-05-20T03:14:10.816+0000] {processor.py:186} INFO - Started process (PID=2553) to work on /home/airflow/.local/lib/python3.12/site-packages/airflow/example_dags/example_nested_branch_dag.py
[2025-05-20T03:14:10.820+0000] {processor.py:914} INFO - Processing file /home/airflow/.local/lib/python3.12/site-packages/airflow/example_dags/example_nested_branch_dag.py for tasks to queue
[2025-05-20T03:14:10.826+0000] {logging_mixin.py:190} INFO - [2025-05-20T03:14:10.826+0000] {dagbag.py:587} INFO - Filling up the DagBag from /home/airflow/.local/lib/python3.12/site-packages/airflow/example_dags/example_nested_branch_dag.py
[2025-05-20T03:14:10.853+0000] {processor.py:925} INFO - DAG(s) 'example_nested_branch_dag' retrieved from /home/airflow/.local/lib/python3.12/site-packages/airflow/example_dags/example_nested_branch_dag.py
[2025-05-20T03:14:10.875+0000] {logging_mixin.py:190} INFO - [2025-05-20T03:14:10.874+0000] {dag.py:3229} INFO - Sync 1 DAGs
[2025-05-20T03:14:10.960+0000] {logging_mixin.py:190} INFO - [2025-05-20T03:14:10.960+0000] {dag.py:4156} INFO - Setting next_dagrun for example_nested_branch_dag to 2025-05-19 00:00:00+00:00, run_after=2025-05-20 00:00:00+00:00
[2025-05-20T03:14:11.056+0000] {processor.py:208} INFO - Processing /home/airflow/.local/lib/python3.12/site-packages/airflow/example_dags/example_nested_branch_dag.py took 0.243 seconds
[2025-05-20T03:14:41.937+0000] {processor.py:186} INFO - Started process (PID=2616) to work on /home/airflow/.local/lib/python3.12/site-packages/airflow/example_dags/example_nested_branch_dag.py
[2025-05-20T03:14:41.939+0000] {processor.py:914} INFO - Processing file /home/airflow/.local/lib/python3.12/site-packages/airflow/example_dags/example_nested_branch_dag.py for tasks to queue
[2025-05-20T03:14:41.944+0000] {logging_mixin.py:190} INFO - [2025-05-20T03:14:41.944+0000] {dagbag.py:587} INFO - Filling up the DagBag from /home/airflow/.local/lib/python3.12/site-packages/airflow/example_dags/example_nested_branch_dag.py
[2025-05-20T03:14:41.957+0000] {processor.py:925} INFO - DAG(s) 'example_nested_branch_dag' retrieved from /home/airflow/.local/lib/python3.12/site-packages/airflow/example_dags/example_nested_branch_dag.py
[2025-05-20T03:14:41.987+0000] {logging_mixin.py:190} INFO - [2025-05-20T03:14:41.987+0000] {dag.py:3229} INFO - Sync 1 DAGs
[2025-05-20T03:14:42.015+0000] {logging_mixin.py:190} INFO - [2025-05-20T03:14:42.015+0000] {dag.py:4156} INFO - Setting next_dagrun for example_nested_branch_dag to 2025-05-19 00:00:00+00:00, run_after=2025-05-20 00:00:00+00:00
[2025-05-20T03:14:42.069+0000] {processor.py:208} INFO - Processing /home/airflow/.local/lib/python3.12/site-packages/airflow/example_dags/example_nested_branch_dag.py took 0.136 seconds
[2025-05-20T03:15:13.859+0000] {processor.py:186} INFO - Started process (PID=2679) to work on /home/airflow/.local/lib/python3.12/site-packages/airflow/example_dags/example_nested_branch_dag.py
[2025-05-20T03:15:13.862+0000] {processor.py:914} INFO - Processing file /home/airflow/.local/lib/python3.12/site-packages/airflow/example_dags/example_nested_branch_dag.py for tasks to queue
[2025-05-20T03:15:13.867+0000] {logging_mixin.py:190} INFO - [2025-05-20T03:15:13.867+0000] {dagbag.py:587} INFO - Filling up the DagBag from /home/airflow/.local/lib/python3.12/site-packages/airflow/example_dags/example_nested_branch_dag.py
[2025-05-20T03:15:13.891+0000] {processor.py:925} INFO - DAG(s) 'example_nested_branch_dag' retrieved from /home/airflow/.local/lib/python3.12/site-packages/airflow/example_dags/example_nested_branch_dag.py
[2025-05-20T03:15:13.951+0000] {logging_mixin.py:190} INFO - [2025-05-20T03:15:13.951+0000] {dag.py:3229} INFO - Sync 1 DAGs
[2025-05-20T03:15:14.030+0000] {logging_mixin.py:190} INFO - [2025-05-20T03:15:14.030+0000] {dag.py:4156} INFO - Setting next_dagrun for example_nested_branch_dag to 2025-05-19 00:00:00+00:00, run_after=2025-05-20 00:00:00+00:00
[2025-05-20T03:15:14.097+0000] {processor.py:208} INFO - Processing /home/airflow/.local/lib/python3.12/site-packages/airflow/example_dags/example_nested_branch_dag.py took 0.246 seconds
[2025-05-20T03:15:44.714+0000] {processor.py:186} INFO - Started process (PID=2742) to work on /home/airflow/.local/lib/python3.12/site-packages/airflow/example_dags/example_nested_branch_dag.py
[2025-05-20T03:15:44.717+0000] {processor.py:914} INFO - Processing file /home/airflow/.local/lib/python3.12/site-packages/airflow/example_dags/example_nested_branch_dag.py for tasks to queue
[2025-05-20T03:15:44.723+0000] {logging_mixin.py:190} INFO - [2025-05-20T03:15:44.722+0000] {dagbag.py:587} INFO - Filling up the DagBag from /home/airflow/.local/lib/python3.12/site-packages/airflow/example_dags/example_nested_branch_dag.py
[2025-05-20T03:15:44.736+0000] {processor.py:925} INFO - DAG(s) 'example_nested_branch_dag' retrieved from /home/airflow/.local/lib/python3.12/site-packages/airflow/example_dags/example_nested_branch_dag.py
[2025-05-20T03:15:44.787+0000] {logging_mixin.py:190} INFO - [2025-05-20T03:15:44.784+0000] {dag.py:3229} INFO - Sync 1 DAGs
[2025-05-20T03:15:44.835+0000] {logging_mixin.py:190} INFO - [2025-05-20T03:15:44.835+0000] {dag.py:4156} INFO - Setting next_dagrun for example_nested_branch_dag to 2025-05-19 00:00:00+00:00, run_after=2025-05-20 00:00:00+00:00
[2025-05-20T03:15:44.865+0000] {processor.py:208} INFO - Processing /home/airflow/.local/lib/python3.12/site-packages/airflow/example_dags/example_nested_branch_dag.py took 0.155 seconds
[2025-05-20T03:16:16.466+0000] {processor.py:186} INFO - Started process (PID=2805) to work on /home/airflow/.local/lib/python3.12/site-packages/airflow/example_dags/example_nested_branch_dag.py
[2025-05-20T03:16:16.477+0000] {processor.py:914} INFO - Processing file /home/airflow/.local/lib/python3.12/site-packages/airflow/example_dags/example_nested_branch_dag.py for tasks to queue
[2025-05-20T03:16:16.483+0000] {logging_mixin.py:190} INFO - [2025-05-20T03:16:16.483+0000] {dagbag.py:587} INFO - Filling up the DagBag from /home/airflow/.local/lib/python3.12/site-packages/airflow/example_dags/example_nested_branch_dag.py
[2025-05-20T03:16:16.504+0000] {processor.py:925} INFO - DAG(s) 'example_nested_branch_dag' retrieved from /home/airflow/.local/lib/python3.12/site-packages/airflow/example_dags/example_nested_branch_dag.py
[2025-05-20T03:16:16.549+0000] {logging_mixin.py:190} INFO - [2025-05-20T03:16:16.549+0000] {dag.py:3229} INFO - Sync 1 DAGs
[2025-05-20T03:16:16.593+0000] {logging_mixin.py:190} INFO - [2025-05-20T03:16:16.593+0000] {dag.py:4156} INFO - Setting next_dagrun for example_nested_branch_dag to 2025-05-19 00:00:00+00:00, run_after=2025-05-20 00:00:00+00:00
[2025-05-20T03:16:16.662+0000] {processor.py:208} INFO - Processing /home/airflow/.local/lib/python3.12/site-packages/airflow/example_dags/example_nested_branch_dag.py took 0.199 seconds
[2025-05-20T03:16:48.327+0000] {processor.py:186} INFO - Started process (PID=2868) to work on /home/airflow/.local/lib/python3.12/site-packages/airflow/example_dags/example_nested_branch_dag.py
[2025-05-20T03:16:48.328+0000] {processor.py:914} INFO - Processing file /home/airflow/.local/lib/python3.12/site-packages/airflow/example_dags/example_nested_branch_dag.py for tasks to queue
[2025-05-20T03:16:48.335+0000] {logging_mixin.py:190} INFO - [2025-05-20T03:16:48.334+0000] {dagbag.py:587} INFO - Filling up the DagBag from /home/airflow/.local/lib/python3.12/site-packages/airflow/example_dags/example_nested_branch_dag.py
[2025-05-20T03:16:48.357+0000] {processor.py:925} INFO - DAG(s) 'example_nested_branch_dag' retrieved from /home/airflow/.local/lib/python3.12/site-packages/airflow/example_dags/example_nested_branch_dag.py
[2025-05-20T03:16:48.382+0000] {logging_mixin.py:190} INFO - [2025-05-20T03:16:48.382+0000] {dag.py:3229} INFO - Sync 1 DAGs
[2025-05-20T03:16:48.429+0000] {logging_mixin.py:190} INFO - [2025-05-20T03:16:48.429+0000] {dag.py:4156} INFO - Setting next_dagrun for example_nested_branch_dag to 2025-05-19 00:00:00+00:00, run_after=2025-05-20 00:00:00+00:00
[2025-05-20T03:16:48.483+0000] {processor.py:208} INFO - Processing /home/airflow/.local/lib/python3.12/site-packages/airflow/example_dags/example_nested_branch_dag.py took 0.161 seconds
[2025-05-20T03:17:19.948+0000] {processor.py:186} INFO - Started process (PID=2931) to work on /home/airflow/.local/lib/python3.12/site-packages/airflow/example_dags/example_nested_branch_dag.py
[2025-05-20T03:17:19.950+0000] {processor.py:914} INFO - Processing file /home/airflow/.local/lib/python3.12/site-packages/airflow/example_dags/example_nested_branch_dag.py for tasks to queue
[2025-05-20T03:17:19.954+0000] {logging_mixin.py:190} INFO - [2025-05-20T03:17:19.953+0000] {dagbag.py:587} INFO - Filling up the DagBag from /home/airflow/.local/lib/python3.12/site-packages/airflow/example_dags/example_nested_branch_dag.py
[2025-05-20T03:17:19.980+0000] {processor.py:925} INFO - DAG(s) 'example_nested_branch_dag' retrieved from /home/airflow/.local/lib/python3.12/site-packages/airflow/example_dags/example_nested_branch_dag.py
[2025-05-20T03:17:20.013+0000] {logging_mixin.py:190} INFO - [2025-05-20T03:17:20.013+0000] {dag.py:3229} INFO - Sync 1 DAGs
[2025-05-20T03:17:20.057+0000] {logging_mixin.py:190} INFO - [2025-05-20T03:17:20.056+0000] {dag.py:4156} INFO - Setting next_dagrun for example_nested_branch_dag to 2025-05-19 00:00:00+00:00, run_after=2025-05-20 00:00:00+00:00
[2025-05-20T03:17:20.096+0000] {processor.py:208} INFO - Processing /home/airflow/.local/lib/python3.12/site-packages/airflow/example_dags/example_nested_branch_dag.py took 0.151 seconds
[2025-05-20T03:17:50.358+0000] {processor.py:186} INFO - Started process (PID=2994) to work on /home/airflow/.local/lib/python3.12/site-packages/airflow/example_dags/example_nested_branch_dag.py
[2025-05-20T03:17:50.365+0000] {processor.py:914} INFO - Processing file /home/airflow/.local/lib/python3.12/site-packages/airflow/example_dags/example_nested_branch_dag.py for tasks to queue
[2025-05-20T03:17:50.386+0000] {logging_mixin.py:190} INFO - [2025-05-20T03:17:50.386+0000] {dagbag.py:587} INFO - Filling up the DagBag from /home/airflow/.local/lib/python3.12/site-packages/airflow/example_dags/example_nested_branch_dag.py
[2025-05-20T03:17:50.404+0000] {processor.py:925} INFO - DAG(s) 'example_nested_branch_dag' retrieved from /home/airflow/.local/lib/python3.12/site-packages/airflow/example_dags/example_nested_branch_dag.py
[2025-05-20T03:17:50.476+0000] {logging_mixin.py:190} INFO - [2025-05-20T03:17:50.476+0000] {dag.py:3229} INFO - Sync 1 DAGs
[2025-05-20T03:17:50.525+0000] {logging_mixin.py:190} INFO - [2025-05-20T03:17:50.524+0000] {dag.py:4156} INFO - Setting next_dagrun for example_nested_branch_dag to 2025-05-19 00:00:00+00:00, run_after=2025-05-20 00:00:00+00:00
[2025-05-20T03:17:50.607+0000] {processor.py:208} INFO - Processing /home/airflow/.local/lib/python3.12/site-packages/airflow/example_dags/example_nested_branch_dag.py took 0.253 seconds
[2025-05-20T03:18:22.202+0000] {processor.py:186} INFO - Started process (PID=3056) to work on /home/airflow/.local/lib/python3.12/site-packages/airflow/example_dags/example_nested_branch_dag.py
[2025-05-20T03:18:22.206+0000] {processor.py:914} INFO - Processing file /home/airflow/.local/lib/python3.12/site-packages/airflow/example_dags/example_nested_branch_dag.py for tasks to queue
[2025-05-20T03:18:22.231+0000] {logging_mixin.py:190} INFO - [2025-05-20T03:18:22.230+0000] {dagbag.py:587} INFO - Filling up the DagBag from /home/airflow/.local/lib/python3.12/site-packages/airflow/example_dags/example_nested_branch_dag.py
[2025-05-20T03:18:22.276+0000] {processor.py:925} INFO - DAG(s) 'example_nested_branch_dag' retrieved from /home/airflow/.local/lib/python3.12/site-packages/airflow/example_dags/example_nested_branch_dag.py
[2025-05-20T03:18:22.354+0000] {logging_mixin.py:190} INFO - [2025-05-20T03:18:22.354+0000] {dag.py:3229} INFO - Sync 1 DAGs
[2025-05-20T03:18:22.525+0000] {logging_mixin.py:190} INFO - [2025-05-20T03:18:22.524+0000] {dag.py:4156} INFO - Setting next_dagrun for example_nested_branch_dag to 2025-05-19 00:00:00+00:00, run_after=2025-05-20 00:00:00+00:00
[2025-05-20T03:18:22.593+0000] {processor.py:208} INFO - Processing /home/airflow/.local/lib/python3.12/site-packages/airflow/example_dags/example_nested_branch_dag.py took 0.395 seconds
[2025-05-20T03:18:52.969+0000] {processor.py:186} INFO - Started process (PID=3119) to work on /home/airflow/.local/lib/python3.12/site-packages/airflow/example_dags/example_nested_branch_dag.py
[2025-05-20T03:18:52.971+0000] {processor.py:914} INFO - Processing file /home/airflow/.local/lib/python3.12/site-packages/airflow/example_dags/example_nested_branch_dag.py for tasks to queue
[2025-05-20T03:18:52.982+0000] {logging_mixin.py:190} INFO - [2025-05-20T03:18:52.979+0000] {dagbag.py:587} INFO - Filling up the DagBag from /home/airflow/.local/lib/python3.12/site-packages/airflow/example_dags/example_nested_branch_dag.py
[2025-05-20T03:18:53.012+0000] {processor.py:925} INFO - DAG(s) 'example_nested_branch_dag' retrieved from /home/airflow/.local/lib/python3.12/site-packages/airflow/example_dags/example_nested_branch_dag.py
[2025-05-20T03:18:53.068+0000] {logging_mixin.py:190} INFO - [2025-05-20T03:18:53.068+0000] {dag.py:3229} INFO - Sync 1 DAGs
[2025-05-20T03:18:53.107+0000] {logging_mixin.py:190} INFO - [2025-05-20T03:18:53.107+0000] {dag.py:4156} INFO - Setting next_dagrun for example_nested_branch_dag to 2025-05-19 00:00:00+00:00, run_after=2025-05-20 00:00:00+00:00
[2025-05-20T03:18:53.192+0000] {processor.py:208} INFO - Processing /home/airflow/.local/lib/python3.12/site-packages/airflow/example_dags/example_nested_branch_dag.py took 0.227 seconds
[2025-05-20T03:19:24.718+0000] {processor.py:186} INFO - Started process (PID=3181) to work on /home/airflow/.local/lib/python3.12/site-packages/airflow/example_dags/example_nested_branch_dag.py
[2025-05-20T03:19:24.719+0000] {processor.py:914} INFO - Processing file /home/airflow/.local/lib/python3.12/site-packages/airflow/example_dags/example_nested_branch_dag.py for tasks to queue
[2025-05-20T03:19:24.725+0000] {logging_mixin.py:190} INFO - [2025-05-20T03:19:24.724+0000] {dagbag.py:587} INFO - Filling up the DagBag from /home/airflow/.local/lib/python3.12/site-packages/airflow/example_dags/example_nested_branch_dag.py
[2025-05-20T03:19:24.735+0000] {processor.py:925} INFO - DAG(s) 'example_nested_branch_dag' retrieved from /home/airflow/.local/lib/python3.12/site-packages/airflow/example_dags/example_nested_branch_dag.py
[2025-05-20T03:19:24.781+0000] {logging_mixin.py:190} INFO - [2025-05-20T03:19:24.780+0000] {dag.py:3229} INFO - Sync 1 DAGs
[2025-05-20T03:19:24.825+0000] {logging_mixin.py:190} INFO - [2025-05-20T03:19:24.825+0000] {dag.py:4156} INFO - Setting next_dagrun for example_nested_branch_dag to 2025-05-19 00:00:00+00:00, run_after=2025-05-20 00:00:00+00:00
[2025-05-20T03:19:24.905+0000] {processor.py:208} INFO - Processing /home/airflow/.local/lib/python3.12/site-packages/airflow/example_dags/example_nested_branch_dag.py took 0.192 seconds
[2025-05-20T03:19:55.422+0000] {processor.py:186} INFO - Started process (PID=3243) to work on /home/airflow/.local/lib/python3.12/site-packages/airflow/example_dags/example_nested_branch_dag.py
[2025-05-20T03:19:55.426+0000] {processor.py:914} INFO - Processing file /home/airflow/.local/lib/python3.12/site-packages/airflow/example_dags/example_nested_branch_dag.py for tasks to queue
[2025-05-20T03:19:55.440+0000] {logging_mixin.py:190} INFO - [2025-05-20T03:19:55.436+0000] {dagbag.py:587} INFO - Filling up the DagBag from /home/airflow/.local/lib/python3.12/site-packages/airflow/example_dags/example_nested_branch_dag.py
[2025-05-20T03:19:55.461+0000] {processor.py:925} INFO - DAG(s) 'example_nested_branch_dag' retrieved from /home/airflow/.local/lib/python3.12/site-packages/airflow/example_dags/example_nested_branch_dag.py
[2025-05-20T03:19:55.517+0000] {logging_mixin.py:190} INFO - [2025-05-20T03:19:55.517+0000] {dag.py:3229} INFO - Sync 1 DAGs
[2025-05-20T03:19:55.545+0000] {logging_mixin.py:190} INFO - [2025-05-20T03:19:55.545+0000] {dag.py:4156} INFO - Setting next_dagrun for example_nested_branch_dag to 2025-05-19 00:00:00+00:00, run_after=2025-05-20 00:00:00+00:00
[2025-05-20T03:19:55.598+0000] {processor.py:208} INFO - Processing /home/airflow/.local/lib/python3.12/site-packages/airflow/example_dags/example_nested_branch_dag.py took 0.183 seconds
[2025-05-20T03:20:26.727+0000] {processor.py:186} INFO - Started process (PID=3306) to work on /home/airflow/.local/lib/python3.12/site-packages/airflow/example_dags/example_nested_branch_dag.py
[2025-05-20T03:20:26.732+0000] {processor.py:914} INFO - Processing file /home/airflow/.local/lib/python3.12/site-packages/airflow/example_dags/example_nested_branch_dag.py for tasks to queue
[2025-05-20T03:20:26.738+0000] {logging_mixin.py:190} INFO - [2025-05-20T03:20:26.737+0000] {dagbag.py:587} INFO - Filling up the DagBag from /home/airflow/.local/lib/python3.12/site-packages/airflow/example_dags/example_nested_branch_dag.py
[2025-05-20T03:20:26.761+0000] {processor.py:925} INFO - DAG(s) 'example_nested_branch_dag' retrieved from /home/airflow/.local/lib/python3.12/site-packages/airflow/example_dags/example_nested_branch_dag.py
[2025-05-20T03:20:26.810+0000] {logging_mixin.py:190} INFO - [2025-05-20T03:20:26.810+0000] {dag.py:3229} INFO - Sync 1 DAGs
[2025-05-20T03:20:26.858+0000] {logging_mixin.py:190} INFO - [2025-05-20T03:20:26.855+0000] {dag.py:4156} INFO - Setting next_dagrun for example_nested_branch_dag to 2025-05-19 00:00:00+00:00, run_after=2025-05-20 00:00:00+00:00
[2025-05-20T03:20:26.882+0000] {processor.py:208} INFO - Processing /home/airflow/.local/lib/python3.12/site-packages/airflow/example_dags/example_nested_branch_dag.py took 0.159 seconds
[2025-05-20T03:20:57.966+0000] {processor.py:186} INFO - Started process (PID=3368) to work on /home/airflow/.local/lib/python3.12/site-packages/airflow/example_dags/example_nested_branch_dag.py
[2025-05-20T03:20:57.968+0000] {processor.py:914} INFO - Processing file /home/airflow/.local/lib/python3.12/site-packages/airflow/example_dags/example_nested_branch_dag.py for tasks to queue
[2025-05-20T03:20:57.982+0000] {logging_mixin.py:190} INFO - [2025-05-20T03:20:57.980+0000] {dagbag.py:587} INFO - Filling up the DagBag from /home/airflow/.local/lib/python3.12/site-packages/airflow/example_dags/example_nested_branch_dag.py
[2025-05-20T03:20:57.996+0000] {processor.py:925} INFO - DAG(s) 'example_nested_branch_dag' retrieved from /home/airflow/.local/lib/python3.12/site-packages/airflow/example_dags/example_nested_branch_dag.py
[2025-05-20T03:20:58.071+0000] {logging_mixin.py:190} INFO - [2025-05-20T03:20:58.071+0000] {dag.py:3229} INFO - Sync 1 DAGs
[2025-05-20T03:20:58.116+0000] {logging_mixin.py:190} INFO - [2025-05-20T03:20:58.115+0000] {dag.py:4156} INFO - Setting next_dagrun for example_nested_branch_dag to 2025-05-19 00:00:00+00:00, run_after=2025-05-20 00:00:00+00:00
[2025-05-20T03:20:58.167+0000] {processor.py:208} INFO - Processing /home/airflow/.local/lib/python3.12/site-packages/airflow/example_dags/example_nested_branch_dag.py took 0.207 seconds
