[2025-05-20T02:50:53.325+0000] {processor.py:186} INFO - Started process (PID=83) to work on /home/airflow/.local/lib/python3.12/site-packages/airflow/example_dags/example_bash_decorator.py
[2025-05-20T02:50:53.328+0000] {processor.py:914} INFO - Processing file /home/airflow/.local/lib/python3.12/site-packages/airflow/example_dags/example_bash_decorator.py for tasks to queue
[2025-05-20T02:50:53.333+0000] {logging_mixin.py:190} INFO - [2025-05-20T02:50:53.333+0000] {dagbag.py:587} INFO - Filling up the DagBag from /home/airflow/.local/lib/python3.12/site-packages/airflow/example_dags/example_bash_decorator.py
[2025-05-20T02:50:53.356+0000] {processor.py:925} INFO - DAG(s) 'example_bash_decorator' retrieved from /home/airflow/.local/lib/python3.12/site-packages/airflow/example_dags/example_bash_decorator.py
[2025-05-20T02:50:53.425+0000] {logging_mixin.py:190} INFO - [2025-05-20T02:50:53.424+0000] {override.py:1900} INFO - Created Permission View: can read on DAG:example_bash_decorator
[2025-05-20T02:50:53.451+0000] {logging_mixin.py:190} INFO - [2025-05-20T02:50:53.449+0000] {override.py:1900} INFO - Created Permission View: can delete on DAG:example_bash_decorator
[2025-05-20T02:50:53.467+0000] {logging_mixin.py:190} INFO - [2025-05-20T02:50:53.467+0000] {override.py:1900} INFO - Created Permission View: can edit on DAG:example_bash_decorator
[2025-05-20T02:50:53.500+0000] {logging_mixin.py:190} INFO - [2025-05-20T02:50:53.500+0000] {override.py:1900} INFO - Created Permission View: can read on DAG Run:example_bash_decorator
[2025-05-20T02:50:53.524+0000] {logging_mixin.py:190} INFO - [2025-05-20T02:50:53.523+0000] {override.py:1900} INFO - Created Permission View: can delete on DAG Run:example_bash_decorator
[2025-05-20T02:50:53.549+0000] {logging_mixin.py:190} INFO - [2025-05-20T02:50:53.548+0000] {override.py:1900} INFO - Created Permission View: can create on DAG Run:example_bash_decorator
[2025-05-20T02:50:53.581+0000] {logging_mixin.py:190} INFO - [2025-05-20T02:50:53.575+0000] {override.py:1900} INFO - Created Permission View: menu access on DAG Run:example_bash_decorator
[2025-05-20T02:50:53.582+0000] {logging_mixin.py:190} INFO - [2025-05-20T02:50:53.581+0000] {dag.py:3229} INFO - Sync 1 DAGs
[2025-05-20T02:50:53.622+0000] {logging_mixin.py:190} INFO - [2025-05-20T02:50:53.622+0000] {dag.py:3252} INFO - Creating ORM DAG for example_bash_decorator
[2025-05-20T02:50:53.626+0000] {logging_mixin.py:190} INFO - [2025-05-20T02:50:53.626+0000] {dag.py:4156} INFO - Setting next_dagrun for example_bash_decorator to None, run_after=None
[2025-05-20T02:50:53.684+0000] {processor.py:208} INFO - Processing /home/airflow/.local/lib/python3.12/site-packages/airflow/example_dags/example_bash_decorator.py took 0.363 seconds
[2025-05-20T02:51:23.770+0000] {processor.py:186} INFO - Started process (PID=145) to work on /home/airflow/.local/lib/python3.12/site-packages/airflow/example_dags/example_bash_decorator.py
[2025-05-20T02:51:23.774+0000] {processor.py:914} INFO - Processing file /home/airflow/.local/lib/python3.12/site-packages/airflow/example_dags/example_bash_decorator.py for tasks to queue
[2025-05-20T02:51:23.784+0000] {logging_mixin.py:190} INFO - [2025-05-20T02:51:23.783+0000] {dagbag.py:587} INFO - Filling up the DagBag from /home/airflow/.local/lib/python3.12/site-packages/airflow/example_dags/example_bash_decorator.py
[2025-05-20T02:51:23.805+0000] {processor.py:925} INFO - DAG(s) 'example_bash_decorator' retrieved from /home/airflow/.local/lib/python3.12/site-packages/airflow/example_dags/example_bash_decorator.py
[2025-05-20T02:51:23.870+0000] {logging_mixin.py:190} INFO - [2025-05-20T02:51:23.869+0000] {dag.py:3229} INFO - Sync 1 DAGs
[2025-05-20T02:51:23.901+0000] {logging_mixin.py:190} INFO - [2025-05-20T02:51:23.901+0000] {dag.py:4156} INFO - Setting next_dagrun for example_bash_decorator to None, run_after=None
[2025-05-20T02:51:23.950+0000] {processor.py:208} INFO - Processing /home/airflow/.local/lib/python3.12/site-packages/airflow/example_dags/example_bash_decorator.py took 0.189 seconds
[2025-05-20T02:51:53.997+0000] {processor.py:186} INFO - Started process (PID=206) to work on /home/airflow/.local/lib/python3.12/site-packages/airflow/example_dags/example_bash_decorator.py
[2025-05-20T02:51:54.000+0000] {processor.py:914} INFO - Processing file /home/airflow/.local/lib/python3.12/site-packages/airflow/example_dags/example_bash_decorator.py for tasks to queue
[2025-05-20T02:51:54.006+0000] {logging_mixin.py:190} INFO - [2025-05-20T02:51:54.004+0000] {dagbag.py:587} INFO - Filling up the DagBag from /home/airflow/.local/lib/python3.12/site-packages/airflow/example_dags/example_bash_decorator.py
[2025-05-20T02:51:54.026+0000] {processor.py:925} INFO - DAG(s) 'example_bash_decorator' retrieved from /home/airflow/.local/lib/python3.12/site-packages/airflow/example_dags/example_bash_decorator.py
[2025-05-20T02:51:54.100+0000] {logging_mixin.py:190} INFO - [2025-05-20T02:51:54.099+0000] {dag.py:3229} INFO - Sync 1 DAGs
[2025-05-20T02:51:54.126+0000] {logging_mixin.py:190} INFO - [2025-05-20T02:51:54.126+0000] {dag.py:4156} INFO - Setting next_dagrun for example_bash_decorator to None, run_after=None
[2025-05-20T02:51:54.159+0000] {processor.py:208} INFO - Processing /home/airflow/.local/lib/python3.12/site-packages/airflow/example_dags/example_bash_decorator.py took 0.166 seconds
[2025-05-20T02:53:57.045+0000] {processor.py:186} INFO - Started process (PID=84) to work on /home/airflow/.local/lib/python3.12/site-packages/airflow/example_dags/example_bash_decorator.py
[2025-05-20T02:53:57.051+0000] {processor.py:914} INFO - Processing file /home/airflow/.local/lib/python3.12/site-packages/airflow/example_dags/example_bash_decorator.py for tasks to queue
[2025-05-20T02:53:57.060+0000] {logging_mixin.py:190} INFO - [2025-05-20T02:53:57.056+0000] {dagbag.py:587} INFO - Filling up the DagBag from /home/airflow/.local/lib/python3.12/site-packages/airflow/example_dags/example_bash_decorator.py
[2025-05-20T02:53:57.083+0000] {processor.py:925} INFO - DAG(s) 'example_bash_decorator' retrieved from /home/airflow/.local/lib/python3.12/site-packages/airflow/example_dags/example_bash_decorator.py
[2025-05-20T02:53:57.285+0000] {logging_mixin.py:190} INFO - [2025-05-20T02:53:57.283+0000] {dag.py:3229} INFO - Sync 1 DAGs
[2025-05-20T02:53:57.307+0000] {logging_mixin.py:190} INFO - [2025-05-20T02:53:57.307+0000] {dag.py:4156} INFO - Setting next_dagrun for example_bash_decorator to None, run_after=None
[2025-05-20T02:53:57.358+0000] {processor.py:208} INFO - Processing /home/airflow/.local/lib/python3.12/site-packages/airflow/example_dags/example_bash_decorator.py took 0.317 seconds
[2025-05-20T02:54:28.272+0000] {processor.py:186} INFO - Started process (PID=147) to work on /home/airflow/.local/lib/python3.12/site-packages/airflow/example_dags/example_bash_decorator.py
[2025-05-20T02:54:28.278+0000] {processor.py:914} INFO - Processing file /home/airflow/.local/lib/python3.12/site-packages/airflow/example_dags/example_bash_decorator.py for tasks to queue
[2025-05-20T02:54:28.290+0000] {logging_mixin.py:190} INFO - [2025-05-20T02:54:28.286+0000] {dagbag.py:587} INFO - Filling up the DagBag from /home/airflow/.local/lib/python3.12/site-packages/airflow/example_dags/example_bash_decorator.py
[2025-05-20T02:54:28.325+0000] {processor.py:925} INFO - DAG(s) 'example_bash_decorator' retrieved from /home/airflow/.local/lib/python3.12/site-packages/airflow/example_dags/example_bash_decorator.py
[2025-05-20T02:54:28.392+0000] {logging_mixin.py:190} INFO - [2025-05-20T02:54:28.392+0000] {dag.py:3229} INFO - Sync 1 DAGs
[2025-05-20T02:54:28.449+0000] {logging_mixin.py:190} INFO - [2025-05-20T02:54:28.448+0000] {dag.py:4156} INFO - Setting next_dagrun for example_bash_decorator to None, run_after=None
[2025-05-20T02:54:28.507+0000] {processor.py:208} INFO - Processing /home/airflow/.local/lib/python3.12/site-packages/airflow/example_dags/example_bash_decorator.py took 0.239 seconds
[2025-05-20T02:54:58.679+0000] {processor.py:186} INFO - Started process (PID=210) to work on /home/airflow/.local/lib/python3.12/site-packages/airflow/example_dags/example_bash_decorator.py
[2025-05-20T02:54:58.681+0000] {processor.py:914} INFO - Processing file /home/airflow/.local/lib/python3.12/site-packages/airflow/example_dags/example_bash_decorator.py for tasks to queue
[2025-05-20T02:54:58.685+0000] {logging_mixin.py:190} INFO - [2025-05-20T02:54:58.685+0000] {dagbag.py:587} INFO - Filling up the DagBag from /home/airflow/.local/lib/python3.12/site-packages/airflow/example_dags/example_bash_decorator.py
[2025-05-20T02:54:58.712+0000] {processor.py:925} INFO - DAG(s) 'example_bash_decorator' retrieved from /home/airflow/.local/lib/python3.12/site-packages/airflow/example_dags/example_bash_decorator.py
[2025-05-20T02:54:58.763+0000] {logging_mixin.py:190} INFO - [2025-05-20T02:54:58.763+0000] {dag.py:3229} INFO - Sync 1 DAGs
[2025-05-20T02:54:58.776+0000] {logging_mixin.py:190} INFO - [2025-05-20T02:54:58.776+0000] {dag.py:4156} INFO - Setting next_dagrun for example_bash_decorator to None, run_after=None
[2025-05-20T02:54:58.816+0000] {processor.py:208} INFO - Processing /home/airflow/.local/lib/python3.12/site-packages/airflow/example_dags/example_bash_decorator.py took 0.141 seconds
[2025-05-20T02:55:29.418+0000] {processor.py:186} INFO - Started process (PID=273) to work on /home/airflow/.local/lib/python3.12/site-packages/airflow/example_dags/example_bash_decorator.py
[2025-05-20T02:55:29.423+0000] {processor.py:914} INFO - Processing file /home/airflow/.local/lib/python3.12/site-packages/airflow/example_dags/example_bash_decorator.py for tasks to queue
[2025-05-20T02:55:29.436+0000] {logging_mixin.py:190} INFO - [2025-05-20T02:55:29.435+0000] {dagbag.py:587} INFO - Filling up the DagBag from /home/airflow/.local/lib/python3.12/site-packages/airflow/example_dags/example_bash_decorator.py
[2025-05-20T02:55:29.454+0000] {processor.py:925} INFO - DAG(s) 'example_bash_decorator' retrieved from /home/airflow/.local/lib/python3.12/site-packages/airflow/example_dags/example_bash_decorator.py
[2025-05-20T02:55:29.499+0000] {logging_mixin.py:190} INFO - [2025-05-20T02:55:29.498+0000] {dag.py:3229} INFO - Sync 1 DAGs
[2025-05-20T02:55:29.524+0000] {logging_mixin.py:190} INFO - [2025-05-20T02:55:29.524+0000] {dag.py:4156} INFO - Setting next_dagrun for example_bash_decorator to None, run_after=None
[2025-05-20T02:55:29.608+0000] {processor.py:208} INFO - Processing /home/airflow/.local/lib/python3.12/site-packages/airflow/example_dags/example_bash_decorator.py took 0.194 seconds
[2025-05-20T02:56:00.542+0000] {processor.py:186} INFO - Started process (PID=336) to work on /home/airflow/.local/lib/python3.12/site-packages/airflow/example_dags/example_bash_decorator.py
[2025-05-20T02:56:00.543+0000] {processor.py:914} INFO - Processing file /home/airflow/.local/lib/python3.12/site-packages/airflow/example_dags/example_bash_decorator.py for tasks to queue
[2025-05-20T02:56:00.546+0000] {logging_mixin.py:190} INFO - [2025-05-20T02:56:00.546+0000] {dagbag.py:587} INFO - Filling up the DagBag from /home/airflow/.local/lib/python3.12/site-packages/airflow/example_dags/example_bash_decorator.py
[2025-05-20T02:56:00.576+0000] {processor.py:925} INFO - DAG(s) 'example_bash_decorator' retrieved from /home/airflow/.local/lib/python3.12/site-packages/airflow/example_dags/example_bash_decorator.py
[2025-05-20T02:56:00.650+0000] {logging_mixin.py:190} INFO - [2025-05-20T02:56:00.648+0000] {dag.py:3229} INFO - Sync 1 DAGs
[2025-05-20T02:56:00.671+0000] {logging_mixin.py:190} INFO - [2025-05-20T02:56:00.670+0000] {dag.py:4156} INFO - Setting next_dagrun for example_bash_decorator to None, run_after=None
[2025-05-20T02:56:00.758+0000] {processor.py:208} INFO - Processing /home/airflow/.local/lib/python3.12/site-packages/airflow/example_dags/example_bash_decorator.py took 0.224 seconds
[2025-05-20T02:56:31.456+0000] {processor.py:186} INFO - Started process (PID=399) to work on /home/airflow/.local/lib/python3.12/site-packages/airflow/example_dags/example_bash_decorator.py
[2025-05-20T02:56:31.458+0000] {processor.py:914} INFO - Processing file /home/airflow/.local/lib/python3.12/site-packages/airflow/example_dags/example_bash_decorator.py for tasks to queue
[2025-05-20T02:56:31.467+0000] {logging_mixin.py:190} INFO - [2025-05-20T02:56:31.467+0000] {dagbag.py:587} INFO - Filling up the DagBag from /home/airflow/.local/lib/python3.12/site-packages/airflow/example_dags/example_bash_decorator.py
[2025-05-20T02:56:31.481+0000] {processor.py:925} INFO - DAG(s) 'example_bash_decorator' retrieved from /home/airflow/.local/lib/python3.12/site-packages/airflow/example_dags/example_bash_decorator.py
[2025-05-20T02:56:31.527+0000] {logging_mixin.py:190} INFO - [2025-05-20T02:56:31.526+0000] {dag.py:3229} INFO - Sync 1 DAGs
[2025-05-20T02:56:31.545+0000] {logging_mixin.py:190} INFO - [2025-05-20T02:56:31.545+0000] {dag.py:4156} INFO - Setting next_dagrun for example_bash_decorator to None, run_after=None
[2025-05-20T02:56:31.618+0000] {processor.py:208} INFO - Processing /home/airflow/.local/lib/python3.12/site-packages/airflow/example_dags/example_bash_decorator.py took 0.166 seconds
[2025-05-20T02:57:02.003+0000] {processor.py:186} INFO - Started process (PID=462) to work on /home/airflow/.local/lib/python3.12/site-packages/airflow/example_dags/example_bash_decorator.py
[2025-05-20T02:57:02.011+0000] {processor.py:914} INFO - Processing file /home/airflow/.local/lib/python3.12/site-packages/airflow/example_dags/example_bash_decorator.py for tasks to queue
[2025-05-20T02:57:02.027+0000] {logging_mixin.py:190} INFO - [2025-05-20T02:57:02.026+0000] {dagbag.py:587} INFO - Filling up the DagBag from /home/airflow/.local/lib/python3.12/site-packages/airflow/example_dags/example_bash_decorator.py
[2025-05-20T02:57:02.072+0000] {processor.py:925} INFO - DAG(s) 'example_bash_decorator' retrieved from /home/airflow/.local/lib/python3.12/site-packages/airflow/example_dags/example_bash_decorator.py
[2025-05-20T02:57:02.155+0000] {logging_mixin.py:190} INFO - [2025-05-20T02:57:02.153+0000] {dag.py:3229} INFO - Sync 1 DAGs
[2025-05-20T02:57:02.188+0000] {logging_mixin.py:190} INFO - [2025-05-20T02:57:02.188+0000] {dag.py:4156} INFO - Setting next_dagrun for example_bash_decorator to None, run_after=None
[2025-05-20T02:57:02.239+0000] {processor.py:208} INFO - Processing /home/airflow/.local/lib/python3.12/site-packages/airflow/example_dags/example_bash_decorator.py took 0.243 seconds
[2025-05-20T02:57:32.795+0000] {processor.py:186} INFO - Started process (PID=525) to work on /home/airflow/.local/lib/python3.12/site-packages/airflow/example_dags/example_bash_decorator.py
[2025-05-20T02:57:32.796+0000] {processor.py:914} INFO - Processing file /home/airflow/.local/lib/python3.12/site-packages/airflow/example_dags/example_bash_decorator.py for tasks to queue
[2025-05-20T02:57:32.816+0000] {logging_mixin.py:190} INFO - [2025-05-20T02:57:32.814+0000] {dagbag.py:587} INFO - Filling up the DagBag from /home/airflow/.local/lib/python3.12/site-packages/airflow/example_dags/example_bash_decorator.py
[2025-05-20T02:57:32.847+0000] {processor.py:925} INFO - DAG(s) 'example_bash_decorator' retrieved from /home/airflow/.local/lib/python3.12/site-packages/airflow/example_dags/example_bash_decorator.py
[2025-05-20T02:57:32.895+0000] {logging_mixin.py:190} INFO - [2025-05-20T02:57:32.893+0000] {dag.py:3229} INFO - Sync 1 DAGs
[2025-05-20T02:57:32.926+0000] {logging_mixin.py:190} INFO - [2025-05-20T02:57:32.926+0000] {dag.py:4156} INFO - Setting next_dagrun for example_bash_decorator to None, run_after=None
[2025-05-20T02:57:32.986+0000] {processor.py:208} INFO - Processing /home/airflow/.local/lib/python3.12/site-packages/airflow/example_dags/example_bash_decorator.py took 0.195 seconds
[2025-05-20T02:58:03.557+0000] {processor.py:186} INFO - Started process (PID=588) to work on /home/airflow/.local/lib/python3.12/site-packages/airflow/example_dags/example_bash_decorator.py
[2025-05-20T02:58:03.561+0000] {processor.py:914} INFO - Processing file /home/airflow/.local/lib/python3.12/site-packages/airflow/example_dags/example_bash_decorator.py for tasks to queue
[2025-05-20T02:58:03.577+0000] {logging_mixin.py:190} INFO - [2025-05-20T02:58:03.575+0000] {dagbag.py:587} INFO - Filling up the DagBag from /home/airflow/.local/lib/python3.12/site-packages/airflow/example_dags/example_bash_decorator.py
[2025-05-20T02:58:03.605+0000] {processor.py:925} INFO - DAG(s) 'example_bash_decorator' retrieved from /home/airflow/.local/lib/python3.12/site-packages/airflow/example_dags/example_bash_decorator.py
[2025-05-20T02:58:03.679+0000] {logging_mixin.py:190} INFO - [2025-05-20T02:58:03.678+0000] {dag.py:3229} INFO - Sync 1 DAGs
[2025-05-20T02:58:03.698+0000] {logging_mixin.py:190} INFO - [2025-05-20T02:58:03.697+0000] {dag.py:4156} INFO - Setting next_dagrun for example_bash_decorator to None, run_after=None
[2025-05-20T02:58:03.765+0000] {processor.py:208} INFO - Processing /home/airflow/.local/lib/python3.12/site-packages/airflow/example_dags/example_bash_decorator.py took 0.212 seconds
[2025-05-20T02:58:34.001+0000] {processor.py:186} INFO - Started process (PID=652) to work on /home/airflow/.local/lib/python3.12/site-packages/airflow/example_dags/example_bash_decorator.py
[2025-05-20T02:58:34.002+0000] {processor.py:914} INFO - Processing file /home/airflow/.local/lib/python3.12/site-packages/airflow/example_dags/example_bash_decorator.py for tasks to queue
[2025-05-20T02:58:34.024+0000] {logging_mixin.py:190} INFO - [2025-05-20T02:58:34.023+0000] {dagbag.py:587} INFO - Filling up the DagBag from /home/airflow/.local/lib/python3.12/site-packages/airflow/example_dags/example_bash_decorator.py
[2025-05-20T02:58:34.055+0000] {processor.py:925} INFO - DAG(s) 'example_bash_decorator' retrieved from /home/airflow/.local/lib/python3.12/site-packages/airflow/example_dags/example_bash_decorator.py
[2025-05-20T02:58:34.120+0000] {logging_mixin.py:190} INFO - [2025-05-20T02:58:34.119+0000] {dag.py:3229} INFO - Sync 1 DAGs
[2025-05-20T02:58:34.138+0000] {logging_mixin.py:190} INFO - [2025-05-20T02:58:34.138+0000] {dag.py:4156} INFO - Setting next_dagrun for example_bash_decorator to None, run_after=None
[2025-05-20T02:58:34.189+0000] {processor.py:208} INFO - Processing /home/airflow/.local/lib/python3.12/site-packages/airflow/example_dags/example_bash_decorator.py took 0.192 seconds
[2025-05-20T02:59:04.763+0000] {processor.py:186} INFO - Started process (PID=715) to work on /home/airflow/.local/lib/python3.12/site-packages/airflow/example_dags/example_bash_decorator.py
[2025-05-20T02:59:04.764+0000] {processor.py:914} INFO - Processing file /home/airflow/.local/lib/python3.12/site-packages/airflow/example_dags/example_bash_decorator.py for tasks to queue
[2025-05-20T02:59:04.780+0000] {logging_mixin.py:190} INFO - [2025-05-20T02:59:04.779+0000] {dagbag.py:587} INFO - Filling up the DagBag from /home/airflow/.local/lib/python3.12/site-packages/airflow/example_dags/example_bash_decorator.py
[2025-05-20T02:59:04.792+0000] {processor.py:925} INFO - DAG(s) 'example_bash_decorator' retrieved from /home/airflow/.local/lib/python3.12/site-packages/airflow/example_dags/example_bash_decorator.py
[2025-05-20T02:59:04.855+0000] {logging_mixin.py:190} INFO - [2025-05-20T02:59:04.854+0000] {dag.py:3229} INFO - Sync 1 DAGs
[2025-05-20T02:59:04.892+0000] {logging_mixin.py:190} INFO - [2025-05-20T02:59:04.891+0000] {dag.py:4156} INFO - Setting next_dagrun for example_bash_decorator to None, run_after=None
[2025-05-20T02:59:04.944+0000] {processor.py:208} INFO - Processing /home/airflow/.local/lib/python3.12/site-packages/airflow/example_dags/example_bash_decorator.py took 0.184 seconds
[2025-05-20T02:59:35.313+0000] {processor.py:186} INFO - Started process (PID=778) to work on /home/airflow/.local/lib/python3.12/site-packages/airflow/example_dags/example_bash_decorator.py
[2025-05-20T02:59:35.315+0000] {processor.py:914} INFO - Processing file /home/airflow/.local/lib/python3.12/site-packages/airflow/example_dags/example_bash_decorator.py for tasks to queue
[2025-05-20T02:59:35.322+0000] {logging_mixin.py:190} INFO - [2025-05-20T02:59:35.320+0000] {dagbag.py:587} INFO - Filling up the DagBag from /home/airflow/.local/lib/python3.12/site-packages/airflow/example_dags/example_bash_decorator.py
[2025-05-20T02:59:35.332+0000] {processor.py:925} INFO - DAG(s) 'example_bash_decorator' retrieved from /home/airflow/.local/lib/python3.12/site-packages/airflow/example_dags/example_bash_decorator.py
[2025-05-20T02:59:35.372+0000] {logging_mixin.py:190} INFO - [2025-05-20T02:59:35.372+0000] {dag.py:3229} INFO - Sync 1 DAGs
[2025-05-20T02:59:35.402+0000] {logging_mixin.py:190} INFO - [2025-05-20T02:59:35.401+0000] {dag.py:4156} INFO - Setting next_dagrun for example_bash_decorator to None, run_after=None
[2025-05-20T02:59:35.439+0000] {processor.py:208} INFO - Processing /home/airflow/.local/lib/python3.12/site-packages/airflow/example_dags/example_bash_decorator.py took 0.130 seconds
[2025-05-20T03:00:06.047+0000] {processor.py:186} INFO - Started process (PID=841) to work on /home/airflow/.local/lib/python3.12/site-packages/airflow/example_dags/example_bash_decorator.py
[2025-05-20T03:00:06.050+0000] {processor.py:914} INFO - Processing file /home/airflow/.local/lib/python3.12/site-packages/airflow/example_dags/example_bash_decorator.py for tasks to queue
[2025-05-20T03:00:06.060+0000] {logging_mixin.py:190} INFO - [2025-05-20T03:00:06.056+0000] {dagbag.py:587} INFO - Filling up the DagBag from /home/airflow/.local/lib/python3.12/site-packages/airflow/example_dags/example_bash_decorator.py
[2025-05-20T03:00:06.077+0000] {processor.py:925} INFO - DAG(s) 'example_bash_decorator' retrieved from /home/airflow/.local/lib/python3.12/site-packages/airflow/example_dags/example_bash_decorator.py
[2025-05-20T03:00:06.119+0000] {logging_mixin.py:190} INFO - [2025-05-20T03:00:06.117+0000] {dag.py:3229} INFO - Sync 1 DAGs
[2025-05-20T03:00:06.153+0000] {logging_mixin.py:190} INFO - [2025-05-20T03:00:06.152+0000] {dag.py:4156} INFO - Setting next_dagrun for example_bash_decorator to None, run_after=None
[2025-05-20T03:00:06.201+0000] {processor.py:208} INFO - Processing /home/airflow/.local/lib/python3.12/site-packages/airflow/example_dags/example_bash_decorator.py took 0.157 seconds
[2025-05-20T03:00:36.546+0000] {processor.py:186} INFO - Started process (PID=903) to work on /home/airflow/.local/lib/python3.12/site-packages/airflow/example_dags/example_bash_decorator.py
[2025-05-20T03:00:36.547+0000] {processor.py:914} INFO - Processing file /home/airflow/.local/lib/python3.12/site-packages/airflow/example_dags/example_bash_decorator.py for tasks to queue
[2025-05-20T03:00:36.560+0000] {logging_mixin.py:190} INFO - [2025-05-20T03:00:36.556+0000] {dagbag.py:587} INFO - Filling up the DagBag from /home/airflow/.local/lib/python3.12/site-packages/airflow/example_dags/example_bash_decorator.py
[2025-05-20T03:00:36.615+0000] {processor.py:925} INFO - DAG(s) 'example_bash_decorator' retrieved from /home/airflow/.local/lib/python3.12/site-packages/airflow/example_dags/example_bash_decorator.py
[2025-05-20T03:00:36.687+0000] {logging_mixin.py:190} INFO - [2025-05-20T03:00:36.687+0000] {dag.py:3229} INFO - Sync 1 DAGs
[2025-05-20T03:00:36.733+0000] {logging_mixin.py:190} INFO - [2025-05-20T03:00:36.732+0000] {dag.py:4156} INFO - Setting next_dagrun for example_bash_decorator to None, run_after=None
[2025-05-20T03:00:36.789+0000] {processor.py:208} INFO - Processing /home/airflow/.local/lib/python3.12/site-packages/airflow/example_dags/example_bash_decorator.py took 0.248 seconds
[2025-05-20T03:01:07.129+0000] {processor.py:186} INFO - Started process (PID=965) to work on /home/airflow/.local/lib/python3.12/site-packages/airflow/example_dags/example_bash_decorator.py
[2025-05-20T03:01:07.131+0000] {processor.py:914} INFO - Processing file /home/airflow/.local/lib/python3.12/site-packages/airflow/example_dags/example_bash_decorator.py for tasks to queue
[2025-05-20T03:01:07.164+0000] {logging_mixin.py:190} INFO - [2025-05-20T03:01:07.162+0000] {dagbag.py:587} INFO - Filling up the DagBag from /home/airflow/.local/lib/python3.12/site-packages/airflow/example_dags/example_bash_decorator.py
[2025-05-20T03:01:07.187+0000] {processor.py:925} INFO - DAG(s) 'example_bash_decorator' retrieved from /home/airflow/.local/lib/python3.12/site-packages/airflow/example_dags/example_bash_decorator.py
[2025-05-20T03:01:07.274+0000] {logging_mixin.py:190} INFO - [2025-05-20T03:01:07.269+0000] {dag.py:3229} INFO - Sync 1 DAGs
[2025-05-20T03:01:07.335+0000] {logging_mixin.py:190} INFO - [2025-05-20T03:01:07.335+0000] {dag.py:4156} INFO - Setting next_dagrun for example_bash_decorator to None, run_after=None
[2025-05-20T03:01:07.399+0000] {processor.py:208} INFO - Processing /home/airflow/.local/lib/python3.12/site-packages/airflow/example_dags/example_bash_decorator.py took 0.273 seconds
[2025-05-20T03:01:38.207+0000] {processor.py:186} INFO - Started process (PID=1028) to work on /home/airflow/.local/lib/python3.12/site-packages/airflow/example_dags/example_bash_decorator.py
[2025-05-20T03:01:38.208+0000] {processor.py:914} INFO - Processing file /home/airflow/.local/lib/python3.12/site-packages/airflow/example_dags/example_bash_decorator.py for tasks to queue
[2025-05-20T03:01:38.218+0000] {logging_mixin.py:190} INFO - [2025-05-20T03:01:38.217+0000] {dagbag.py:587} INFO - Filling up the DagBag from /home/airflow/.local/lib/python3.12/site-packages/airflow/example_dags/example_bash_decorator.py
[2025-05-20T03:01:38.239+0000] {processor.py:925} INFO - DAG(s) 'example_bash_decorator' retrieved from /home/airflow/.local/lib/python3.12/site-packages/airflow/example_dags/example_bash_decorator.py
[2025-05-20T03:01:38.292+0000] {logging_mixin.py:190} INFO - [2025-05-20T03:01:38.292+0000] {dag.py:3229} INFO - Sync 1 DAGs
[2025-05-20T03:01:38.316+0000] {logging_mixin.py:190} INFO - [2025-05-20T03:01:38.315+0000] {dag.py:4156} INFO - Setting next_dagrun for example_bash_decorator to None, run_after=None
[2025-05-20T03:01:38.370+0000] {processor.py:208} INFO - Processing /home/airflow/.local/lib/python3.12/site-packages/airflow/example_dags/example_bash_decorator.py took 0.167 seconds
[2025-05-20T03:02:08.511+0000] {processor.py:186} INFO - Started process (PID=1090) to work on /home/airflow/.local/lib/python3.12/site-packages/airflow/example_dags/example_bash_decorator.py
[2025-05-20T03:02:08.518+0000] {processor.py:914} INFO - Processing file /home/airflow/.local/lib/python3.12/site-packages/airflow/example_dags/example_bash_decorator.py for tasks to queue
[2025-05-20T03:02:08.530+0000] {logging_mixin.py:190} INFO - [2025-05-20T03:02:08.530+0000] {dagbag.py:587} INFO - Filling up the DagBag from /home/airflow/.local/lib/python3.12/site-packages/airflow/example_dags/example_bash_decorator.py
[2025-05-20T03:02:08.576+0000] {processor.py:925} INFO - DAG(s) 'example_bash_decorator' retrieved from /home/airflow/.local/lib/python3.12/site-packages/airflow/example_dags/example_bash_decorator.py
[2025-05-20T03:02:08.636+0000] {logging_mixin.py:190} INFO - [2025-05-20T03:02:08.636+0000] {dag.py:3229} INFO - Sync 1 DAGs
[2025-05-20T03:02:08.652+0000] {logging_mixin.py:190} INFO - [2025-05-20T03:02:08.652+0000] {dag.py:4156} INFO - Setting next_dagrun for example_bash_decorator to None, run_after=None
[2025-05-20T03:02:08.722+0000] {processor.py:208} INFO - Processing /home/airflow/.local/lib/python3.12/site-packages/airflow/example_dags/example_bash_decorator.py took 0.214 seconds
[2025-05-20T03:02:39.636+0000] {processor.py:186} INFO - Started process (PID=1154) to work on /home/airflow/.local/lib/python3.12/site-packages/airflow/example_dags/example_bash_decorator.py
[2025-05-20T03:02:39.639+0000] {processor.py:914} INFO - Processing file /home/airflow/.local/lib/python3.12/site-packages/airflow/example_dags/example_bash_decorator.py for tasks to queue
[2025-05-20T03:02:39.642+0000] {logging_mixin.py:190} INFO - [2025-05-20T03:02:39.642+0000] {dagbag.py:587} INFO - Filling up the DagBag from /home/airflow/.local/lib/python3.12/site-packages/airflow/example_dags/example_bash_decorator.py
[2025-05-20T03:02:39.660+0000] {processor.py:925} INFO - DAG(s) 'example_bash_decorator' retrieved from /home/airflow/.local/lib/python3.12/site-packages/airflow/example_dags/example_bash_decorator.py
[2025-05-20T03:02:39.713+0000] {logging_mixin.py:190} INFO - [2025-05-20T03:02:39.713+0000] {dag.py:3229} INFO - Sync 1 DAGs
[2025-05-20T03:02:39.762+0000] {logging_mixin.py:190} INFO - [2025-05-20T03:02:39.762+0000] {dag.py:4156} INFO - Setting next_dagrun for example_bash_decorator to None, run_after=None
[2025-05-20T03:02:39.817+0000] {processor.py:208} INFO - Processing /home/airflow/.local/lib/python3.12/site-packages/airflow/example_dags/example_bash_decorator.py took 0.188 seconds
[2025-05-20T03:03:10.068+0000] {processor.py:186} INFO - Started process (PID=1216) to work on /home/airflow/.local/lib/python3.12/site-packages/airflow/example_dags/example_bash_decorator.py
[2025-05-20T03:03:10.070+0000] {processor.py:914} INFO - Processing file /home/airflow/.local/lib/python3.12/site-packages/airflow/example_dags/example_bash_decorator.py for tasks to queue
[2025-05-20T03:03:10.077+0000] {logging_mixin.py:190} INFO - [2025-05-20T03:03:10.077+0000] {dagbag.py:587} INFO - Filling up the DagBag from /home/airflow/.local/lib/python3.12/site-packages/airflow/example_dags/example_bash_decorator.py
[2025-05-20T03:03:10.120+0000] {processor.py:925} INFO - DAG(s) 'example_bash_decorator' retrieved from /home/airflow/.local/lib/python3.12/site-packages/airflow/example_dags/example_bash_decorator.py
[2025-05-20T03:03:10.173+0000] {logging_mixin.py:190} INFO - [2025-05-20T03:03:10.172+0000] {dag.py:3229} INFO - Sync 1 DAGs
[2025-05-20T03:03:10.200+0000] {logging_mixin.py:190} INFO - [2025-05-20T03:03:10.199+0000] {dag.py:4156} INFO - Setting next_dagrun for example_bash_decorator to None, run_after=None
[2025-05-20T03:03:10.250+0000] {processor.py:208} INFO - Processing /home/airflow/.local/lib/python3.12/site-packages/airflow/example_dags/example_bash_decorator.py took 0.202 seconds
[2025-05-20T03:03:41.316+0000] {processor.py:186} INFO - Started process (PID=1278) to work on /home/airflow/.local/lib/python3.12/site-packages/airflow/example_dags/example_bash_decorator.py
[2025-05-20T03:03:41.318+0000] {processor.py:914} INFO - Processing file /home/airflow/.local/lib/python3.12/site-packages/airflow/example_dags/example_bash_decorator.py for tasks to queue
[2025-05-20T03:03:41.325+0000] {logging_mixin.py:190} INFO - [2025-05-20T03:03:41.325+0000] {dagbag.py:587} INFO - Filling up the DagBag from /home/airflow/.local/lib/python3.12/site-packages/airflow/example_dags/example_bash_decorator.py
[2025-05-20T03:03:41.385+0000] {processor.py:925} INFO - DAG(s) 'example_bash_decorator' retrieved from /home/airflow/.local/lib/python3.12/site-packages/airflow/example_dags/example_bash_decorator.py
[2025-05-20T03:03:41.432+0000] {logging_mixin.py:190} INFO - [2025-05-20T03:03:41.429+0000] {dag.py:3229} INFO - Sync 1 DAGs
[2025-05-20T03:03:41.461+0000] {logging_mixin.py:190} INFO - [2025-05-20T03:03:41.461+0000] {dag.py:4156} INFO - Setting next_dagrun for example_bash_decorator to None, run_after=None
[2025-05-20T03:03:41.568+0000] {processor.py:208} INFO - Processing /home/airflow/.local/lib/python3.12/site-packages/airflow/example_dags/example_bash_decorator.py took 0.258 seconds
[2025-05-20T03:04:12.633+0000] {processor.py:186} INFO - Started process (PID=1341) to work on /home/airflow/.local/lib/python3.12/site-packages/airflow/example_dags/example_bash_decorator.py
[2025-05-20T03:04:12.634+0000] {processor.py:914} INFO - Processing file /home/airflow/.local/lib/python3.12/site-packages/airflow/example_dags/example_bash_decorator.py for tasks to queue
[2025-05-20T03:04:12.637+0000] {logging_mixin.py:190} INFO - [2025-05-20T03:04:12.637+0000] {dagbag.py:587} INFO - Filling up the DagBag from /home/airflow/.local/lib/python3.12/site-packages/airflow/example_dags/example_bash_decorator.py
[2025-05-20T03:04:12.655+0000] {processor.py:925} INFO - DAG(s) 'example_bash_decorator' retrieved from /home/airflow/.local/lib/python3.12/site-packages/airflow/example_dags/example_bash_decorator.py
[2025-05-20T03:04:12.683+0000] {logging_mixin.py:190} INFO - [2025-05-20T03:04:12.682+0000] {dag.py:3229} INFO - Sync 1 DAGs
[2025-05-20T03:04:12.694+0000] {logging_mixin.py:190} INFO - [2025-05-20T03:04:12.694+0000] {dag.py:4156} INFO - Setting next_dagrun for example_bash_decorator to None, run_after=None
[2025-05-20T03:04:12.711+0000] {processor.py:208} INFO - Processing /home/airflow/.local/lib/python3.12/site-packages/airflow/example_dags/example_bash_decorator.py took 0.084 seconds
[2025-05-20T03:04:42.922+0000] {processor.py:186} INFO - Started process (PID=1403) to work on /home/airflow/.local/lib/python3.12/site-packages/airflow/example_dags/example_bash_decorator.py
[2025-05-20T03:04:42.924+0000] {processor.py:914} INFO - Processing file /home/airflow/.local/lib/python3.12/site-packages/airflow/example_dags/example_bash_decorator.py for tasks to queue
[2025-05-20T03:04:42.928+0000] {logging_mixin.py:190} INFO - [2025-05-20T03:04:42.928+0000] {dagbag.py:587} INFO - Filling up the DagBag from /home/airflow/.local/lib/python3.12/site-packages/airflow/example_dags/example_bash_decorator.py
[2025-05-20T03:04:43.016+0000] {processor.py:925} INFO - DAG(s) 'example_bash_decorator' retrieved from /home/airflow/.local/lib/python3.12/site-packages/airflow/example_dags/example_bash_decorator.py
[2025-05-20T03:04:43.069+0000] {logging_mixin.py:190} INFO - [2025-05-20T03:04:43.066+0000] {dag.py:3229} INFO - Sync 1 DAGs
[2025-05-20T03:04:43.092+0000] {logging_mixin.py:190} INFO - [2025-05-20T03:04:43.092+0000] {dag.py:4156} INFO - Setting next_dagrun for example_bash_decorator to None, run_after=None
[2025-05-20T03:04:43.174+0000] {processor.py:208} INFO - Processing /home/airflow/.local/lib/python3.12/site-packages/airflow/example_dags/example_bash_decorator.py took 0.260 seconds
[2025-05-20T03:05:13.247+0000] {processor.py:186} INFO - Started process (PID=1466) to work on /home/airflow/.local/lib/python3.12/site-packages/airflow/example_dags/example_bash_decorator.py
[2025-05-20T03:05:13.250+0000] {processor.py:914} INFO - Processing file /home/airflow/.local/lib/python3.12/site-packages/airflow/example_dags/example_bash_decorator.py for tasks to queue
[2025-05-20T03:05:13.256+0000] {logging_mixin.py:190} INFO - [2025-05-20T03:05:13.256+0000] {dagbag.py:587} INFO - Filling up the DagBag from /home/airflow/.local/lib/python3.12/site-packages/airflow/example_dags/example_bash_decorator.py
[2025-05-20T03:05:13.299+0000] {processor.py:925} INFO - DAG(s) 'example_bash_decorator' retrieved from /home/airflow/.local/lib/python3.12/site-packages/airflow/example_dags/example_bash_decorator.py
[2025-05-20T03:05:13.353+0000] {logging_mixin.py:190} INFO - [2025-05-20T03:05:13.353+0000] {dag.py:3229} INFO - Sync 1 DAGs
[2025-05-20T03:05:13.371+0000] {logging_mixin.py:190} INFO - [2025-05-20T03:05:13.371+0000] {dag.py:4156} INFO - Setting next_dagrun for example_bash_decorator to None, run_after=None
[2025-05-20T03:05:13.444+0000] {processor.py:208} INFO - Processing /home/airflow/.local/lib/python3.12/site-packages/airflow/example_dags/example_bash_decorator.py took 0.205 seconds
[2025-05-20T03:05:44.605+0000] {processor.py:186} INFO - Started process (PID=1530) to work on /home/airflow/.local/lib/python3.12/site-packages/airflow/example_dags/example_bash_decorator.py
[2025-05-20T03:05:44.614+0000] {processor.py:914} INFO - Processing file /home/airflow/.local/lib/python3.12/site-packages/airflow/example_dags/example_bash_decorator.py for tasks to queue
[2025-05-20T03:05:44.624+0000] {logging_mixin.py:190} INFO - [2025-05-20T03:05:44.624+0000] {dagbag.py:587} INFO - Filling up the DagBag from /home/airflow/.local/lib/python3.12/site-packages/airflow/example_dags/example_bash_decorator.py
[2025-05-20T03:05:44.652+0000] {processor.py:925} INFO - DAG(s) 'example_bash_decorator' retrieved from /home/airflow/.local/lib/python3.12/site-packages/airflow/example_dags/example_bash_decorator.py
[2025-05-20T03:05:44.716+0000] {logging_mixin.py:190} INFO - [2025-05-20T03:05:44.715+0000] {dag.py:3229} INFO - Sync 1 DAGs
[2025-05-20T03:05:44.753+0000] {logging_mixin.py:190} INFO - [2025-05-20T03:05:44.752+0000] {dag.py:4156} INFO - Setting next_dagrun for example_bash_decorator to None, run_after=None
[2025-05-20T03:05:44.807+0000] {processor.py:208} INFO - Processing /home/airflow/.local/lib/python3.12/site-packages/airflow/example_dags/example_bash_decorator.py took 0.209 seconds
[2025-05-20T03:06:15.525+0000] {processor.py:186} INFO - Started process (PID=1593) to work on /home/airflow/.local/lib/python3.12/site-packages/airflow/example_dags/example_bash_decorator.py
[2025-05-20T03:06:15.526+0000] {processor.py:914} INFO - Processing file /home/airflow/.local/lib/python3.12/site-packages/airflow/example_dags/example_bash_decorator.py for tasks to queue
[2025-05-20T03:06:15.542+0000] {logging_mixin.py:190} INFO - [2025-05-20T03:06:15.542+0000] {dagbag.py:587} INFO - Filling up the DagBag from /home/airflow/.local/lib/python3.12/site-packages/airflow/example_dags/example_bash_decorator.py
[2025-05-20T03:06:15.559+0000] {processor.py:925} INFO - DAG(s) 'example_bash_decorator' retrieved from /home/airflow/.local/lib/python3.12/site-packages/airflow/example_dags/example_bash_decorator.py
[2025-05-20T03:06:15.635+0000] {logging_mixin.py:190} INFO - [2025-05-20T03:06:15.634+0000] {dag.py:3229} INFO - Sync 1 DAGs
[2025-05-20T03:06:15.651+0000] {logging_mixin.py:190} INFO - [2025-05-20T03:06:15.651+0000] {dag.py:4156} INFO - Setting next_dagrun for example_bash_decorator to None, run_after=None
[2025-05-20T03:06:15.713+0000] {processor.py:208} INFO - Processing /home/airflow/.local/lib/python3.12/site-packages/airflow/example_dags/example_bash_decorator.py took 0.191 seconds
[2025-05-20T03:06:46.637+0000] {processor.py:186} INFO - Started process (PID=1656) to work on /home/airflow/.local/lib/python3.12/site-packages/airflow/example_dags/example_bash_decorator.py
[2025-05-20T03:06:46.639+0000] {processor.py:914} INFO - Processing file /home/airflow/.local/lib/python3.12/site-packages/airflow/example_dags/example_bash_decorator.py for tasks to queue
[2025-05-20T03:06:46.645+0000] {logging_mixin.py:190} INFO - [2025-05-20T03:06:46.645+0000] {dagbag.py:587} INFO - Filling up the DagBag from /home/airflow/.local/lib/python3.12/site-packages/airflow/example_dags/example_bash_decorator.py
[2025-05-20T03:06:46.665+0000] {processor.py:925} INFO - DAG(s) 'example_bash_decorator' retrieved from /home/airflow/.local/lib/python3.12/site-packages/airflow/example_dags/example_bash_decorator.py
[2025-05-20T03:06:46.731+0000] {logging_mixin.py:190} INFO - [2025-05-20T03:06:46.731+0000] {dag.py:3229} INFO - Sync 1 DAGs
[2025-05-20T03:06:46.749+0000] {logging_mixin.py:190} INFO - [2025-05-20T03:06:46.748+0000] {dag.py:4156} INFO - Setting next_dagrun for example_bash_decorator to None, run_after=None
[2025-05-20T03:06:46.783+0000] {processor.py:208} INFO - Processing /home/airflow/.local/lib/python3.12/site-packages/airflow/example_dags/example_bash_decorator.py took 0.152 seconds
[2025-05-20T03:07:17.195+0000] {processor.py:186} INFO - Started process (PID=1719) to work on /home/airflow/.local/lib/python3.12/site-packages/airflow/example_dags/example_bash_decorator.py
[2025-05-20T03:07:17.199+0000] {processor.py:914} INFO - Processing file /home/airflow/.local/lib/python3.12/site-packages/airflow/example_dags/example_bash_decorator.py for tasks to queue
[2025-05-20T03:07:17.217+0000] {logging_mixin.py:190} INFO - [2025-05-20T03:07:17.209+0000] {dagbag.py:587} INFO - Filling up the DagBag from /home/airflow/.local/lib/python3.12/site-packages/airflow/example_dags/example_bash_decorator.py
[2025-05-20T03:07:17.258+0000] {processor.py:925} INFO - DAG(s) 'example_bash_decorator' retrieved from /home/airflow/.local/lib/python3.12/site-packages/airflow/example_dags/example_bash_decorator.py
[2025-05-20T03:07:17.303+0000] {logging_mixin.py:190} INFO - [2025-05-20T03:07:17.302+0000] {dag.py:3229} INFO - Sync 1 DAGs
[2025-05-20T03:07:17.329+0000] {logging_mixin.py:190} INFO - [2025-05-20T03:07:17.327+0000] {dag.py:4156} INFO - Setting next_dagrun for example_bash_decorator to None, run_after=None
[2025-05-20T03:07:17.378+0000] {processor.py:208} INFO - Processing /home/airflow/.local/lib/python3.12/site-packages/airflow/example_dags/example_bash_decorator.py took 0.188 seconds
[2025-05-20T03:07:48.786+0000] {processor.py:186} INFO - Started process (PID=1781) to work on /home/airflow/.local/lib/python3.12/site-packages/airflow/example_dags/example_bash_decorator.py
[2025-05-20T03:07:48.789+0000] {processor.py:914} INFO - Processing file /home/airflow/.local/lib/python3.12/site-packages/airflow/example_dags/example_bash_decorator.py for tasks to queue
[2025-05-20T03:07:48.792+0000] {logging_mixin.py:190} INFO - [2025-05-20T03:07:48.792+0000] {dagbag.py:587} INFO - Filling up the DagBag from /home/airflow/.local/lib/python3.12/site-packages/airflow/example_dags/example_bash_decorator.py
[2025-05-20T03:07:48.835+0000] {processor.py:925} INFO - DAG(s) 'example_bash_decorator' retrieved from /home/airflow/.local/lib/python3.12/site-packages/airflow/example_dags/example_bash_decorator.py
[2025-05-20T03:07:48.921+0000] {logging_mixin.py:190} INFO - [2025-05-20T03:07:48.921+0000] {dag.py:3229} INFO - Sync 1 DAGs
[2025-05-20T03:07:48.940+0000] {logging_mixin.py:190} INFO - [2025-05-20T03:07:48.940+0000] {dag.py:4156} INFO - Setting next_dagrun for example_bash_decorator to None, run_after=None
[2025-05-20T03:07:49.003+0000] {processor.py:208} INFO - Processing /home/airflow/.local/lib/python3.12/site-packages/airflow/example_dags/example_bash_decorator.py took 0.221 seconds
[2025-05-20T03:08:19.984+0000] {processor.py:186} INFO - Started process (PID=1843) to work on /home/airflow/.local/lib/python3.12/site-packages/airflow/example_dags/example_bash_decorator.py
[2025-05-20T03:08:19.988+0000] {processor.py:914} INFO - Processing file /home/airflow/.local/lib/python3.12/site-packages/airflow/example_dags/example_bash_decorator.py for tasks to queue
[2025-05-20T03:08:20.018+0000] {logging_mixin.py:190} INFO - [2025-05-20T03:08:20.016+0000] {dagbag.py:587} INFO - Filling up the DagBag from /home/airflow/.local/lib/python3.12/site-packages/airflow/example_dags/example_bash_decorator.py
[2025-05-20T03:08:20.033+0000] {processor.py:925} INFO - DAG(s) 'example_bash_decorator' retrieved from /home/airflow/.local/lib/python3.12/site-packages/airflow/example_dags/example_bash_decorator.py
[2025-05-20T03:08:20.087+0000] {logging_mixin.py:190} INFO - [2025-05-20T03:08:20.087+0000] {dag.py:3229} INFO - Sync 1 DAGs
[2025-05-20T03:08:20.111+0000] {logging_mixin.py:190} INFO - [2025-05-20T03:08:20.111+0000] {dag.py:4156} INFO - Setting next_dagrun for example_bash_decorator to None, run_after=None
[2025-05-20T03:08:20.161+0000] {processor.py:208} INFO - Processing /home/airflow/.local/lib/python3.12/site-packages/airflow/example_dags/example_bash_decorator.py took 0.182 seconds
[2025-05-20T03:08:50.876+0000] {processor.py:186} INFO - Started process (PID=1906) to work on /home/airflow/.local/lib/python3.12/site-packages/airflow/example_dags/example_bash_decorator.py
[2025-05-20T03:08:50.879+0000] {processor.py:914} INFO - Processing file /home/airflow/.local/lib/python3.12/site-packages/airflow/example_dags/example_bash_decorator.py for tasks to queue
[2025-05-20T03:08:50.887+0000] {logging_mixin.py:190} INFO - [2025-05-20T03:08:50.887+0000] {dagbag.py:587} INFO - Filling up the DagBag from /home/airflow/.local/lib/python3.12/site-packages/airflow/example_dags/example_bash_decorator.py
[2025-05-20T03:08:50.905+0000] {processor.py:925} INFO - DAG(s) 'example_bash_decorator' retrieved from /home/airflow/.local/lib/python3.12/site-packages/airflow/example_dags/example_bash_decorator.py
[2025-05-20T03:08:50.969+0000] {logging_mixin.py:190} INFO - [2025-05-20T03:08:50.969+0000] {dag.py:3229} INFO - Sync 1 DAGs
[2025-05-20T03:08:50.992+0000] {logging_mixin.py:190} INFO - [2025-05-20T03:08:50.992+0000] {dag.py:4156} INFO - Setting next_dagrun for example_bash_decorator to None, run_after=None
[2025-05-20T03:08:51.033+0000] {processor.py:208} INFO - Processing /home/airflow/.local/lib/python3.12/site-packages/airflow/example_dags/example_bash_decorator.py took 0.162 seconds
[2025-05-20T03:09:21.165+0000] {processor.py:186} INFO - Started process (PID=1970) to work on /home/airflow/.local/lib/python3.12/site-packages/airflow/example_dags/example_bash_decorator.py
[2025-05-20T03:09:21.168+0000] {processor.py:914} INFO - Processing file /home/airflow/.local/lib/python3.12/site-packages/airflow/example_dags/example_bash_decorator.py for tasks to queue
[2025-05-20T03:09:21.186+0000] {logging_mixin.py:190} INFO - [2025-05-20T03:09:21.179+0000] {dagbag.py:587} INFO - Filling up the DagBag from /home/airflow/.local/lib/python3.12/site-packages/airflow/example_dags/example_bash_decorator.py
[2025-05-20T03:09:21.214+0000] {processor.py:925} INFO - DAG(s) 'example_bash_decorator' retrieved from /home/airflow/.local/lib/python3.12/site-packages/airflow/example_dags/example_bash_decorator.py
[2025-05-20T03:09:21.262+0000] {logging_mixin.py:190} INFO - [2025-05-20T03:09:21.262+0000] {dag.py:3229} INFO - Sync 1 DAGs
[2025-05-20T03:09:21.291+0000] {logging_mixin.py:190} INFO - [2025-05-20T03:09:21.291+0000] {dag.py:4156} INFO - Setting next_dagrun for example_bash_decorator to None, run_after=None
[2025-05-20T03:09:21.326+0000] {processor.py:208} INFO - Processing /home/airflow/.local/lib/python3.12/site-packages/airflow/example_dags/example_bash_decorator.py took 0.165 seconds
[2025-05-20T03:09:52.657+0000] {processor.py:186} INFO - Started process (PID=2033) to work on /home/airflow/.local/lib/python3.12/site-packages/airflow/example_dags/example_bash_decorator.py
[2025-05-20T03:09:52.658+0000] {processor.py:914} INFO - Processing file /home/airflow/.local/lib/python3.12/site-packages/airflow/example_dags/example_bash_decorator.py for tasks to queue
[2025-05-20T03:09:52.662+0000] {logging_mixin.py:190} INFO - [2025-05-20T03:09:52.661+0000] {dagbag.py:587} INFO - Filling up the DagBag from /home/airflow/.local/lib/python3.12/site-packages/airflow/example_dags/example_bash_decorator.py
[2025-05-20T03:09:52.678+0000] {processor.py:925} INFO - DAG(s) 'example_bash_decorator' retrieved from /home/airflow/.local/lib/python3.12/site-packages/airflow/example_dags/example_bash_decorator.py
[2025-05-20T03:09:52.711+0000] {logging_mixin.py:190} INFO - [2025-05-20T03:09:52.711+0000] {dag.py:3229} INFO - Sync 1 DAGs
[2025-05-20T03:09:52.735+0000] {logging_mixin.py:190} INFO - [2025-05-20T03:09:52.732+0000] {dag.py:4156} INFO - Setting next_dagrun for example_bash_decorator to None, run_after=None
[2025-05-20T03:09:52.784+0000] {processor.py:208} INFO - Processing /home/airflow/.local/lib/python3.12/site-packages/airflow/example_dags/example_bash_decorator.py took 0.130 seconds
[2025-05-20T03:10:23.733+0000] {processor.py:186} INFO - Started process (PID=2096) to work on /home/airflow/.local/lib/python3.12/site-packages/airflow/example_dags/example_bash_decorator.py
[2025-05-20T03:10:23.735+0000] {processor.py:914} INFO - Processing file /home/airflow/.local/lib/python3.12/site-packages/airflow/example_dags/example_bash_decorator.py for tasks to queue
[2025-05-20T03:10:23.738+0000] {logging_mixin.py:190} INFO - [2025-05-20T03:10:23.738+0000] {dagbag.py:587} INFO - Filling up the DagBag from /home/airflow/.local/lib/python3.12/site-packages/airflow/example_dags/example_bash_decorator.py
[2025-05-20T03:10:23.777+0000] {processor.py:925} INFO - DAG(s) 'example_bash_decorator' retrieved from /home/airflow/.local/lib/python3.12/site-packages/airflow/example_dags/example_bash_decorator.py
[2025-05-20T03:10:23.860+0000] {logging_mixin.py:190} INFO - [2025-05-20T03:10:23.860+0000] {dag.py:3229} INFO - Sync 1 DAGs
[2025-05-20T03:10:23.900+0000] {logging_mixin.py:190} INFO - [2025-05-20T03:10:23.900+0000] {dag.py:4156} INFO - Setting next_dagrun for example_bash_decorator to None, run_after=None
[2025-05-20T03:10:23.978+0000] {processor.py:208} INFO - Processing /home/airflow/.local/lib/python3.12/site-packages/airflow/example_dags/example_bash_decorator.py took 0.249 seconds
[2025-05-20T03:10:54.381+0000] {processor.py:186} INFO - Started process (PID=2159) to work on /home/airflow/.local/lib/python3.12/site-packages/airflow/example_dags/example_bash_decorator.py
[2025-05-20T03:10:54.385+0000] {processor.py:914} INFO - Processing file /home/airflow/.local/lib/python3.12/site-packages/airflow/example_dags/example_bash_decorator.py for tasks to queue
[2025-05-20T03:10:54.392+0000] {logging_mixin.py:190} INFO - [2025-05-20T03:10:54.389+0000] {dagbag.py:587} INFO - Filling up the DagBag from /home/airflow/.local/lib/python3.12/site-packages/airflow/example_dags/example_bash_decorator.py
[2025-05-20T03:10:54.418+0000] {processor.py:925} INFO - DAG(s) 'example_bash_decorator' retrieved from /home/airflow/.local/lib/python3.12/site-packages/airflow/example_dags/example_bash_decorator.py
[2025-05-20T03:10:54.472+0000] {logging_mixin.py:190} INFO - [2025-05-20T03:10:54.472+0000] {dag.py:3229} INFO - Sync 1 DAGs
[2025-05-20T03:10:54.515+0000] {logging_mixin.py:190} INFO - [2025-05-20T03:10:54.515+0000] {dag.py:4156} INFO - Setting next_dagrun for example_bash_decorator to None, run_after=None
[2025-05-20T03:10:54.561+0000] {processor.py:208} INFO - Processing /home/airflow/.local/lib/python3.12/site-packages/airflow/example_dags/example_bash_decorator.py took 0.188 seconds
[2025-05-20T03:11:24.998+0000] {processor.py:186} INFO - Started process (PID=2221) to work on /home/airflow/.local/lib/python3.12/site-packages/airflow/example_dags/example_bash_decorator.py
[2025-05-20T03:11:25.001+0000] {processor.py:914} INFO - Processing file /home/airflow/.local/lib/python3.12/site-packages/airflow/example_dags/example_bash_decorator.py for tasks to queue
[2025-05-20T03:11:25.011+0000] {logging_mixin.py:190} INFO - [2025-05-20T03:11:25.009+0000] {dagbag.py:587} INFO - Filling up the DagBag from /home/airflow/.local/lib/python3.12/site-packages/airflow/example_dags/example_bash_decorator.py
[2025-05-20T03:11:25.045+0000] {processor.py:925} INFO - DAG(s) 'example_bash_decorator' retrieved from /home/airflow/.local/lib/python3.12/site-packages/airflow/example_dags/example_bash_decorator.py
[2025-05-20T03:11:25.095+0000] {logging_mixin.py:190} INFO - [2025-05-20T03:11:25.094+0000] {dag.py:3229} INFO - Sync 1 DAGs
[2025-05-20T03:11:25.122+0000] {logging_mixin.py:190} INFO - [2025-05-20T03:11:25.122+0000] {dag.py:4156} INFO - Setting next_dagrun for example_bash_decorator to None, run_after=None
[2025-05-20T03:11:25.188+0000] {processor.py:208} INFO - Processing /home/airflow/.local/lib/python3.12/site-packages/airflow/example_dags/example_bash_decorator.py took 0.198 seconds
[2025-05-20T03:11:55.402+0000] {processor.py:186} INFO - Started process (PID=2284) to work on /home/airflow/.local/lib/python3.12/site-packages/airflow/example_dags/example_bash_decorator.py
[2025-05-20T03:11:55.407+0000] {processor.py:914} INFO - Processing file /home/airflow/.local/lib/python3.12/site-packages/airflow/example_dags/example_bash_decorator.py for tasks to queue
[2025-05-20T03:11:55.410+0000] {logging_mixin.py:190} INFO - [2025-05-20T03:11:55.410+0000] {dagbag.py:587} INFO - Filling up the DagBag from /home/airflow/.local/lib/python3.12/site-packages/airflow/example_dags/example_bash_decorator.py
[2025-05-20T03:11:55.420+0000] {processor.py:925} INFO - DAG(s) 'example_bash_decorator' retrieved from /home/airflow/.local/lib/python3.12/site-packages/airflow/example_dags/example_bash_decorator.py
[2025-05-20T03:11:55.487+0000] {logging_mixin.py:190} INFO - [2025-05-20T03:11:55.486+0000] {dag.py:3229} INFO - Sync 1 DAGs
[2025-05-20T03:11:55.504+0000] {logging_mixin.py:190} INFO - [2025-05-20T03:11:55.504+0000] {dag.py:4156} INFO - Setting next_dagrun for example_bash_decorator to None, run_after=None
[2025-05-20T03:11:55.553+0000] {processor.py:208} INFO - Processing /home/airflow/.local/lib/python3.12/site-packages/airflow/example_dags/example_bash_decorator.py took 0.153 seconds
[2025-05-20T03:12:27.285+0000] {processor.py:186} INFO - Started process (PID=2347) to work on /home/airflow/.local/lib/python3.12/site-packages/airflow/example_dags/example_bash_decorator.py
[2025-05-20T03:12:27.286+0000] {processor.py:914} INFO - Processing file /home/airflow/.local/lib/python3.12/site-packages/airflow/example_dags/example_bash_decorator.py for tasks to queue
[2025-05-20T03:12:27.296+0000] {logging_mixin.py:190} INFO - [2025-05-20T03:12:27.296+0000] {dagbag.py:587} INFO - Filling up the DagBag from /home/airflow/.local/lib/python3.12/site-packages/airflow/example_dags/example_bash_decorator.py
[2025-05-20T03:12:27.315+0000] {processor.py:925} INFO - DAG(s) 'example_bash_decorator' retrieved from /home/airflow/.local/lib/python3.12/site-packages/airflow/example_dags/example_bash_decorator.py
[2025-05-20T03:12:27.390+0000] {logging_mixin.py:190} INFO - [2025-05-20T03:12:27.389+0000] {dag.py:3229} INFO - Sync 1 DAGs
[2025-05-20T03:12:27.412+0000] {logging_mixin.py:190} INFO - [2025-05-20T03:12:27.412+0000] {dag.py:4156} INFO - Setting next_dagrun for example_bash_decorator to None, run_after=None
[2025-05-20T03:12:27.501+0000] {processor.py:208} INFO - Processing /home/airflow/.local/lib/python3.12/site-packages/airflow/example_dags/example_bash_decorator.py took 0.220 seconds
[2025-05-20T03:12:58.283+0000] {processor.py:186} INFO - Started process (PID=2415) to work on /home/airflow/.local/lib/python3.12/site-packages/airflow/example_dags/example_bash_decorator.py
[2025-05-20T03:12:58.287+0000] {processor.py:914} INFO - Processing file /home/airflow/.local/lib/python3.12/site-packages/airflow/example_dags/example_bash_decorator.py for tasks to queue
[2025-05-20T03:12:58.295+0000] {logging_mixin.py:190} INFO - [2025-05-20T03:12:58.295+0000] {dagbag.py:587} INFO - Filling up the DagBag from /home/airflow/.local/lib/python3.12/site-packages/airflow/example_dags/example_bash_decorator.py
[2025-05-20T03:12:58.337+0000] {processor.py:925} INFO - DAG(s) 'example_bash_decorator' retrieved from /home/airflow/.local/lib/python3.12/site-packages/airflow/example_dags/example_bash_decorator.py
[2025-05-20T03:12:58.401+0000] {logging_mixin.py:190} INFO - [2025-05-20T03:12:58.401+0000] {dag.py:3229} INFO - Sync 1 DAGs
[2025-05-20T03:12:58.429+0000] {logging_mixin.py:190} INFO - [2025-05-20T03:12:58.428+0000] {dag.py:4156} INFO - Setting next_dagrun for example_bash_decorator to None, run_after=None
[2025-05-20T03:12:58.467+0000] {processor.py:208} INFO - Processing /home/airflow/.local/lib/python3.12/site-packages/airflow/example_dags/example_bash_decorator.py took 0.190 seconds
[2025-05-20T03:13:29.248+0000] {processor.py:186} INFO - Started process (PID=2478) to work on /home/airflow/.local/lib/python3.12/site-packages/airflow/example_dags/example_bash_decorator.py
[2025-05-20T03:13:29.249+0000] {processor.py:914} INFO - Processing file /home/airflow/.local/lib/python3.12/site-packages/airflow/example_dags/example_bash_decorator.py for tasks to queue
[2025-05-20T03:13:29.255+0000] {logging_mixin.py:190} INFO - [2025-05-20T03:13:29.252+0000] {dagbag.py:587} INFO - Filling up the DagBag from /home/airflow/.local/lib/python3.12/site-packages/airflow/example_dags/example_bash_decorator.py
[2025-05-20T03:13:29.281+0000] {processor.py:925} INFO - DAG(s) 'example_bash_decorator' retrieved from /home/airflow/.local/lib/python3.12/site-packages/airflow/example_dags/example_bash_decorator.py
[2025-05-20T03:13:29.323+0000] {logging_mixin.py:190} INFO - [2025-05-20T03:13:29.323+0000] {dag.py:3229} INFO - Sync 1 DAGs
[2025-05-20T03:13:29.341+0000] {logging_mixin.py:190} INFO - [2025-05-20T03:13:29.340+0000] {dag.py:4156} INFO - Setting next_dagrun for example_bash_decorator to None, run_after=None
[2025-05-20T03:13:29.368+0000] {processor.py:208} INFO - Processing /home/airflow/.local/lib/python3.12/site-packages/airflow/example_dags/example_bash_decorator.py took 0.125 seconds
[2025-05-20T03:13:59.674+0000] {processor.py:186} INFO - Started process (PID=2541) to work on /home/airflow/.local/lib/python3.12/site-packages/airflow/example_dags/example_bash_decorator.py
[2025-05-20T03:13:59.676+0000] {processor.py:914} INFO - Processing file /home/airflow/.local/lib/python3.12/site-packages/airflow/example_dags/example_bash_decorator.py for tasks to queue
[2025-05-20T03:13:59.688+0000] {logging_mixin.py:190} INFO - [2025-05-20T03:13:59.687+0000] {dagbag.py:587} INFO - Filling up the DagBag from /home/airflow/.local/lib/python3.12/site-packages/airflow/example_dags/example_bash_decorator.py
[2025-05-20T03:13:59.719+0000] {processor.py:925} INFO - DAG(s) 'example_bash_decorator' retrieved from /home/airflow/.local/lib/python3.12/site-packages/airflow/example_dags/example_bash_decorator.py
[2025-05-20T03:13:59.745+0000] {logging_mixin.py:190} INFO - [2025-05-20T03:13:59.744+0000] {dag.py:3229} INFO - Sync 1 DAGs
[2025-05-20T03:13:59.787+0000] {logging_mixin.py:190} INFO - [2025-05-20T03:13:59.782+0000] {dag.py:4156} INFO - Setting next_dagrun for example_bash_decorator to None, run_after=None
[2025-05-20T03:13:59.845+0000] {processor.py:208} INFO - Processing /home/airflow/.local/lib/python3.12/site-packages/airflow/example_dags/example_bash_decorator.py took 0.175 seconds
[2025-05-20T03:14:30.268+0000] {processor.py:186} INFO - Started process (PID=2604) to work on /home/airflow/.local/lib/python3.12/site-packages/airflow/example_dags/example_bash_decorator.py
[2025-05-20T03:14:30.272+0000] {processor.py:914} INFO - Processing file /home/airflow/.local/lib/python3.12/site-packages/airflow/example_dags/example_bash_decorator.py for tasks to queue
[2025-05-20T03:14:30.276+0000] {logging_mixin.py:190} INFO - [2025-05-20T03:14:30.275+0000] {dagbag.py:587} INFO - Filling up the DagBag from /home/airflow/.local/lib/python3.12/site-packages/airflow/example_dags/example_bash_decorator.py
[2025-05-20T03:14:30.319+0000] {processor.py:925} INFO - DAG(s) 'example_bash_decorator' retrieved from /home/airflow/.local/lib/python3.12/site-packages/airflow/example_dags/example_bash_decorator.py
[2025-05-20T03:14:30.386+0000] {logging_mixin.py:190} INFO - [2025-05-20T03:14:30.384+0000] {dag.py:3229} INFO - Sync 1 DAGs
[2025-05-20T03:14:30.417+0000] {logging_mixin.py:190} INFO - [2025-05-20T03:14:30.417+0000] {dag.py:4156} INFO - Setting next_dagrun for example_bash_decorator to None, run_after=None
[2025-05-20T03:14:30.494+0000] {processor.py:208} INFO - Processing /home/airflow/.local/lib/python3.12/site-packages/airflow/example_dags/example_bash_decorator.py took 0.231 seconds
[2025-05-20T03:15:00.691+0000] {processor.py:186} INFO - Started process (PID=2667) to work on /home/airflow/.local/lib/python3.12/site-packages/airflow/example_dags/example_bash_decorator.py
[2025-05-20T03:15:00.692+0000] {processor.py:914} INFO - Processing file /home/airflow/.local/lib/python3.12/site-packages/airflow/example_dags/example_bash_decorator.py for tasks to queue
[2025-05-20T03:15:00.694+0000] {logging_mixin.py:190} INFO - [2025-05-20T03:15:00.694+0000] {dagbag.py:587} INFO - Filling up the DagBag from /home/airflow/.local/lib/python3.12/site-packages/airflow/example_dags/example_bash_decorator.py
[2025-05-20T03:15:00.722+0000] {processor.py:925} INFO - DAG(s) 'example_bash_decorator' retrieved from /home/airflow/.local/lib/python3.12/site-packages/airflow/example_dags/example_bash_decorator.py
[2025-05-20T03:15:00.798+0000] {logging_mixin.py:190} INFO - [2025-05-20T03:15:00.798+0000] {dag.py:3229} INFO - Sync 1 DAGs
[2025-05-20T03:15:00.851+0000] {logging_mixin.py:190} INFO - [2025-05-20T03:15:00.849+0000] {dag.py:4156} INFO - Setting next_dagrun for example_bash_decorator to None, run_after=None
[2025-05-20T03:15:00.899+0000] {processor.py:208} INFO - Processing /home/airflow/.local/lib/python3.12/site-packages/airflow/example_dags/example_bash_decorator.py took 0.212 seconds
[2025-05-20T03:15:31.006+0000] {processor.py:186} INFO - Started process (PID=2730) to work on /home/airflow/.local/lib/python3.12/site-packages/airflow/example_dags/example_bash_decorator.py
[2025-05-20T03:15:31.008+0000] {processor.py:914} INFO - Processing file /home/airflow/.local/lib/python3.12/site-packages/airflow/example_dags/example_bash_decorator.py for tasks to queue
[2025-05-20T03:15:31.014+0000] {logging_mixin.py:190} INFO - [2025-05-20T03:15:31.014+0000] {dagbag.py:587} INFO - Filling up the DagBag from /home/airflow/.local/lib/python3.12/site-packages/airflow/example_dags/example_bash_decorator.py
[2025-05-20T03:15:31.028+0000] {processor.py:925} INFO - DAG(s) 'example_bash_decorator' retrieved from /home/airflow/.local/lib/python3.12/site-packages/airflow/example_dags/example_bash_decorator.py
[2025-05-20T03:15:31.086+0000] {logging_mixin.py:190} INFO - [2025-05-20T03:15:31.085+0000] {dag.py:3229} INFO - Sync 1 DAGs
[2025-05-20T03:15:31.098+0000] {logging_mixin.py:190} INFO - [2025-05-20T03:15:31.097+0000] {dag.py:4156} INFO - Setting next_dagrun for example_bash_decorator to None, run_after=None
[2025-05-20T03:15:31.136+0000] {processor.py:208} INFO - Processing /home/airflow/.local/lib/python3.12/site-packages/airflow/example_dags/example_bash_decorator.py took 0.134 seconds
[2025-05-20T03:16:01.871+0000] {processor.py:186} INFO - Started process (PID=2793) to work on /home/airflow/.local/lib/python3.12/site-packages/airflow/example_dags/example_bash_decorator.py
[2025-05-20T03:16:01.878+0000] {processor.py:914} INFO - Processing file /home/airflow/.local/lib/python3.12/site-packages/airflow/example_dags/example_bash_decorator.py for tasks to queue
[2025-05-20T03:16:01.898+0000] {logging_mixin.py:190} INFO - [2025-05-20T03:16:01.898+0000] {dagbag.py:587} INFO - Filling up the DagBag from /home/airflow/.local/lib/python3.12/site-packages/airflow/example_dags/example_bash_decorator.py
[2025-05-20T03:16:01.907+0000] {processor.py:925} INFO - DAG(s) 'example_bash_decorator' retrieved from /home/airflow/.local/lib/python3.12/site-packages/airflow/example_dags/example_bash_decorator.py
[2025-05-20T03:16:01.959+0000] {logging_mixin.py:190} INFO - [2025-05-20T03:16:01.958+0000] {dag.py:3229} INFO - Sync 1 DAGs
[2025-05-20T03:16:01.983+0000] {logging_mixin.py:190} INFO - [2025-05-20T03:16:01.983+0000] {dag.py:4156} INFO - Setting next_dagrun for example_bash_decorator to None, run_after=None
[2025-05-20T03:16:02.054+0000] {processor.py:208} INFO - Processing /home/airflow/.local/lib/python3.12/site-packages/airflow/example_dags/example_bash_decorator.py took 0.188 seconds
[2025-05-20T03:16:32.636+0000] {processor.py:186} INFO - Started process (PID=2856) to work on /home/airflow/.local/lib/python3.12/site-packages/airflow/example_dags/example_bash_decorator.py
[2025-05-20T03:16:32.638+0000] {processor.py:914} INFO - Processing file /home/airflow/.local/lib/python3.12/site-packages/airflow/example_dags/example_bash_decorator.py for tasks to queue
[2025-05-20T03:16:32.643+0000] {logging_mixin.py:190} INFO - [2025-05-20T03:16:32.642+0000] {dagbag.py:587} INFO - Filling up the DagBag from /home/airflow/.local/lib/python3.12/site-packages/airflow/example_dags/example_bash_decorator.py
[2025-05-20T03:16:32.683+0000] {processor.py:925} INFO - DAG(s) 'example_bash_decorator' retrieved from /home/airflow/.local/lib/python3.12/site-packages/airflow/example_dags/example_bash_decorator.py
[2025-05-20T03:16:32.761+0000] {logging_mixin.py:190} INFO - [2025-05-20T03:16:32.759+0000] {dag.py:3229} INFO - Sync 1 DAGs
[2025-05-20T03:16:32.783+0000] {logging_mixin.py:190} INFO - [2025-05-20T03:16:32.782+0000] {dag.py:4156} INFO - Setting next_dagrun for example_bash_decorator to None, run_after=None
[2025-05-20T03:16:32.815+0000] {processor.py:208} INFO - Processing /home/airflow/.local/lib/python3.12/site-packages/airflow/example_dags/example_bash_decorator.py took 0.187 seconds
[2025-05-20T03:17:03.720+0000] {processor.py:186} INFO - Started process (PID=2919) to work on /home/airflow/.local/lib/python3.12/site-packages/airflow/example_dags/example_bash_decorator.py
[2025-05-20T03:17:03.722+0000] {processor.py:914} INFO - Processing file /home/airflow/.local/lib/python3.12/site-packages/airflow/example_dags/example_bash_decorator.py for tasks to queue
[2025-05-20T03:17:03.727+0000] {logging_mixin.py:190} INFO - [2025-05-20T03:17:03.726+0000] {dagbag.py:587} INFO - Filling up the DagBag from /home/airflow/.local/lib/python3.12/site-packages/airflow/example_dags/example_bash_decorator.py
[2025-05-20T03:17:03.760+0000] {processor.py:925} INFO - DAG(s) 'example_bash_decorator' retrieved from /home/airflow/.local/lib/python3.12/site-packages/airflow/example_dags/example_bash_decorator.py
[2025-05-20T03:17:03.809+0000] {logging_mixin.py:190} INFO - [2025-05-20T03:17:03.808+0000] {dag.py:3229} INFO - Sync 1 DAGs
[2025-05-20T03:17:03.848+0000] {logging_mixin.py:190} INFO - [2025-05-20T03:17:03.847+0000] {dag.py:4156} INFO - Setting next_dagrun for example_bash_decorator to None, run_after=None
[2025-05-20T03:17:03.900+0000] {processor.py:208} INFO - Processing /home/airflow/.local/lib/python3.12/site-packages/airflow/example_dags/example_bash_decorator.py took 0.186 seconds
[2025-05-20T03:17:34.290+0000] {processor.py:186} INFO - Started process (PID=2982) to work on /home/airflow/.local/lib/python3.12/site-packages/airflow/example_dags/example_bash_decorator.py
[2025-05-20T03:17:34.294+0000] {processor.py:914} INFO - Processing file /home/airflow/.local/lib/python3.12/site-packages/airflow/example_dags/example_bash_decorator.py for tasks to queue
[2025-05-20T03:17:34.302+0000] {logging_mixin.py:190} INFO - [2025-05-20T03:17:34.301+0000] {dagbag.py:587} INFO - Filling up the DagBag from /home/airflow/.local/lib/python3.12/site-packages/airflow/example_dags/example_bash_decorator.py
[2025-05-20T03:17:34.340+0000] {processor.py:925} INFO - DAG(s) 'example_bash_decorator' retrieved from /home/airflow/.local/lib/python3.12/site-packages/airflow/example_dags/example_bash_decorator.py
[2025-05-20T03:17:34.424+0000] {logging_mixin.py:190} INFO - [2025-05-20T03:17:34.424+0000] {dag.py:3229} INFO - Sync 1 DAGs
[2025-05-20T03:17:34.445+0000] {logging_mixin.py:190} INFO - [2025-05-20T03:17:34.443+0000] {dag.py:4156} INFO - Setting next_dagrun for example_bash_decorator to None, run_after=None
[2025-05-20T03:17:34.533+0000] {processor.py:208} INFO - Processing /home/airflow/.local/lib/python3.12/site-packages/airflow/example_dags/example_bash_decorator.py took 0.248 seconds
[2025-05-20T03:18:04.951+0000] {processor.py:186} INFO - Started process (PID=3044) to work on /home/airflow/.local/lib/python3.12/site-packages/airflow/example_dags/example_bash_decorator.py
[2025-05-20T03:18:04.954+0000] {processor.py:914} INFO - Processing file /home/airflow/.local/lib/python3.12/site-packages/airflow/example_dags/example_bash_decorator.py for tasks to queue
[2025-05-20T03:18:04.965+0000] {logging_mixin.py:190} INFO - [2025-05-20T03:18:04.964+0000] {dagbag.py:587} INFO - Filling up the DagBag from /home/airflow/.local/lib/python3.12/site-packages/airflow/example_dags/example_bash_decorator.py
[2025-05-20T03:18:04.991+0000] {processor.py:925} INFO - DAG(s) 'example_bash_decorator' retrieved from /home/airflow/.local/lib/python3.12/site-packages/airflow/example_dags/example_bash_decorator.py
[2025-05-20T03:18:05.031+0000] {logging_mixin.py:190} INFO - [2025-05-20T03:18:05.031+0000] {dag.py:3229} INFO - Sync 1 DAGs
[2025-05-20T03:18:05.075+0000] {logging_mixin.py:190} INFO - [2025-05-20T03:18:05.075+0000] {dag.py:4156} INFO - Setting next_dagrun for example_bash_decorator to None, run_after=None
[2025-05-20T03:18:05.140+0000] {processor.py:208} INFO - Processing /home/airflow/.local/lib/python3.12/site-packages/airflow/example_dags/example_bash_decorator.py took 0.186 seconds
[2025-05-20T03:18:35.214+0000] {processor.py:186} INFO - Started process (PID=3107) to work on /home/airflow/.local/lib/python3.12/site-packages/airflow/example_dags/example_bash_decorator.py
[2025-05-20T03:18:35.216+0000] {processor.py:914} INFO - Processing file /home/airflow/.local/lib/python3.12/site-packages/airflow/example_dags/example_bash_decorator.py for tasks to queue
[2025-05-20T03:18:35.226+0000] {logging_mixin.py:190} INFO - [2025-05-20T03:18:35.225+0000] {dagbag.py:587} INFO - Filling up the DagBag from /home/airflow/.local/lib/python3.12/site-packages/airflow/example_dags/example_bash_decorator.py
[2025-05-20T03:18:35.243+0000] {processor.py:925} INFO - DAG(s) 'example_bash_decorator' retrieved from /home/airflow/.local/lib/python3.12/site-packages/airflow/example_dags/example_bash_decorator.py
[2025-05-20T03:18:35.304+0000] {logging_mixin.py:190} INFO - [2025-05-20T03:18:35.303+0000] {dag.py:3229} INFO - Sync 1 DAGs
[2025-05-20T03:18:35.343+0000] {logging_mixin.py:190} INFO - [2025-05-20T03:18:35.343+0000] {dag.py:4156} INFO - Setting next_dagrun for example_bash_decorator to None, run_after=None
[2025-05-20T03:18:35.388+0000] {processor.py:208} INFO - Processing /home/airflow/.local/lib/python3.12/site-packages/airflow/example_dags/example_bash_decorator.py took 0.179 seconds
[2025-05-20T03:19:06.201+0000] {processor.py:186} INFO - Started process (PID=3169) to work on /home/airflow/.local/lib/python3.12/site-packages/airflow/example_dags/example_bash_decorator.py
[2025-05-20T03:19:06.204+0000] {processor.py:914} INFO - Processing file /home/airflow/.local/lib/python3.12/site-packages/airflow/example_dags/example_bash_decorator.py for tasks to queue
[2025-05-20T03:19:06.211+0000] {logging_mixin.py:190} INFO - [2025-05-20T03:19:06.211+0000] {dagbag.py:587} INFO - Filling up the DagBag from /home/airflow/.local/lib/python3.12/site-packages/airflow/example_dags/example_bash_decorator.py
[2025-05-20T03:19:06.266+0000] {processor.py:925} INFO - DAG(s) 'example_bash_decorator' retrieved from /home/airflow/.local/lib/python3.12/site-packages/airflow/example_dags/example_bash_decorator.py
[2025-05-20T03:19:06.401+0000] {logging_mixin.py:190} INFO - [2025-05-20T03:19:06.399+0000] {dag.py:3229} INFO - Sync 1 DAGs
[2025-05-20T03:19:06.430+0000] {logging_mixin.py:190} INFO - [2025-05-20T03:19:06.430+0000] {dag.py:4156} INFO - Setting next_dagrun for example_bash_decorator to None, run_after=None
[2025-05-20T03:19:06.469+0000] {processor.py:208} INFO - Processing /home/airflow/.local/lib/python3.12/site-packages/airflow/example_dags/example_bash_decorator.py took 0.276 seconds
[2025-05-20T03:19:37.262+0000] {processor.py:186} INFO - Started process (PID=3231) to work on /home/airflow/.local/lib/python3.12/site-packages/airflow/example_dags/example_bash_decorator.py
[2025-05-20T03:19:37.263+0000] {processor.py:914} INFO - Processing file /home/airflow/.local/lib/python3.12/site-packages/airflow/example_dags/example_bash_decorator.py for tasks to queue
[2025-05-20T03:19:37.266+0000] {logging_mixin.py:190} INFO - [2025-05-20T03:19:37.265+0000] {dagbag.py:587} INFO - Filling up the DagBag from /home/airflow/.local/lib/python3.12/site-packages/airflow/example_dags/example_bash_decorator.py
[2025-05-20T03:19:37.498+0000] {processor.py:925} INFO - DAG(s) 'example_bash_decorator' retrieved from /home/airflow/.local/lib/python3.12/site-packages/airflow/example_dags/example_bash_decorator.py
[2025-05-20T03:19:37.529+0000] {logging_mixin.py:190} INFO - [2025-05-20T03:19:37.528+0000] {dag.py:3229} INFO - Sync 1 DAGs
[2025-05-20T03:19:37.546+0000] {logging_mixin.py:190} INFO - [2025-05-20T03:19:37.546+0000] {dag.py:4156} INFO - Setting next_dagrun for example_bash_decorator to None, run_after=None
[2025-05-20T03:19:37.570+0000] {processor.py:208} INFO - Processing /home/airflow/.local/lib/python3.12/site-packages/airflow/example_dags/example_bash_decorator.py took 0.312 seconds
[2025-05-20T03:20:07.676+0000] {processor.py:186} INFO - Started process (PID=3294) to work on /home/airflow/.local/lib/python3.12/site-packages/airflow/example_dags/example_bash_decorator.py
[2025-05-20T03:20:07.679+0000] {processor.py:914} INFO - Processing file /home/airflow/.local/lib/python3.12/site-packages/airflow/example_dags/example_bash_decorator.py for tasks to queue
[2025-05-20T03:20:07.688+0000] {logging_mixin.py:190} INFO - [2025-05-20T03:20:07.688+0000] {dagbag.py:587} INFO - Filling up the DagBag from /home/airflow/.local/lib/python3.12/site-packages/airflow/example_dags/example_bash_decorator.py
[2025-05-20T03:20:07.709+0000] {processor.py:925} INFO - DAG(s) 'example_bash_decorator' retrieved from /home/airflow/.local/lib/python3.12/site-packages/airflow/example_dags/example_bash_decorator.py
[2025-05-20T03:20:07.756+0000] {logging_mixin.py:190} INFO - [2025-05-20T03:20:07.756+0000] {dag.py:3229} INFO - Sync 1 DAGs
[2025-05-20T03:20:07.794+0000] {logging_mixin.py:190} INFO - [2025-05-20T03:20:07.793+0000] {dag.py:4156} INFO - Setting next_dagrun for example_bash_decorator to None, run_after=None
[2025-05-20T03:20:07.904+0000] {processor.py:208} INFO - Processing /home/airflow/.local/lib/python3.12/site-packages/airflow/example_dags/example_bash_decorator.py took 0.233 seconds
[2025-05-20T03:20:38.368+0000] {processor.py:186} INFO - Started process (PID=3356) to work on /home/airflow/.local/lib/python3.12/site-packages/airflow/example_dags/example_bash_decorator.py
[2025-05-20T03:20:38.369+0000] {processor.py:914} INFO - Processing file /home/airflow/.local/lib/python3.12/site-packages/airflow/example_dags/example_bash_decorator.py for tasks to queue
[2025-05-20T03:20:38.373+0000] {logging_mixin.py:190} INFO - [2025-05-20T03:20:38.372+0000] {dagbag.py:587} INFO - Filling up the DagBag from /home/airflow/.local/lib/python3.12/site-packages/airflow/example_dags/example_bash_decorator.py
[2025-05-20T03:20:38.394+0000] {processor.py:925} INFO - DAG(s) 'example_bash_decorator' retrieved from /home/airflow/.local/lib/python3.12/site-packages/airflow/example_dags/example_bash_decorator.py
[2025-05-20T03:20:38.445+0000] {logging_mixin.py:190} INFO - [2025-05-20T03:20:38.444+0000] {dag.py:3229} INFO - Sync 1 DAGs
[2025-05-20T03:20:38.477+0000] {logging_mixin.py:190} INFO - [2025-05-20T03:20:38.477+0000] {dag.py:4156} INFO - Setting next_dagrun for example_bash_decorator to None, run_after=None
[2025-05-20T03:20:38.518+0000] {processor.py:208} INFO - Processing /home/airflow/.local/lib/python3.12/site-packages/airflow/example_dags/example_bash_decorator.py took 0.154 seconds
[2025-05-20T03:21:09.493+0000] {processor.py:186} INFO - Started process (PID=3419) to work on /home/airflow/.local/lib/python3.12/site-packages/airflow/example_dags/example_bash_decorator.py
[2025-05-20T03:21:09.494+0000] {processor.py:914} INFO - Processing file /home/airflow/.local/lib/python3.12/site-packages/airflow/example_dags/example_bash_decorator.py for tasks to queue
[2025-05-20T03:21:09.503+0000] {logging_mixin.py:190} INFO - [2025-05-20T03:21:09.499+0000] {dagbag.py:587} INFO - Filling up the DagBag from /home/airflow/.local/lib/python3.12/site-packages/airflow/example_dags/example_bash_decorator.py
[2025-05-20T03:21:09.525+0000] {processor.py:925} INFO - DAG(s) 'example_bash_decorator' retrieved from /home/airflow/.local/lib/python3.12/site-packages/airflow/example_dags/example_bash_decorator.py
[2025-05-20T03:21:09.574+0000] {logging_mixin.py:190} INFO - [2025-05-20T03:21:09.573+0000] {dag.py:3229} INFO - Sync 1 DAGs
[2025-05-20T03:21:09.600+0000] {logging_mixin.py:190} INFO - [2025-05-20T03:21:09.600+0000] {dag.py:4156} INFO - Setting next_dagrun for example_bash_decorator to None, run_after=None
[2025-05-20T03:21:09.633+0000] {processor.py:208} INFO - Processing /home/airflow/.local/lib/python3.12/site-packages/airflow/example_dags/example_bash_decorator.py took 0.144 seconds
