[2025-05-20T02:51:04.280+0000] {processor.py:186} INFO - Started process (PID=112) to work on /home/airflow/.local/lib/python3.12/site-packages/airflow/example_dags/example_sensor_decorator.py
[2025-05-20T02:51:04.282+0000] {processor.py:914} INFO - Processing file /home/airflow/.local/lib/python3.12/site-packages/airflow/example_dags/example_sensor_decorator.py for tasks to queue
[2025-05-20T02:51:04.292+0000] {logging_mixin.py:190} INFO - [2025-05-20T02:51:04.291+0000] {dagbag.py:587} INFO - Filling up the DagBag from /home/airflow/.local/lib/python3.12/site-packages/airflow/example_dags/example_sensor_decorator.py
[2025-05-20T02:51:04.303+0000] {processor.py:925} INFO - DAG(s) 'example_sensor_decorator' retrieved from /home/airflow/.local/lib/python3.12/site-packages/airflow/example_dags/example_sensor_decorator.py
[2025-05-20T02:51:04.425+0000] {logging_mixin.py:190} INFO - [2025-05-20T02:51:04.424+0000] {override.py:1900} INFO - Created Permission View: can read on DAG:example_sensor_decorator
[2025-05-20T02:51:04.444+0000] {logging_mixin.py:190} INFO - [2025-05-20T02:51:04.443+0000] {override.py:1900} INFO - Created Permission View: can delete on DAG:example_sensor_decorator
[2025-05-20T02:51:04.462+0000] {logging_mixin.py:190} INFO - [2025-05-20T02:51:04.461+0000] {override.py:1900} INFO - Created Permission View: can edit on DAG:example_sensor_decorator
[2025-05-20T02:51:04.485+0000] {logging_mixin.py:190} INFO - [2025-05-20T02:51:04.484+0000] {override.py:1900} INFO - Created Permission View: can read on DAG Run:example_sensor_decorator
[2025-05-20T02:51:04.506+0000] {logging_mixin.py:190} INFO - [2025-05-20T02:51:04.505+0000] {override.py:1900} INFO - Created Permission View: can delete on DAG Run:example_sensor_decorator
[2025-05-20T02:51:04.527+0000] {logging_mixin.py:190} INFO - [2025-05-20T02:51:04.525+0000] {override.py:1900} INFO - Created Permission View: can create on DAG Run:example_sensor_decorator
[2025-05-20T02:51:04.560+0000] {logging_mixin.py:190} INFO - [2025-05-20T02:51:04.560+0000] {override.py:1900} INFO - Created Permission View: menu access on DAG Run:example_sensor_decorator
[2025-05-20T02:51:04.569+0000] {logging_mixin.py:190} INFO - [2025-05-20T02:51:04.566+0000] {dag.py:3229} INFO - Sync 1 DAGs
[2025-05-20T02:51:04.601+0000] {logging_mixin.py:190} INFO - [2025-05-20T02:51:04.601+0000] {dag.py:3252} INFO - Creating ORM DAG for example_sensor_decorator
[2025-05-20T02:51:04.608+0000] {logging_mixin.py:190} INFO - [2025-05-20T02:51:04.606+0000] {dag.py:4156} INFO - Setting next_dagrun for example_sensor_decorator to None, run_after=None
[2025-05-20T02:51:04.712+0000] {processor.py:208} INFO - Processing /home/airflow/.local/lib/python3.12/site-packages/airflow/example_dags/example_sensor_decorator.py took 0.445 seconds
[2025-05-20T02:51:35.370+0000] {processor.py:186} INFO - Started process (PID=174) to work on /home/airflow/.local/lib/python3.12/site-packages/airflow/example_dags/example_sensor_decorator.py
[2025-05-20T02:51:35.372+0000] {processor.py:914} INFO - Processing file /home/airflow/.local/lib/python3.12/site-packages/airflow/example_dags/example_sensor_decorator.py for tasks to queue
[2025-05-20T02:51:35.378+0000] {logging_mixin.py:190} INFO - [2025-05-20T02:51:35.378+0000] {dagbag.py:587} INFO - Filling up the DagBag from /home/airflow/.local/lib/python3.12/site-packages/airflow/example_dags/example_sensor_decorator.py
[2025-05-20T02:51:35.387+0000] {processor.py:925} INFO - DAG(s) 'example_sensor_decorator' retrieved from /home/airflow/.local/lib/python3.12/site-packages/airflow/example_dags/example_sensor_decorator.py
[2025-05-20T02:51:35.433+0000] {logging_mixin.py:190} INFO - [2025-05-20T02:51:35.431+0000] {dag.py:3229} INFO - Sync 1 DAGs
[2025-05-20T02:51:35.456+0000] {logging_mixin.py:190} INFO - [2025-05-20T02:51:35.456+0000] {dag.py:4156} INFO - Setting next_dagrun for example_sensor_decorator to None, run_after=None
[2025-05-20T02:51:35.515+0000] {processor.py:208} INFO - Processing /home/airflow/.local/lib/python3.12/site-packages/airflow/example_dags/example_sensor_decorator.py took 0.157 seconds
[2025-05-20T02:52:06.332+0000] {processor.py:186} INFO - Started process (PID=236) to work on /home/airflow/.local/lib/python3.12/site-packages/airflow/example_dags/example_sensor_decorator.py
[2025-05-20T02:52:06.333+0000] {processor.py:914} INFO - Processing file /home/airflow/.local/lib/python3.12/site-packages/airflow/example_dags/example_sensor_decorator.py for tasks to queue
[2025-05-20T02:52:06.337+0000] {logging_mixin.py:190} INFO - [2025-05-20T02:52:06.336+0000] {dagbag.py:587} INFO - Filling up the DagBag from /home/airflow/.local/lib/python3.12/site-packages/airflow/example_dags/example_sensor_decorator.py
[2025-05-20T02:52:06.356+0000] {processor.py:925} INFO - DAG(s) 'example_sensor_decorator' retrieved from /home/airflow/.local/lib/python3.12/site-packages/airflow/example_dags/example_sensor_decorator.py
[2025-05-20T02:52:06.418+0000] {logging_mixin.py:190} INFO - [2025-05-20T02:52:06.415+0000] {dag.py:3229} INFO - Sync 1 DAGs
[2025-05-20T02:52:06.439+0000] {logging_mixin.py:190} INFO - [2025-05-20T02:52:06.438+0000] {dag.py:4156} INFO - Setting next_dagrun for example_sensor_decorator to None, run_after=None
[2025-05-20T02:52:06.496+0000] {processor.py:208} INFO - Processing /home/airflow/.local/lib/python3.12/site-packages/airflow/example_dags/example_sensor_decorator.py took 0.168 seconds
[2025-05-20T02:54:02.643+0000] {processor.py:186} INFO - Started process (PID=113) to work on /home/airflow/.local/lib/python3.12/site-packages/airflow/example_dags/example_sensor_decorator.py
[2025-05-20T02:54:02.651+0000] {processor.py:914} INFO - Processing file /home/airflow/.local/lib/python3.12/site-packages/airflow/example_dags/example_sensor_decorator.py for tasks to queue
[2025-05-20T02:54:02.662+0000] {logging_mixin.py:190} INFO - [2025-05-20T02:54:02.660+0000] {dagbag.py:587} INFO - Filling up the DagBag from /home/airflow/.local/lib/python3.12/site-packages/airflow/example_dags/example_sensor_decorator.py
[2025-05-20T02:54:02.677+0000] {processor.py:925} INFO - DAG(s) 'example_sensor_decorator' retrieved from /home/airflow/.local/lib/python3.12/site-packages/airflow/example_dags/example_sensor_decorator.py
[2025-05-20T02:54:02.709+0000] {logging_mixin.py:190} INFO - [2025-05-20T02:54:02.709+0000] {dag.py:3229} INFO - Sync 1 DAGs
[2025-05-20T02:54:02.744+0000] {logging_mixin.py:190} INFO - [2025-05-20T02:54:02.743+0000] {dag.py:4156} INFO - Setting next_dagrun for example_sensor_decorator to None, run_after=None
[2025-05-20T02:54:02.806+0000] {processor.py:208} INFO - Processing /home/airflow/.local/lib/python3.12/site-packages/airflow/example_dags/example_sensor_decorator.py took 0.168 seconds
[2025-05-20T02:54:33.204+0000] {processor.py:186} INFO - Started process (PID=176) to work on /home/airflow/.local/lib/python3.12/site-packages/airflow/example_dags/example_sensor_decorator.py
[2025-05-20T02:54:33.207+0000] {processor.py:914} INFO - Processing file /home/airflow/.local/lib/python3.12/site-packages/airflow/example_dags/example_sensor_decorator.py for tasks to queue
[2025-05-20T02:54:33.217+0000] {logging_mixin.py:190} INFO - [2025-05-20T02:54:33.217+0000] {dagbag.py:587} INFO - Filling up the DagBag from /home/airflow/.local/lib/python3.12/site-packages/airflow/example_dags/example_sensor_decorator.py
[2025-05-20T02:54:33.229+0000] {processor.py:925} INFO - DAG(s) 'example_sensor_decorator' retrieved from /home/airflow/.local/lib/python3.12/site-packages/airflow/example_dags/example_sensor_decorator.py
[2025-05-20T02:54:33.272+0000] {logging_mixin.py:190} INFO - [2025-05-20T02:54:33.272+0000] {dag.py:3229} INFO - Sync 1 DAGs
[2025-05-20T02:54:33.306+0000] {logging_mixin.py:190} INFO - [2025-05-20T02:54:33.306+0000] {dag.py:4156} INFO - Setting next_dagrun for example_sensor_decorator to None, run_after=None
[2025-05-20T02:54:33.379+0000] {processor.py:208} INFO - Processing /home/airflow/.local/lib/python3.12/site-packages/airflow/example_dags/example_sensor_decorator.py took 0.178 seconds
[2025-05-20T02:55:05.175+0000] {processor.py:186} INFO - Started process (PID=239) to work on /home/airflow/.local/lib/python3.12/site-packages/airflow/example_dags/example_sensor_decorator.py
[2025-05-20T02:55:05.176+0000] {processor.py:914} INFO - Processing file /home/airflow/.local/lib/python3.12/site-packages/airflow/example_dags/example_sensor_decorator.py for tasks to queue
[2025-05-20T02:55:05.181+0000] {logging_mixin.py:190} INFO - [2025-05-20T02:55:05.181+0000] {dagbag.py:587} INFO - Filling up the DagBag from /home/airflow/.local/lib/python3.12/site-packages/airflow/example_dags/example_sensor_decorator.py
[2025-05-20T02:55:05.201+0000] {processor.py:925} INFO - DAG(s) 'example_sensor_decorator' retrieved from /home/airflow/.local/lib/python3.12/site-packages/airflow/example_dags/example_sensor_decorator.py
[2025-05-20T02:55:05.262+0000] {logging_mixin.py:190} INFO - [2025-05-20T02:55:05.262+0000] {dag.py:3229} INFO - Sync 1 DAGs
[2025-05-20T02:55:05.287+0000] {logging_mixin.py:190} INFO - [2025-05-20T02:55:05.287+0000] {dag.py:4156} INFO - Setting next_dagrun for example_sensor_decorator to None, run_after=None
[2025-05-20T02:55:05.378+0000] {processor.py:208} INFO - Processing /home/airflow/.local/lib/python3.12/site-packages/airflow/example_dags/example_sensor_decorator.py took 0.210 seconds
[2025-05-20T02:55:35.436+0000] {processor.py:186} INFO - Started process (PID=302) to work on /home/airflow/.local/lib/python3.12/site-packages/airflow/example_dags/example_sensor_decorator.py
[2025-05-20T02:55:35.441+0000] {processor.py:914} INFO - Processing file /home/airflow/.local/lib/python3.12/site-packages/airflow/example_dags/example_sensor_decorator.py for tasks to queue
[2025-05-20T02:55:35.453+0000] {logging_mixin.py:190} INFO - [2025-05-20T02:55:35.453+0000] {dagbag.py:587} INFO - Filling up the DagBag from /home/airflow/.local/lib/python3.12/site-packages/airflow/example_dags/example_sensor_decorator.py
[2025-05-20T02:55:35.475+0000] {processor.py:925} INFO - DAG(s) 'example_sensor_decorator' retrieved from /home/airflow/.local/lib/python3.12/site-packages/airflow/example_dags/example_sensor_decorator.py
[2025-05-20T02:55:35.539+0000] {logging_mixin.py:190} INFO - [2025-05-20T02:55:35.539+0000] {dag.py:3229} INFO - Sync 1 DAGs
[2025-05-20T02:55:35.580+0000] {logging_mixin.py:190} INFO - [2025-05-20T02:55:35.580+0000] {dag.py:4156} INFO - Setting next_dagrun for example_sensor_decorator to None, run_after=None
[2025-05-20T02:55:35.631+0000] {processor.py:208} INFO - Processing /home/airflow/.local/lib/python3.12/site-packages/airflow/example_dags/example_sensor_decorator.py took 0.198 seconds
[2025-05-20T02:56:06.786+0000] {processor.py:186} INFO - Started process (PID=365) to work on /home/airflow/.local/lib/python3.12/site-packages/airflow/example_dags/example_sensor_decorator.py
[2025-05-20T02:56:06.788+0000] {processor.py:914} INFO - Processing file /home/airflow/.local/lib/python3.12/site-packages/airflow/example_dags/example_sensor_decorator.py for tasks to queue
[2025-05-20T02:56:06.800+0000] {logging_mixin.py:190} INFO - [2025-05-20T02:56:06.800+0000] {dagbag.py:587} INFO - Filling up the DagBag from /home/airflow/.local/lib/python3.12/site-packages/airflow/example_dags/example_sensor_decorator.py
[2025-05-20T02:56:06.810+0000] {processor.py:925} INFO - DAG(s) 'example_sensor_decorator' retrieved from /home/airflow/.local/lib/python3.12/site-packages/airflow/example_dags/example_sensor_decorator.py
[2025-05-20T02:56:06.865+0000] {logging_mixin.py:190} INFO - [2025-05-20T02:56:06.865+0000] {dag.py:3229} INFO - Sync 1 DAGs
[2025-05-20T02:56:06.894+0000] {logging_mixin.py:190} INFO - [2025-05-20T02:56:06.891+0000] {dag.py:4156} INFO - Setting next_dagrun for example_sensor_decorator to None, run_after=None
[2025-05-20T02:56:06.946+0000] {processor.py:208} INFO - Processing /home/airflow/.local/lib/python3.12/site-packages/airflow/example_dags/example_sensor_decorator.py took 0.163 seconds
[2025-05-20T02:56:39.339+0000] {processor.py:186} INFO - Started process (PID=429) to work on /home/airflow/.local/lib/python3.12/site-packages/airflow/example_dags/example_sensor_decorator.py
[2025-05-20T02:56:39.344+0000] {processor.py:914} INFO - Processing file /home/airflow/.local/lib/python3.12/site-packages/airflow/example_dags/example_sensor_decorator.py for tasks to queue
[2025-05-20T02:56:39.352+0000] {logging_mixin.py:190} INFO - [2025-05-20T02:56:39.350+0000] {dagbag.py:587} INFO - Filling up the DagBag from /home/airflow/.local/lib/python3.12/site-packages/airflow/example_dags/example_sensor_decorator.py
[2025-05-20T02:56:39.374+0000] {processor.py:925} INFO - DAG(s) 'example_sensor_decorator' retrieved from /home/airflow/.local/lib/python3.12/site-packages/airflow/example_dags/example_sensor_decorator.py
[2025-05-20T02:56:39.418+0000] {logging_mixin.py:190} INFO - [2025-05-20T02:56:39.418+0000] {dag.py:3229} INFO - Sync 1 DAGs
[2025-05-20T02:56:39.435+0000] {logging_mixin.py:190} INFO - [2025-05-20T02:56:39.435+0000] {dag.py:4156} INFO - Setting next_dagrun for example_sensor_decorator to None, run_after=None
[2025-05-20T02:56:39.486+0000] {processor.py:208} INFO - Processing /home/airflow/.local/lib/python3.12/site-packages/airflow/example_dags/example_sensor_decorator.py took 0.150 seconds
[2025-05-20T02:57:10.079+0000] {processor.py:186} INFO - Started process (PID=492) to work on /home/airflow/.local/lib/python3.12/site-packages/airflow/example_dags/example_sensor_decorator.py
[2025-05-20T02:57:10.081+0000] {processor.py:914} INFO - Processing file /home/airflow/.local/lib/python3.12/site-packages/airflow/example_dags/example_sensor_decorator.py for tasks to queue
[2025-05-20T02:57:10.091+0000] {logging_mixin.py:190} INFO - [2025-05-20T02:57:10.091+0000] {dagbag.py:587} INFO - Filling up the DagBag from /home/airflow/.local/lib/python3.12/site-packages/airflow/example_dags/example_sensor_decorator.py
[2025-05-20T02:57:10.139+0000] {processor.py:925} INFO - DAG(s) 'example_sensor_decorator' retrieved from /home/airflow/.local/lib/python3.12/site-packages/airflow/example_dags/example_sensor_decorator.py
[2025-05-20T02:57:10.205+0000] {logging_mixin.py:190} INFO - [2025-05-20T02:57:10.204+0000] {dag.py:3229} INFO - Sync 1 DAGs
[2025-05-20T02:57:10.234+0000] {logging_mixin.py:190} INFO - [2025-05-20T02:57:10.233+0000] {dag.py:4156} INFO - Setting next_dagrun for example_sensor_decorator to None, run_after=None
[2025-05-20T02:57:10.323+0000] {processor.py:208} INFO - Processing /home/airflow/.local/lib/python3.12/site-packages/airflow/example_dags/example_sensor_decorator.py took 0.248 seconds
[2025-05-20T02:57:40.935+0000] {processor.py:186} INFO - Started process (PID=555) to work on /home/airflow/.local/lib/python3.12/site-packages/airflow/example_dags/example_sensor_decorator.py
[2025-05-20T02:57:40.937+0000] {processor.py:914} INFO - Processing file /home/airflow/.local/lib/python3.12/site-packages/airflow/example_dags/example_sensor_decorator.py for tasks to queue
[2025-05-20T02:57:40.946+0000] {logging_mixin.py:190} INFO - [2025-05-20T02:57:40.945+0000] {dagbag.py:587} INFO - Filling up the DagBag from /home/airflow/.local/lib/python3.12/site-packages/airflow/example_dags/example_sensor_decorator.py
[2025-05-20T02:57:40.960+0000] {processor.py:925} INFO - DAG(s) 'example_sensor_decorator' retrieved from /home/airflow/.local/lib/python3.12/site-packages/airflow/example_dags/example_sensor_decorator.py
[2025-05-20T02:57:41.021+0000] {logging_mixin.py:190} INFO - [2025-05-20T02:57:41.020+0000] {dag.py:3229} INFO - Sync 1 DAGs
[2025-05-20T02:57:41.053+0000] {logging_mixin.py:190} INFO - [2025-05-20T02:57:41.053+0000] {dag.py:4156} INFO - Setting next_dagrun for example_sensor_decorator to None, run_after=None
[2025-05-20T02:57:41.132+0000] {processor.py:208} INFO - Processing /home/airflow/.local/lib/python3.12/site-packages/airflow/example_dags/example_sensor_decorator.py took 0.201 seconds
[2025-05-20T02:58:12.038+0000] {processor.py:186} INFO - Started process (PID=618) to work on /home/airflow/.local/lib/python3.12/site-packages/airflow/example_dags/example_sensor_decorator.py
[2025-05-20T02:58:12.040+0000] {processor.py:914} INFO - Processing file /home/airflow/.local/lib/python3.12/site-packages/airflow/example_dags/example_sensor_decorator.py for tasks to queue
[2025-05-20T02:58:12.044+0000] {logging_mixin.py:190} INFO - [2025-05-20T02:58:12.044+0000] {dagbag.py:587} INFO - Filling up the DagBag from /home/airflow/.local/lib/python3.12/site-packages/airflow/example_dags/example_sensor_decorator.py
[2025-05-20T02:58:12.058+0000] {processor.py:925} INFO - DAG(s) 'example_sensor_decorator' retrieved from /home/airflow/.local/lib/python3.12/site-packages/airflow/example_dags/example_sensor_decorator.py
[2025-05-20T02:58:12.075+0000] {logging_mixin.py:190} INFO - [2025-05-20T02:58:12.075+0000] {dag.py:3229} INFO - Sync 1 DAGs
[2025-05-20T02:58:12.101+0000] {logging_mixin.py:190} INFO - [2025-05-20T02:58:12.100+0000] {dag.py:4156} INFO - Setting next_dagrun for example_sensor_decorator to None, run_after=None
[2025-05-20T02:58:12.161+0000] {processor.py:208} INFO - Processing /home/airflow/.local/lib/python3.12/site-packages/airflow/example_dags/example_sensor_decorator.py took 0.128 seconds
[2025-05-20T02:58:42.426+0000] {processor.py:186} INFO - Started process (PID=682) to work on /home/airflow/.local/lib/python3.12/site-packages/airflow/example_dags/example_sensor_decorator.py
[2025-05-20T02:58:42.429+0000] {processor.py:914} INFO - Processing file /home/airflow/.local/lib/python3.12/site-packages/airflow/example_dags/example_sensor_decorator.py for tasks to queue
[2025-05-20T02:58:42.438+0000] {logging_mixin.py:190} INFO - [2025-05-20T02:58:42.438+0000] {dagbag.py:587} INFO - Filling up the DagBag from /home/airflow/.local/lib/python3.12/site-packages/airflow/example_dags/example_sensor_decorator.py
[2025-05-20T02:58:42.445+0000] {processor.py:925} INFO - DAG(s) 'example_sensor_decorator' retrieved from /home/airflow/.local/lib/python3.12/site-packages/airflow/example_dags/example_sensor_decorator.py
[2025-05-20T02:58:42.481+0000] {logging_mixin.py:190} INFO - [2025-05-20T02:58:42.480+0000] {dag.py:3229} INFO - Sync 1 DAGs
[2025-05-20T02:58:42.508+0000] {logging_mixin.py:190} INFO - [2025-05-20T02:58:42.508+0000] {dag.py:4156} INFO - Setting next_dagrun for example_sensor_decorator to None, run_after=None
[2025-05-20T02:58:42.582+0000] {processor.py:208} INFO - Processing /home/airflow/.local/lib/python3.12/site-packages/airflow/example_dags/example_sensor_decorator.py took 0.173 seconds
[2025-05-20T02:59:13.164+0000] {processor.py:186} INFO - Started process (PID=745) to work on /home/airflow/.local/lib/python3.12/site-packages/airflow/example_dags/example_sensor_decorator.py
[2025-05-20T02:59:13.165+0000] {processor.py:914} INFO - Processing file /home/airflow/.local/lib/python3.12/site-packages/airflow/example_dags/example_sensor_decorator.py for tasks to queue
[2025-05-20T02:59:13.180+0000] {logging_mixin.py:190} INFO - [2025-05-20T02:59:13.176+0000] {dagbag.py:587} INFO - Filling up the DagBag from /home/airflow/.local/lib/python3.12/site-packages/airflow/example_dags/example_sensor_decorator.py
[2025-05-20T02:59:13.199+0000] {processor.py:925} INFO - DAG(s) 'example_sensor_decorator' retrieved from /home/airflow/.local/lib/python3.12/site-packages/airflow/example_dags/example_sensor_decorator.py
[2025-05-20T02:59:13.266+0000] {logging_mixin.py:190} INFO - [2025-05-20T02:59:13.265+0000] {dag.py:3229} INFO - Sync 1 DAGs
[2025-05-20T02:59:13.292+0000] {logging_mixin.py:190} INFO - [2025-05-20T02:59:13.292+0000] {dag.py:4156} INFO - Setting next_dagrun for example_sensor_decorator to None, run_after=None
[2025-05-20T02:59:13.350+0000] {processor.py:208} INFO - Processing /home/airflow/.local/lib/python3.12/site-packages/airflow/example_dags/example_sensor_decorator.py took 0.191 seconds
[2025-05-20T02:59:43.448+0000] {processor.py:186} INFO - Started process (PID=808) to work on /home/airflow/.local/lib/python3.12/site-packages/airflow/example_dags/example_sensor_decorator.py
[2025-05-20T02:59:43.451+0000] {processor.py:914} INFO - Processing file /home/airflow/.local/lib/python3.12/site-packages/airflow/example_dags/example_sensor_decorator.py for tasks to queue
[2025-05-20T02:59:43.455+0000] {logging_mixin.py:190} INFO - [2025-05-20T02:59:43.455+0000] {dagbag.py:587} INFO - Filling up the DagBag from /home/airflow/.local/lib/python3.12/site-packages/airflow/example_dags/example_sensor_decorator.py
[2025-05-20T02:59:43.485+0000] {processor.py:925} INFO - DAG(s) 'example_sensor_decorator' retrieved from /home/airflow/.local/lib/python3.12/site-packages/airflow/example_dags/example_sensor_decorator.py
[2025-05-20T02:59:43.528+0000] {logging_mixin.py:190} INFO - [2025-05-20T02:59:43.527+0000] {dag.py:3229} INFO - Sync 1 DAGs
[2025-05-20T02:59:43.561+0000] {logging_mixin.py:190} INFO - [2025-05-20T02:59:43.561+0000] {dag.py:4156} INFO - Setting next_dagrun for example_sensor_decorator to None, run_after=None
[2025-05-20T02:59:43.625+0000] {processor.py:208} INFO - Processing /home/airflow/.local/lib/python3.12/site-packages/airflow/example_dags/example_sensor_decorator.py took 0.180 seconds
[2025-05-20T03:00:14.168+0000] {processor.py:186} INFO - Started process (PID=871) to work on /home/airflow/.local/lib/python3.12/site-packages/airflow/example_dags/example_sensor_decorator.py
[2025-05-20T03:00:14.171+0000] {processor.py:914} INFO - Processing file /home/airflow/.local/lib/python3.12/site-packages/airflow/example_dags/example_sensor_decorator.py for tasks to queue
[2025-05-20T03:00:14.178+0000] {logging_mixin.py:190} INFO - [2025-05-20T03:00:14.177+0000] {dagbag.py:587} INFO - Filling up the DagBag from /home/airflow/.local/lib/python3.12/site-packages/airflow/example_dags/example_sensor_decorator.py
[2025-05-20T03:00:14.205+0000] {processor.py:925} INFO - DAG(s) 'example_sensor_decorator' retrieved from /home/airflow/.local/lib/python3.12/site-packages/airflow/example_dags/example_sensor_decorator.py
[2025-05-20T03:00:14.253+0000] {logging_mixin.py:190} INFO - [2025-05-20T03:00:14.252+0000] {dag.py:3229} INFO - Sync 1 DAGs
[2025-05-20T03:00:14.297+0000] {logging_mixin.py:190} INFO - [2025-05-20T03:00:14.297+0000] {dag.py:4156} INFO - Setting next_dagrun for example_sensor_decorator to None, run_after=None
[2025-05-20T03:00:14.380+0000] {processor.py:208} INFO - Processing /home/airflow/.local/lib/python3.12/site-packages/airflow/example_dags/example_sensor_decorator.py took 0.216 seconds
[2025-05-20T03:00:45.074+0000] {processor.py:186} INFO - Started process (PID=934) to work on /home/airflow/.local/lib/python3.12/site-packages/airflow/example_dags/example_sensor_decorator.py
[2025-05-20T03:00:45.078+0000] {processor.py:914} INFO - Processing file /home/airflow/.local/lib/python3.12/site-packages/airflow/example_dags/example_sensor_decorator.py for tasks to queue
[2025-05-20T03:00:45.087+0000] {logging_mixin.py:190} INFO - [2025-05-20T03:00:45.086+0000] {dagbag.py:587} INFO - Filling up the DagBag from /home/airflow/.local/lib/python3.12/site-packages/airflow/example_dags/example_sensor_decorator.py
[2025-05-20T03:00:45.099+0000] {processor.py:925} INFO - DAG(s) 'example_sensor_decorator' retrieved from /home/airflow/.local/lib/python3.12/site-packages/airflow/example_dags/example_sensor_decorator.py
[2025-05-20T03:00:45.135+0000] {logging_mixin.py:190} INFO - [2025-05-20T03:00:45.134+0000] {dag.py:3229} INFO - Sync 1 DAGs
[2025-05-20T03:00:45.166+0000] {logging_mixin.py:190} INFO - [2025-05-20T03:00:45.165+0000] {dag.py:4156} INFO - Setting next_dagrun for example_sensor_decorator to None, run_after=None
[2025-05-20T03:00:45.218+0000] {processor.py:208} INFO - Processing /home/airflow/.local/lib/python3.12/site-packages/airflow/example_dags/example_sensor_decorator.py took 0.150 seconds
[2025-05-20T03:01:15.706+0000] {processor.py:186} INFO - Started process (PID=996) to work on /home/airflow/.local/lib/python3.12/site-packages/airflow/example_dags/example_sensor_decorator.py
[2025-05-20T03:01:15.711+0000] {processor.py:914} INFO - Processing file /home/airflow/.local/lib/python3.12/site-packages/airflow/example_dags/example_sensor_decorator.py for tasks to queue
[2025-05-20T03:01:15.714+0000] {logging_mixin.py:190} INFO - [2025-05-20T03:01:15.713+0000] {dagbag.py:587} INFO - Filling up the DagBag from /home/airflow/.local/lib/python3.12/site-packages/airflow/example_dags/example_sensor_decorator.py
[2025-05-20T03:01:15.732+0000] {processor.py:925} INFO - DAG(s) 'example_sensor_decorator' retrieved from /home/airflow/.local/lib/python3.12/site-packages/airflow/example_dags/example_sensor_decorator.py
[2025-05-20T03:01:15.847+0000] {logging_mixin.py:190} INFO - [2025-05-20T03:01:15.840+0000] {dag.py:3229} INFO - Sync 1 DAGs
[2025-05-20T03:01:15.913+0000] {logging_mixin.py:190} INFO - [2025-05-20T03:01:15.913+0000] {dag.py:4156} INFO - Setting next_dagrun for example_sensor_decorator to None, run_after=None
[2025-05-20T03:01:15.987+0000] {processor.py:208} INFO - Processing /home/airflow/.local/lib/python3.12/site-packages/airflow/example_dags/example_sensor_decorator.py took 0.287 seconds
[2025-05-20T03:01:46.704+0000] {processor.py:186} INFO - Started process (PID=1058) to work on /home/airflow/.local/lib/python3.12/site-packages/airflow/example_dags/example_sensor_decorator.py
[2025-05-20T03:01:46.706+0000] {processor.py:914} INFO - Processing file /home/airflow/.local/lib/python3.12/site-packages/airflow/example_dags/example_sensor_decorator.py for tasks to queue
[2025-05-20T03:01:46.715+0000] {logging_mixin.py:190} INFO - [2025-05-20T03:01:46.714+0000] {dagbag.py:587} INFO - Filling up the DagBag from /home/airflow/.local/lib/python3.12/site-packages/airflow/example_dags/example_sensor_decorator.py
[2025-05-20T03:01:46.727+0000] {processor.py:925} INFO - DAG(s) 'example_sensor_decorator' retrieved from /home/airflow/.local/lib/python3.12/site-packages/airflow/example_dags/example_sensor_decorator.py
[2025-05-20T03:01:46.751+0000] {logging_mixin.py:190} INFO - [2025-05-20T03:01:46.750+0000] {dag.py:3229} INFO - Sync 1 DAGs
[2025-05-20T03:01:46.769+0000] {logging_mixin.py:190} INFO - [2025-05-20T03:01:46.768+0000] {dag.py:4156} INFO - Setting next_dagrun for example_sensor_decorator to None, run_after=None
[2025-05-20T03:01:46.842+0000] {processor.py:208} INFO - Processing /home/airflow/.local/lib/python3.12/site-packages/airflow/example_dags/example_sensor_decorator.py took 0.157 seconds
[2025-05-20T03:02:17.098+0000] {processor.py:186} INFO - Started process (PID=1121) to work on /home/airflow/.local/lib/python3.12/site-packages/airflow/example_dags/example_sensor_decorator.py
[2025-05-20T03:02:17.103+0000] {processor.py:914} INFO - Processing file /home/airflow/.local/lib/python3.12/site-packages/airflow/example_dags/example_sensor_decorator.py for tasks to queue
[2025-05-20T03:02:17.110+0000] {logging_mixin.py:190} INFO - [2025-05-20T03:02:17.110+0000] {dagbag.py:587} INFO - Filling up the DagBag from /home/airflow/.local/lib/python3.12/site-packages/airflow/example_dags/example_sensor_decorator.py
[2025-05-20T03:02:17.130+0000] {processor.py:925} INFO - DAG(s) 'example_sensor_decorator' retrieved from /home/airflow/.local/lib/python3.12/site-packages/airflow/example_dags/example_sensor_decorator.py
[2025-05-20T03:02:17.190+0000] {logging_mixin.py:190} INFO - [2025-05-20T03:02:17.189+0000] {dag.py:3229} INFO - Sync 1 DAGs
[2025-05-20T03:02:17.209+0000] {logging_mixin.py:190} INFO - [2025-05-20T03:02:17.209+0000] {dag.py:4156} INFO - Setting next_dagrun for example_sensor_decorator to None, run_after=None
[2025-05-20T03:02:17.252+0000] {processor.py:208} INFO - Processing /home/airflow/.local/lib/python3.12/site-packages/airflow/example_dags/example_sensor_decorator.py took 0.201 seconds
[2025-05-20T03:02:47.855+0000] {processor.py:186} INFO - Started process (PID=1184) to work on /home/airflow/.local/lib/python3.12/site-packages/airflow/example_dags/example_sensor_decorator.py
[2025-05-20T03:02:47.857+0000] {processor.py:914} INFO - Processing file /home/airflow/.local/lib/python3.12/site-packages/airflow/example_dags/example_sensor_decorator.py for tasks to queue
[2025-05-20T03:02:47.865+0000] {logging_mixin.py:190} INFO - [2025-05-20T03:02:47.864+0000] {dagbag.py:587} INFO - Filling up the DagBag from /home/airflow/.local/lib/python3.12/site-packages/airflow/example_dags/example_sensor_decorator.py
[2025-05-20T03:02:47.874+0000] {processor.py:925} INFO - DAG(s) 'example_sensor_decorator' retrieved from /home/airflow/.local/lib/python3.12/site-packages/airflow/example_dags/example_sensor_decorator.py
[2025-05-20T03:02:47.944+0000] {logging_mixin.py:190} INFO - [2025-05-20T03:02:47.943+0000] {dag.py:3229} INFO - Sync 1 DAGs
[2025-05-20T03:02:47.961+0000] {logging_mixin.py:190} INFO - [2025-05-20T03:02:47.961+0000] {dag.py:4156} INFO - Setting next_dagrun for example_sensor_decorator to None, run_after=None
[2025-05-20T03:02:48.038+0000] {processor.py:208} INFO - Processing /home/airflow/.local/lib/python3.12/site-packages/airflow/example_dags/example_sensor_decorator.py took 0.205 seconds
[2025-05-20T03:03:18.289+0000] {processor.py:186} INFO - Started process (PID=1246) to work on /home/airflow/.local/lib/python3.12/site-packages/airflow/example_dags/example_sensor_decorator.py
[2025-05-20T03:03:18.291+0000] {processor.py:914} INFO - Processing file /home/airflow/.local/lib/python3.12/site-packages/airflow/example_dags/example_sensor_decorator.py for tasks to queue
[2025-05-20T03:03:18.294+0000] {logging_mixin.py:190} INFO - [2025-05-20T03:03:18.294+0000] {dagbag.py:587} INFO - Filling up the DagBag from /home/airflow/.local/lib/python3.12/site-packages/airflow/example_dags/example_sensor_decorator.py
[2025-05-20T03:03:18.308+0000] {processor.py:925} INFO - DAG(s) 'example_sensor_decorator' retrieved from /home/airflow/.local/lib/python3.12/site-packages/airflow/example_dags/example_sensor_decorator.py
[2025-05-20T03:03:18.363+0000] {logging_mixin.py:190} INFO - [2025-05-20T03:03:18.362+0000] {dag.py:3229} INFO - Sync 1 DAGs
[2025-05-20T03:03:18.383+0000] {logging_mixin.py:190} INFO - [2025-05-20T03:03:18.383+0000] {dag.py:4156} INFO - Setting next_dagrun for example_sensor_decorator to None, run_after=None
[2025-05-20T03:03:18.408+0000] {processor.py:208} INFO - Processing /home/airflow/.local/lib/python3.12/site-packages/airflow/example_dags/example_sensor_decorator.py took 0.123 seconds
[2025-05-20T03:03:49.294+0000] {processor.py:186} INFO - Started process (PID=1308) to work on /home/airflow/.local/lib/python3.12/site-packages/airflow/example_dags/example_sensor_decorator.py
[2025-05-20T03:03:49.296+0000] {processor.py:914} INFO - Processing file /home/airflow/.local/lib/python3.12/site-packages/airflow/example_dags/example_sensor_decorator.py for tasks to queue
[2025-05-20T03:03:49.301+0000] {logging_mixin.py:190} INFO - [2025-05-20T03:03:49.300+0000] {dagbag.py:587} INFO - Filling up the DagBag from /home/airflow/.local/lib/python3.12/site-packages/airflow/example_dags/example_sensor_decorator.py
[2025-05-20T03:03:49.324+0000] {processor.py:925} INFO - DAG(s) 'example_sensor_decorator' retrieved from /home/airflow/.local/lib/python3.12/site-packages/airflow/example_dags/example_sensor_decorator.py
[2025-05-20T03:03:49.364+0000] {logging_mixin.py:190} INFO - [2025-05-20T03:03:49.363+0000] {dag.py:3229} INFO - Sync 1 DAGs
[2025-05-20T03:03:49.393+0000] {logging_mixin.py:190} INFO - [2025-05-20T03:03:49.393+0000] {dag.py:4156} INFO - Setting next_dagrun for example_sensor_decorator to None, run_after=None
[2025-05-20T03:03:50.024+0000] {processor.py:208} INFO - Processing /home/airflow/.local/lib/python3.12/site-packages/airflow/example_dags/example_sensor_decorator.py took 0.733 seconds
[2025-05-20T03:04:20.091+0000] {processor.py:186} INFO - Started process (PID=1371) to work on /home/airflow/.local/lib/python3.12/site-packages/airflow/example_dags/example_sensor_decorator.py
[2025-05-20T03:04:20.093+0000] {processor.py:914} INFO - Processing file /home/airflow/.local/lib/python3.12/site-packages/airflow/example_dags/example_sensor_decorator.py for tasks to queue
[2025-05-20T03:04:20.108+0000] {logging_mixin.py:190} INFO - [2025-05-20T03:04:20.106+0000] {dagbag.py:587} INFO - Filling up the DagBag from /home/airflow/.local/lib/python3.12/site-packages/airflow/example_dags/example_sensor_decorator.py
[2025-05-20T03:04:20.131+0000] {processor.py:925} INFO - DAG(s) 'example_sensor_decorator' retrieved from /home/airflow/.local/lib/python3.12/site-packages/airflow/example_dags/example_sensor_decorator.py
[2025-05-20T03:04:20.192+0000] {logging_mixin.py:190} INFO - [2025-05-20T03:04:20.191+0000] {dag.py:3229} INFO - Sync 1 DAGs
[2025-05-20T03:04:20.237+0000] {logging_mixin.py:190} INFO - [2025-05-20T03:04:20.236+0000] {dag.py:4156} INFO - Setting next_dagrun for example_sensor_decorator to None, run_after=None
[2025-05-20T03:04:20.280+0000] {processor.py:208} INFO - Processing /home/airflow/.local/lib/python3.12/site-packages/airflow/example_dags/example_sensor_decorator.py took 0.192 seconds
[2025-05-20T03:04:50.838+0000] {processor.py:186} INFO - Started process (PID=1434) to work on /home/airflow/.local/lib/python3.12/site-packages/airflow/example_dags/example_sensor_decorator.py
[2025-05-20T03:04:50.839+0000] {processor.py:914} INFO - Processing file /home/airflow/.local/lib/python3.12/site-packages/airflow/example_dags/example_sensor_decorator.py for tasks to queue
[2025-05-20T03:04:50.842+0000] {logging_mixin.py:190} INFO - [2025-05-20T03:04:50.842+0000] {dagbag.py:587} INFO - Filling up the DagBag from /home/airflow/.local/lib/python3.12/site-packages/airflow/example_dags/example_sensor_decorator.py
[2025-05-20T03:04:50.852+0000] {processor.py:925} INFO - DAG(s) 'example_sensor_decorator' retrieved from /home/airflow/.local/lib/python3.12/site-packages/airflow/example_dags/example_sensor_decorator.py
[2025-05-20T03:04:50.941+0000] {logging_mixin.py:190} INFO - [2025-05-20T03:04:50.941+0000] {dag.py:3229} INFO - Sync 1 DAGs
[2025-05-20T03:04:50.967+0000] {logging_mixin.py:190} INFO - [2025-05-20T03:04:50.967+0000] {dag.py:4156} INFO - Setting next_dagrun for example_sensor_decorator to None, run_after=None
[2025-05-20T03:04:51.036+0000] {processor.py:208} INFO - Processing /home/airflow/.local/lib/python3.12/site-packages/airflow/example_dags/example_sensor_decorator.py took 0.203 seconds
[2025-05-20T03:05:22.787+0000] {processor.py:186} INFO - Started process (PID=1497) to work on /home/airflow/.local/lib/python3.12/site-packages/airflow/example_dags/example_sensor_decorator.py
[2025-05-20T03:05:22.791+0000] {processor.py:914} INFO - Processing file /home/airflow/.local/lib/python3.12/site-packages/airflow/example_dags/example_sensor_decorator.py for tasks to queue
[2025-05-20T03:05:22.819+0000] {logging_mixin.py:190} INFO - [2025-05-20T03:05:22.819+0000] {dagbag.py:587} INFO - Filling up the DagBag from /home/airflow/.local/lib/python3.12/site-packages/airflow/example_dags/example_sensor_decorator.py
[2025-05-20T03:05:22.829+0000] {processor.py:925} INFO - DAG(s) 'example_sensor_decorator' retrieved from /home/airflow/.local/lib/python3.12/site-packages/airflow/example_dags/example_sensor_decorator.py
[2025-05-20T03:05:22.884+0000] {logging_mixin.py:190} INFO - [2025-05-20T03:05:22.884+0000] {dag.py:3229} INFO - Sync 1 DAGs
[2025-05-20T03:05:22.921+0000] {logging_mixin.py:190} INFO - [2025-05-20T03:05:22.921+0000] {dag.py:4156} INFO - Setting next_dagrun for example_sensor_decorator to None, run_after=None
[2025-05-20T03:05:22.962+0000] {processor.py:208} INFO - Processing /home/airflow/.local/lib/python3.12/site-packages/airflow/example_dags/example_sensor_decorator.py took 0.182 seconds
[2025-05-20T03:05:54.387+0000] {processor.py:186} INFO - Started process (PID=1560) to work on /home/airflow/.local/lib/python3.12/site-packages/airflow/example_dags/example_sensor_decorator.py
[2025-05-20T03:05:54.388+0000] {processor.py:914} INFO - Processing file /home/airflow/.local/lib/python3.12/site-packages/airflow/example_dags/example_sensor_decorator.py for tasks to queue
[2025-05-20T03:05:54.399+0000] {logging_mixin.py:190} INFO - [2025-05-20T03:05:54.398+0000] {dagbag.py:587} INFO - Filling up the DagBag from /home/airflow/.local/lib/python3.12/site-packages/airflow/example_dags/example_sensor_decorator.py
[2025-05-20T03:05:54.405+0000] {processor.py:925} INFO - DAG(s) 'example_sensor_decorator' retrieved from /home/airflow/.local/lib/python3.12/site-packages/airflow/example_dags/example_sensor_decorator.py
[2025-05-20T03:05:54.460+0000] {logging_mixin.py:190} INFO - [2025-05-20T03:05:54.459+0000] {dag.py:3229} INFO - Sync 1 DAGs
[2025-05-20T03:05:54.487+0000] {logging_mixin.py:190} INFO - [2025-05-20T03:05:54.486+0000] {dag.py:4156} INFO - Setting next_dagrun for example_sensor_decorator to None, run_after=None
[2025-05-20T03:05:54.531+0000] {processor.py:208} INFO - Processing /home/airflow/.local/lib/python3.12/site-packages/airflow/example_dags/example_sensor_decorator.py took 0.147 seconds
[2025-05-20T03:06:25.201+0000] {processor.py:186} INFO - Started process (PID=1623) to work on /home/airflow/.local/lib/python3.12/site-packages/airflow/example_dags/example_sensor_decorator.py
[2025-05-20T03:06:25.212+0000] {processor.py:914} INFO - Processing file /home/airflow/.local/lib/python3.12/site-packages/airflow/example_dags/example_sensor_decorator.py for tasks to queue
[2025-05-20T03:06:25.216+0000] {logging_mixin.py:190} INFO - [2025-05-20T03:06:25.216+0000] {dagbag.py:587} INFO - Filling up the DagBag from /home/airflow/.local/lib/python3.12/site-packages/airflow/example_dags/example_sensor_decorator.py
[2025-05-20T03:06:25.241+0000] {processor.py:925} INFO - DAG(s) 'example_sensor_decorator' retrieved from /home/airflow/.local/lib/python3.12/site-packages/airflow/example_dags/example_sensor_decorator.py
[2025-05-20T03:06:25.279+0000] {logging_mixin.py:190} INFO - [2025-05-20T03:06:25.279+0000] {dag.py:3229} INFO - Sync 1 DAGs
[2025-05-20T03:06:25.299+0000] {logging_mixin.py:190} INFO - [2025-05-20T03:06:25.299+0000] {dag.py:4156} INFO - Setting next_dagrun for example_sensor_decorator to None, run_after=None
[2025-05-20T03:06:25.357+0000] {processor.py:208} INFO - Processing /home/airflow/.local/lib/python3.12/site-packages/airflow/example_dags/example_sensor_decorator.py took 0.159 seconds
[2025-05-20T03:06:56.014+0000] {processor.py:186} INFO - Started process (PID=1692) to work on /home/airflow/.local/lib/python3.12/site-packages/airflow/example_dags/example_sensor_decorator.py
[2025-05-20T03:06:56.018+0000] {processor.py:914} INFO - Processing file /home/airflow/.local/lib/python3.12/site-packages/airflow/example_dags/example_sensor_decorator.py for tasks to queue
[2025-05-20T03:06:56.027+0000] {logging_mixin.py:190} INFO - [2025-05-20T03:06:56.026+0000] {dagbag.py:587} INFO - Filling up the DagBag from /home/airflow/.local/lib/python3.12/site-packages/airflow/example_dags/example_sensor_decorator.py
[2025-05-20T03:06:56.041+0000] {processor.py:925} INFO - DAG(s) 'example_sensor_decorator' retrieved from /home/airflow/.local/lib/python3.12/site-packages/airflow/example_dags/example_sensor_decorator.py
[2025-05-20T03:06:56.071+0000] {logging_mixin.py:190} INFO - [2025-05-20T03:06:56.071+0000] {dag.py:3229} INFO - Sync 1 DAGs
[2025-05-20T03:06:56.114+0000] {logging_mixin.py:190} INFO - [2025-05-20T03:06:56.114+0000] {dag.py:4156} INFO - Setting next_dagrun for example_sensor_decorator to None, run_after=None
[2025-05-20T03:06:56.172+0000] {processor.py:208} INFO - Processing /home/airflow/.local/lib/python3.12/site-packages/airflow/example_dags/example_sensor_decorator.py took 0.163 seconds
[2025-05-20T03:07:26.300+0000] {processor.py:186} INFO - Started process (PID=1754) to work on /home/airflow/.local/lib/python3.12/site-packages/airflow/example_dags/example_sensor_decorator.py
[2025-05-20T03:07:26.302+0000] {processor.py:914} INFO - Processing file /home/airflow/.local/lib/python3.12/site-packages/airflow/example_dags/example_sensor_decorator.py for tasks to queue
[2025-05-20T03:07:26.308+0000] {logging_mixin.py:190} INFO - [2025-05-20T03:07:26.308+0000] {dagbag.py:587} INFO - Filling up the DagBag from /home/airflow/.local/lib/python3.12/site-packages/airflow/example_dags/example_sensor_decorator.py
[2025-05-20T03:07:26.333+0000] {processor.py:925} INFO - DAG(s) 'example_sensor_decorator' retrieved from /home/airflow/.local/lib/python3.12/site-packages/airflow/example_dags/example_sensor_decorator.py
[2025-05-20T03:07:26.371+0000] {logging_mixin.py:190} INFO - [2025-05-20T03:07:26.371+0000] {dag.py:3229} INFO - Sync 1 DAGs
[2025-05-20T03:07:26.390+0000] {logging_mixin.py:190} INFO - [2025-05-20T03:07:26.390+0000] {dag.py:4156} INFO - Setting next_dagrun for example_sensor_decorator to None, run_after=None
[2025-05-20T03:07:26.434+0000] {processor.py:208} INFO - Processing /home/airflow/.local/lib/python3.12/site-packages/airflow/example_dags/example_sensor_decorator.py took 0.140 seconds
[2025-05-20T03:07:57.408+0000] {processor.py:186} INFO - Started process (PID=1816) to work on /home/airflow/.local/lib/python3.12/site-packages/airflow/example_dags/example_sensor_decorator.py
[2025-05-20T03:07:57.409+0000] {processor.py:914} INFO - Processing file /home/airflow/.local/lib/python3.12/site-packages/airflow/example_dags/example_sensor_decorator.py for tasks to queue
[2025-05-20T03:07:57.425+0000] {logging_mixin.py:190} INFO - [2025-05-20T03:07:57.423+0000] {dagbag.py:587} INFO - Filling up the DagBag from /home/airflow/.local/lib/python3.12/site-packages/airflow/example_dags/example_sensor_decorator.py
[2025-05-20T03:07:57.452+0000] {processor.py:925} INFO - DAG(s) 'example_sensor_decorator' retrieved from /home/airflow/.local/lib/python3.12/site-packages/airflow/example_dags/example_sensor_decorator.py
[2025-05-20T03:07:57.507+0000] {logging_mixin.py:190} INFO - [2025-05-20T03:07:57.506+0000] {dag.py:3229} INFO - Sync 1 DAGs
[2025-05-20T03:07:57.523+0000] {logging_mixin.py:190} INFO - [2025-05-20T03:07:57.523+0000] {dag.py:4156} INFO - Setting next_dagrun for example_sensor_decorator to None, run_after=None
[2025-05-20T03:07:57.595+0000] {processor.py:208} INFO - Processing /home/airflow/.local/lib/python3.12/site-packages/airflow/example_dags/example_sensor_decorator.py took 0.193 seconds
[2025-05-20T03:08:28.393+0000] {processor.py:186} INFO - Started process (PID=1879) to work on /home/airflow/.local/lib/python3.12/site-packages/airflow/example_dags/example_sensor_decorator.py
[2025-05-20T03:08:28.394+0000] {processor.py:914} INFO - Processing file /home/airflow/.local/lib/python3.12/site-packages/airflow/example_dags/example_sensor_decorator.py for tasks to queue
[2025-05-20T03:08:28.397+0000] {logging_mixin.py:190} INFO - [2025-05-20T03:08:28.397+0000] {dagbag.py:587} INFO - Filling up the DagBag from /home/airflow/.local/lib/python3.12/site-packages/airflow/example_dags/example_sensor_decorator.py
[2025-05-20T03:08:28.413+0000] {processor.py:925} INFO - DAG(s) 'example_sensor_decorator' retrieved from /home/airflow/.local/lib/python3.12/site-packages/airflow/example_dags/example_sensor_decorator.py
[2025-05-20T03:08:28.449+0000] {logging_mixin.py:190} INFO - [2025-05-20T03:08:28.449+0000] {dag.py:3229} INFO - Sync 1 DAGs
[2025-05-20T03:08:28.474+0000] {logging_mixin.py:190} INFO - [2025-05-20T03:08:28.474+0000] {dag.py:4156} INFO - Setting next_dagrun for example_sensor_decorator to None, run_after=None
[2025-05-20T03:08:28.528+0000] {processor.py:208} INFO - Processing /home/airflow/.local/lib/python3.12/site-packages/airflow/example_dags/example_sensor_decorator.py took 0.142 seconds
[2025-05-20T03:08:59.178+0000] {processor.py:186} INFO - Started process (PID=1942) to work on /home/airflow/.local/lib/python3.12/site-packages/airflow/example_dags/example_sensor_decorator.py
[2025-05-20T03:08:59.184+0000] {processor.py:914} INFO - Processing file /home/airflow/.local/lib/python3.12/site-packages/airflow/example_dags/example_sensor_decorator.py for tasks to queue
[2025-05-20T03:08:59.200+0000] {logging_mixin.py:190} INFO - [2025-05-20T03:08:59.199+0000] {dagbag.py:587} INFO - Filling up the DagBag from /home/airflow/.local/lib/python3.12/site-packages/airflow/example_dags/example_sensor_decorator.py
[2025-05-20T03:08:59.221+0000] {processor.py:925} INFO - DAG(s) 'example_sensor_decorator' retrieved from /home/airflow/.local/lib/python3.12/site-packages/airflow/example_dags/example_sensor_decorator.py
[2025-05-20T03:08:59.261+0000] {logging_mixin.py:190} INFO - [2025-05-20T03:08:59.260+0000] {dag.py:3229} INFO - Sync 1 DAGs
[2025-05-20T03:08:59.292+0000] {logging_mixin.py:190} INFO - [2025-05-20T03:08:59.291+0000] {dag.py:4156} INFO - Setting next_dagrun for example_sensor_decorator to None, run_after=None
[2025-05-20T03:08:59.347+0000] {processor.py:208} INFO - Processing /home/airflow/.local/lib/python3.12/site-packages/airflow/example_dags/example_sensor_decorator.py took 0.177 seconds
[2025-05-20T03:09:30.130+0000] {processor.py:186} INFO - Started process (PID=2006) to work on /home/airflow/.local/lib/python3.12/site-packages/airflow/example_dags/example_sensor_decorator.py
[2025-05-20T03:09:30.131+0000] {processor.py:914} INFO - Processing file /home/airflow/.local/lib/python3.12/site-packages/airflow/example_dags/example_sensor_decorator.py for tasks to queue
[2025-05-20T03:09:30.137+0000] {logging_mixin.py:190} INFO - [2025-05-20T03:09:30.137+0000] {dagbag.py:587} INFO - Filling up the DagBag from /home/airflow/.local/lib/python3.12/site-packages/airflow/example_dags/example_sensor_decorator.py
[2025-05-20T03:09:30.147+0000] {processor.py:925} INFO - DAG(s) 'example_sensor_decorator' retrieved from /home/airflow/.local/lib/python3.12/site-packages/airflow/example_dags/example_sensor_decorator.py
[2025-05-20T03:09:30.198+0000] {logging_mixin.py:190} INFO - [2025-05-20T03:09:30.193+0000] {dag.py:3229} INFO - Sync 1 DAGs
[2025-05-20T03:09:30.238+0000] {logging_mixin.py:190} INFO - [2025-05-20T03:09:30.238+0000] {dag.py:4156} INFO - Setting next_dagrun for example_sensor_decorator to None, run_after=None
[2025-05-20T03:09:30.325+0000] {processor.py:208} INFO - Processing /home/airflow/.local/lib/python3.12/site-packages/airflow/example_dags/example_sensor_decorator.py took 0.200 seconds
[2025-05-20T03:10:02.305+0000] {processor.py:186} INFO - Started process (PID=2069) to work on /home/airflow/.local/lib/python3.12/site-packages/airflow/example_dags/example_sensor_decorator.py
[2025-05-20T03:10:02.307+0000] {processor.py:914} INFO - Processing file /home/airflow/.local/lib/python3.12/site-packages/airflow/example_dags/example_sensor_decorator.py for tasks to queue
[2025-05-20T03:10:02.314+0000] {logging_mixin.py:190} INFO - [2025-05-20T03:10:02.312+0000] {dagbag.py:587} INFO - Filling up the DagBag from /home/airflow/.local/lib/python3.12/site-packages/airflow/example_dags/example_sensor_decorator.py
[2025-05-20T03:10:02.335+0000] {processor.py:925} INFO - DAG(s) 'example_sensor_decorator' retrieved from /home/airflow/.local/lib/python3.12/site-packages/airflow/example_dags/example_sensor_decorator.py
[2025-05-20T03:10:02.383+0000] {logging_mixin.py:190} INFO - [2025-05-20T03:10:02.382+0000] {dag.py:3229} INFO - Sync 1 DAGs
[2025-05-20T03:10:02.415+0000] {logging_mixin.py:190} INFO - [2025-05-20T03:10:02.414+0000] {dag.py:4156} INFO - Setting next_dagrun for example_sensor_decorator to None, run_after=None
[2025-05-20T03:10:02.477+0000] {processor.py:208} INFO - Processing /home/airflow/.local/lib/python3.12/site-packages/airflow/example_dags/example_sensor_decorator.py took 0.177 seconds
[2025-05-20T03:10:33.051+0000] {processor.py:186} INFO - Started process (PID=2132) to work on /home/airflow/.local/lib/python3.12/site-packages/airflow/example_dags/example_sensor_decorator.py
[2025-05-20T03:10:33.052+0000] {processor.py:914} INFO - Processing file /home/airflow/.local/lib/python3.12/site-packages/airflow/example_dags/example_sensor_decorator.py for tasks to queue
[2025-05-20T03:10:33.055+0000] {logging_mixin.py:190} INFO - [2025-05-20T03:10:33.055+0000] {dagbag.py:587} INFO - Filling up the DagBag from /home/airflow/.local/lib/python3.12/site-packages/airflow/example_dags/example_sensor_decorator.py
[2025-05-20T03:10:33.067+0000] {processor.py:925} INFO - DAG(s) 'example_sensor_decorator' retrieved from /home/airflow/.local/lib/python3.12/site-packages/airflow/example_dags/example_sensor_decorator.py
[2025-05-20T03:10:33.146+0000] {logging_mixin.py:190} INFO - [2025-05-20T03:10:33.144+0000] {dag.py:3229} INFO - Sync 1 DAGs
[2025-05-20T03:10:33.163+0000] {logging_mixin.py:190} INFO - [2025-05-20T03:10:33.163+0000] {dag.py:4156} INFO - Setting next_dagrun for example_sensor_decorator to None, run_after=None
[2025-05-20T03:10:33.230+0000] {processor.py:208} INFO - Processing /home/airflow/.local/lib/python3.12/site-packages/airflow/example_dags/example_sensor_decorator.py took 0.183 seconds
[2025-05-20T03:11:05.022+0000] {processor.py:186} INFO - Started process (PID=2194) to work on /home/airflow/.local/lib/python3.12/site-packages/airflow/example_dags/example_sensor_decorator.py
[2025-05-20T03:11:05.028+0000] {processor.py:914} INFO - Processing file /home/airflow/.local/lib/python3.12/site-packages/airflow/example_dags/example_sensor_decorator.py for tasks to queue
[2025-05-20T03:11:05.042+0000] {logging_mixin.py:190} INFO - [2025-05-20T03:11:05.040+0000] {dagbag.py:587} INFO - Filling up the DagBag from /home/airflow/.local/lib/python3.12/site-packages/airflow/example_dags/example_sensor_decorator.py
[2025-05-20T03:11:05.070+0000] {processor.py:925} INFO - DAG(s) 'example_sensor_decorator' retrieved from /home/airflow/.local/lib/python3.12/site-packages/airflow/example_dags/example_sensor_decorator.py
[2025-05-20T03:11:05.100+0000] {logging_mixin.py:190} INFO - [2025-05-20T03:11:05.100+0000] {dag.py:3229} INFO - Sync 1 DAGs
[2025-05-20T03:11:05.138+0000] {logging_mixin.py:190} INFO - [2025-05-20T03:11:05.138+0000] {dag.py:4156} INFO - Setting next_dagrun for example_sensor_decorator to None, run_after=None
[2025-05-20T03:11:05.199+0000] {processor.py:208} INFO - Processing /home/airflow/.local/lib/python3.12/site-packages/airflow/example_dags/example_sensor_decorator.py took 0.185 seconds
