[2025-05-20T02:50:47.558+0000] {processor.py:186} INFO - Started process (PID=67) to work on /home/airflow/.local/lib/python3.12/site-packages/airflow/example_dags/example_task_group_decorator.py
[2025-05-20T02:50:47.562+0000] {processor.py:914} INFO - Processing file /home/airflow/.local/lib/python3.12/site-packages/airflow/example_dags/example_task_group_decorator.py for tasks to queue
[2025-05-20T02:50:47.574+0000] {logging_mixin.py:190} INFO - [2025-05-20T02:50:47.573+0000] {dagbag.py:587} INFO - Filling up the DagBag from /home/airflow/.local/lib/python3.12/site-packages/airflow/example_dags/example_task_group_decorator.py
[2025-05-20T02:50:47.649+0000] {processor.py:925} INFO - DAG(s) 'example_task_group_decorator' retrieved from /home/airflow/.local/lib/python3.12/site-packages/airflow/example_dags/example_task_group_decorator.py
[2025-05-20T02:50:48.303+0000] {logging_mixin.py:190} INFO - [2025-05-20T02:50:48.296+0000] {override.py:1900} INFO - Created Permission View: can read on DAG:example_task_group_decorator
[2025-05-20T02:50:48.346+0000] {logging_mixin.py:190} INFO - [2025-05-20T02:50:48.345+0000] {override.py:1900} INFO - Created Permission View: can delete on DAG:example_task_group_decorator
[2025-05-20T02:50:48.405+0000] {logging_mixin.py:190} INFO - [2025-05-20T02:50:48.405+0000] {override.py:1900} INFO - Created Permission View: can edit on DAG:example_task_group_decorator
[2025-05-20T02:50:48.449+0000] {logging_mixin.py:190} INFO - [2025-05-20T02:50:48.448+0000] {override.py:1900} INFO - Created Permission View: can read on DAG Run:example_task_group_decorator
[2025-05-20T02:50:48.482+0000] {logging_mixin.py:190} INFO - [2025-05-20T02:50:48.480+0000] {override.py:1900} INFO - Created Permission View: can delete on DAG Run:example_task_group_decorator
[2025-05-20T02:50:48.509+0000] {logging_mixin.py:190} INFO - [2025-05-20T02:50:48.508+0000] {override.py:1900} INFO - Created Permission View: can create on DAG Run:example_task_group_decorator
[2025-05-20T02:50:48.545+0000] {logging_mixin.py:190} INFO - [2025-05-20T02:50:48.537+0000] {override.py:1900} INFO - Created Permission View: menu access on DAG Run:example_task_group_decorator
[2025-05-20T02:50:48.574+0000] {logging_mixin.py:190} INFO - [2025-05-20T02:50:48.552+0000] {dag.py:3229} INFO - Sync 1 DAGs
[2025-05-20T02:50:48.611+0000] {logging_mixin.py:190} INFO - [2025-05-20T02:50:48.609+0000] {dag.py:3252} INFO - Creating ORM DAG for example_task_group_decorator
[2025-05-20T02:50:48.613+0000] {logging_mixin.py:190} INFO - [2025-05-20T02:50:48.612+0000] {dag.py:4156} INFO - Setting next_dagrun for example_task_group_decorator to None, run_after=None
[2025-05-20T02:50:48.665+0000] {processor.py:208} INFO - Processing /home/airflow/.local/lib/python3.12/site-packages/airflow/example_dags/example_task_group_decorator.py took 1.122 seconds
[2025-05-20T02:51:19.349+0000] {processor.py:186} INFO - Started process (PID=129) to work on /home/airflow/.local/lib/python3.12/site-packages/airflow/example_dags/example_task_group_decorator.py
[2025-05-20T02:51:19.351+0000] {processor.py:914} INFO - Processing file /home/airflow/.local/lib/python3.12/site-packages/airflow/example_dags/example_task_group_decorator.py for tasks to queue
[2025-05-20T02:51:19.368+0000] {logging_mixin.py:190} INFO - [2025-05-20T02:51:19.360+0000] {dagbag.py:587} INFO - Filling up the DagBag from /home/airflow/.local/lib/python3.12/site-packages/airflow/example_dags/example_task_group_decorator.py
[2025-05-20T02:51:19.438+0000] {processor.py:925} INFO - DAG(s) 'example_task_group_decorator' retrieved from /home/airflow/.local/lib/python3.12/site-packages/airflow/example_dags/example_task_group_decorator.py
[2025-05-20T02:51:19.536+0000] {logging_mixin.py:190} INFO - [2025-05-20T02:51:19.534+0000] {dag.py:3229} INFO - Sync 1 DAGs
[2025-05-20T02:51:19.627+0000] {logging_mixin.py:190} INFO - [2025-05-20T02:51:19.627+0000] {dag.py:4156} INFO - Setting next_dagrun for example_task_group_decorator to None, run_after=None
[2025-05-20T02:51:19.684+0000] {processor.py:208} INFO - Processing /home/airflow/.local/lib/python3.12/site-packages/airflow/example_dags/example_task_group_decorator.py took 0.375 seconds
[2025-05-20T02:51:49.820+0000] {processor.py:186} INFO - Started process (PID=191) to work on /home/airflow/.local/lib/python3.12/site-packages/airflow/example_dags/example_task_group_decorator.py
[2025-05-20T02:51:49.823+0000] {processor.py:914} INFO - Processing file /home/airflow/.local/lib/python3.12/site-packages/airflow/example_dags/example_task_group_decorator.py for tasks to queue
[2025-05-20T02:51:49.835+0000] {logging_mixin.py:190} INFO - [2025-05-20T02:51:49.835+0000] {dagbag.py:587} INFO - Filling up the DagBag from /home/airflow/.local/lib/python3.12/site-packages/airflow/example_dags/example_task_group_decorator.py
[2025-05-20T02:51:49.858+0000] {processor.py:925} INFO - DAG(s) 'example_task_group_decorator' retrieved from /home/airflow/.local/lib/python3.12/site-packages/airflow/example_dags/example_task_group_decorator.py
[2025-05-20T02:51:49.933+0000] {logging_mixin.py:190} INFO - [2025-05-20T02:51:49.932+0000] {dag.py:3229} INFO - Sync 1 DAGs
[2025-05-20T02:51:49.969+0000] {logging_mixin.py:190} INFO - [2025-05-20T02:51:49.968+0000] {dag.py:4156} INFO - Setting next_dagrun for example_task_group_decorator to None, run_after=None
[2025-05-20T02:51:50.043+0000] {processor.py:208} INFO - Processing /home/airflow/.local/lib/python3.12/site-packages/airflow/example_dags/example_task_group_decorator.py took 0.237 seconds
[2025-05-20T02:53:54.151+0000] {processor.py:186} INFO - Started process (PID=68) to work on /home/airflow/.local/lib/python3.12/site-packages/airflow/example_dags/example_task_group_decorator.py
[2025-05-20T02:53:54.153+0000] {processor.py:914} INFO - Processing file /home/airflow/.local/lib/python3.12/site-packages/airflow/example_dags/example_task_group_decorator.py for tasks to queue
[2025-05-20T02:53:54.161+0000] {logging_mixin.py:190} INFO - [2025-05-20T02:53:54.161+0000] {dagbag.py:587} INFO - Filling up the DagBag from /home/airflow/.local/lib/python3.12/site-packages/airflow/example_dags/example_task_group_decorator.py
[2025-05-20T02:53:54.223+0000] {processor.py:925} INFO - DAG(s) 'example_task_group_decorator' retrieved from /home/airflow/.local/lib/python3.12/site-packages/airflow/example_dags/example_task_group_decorator.py
[2025-05-20T02:53:54.394+0000] {logging_mixin.py:190} INFO - [2025-05-20T02:53:54.393+0000] {dag.py:3229} INFO - Sync 1 DAGs
[2025-05-20T02:53:54.427+0000] {logging_mixin.py:190} INFO - [2025-05-20T02:53:54.427+0000] {dag.py:4156} INFO - Setting next_dagrun for example_task_group_decorator to None, run_after=None
[2025-05-20T02:53:54.488+0000] {processor.py:208} INFO - Processing /home/airflow/.local/lib/python3.12/site-packages/airflow/example_dags/example_task_group_decorator.py took 0.356 seconds
[2025-05-20T02:54:24.793+0000] {processor.py:186} INFO - Started process (PID=131) to work on /home/airflow/.local/lib/python3.12/site-packages/airflow/example_dags/example_task_group_decorator.py
[2025-05-20T02:54:24.795+0000] {processor.py:914} INFO - Processing file /home/airflow/.local/lib/python3.12/site-packages/airflow/example_dags/example_task_group_decorator.py for tasks to queue
[2025-05-20T02:54:24.807+0000] {logging_mixin.py:190} INFO - [2025-05-20T02:54:24.806+0000] {dagbag.py:587} INFO - Filling up the DagBag from /home/airflow/.local/lib/python3.12/site-packages/airflow/example_dags/example_task_group_decorator.py
[2025-05-20T02:54:24.893+0000] {processor.py:925} INFO - DAG(s) 'example_task_group_decorator' retrieved from /home/airflow/.local/lib/python3.12/site-packages/airflow/example_dags/example_task_group_decorator.py
[2025-05-20T02:54:24.960+0000] {logging_mixin.py:190} INFO - [2025-05-20T02:54:24.960+0000] {dag.py:3229} INFO - Sync 1 DAGs
[2025-05-20T02:54:25.022+0000] {logging_mixin.py:190} INFO - [2025-05-20T02:54:25.021+0000] {dag.py:4156} INFO - Setting next_dagrun for example_task_group_decorator to None, run_after=None
[2025-05-20T02:54:25.108+0000] {processor.py:208} INFO - Processing /home/airflow/.local/lib/python3.12/site-packages/airflow/example_dags/example_task_group_decorator.py took 0.352 seconds
[2025-05-20T02:54:55.979+0000] {processor.py:186} INFO - Started process (PID=194) to work on /home/airflow/.local/lib/python3.12/site-packages/airflow/example_dags/example_task_group_decorator.py
[2025-05-20T02:54:55.983+0000] {processor.py:914} INFO - Processing file /home/airflow/.local/lib/python3.12/site-packages/airflow/example_dags/example_task_group_decorator.py for tasks to queue
[2025-05-20T02:54:56.007+0000] {logging_mixin.py:190} INFO - [2025-05-20T02:54:56.005+0000] {dagbag.py:587} INFO - Filling up the DagBag from /home/airflow/.local/lib/python3.12/site-packages/airflow/example_dags/example_task_group_decorator.py
[2025-05-20T02:54:56.031+0000] {processor.py:925} INFO - DAG(s) 'example_task_group_decorator' retrieved from /home/airflow/.local/lib/python3.12/site-packages/airflow/example_dags/example_task_group_decorator.py
[2025-05-20T02:54:56.151+0000] {logging_mixin.py:190} INFO - [2025-05-20T02:54:56.151+0000] {dag.py:3229} INFO - Sync 1 DAGs
[2025-05-20T02:54:56.177+0000] {logging_mixin.py:190} INFO - [2025-05-20T02:54:56.175+0000] {dag.py:4156} INFO - Setting next_dagrun for example_task_group_decorator to None, run_after=None
[2025-05-20T02:54:56.274+0000] {processor.py:208} INFO - Processing /home/airflow/.local/lib/python3.12/site-packages/airflow/example_dags/example_task_group_decorator.py took 0.304 seconds
[2025-05-20T02:55:26.636+0000] {processor.py:186} INFO - Started process (PID=257) to work on /home/airflow/.local/lib/python3.12/site-packages/airflow/example_dags/example_task_group_decorator.py
[2025-05-20T02:55:26.641+0000] {processor.py:914} INFO - Processing file /home/airflow/.local/lib/python3.12/site-packages/airflow/example_dags/example_task_group_decorator.py for tasks to queue
[2025-05-20T02:55:26.654+0000] {logging_mixin.py:190} INFO - [2025-05-20T02:55:26.653+0000] {dagbag.py:587} INFO - Filling up the DagBag from /home/airflow/.local/lib/python3.12/site-packages/airflow/example_dags/example_task_group_decorator.py
[2025-05-20T02:55:26.714+0000] {processor.py:925} INFO - DAG(s) 'example_task_group_decorator' retrieved from /home/airflow/.local/lib/python3.12/site-packages/airflow/example_dags/example_task_group_decorator.py
[2025-05-20T02:55:26.784+0000] {logging_mixin.py:190} INFO - [2025-05-20T02:55:26.783+0000] {dag.py:3229} INFO - Sync 1 DAGs
[2025-05-20T02:55:26.817+0000] {logging_mixin.py:190} INFO - [2025-05-20T02:55:26.817+0000] {dag.py:4156} INFO - Setting next_dagrun for example_task_group_decorator to None, run_after=None
[2025-05-20T02:55:26.874+0000] {processor.py:208} INFO - Processing /home/airflow/.local/lib/python3.12/site-packages/airflow/example_dags/example_task_group_decorator.py took 0.256 seconds
[2025-05-20T02:55:57.972+0000] {processor.py:186} INFO - Started process (PID=320) to work on /home/airflow/.local/lib/python3.12/site-packages/airflow/example_dags/example_task_group_decorator.py
[2025-05-20T02:55:57.984+0000] {processor.py:914} INFO - Processing file /home/airflow/.local/lib/python3.12/site-packages/airflow/example_dags/example_task_group_decorator.py for tasks to queue
[2025-05-20T02:55:58.006+0000] {logging_mixin.py:190} INFO - [2025-05-20T02:55:58.005+0000] {dagbag.py:587} INFO - Filling up the DagBag from /home/airflow/.local/lib/python3.12/site-packages/airflow/example_dags/example_task_group_decorator.py
[2025-05-20T02:55:58.047+0000] {processor.py:925} INFO - DAG(s) 'example_task_group_decorator' retrieved from /home/airflow/.local/lib/python3.12/site-packages/airflow/example_dags/example_task_group_decorator.py
[2025-05-20T02:55:58.199+0000] {logging_mixin.py:190} INFO - [2025-05-20T02:55:58.199+0000] {dag.py:3229} INFO - Sync 1 DAGs
[2025-05-20T02:55:58.238+0000] {logging_mixin.py:190} INFO - [2025-05-20T02:55:58.238+0000] {dag.py:4156} INFO - Setting next_dagrun for example_task_group_decorator to None, run_after=None
[2025-05-20T02:55:58.304+0000] {processor.py:208} INFO - Processing /home/airflow/.local/lib/python3.12/site-packages/airflow/example_dags/example_task_group_decorator.py took 0.348 seconds
[2025-05-20T02:56:29.338+0000] {processor.py:186} INFO - Started process (PID=383) to work on /home/airflow/.local/lib/python3.12/site-packages/airflow/example_dags/example_task_group_decorator.py
[2025-05-20T02:56:29.343+0000] {processor.py:914} INFO - Processing file /home/airflow/.local/lib/python3.12/site-packages/airflow/example_dags/example_task_group_decorator.py for tasks to queue
[2025-05-20T02:56:29.375+0000] {logging_mixin.py:190} INFO - [2025-05-20T02:56:29.374+0000] {dagbag.py:587} INFO - Filling up the DagBag from /home/airflow/.local/lib/python3.12/site-packages/airflow/example_dags/example_task_group_decorator.py
[2025-05-20T02:56:29.454+0000] {processor.py:925} INFO - DAG(s) 'example_task_group_decorator' retrieved from /home/airflow/.local/lib/python3.12/site-packages/airflow/example_dags/example_task_group_decorator.py
[2025-05-20T02:56:29.550+0000] {logging_mixin.py:190} INFO - [2025-05-20T02:56:29.550+0000] {dag.py:3229} INFO - Sync 1 DAGs
[2025-05-20T02:56:29.582+0000] {logging_mixin.py:190} INFO - [2025-05-20T02:56:29.582+0000] {dag.py:4156} INFO - Setting next_dagrun for example_task_group_decorator to None, run_after=None
[2025-05-20T02:56:29.641+0000] {processor.py:208} INFO - Processing /home/airflow/.local/lib/python3.12/site-packages/airflow/example_dags/example_task_group_decorator.py took 0.316 seconds
[2025-05-20T02:56:59.780+0000] {processor.py:186} INFO - Started process (PID=446) to work on /home/airflow/.local/lib/python3.12/site-packages/airflow/example_dags/example_task_group_decorator.py
[2025-05-20T02:56:59.783+0000] {processor.py:914} INFO - Processing file /home/airflow/.local/lib/python3.12/site-packages/airflow/example_dags/example_task_group_decorator.py for tasks to queue
[2025-05-20T02:56:59.830+0000] {logging_mixin.py:190} INFO - [2025-05-20T02:56:59.829+0000] {dagbag.py:587} INFO - Filling up the DagBag from /home/airflow/.local/lib/python3.12/site-packages/airflow/example_dags/example_task_group_decorator.py
[2025-05-20T02:56:59.920+0000] {processor.py:925} INFO - DAG(s) 'example_task_group_decorator' retrieved from /home/airflow/.local/lib/python3.12/site-packages/airflow/example_dags/example_task_group_decorator.py
[2025-05-20T02:57:00.027+0000] {logging_mixin.py:190} INFO - [2025-05-20T02:57:00.027+0000] {dag.py:3229} INFO - Sync 1 DAGs
[2025-05-20T02:57:00.094+0000] {logging_mixin.py:190} INFO - [2025-05-20T02:57:00.093+0000] {dag.py:4156} INFO - Setting next_dagrun for example_task_group_decorator to None, run_after=None
[2025-05-20T02:57:00.149+0000] {processor.py:208} INFO - Processing /home/airflow/.local/lib/python3.12/site-packages/airflow/example_dags/example_task_group_decorator.py took 0.383 seconds
[2025-05-20T02:57:30.516+0000] {processor.py:186} INFO - Started process (PID=509) to work on /home/airflow/.local/lib/python3.12/site-packages/airflow/example_dags/example_task_group_decorator.py
[2025-05-20T02:57:30.519+0000] {processor.py:914} INFO - Processing file /home/airflow/.local/lib/python3.12/site-packages/airflow/example_dags/example_task_group_decorator.py for tasks to queue
[2025-05-20T02:57:30.535+0000] {logging_mixin.py:190} INFO - [2025-05-20T02:57:30.534+0000] {dagbag.py:587} INFO - Filling up the DagBag from /home/airflow/.local/lib/python3.12/site-packages/airflow/example_dags/example_task_group_decorator.py
[2025-05-20T02:57:30.579+0000] {processor.py:925} INFO - DAG(s) 'example_task_group_decorator' retrieved from /home/airflow/.local/lib/python3.12/site-packages/airflow/example_dags/example_task_group_decorator.py
[2025-05-20T02:57:30.657+0000] {logging_mixin.py:190} INFO - [2025-05-20T02:57:30.657+0000] {dag.py:3229} INFO - Sync 1 DAGs
[2025-05-20T02:57:30.722+0000] {logging_mixin.py:190} INFO - [2025-05-20T02:57:30.721+0000] {dag.py:4156} INFO - Setting next_dagrun for example_task_group_decorator to None, run_after=None
[2025-05-20T02:57:30.794+0000] {processor.py:208} INFO - Processing /home/airflow/.local/lib/python3.12/site-packages/airflow/example_dags/example_task_group_decorator.py took 0.290 seconds
[2025-05-20T02:58:01.219+0000] {processor.py:186} INFO - Started process (PID=572) to work on /home/airflow/.local/lib/python3.12/site-packages/airflow/example_dags/example_task_group_decorator.py
[2025-05-20T02:58:01.221+0000] {processor.py:914} INFO - Processing file /home/airflow/.local/lib/python3.12/site-packages/airflow/example_dags/example_task_group_decorator.py for tasks to queue
[2025-05-20T02:58:01.242+0000] {logging_mixin.py:190} INFO - [2025-05-20T02:58:01.240+0000] {dagbag.py:587} INFO - Filling up the DagBag from /home/airflow/.local/lib/python3.12/site-packages/airflow/example_dags/example_task_group_decorator.py
[2025-05-20T02:58:01.310+0000] {processor.py:925} INFO - DAG(s) 'example_task_group_decorator' retrieved from /home/airflow/.local/lib/python3.12/site-packages/airflow/example_dags/example_task_group_decorator.py
[2025-05-20T02:58:01.388+0000] {logging_mixin.py:190} INFO - [2025-05-20T02:58:01.388+0000] {dag.py:3229} INFO - Sync 1 DAGs
[2025-05-20T02:58:01.425+0000] {logging_mixin.py:190} INFO - [2025-05-20T02:58:01.425+0000] {dag.py:4156} INFO - Setting next_dagrun for example_task_group_decorator to None, run_after=None
[2025-05-20T02:58:01.508+0000] {processor.py:208} INFO - Processing /home/airflow/.local/lib/python3.12/site-packages/airflow/example_dags/example_task_group_decorator.py took 0.326 seconds
[2025-05-20T02:58:32.206+0000] {processor.py:186} INFO - Started process (PID=636) to work on /home/airflow/.local/lib/python3.12/site-packages/airflow/example_dags/example_task_group_decorator.py
[2025-05-20T02:58:32.216+0000] {processor.py:914} INFO - Processing file /home/airflow/.local/lib/python3.12/site-packages/airflow/example_dags/example_task_group_decorator.py for tasks to queue
[2025-05-20T02:58:32.234+0000] {logging_mixin.py:190} INFO - [2025-05-20T02:58:32.229+0000] {dagbag.py:587} INFO - Filling up the DagBag from /home/airflow/.local/lib/python3.12/site-packages/airflow/example_dags/example_task_group_decorator.py
[2025-05-20T02:58:32.267+0000] {processor.py:925} INFO - DAG(s) 'example_task_group_decorator' retrieved from /home/airflow/.local/lib/python3.12/site-packages/airflow/example_dags/example_task_group_decorator.py
[2025-05-20T02:58:32.339+0000] {logging_mixin.py:190} INFO - [2025-05-20T02:58:32.336+0000] {dag.py:3229} INFO - Sync 1 DAGs
[2025-05-20T02:58:32.360+0000] {logging_mixin.py:190} INFO - [2025-05-20T02:58:32.360+0000] {dag.py:4156} INFO - Setting next_dagrun for example_task_group_decorator to None, run_after=None
[2025-05-20T02:58:32.425+0000] {processor.py:208} INFO - Processing /home/airflow/.local/lib/python3.12/site-packages/airflow/example_dags/example_task_group_decorator.py took 0.230 seconds
[2025-05-20T02:59:02.908+0000] {processor.py:186} INFO - Started process (PID=699) to work on /home/airflow/.local/lib/python3.12/site-packages/airflow/example_dags/example_task_group_decorator.py
[2025-05-20T02:59:02.914+0000] {processor.py:914} INFO - Processing file /home/airflow/.local/lib/python3.12/site-packages/airflow/example_dags/example_task_group_decorator.py for tasks to queue
[2025-05-20T02:59:02.944+0000] {logging_mixin.py:190} INFO - [2025-05-20T02:59:02.941+0000] {dagbag.py:587} INFO - Filling up the DagBag from /home/airflow/.local/lib/python3.12/site-packages/airflow/example_dags/example_task_group_decorator.py
[2025-05-20T02:59:02.978+0000] {processor.py:925} INFO - DAG(s) 'example_task_group_decorator' retrieved from /home/airflow/.local/lib/python3.12/site-packages/airflow/example_dags/example_task_group_decorator.py
[2025-05-20T02:59:03.082+0000] {logging_mixin.py:190} INFO - [2025-05-20T02:59:03.076+0000] {dag.py:3229} INFO - Sync 1 DAGs
[2025-05-20T02:59:03.105+0000] {logging_mixin.py:190} INFO - [2025-05-20T02:59:03.105+0000] {dag.py:4156} INFO - Setting next_dagrun for example_task_group_decorator to None, run_after=None
[2025-05-20T02:59:03.181+0000] {processor.py:208} INFO - Processing /home/airflow/.local/lib/python3.12/site-packages/airflow/example_dags/example_task_group_decorator.py took 0.283 seconds
[2025-05-20T02:59:33.301+0000] {processor.py:186} INFO - Started process (PID=763) to work on /home/airflow/.local/lib/python3.12/site-packages/airflow/example_dags/example_task_group_decorator.py
[2025-05-20T02:59:33.304+0000] {processor.py:914} INFO - Processing file /home/airflow/.local/lib/python3.12/site-packages/airflow/example_dags/example_task_group_decorator.py for tasks to queue
[2025-05-20T02:59:33.311+0000] {logging_mixin.py:190} INFO - [2025-05-20T02:59:33.311+0000] {dagbag.py:587} INFO - Filling up the DagBag from /home/airflow/.local/lib/python3.12/site-packages/airflow/example_dags/example_task_group_decorator.py
[2025-05-20T02:59:33.336+0000] {processor.py:925} INFO - DAG(s) 'example_task_group_decorator' retrieved from /home/airflow/.local/lib/python3.12/site-packages/airflow/example_dags/example_task_group_decorator.py
[2025-05-20T02:59:33.418+0000] {logging_mixin.py:190} INFO - [2025-05-20T02:59:33.417+0000] {dag.py:3229} INFO - Sync 1 DAGs
[2025-05-20T02:59:33.445+0000] {logging_mixin.py:190} INFO - [2025-05-20T02:59:33.445+0000] {dag.py:4156} INFO - Setting next_dagrun for example_task_group_decorator to None, run_after=None
[2025-05-20T02:59:33.536+0000] {processor.py:208} INFO - Processing /home/airflow/.local/lib/python3.12/site-packages/airflow/example_dags/example_task_group_decorator.py took 0.241 seconds
[2025-05-20T03:00:03.706+0000] {processor.py:186} INFO - Started process (PID=826) to work on /home/airflow/.local/lib/python3.12/site-packages/airflow/example_dags/example_task_group_decorator.py
[2025-05-20T03:00:03.708+0000] {processor.py:914} INFO - Processing file /home/airflow/.local/lib/python3.12/site-packages/airflow/example_dags/example_task_group_decorator.py for tasks to queue
[2025-05-20T03:00:03.714+0000] {logging_mixin.py:190} INFO - [2025-05-20T03:00:03.714+0000] {dagbag.py:587} INFO - Filling up the DagBag from /home/airflow/.local/lib/python3.12/site-packages/airflow/example_dags/example_task_group_decorator.py
[2025-05-20T03:00:03.766+0000] {processor.py:925} INFO - DAG(s) 'example_task_group_decorator' retrieved from /home/airflow/.local/lib/python3.12/site-packages/airflow/example_dags/example_task_group_decorator.py
[2025-05-20T03:00:03.843+0000] {logging_mixin.py:190} INFO - [2025-05-20T03:00:03.842+0000] {dag.py:3229} INFO - Sync 1 DAGs
[2025-05-20T03:00:03.910+0000] {logging_mixin.py:190} INFO - [2025-05-20T03:00:03.910+0000] {dag.py:4156} INFO - Setting next_dagrun for example_task_group_decorator to None, run_after=None
[2025-05-20T03:00:03.957+0000] {processor.py:208} INFO - Processing /home/airflow/.local/lib/python3.12/site-packages/airflow/example_dags/example_task_group_decorator.py took 0.282 seconds
[2025-05-20T03:00:34.584+0000] {processor.py:186} INFO - Started process (PID=888) to work on /home/airflow/.local/lib/python3.12/site-packages/airflow/example_dags/example_task_group_decorator.py
[2025-05-20T03:00:34.589+0000] {processor.py:914} INFO - Processing file /home/airflow/.local/lib/python3.12/site-packages/airflow/example_dags/example_task_group_decorator.py for tasks to queue
[2025-05-20T03:00:34.621+0000] {logging_mixin.py:190} INFO - [2025-05-20T03:00:34.611+0000] {dagbag.py:587} INFO - Filling up the DagBag from /home/airflow/.local/lib/python3.12/site-packages/airflow/example_dags/example_task_group_decorator.py
[2025-05-20T03:00:34.652+0000] {processor.py:925} INFO - DAG(s) 'example_task_group_decorator' retrieved from /home/airflow/.local/lib/python3.12/site-packages/airflow/example_dags/example_task_group_decorator.py
[2025-05-20T03:00:34.739+0000] {logging_mixin.py:190} INFO - [2025-05-20T03:00:34.738+0000] {dag.py:3229} INFO - Sync 1 DAGs
[2025-05-20T03:00:34.772+0000] {logging_mixin.py:190} INFO - [2025-05-20T03:00:34.772+0000] {dag.py:4156} INFO - Setting next_dagrun for example_task_group_decorator to None, run_after=None
[2025-05-20T03:00:34.847+0000] {processor.py:208} INFO - Processing /home/airflow/.local/lib/python3.12/site-packages/airflow/example_dags/example_task_group_decorator.py took 0.272 seconds
[2025-05-20T03:01:05.327+0000] {processor.py:186} INFO - Started process (PID=950) to work on /home/airflow/.local/lib/python3.12/site-packages/airflow/example_dags/example_task_group_decorator.py
[2025-05-20T03:01:05.331+0000] {processor.py:914} INFO - Processing file /home/airflow/.local/lib/python3.12/site-packages/airflow/example_dags/example_task_group_decorator.py for tasks to queue
[2025-05-20T03:01:05.350+0000] {logging_mixin.py:190} INFO - [2025-05-20T03:01:05.348+0000] {dagbag.py:587} INFO - Filling up the DagBag from /home/airflow/.local/lib/python3.12/site-packages/airflow/example_dags/example_task_group_decorator.py
[2025-05-20T03:01:05.383+0000] {processor.py:925} INFO - DAG(s) 'example_task_group_decorator' retrieved from /home/airflow/.local/lib/python3.12/site-packages/airflow/example_dags/example_task_group_decorator.py
[2025-05-20T03:01:05.467+0000] {logging_mixin.py:190} INFO - [2025-05-20T03:01:05.464+0000] {dag.py:3229} INFO - Sync 1 DAGs
[2025-05-20T03:01:05.505+0000] {logging_mixin.py:190} INFO - [2025-05-20T03:01:05.503+0000] {dag.py:4156} INFO - Setting next_dagrun for example_task_group_decorator to None, run_after=None
[2025-05-20T03:01:05.568+0000] {processor.py:208} INFO - Processing /home/airflow/.local/lib/python3.12/site-packages/airflow/example_dags/example_task_group_decorator.py took 0.253 seconds
[2025-05-20T03:01:36.236+0000] {processor.py:186} INFO - Started process (PID=1012) to work on /home/airflow/.local/lib/python3.12/site-packages/airflow/example_dags/example_task_group_decorator.py
[2025-05-20T03:01:36.241+0000] {processor.py:914} INFO - Processing file /home/airflow/.local/lib/python3.12/site-packages/airflow/example_dags/example_task_group_decorator.py for tasks to queue
[2025-05-20T03:01:36.252+0000] {logging_mixin.py:190} INFO - [2025-05-20T03:01:36.249+0000] {dagbag.py:587} INFO - Filling up the DagBag from /home/airflow/.local/lib/python3.12/site-packages/airflow/example_dags/example_task_group_decorator.py
[2025-05-20T03:01:36.298+0000] {processor.py:925} INFO - DAG(s) 'example_task_group_decorator' retrieved from /home/airflow/.local/lib/python3.12/site-packages/airflow/example_dags/example_task_group_decorator.py
[2025-05-20T03:01:36.358+0000] {logging_mixin.py:190} INFO - [2025-05-20T03:01:36.358+0000] {dag.py:3229} INFO - Sync 1 DAGs
[2025-05-20T03:01:36.407+0000] {logging_mixin.py:190} INFO - [2025-05-20T03:01:36.406+0000] {dag.py:4156} INFO - Setting next_dagrun for example_task_group_decorator to None, run_after=None
[2025-05-20T03:01:36.487+0000] {processor.py:208} INFO - Processing /home/airflow/.local/lib/python3.12/site-packages/airflow/example_dags/example_task_group_decorator.py took 0.265 seconds
[2025-05-20T03:02:06.838+0000] {processor.py:186} INFO - Started process (PID=1075) to work on /home/airflow/.local/lib/python3.12/site-packages/airflow/example_dags/example_task_group_decorator.py
[2025-05-20T03:02:06.840+0000] {processor.py:914} INFO - Processing file /home/airflow/.local/lib/python3.12/site-packages/airflow/example_dags/example_task_group_decorator.py for tasks to queue
[2025-05-20T03:02:06.860+0000] {logging_mixin.py:190} INFO - [2025-05-20T03:02:06.857+0000] {dagbag.py:587} INFO - Filling up the DagBag from /home/airflow/.local/lib/python3.12/site-packages/airflow/example_dags/example_task_group_decorator.py
[2025-05-20T03:02:06.911+0000] {processor.py:925} INFO - DAG(s) 'example_task_group_decorator' retrieved from /home/airflow/.local/lib/python3.12/site-packages/airflow/example_dags/example_task_group_decorator.py
[2025-05-20T03:02:06.975+0000] {logging_mixin.py:190} INFO - [2025-05-20T03:02:06.974+0000] {dag.py:3229} INFO - Sync 1 DAGs
[2025-05-20T03:02:07.016+0000] {logging_mixin.py:190} INFO - [2025-05-20T03:02:07.015+0000] {dag.py:4156} INFO - Setting next_dagrun for example_task_group_decorator to None, run_after=None
[2025-05-20T03:02:07.068+0000] {processor.py:208} INFO - Processing /home/airflow/.local/lib/python3.12/site-packages/airflow/example_dags/example_task_group_decorator.py took 0.240 seconds
[2025-05-20T03:02:37.360+0000] {processor.py:186} INFO - Started process (PID=1138) to work on /home/airflow/.local/lib/python3.12/site-packages/airflow/example_dags/example_task_group_decorator.py
[2025-05-20T03:02:37.371+0000] {processor.py:914} INFO - Processing file /home/airflow/.local/lib/python3.12/site-packages/airflow/example_dags/example_task_group_decorator.py for tasks to queue
[2025-05-20T03:02:37.391+0000] {logging_mixin.py:190} INFO - [2025-05-20T03:02:37.390+0000] {dagbag.py:587} INFO - Filling up the DagBag from /home/airflow/.local/lib/python3.12/site-packages/airflow/example_dags/example_task_group_decorator.py
[2025-05-20T03:02:37.422+0000] {processor.py:925} INFO - DAG(s) 'example_task_group_decorator' retrieved from /home/airflow/.local/lib/python3.12/site-packages/airflow/example_dags/example_task_group_decorator.py
[2025-05-20T03:02:37.525+0000] {logging_mixin.py:190} INFO - [2025-05-20T03:02:37.516+0000] {dag.py:3229} INFO - Sync 1 DAGs
[2025-05-20T03:02:37.550+0000] {logging_mixin.py:190} INFO - [2025-05-20T03:02:37.549+0000] {dag.py:4156} INFO - Setting next_dagrun for example_task_group_decorator to None, run_after=None
[2025-05-20T03:02:37.668+0000] {processor.py:208} INFO - Processing /home/airflow/.local/lib/python3.12/site-packages/airflow/example_dags/example_task_group_decorator.py took 0.320 seconds
[2025-05-20T03:03:08.350+0000] {processor.py:186} INFO - Started process (PID=1200) to work on /home/airflow/.local/lib/python3.12/site-packages/airflow/example_dags/example_task_group_decorator.py
[2025-05-20T03:03:08.358+0000] {processor.py:914} INFO - Processing file /home/airflow/.local/lib/python3.12/site-packages/airflow/example_dags/example_task_group_decorator.py for tasks to queue
[2025-05-20T03:03:08.377+0000] {logging_mixin.py:190} INFO - [2025-05-20T03:03:08.374+0000] {dagbag.py:587} INFO - Filling up the DagBag from /home/airflow/.local/lib/python3.12/site-packages/airflow/example_dags/example_task_group_decorator.py
[2025-05-20T03:03:08.418+0000] {processor.py:925} INFO - DAG(s) 'example_task_group_decorator' retrieved from /home/airflow/.local/lib/python3.12/site-packages/airflow/example_dags/example_task_group_decorator.py
[2025-05-20T03:03:08.473+0000] {logging_mixin.py:190} INFO - [2025-05-20T03:03:08.473+0000] {dag.py:3229} INFO - Sync 1 DAGs
[2025-05-20T03:03:08.515+0000] {logging_mixin.py:190} INFO - [2025-05-20T03:03:08.514+0000] {dag.py:4156} INFO - Setting next_dagrun for example_task_group_decorator to None, run_after=None
[2025-05-20T03:03:08.584+0000] {processor.py:208} INFO - Processing /home/airflow/.local/lib/python3.12/site-packages/airflow/example_dags/example_task_group_decorator.py took 0.243 seconds
[2025-05-20T03:03:39.028+0000] {processor.py:186} INFO - Started process (PID=1262) to work on /home/airflow/.local/lib/python3.12/site-packages/airflow/example_dags/example_task_group_decorator.py
[2025-05-20T03:03:39.034+0000] {processor.py:914} INFO - Processing file /home/airflow/.local/lib/python3.12/site-packages/airflow/example_dags/example_task_group_decorator.py for tasks to queue
[2025-05-20T03:03:39.049+0000] {logging_mixin.py:190} INFO - [2025-05-20T03:03:39.049+0000] {dagbag.py:587} INFO - Filling up the DagBag from /home/airflow/.local/lib/python3.12/site-packages/airflow/example_dags/example_task_group_decorator.py
[2025-05-20T03:03:39.078+0000] {processor.py:925} INFO - DAG(s) 'example_task_group_decorator' retrieved from /home/airflow/.local/lib/python3.12/site-packages/airflow/example_dags/example_task_group_decorator.py
[2025-05-20T03:03:39.122+0000] {logging_mixin.py:190} INFO - [2025-05-20T03:03:39.122+0000] {dag.py:3229} INFO - Sync 1 DAGs
[2025-05-20T03:03:39.152+0000] {logging_mixin.py:190} INFO - [2025-05-20T03:03:39.152+0000] {dag.py:4156} INFO - Setting next_dagrun for example_task_group_decorator to None, run_after=None
[2025-05-20T03:03:39.219+0000] {processor.py:208} INFO - Processing /home/airflow/.local/lib/python3.12/site-packages/airflow/example_dags/example_task_group_decorator.py took 0.198 seconds
[2025-05-20T03:04:09.378+0000] {processor.py:186} INFO - Started process (PID=1325) to work on /home/airflow/.local/lib/python3.12/site-packages/airflow/example_dags/example_task_group_decorator.py
[2025-05-20T03:04:09.382+0000] {processor.py:914} INFO - Processing file /home/airflow/.local/lib/python3.12/site-packages/airflow/example_dags/example_task_group_decorator.py for tasks to queue
[2025-05-20T03:04:09.392+0000] {logging_mixin.py:190} INFO - [2025-05-20T03:04:09.391+0000] {dagbag.py:587} INFO - Filling up the DagBag from /home/airflow/.local/lib/python3.12/site-packages/airflow/example_dags/example_task_group_decorator.py
[2025-05-20T03:04:09.454+0000] {processor.py:925} INFO - DAG(s) 'example_task_group_decorator' retrieved from /home/airflow/.local/lib/python3.12/site-packages/airflow/example_dags/example_task_group_decorator.py
[2025-05-20T03:04:09.555+0000] {logging_mixin.py:190} INFO - [2025-05-20T03:04:09.553+0000] {dag.py:3229} INFO - Sync 1 DAGs
[2025-05-20T03:04:09.597+0000] {logging_mixin.py:190} INFO - [2025-05-20T03:04:09.594+0000] {dag.py:4156} INFO - Setting next_dagrun for example_task_group_decorator to None, run_after=None
[2025-05-20T03:04:09.693+0000] {processor.py:208} INFO - Processing /home/airflow/.local/lib/python3.12/site-packages/airflow/example_dags/example_task_group_decorator.py took 0.341 seconds
[2025-05-20T03:04:40.675+0000] {processor.py:186} INFO - Started process (PID=1388) to work on /home/airflow/.local/lib/python3.12/site-packages/airflow/example_dags/example_task_group_decorator.py
[2025-05-20T03:04:40.685+0000] {processor.py:914} INFO - Processing file /home/airflow/.local/lib/python3.12/site-packages/airflow/example_dags/example_task_group_decorator.py for tasks to queue
[2025-05-20T03:04:40.710+0000] {logging_mixin.py:190} INFO - [2025-05-20T03:04:40.709+0000] {dagbag.py:587} INFO - Filling up the DagBag from /home/airflow/.local/lib/python3.12/site-packages/airflow/example_dags/example_task_group_decorator.py
[2025-05-20T03:04:40.765+0000] {processor.py:925} INFO - DAG(s) 'example_task_group_decorator' retrieved from /home/airflow/.local/lib/python3.12/site-packages/airflow/example_dags/example_task_group_decorator.py
[2025-05-20T03:04:40.836+0000] {logging_mixin.py:190} INFO - [2025-05-20T03:04:40.836+0000] {dag.py:3229} INFO - Sync 1 DAGs
[2025-05-20T03:04:40.878+0000] {logging_mixin.py:190} INFO - [2025-05-20T03:04:40.871+0000] {dag.py:4156} INFO - Setting next_dagrun for example_task_group_decorator to None, run_after=None
[2025-05-20T03:04:40.934+0000] {processor.py:208} INFO - Processing /home/airflow/.local/lib/python3.12/site-packages/airflow/example_dags/example_task_group_decorator.py took 0.287 seconds
[2025-05-20T03:05:11.111+0000] {processor.py:186} INFO - Started process (PID=1451) to work on /home/airflow/.local/lib/python3.12/site-packages/airflow/example_dags/example_task_group_decorator.py
[2025-05-20T03:05:11.116+0000] {processor.py:914} INFO - Processing file /home/airflow/.local/lib/python3.12/site-packages/airflow/example_dags/example_task_group_decorator.py for tasks to queue
[2025-05-20T03:05:11.138+0000] {logging_mixin.py:190} INFO - [2025-05-20T03:05:11.134+0000] {dagbag.py:587} INFO - Filling up the DagBag from /home/airflow/.local/lib/python3.12/site-packages/airflow/example_dags/example_task_group_decorator.py
[2025-05-20T03:05:11.162+0000] {processor.py:925} INFO - DAG(s) 'example_task_group_decorator' retrieved from /home/airflow/.local/lib/python3.12/site-packages/airflow/example_dags/example_task_group_decorator.py
[2025-05-20T03:05:11.246+0000] {logging_mixin.py:190} INFO - [2025-05-20T03:05:11.246+0000] {dag.py:3229} INFO - Sync 1 DAGs
[2025-05-20T03:05:11.265+0000] {logging_mixin.py:190} INFO - [2025-05-20T03:05:11.265+0000] {dag.py:4156} INFO - Setting next_dagrun for example_task_group_decorator to None, run_after=None
[2025-05-20T03:05:11.352+0000] {processor.py:208} INFO - Processing /home/airflow/.local/lib/python3.12/site-packages/airflow/example_dags/example_task_group_decorator.py took 0.256 seconds
[2025-05-20T03:05:42.346+0000] {processor.py:186} INFO - Started process (PID=1514) to work on /home/airflow/.local/lib/python3.12/site-packages/airflow/example_dags/example_task_group_decorator.py
[2025-05-20T03:05:42.353+0000] {processor.py:914} INFO - Processing file /home/airflow/.local/lib/python3.12/site-packages/airflow/example_dags/example_task_group_decorator.py for tasks to queue
[2025-05-20T03:05:42.372+0000] {logging_mixin.py:190} INFO - [2025-05-20T03:05:42.366+0000] {dagbag.py:587} INFO - Filling up the DagBag from /home/airflow/.local/lib/python3.12/site-packages/airflow/example_dags/example_task_group_decorator.py
[2025-05-20T03:05:42.440+0000] {processor.py:925} INFO - DAG(s) 'example_task_group_decorator' retrieved from /home/airflow/.local/lib/python3.12/site-packages/airflow/example_dags/example_task_group_decorator.py
[2025-05-20T03:05:42.559+0000] {logging_mixin.py:190} INFO - [2025-05-20T03:05:42.557+0000] {dag.py:3229} INFO - Sync 1 DAGs
[2025-05-20T03:05:42.626+0000] {logging_mixin.py:190} INFO - [2025-05-20T03:05:42.625+0000] {dag.py:4156} INFO - Setting next_dagrun for example_task_group_decorator to None, run_after=None
[2025-05-20T03:05:42.734+0000] {processor.py:208} INFO - Processing /home/airflow/.local/lib/python3.12/site-packages/airflow/example_dags/example_task_group_decorator.py took 0.398 seconds
[2025-05-20T03:06:13.671+0000] {processor.py:186} INFO - Started process (PID=1577) to work on /home/airflow/.local/lib/python3.12/site-packages/airflow/example_dags/example_task_group_decorator.py
[2025-05-20T03:06:13.677+0000] {processor.py:914} INFO - Processing file /home/airflow/.local/lib/python3.12/site-packages/airflow/example_dags/example_task_group_decorator.py for tasks to queue
[2025-05-20T03:06:13.690+0000] {logging_mixin.py:190} INFO - [2025-05-20T03:06:13.689+0000] {dagbag.py:587} INFO - Filling up the DagBag from /home/airflow/.local/lib/python3.12/site-packages/airflow/example_dags/example_task_group_decorator.py
[2025-05-20T03:06:13.739+0000] {processor.py:925} INFO - DAG(s) 'example_task_group_decorator' retrieved from /home/airflow/.local/lib/python3.12/site-packages/airflow/example_dags/example_task_group_decorator.py
[2025-05-20T03:06:13.849+0000] {logging_mixin.py:190} INFO - [2025-05-20T03:06:13.849+0000] {dag.py:3229} INFO - Sync 1 DAGs
[2025-05-20T03:06:13.885+0000] {logging_mixin.py:190} INFO - [2025-05-20T03:06:13.884+0000] {dag.py:4156} INFO - Setting next_dagrun for example_task_group_decorator to None, run_after=None
[2025-05-20T03:06:14.000+0000] {processor.py:208} INFO - Processing /home/airflow/.local/lib/python3.12/site-packages/airflow/example_dags/example_task_group_decorator.py took 0.341 seconds
[2025-05-20T03:06:44.574+0000] {processor.py:186} INFO - Started process (PID=1640) to work on /home/airflow/.local/lib/python3.12/site-packages/airflow/example_dags/example_task_group_decorator.py
[2025-05-20T03:06:44.576+0000] {processor.py:914} INFO - Processing file /home/airflow/.local/lib/python3.12/site-packages/airflow/example_dags/example_task_group_decorator.py for tasks to queue
[2025-05-20T03:06:44.583+0000] {logging_mixin.py:190} INFO - [2025-05-20T03:06:44.582+0000] {dagbag.py:587} INFO - Filling up the DagBag from /home/airflow/.local/lib/python3.12/site-packages/airflow/example_dags/example_task_group_decorator.py
[2025-05-20T03:06:44.648+0000] {processor.py:925} INFO - DAG(s) 'example_task_group_decorator' retrieved from /home/airflow/.local/lib/python3.12/site-packages/airflow/example_dags/example_task_group_decorator.py
[2025-05-20T03:06:44.746+0000] {logging_mixin.py:190} INFO - [2025-05-20T03:06:44.746+0000] {dag.py:3229} INFO - Sync 1 DAGs
[2025-05-20T03:06:44.775+0000] {logging_mixin.py:190} INFO - [2025-05-20T03:06:44.775+0000] {dag.py:4156} INFO - Setting next_dagrun for example_task_group_decorator to None, run_after=None
[2025-05-20T03:06:44.826+0000] {processor.py:208} INFO - Processing /home/airflow/.local/lib/python3.12/site-packages/airflow/example_dags/example_task_group_decorator.py took 0.265 seconds
[2025-05-20T03:07:15.282+0000] {processor.py:186} INFO - Started process (PID=1703) to work on /home/airflow/.local/lib/python3.12/site-packages/airflow/example_dags/example_task_group_decorator.py
[2025-05-20T03:07:15.287+0000] {processor.py:914} INFO - Processing file /home/airflow/.local/lib/python3.12/site-packages/airflow/example_dags/example_task_group_decorator.py for tasks to queue
[2025-05-20T03:07:15.299+0000] {logging_mixin.py:190} INFO - [2025-05-20T03:07:15.298+0000] {dagbag.py:587} INFO - Filling up the DagBag from /home/airflow/.local/lib/python3.12/site-packages/airflow/example_dags/example_task_group_decorator.py
[2025-05-20T03:07:15.347+0000] {processor.py:925} INFO - DAG(s) 'example_task_group_decorator' retrieved from /home/airflow/.local/lib/python3.12/site-packages/airflow/example_dags/example_task_group_decorator.py
[2025-05-20T03:07:15.428+0000] {logging_mixin.py:190} INFO - [2025-05-20T03:07:15.427+0000] {dag.py:3229} INFO - Sync 1 DAGs
[2025-05-20T03:07:15.465+0000] {logging_mixin.py:190} INFO - [2025-05-20T03:07:15.464+0000] {dag.py:4156} INFO - Setting next_dagrun for example_task_group_decorator to None, run_after=None
[2025-05-20T03:07:15.536+0000] {processor.py:208} INFO - Processing /home/airflow/.local/lib/python3.12/site-packages/airflow/example_dags/example_task_group_decorator.py took 0.264 seconds
[2025-05-20T03:07:46.527+0000] {processor.py:186} INFO - Started process (PID=1765) to work on /home/airflow/.local/lib/python3.12/site-packages/airflow/example_dags/example_task_group_decorator.py
[2025-05-20T03:07:46.534+0000] {processor.py:914} INFO - Processing file /home/airflow/.local/lib/python3.12/site-packages/airflow/example_dags/example_task_group_decorator.py for tasks to queue
[2025-05-20T03:07:46.551+0000] {logging_mixin.py:190} INFO - [2025-05-20T03:07:46.550+0000] {dagbag.py:587} INFO - Filling up the DagBag from /home/airflow/.local/lib/python3.12/site-packages/airflow/example_dags/example_task_group_decorator.py
[2025-05-20T03:07:46.632+0000] {processor.py:925} INFO - DAG(s) 'example_task_group_decorator' retrieved from /home/airflow/.local/lib/python3.12/site-packages/airflow/example_dags/example_task_group_decorator.py
[2025-05-20T03:07:46.702+0000] {logging_mixin.py:190} INFO - [2025-05-20T03:07:46.700+0000] {dag.py:3229} INFO - Sync 1 DAGs
[2025-05-20T03:07:46.760+0000] {logging_mixin.py:190} INFO - [2025-05-20T03:07:46.760+0000] {dag.py:4156} INFO - Setting next_dagrun for example_task_group_decorator to None, run_after=None
[2025-05-20T03:07:46.833+0000] {processor.py:208} INFO - Processing /home/airflow/.local/lib/python3.12/site-packages/airflow/example_dags/example_task_group_decorator.py took 0.325 seconds
[2025-05-20T03:08:17.723+0000] {processor.py:186} INFO - Started process (PID=1827) to work on /home/airflow/.local/lib/python3.12/site-packages/airflow/example_dags/example_task_group_decorator.py
[2025-05-20T03:08:17.730+0000] {processor.py:914} INFO - Processing file /home/airflow/.local/lib/python3.12/site-packages/airflow/example_dags/example_task_group_decorator.py for tasks to queue
[2025-05-20T03:08:17.745+0000] {logging_mixin.py:190} INFO - [2025-05-20T03:08:17.744+0000] {dagbag.py:587} INFO - Filling up the DagBag from /home/airflow/.local/lib/python3.12/site-packages/airflow/example_dags/example_task_group_decorator.py
[2025-05-20T03:08:17.812+0000] {processor.py:925} INFO - DAG(s) 'example_task_group_decorator' retrieved from /home/airflow/.local/lib/python3.12/site-packages/airflow/example_dags/example_task_group_decorator.py
[2025-05-20T03:08:17.907+0000] {logging_mixin.py:190} INFO - [2025-05-20T03:08:17.907+0000] {dag.py:3229} INFO - Sync 1 DAGs
[2025-05-20T03:08:17.984+0000] {logging_mixin.py:190} INFO - [2025-05-20T03:08:17.983+0000] {dag.py:4156} INFO - Setting next_dagrun for example_task_group_decorator to None, run_after=None
[2025-05-20T03:08:18.040+0000] {processor.py:208} INFO - Processing /home/airflow/.local/lib/python3.12/site-packages/airflow/example_dags/example_task_group_decorator.py took 0.332 seconds
[2025-05-20T03:08:48.797+0000] {processor.py:186} INFO - Started process (PID=1890) to work on /home/airflow/.local/lib/python3.12/site-packages/airflow/example_dags/example_task_group_decorator.py
[2025-05-20T03:08:48.806+0000] {processor.py:914} INFO - Processing file /home/airflow/.local/lib/python3.12/site-packages/airflow/example_dags/example_task_group_decorator.py for tasks to queue
[2025-05-20T03:08:48.829+0000] {logging_mixin.py:190} INFO - [2025-05-20T03:08:48.829+0000] {dagbag.py:587} INFO - Filling up the DagBag from /home/airflow/.local/lib/python3.12/site-packages/airflow/example_dags/example_task_group_decorator.py
[2025-05-20T03:08:48.858+0000] {processor.py:925} INFO - DAG(s) 'example_task_group_decorator' retrieved from /home/airflow/.local/lib/python3.12/site-packages/airflow/example_dags/example_task_group_decorator.py
[2025-05-20T03:08:48.936+0000] {logging_mixin.py:190} INFO - [2025-05-20T03:08:48.934+0000] {dag.py:3229} INFO - Sync 1 DAGs
[2025-05-20T03:08:48.961+0000] {logging_mixin.py:190} INFO - [2025-05-20T03:08:48.961+0000] {dag.py:4156} INFO - Setting next_dagrun for example_task_group_decorator to None, run_after=None
[2025-05-20T03:08:49.029+0000] {processor.py:208} INFO - Processing /home/airflow/.local/lib/python3.12/site-packages/airflow/example_dags/example_task_group_decorator.py took 0.240 seconds
[2025-05-20T03:09:19.277+0000] {processor.py:186} INFO - Started process (PID=1954) to work on /home/airflow/.local/lib/python3.12/site-packages/airflow/example_dags/example_task_group_decorator.py
[2025-05-20T03:09:19.284+0000] {processor.py:914} INFO - Processing file /home/airflow/.local/lib/python3.12/site-packages/airflow/example_dags/example_task_group_decorator.py for tasks to queue
[2025-05-20T03:09:19.297+0000] {logging_mixin.py:190} INFO - [2025-05-20T03:09:19.296+0000] {dagbag.py:587} INFO - Filling up the DagBag from /home/airflow/.local/lib/python3.12/site-packages/airflow/example_dags/example_task_group_decorator.py
[2025-05-20T03:09:19.370+0000] {processor.py:925} INFO - DAG(s) 'example_task_group_decorator' retrieved from /home/airflow/.local/lib/python3.12/site-packages/airflow/example_dags/example_task_group_decorator.py
[2025-05-20T03:09:19.444+0000] {logging_mixin.py:190} INFO - [2025-05-20T03:09:19.444+0000] {dag.py:3229} INFO - Sync 1 DAGs
[2025-05-20T03:09:19.487+0000] {logging_mixin.py:190} INFO - [2025-05-20T03:09:19.487+0000] {dag.py:4156} INFO - Setting next_dagrun for example_task_group_decorator to None, run_after=None
[2025-05-20T03:09:19.529+0000] {processor.py:208} INFO - Processing /home/airflow/.local/lib/python3.12/site-packages/airflow/example_dags/example_task_group_decorator.py took 0.263 seconds
[2025-05-20T03:09:50.560+0000] {processor.py:186} INFO - Started process (PID=2017) to work on /home/airflow/.local/lib/python3.12/site-packages/airflow/example_dags/example_task_group_decorator.py
[2025-05-20T03:09:50.564+0000] {processor.py:914} INFO - Processing file /home/airflow/.local/lib/python3.12/site-packages/airflow/example_dags/example_task_group_decorator.py for tasks to queue
[2025-05-20T03:09:50.601+0000] {logging_mixin.py:190} INFO - [2025-05-20T03:09:50.597+0000] {dagbag.py:587} INFO - Filling up the DagBag from /home/airflow/.local/lib/python3.12/site-packages/airflow/example_dags/example_task_group_decorator.py
[2025-05-20T03:09:50.634+0000] {processor.py:925} INFO - DAG(s) 'example_task_group_decorator' retrieved from /home/airflow/.local/lib/python3.12/site-packages/airflow/example_dags/example_task_group_decorator.py
[2025-05-20T03:09:50.682+0000] {logging_mixin.py:190} INFO - [2025-05-20T03:09:50.681+0000] {dag.py:3229} INFO - Sync 1 DAGs
[2025-05-20T03:09:50.717+0000] {logging_mixin.py:190} INFO - [2025-05-20T03:09:50.717+0000] {dag.py:4156} INFO - Setting next_dagrun for example_task_group_decorator to None, run_after=None
[2025-05-20T03:09:50.781+0000] {processor.py:208} INFO - Processing /home/airflow/.local/lib/python3.12/site-packages/airflow/example_dags/example_task_group_decorator.py took 0.227 seconds
[2025-05-20T03:10:20.901+0000] {processor.py:186} INFO - Started process (PID=2080) to work on /home/airflow/.local/lib/python3.12/site-packages/airflow/example_dags/example_task_group_decorator.py
[2025-05-20T03:10:20.907+0000] {processor.py:914} INFO - Processing file /home/airflow/.local/lib/python3.12/site-packages/airflow/example_dags/example_task_group_decorator.py for tasks to queue
[2025-05-20T03:10:20.921+0000] {logging_mixin.py:190} INFO - [2025-05-20T03:10:20.916+0000] {dagbag.py:587} INFO - Filling up the DagBag from /home/airflow/.local/lib/python3.12/site-packages/airflow/example_dags/example_task_group_decorator.py
[2025-05-20T03:10:20.965+0000] {processor.py:925} INFO - DAG(s) 'example_task_group_decorator' retrieved from /home/airflow/.local/lib/python3.12/site-packages/airflow/example_dags/example_task_group_decorator.py
[2025-05-20T03:10:21.069+0000] {logging_mixin.py:190} INFO - [2025-05-20T03:10:21.068+0000] {dag.py:3229} INFO - Sync 1 DAGs
[2025-05-20T03:10:21.094+0000] {logging_mixin.py:190} INFO - [2025-05-20T03:10:21.094+0000] {dag.py:4156} INFO - Setting next_dagrun for example_task_group_decorator to None, run_after=None
[2025-05-20T03:10:21.162+0000] {processor.py:208} INFO - Processing /home/airflow/.local/lib/python3.12/site-packages/airflow/example_dags/example_task_group_decorator.py took 0.292 seconds
[2025-05-20T03:10:51.288+0000] {processor.py:186} INFO - Started process (PID=2143) to work on /home/airflow/.local/lib/python3.12/site-packages/airflow/example_dags/example_task_group_decorator.py
[2025-05-20T03:10:51.293+0000] {processor.py:914} INFO - Processing file /home/airflow/.local/lib/python3.12/site-packages/airflow/example_dags/example_task_group_decorator.py for tasks to queue
[2025-05-20T03:10:51.312+0000] {logging_mixin.py:190} INFO - [2025-05-20T03:10:51.308+0000] {dagbag.py:587} INFO - Filling up the DagBag from /home/airflow/.local/lib/python3.12/site-packages/airflow/example_dags/example_task_group_decorator.py
[2025-05-20T03:10:51.393+0000] {processor.py:925} INFO - DAG(s) 'example_task_group_decorator' retrieved from /home/airflow/.local/lib/python3.12/site-packages/airflow/example_dags/example_task_group_decorator.py
[2025-05-20T03:10:51.490+0000] {logging_mixin.py:190} INFO - [2025-05-20T03:10:51.489+0000] {dag.py:3229} INFO - Sync 1 DAGs
[2025-05-20T03:10:51.522+0000] {logging_mixin.py:190} INFO - [2025-05-20T03:10:51.522+0000] {dag.py:4156} INFO - Setting next_dagrun for example_task_group_decorator to None, run_after=None
[2025-05-20T03:10:51.615+0000] {processor.py:208} INFO - Processing /home/airflow/.local/lib/python3.12/site-packages/airflow/example_dags/example_task_group_decorator.py took 0.343 seconds
[2025-05-20T03:11:22.599+0000] {processor.py:186} INFO - Started process (PID=2205) to work on /home/airflow/.local/lib/python3.12/site-packages/airflow/example_dags/example_task_group_decorator.py
[2025-05-20T03:11:22.600+0000] {processor.py:914} INFO - Processing file /home/airflow/.local/lib/python3.12/site-packages/airflow/example_dags/example_task_group_decorator.py for tasks to queue
[2025-05-20T03:11:22.616+0000] {logging_mixin.py:190} INFO - [2025-05-20T03:11:22.612+0000] {dagbag.py:587} INFO - Filling up the DagBag from /home/airflow/.local/lib/python3.12/site-packages/airflow/example_dags/example_task_group_decorator.py
[2025-05-20T03:11:22.661+0000] {processor.py:925} INFO - DAG(s) 'example_task_group_decorator' retrieved from /home/airflow/.local/lib/python3.12/site-packages/airflow/example_dags/example_task_group_decorator.py
[2025-05-20T03:11:22.718+0000] {logging_mixin.py:190} INFO - [2025-05-20T03:11:22.718+0000] {dag.py:3229} INFO - Sync 1 DAGs
[2025-05-20T03:11:22.761+0000] {logging_mixin.py:190} INFO - [2025-05-20T03:11:22.761+0000] {dag.py:4156} INFO - Setting next_dagrun for example_task_group_decorator to None, run_after=None
[2025-05-20T03:11:22.857+0000] {processor.py:208} INFO - Processing /home/airflow/.local/lib/python3.12/site-packages/airflow/example_dags/example_task_group_decorator.py took 0.265 seconds
[2025-05-20T03:11:53.598+0000] {processor.py:186} INFO - Started process (PID=2268) to work on /home/airflow/.local/lib/python3.12/site-packages/airflow/example_dags/example_task_group_decorator.py
[2025-05-20T03:11:53.603+0000] {processor.py:914} INFO - Processing file /home/airflow/.local/lib/python3.12/site-packages/airflow/example_dags/example_task_group_decorator.py for tasks to queue
[2025-05-20T03:11:53.615+0000] {logging_mixin.py:190} INFO - [2025-05-20T03:11:53.615+0000] {dagbag.py:587} INFO - Filling up the DagBag from /home/airflow/.local/lib/python3.12/site-packages/airflow/example_dags/example_task_group_decorator.py
[2025-05-20T03:11:53.636+0000] {processor.py:925} INFO - DAG(s) 'example_task_group_decorator' retrieved from /home/airflow/.local/lib/python3.12/site-packages/airflow/example_dags/example_task_group_decorator.py
[2025-05-20T03:11:53.701+0000] {logging_mixin.py:190} INFO - [2025-05-20T03:11:53.700+0000] {dag.py:3229} INFO - Sync 1 DAGs
[2025-05-20T03:11:53.739+0000] {logging_mixin.py:190} INFO - [2025-05-20T03:11:53.739+0000] {dag.py:4156} INFO - Setting next_dagrun for example_task_group_decorator to None, run_after=None
[2025-05-20T03:11:53.806+0000] {processor.py:208} INFO - Processing /home/airflow/.local/lib/python3.12/site-packages/airflow/example_dags/example_task_group_decorator.py took 0.223 seconds
[2025-05-20T03:12:24.409+0000] {processor.py:186} INFO - Started process (PID=2331) to work on /home/airflow/.local/lib/python3.12/site-packages/airflow/example_dags/example_task_group_decorator.py
[2025-05-20T03:12:24.416+0000] {processor.py:914} INFO - Processing file /home/airflow/.local/lib/python3.12/site-packages/airflow/example_dags/example_task_group_decorator.py for tasks to queue
[2025-05-20T03:12:24.442+0000] {logging_mixin.py:190} INFO - [2025-05-20T03:12:24.441+0000] {dagbag.py:587} INFO - Filling up the DagBag from /home/airflow/.local/lib/python3.12/site-packages/airflow/example_dags/example_task_group_decorator.py
[2025-05-20T03:12:24.472+0000] {processor.py:925} INFO - DAG(s) 'example_task_group_decorator' retrieved from /home/airflow/.local/lib/python3.12/site-packages/airflow/example_dags/example_task_group_decorator.py
[2025-05-20T03:12:24.568+0000] {logging_mixin.py:190} INFO - [2025-05-20T03:12:24.568+0000] {dag.py:3229} INFO - Sync 1 DAGs
[2025-05-20T03:12:24.597+0000] {logging_mixin.py:190} INFO - [2025-05-20T03:12:24.597+0000] {dag.py:4156} INFO - Setting next_dagrun for example_task_group_decorator to None, run_after=None
[2025-05-20T03:12:24.662+0000] {processor.py:208} INFO - Processing /home/airflow/.local/lib/python3.12/site-packages/airflow/example_dags/example_task_group_decorator.py took 0.266 seconds
[2025-05-20T03:12:55.206+0000] {processor.py:186} INFO - Started process (PID=2394) to work on /home/airflow/.local/lib/python3.12/site-packages/airflow/example_dags/example_task_group_decorator.py
[2025-05-20T03:12:55.211+0000] {processor.py:914} INFO - Processing file /home/airflow/.local/lib/python3.12/site-packages/airflow/example_dags/example_task_group_decorator.py for tasks to queue
[2025-05-20T03:12:55.253+0000] {logging_mixin.py:190} INFO - [2025-05-20T03:12:55.249+0000] {dagbag.py:587} INFO - Filling up the DagBag from /home/airflow/.local/lib/python3.12/site-packages/airflow/example_dags/example_task_group_decorator.py
[2025-05-20T03:12:55.289+0000] {processor.py:925} INFO - DAG(s) 'example_task_group_decorator' retrieved from /home/airflow/.local/lib/python3.12/site-packages/airflow/example_dags/example_task_group_decorator.py
[2025-05-20T03:12:55.353+0000] {logging_mixin.py:190} INFO - [2025-05-20T03:12:55.353+0000] {dag.py:3229} INFO - Sync 1 DAGs
[2025-05-20T03:12:55.399+0000] {logging_mixin.py:190} INFO - [2025-05-20T03:12:55.399+0000] {dag.py:4156} INFO - Setting next_dagrun for example_task_group_decorator to None, run_after=None
[2025-05-20T03:12:55.473+0000] {processor.py:208} INFO - Processing /home/airflow/.local/lib/python3.12/site-packages/airflow/example_dags/example_task_group_decorator.py took 0.283 seconds
[2025-05-20T03:13:26.287+0000] {processor.py:186} INFO - Started process (PID=2456) to work on /home/airflow/.local/lib/python3.12/site-packages/airflow/example_dags/example_task_group_decorator.py
[2025-05-20T03:13:26.294+0000] {processor.py:914} INFO - Processing file /home/airflow/.local/lib/python3.12/site-packages/airflow/example_dags/example_task_group_decorator.py for tasks to queue
[2025-05-20T03:13:26.321+0000] {logging_mixin.py:190} INFO - [2025-05-20T03:13:26.320+0000] {dagbag.py:587} INFO - Filling up the DagBag from /home/airflow/.local/lib/python3.12/site-packages/airflow/example_dags/example_task_group_decorator.py
[2025-05-20T03:13:26.358+0000] {processor.py:925} INFO - DAG(s) 'example_task_group_decorator' retrieved from /home/airflow/.local/lib/python3.12/site-packages/airflow/example_dags/example_task_group_decorator.py
[2025-05-20T03:13:26.423+0000] {logging_mixin.py:190} INFO - [2025-05-20T03:13:26.423+0000] {dag.py:3229} INFO - Sync 1 DAGs
[2025-05-20T03:13:26.470+0000] {logging_mixin.py:190} INFO - [2025-05-20T03:13:26.470+0000] {dag.py:4156} INFO - Setting next_dagrun for example_task_group_decorator to None, run_after=None
[2025-05-20T03:13:26.564+0000] {processor.py:208} INFO - Processing /home/airflow/.local/lib/python3.12/site-packages/airflow/example_dags/example_task_group_decorator.py took 0.289 seconds
[2025-05-20T03:13:56.779+0000] {processor.py:186} INFO - Started process (PID=2520) to work on /home/airflow/.local/lib/python3.12/site-packages/airflow/example_dags/example_task_group_decorator.py
[2025-05-20T03:13:56.781+0000] {processor.py:914} INFO - Processing file /home/airflow/.local/lib/python3.12/site-packages/airflow/example_dags/example_task_group_decorator.py for tasks to queue
[2025-05-20T03:13:56.798+0000] {logging_mixin.py:190} INFO - [2025-05-20T03:13:56.798+0000] {dagbag.py:587} INFO - Filling up the DagBag from /home/airflow/.local/lib/python3.12/site-packages/airflow/example_dags/example_task_group_decorator.py
[2025-05-20T03:13:56.833+0000] {processor.py:925} INFO - DAG(s) 'example_task_group_decorator' retrieved from /home/airflow/.local/lib/python3.12/site-packages/airflow/example_dags/example_task_group_decorator.py
[2025-05-20T03:13:56.926+0000] {logging_mixin.py:190} INFO - [2025-05-20T03:13:56.926+0000] {dag.py:3229} INFO - Sync 1 DAGs
[2025-05-20T03:13:56.991+0000] {logging_mixin.py:190} INFO - [2025-05-20T03:13:56.991+0000] {dag.py:4156} INFO - Setting next_dagrun for example_task_group_decorator to None, run_after=None
[2025-05-20T03:13:57.091+0000] {processor.py:208} INFO - Processing /home/airflow/.local/lib/python3.12/site-packages/airflow/example_dags/example_task_group_decorator.py took 0.330 seconds
[2025-05-20T03:14:27.432+0000] {processor.py:186} INFO - Started process (PID=2583) to work on /home/airflow/.local/lib/python3.12/site-packages/airflow/example_dags/example_task_group_decorator.py
[2025-05-20T03:14:27.436+0000] {processor.py:914} INFO - Processing file /home/airflow/.local/lib/python3.12/site-packages/airflow/example_dags/example_task_group_decorator.py for tasks to queue
[2025-05-20T03:14:27.466+0000] {logging_mixin.py:190} INFO - [2025-05-20T03:14:27.466+0000] {dagbag.py:587} INFO - Filling up the DagBag from /home/airflow/.local/lib/python3.12/site-packages/airflow/example_dags/example_task_group_decorator.py
[2025-05-20T03:14:27.499+0000] {processor.py:925} INFO - DAG(s) 'example_task_group_decorator' retrieved from /home/airflow/.local/lib/python3.12/site-packages/airflow/example_dags/example_task_group_decorator.py
[2025-05-20T03:14:27.586+0000] {logging_mixin.py:190} INFO - [2025-05-20T03:14:27.586+0000] {dag.py:3229} INFO - Sync 1 DAGs
[2025-05-20T03:14:27.645+0000] {logging_mixin.py:190} INFO - [2025-05-20T03:14:27.645+0000] {dag.py:4156} INFO - Setting next_dagrun for example_task_group_decorator to None, run_after=None
[2025-05-20T03:14:27.734+0000] {processor.py:208} INFO - Processing /home/airflow/.local/lib/python3.12/site-packages/airflow/example_dags/example_task_group_decorator.py took 0.314 seconds
[2025-05-20T03:14:58.424+0000] {processor.py:186} INFO - Started process (PID=2652) to work on /home/airflow/.local/lib/python3.12/site-packages/airflow/example_dags/example_task_group_decorator.py
[2025-05-20T03:14:58.432+0000] {processor.py:914} INFO - Processing file /home/airflow/.local/lib/python3.12/site-packages/airflow/example_dags/example_task_group_decorator.py for tasks to queue
[2025-05-20T03:14:58.465+0000] {logging_mixin.py:190} INFO - [2025-05-20T03:14:58.463+0000] {dagbag.py:587} INFO - Filling up the DagBag from /home/airflow/.local/lib/python3.12/site-packages/airflow/example_dags/example_task_group_decorator.py
[2025-05-20T03:14:58.529+0000] {processor.py:925} INFO - DAG(s) 'example_task_group_decorator' retrieved from /home/airflow/.local/lib/python3.12/site-packages/airflow/example_dags/example_task_group_decorator.py
[2025-05-20T03:14:58.630+0000] {logging_mixin.py:190} INFO - [2025-05-20T03:14:58.629+0000] {dag.py:3229} INFO - Sync 1 DAGs
[2025-05-20T03:14:58.677+0000] {logging_mixin.py:190} INFO - [2025-05-20T03:14:58.677+0000] {dag.py:4156} INFO - Setting next_dagrun for example_task_group_decorator to None, run_after=None
[2025-05-20T03:14:58.784+0000] {processor.py:208} INFO - Processing /home/airflow/.local/lib/python3.12/site-packages/airflow/example_dags/example_task_group_decorator.py took 0.367 seconds
[2025-05-20T03:15:29.237+0000] {processor.py:186} INFO - Started process (PID=2715) to work on /home/airflow/.local/lib/python3.12/site-packages/airflow/example_dags/example_task_group_decorator.py
[2025-05-20T03:15:29.240+0000] {processor.py:914} INFO - Processing file /home/airflow/.local/lib/python3.12/site-packages/airflow/example_dags/example_task_group_decorator.py for tasks to queue
[2025-05-20T03:15:29.252+0000] {logging_mixin.py:190} INFO - [2025-05-20T03:15:29.252+0000] {dagbag.py:587} INFO - Filling up the DagBag from /home/airflow/.local/lib/python3.12/site-packages/airflow/example_dags/example_task_group_decorator.py
[2025-05-20T03:15:29.285+0000] {processor.py:925} INFO - DAG(s) 'example_task_group_decorator' retrieved from /home/airflow/.local/lib/python3.12/site-packages/airflow/example_dags/example_task_group_decorator.py
[2025-05-20T03:15:29.387+0000] {logging_mixin.py:190} INFO - [2025-05-20T03:15:29.387+0000] {dag.py:3229} INFO - Sync 1 DAGs
[2025-05-20T03:15:29.410+0000] {logging_mixin.py:190} INFO - [2025-05-20T03:15:29.409+0000] {dag.py:4156} INFO - Setting next_dagrun for example_task_group_decorator to None, run_after=None
[2025-05-20T03:15:29.483+0000] {processor.py:208} INFO - Processing /home/airflow/.local/lib/python3.12/site-packages/airflow/example_dags/example_task_group_decorator.py took 0.260 seconds
[2025-05-20T03:15:59.903+0000] {processor.py:186} INFO - Started process (PID=2778) to work on /home/airflow/.local/lib/python3.12/site-packages/airflow/example_dags/example_task_group_decorator.py
[2025-05-20T03:15:59.914+0000] {processor.py:914} INFO - Processing file /home/airflow/.local/lib/python3.12/site-packages/airflow/example_dags/example_task_group_decorator.py for tasks to queue
[2025-05-20T03:15:59.929+0000] {logging_mixin.py:190} INFO - [2025-05-20T03:15:59.927+0000] {dagbag.py:587} INFO - Filling up the DagBag from /home/airflow/.local/lib/python3.12/site-packages/airflow/example_dags/example_task_group_decorator.py
[2025-05-20T03:15:59.977+0000] {processor.py:925} INFO - DAG(s) 'example_task_group_decorator' retrieved from /home/airflow/.local/lib/python3.12/site-packages/airflow/example_dags/example_task_group_decorator.py
[2025-05-20T03:16:00.079+0000] {logging_mixin.py:190} INFO - [2025-05-20T03:16:00.079+0000] {dag.py:3229} INFO - Sync 1 DAGs
[2025-05-20T03:16:00.128+0000] {logging_mixin.py:190} INFO - [2025-05-20T03:16:00.128+0000] {dag.py:4156} INFO - Setting next_dagrun for example_task_group_decorator to None, run_after=None
[2025-05-20T03:16:00.194+0000] {processor.py:208} INFO - Processing /home/airflow/.local/lib/python3.12/site-packages/airflow/example_dags/example_task_group_decorator.py took 0.303 seconds
[2025-05-20T03:16:30.590+0000] {processor.py:186} INFO - Started process (PID=2841) to work on /home/airflow/.local/lib/python3.12/site-packages/airflow/example_dags/example_task_group_decorator.py
[2025-05-20T03:16:30.593+0000] {processor.py:914} INFO - Processing file /home/airflow/.local/lib/python3.12/site-packages/airflow/example_dags/example_task_group_decorator.py for tasks to queue
[2025-05-20T03:16:30.614+0000] {logging_mixin.py:190} INFO - [2025-05-20T03:16:30.606+0000] {dagbag.py:587} INFO - Filling up the DagBag from /home/airflow/.local/lib/python3.12/site-packages/airflow/example_dags/example_task_group_decorator.py
[2025-05-20T03:16:30.669+0000] {processor.py:925} INFO - DAG(s) 'example_task_group_decorator' retrieved from /home/airflow/.local/lib/python3.12/site-packages/airflow/example_dags/example_task_group_decorator.py
[2025-05-20T03:16:30.755+0000] {logging_mixin.py:190} INFO - [2025-05-20T03:16:30.754+0000] {dag.py:3229} INFO - Sync 1 DAGs
[2025-05-20T03:16:30.809+0000] {logging_mixin.py:190} INFO - [2025-05-20T03:16:30.809+0000] {dag.py:4156} INFO - Setting next_dagrun for example_task_group_decorator to None, run_after=None
[2025-05-20T03:16:30.881+0000] {processor.py:208} INFO - Processing /home/airflow/.local/lib/python3.12/site-packages/airflow/example_dags/example_task_group_decorator.py took 0.318 seconds
[2025-05-20T03:17:01.000+0000] {processor.py:186} INFO - Started process (PID=2904) to work on /home/airflow/.local/lib/python3.12/site-packages/airflow/example_dags/example_task_group_decorator.py
[2025-05-20T03:17:01.004+0000] {processor.py:914} INFO - Processing file /home/airflow/.local/lib/python3.12/site-packages/airflow/example_dags/example_task_group_decorator.py for tasks to queue
[2025-05-20T03:17:01.042+0000] {logging_mixin.py:190} INFO - [2025-05-20T03:17:01.036+0000] {dagbag.py:587} INFO - Filling up the DagBag from /home/airflow/.local/lib/python3.12/site-packages/airflow/example_dags/example_task_group_decorator.py
[2025-05-20T03:17:01.071+0000] {processor.py:925} INFO - DAG(s) 'example_task_group_decorator' retrieved from /home/airflow/.local/lib/python3.12/site-packages/airflow/example_dags/example_task_group_decorator.py
[2025-05-20T03:17:01.149+0000] {logging_mixin.py:190} INFO - [2025-05-20T03:17:01.148+0000] {dag.py:3229} INFO - Sync 1 DAGs
[2025-05-20T03:17:01.231+0000] {logging_mixin.py:190} INFO - [2025-05-20T03:17:01.231+0000] {dag.py:4156} INFO - Setting next_dagrun for example_task_group_decorator to None, run_after=None
[2025-05-20T03:17:01.300+0000] {processor.py:208} INFO - Processing /home/airflow/.local/lib/python3.12/site-packages/airflow/example_dags/example_task_group_decorator.py took 0.311 seconds
[2025-05-20T03:17:31.612+0000] {processor.py:186} INFO - Started process (PID=2967) to work on /home/airflow/.local/lib/python3.12/site-packages/airflow/example_dags/example_task_group_decorator.py
[2025-05-20T03:17:31.618+0000] {processor.py:914} INFO - Processing file /home/airflow/.local/lib/python3.12/site-packages/airflow/example_dags/example_task_group_decorator.py for tasks to queue
[2025-05-20T03:17:31.637+0000] {logging_mixin.py:190} INFO - [2025-05-20T03:17:31.632+0000] {dagbag.py:587} INFO - Filling up the DagBag from /home/airflow/.local/lib/python3.12/site-packages/airflow/example_dags/example_task_group_decorator.py
[2025-05-20T03:17:31.678+0000] {processor.py:925} INFO - DAG(s) 'example_task_group_decorator' retrieved from /home/airflow/.local/lib/python3.12/site-packages/airflow/example_dags/example_task_group_decorator.py
[2025-05-20T03:17:31.770+0000] {logging_mixin.py:190} INFO - [2025-05-20T03:17:31.770+0000] {dag.py:3229} INFO - Sync 1 DAGs
[2025-05-20T03:17:31.810+0000] {logging_mixin.py:190} INFO - [2025-05-20T03:17:31.810+0000] {dag.py:4156} INFO - Setting next_dagrun for example_task_group_decorator to None, run_after=None
[2025-05-20T03:17:31.892+0000] {processor.py:208} INFO - Processing /home/airflow/.local/lib/python3.12/site-packages/airflow/example_dags/example_task_group_decorator.py took 0.296 seconds
[2025-05-20T03:18:02.071+0000] {processor.py:186} INFO - Started process (PID=3029) to work on /home/airflow/.local/lib/python3.12/site-packages/airflow/example_dags/example_task_group_decorator.py
[2025-05-20T03:18:02.075+0000] {processor.py:914} INFO - Processing file /home/airflow/.local/lib/python3.12/site-packages/airflow/example_dags/example_task_group_decorator.py for tasks to queue
[2025-05-20T03:18:02.102+0000] {logging_mixin.py:190} INFO - [2025-05-20T03:18:02.102+0000] {dagbag.py:587} INFO - Filling up the DagBag from /home/airflow/.local/lib/python3.12/site-packages/airflow/example_dags/example_task_group_decorator.py
[2025-05-20T03:18:02.140+0000] {processor.py:925} INFO - DAG(s) 'example_task_group_decorator' retrieved from /home/airflow/.local/lib/python3.12/site-packages/airflow/example_dags/example_task_group_decorator.py
[2025-05-20T03:18:02.197+0000] {logging_mixin.py:190} INFO - [2025-05-20T03:18:02.197+0000] {dag.py:3229} INFO - Sync 1 DAGs
[2025-05-20T03:18:02.222+0000] {logging_mixin.py:190} INFO - [2025-05-20T03:18:02.222+0000] {dag.py:4156} INFO - Setting next_dagrun for example_task_group_decorator to None, run_after=None
[2025-05-20T03:18:02.295+0000] {processor.py:208} INFO - Processing /home/airflow/.local/lib/python3.12/site-packages/airflow/example_dags/example_task_group_decorator.py took 0.231 seconds
[2025-05-20T03:18:32.479+0000] {processor.py:186} INFO - Started process (PID=3092) to work on /home/airflow/.local/lib/python3.12/site-packages/airflow/example_dags/example_task_group_decorator.py
[2025-05-20T03:18:32.481+0000] {processor.py:914} INFO - Processing file /home/airflow/.local/lib/python3.12/site-packages/airflow/example_dags/example_task_group_decorator.py for tasks to queue
[2025-05-20T03:18:32.490+0000] {logging_mixin.py:190} INFO - [2025-05-20T03:18:32.490+0000] {dagbag.py:587} INFO - Filling up the DagBag from /home/airflow/.local/lib/python3.12/site-packages/airflow/example_dags/example_task_group_decorator.py
[2025-05-20T03:18:32.525+0000] {processor.py:925} INFO - DAG(s) 'example_task_group_decorator' retrieved from /home/airflow/.local/lib/python3.12/site-packages/airflow/example_dags/example_task_group_decorator.py
[2025-05-20T03:18:32.604+0000] {logging_mixin.py:190} INFO - [2025-05-20T03:18:32.604+0000] {dag.py:3229} INFO - Sync 1 DAGs
[2025-05-20T03:18:32.647+0000] {logging_mixin.py:190} INFO - [2025-05-20T03:18:32.647+0000] {dag.py:4156} INFO - Setting next_dagrun for example_task_group_decorator to None, run_after=None
[2025-05-20T03:18:32.704+0000] {processor.py:208} INFO - Processing /home/airflow/.local/lib/python3.12/site-packages/airflow/example_dags/example_task_group_decorator.py took 0.235 seconds
[2025-05-20T03:19:03.411+0000] {processor.py:186} INFO - Started process (PID=3154) to work on /home/airflow/.local/lib/python3.12/site-packages/airflow/example_dags/example_task_group_decorator.py
[2025-05-20T03:19:03.412+0000] {processor.py:914} INFO - Processing file /home/airflow/.local/lib/python3.12/site-packages/airflow/example_dags/example_task_group_decorator.py for tasks to queue
[2025-05-20T03:19:03.422+0000] {logging_mixin.py:190} INFO - [2025-05-20T03:19:03.421+0000] {dagbag.py:587} INFO - Filling up the DagBag from /home/airflow/.local/lib/python3.12/site-packages/airflow/example_dags/example_task_group_decorator.py
[2025-05-20T03:19:03.445+0000] {processor.py:925} INFO - DAG(s) 'example_task_group_decorator' retrieved from /home/airflow/.local/lib/python3.12/site-packages/airflow/example_dags/example_task_group_decorator.py
[2025-05-20T03:19:03.531+0000] {logging_mixin.py:190} INFO - [2025-05-20T03:19:03.531+0000] {dag.py:3229} INFO - Sync 1 DAGs
[2025-05-20T03:19:03.548+0000] {logging_mixin.py:190} INFO - [2025-05-20T03:19:03.548+0000] {dag.py:4156} INFO - Setting next_dagrun for example_task_group_decorator to None, run_after=None
[2025-05-20T03:19:03.606+0000] {processor.py:208} INFO - Processing /home/airflow/.local/lib/python3.12/site-packages/airflow/example_dags/example_task_group_decorator.py took 0.202 seconds
[2025-05-20T03:19:34.166+0000] {processor.py:186} INFO - Started process (PID=3216) to work on /home/airflow/.local/lib/python3.12/site-packages/airflow/example_dags/example_task_group_decorator.py
[2025-05-20T03:19:34.169+0000] {processor.py:914} INFO - Processing file /home/airflow/.local/lib/python3.12/site-packages/airflow/example_dags/example_task_group_decorator.py for tasks to queue
[2025-05-20T03:19:34.182+0000] {logging_mixin.py:190} INFO - [2025-05-20T03:19:34.178+0000] {dagbag.py:587} INFO - Filling up the DagBag from /home/airflow/.local/lib/python3.12/site-packages/airflow/example_dags/example_task_group_decorator.py
[2025-05-20T03:19:34.196+0000] {processor.py:925} INFO - DAG(s) 'example_task_group_decorator' retrieved from /home/airflow/.local/lib/python3.12/site-packages/airflow/example_dags/example_task_group_decorator.py
[2025-05-20T03:19:34.266+0000] {logging_mixin.py:190} INFO - [2025-05-20T03:19:34.264+0000] {dag.py:3229} INFO - Sync 1 DAGs
[2025-05-20T03:19:34.491+0000] {logging_mixin.py:190} INFO - [2025-05-20T03:19:34.490+0000] {dag.py:4156} INFO - Setting next_dagrun for example_task_group_decorator to None, run_after=None
[2025-05-20T03:19:34.551+0000] {processor.py:208} INFO - Processing /home/airflow/.local/lib/python3.12/site-packages/airflow/example_dags/example_task_group_decorator.py took 0.396 seconds
[2025-05-20T03:20:05.516+0000] {processor.py:186} INFO - Started process (PID=3279) to work on /home/airflow/.local/lib/python3.12/site-packages/airflow/example_dags/example_task_group_decorator.py
[2025-05-20T03:20:05.519+0000] {processor.py:914} INFO - Processing file /home/airflow/.local/lib/python3.12/site-packages/airflow/example_dags/example_task_group_decorator.py for tasks to queue
[2025-05-20T03:20:05.525+0000] {logging_mixin.py:190} INFO - [2025-05-20T03:20:05.523+0000] {dagbag.py:587} INFO - Filling up the DagBag from /home/airflow/.local/lib/python3.12/site-packages/airflow/example_dags/example_task_group_decorator.py
[2025-05-20T03:20:05.575+0000] {processor.py:925} INFO - DAG(s) 'example_task_group_decorator' retrieved from /home/airflow/.local/lib/python3.12/site-packages/airflow/example_dags/example_task_group_decorator.py
[2025-05-20T03:20:05.663+0000] {logging_mixin.py:190} INFO - [2025-05-20T03:20:05.660+0000] {dag.py:3229} INFO - Sync 1 DAGs
[2025-05-20T03:20:05.686+0000] {logging_mixin.py:190} INFO - [2025-05-20T03:20:05.686+0000] {dag.py:4156} INFO - Setting next_dagrun for example_task_group_decorator to None, run_after=None
[2025-05-20T03:20:05.755+0000] {processor.py:208} INFO - Processing /home/airflow/.local/lib/python3.12/site-packages/airflow/example_dags/example_task_group_decorator.py took 0.243 seconds
[2025-05-20T03:20:36.444+0000] {processor.py:186} INFO - Started process (PID=3341) to work on /home/airflow/.local/lib/python3.12/site-packages/airflow/example_dags/example_task_group_decorator.py
[2025-05-20T03:20:36.446+0000] {processor.py:914} INFO - Processing file /home/airflow/.local/lib/python3.12/site-packages/airflow/example_dags/example_task_group_decorator.py for tasks to queue
[2025-05-20T03:20:36.452+0000] {logging_mixin.py:190} INFO - [2025-05-20T03:20:36.452+0000] {dagbag.py:587} INFO - Filling up the DagBag from /home/airflow/.local/lib/python3.12/site-packages/airflow/example_dags/example_task_group_decorator.py
[2025-05-20T03:20:36.486+0000] {processor.py:925} INFO - DAG(s) 'example_task_group_decorator' retrieved from /home/airflow/.local/lib/python3.12/site-packages/airflow/example_dags/example_task_group_decorator.py
[2025-05-20T03:20:36.589+0000] {logging_mixin.py:190} INFO - [2025-05-20T03:20:36.588+0000] {dag.py:3229} INFO - Sync 1 DAGs
[2025-05-20T03:20:36.605+0000] {logging_mixin.py:190} INFO - [2025-05-20T03:20:36.604+0000] {dag.py:4156} INFO - Setting next_dagrun for example_task_group_decorator to None, run_after=None
[2025-05-20T03:20:36.687+0000] {processor.py:208} INFO - Processing /home/airflow/.local/lib/python3.12/site-packages/airflow/example_dags/example_task_group_decorator.py took 0.250 seconds
[2025-05-20T03:21:07.594+0000] {processor.py:186} INFO - Started process (PID=3404) to work on /home/airflow/.local/lib/python3.12/site-packages/airflow/example_dags/example_task_group_decorator.py
[2025-05-20T03:21:07.596+0000] {processor.py:914} INFO - Processing file /home/airflow/.local/lib/python3.12/site-packages/airflow/example_dags/example_task_group_decorator.py for tasks to queue
[2025-05-20T03:21:07.611+0000] {logging_mixin.py:190} INFO - [2025-05-20T03:21:07.611+0000] {dagbag.py:587} INFO - Filling up the DagBag from /home/airflow/.local/lib/python3.12/site-packages/airflow/example_dags/example_task_group_decorator.py
[2025-05-20T03:21:07.635+0000] {processor.py:925} INFO - DAG(s) 'example_task_group_decorator' retrieved from /home/airflow/.local/lib/python3.12/site-packages/airflow/example_dags/example_task_group_decorator.py
[2025-05-20T03:21:07.716+0000] {logging_mixin.py:190} INFO - [2025-05-20T03:21:07.716+0000] {dag.py:3229} INFO - Sync 1 DAGs
[2025-05-20T03:21:07.762+0000] {logging_mixin.py:190} INFO - [2025-05-20T03:21:07.760+0000] {dag.py:4156} INFO - Setting next_dagrun for example_task_group_decorator to None, run_after=None
[2025-05-20T03:21:07.808+0000] {processor.py:208} INFO - Processing /home/airflow/.local/lib/python3.12/site-packages/airflow/example_dags/example_task_group_decorator.py took 0.220 seconds
[2025-05-20T03:21:37.912+0000] {processor.py:186} INFO - Started process (PID=3467) to work on /home/airflow/.local/lib/python3.12/site-packages/airflow/example_dags/example_task_group_decorator.py
[2025-05-20T03:21:37.915+0000] {processor.py:914} INFO - Processing file /home/airflow/.local/lib/python3.12/site-packages/airflow/example_dags/example_task_group_decorator.py for tasks to queue
[2025-05-20T03:21:37.926+0000] {logging_mixin.py:190} INFO - [2025-05-20T03:21:37.926+0000] {dagbag.py:587} INFO - Filling up the DagBag from /home/airflow/.local/lib/python3.12/site-packages/airflow/example_dags/example_task_group_decorator.py
[2025-05-20T03:21:37.967+0000] {processor.py:925} INFO - DAG(s) 'example_task_group_decorator' retrieved from /home/airflow/.local/lib/python3.12/site-packages/airflow/example_dags/example_task_group_decorator.py
[2025-05-20T03:21:38.040+0000] {logging_mixin.py:190} INFO - [2025-05-20T03:21:38.039+0000] {dag.py:3229} INFO - Sync 1 DAGs
[2025-05-20T03:21:38.071+0000] {logging_mixin.py:190} INFO - [2025-05-20T03:21:38.071+0000] {dag.py:4156} INFO - Setting next_dagrun for example_task_group_decorator to None, run_after=None
[2025-05-20T03:21:38.126+0000] {processor.py:208} INFO - Processing /home/airflow/.local/lib/python3.12/site-packages/airflow/example_dags/example_task_group_decorator.py took 0.228 seconds
[2025-05-20T03:22:08.545+0000] {processor.py:186} INFO - Started process (PID=3530) to work on /home/airflow/.local/lib/python3.12/site-packages/airflow/example_dags/example_task_group_decorator.py
[2025-05-20T03:22:08.547+0000] {processor.py:914} INFO - Processing file /home/airflow/.local/lib/python3.12/site-packages/airflow/example_dags/example_task_group_decorator.py for tasks to queue
[2025-05-20T03:22:08.567+0000] {logging_mixin.py:190} INFO - [2025-05-20T03:22:08.565+0000] {dagbag.py:587} INFO - Filling up the DagBag from /home/airflow/.local/lib/python3.12/site-packages/airflow/example_dags/example_task_group_decorator.py
[2025-05-20T03:22:08.620+0000] {processor.py:925} INFO - DAG(s) 'example_task_group_decorator' retrieved from /home/airflow/.local/lib/python3.12/site-packages/airflow/example_dags/example_task_group_decorator.py
[2025-05-20T03:22:08.696+0000] {logging_mixin.py:190} INFO - [2025-05-20T03:22:08.695+0000] {dag.py:3229} INFO - Sync 1 DAGs
[2025-05-20T03:22:08.730+0000] {logging_mixin.py:190} INFO - [2025-05-20T03:22:08.730+0000] {dag.py:4156} INFO - Setting next_dagrun for example_task_group_decorator to None, run_after=None
[2025-05-20T03:22:08.787+0000] {processor.py:208} INFO - Processing /home/airflow/.local/lib/python3.12/site-packages/airflow/example_dags/example_task_group_decorator.py took 0.250 seconds
[2025-05-20T03:22:39.485+0000] {processor.py:186} INFO - Started process (PID=3593) to work on /home/airflow/.local/lib/python3.12/site-packages/airflow/example_dags/example_task_group_decorator.py
[2025-05-20T03:22:39.487+0000] {processor.py:914} INFO - Processing file /home/airflow/.local/lib/python3.12/site-packages/airflow/example_dags/example_task_group_decorator.py for tasks to queue
[2025-05-20T03:22:39.492+0000] {logging_mixin.py:190} INFO - [2025-05-20T03:22:39.490+0000] {dagbag.py:587} INFO - Filling up the DagBag from /home/airflow/.local/lib/python3.12/site-packages/airflow/example_dags/example_task_group_decorator.py
[2025-05-20T03:22:39.523+0000] {processor.py:925} INFO - DAG(s) 'example_task_group_decorator' retrieved from /home/airflow/.local/lib/python3.12/site-packages/airflow/example_dags/example_task_group_decorator.py
[2025-05-20T03:22:39.586+0000] {logging_mixin.py:190} INFO - [2025-05-20T03:22:39.581+0000] {dag.py:3229} INFO - Sync 1 DAGs
[2025-05-20T03:22:39.625+0000] {logging_mixin.py:190} INFO - [2025-05-20T03:22:39.625+0000] {dag.py:4156} INFO - Setting next_dagrun for example_task_group_decorator to None, run_after=None
[2025-05-20T03:22:39.682+0000] {processor.py:208} INFO - Processing /home/airflow/.local/lib/python3.12/site-packages/airflow/example_dags/example_task_group_decorator.py took 0.202 seconds
[2025-05-20T03:23:10.353+0000] {processor.py:186} INFO - Started process (PID=3655) to work on /home/airflow/.local/lib/python3.12/site-packages/airflow/example_dags/example_task_group_decorator.py
[2025-05-20T03:23:10.354+0000] {processor.py:914} INFO - Processing file /home/airflow/.local/lib/python3.12/site-packages/airflow/example_dags/example_task_group_decorator.py for tasks to queue
[2025-05-20T03:23:10.357+0000] {logging_mixin.py:190} INFO - [2025-05-20T03:23:10.357+0000] {dagbag.py:587} INFO - Filling up the DagBag from /home/airflow/.local/lib/python3.12/site-packages/airflow/example_dags/example_task_group_decorator.py
[2025-05-20T03:23:10.408+0000] {processor.py:925} INFO - DAG(s) 'example_task_group_decorator' retrieved from /home/airflow/.local/lib/python3.12/site-packages/airflow/example_dags/example_task_group_decorator.py
[2025-05-20T03:23:10.467+0000] {logging_mixin.py:190} INFO - [2025-05-20T03:23:10.467+0000] {dag.py:3229} INFO - Sync 1 DAGs
[2025-05-20T03:23:10.502+0000] {logging_mixin.py:190} INFO - [2025-05-20T03:23:10.501+0000] {dag.py:4156} INFO - Setting next_dagrun for example_task_group_decorator to None, run_after=None
[2025-05-20T03:23:10.610+0000] {processor.py:208} INFO - Processing /home/airflow/.local/lib/python3.12/site-packages/airflow/example_dags/example_task_group_decorator.py took 0.254 seconds
[2025-05-20T03:23:40.857+0000] {processor.py:186} INFO - Started process (PID=3718) to work on /home/airflow/.local/lib/python3.12/site-packages/airflow/example_dags/example_task_group_decorator.py
[2025-05-20T03:23:40.860+0000] {processor.py:914} INFO - Processing file /home/airflow/.local/lib/python3.12/site-packages/airflow/example_dags/example_task_group_decorator.py for tasks to queue
[2025-05-20T03:23:40.880+0000] {logging_mixin.py:190} INFO - [2025-05-20T03:23:40.879+0000] {dagbag.py:587} INFO - Filling up the DagBag from /home/airflow/.local/lib/python3.12/site-packages/airflow/example_dags/example_task_group_decorator.py
[2025-05-20T03:23:40.916+0000] {processor.py:925} INFO - DAG(s) 'example_task_group_decorator' retrieved from /home/airflow/.local/lib/python3.12/site-packages/airflow/example_dags/example_task_group_decorator.py
[2025-05-20T03:23:40.992+0000] {logging_mixin.py:190} INFO - [2025-05-20T03:23:40.991+0000] {dag.py:3229} INFO - Sync 1 DAGs
[2025-05-20T03:23:41.037+0000] {logging_mixin.py:190} INFO - [2025-05-20T03:23:41.037+0000] {dag.py:4156} INFO - Setting next_dagrun for example_task_group_decorator to None, run_after=None
[2025-05-20T03:23:41.107+0000] {processor.py:208} INFO - Processing /home/airflow/.local/lib/python3.12/site-packages/airflow/example_dags/example_task_group_decorator.py took 0.257 seconds
[2025-05-20T03:24:11.697+0000] {processor.py:186} INFO - Started process (PID=3781) to work on /home/airflow/.local/lib/python3.12/site-packages/airflow/example_dags/example_task_group_decorator.py
[2025-05-20T03:24:11.698+0000] {processor.py:914} INFO - Processing file /home/airflow/.local/lib/python3.12/site-packages/airflow/example_dags/example_task_group_decorator.py for tasks to queue
[2025-05-20T03:24:11.718+0000] {logging_mixin.py:190} INFO - [2025-05-20T03:24:11.714+0000] {dagbag.py:587} INFO - Filling up the DagBag from /home/airflow/.local/lib/python3.12/site-packages/airflow/example_dags/example_task_group_decorator.py
[2025-05-20T03:24:11.753+0000] {processor.py:925} INFO - DAG(s) 'example_task_group_decorator' retrieved from /home/airflow/.local/lib/python3.12/site-packages/airflow/example_dags/example_task_group_decorator.py
[2025-05-20T03:24:11.805+0000] {logging_mixin.py:190} INFO - [2025-05-20T03:24:11.805+0000] {dag.py:3229} INFO - Sync 1 DAGs
[2025-05-20T03:24:11.845+0000] {logging_mixin.py:190} INFO - [2025-05-20T03:24:11.845+0000] {dag.py:4156} INFO - Setting next_dagrun for example_task_group_decorator to None, run_after=None
[2025-05-20T03:24:11.911+0000] {processor.py:208} INFO - Processing /home/airflow/.local/lib/python3.12/site-packages/airflow/example_dags/example_task_group_decorator.py took 0.222 seconds
[2025-05-20T03:24:42.665+0000] {processor.py:186} INFO - Started process (PID=3843) to work on /home/airflow/.local/lib/python3.12/site-packages/airflow/example_dags/example_task_group_decorator.py
[2025-05-20T03:24:42.669+0000] {processor.py:914} INFO - Processing file /home/airflow/.local/lib/python3.12/site-packages/airflow/example_dags/example_task_group_decorator.py for tasks to queue
[2025-05-20T03:24:42.684+0000] {logging_mixin.py:190} INFO - [2025-05-20T03:24:42.684+0000] {dagbag.py:587} INFO - Filling up the DagBag from /home/airflow/.local/lib/python3.12/site-packages/airflow/example_dags/example_task_group_decorator.py
[2025-05-20T03:24:42.718+0000] {processor.py:925} INFO - DAG(s) 'example_task_group_decorator' retrieved from /home/airflow/.local/lib/python3.12/site-packages/airflow/example_dags/example_task_group_decorator.py
[2025-05-20T03:24:42.801+0000] {logging_mixin.py:190} INFO - [2025-05-20T03:24:42.798+0000] {dag.py:3229} INFO - Sync 1 DAGs
[2025-05-20T03:24:42.836+0000] {logging_mixin.py:190} INFO - [2025-05-20T03:24:42.836+0000] {dag.py:4156} INFO - Setting next_dagrun for example_task_group_decorator to None, run_after=None
[2025-05-20T03:24:42.909+0000] {processor.py:208} INFO - Processing /home/airflow/.local/lib/python3.12/site-packages/airflow/example_dags/example_task_group_decorator.py took 0.259 seconds
[2025-05-20T03:25:12.992+0000] {processor.py:186} INFO - Started process (PID=3905) to work on /home/airflow/.local/lib/python3.12/site-packages/airflow/example_dags/example_task_group_decorator.py
[2025-05-20T03:25:12.995+0000] {processor.py:914} INFO - Processing file /home/airflow/.local/lib/python3.12/site-packages/airflow/example_dags/example_task_group_decorator.py for tasks to queue
[2025-05-20T03:25:13.007+0000] {logging_mixin.py:190} INFO - [2025-05-20T03:25:13.004+0000] {dagbag.py:587} INFO - Filling up the DagBag from /home/airflow/.local/lib/python3.12/site-packages/airflow/example_dags/example_task_group_decorator.py
[2025-05-20T03:25:13.057+0000] {processor.py:925} INFO - DAG(s) 'example_task_group_decorator' retrieved from /home/airflow/.local/lib/python3.12/site-packages/airflow/example_dags/example_task_group_decorator.py
[2025-05-20T03:25:13.126+0000] {logging_mixin.py:190} INFO - [2025-05-20T03:25:13.125+0000] {dag.py:3229} INFO - Sync 1 DAGs
[2025-05-20T03:25:13.149+0000] {logging_mixin.py:190} INFO - [2025-05-20T03:25:13.148+0000] {dag.py:4156} INFO - Setting next_dagrun for example_task_group_decorator to None, run_after=None
[2025-05-20T03:25:13.263+0000] {processor.py:208} INFO - Processing /home/airflow/.local/lib/python3.12/site-packages/airflow/example_dags/example_task_group_decorator.py took 0.279 seconds
