[2025-05-20T02:50:52.166+0000] {processor.py:186} INFO - Started process (PID=79) to work on /home/airflow/.local/lib/python3.12/site-packages/airflow/example_dags/example_trigger_target_dag.py
[2025-05-20T02:50:52.167+0000] {processor.py:914} INFO - Processing file /home/airflow/.local/lib/python3.12/site-packages/airflow/example_dags/example_trigger_target_dag.py for tasks to queue
[2025-05-20T02:50:52.172+0000] {logging_mixin.py:190} INFO - [2025-05-20T02:50:52.171+0000] {dagbag.py:587} INFO - Filling up the DagBag from /home/airflow/.local/lib/python3.12/site-packages/airflow/example_dags/example_trigger_target_dag.py
[2025-05-20T02:50:52.212+0000] {processor.py:925} INFO - DAG(s) 'example_trigger_target_dag' retrieved from /home/airflow/.local/lib/python3.12/site-packages/airflow/example_dags/example_trigger_target_dag.py
[2025-05-20T02:50:52.465+0000] {logging_mixin.py:190} INFO - [2025-05-20T02:50:52.464+0000] {override.py:1900} INFO - Created Permission View: can read on DAG:example_trigger_target_dag
[2025-05-20T02:50:52.495+0000] {logging_mixin.py:190} INFO - [2025-05-20T02:50:52.494+0000] {override.py:1900} INFO - Created Permission View: can delete on DAG:example_trigger_target_dag
[2025-05-20T02:50:52.516+0000] {logging_mixin.py:190} INFO - [2025-05-20T02:50:52.511+0000] {override.py:1900} INFO - Created Permission View: can edit on DAG:example_trigger_target_dag
[2025-05-20T02:50:52.539+0000] {logging_mixin.py:190} INFO - [2025-05-20T02:50:52.538+0000] {override.py:1900} INFO - Created Permission View: can read on DAG Run:example_trigger_target_dag
[2025-05-20T02:50:52.567+0000] {logging_mixin.py:190} INFO - [2025-05-20T02:50:52.565+0000] {override.py:1900} INFO - Created Permission View: can delete on DAG Run:example_trigger_target_dag
[2025-05-20T02:50:52.585+0000] {logging_mixin.py:190} INFO - [2025-05-20T02:50:52.585+0000] {override.py:1900} INFO - Created Permission View: can create on DAG Run:example_trigger_target_dag
[2025-05-20T02:50:52.597+0000] {logging_mixin.py:190} INFO - [2025-05-20T02:50:52.596+0000] {override.py:1900} INFO - Created Permission View: menu access on DAG Run:example_trigger_target_dag
[2025-05-20T02:50:52.598+0000] {logging_mixin.py:190} INFO - [2025-05-20T02:50:52.597+0000] {dag.py:3229} INFO - Sync 1 DAGs
[2025-05-20T02:50:52.636+0000] {logging_mixin.py:190} INFO - [2025-05-20T02:50:52.636+0000] {dag.py:3252} INFO - Creating ORM DAG for example_trigger_target_dag
[2025-05-20T02:50:52.639+0000] {logging_mixin.py:190} INFO - [2025-05-20T02:50:52.638+0000] {dag.py:4156} INFO - Setting next_dagrun for example_trigger_target_dag to None, run_after=None
[2025-05-20T02:50:52.707+0000] {processor.py:208} INFO - Processing /home/airflow/.local/lib/python3.12/site-packages/airflow/example_dags/example_trigger_target_dag.py took 0.544 seconds
[2025-05-20T02:51:22.780+0000] {processor.py:186} INFO - Started process (PID=141) to work on /home/airflow/.local/lib/python3.12/site-packages/airflow/example_dags/example_trigger_target_dag.py
[2025-05-20T02:51:22.784+0000] {processor.py:914} INFO - Processing file /home/airflow/.local/lib/python3.12/site-packages/airflow/example_dags/example_trigger_target_dag.py for tasks to queue
[2025-05-20T02:51:22.790+0000] {logging_mixin.py:190} INFO - [2025-05-20T02:51:22.790+0000] {dagbag.py:587} INFO - Filling up the DagBag from /home/airflow/.local/lib/python3.12/site-packages/airflow/example_dags/example_trigger_target_dag.py
[2025-05-20T02:51:22.852+0000] {processor.py:925} INFO - DAG(s) 'example_trigger_target_dag' retrieved from /home/airflow/.local/lib/python3.12/site-packages/airflow/example_dags/example_trigger_target_dag.py
[2025-05-20T02:51:22.906+0000] {logging_mixin.py:190} INFO - [2025-05-20T02:51:22.905+0000] {dag.py:3229} INFO - Sync 1 DAGs
[2025-05-20T02:51:22.950+0000] {logging_mixin.py:190} INFO - [2025-05-20T02:51:22.949+0000] {dag.py:4156} INFO - Setting next_dagrun for example_trigger_target_dag to None, run_after=None
[2025-05-20T02:51:23.024+0000] {processor.py:208} INFO - Processing /home/airflow/.local/lib/python3.12/site-packages/airflow/example_dags/example_trigger_target_dag.py took 0.248 seconds
[2025-05-20T02:51:53.339+0000] {processor.py:186} INFO - Started process (PID=203) to work on /home/airflow/.local/lib/python3.12/site-packages/airflow/example_dags/example_trigger_target_dag.py
[2025-05-20T02:51:53.341+0000] {processor.py:914} INFO - Processing file /home/airflow/.local/lib/python3.12/site-packages/airflow/example_dags/example_trigger_target_dag.py for tasks to queue
[2025-05-20T02:51:53.345+0000] {logging_mixin.py:190} INFO - [2025-05-20T02:51:53.344+0000] {dagbag.py:587} INFO - Filling up the DagBag from /home/airflow/.local/lib/python3.12/site-packages/airflow/example_dags/example_trigger_target_dag.py
[2025-05-20T02:51:53.362+0000] {processor.py:925} INFO - DAG(s) 'example_trigger_target_dag' retrieved from /home/airflow/.local/lib/python3.12/site-packages/airflow/example_dags/example_trigger_target_dag.py
[2025-05-20T02:51:53.406+0000] {logging_mixin.py:190} INFO - [2025-05-20T02:51:53.405+0000] {dag.py:3229} INFO - Sync 1 DAGs
[2025-05-20T02:51:53.439+0000] {logging_mixin.py:190} INFO - [2025-05-20T02:51:53.438+0000] {dag.py:4156} INFO - Setting next_dagrun for example_trigger_target_dag to None, run_after=None
[2025-05-20T02:51:53.475+0000] {processor.py:208} INFO - Processing /home/airflow/.local/lib/python3.12/site-packages/airflow/example_dags/example_trigger_target_dag.py took 0.140 seconds
[2025-05-20T02:53:56.575+0000] {processor.py:186} INFO - Started process (PID=80) to work on /home/airflow/.local/lib/python3.12/site-packages/airflow/example_dags/example_trigger_target_dag.py
[2025-05-20T02:53:56.577+0000] {processor.py:914} INFO - Processing file /home/airflow/.local/lib/python3.12/site-packages/airflow/example_dags/example_trigger_target_dag.py for tasks to queue
[2025-05-20T02:53:56.589+0000] {logging_mixin.py:190} INFO - [2025-05-20T02:53:56.585+0000] {dagbag.py:587} INFO - Filling up the DagBag from /home/airflow/.local/lib/python3.12/site-packages/airflow/example_dags/example_trigger_target_dag.py
[2025-05-20T02:53:56.608+0000] {processor.py:925} INFO - DAG(s) 'example_trigger_target_dag' retrieved from /home/airflow/.local/lib/python3.12/site-packages/airflow/example_dags/example_trigger_target_dag.py
[2025-05-20T02:53:56.685+0000] {logging_mixin.py:190} INFO - [2025-05-20T02:53:56.685+0000] {dag.py:3229} INFO - Sync 1 DAGs
[2025-05-20T02:53:56.702+0000] {logging_mixin.py:190} INFO - [2025-05-20T02:53:56.701+0000] {dag.py:4156} INFO - Setting next_dagrun for example_trigger_target_dag to None, run_after=None
[2025-05-20T02:53:56.770+0000] {processor.py:208} INFO - Processing /home/airflow/.local/lib/python3.12/site-packages/airflow/example_dags/example_trigger_target_dag.py took 0.200 seconds
[2025-05-20T02:54:26.932+0000] {processor.py:186} INFO - Started process (PID=143) to work on /home/airflow/.local/lib/python3.12/site-packages/airflow/example_dags/example_trigger_target_dag.py
[2025-05-20T02:54:26.934+0000] {processor.py:914} INFO - Processing file /home/airflow/.local/lib/python3.12/site-packages/airflow/example_dags/example_trigger_target_dag.py for tasks to queue
[2025-05-20T02:54:26.950+0000] {logging_mixin.py:190} INFO - [2025-05-20T02:54:26.949+0000] {dagbag.py:587} INFO - Filling up the DagBag from /home/airflow/.local/lib/python3.12/site-packages/airflow/example_dags/example_trigger_target_dag.py
[2025-05-20T02:54:26.972+0000] {processor.py:925} INFO - DAG(s) 'example_trigger_target_dag' retrieved from /home/airflow/.local/lib/python3.12/site-packages/airflow/example_dags/example_trigger_target_dag.py
[2025-05-20T02:54:27.024+0000] {logging_mixin.py:190} INFO - [2025-05-20T02:54:27.023+0000] {dag.py:3229} INFO - Sync 1 DAGs
[2025-05-20T02:54:27.053+0000] {logging_mixin.py:190} INFO - [2025-05-20T02:54:27.053+0000] {dag.py:4156} INFO - Setting next_dagrun for example_trigger_target_dag to None, run_after=None
[2025-05-20T02:54:27.076+0000] {processor.py:208} INFO - Processing /home/airflow/.local/lib/python3.12/site-packages/airflow/example_dags/example_trigger_target_dag.py took 0.149 seconds
[2025-05-20T02:54:57.488+0000] {processor.py:186} INFO - Started process (PID=206) to work on /home/airflow/.local/lib/python3.12/site-packages/airflow/example_dags/example_trigger_target_dag.py
[2025-05-20T02:54:57.489+0000] {processor.py:914} INFO - Processing file /home/airflow/.local/lib/python3.12/site-packages/airflow/example_dags/example_trigger_target_dag.py for tasks to queue
[2025-05-20T02:54:57.492+0000] {logging_mixin.py:190} INFO - [2025-05-20T02:54:57.492+0000] {dagbag.py:587} INFO - Filling up the DagBag from /home/airflow/.local/lib/python3.12/site-packages/airflow/example_dags/example_trigger_target_dag.py
[2025-05-20T02:54:57.504+0000] {processor.py:925} INFO - DAG(s) 'example_trigger_target_dag' retrieved from /home/airflow/.local/lib/python3.12/site-packages/airflow/example_dags/example_trigger_target_dag.py
[2025-05-20T02:54:57.548+0000] {logging_mixin.py:190} INFO - [2025-05-20T02:54:57.547+0000] {dag.py:3229} INFO - Sync 1 DAGs
[2025-05-20T02:54:57.562+0000] {logging_mixin.py:190} INFO - [2025-05-20T02:54:57.561+0000] {dag.py:4156} INFO - Setting next_dagrun for example_trigger_target_dag to None, run_after=None
[2025-05-20T02:54:57.606+0000] {processor.py:208} INFO - Processing /home/airflow/.local/lib/python3.12/site-packages/airflow/example_dags/example_trigger_target_dag.py took 0.121 seconds
[2025-05-20T02:55:28.107+0000] {processor.py:186} INFO - Started process (PID=269) to work on /home/airflow/.local/lib/python3.12/site-packages/airflow/example_dags/example_trigger_target_dag.py
[2025-05-20T02:55:28.117+0000] {processor.py:914} INFO - Processing file /home/airflow/.local/lib/python3.12/site-packages/airflow/example_dags/example_trigger_target_dag.py for tasks to queue
[2025-05-20T02:55:28.122+0000] {logging_mixin.py:190} INFO - [2025-05-20T02:55:28.121+0000] {dagbag.py:587} INFO - Filling up the DagBag from /home/airflow/.local/lib/python3.12/site-packages/airflow/example_dags/example_trigger_target_dag.py
[2025-05-20T02:55:28.140+0000] {processor.py:925} INFO - DAG(s) 'example_trigger_target_dag' retrieved from /home/airflow/.local/lib/python3.12/site-packages/airflow/example_dags/example_trigger_target_dag.py
[2025-05-20T02:55:28.190+0000] {logging_mixin.py:190} INFO - [2025-05-20T02:55:28.190+0000] {dag.py:3229} INFO - Sync 1 DAGs
[2025-05-20T02:55:28.208+0000] {logging_mixin.py:190} INFO - [2025-05-20T02:55:28.207+0000] {dag.py:4156} INFO - Setting next_dagrun for example_trigger_target_dag to None, run_after=None
[2025-05-20T02:55:28.259+0000] {processor.py:208} INFO - Processing /home/airflow/.local/lib/python3.12/site-packages/airflow/example_dags/example_trigger_target_dag.py took 0.156 seconds
[2025-05-20T02:56:00.090+0000] {processor.py:186} INFO - Started process (PID=332) to work on /home/airflow/.local/lib/python3.12/site-packages/airflow/example_dags/example_trigger_target_dag.py
[2025-05-20T02:56:00.092+0000] {processor.py:914} INFO - Processing file /home/airflow/.local/lib/python3.12/site-packages/airflow/example_dags/example_trigger_target_dag.py for tasks to queue
[2025-05-20T02:56:00.101+0000] {logging_mixin.py:190} INFO - [2025-05-20T02:56:00.101+0000] {dagbag.py:587} INFO - Filling up the DagBag from /home/airflow/.local/lib/python3.12/site-packages/airflow/example_dags/example_trigger_target_dag.py
[2025-05-20T02:56:00.132+0000] {processor.py:925} INFO - DAG(s) 'example_trigger_target_dag' retrieved from /home/airflow/.local/lib/python3.12/site-packages/airflow/example_dags/example_trigger_target_dag.py
[2025-05-20T02:56:00.197+0000] {logging_mixin.py:190} INFO - [2025-05-20T02:56:00.197+0000] {dag.py:3229} INFO - Sync 1 DAGs
[2025-05-20T02:56:00.231+0000] {logging_mixin.py:190} INFO - [2025-05-20T02:56:00.231+0000] {dag.py:4156} INFO - Setting next_dagrun for example_trigger_target_dag to None, run_after=None
[2025-05-20T02:56:00.324+0000] {processor.py:208} INFO - Processing /home/airflow/.local/lib/python3.12/site-packages/airflow/example_dags/example_trigger_target_dag.py took 0.237 seconds
[2025-05-20T02:56:31.029+0000] {processor.py:186} INFO - Started process (PID=395) to work on /home/airflow/.local/lib/python3.12/site-packages/airflow/example_dags/example_trigger_target_dag.py
[2025-05-20T02:56:31.032+0000] {processor.py:914} INFO - Processing file /home/airflow/.local/lib/python3.12/site-packages/airflow/example_dags/example_trigger_target_dag.py for tasks to queue
[2025-05-20T02:56:31.048+0000] {logging_mixin.py:190} INFO - [2025-05-20T02:56:31.047+0000] {dagbag.py:587} INFO - Filling up the DagBag from /home/airflow/.local/lib/python3.12/site-packages/airflow/example_dags/example_trigger_target_dag.py
[2025-05-20T02:56:31.062+0000] {processor.py:925} INFO - DAG(s) 'example_trigger_target_dag' retrieved from /home/airflow/.local/lib/python3.12/site-packages/airflow/example_dags/example_trigger_target_dag.py
[2025-05-20T02:56:31.082+0000] {logging_mixin.py:190} INFO - [2025-05-20T02:56:31.082+0000] {dag.py:3229} INFO - Sync 1 DAGs
[2025-05-20T02:56:31.105+0000] {logging_mixin.py:190} INFO - [2025-05-20T02:56:31.105+0000] {dag.py:4156} INFO - Setting next_dagrun for example_trigger_target_dag to None, run_after=None
[2025-05-20T02:56:31.177+0000] {processor.py:208} INFO - Processing /home/airflow/.local/lib/python3.12/site-packages/airflow/example_dags/example_trigger_target_dag.py took 0.150 seconds
[2025-05-20T02:57:01.541+0000] {processor.py:186} INFO - Started process (PID=458) to work on /home/airflow/.local/lib/python3.12/site-packages/airflow/example_dags/example_trigger_target_dag.py
[2025-05-20T02:57:01.544+0000] {processor.py:914} INFO - Processing file /home/airflow/.local/lib/python3.12/site-packages/airflow/example_dags/example_trigger_target_dag.py for tasks to queue
[2025-05-20T02:57:01.547+0000] {logging_mixin.py:190} INFO - [2025-05-20T02:57:01.547+0000] {dagbag.py:587} INFO - Filling up the DagBag from /home/airflow/.local/lib/python3.12/site-packages/airflow/example_dags/example_trigger_target_dag.py
[2025-05-20T02:57:01.561+0000] {processor.py:925} INFO - DAG(s) 'example_trigger_target_dag' retrieved from /home/airflow/.local/lib/python3.12/site-packages/airflow/example_dags/example_trigger_target_dag.py
[2025-05-20T02:57:01.633+0000] {logging_mixin.py:190} INFO - [2025-05-20T02:57:01.625+0000] {dag.py:3229} INFO - Sync 1 DAGs
[2025-05-20T02:57:01.680+0000] {logging_mixin.py:190} INFO - [2025-05-20T02:57:01.678+0000] {dag.py:4156} INFO - Setting next_dagrun for example_trigger_target_dag to None, run_after=None
[2025-05-20T02:57:01.790+0000] {processor.py:208} INFO - Processing /home/airflow/.local/lib/python3.12/site-packages/airflow/example_dags/example_trigger_target_dag.py took 0.252 seconds
[2025-05-20T02:57:32.340+0000] {processor.py:186} INFO - Started process (PID=521) to work on /home/airflow/.local/lib/python3.12/site-packages/airflow/example_dags/example_trigger_target_dag.py
[2025-05-20T02:57:32.342+0000] {processor.py:914} INFO - Processing file /home/airflow/.local/lib/python3.12/site-packages/airflow/example_dags/example_trigger_target_dag.py for tasks to queue
[2025-05-20T02:57:32.351+0000] {logging_mixin.py:190} INFO - [2025-05-20T02:57:32.350+0000] {dagbag.py:587} INFO - Filling up the DagBag from /home/airflow/.local/lib/python3.12/site-packages/airflow/example_dags/example_trigger_target_dag.py
[2025-05-20T02:57:32.359+0000] {processor.py:925} INFO - DAG(s) 'example_trigger_target_dag' retrieved from /home/airflow/.local/lib/python3.12/site-packages/airflow/example_dags/example_trigger_target_dag.py
[2025-05-20T02:57:32.405+0000] {logging_mixin.py:190} INFO - [2025-05-20T02:57:32.405+0000] {dag.py:3229} INFO - Sync 1 DAGs
[2025-05-20T02:57:32.446+0000] {logging_mixin.py:190} INFO - [2025-05-20T02:57:32.445+0000] {dag.py:4156} INFO - Setting next_dagrun for example_trigger_target_dag to None, run_after=None
[2025-05-20T02:57:32.507+0000] {processor.py:208} INFO - Processing /home/airflow/.local/lib/python3.12/site-packages/airflow/example_dags/example_trigger_target_dag.py took 0.171 seconds
[2025-05-20T02:58:03.031+0000] {processor.py:186} INFO - Started process (PID=584) to work on /home/airflow/.local/lib/python3.12/site-packages/airflow/example_dags/example_trigger_target_dag.py
[2025-05-20T02:58:03.035+0000] {processor.py:914} INFO - Processing file /home/airflow/.local/lib/python3.12/site-packages/airflow/example_dags/example_trigger_target_dag.py for tasks to queue
[2025-05-20T02:58:03.077+0000] {logging_mixin.py:190} INFO - [2025-05-20T02:58:03.064+0000] {dagbag.py:587} INFO - Filling up the DagBag from /home/airflow/.local/lib/python3.12/site-packages/airflow/example_dags/example_trigger_target_dag.py
[2025-05-20T02:58:03.088+0000] {processor.py:925} INFO - DAG(s) 'example_trigger_target_dag' retrieved from /home/airflow/.local/lib/python3.12/site-packages/airflow/example_dags/example_trigger_target_dag.py
[2025-05-20T02:58:03.162+0000] {logging_mixin.py:190} INFO - [2025-05-20T02:58:03.162+0000] {dag.py:3229} INFO - Sync 1 DAGs
[2025-05-20T02:58:03.198+0000] {logging_mixin.py:190} INFO - [2025-05-20T02:58:03.198+0000] {dag.py:4156} INFO - Setting next_dagrun for example_trigger_target_dag to None, run_after=None
[2025-05-20T02:58:03.282+0000] {processor.py:208} INFO - Processing /home/airflow/.local/lib/python3.12/site-packages/airflow/example_dags/example_trigger_target_dag.py took 0.254 seconds
[2025-05-20T02:58:33.601+0000] {processor.py:186} INFO - Started process (PID=648) to work on /home/airflow/.local/lib/python3.12/site-packages/airflow/example_dags/example_trigger_target_dag.py
[2025-05-20T02:58:33.606+0000] {processor.py:914} INFO - Processing file /home/airflow/.local/lib/python3.12/site-packages/airflow/example_dags/example_trigger_target_dag.py for tasks to queue
[2025-05-20T02:58:33.618+0000] {logging_mixin.py:190} INFO - [2025-05-20T02:58:33.618+0000] {dagbag.py:587} INFO - Filling up the DagBag from /home/airflow/.local/lib/python3.12/site-packages/airflow/example_dags/example_trigger_target_dag.py
[2025-05-20T02:58:33.652+0000] {processor.py:925} INFO - DAG(s) 'example_trigger_target_dag' retrieved from /home/airflow/.local/lib/python3.12/site-packages/airflow/example_dags/example_trigger_target_dag.py
[2025-05-20T02:58:33.688+0000] {logging_mixin.py:190} INFO - [2025-05-20T02:58:33.688+0000] {dag.py:3229} INFO - Sync 1 DAGs
[2025-05-20T02:58:33.705+0000] {logging_mixin.py:190} INFO - [2025-05-20T02:58:33.705+0000] {dag.py:4156} INFO - Setting next_dagrun for example_trigger_target_dag to None, run_after=None
[2025-05-20T02:58:33.756+0000] {processor.py:208} INFO - Processing /home/airflow/.local/lib/python3.12/site-packages/airflow/example_dags/example_trigger_target_dag.py took 0.158 seconds
[2025-05-20T02:59:04.262+0000] {processor.py:186} INFO - Started process (PID=711) to work on /home/airflow/.local/lib/python3.12/site-packages/airflow/example_dags/example_trigger_target_dag.py
[2025-05-20T02:59:04.264+0000] {processor.py:914} INFO - Processing file /home/airflow/.local/lib/python3.12/site-packages/airflow/example_dags/example_trigger_target_dag.py for tasks to queue
[2025-05-20T02:59:04.272+0000] {logging_mixin.py:190} INFO - [2025-05-20T02:59:04.267+0000] {dagbag.py:587} INFO - Filling up the DagBag from /home/airflow/.local/lib/python3.12/site-packages/airflow/example_dags/example_trigger_target_dag.py
[2025-05-20T02:59:04.283+0000] {processor.py:925} INFO - DAG(s) 'example_trigger_target_dag' retrieved from /home/airflow/.local/lib/python3.12/site-packages/airflow/example_dags/example_trigger_target_dag.py
[2025-05-20T02:59:04.350+0000] {logging_mixin.py:190} INFO - [2025-05-20T02:59:04.349+0000] {dag.py:3229} INFO - Sync 1 DAGs
[2025-05-20T02:59:04.401+0000] {logging_mixin.py:190} INFO - [2025-05-20T02:59:04.400+0000] {dag.py:4156} INFO - Setting next_dagrun for example_trigger_target_dag to None, run_after=None
[2025-05-20T02:59:04.459+0000] {processor.py:208} INFO - Processing /home/airflow/.local/lib/python3.12/site-packages/airflow/example_dags/example_trigger_target_dag.py took 0.201 seconds
[2025-05-20T02:59:34.686+0000] {processor.py:186} INFO - Started process (PID=774) to work on /home/airflow/.local/lib/python3.12/site-packages/airflow/example_dags/example_trigger_target_dag.py
[2025-05-20T02:59:34.697+0000] {processor.py:914} INFO - Processing file /home/airflow/.local/lib/python3.12/site-packages/airflow/example_dags/example_trigger_target_dag.py for tasks to queue
[2025-05-20T02:59:34.711+0000] {logging_mixin.py:190} INFO - [2025-05-20T02:59:34.711+0000] {dagbag.py:587} INFO - Filling up the DagBag from /home/airflow/.local/lib/python3.12/site-packages/airflow/example_dags/example_trigger_target_dag.py
[2025-05-20T02:59:34.729+0000] {processor.py:925} INFO - DAG(s) 'example_trigger_target_dag' retrieved from /home/airflow/.local/lib/python3.12/site-packages/airflow/example_dags/example_trigger_target_dag.py
[2025-05-20T02:59:34.788+0000] {logging_mixin.py:190} INFO - [2025-05-20T02:59:34.785+0000] {dag.py:3229} INFO - Sync 1 DAGs
[2025-05-20T02:59:34.822+0000] {logging_mixin.py:190} INFO - [2025-05-20T02:59:34.821+0000] {dag.py:4156} INFO - Setting next_dagrun for example_trigger_target_dag to None, run_after=None
[2025-05-20T02:59:34.873+0000] {processor.py:208} INFO - Processing /home/airflow/.local/lib/python3.12/site-packages/airflow/example_dags/example_trigger_target_dag.py took 0.191 seconds
[2025-05-20T03:00:05.253+0000] {processor.py:186} INFO - Started process (PID=837) to work on /home/airflow/.local/lib/python3.12/site-packages/airflow/example_dags/example_trigger_target_dag.py
[2025-05-20T03:00:05.257+0000] {processor.py:914} INFO - Processing file /home/airflow/.local/lib/python3.12/site-packages/airflow/example_dags/example_trigger_target_dag.py for tasks to queue
[2025-05-20T03:00:05.274+0000] {logging_mixin.py:190} INFO - [2025-05-20T03:00:05.273+0000] {dagbag.py:587} INFO - Filling up the DagBag from /home/airflow/.local/lib/python3.12/site-packages/airflow/example_dags/example_trigger_target_dag.py
[2025-05-20T03:00:05.287+0000] {processor.py:925} INFO - DAG(s) 'example_trigger_target_dag' retrieved from /home/airflow/.local/lib/python3.12/site-packages/airflow/example_dags/example_trigger_target_dag.py
[2025-05-20T03:00:05.355+0000] {logging_mixin.py:190} INFO - [2025-05-20T03:00:05.354+0000] {dag.py:3229} INFO - Sync 1 DAGs
[2025-05-20T03:00:05.385+0000] {logging_mixin.py:190} INFO - [2025-05-20T03:00:05.385+0000] {dag.py:4156} INFO - Setting next_dagrun for example_trigger_target_dag to None, run_after=None
[2025-05-20T03:00:05.429+0000] {processor.py:208} INFO - Processing /home/airflow/.local/lib/python3.12/site-packages/airflow/example_dags/example_trigger_target_dag.py took 0.179 seconds
[2025-05-20T03:00:36.127+0000] {processor.py:186} INFO - Started process (PID=900) to work on /home/airflow/.local/lib/python3.12/site-packages/airflow/example_dags/example_trigger_target_dag.py
[2025-05-20T03:00:36.133+0000] {processor.py:914} INFO - Processing file /home/airflow/.local/lib/python3.12/site-packages/airflow/example_dags/example_trigger_target_dag.py for tasks to queue
[2025-05-20T03:00:36.140+0000] {logging_mixin.py:190} INFO - [2025-05-20T03:00:36.139+0000] {dagbag.py:587} INFO - Filling up the DagBag from /home/airflow/.local/lib/python3.12/site-packages/airflow/example_dags/example_trigger_target_dag.py
[2025-05-20T03:00:36.152+0000] {processor.py:925} INFO - DAG(s) 'example_trigger_target_dag' retrieved from /home/airflow/.local/lib/python3.12/site-packages/airflow/example_dags/example_trigger_target_dag.py
[2025-05-20T03:00:36.202+0000] {logging_mixin.py:190} INFO - [2025-05-20T03:00:36.202+0000] {dag.py:3229} INFO - Sync 1 DAGs
[2025-05-20T03:00:36.247+0000] {logging_mixin.py:190} INFO - [2025-05-20T03:00:36.247+0000] {dag.py:4156} INFO - Setting next_dagrun for example_trigger_target_dag to None, run_after=None
[2025-05-20T03:00:36.310+0000] {processor.py:208} INFO - Processing /home/airflow/.local/lib/python3.12/site-packages/airflow/example_dags/example_trigger_target_dag.py took 0.185 seconds
[2025-05-20T03:01:06.840+0000] {processor.py:186} INFO - Started process (PID=962) to work on /home/airflow/.local/lib/python3.12/site-packages/airflow/example_dags/example_trigger_target_dag.py
[2025-05-20T03:01:06.841+0000] {processor.py:914} INFO - Processing file /home/airflow/.local/lib/python3.12/site-packages/airflow/example_dags/example_trigger_target_dag.py for tasks to queue
[2025-05-20T03:01:06.861+0000] {logging_mixin.py:190} INFO - [2025-05-20T03:01:06.857+0000] {dagbag.py:587} INFO - Filling up the DagBag from /home/airflow/.local/lib/python3.12/site-packages/airflow/example_dags/example_trigger_target_dag.py
[2025-05-20T03:01:06.869+0000] {processor.py:925} INFO - DAG(s) 'example_trigger_target_dag' retrieved from /home/airflow/.local/lib/python3.12/site-packages/airflow/example_dags/example_trigger_target_dag.py
[2025-05-20T03:01:06.921+0000] {logging_mixin.py:190} INFO - [2025-05-20T03:01:06.920+0000] {dag.py:3229} INFO - Sync 1 DAGs
[2025-05-20T03:01:06.940+0000] {logging_mixin.py:190} INFO - [2025-05-20T03:01:06.940+0000] {dag.py:4156} INFO - Setting next_dagrun for example_trigger_target_dag to None, run_after=None
[2025-05-20T03:01:07.009+0000] {processor.py:208} INFO - Processing /home/airflow/.local/lib/python3.12/site-packages/airflow/example_dags/example_trigger_target_dag.py took 0.173 seconds
[2025-05-20T03:01:37.768+0000] {processor.py:186} INFO - Started process (PID=1024) to work on /home/airflow/.local/lib/python3.12/site-packages/airflow/example_dags/example_trigger_target_dag.py
[2025-05-20T03:01:37.771+0000] {processor.py:914} INFO - Processing file /home/airflow/.local/lib/python3.12/site-packages/airflow/example_dags/example_trigger_target_dag.py for tasks to queue
[2025-05-20T03:01:37.777+0000] {logging_mixin.py:190} INFO - [2025-05-20T03:01:37.777+0000] {dagbag.py:587} INFO - Filling up the DagBag from /home/airflow/.local/lib/python3.12/site-packages/airflow/example_dags/example_trigger_target_dag.py
[2025-05-20T03:01:37.798+0000] {processor.py:925} INFO - DAG(s) 'example_trigger_target_dag' retrieved from /home/airflow/.local/lib/python3.12/site-packages/airflow/example_dags/example_trigger_target_dag.py
[2025-05-20T03:01:37.854+0000] {logging_mixin.py:190} INFO - [2025-05-20T03:01:37.854+0000] {dag.py:3229} INFO - Sync 1 DAGs
[2025-05-20T03:01:37.867+0000] {logging_mixin.py:190} INFO - [2025-05-20T03:01:37.866+0000] {dag.py:4156} INFO - Setting next_dagrun for example_trigger_target_dag to None, run_after=None
[2025-05-20T03:01:37.929+0000] {processor.py:208} INFO - Processing /home/airflow/.local/lib/python3.12/site-packages/airflow/example_dags/example_trigger_target_dag.py took 0.164 seconds
[2025-05-20T03:02:08.202+0000] {processor.py:186} INFO - Started process (PID=1087) to work on /home/airflow/.local/lib/python3.12/site-packages/airflow/example_dags/example_trigger_target_dag.py
[2025-05-20T03:02:08.203+0000] {processor.py:914} INFO - Processing file /home/airflow/.local/lib/python3.12/site-packages/airflow/example_dags/example_trigger_target_dag.py for tasks to queue
[2025-05-20T03:02:08.208+0000] {logging_mixin.py:190} INFO - [2025-05-20T03:02:08.208+0000] {dagbag.py:587} INFO - Filling up the DagBag from /home/airflow/.local/lib/python3.12/site-packages/airflow/example_dags/example_trigger_target_dag.py
[2025-05-20T03:02:08.230+0000] {processor.py:925} INFO - DAG(s) 'example_trigger_target_dag' retrieved from /home/airflow/.local/lib/python3.12/site-packages/airflow/example_dags/example_trigger_target_dag.py
[2025-05-20T03:02:08.276+0000] {logging_mixin.py:190} INFO - [2025-05-20T03:02:08.274+0000] {dag.py:3229} INFO - Sync 1 DAGs
[2025-05-20T03:02:08.295+0000] {logging_mixin.py:190} INFO - [2025-05-20T03:02:08.294+0000] {dag.py:4156} INFO - Setting next_dagrun for example_trigger_target_dag to None, run_after=None
[2025-05-20T03:02:08.322+0000] {processor.py:208} INFO - Processing /home/airflow/.local/lib/python3.12/site-packages/airflow/example_dags/example_trigger_target_dag.py took 0.125 seconds
[2025-05-20T03:02:39.225+0000] {processor.py:186} INFO - Started process (PID=1150) to work on /home/airflow/.local/lib/python3.12/site-packages/airflow/example_dags/example_trigger_target_dag.py
[2025-05-20T03:02:39.227+0000] {processor.py:914} INFO - Processing file /home/airflow/.local/lib/python3.12/site-packages/airflow/example_dags/example_trigger_target_dag.py for tasks to queue
[2025-05-20T03:02:39.233+0000] {logging_mixin.py:190} INFO - [2025-05-20T03:02:39.233+0000] {dagbag.py:587} INFO - Filling up the DagBag from /home/airflow/.local/lib/python3.12/site-packages/airflow/example_dags/example_trigger_target_dag.py
[2025-05-20T03:02:39.260+0000] {processor.py:925} INFO - DAG(s) 'example_trigger_target_dag' retrieved from /home/airflow/.local/lib/python3.12/site-packages/airflow/example_dags/example_trigger_target_dag.py
[2025-05-20T03:02:39.308+0000] {logging_mixin.py:190} INFO - [2025-05-20T03:02:39.307+0000] {dag.py:3229} INFO - Sync 1 DAGs
[2025-05-20T03:02:39.339+0000] {logging_mixin.py:190} INFO - [2025-05-20T03:02:39.339+0000] {dag.py:4156} INFO - Setting next_dagrun for example_trigger_target_dag to None, run_after=None
[2025-05-20T03:02:39.412+0000] {processor.py:208} INFO - Processing /home/airflow/.local/lib/python3.12/site-packages/airflow/example_dags/example_trigger_target_dag.py took 0.191 seconds
[2025-05-20T03:03:09.599+0000] {processor.py:186} INFO - Started process (PID=1212) to work on /home/airflow/.local/lib/python3.12/site-packages/airflow/example_dags/example_trigger_target_dag.py
[2025-05-20T03:03:09.600+0000] {processor.py:914} INFO - Processing file /home/airflow/.local/lib/python3.12/site-packages/airflow/example_dags/example_trigger_target_dag.py for tasks to queue
[2025-05-20T03:03:09.603+0000] {logging_mixin.py:190} INFO - [2025-05-20T03:03:09.602+0000] {dagbag.py:587} INFO - Filling up the DagBag from /home/airflow/.local/lib/python3.12/site-packages/airflow/example_dags/example_trigger_target_dag.py
[2025-05-20T03:03:09.620+0000] {processor.py:925} INFO - DAG(s) 'example_trigger_target_dag' retrieved from /home/airflow/.local/lib/python3.12/site-packages/airflow/example_dags/example_trigger_target_dag.py
[2025-05-20T03:03:09.663+0000] {logging_mixin.py:190} INFO - [2025-05-20T03:03:09.661+0000] {dag.py:3229} INFO - Sync 1 DAGs
[2025-05-20T03:03:09.694+0000] {logging_mixin.py:190} INFO - [2025-05-20T03:03:09.693+0000] {dag.py:4156} INFO - Setting next_dagrun for example_trigger_target_dag to None, run_after=None
[2025-05-20T03:03:09.724+0000] {processor.py:208} INFO - Processing /home/airflow/.local/lib/python3.12/site-packages/airflow/example_dags/example_trigger_target_dag.py took 0.129 seconds
[2025-05-20T03:03:40.856+0000] {processor.py:186} INFO - Started process (PID=1274) to work on /home/airflow/.local/lib/python3.12/site-packages/airflow/example_dags/example_trigger_target_dag.py
[2025-05-20T03:03:40.858+0000] {processor.py:914} INFO - Processing file /home/airflow/.local/lib/python3.12/site-packages/airflow/example_dags/example_trigger_target_dag.py for tasks to queue
[2025-05-20T03:03:40.861+0000] {logging_mixin.py:190} INFO - [2025-05-20T03:03:40.861+0000] {dagbag.py:587} INFO - Filling up the DagBag from /home/airflow/.local/lib/python3.12/site-packages/airflow/example_dags/example_trigger_target_dag.py
[2025-05-20T03:03:40.890+0000] {processor.py:925} INFO - DAG(s) 'example_trigger_target_dag' retrieved from /home/airflow/.local/lib/python3.12/site-packages/airflow/example_dags/example_trigger_target_dag.py
[2025-05-20T03:03:40.934+0000] {logging_mixin.py:190} INFO - [2025-05-20T03:03:40.933+0000] {dag.py:3229} INFO - Sync 1 DAGs
[2025-05-20T03:03:40.956+0000] {logging_mixin.py:190} INFO - [2025-05-20T03:03:40.956+0000] {dag.py:4156} INFO - Setting next_dagrun for example_trigger_target_dag to None, run_after=None
[2025-05-20T03:03:41.083+0000] {processor.py:208} INFO - Processing /home/airflow/.local/lib/python3.12/site-packages/airflow/example_dags/example_trigger_target_dag.py took 0.232 seconds
[2025-05-20T03:04:12.263+0000] {processor.py:186} INFO - Started process (PID=1337) to work on /home/airflow/.local/lib/python3.12/site-packages/airflow/example_dags/example_trigger_target_dag.py
[2025-05-20T03:04:12.265+0000] {processor.py:914} INFO - Processing file /home/airflow/.local/lib/python3.12/site-packages/airflow/example_dags/example_trigger_target_dag.py for tasks to queue
[2025-05-20T03:04:12.267+0000] {logging_mixin.py:190} INFO - [2025-05-20T03:04:12.267+0000] {dagbag.py:587} INFO - Filling up the DagBag from /home/airflow/.local/lib/python3.12/site-packages/airflow/example_dags/example_trigger_target_dag.py
[2025-05-20T03:04:12.274+0000] {processor.py:925} INFO - DAG(s) 'example_trigger_target_dag' retrieved from /home/airflow/.local/lib/python3.12/site-packages/airflow/example_dags/example_trigger_target_dag.py
[2025-05-20T03:04:12.292+0000] {logging_mixin.py:190} INFO - [2025-05-20T03:04:12.292+0000] {dag.py:3229} INFO - Sync 1 DAGs
[2025-05-20T03:04:12.306+0000] {logging_mixin.py:190} INFO - [2025-05-20T03:04:12.306+0000] {dag.py:4156} INFO - Setting next_dagrun for example_trigger_target_dag to None, run_after=None
[2025-05-20T03:04:12.317+0000] {processor.py:208} INFO - Processing /home/airflow/.local/lib/python3.12/site-packages/airflow/example_dags/example_trigger_target_dag.py took 0.060 seconds
[2025-05-20T03:04:42.535+0000] {processor.py:186} INFO - Started process (PID=1400) to work on /home/airflow/.local/lib/python3.12/site-packages/airflow/example_dags/example_trigger_target_dag.py
[2025-05-20T03:04:42.537+0000] {processor.py:914} INFO - Processing file /home/airflow/.local/lib/python3.12/site-packages/airflow/example_dags/example_trigger_target_dag.py for tasks to queue
[2025-05-20T03:04:42.540+0000] {logging_mixin.py:190} INFO - [2025-05-20T03:04:42.540+0000] {dagbag.py:587} INFO - Filling up the DagBag from /home/airflow/.local/lib/python3.12/site-packages/airflow/example_dags/example_trigger_target_dag.py
[2025-05-20T03:04:42.554+0000] {processor.py:925} INFO - DAG(s) 'example_trigger_target_dag' retrieved from /home/airflow/.local/lib/python3.12/site-packages/airflow/example_dags/example_trigger_target_dag.py
[2025-05-20T03:04:42.645+0000] {logging_mixin.py:190} INFO - [2025-05-20T03:04:42.645+0000] {dag.py:3229} INFO - Sync 1 DAGs
[2025-05-20T03:04:42.663+0000] {logging_mixin.py:190} INFO - [2025-05-20T03:04:42.663+0000] {dag.py:4156} INFO - Setting next_dagrun for example_trigger_target_dag to None, run_after=None
[2025-05-20T03:04:42.720+0000] {processor.py:208} INFO - Processing /home/airflow/.local/lib/python3.12/site-packages/airflow/example_dags/example_trigger_target_dag.py took 0.191 seconds
[2025-05-20T03:05:12.802+0000] {processor.py:186} INFO - Started process (PID=1463) to work on /home/airflow/.local/lib/python3.12/site-packages/airflow/example_dags/example_trigger_target_dag.py
[2025-05-20T03:05:12.806+0000] {processor.py:914} INFO - Processing file /home/airflow/.local/lib/python3.12/site-packages/airflow/example_dags/example_trigger_target_dag.py for tasks to queue
[2025-05-20T03:05:12.814+0000] {logging_mixin.py:190} INFO - [2025-05-20T03:05:12.814+0000] {dagbag.py:587} INFO - Filling up the DagBag from /home/airflow/.local/lib/python3.12/site-packages/airflow/example_dags/example_trigger_target_dag.py
[2025-05-20T03:05:12.822+0000] {processor.py:925} INFO - DAG(s) 'example_trigger_target_dag' retrieved from /home/airflow/.local/lib/python3.12/site-packages/airflow/example_dags/example_trigger_target_dag.py
[2025-05-20T03:05:12.873+0000] {logging_mixin.py:190} INFO - [2025-05-20T03:05:12.872+0000] {dag.py:3229} INFO - Sync 1 DAGs
[2025-05-20T03:05:12.913+0000] {logging_mixin.py:190} INFO - [2025-05-20T03:05:12.912+0000] {dag.py:4156} INFO - Setting next_dagrun for example_trigger_target_dag to None, run_after=None
[2025-05-20T03:05:12.977+0000] {processor.py:208} INFO - Processing /home/airflow/.local/lib/python3.12/site-packages/airflow/example_dags/example_trigger_target_dag.py took 0.178 seconds
[2025-05-20T03:05:44.078+0000] {processor.py:186} INFO - Started process (PID=1526) to work on /home/airflow/.local/lib/python3.12/site-packages/airflow/example_dags/example_trigger_target_dag.py
[2025-05-20T03:05:44.097+0000] {processor.py:914} INFO - Processing file /home/airflow/.local/lib/python3.12/site-packages/airflow/example_dags/example_trigger_target_dag.py for tasks to queue
[2025-05-20T03:05:44.101+0000] {logging_mixin.py:190} INFO - [2025-05-20T03:05:44.099+0000] {dagbag.py:587} INFO - Filling up the DagBag from /home/airflow/.local/lib/python3.12/site-packages/airflow/example_dags/example_trigger_target_dag.py
[2025-05-20T03:05:44.113+0000] {processor.py:925} INFO - DAG(s) 'example_trigger_target_dag' retrieved from /home/airflow/.local/lib/python3.12/site-packages/airflow/example_dags/example_trigger_target_dag.py
[2025-05-20T03:05:44.165+0000] {logging_mixin.py:190} INFO - [2025-05-20T03:05:44.165+0000] {dag.py:3229} INFO - Sync 1 DAGs
[2025-05-20T03:05:44.182+0000] {logging_mixin.py:190} INFO - [2025-05-20T03:05:44.182+0000] {dag.py:4156} INFO - Setting next_dagrun for example_trigger_target_dag to None, run_after=None
[2025-05-20T03:05:44.279+0000] {processor.py:208} INFO - Processing /home/airflow/.local/lib/python3.12/site-packages/airflow/example_dags/example_trigger_target_dag.py took 0.207 seconds
[2025-05-20T03:06:15.149+0000] {processor.py:186} INFO - Started process (PID=1589) to work on /home/airflow/.local/lib/python3.12/site-packages/airflow/example_dags/example_trigger_target_dag.py
[2025-05-20T03:06:15.149+0000] {processor.py:914} INFO - Processing file /home/airflow/.local/lib/python3.12/site-packages/airflow/example_dags/example_trigger_target_dag.py for tasks to queue
[2025-05-20T03:06:15.154+0000] {logging_mixin.py:190} INFO - [2025-05-20T03:06:15.152+0000] {dagbag.py:587} INFO - Filling up the DagBag from /home/airflow/.local/lib/python3.12/site-packages/airflow/example_dags/example_trigger_target_dag.py
[2025-05-20T03:06:15.173+0000] {processor.py:925} INFO - DAG(s) 'example_trigger_target_dag' retrieved from /home/airflow/.local/lib/python3.12/site-packages/airflow/example_dags/example_trigger_target_dag.py
[2025-05-20T03:06:15.203+0000] {logging_mixin.py:190} INFO - [2025-05-20T03:06:15.202+0000] {dag.py:3229} INFO - Sync 1 DAGs
[2025-05-20T03:06:15.225+0000] {logging_mixin.py:190} INFO - [2025-05-20T03:06:15.225+0000] {dag.py:4156} INFO - Setting next_dagrun for example_trigger_target_dag to None, run_after=None
[2025-05-20T03:06:15.252+0000] {processor.py:208} INFO - Processing /home/airflow/.local/lib/python3.12/site-packages/airflow/example_dags/example_trigger_target_dag.py took 0.107 seconds
[2025-05-20T03:06:46.199+0000] {processor.py:186} INFO - Started process (PID=1652) to work on /home/airflow/.local/lib/python3.12/site-packages/airflow/example_dags/example_trigger_target_dag.py
[2025-05-20T03:06:46.200+0000] {processor.py:914} INFO - Processing file /home/airflow/.local/lib/python3.12/site-packages/airflow/example_dags/example_trigger_target_dag.py for tasks to queue
[2025-05-20T03:06:46.206+0000] {logging_mixin.py:190} INFO - [2025-05-20T03:06:46.205+0000] {dagbag.py:587} INFO - Filling up the DagBag from /home/airflow/.local/lib/python3.12/site-packages/airflow/example_dags/example_trigger_target_dag.py
[2025-05-20T03:06:46.227+0000] {processor.py:925} INFO - DAG(s) 'example_trigger_target_dag' retrieved from /home/airflow/.local/lib/python3.12/site-packages/airflow/example_dags/example_trigger_target_dag.py
[2025-05-20T03:06:46.290+0000] {logging_mixin.py:190} INFO - [2025-05-20T03:06:46.289+0000] {dag.py:3229} INFO - Sync 1 DAGs
[2025-05-20T03:06:46.308+0000] {logging_mixin.py:190} INFO - [2025-05-20T03:06:46.308+0000] {dag.py:4156} INFO - Setting next_dagrun for example_trigger_target_dag to None, run_after=None
[2025-05-20T03:06:46.362+0000] {processor.py:208} INFO - Processing /home/airflow/.local/lib/python3.12/site-packages/airflow/example_dags/example_trigger_target_dag.py took 0.168 seconds
[2025-05-20T03:07:16.718+0000] {processor.py:186} INFO - Started process (PID=1715) to work on /home/airflow/.local/lib/python3.12/site-packages/airflow/example_dags/example_trigger_target_dag.py
[2025-05-20T03:07:16.721+0000] {processor.py:914} INFO - Processing file /home/airflow/.local/lib/python3.12/site-packages/airflow/example_dags/example_trigger_target_dag.py for tasks to queue
[2025-05-20T03:07:16.740+0000] {logging_mixin.py:190} INFO - [2025-05-20T03:07:16.739+0000] {dagbag.py:587} INFO - Filling up the DagBag from /home/airflow/.local/lib/python3.12/site-packages/airflow/example_dags/example_trigger_target_dag.py
[2025-05-20T03:07:16.768+0000] {processor.py:925} INFO - DAG(s) 'example_trigger_target_dag' retrieved from /home/airflow/.local/lib/python3.12/site-packages/airflow/example_dags/example_trigger_target_dag.py
[2025-05-20T03:07:16.870+0000] {logging_mixin.py:190} INFO - [2025-05-20T03:07:16.868+0000] {dag.py:3229} INFO - Sync 1 DAGs
[2025-05-20T03:07:16.913+0000] {logging_mixin.py:190} INFO - [2025-05-20T03:07:16.913+0000] {dag.py:4156} INFO - Setting next_dagrun for example_trigger_target_dag to None, run_after=None
[2025-05-20T03:07:16.982+0000] {processor.py:208} INFO - Processing /home/airflow/.local/lib/python3.12/site-packages/airflow/example_dags/example_trigger_target_dag.py took 0.267 seconds
[2025-05-20T03:07:48.310+0000] {processor.py:186} INFO - Started process (PID=1777) to work on /home/airflow/.local/lib/python3.12/site-packages/airflow/example_dags/example_trigger_target_dag.py
[2025-05-20T03:07:48.312+0000] {processor.py:914} INFO - Processing file /home/airflow/.local/lib/python3.12/site-packages/airflow/example_dags/example_trigger_target_dag.py for tasks to queue
[2025-05-20T03:07:48.317+0000] {logging_mixin.py:190} INFO - [2025-05-20T03:07:48.317+0000] {dagbag.py:587} INFO - Filling up the DagBag from /home/airflow/.local/lib/python3.12/site-packages/airflow/example_dags/example_trigger_target_dag.py
[2025-05-20T03:07:48.362+0000] {processor.py:925} INFO - DAG(s) 'example_trigger_target_dag' retrieved from /home/airflow/.local/lib/python3.12/site-packages/airflow/example_dags/example_trigger_target_dag.py
[2025-05-20T03:07:48.410+0000] {logging_mixin.py:190} INFO - [2025-05-20T03:07:48.409+0000] {dag.py:3229} INFO - Sync 1 DAGs
[2025-05-20T03:07:48.430+0000] {logging_mixin.py:190} INFO - [2025-05-20T03:07:48.429+0000] {dag.py:4156} INFO - Setting next_dagrun for example_trigger_target_dag to None, run_after=None
[2025-05-20T03:07:48.478+0000] {processor.py:208} INFO - Processing /home/airflow/.local/lib/python3.12/site-packages/airflow/example_dags/example_trigger_target_dag.py took 0.171 seconds
[2025-05-20T03:08:19.519+0000] {processor.py:186} INFO - Started process (PID=1839) to work on /home/airflow/.local/lib/python3.12/site-packages/airflow/example_dags/example_trigger_target_dag.py
[2025-05-20T03:08:19.523+0000] {processor.py:914} INFO - Processing file /home/airflow/.local/lib/python3.12/site-packages/airflow/example_dags/example_trigger_target_dag.py for tasks to queue
[2025-05-20T03:08:19.528+0000] {logging_mixin.py:190} INFO - [2025-05-20T03:08:19.527+0000] {dagbag.py:587} INFO - Filling up the DagBag from /home/airflow/.local/lib/python3.12/site-packages/airflow/example_dags/example_trigger_target_dag.py
[2025-05-20T03:08:19.541+0000] {processor.py:925} INFO - DAG(s) 'example_trigger_target_dag' retrieved from /home/airflow/.local/lib/python3.12/site-packages/airflow/example_dags/example_trigger_target_dag.py
[2025-05-20T03:08:19.578+0000] {logging_mixin.py:190} INFO - [2025-05-20T03:08:19.578+0000] {dag.py:3229} INFO - Sync 1 DAGs
[2025-05-20T03:08:19.605+0000] {logging_mixin.py:190} INFO - [2025-05-20T03:08:19.605+0000] {dag.py:4156} INFO - Setting next_dagrun for example_trigger_target_dag to None, run_after=None
[2025-05-20T03:08:19.674+0000] {processor.py:208} INFO - Processing /home/airflow/.local/lib/python3.12/site-packages/airflow/example_dags/example_trigger_target_dag.py took 0.159 seconds
[2025-05-20T03:08:50.355+0000] {processor.py:186} INFO - Started process (PID=1902) to work on /home/airflow/.local/lib/python3.12/site-packages/airflow/example_dags/example_trigger_target_dag.py
[2025-05-20T03:08:50.356+0000] {processor.py:914} INFO - Processing file /home/airflow/.local/lib/python3.12/site-packages/airflow/example_dags/example_trigger_target_dag.py for tasks to queue
[2025-05-20T03:08:50.360+0000] {logging_mixin.py:190} INFO - [2025-05-20T03:08:50.360+0000] {dagbag.py:587} INFO - Filling up the DagBag from /home/airflow/.local/lib/python3.12/site-packages/airflow/example_dags/example_trigger_target_dag.py
[2025-05-20T03:08:50.374+0000] {processor.py:925} INFO - DAG(s) 'example_trigger_target_dag' retrieved from /home/airflow/.local/lib/python3.12/site-packages/airflow/example_dags/example_trigger_target_dag.py
[2025-05-20T03:08:50.429+0000] {logging_mixin.py:190} INFO - [2025-05-20T03:08:50.428+0000] {dag.py:3229} INFO - Sync 1 DAGs
[2025-05-20T03:08:50.516+0000] {logging_mixin.py:190} INFO - [2025-05-20T03:08:50.516+0000] {dag.py:4156} INFO - Setting next_dagrun for example_trigger_target_dag to None, run_after=None
[2025-05-20T03:08:50.598+0000] {processor.py:208} INFO - Processing /home/airflow/.local/lib/python3.12/site-packages/airflow/example_dags/example_trigger_target_dag.py took 0.247 seconds
[2025-05-20T03:09:20.679+0000] {processor.py:186} INFO - Started process (PID=1966) to work on /home/airflow/.local/lib/python3.12/site-packages/airflow/example_dags/example_trigger_target_dag.py
[2025-05-20T03:09:20.684+0000] {processor.py:914} INFO - Processing file /home/airflow/.local/lib/python3.12/site-packages/airflow/example_dags/example_trigger_target_dag.py for tasks to queue
[2025-05-20T03:09:20.689+0000] {logging_mixin.py:190} INFO - [2025-05-20T03:09:20.688+0000] {dagbag.py:587} INFO - Filling up the DagBag from /home/airflow/.local/lib/python3.12/site-packages/airflow/example_dags/example_trigger_target_dag.py
[2025-05-20T03:09:20.704+0000] {processor.py:925} INFO - DAG(s) 'example_trigger_target_dag' retrieved from /home/airflow/.local/lib/python3.12/site-packages/airflow/example_dags/example_trigger_target_dag.py
[2025-05-20T03:09:20.756+0000] {logging_mixin.py:190} INFO - [2025-05-20T03:09:20.754+0000] {dag.py:3229} INFO - Sync 1 DAGs
[2025-05-20T03:09:20.778+0000] {logging_mixin.py:190} INFO - [2025-05-20T03:09:20.778+0000] {dag.py:4156} INFO - Setting next_dagrun for example_trigger_target_dag to None, run_after=None
[2025-05-20T03:09:20.822+0000] {processor.py:208} INFO - Processing /home/airflow/.local/lib/python3.12/site-packages/airflow/example_dags/example_trigger_target_dag.py took 0.147 seconds
[2025-05-20T03:09:52.241+0000] {processor.py:186} INFO - Started process (PID=2029) to work on /home/airflow/.local/lib/python3.12/site-packages/airflow/example_dags/example_trigger_target_dag.py
[2025-05-20T03:09:52.244+0000] {processor.py:914} INFO - Processing file /home/airflow/.local/lib/python3.12/site-packages/airflow/example_dags/example_trigger_target_dag.py for tasks to queue
[2025-05-20T03:09:52.250+0000] {logging_mixin.py:190} INFO - [2025-05-20T03:09:52.250+0000] {dagbag.py:587} INFO - Filling up the DagBag from /home/airflow/.local/lib/python3.12/site-packages/airflow/example_dags/example_trigger_target_dag.py
[2025-05-20T03:09:52.260+0000] {processor.py:925} INFO - DAG(s) 'example_trigger_target_dag' retrieved from /home/airflow/.local/lib/python3.12/site-packages/airflow/example_dags/example_trigger_target_dag.py
[2025-05-20T03:09:52.281+0000] {logging_mixin.py:190} INFO - [2025-05-20T03:09:52.281+0000] {dag.py:3229} INFO - Sync 1 DAGs
[2025-05-20T03:09:52.318+0000] {logging_mixin.py:190} INFO - [2025-05-20T03:09:52.316+0000] {dag.py:4156} INFO - Setting next_dagrun for example_trigger_target_dag to None, run_after=None
[2025-05-20T03:09:52.397+0000] {processor.py:208} INFO - Processing /home/airflow/.local/lib/python3.12/site-packages/airflow/example_dags/example_trigger_target_dag.py took 0.161 seconds
[2025-05-20T03:10:23.378+0000] {processor.py:186} INFO - Started process (PID=2092) to work on /home/airflow/.local/lib/python3.12/site-packages/airflow/example_dags/example_trigger_target_dag.py
[2025-05-20T03:10:23.380+0000] {processor.py:914} INFO - Processing file /home/airflow/.local/lib/python3.12/site-packages/airflow/example_dags/example_trigger_target_dag.py for tasks to queue
[2025-05-20T03:10:23.390+0000] {logging_mixin.py:190} INFO - [2025-05-20T03:10:23.389+0000] {dagbag.py:587} INFO - Filling up the DagBag from /home/airflow/.local/lib/python3.12/site-packages/airflow/example_dags/example_trigger_target_dag.py
[2025-05-20T03:10:23.397+0000] {processor.py:925} INFO - DAG(s) 'example_trigger_target_dag' retrieved from /home/airflow/.local/lib/python3.12/site-packages/airflow/example_dags/example_trigger_target_dag.py
[2025-05-20T03:10:23.444+0000] {logging_mixin.py:190} INFO - [2025-05-20T03:10:23.439+0000] {dag.py:3229} INFO - Sync 1 DAGs
[2025-05-20T03:10:23.472+0000] {logging_mixin.py:190} INFO - [2025-05-20T03:10:23.472+0000] {dag.py:4156} INFO - Setting next_dagrun for example_trigger_target_dag to None, run_after=None
[2025-05-20T03:10:23.495+0000] {processor.py:208} INFO - Processing /home/airflow/.local/lib/python3.12/site-packages/airflow/example_dags/example_trigger_target_dag.py took 0.121 seconds
[2025-05-20T03:10:53.948+0000] {processor.py:186} INFO - Started process (PID=2155) to work on /home/airflow/.local/lib/python3.12/site-packages/airflow/example_dags/example_trigger_target_dag.py
[2025-05-20T03:10:53.950+0000] {processor.py:914} INFO - Processing file /home/airflow/.local/lib/python3.12/site-packages/airflow/example_dags/example_trigger_target_dag.py for tasks to queue
[2025-05-20T03:10:53.964+0000] {logging_mixin.py:190} INFO - [2025-05-20T03:10:53.963+0000] {dagbag.py:587} INFO - Filling up the DagBag from /home/airflow/.local/lib/python3.12/site-packages/airflow/example_dags/example_trigger_target_dag.py
[2025-05-20T03:10:53.981+0000] {processor.py:925} INFO - DAG(s) 'example_trigger_target_dag' retrieved from /home/airflow/.local/lib/python3.12/site-packages/airflow/example_dags/example_trigger_target_dag.py
[2025-05-20T03:10:54.000+0000] {logging_mixin.py:190} INFO - [2025-05-20T03:10:54.000+0000] {dag.py:3229} INFO - Sync 1 DAGs
[2025-05-20T03:10:54.024+0000] {logging_mixin.py:190} INFO - [2025-05-20T03:10:54.024+0000] {dag.py:4156} INFO - Setting next_dagrun for example_trigger_target_dag to None, run_after=None
[2025-05-20T03:10:54.099+0000] {processor.py:208} INFO - Processing /home/airflow/.local/lib/python3.12/site-packages/airflow/example_dags/example_trigger_target_dag.py took 0.154 seconds
[2025-05-20T03:11:24.455+0000] {processor.py:186} INFO - Started process (PID=2217) to work on /home/airflow/.local/lib/python3.12/site-packages/airflow/example_dags/example_trigger_target_dag.py
[2025-05-20T03:11:24.459+0000] {processor.py:914} INFO - Processing file /home/airflow/.local/lib/python3.12/site-packages/airflow/example_dags/example_trigger_target_dag.py for tasks to queue
[2025-05-20T03:11:24.473+0000] {logging_mixin.py:190} INFO - [2025-05-20T03:11:24.472+0000] {dagbag.py:587} INFO - Filling up the DagBag from /home/airflow/.local/lib/python3.12/site-packages/airflow/example_dags/example_trigger_target_dag.py
[2025-05-20T03:11:24.490+0000] {processor.py:925} INFO - DAG(s) 'example_trigger_target_dag' retrieved from /home/airflow/.local/lib/python3.12/site-packages/airflow/example_dags/example_trigger_target_dag.py
[2025-05-20T03:11:24.552+0000] {logging_mixin.py:190} INFO - [2025-05-20T03:11:24.551+0000] {dag.py:3229} INFO - Sync 1 DAGs
[2025-05-20T03:11:24.583+0000] {logging_mixin.py:190} INFO - [2025-05-20T03:11:24.583+0000] {dag.py:4156} INFO - Setting next_dagrun for example_trigger_target_dag to None, run_after=None
[2025-05-20T03:11:24.617+0000] {processor.py:208} INFO - Processing /home/airflow/.local/lib/python3.12/site-packages/airflow/example_dags/example_trigger_target_dag.py took 0.169 seconds
[2025-05-20T03:11:54.961+0000] {processor.py:186} INFO - Started process (PID=2280) to work on /home/airflow/.local/lib/python3.12/site-packages/airflow/example_dags/example_trigger_target_dag.py
[2025-05-20T03:11:54.964+0000] {processor.py:914} INFO - Processing file /home/airflow/.local/lib/python3.12/site-packages/airflow/example_dags/example_trigger_target_dag.py for tasks to queue
[2025-05-20T03:11:54.974+0000] {logging_mixin.py:190} INFO - [2025-05-20T03:11:54.973+0000] {dagbag.py:587} INFO - Filling up the DagBag from /home/airflow/.local/lib/python3.12/site-packages/airflow/example_dags/example_trigger_target_dag.py
[2025-05-20T03:11:54.990+0000] {processor.py:925} INFO - DAG(s) 'example_trigger_target_dag' retrieved from /home/airflow/.local/lib/python3.12/site-packages/airflow/example_dags/example_trigger_target_dag.py
[2025-05-20T03:11:55.013+0000] {logging_mixin.py:190} INFO - [2025-05-20T03:11:55.013+0000] {dag.py:3229} INFO - Sync 1 DAGs
[2025-05-20T03:11:55.027+0000] {logging_mixin.py:190} INFO - [2025-05-20T03:11:55.027+0000] {dag.py:4156} INFO - Setting next_dagrun for example_trigger_target_dag to None, run_after=None
[2025-05-20T03:11:55.095+0000] {processor.py:208} INFO - Processing /home/airflow/.local/lib/python3.12/site-packages/airflow/example_dags/example_trigger_target_dag.py took 0.139 seconds
[2025-05-20T03:12:26.649+0000] {processor.py:186} INFO - Started process (PID=2343) to work on /home/airflow/.local/lib/python3.12/site-packages/airflow/example_dags/example_trigger_target_dag.py
[2025-05-20T03:12:26.650+0000] {processor.py:914} INFO - Processing file /home/airflow/.local/lib/python3.12/site-packages/airflow/example_dags/example_trigger_target_dag.py for tasks to queue
[2025-05-20T03:12:26.656+0000] {logging_mixin.py:190} INFO - [2025-05-20T03:12:26.654+0000] {dagbag.py:587} INFO - Filling up the DagBag from /home/airflow/.local/lib/python3.12/site-packages/airflow/example_dags/example_trigger_target_dag.py
[2025-05-20T03:12:26.708+0000] {processor.py:925} INFO - DAG(s) 'example_trigger_target_dag' retrieved from /home/airflow/.local/lib/python3.12/site-packages/airflow/example_dags/example_trigger_target_dag.py
[2025-05-20T03:12:26.771+0000] {logging_mixin.py:190} INFO - [2025-05-20T03:12:26.770+0000] {dag.py:3229} INFO - Sync 1 DAGs
[2025-05-20T03:12:26.787+0000] {logging_mixin.py:190} INFO - [2025-05-20T03:12:26.787+0000] {dag.py:4156} INFO - Setting next_dagrun for example_trigger_target_dag to None, run_after=None
[2025-05-20T03:12:26.895+0000] {processor.py:208} INFO - Processing /home/airflow/.local/lib/python3.12/site-packages/airflow/example_dags/example_trigger_target_dag.py took 0.250 seconds
[2025-05-20T03:12:57.646+0000] {processor.py:186} INFO - Started process (PID=2411) to work on /home/airflow/.local/lib/python3.12/site-packages/airflow/example_dags/example_trigger_target_dag.py
[2025-05-20T03:12:57.648+0000] {processor.py:914} INFO - Processing file /home/airflow/.local/lib/python3.12/site-packages/airflow/example_dags/example_trigger_target_dag.py for tasks to queue
[2025-05-20T03:12:57.664+0000] {logging_mixin.py:190} INFO - [2025-05-20T03:12:57.656+0000] {dagbag.py:587} INFO - Filling up the DagBag from /home/airflow/.local/lib/python3.12/site-packages/airflow/example_dags/example_trigger_target_dag.py
[2025-05-20T03:12:57.700+0000] {processor.py:925} INFO - DAG(s) 'example_trigger_target_dag' retrieved from /home/airflow/.local/lib/python3.12/site-packages/airflow/example_dags/example_trigger_target_dag.py
[2025-05-20T03:12:57.814+0000] {logging_mixin.py:190} INFO - [2025-05-20T03:12:57.813+0000] {dag.py:3229} INFO - Sync 1 DAGs
[2025-05-20T03:12:57.847+0000] {logging_mixin.py:190} INFO - [2025-05-20T03:12:57.846+0000] {dag.py:4156} INFO - Setting next_dagrun for example_trigger_target_dag to None, run_after=None
[2025-05-20T03:12:57.880+0000] {processor.py:208} INFO - Processing /home/airflow/.local/lib/python3.12/site-packages/airflow/example_dags/example_trigger_target_dag.py took 0.240 seconds
[2025-05-20T03:13:28.862+0000] {processor.py:186} INFO - Started process (PID=2475) to work on /home/airflow/.local/lib/python3.12/site-packages/airflow/example_dags/example_trigger_target_dag.py
[2025-05-20T03:13:28.864+0000] {processor.py:914} INFO - Processing file /home/airflow/.local/lib/python3.12/site-packages/airflow/example_dags/example_trigger_target_dag.py for tasks to queue
[2025-05-20T03:13:28.878+0000] {logging_mixin.py:190} INFO - [2025-05-20T03:13:28.875+0000] {dagbag.py:587} INFO - Filling up the DagBag from /home/airflow/.local/lib/python3.12/site-packages/airflow/example_dags/example_trigger_target_dag.py
[2025-05-20T03:13:28.885+0000] {processor.py:925} INFO - DAG(s) 'example_trigger_target_dag' retrieved from /home/airflow/.local/lib/python3.12/site-packages/airflow/example_dags/example_trigger_target_dag.py
[2025-05-20T03:13:28.929+0000] {logging_mixin.py:190} INFO - [2025-05-20T03:13:28.928+0000] {dag.py:3229} INFO - Sync 1 DAGs
[2025-05-20T03:13:28.946+0000] {logging_mixin.py:190} INFO - [2025-05-20T03:13:28.946+0000] {dag.py:4156} INFO - Setting next_dagrun for example_trigger_target_dag to None, run_after=None
[2025-05-20T03:13:29.003+0000] {processor.py:208} INFO - Processing /home/airflow/.local/lib/python3.12/site-packages/airflow/example_dags/example_trigger_target_dag.py took 0.146 seconds
[2025-05-20T03:13:59.227+0000] {processor.py:186} INFO - Started process (PID=2538) to work on /home/airflow/.local/lib/python3.12/site-packages/airflow/example_dags/example_trigger_target_dag.py
[2025-05-20T03:13:59.230+0000] {processor.py:914} INFO - Processing file /home/airflow/.local/lib/python3.12/site-packages/airflow/example_dags/example_trigger_target_dag.py for tasks to queue
[2025-05-20T03:13:59.243+0000] {logging_mixin.py:190} INFO - [2025-05-20T03:13:59.243+0000] {dagbag.py:587} INFO - Filling up the DagBag from /home/airflow/.local/lib/python3.12/site-packages/airflow/example_dags/example_trigger_target_dag.py
[2025-05-20T03:13:59.251+0000] {processor.py:925} INFO - DAG(s) 'example_trigger_target_dag' retrieved from /home/airflow/.local/lib/python3.12/site-packages/airflow/example_dags/example_trigger_target_dag.py
[2025-05-20T03:13:59.327+0000] {logging_mixin.py:190} INFO - [2025-05-20T03:13:59.327+0000] {dag.py:3229} INFO - Sync 1 DAGs
[2025-05-20T03:13:59.356+0000] {logging_mixin.py:190} INFO - [2025-05-20T03:13:59.356+0000] {dag.py:4156} INFO - Setting next_dagrun for example_trigger_target_dag to None, run_after=None
[2025-05-20T03:13:59.423+0000] {processor.py:208} INFO - Processing /home/airflow/.local/lib/python3.12/site-packages/airflow/example_dags/example_trigger_target_dag.py took 0.199 seconds
[2025-05-20T03:14:29.850+0000] {processor.py:186} INFO - Started process (PID=2601) to work on /home/airflow/.local/lib/python3.12/site-packages/airflow/example_dags/example_trigger_target_dag.py
[2025-05-20T03:14:29.852+0000] {processor.py:914} INFO - Processing file /home/airflow/.local/lib/python3.12/site-packages/airflow/example_dags/example_trigger_target_dag.py for tasks to queue
[2025-05-20T03:14:29.862+0000] {logging_mixin.py:190} INFO - [2025-05-20T03:14:29.861+0000] {dagbag.py:587} INFO - Filling up the DagBag from /home/airflow/.local/lib/python3.12/site-packages/airflow/example_dags/example_trigger_target_dag.py
[2025-05-20T03:14:29.894+0000] {processor.py:925} INFO - DAG(s) 'example_trigger_target_dag' retrieved from /home/airflow/.local/lib/python3.12/site-packages/airflow/example_dags/example_trigger_target_dag.py
[2025-05-20T03:14:29.946+0000] {logging_mixin.py:190} INFO - [2025-05-20T03:14:29.946+0000] {dag.py:3229} INFO - Sync 1 DAGs
[2025-05-20T03:14:29.972+0000] {logging_mixin.py:190} INFO - [2025-05-20T03:14:29.970+0000] {dag.py:4156} INFO - Setting next_dagrun for example_trigger_target_dag to None, run_after=None
[2025-05-20T03:14:30.028+0000] {processor.py:208} INFO - Processing /home/airflow/.local/lib/python3.12/site-packages/airflow/example_dags/example_trigger_target_dag.py took 0.181 seconds
[2025-05-20T03:15:00.268+0000] {processor.py:186} INFO - Started process (PID=2664) to work on /home/airflow/.local/lib/python3.12/site-packages/airflow/example_dags/example_trigger_target_dag.py
[2025-05-20T03:15:00.270+0000] {processor.py:914} INFO - Processing file /home/airflow/.local/lib/python3.12/site-packages/airflow/example_dags/example_trigger_target_dag.py for tasks to queue
[2025-05-20T03:15:00.296+0000] {logging_mixin.py:190} INFO - [2025-05-20T03:15:00.295+0000] {dagbag.py:587} INFO - Filling up the DagBag from /home/airflow/.local/lib/python3.12/site-packages/airflow/example_dags/example_trigger_target_dag.py
[2025-05-20T03:15:00.309+0000] {processor.py:925} INFO - DAG(s) 'example_trigger_target_dag' retrieved from /home/airflow/.local/lib/python3.12/site-packages/airflow/example_dags/example_trigger_target_dag.py
[2025-05-20T03:15:00.366+0000] {logging_mixin.py:190} INFO - [2025-05-20T03:15:00.365+0000] {dag.py:3229} INFO - Sync 1 DAGs
[2025-05-20T03:15:00.389+0000] {logging_mixin.py:190} INFO - [2025-05-20T03:15:00.389+0000] {dag.py:4156} INFO - Setting next_dagrun for example_trigger_target_dag to None, run_after=None
[2025-05-20T03:15:00.448+0000] {processor.py:208} INFO - Processing /home/airflow/.local/lib/python3.12/site-packages/airflow/example_dags/example_trigger_target_dag.py took 0.184 seconds
[2025-05-20T03:15:30.796+0000] {processor.py:186} INFO - Started process (PID=2727) to work on /home/airflow/.local/lib/python3.12/site-packages/airflow/example_dags/example_trigger_target_dag.py
[2025-05-20T03:15:30.797+0000] {processor.py:914} INFO - Processing file /home/airflow/.local/lib/python3.12/site-packages/airflow/example_dags/example_trigger_target_dag.py for tasks to queue
[2025-05-20T03:15:30.800+0000] {logging_mixin.py:190} INFO - [2025-05-20T03:15:30.799+0000] {dagbag.py:587} INFO - Filling up the DagBag from /home/airflow/.local/lib/python3.12/site-packages/airflow/example_dags/example_trigger_target_dag.py
[2025-05-20T03:15:30.824+0000] {processor.py:925} INFO - DAG(s) 'example_trigger_target_dag' retrieved from /home/airflow/.local/lib/python3.12/site-packages/airflow/example_dags/example_trigger_target_dag.py
[2025-05-20T03:15:30.844+0000] {logging_mixin.py:190} INFO - [2025-05-20T03:15:30.844+0000] {dag.py:3229} INFO - Sync 1 DAGs
[2025-05-20T03:15:30.860+0000] {logging_mixin.py:190} INFO - [2025-05-20T03:15:30.859+0000] {dag.py:4156} INFO - Setting next_dagrun for example_trigger_target_dag to None, run_after=None
[2025-05-20T03:15:30.908+0000] {processor.py:208} INFO - Processing /home/airflow/.local/lib/python3.12/site-packages/airflow/example_dags/example_trigger_target_dag.py took 0.116 seconds
[2025-05-20T03:16:01.622+0000] {processor.py:186} INFO - Started process (PID=2790) to work on /home/airflow/.local/lib/python3.12/site-packages/airflow/example_dags/example_trigger_target_dag.py
[2025-05-20T03:16:01.625+0000] {processor.py:914} INFO - Processing file /home/airflow/.local/lib/python3.12/site-packages/airflow/example_dags/example_trigger_target_dag.py for tasks to queue
[2025-05-20T03:16:01.630+0000] {logging_mixin.py:190} INFO - [2025-05-20T03:16:01.629+0000] {dagbag.py:587} INFO - Filling up the DagBag from /home/airflow/.local/lib/python3.12/site-packages/airflow/example_dags/example_trigger_target_dag.py
[2025-05-20T03:16:01.639+0000] {processor.py:925} INFO - DAG(s) 'example_trigger_target_dag' retrieved from /home/airflow/.local/lib/python3.12/site-packages/airflow/example_dags/example_trigger_target_dag.py
[2025-05-20T03:16:01.682+0000] {logging_mixin.py:190} INFO - [2025-05-20T03:16:01.682+0000] {dag.py:3229} INFO - Sync 1 DAGs
[2025-05-20T03:16:01.741+0000] {logging_mixin.py:190} INFO - [2025-05-20T03:16:01.740+0000] {dag.py:4156} INFO - Setting next_dagrun for example_trigger_target_dag to None, run_after=None
[2025-05-20T03:16:01.824+0000] {processor.py:208} INFO - Processing /home/airflow/.local/lib/python3.12/site-packages/airflow/example_dags/example_trigger_target_dag.py took 0.204 seconds
