[2025-05-20T02:51:00.481+0000] {processor.py:186} INFO - Started process (PID=100) to work on /home/airflow/.local/lib/python3.12/site-packages/airflow/example_dags/example_branch_python_dop_operator_3.py
[2025-05-20T02:51:00.483+0000] {processor.py:914} INFO - Processing file /home/airflow/.local/lib/python3.12/site-packages/airflow/example_dags/example_branch_python_dop_operator_3.py for tasks to queue
[2025-05-20T02:51:00.505+0000] {logging_mixin.py:190} INFO - [2025-05-20T02:51:00.498+0000] {dagbag.py:587} INFO - Filling up the DagBag from /home/airflow/.local/lib/python3.12/site-packages/airflow/example_dags/example_branch_python_dop_operator_3.py
[2025-05-20T02:51:00.532+0000] {processor.py:925} INFO - DAG(s) 'example_branch_dop_operator_v3' retrieved from /home/airflow/.local/lib/python3.12/site-packages/airflow/example_dags/example_branch_python_dop_operator_3.py
[2025-05-20T02:51:00.687+0000] {logging_mixin.py:190} INFO - [2025-05-20T02:51:00.684+0000] {override.py:1900} INFO - Created Permission View: can read on DAG:example_branch_dop_operator_v3
[2025-05-20T02:51:00.716+0000] {logging_mixin.py:190} INFO - [2025-05-20T02:51:00.715+0000] {override.py:1900} INFO - Created Permission View: can delete on DAG:example_branch_dop_operator_v3
[2025-05-20T02:51:00.738+0000] {logging_mixin.py:190} INFO - [2025-05-20T02:51:00.737+0000] {override.py:1900} INFO - Created Permission View: can edit on DAG:example_branch_dop_operator_v3
[2025-05-20T02:51:00.785+0000] {logging_mixin.py:190} INFO - [2025-05-20T02:51:00.781+0000] {override.py:1900} INFO - Created Permission View: can read on DAG Run:example_branch_dop_operator_v3
[2025-05-20T02:51:00.830+0000] {logging_mixin.py:190} INFO - [2025-05-20T02:51:00.829+0000] {override.py:1900} INFO - Created Permission View: can delete on DAG Run:example_branch_dop_operator_v3
[2025-05-20T02:51:00.862+0000] {logging_mixin.py:190} INFO - [2025-05-20T02:51:00.861+0000] {override.py:1900} INFO - Created Permission View: can create on DAG Run:example_branch_dop_operator_v3
[2025-05-20T02:51:00.883+0000] {logging_mixin.py:190} INFO - [2025-05-20T02:51:00.881+0000] {override.py:1900} INFO - Created Permission View: menu access on DAG Run:example_branch_dop_operator_v3
[2025-05-20T02:51:00.883+0000] {logging_mixin.py:190} INFO - [2025-05-20T02:51:00.883+0000] {dag.py:3229} INFO - Sync 1 DAGs
[2025-05-20T02:51:00.917+0000] {logging_mixin.py:190} INFO - [2025-05-20T02:51:00.917+0000] {dag.py:3252} INFO - Creating ORM DAG for example_branch_dop_operator_v3
[2025-05-20T02:51:00.943+0000] {logging_mixin.py:190} INFO - [2025-05-20T02:51:00.943+0000] {dag.py:4156} INFO - Setting next_dagrun for example_branch_dop_operator_v3 to 2025-05-20 02:50:00+00:00, run_after=2025-05-20 02:51:00+00:00
[2025-05-20T02:51:00.971+0000] {processor.py:208} INFO - Processing /home/airflow/.local/lib/python3.12/site-packages/airflow/example_dags/example_branch_python_dop_operator_3.py took 0.495 seconds
[2025-05-20T02:51:31.533+0000] {processor.py:186} INFO - Started process (PID=162) to work on /home/airflow/.local/lib/python3.12/site-packages/airflow/example_dags/example_branch_python_dop_operator_3.py
[2025-05-20T02:51:31.534+0000] {processor.py:914} INFO - Processing file /home/airflow/.local/lib/python3.12/site-packages/airflow/example_dags/example_branch_python_dop_operator_3.py for tasks to queue
[2025-05-20T02:51:31.548+0000] {logging_mixin.py:190} INFO - [2025-05-20T02:51:31.545+0000] {dagbag.py:587} INFO - Filling up the DagBag from /home/airflow/.local/lib/python3.12/site-packages/airflow/example_dags/example_branch_python_dop_operator_3.py
[2025-05-20T02:51:31.588+0000] {processor.py:925} INFO - DAG(s) 'example_branch_dop_operator_v3' retrieved from /home/airflow/.local/lib/python3.12/site-packages/airflow/example_dags/example_branch_python_dop_operator_3.py
[2025-05-20T02:51:31.643+0000] {logging_mixin.py:190} INFO - [2025-05-20T02:51:31.643+0000] {dag.py:3229} INFO - Sync 1 DAGs
[2025-05-20T02:51:31.702+0000] {logging_mixin.py:190} INFO - [2025-05-20T02:51:31.702+0000] {dag.py:4156} INFO - Setting next_dagrun for example_branch_dop_operator_v3 to 2025-05-20 02:50:00+00:00, run_after=2025-05-20 02:51:00+00:00
[2025-05-20T02:51:31.745+0000] {processor.py:208} INFO - Processing /home/airflow/.local/lib/python3.12/site-packages/airflow/example_dags/example_branch_python_dop_operator_3.py took 0.216 seconds
[2025-05-20T02:52:01.809+0000] {processor.py:186} INFO - Started process (PID=223) to work on /home/airflow/.local/lib/python3.12/site-packages/airflow/example_dags/example_branch_python_dop_operator_3.py
[2025-05-20T02:52:01.812+0000] {processor.py:914} INFO - Processing file /home/airflow/.local/lib/python3.12/site-packages/airflow/example_dags/example_branch_python_dop_operator_3.py for tasks to queue
[2025-05-20T02:52:01.820+0000] {logging_mixin.py:190} INFO - [2025-05-20T02:52:01.818+0000] {dagbag.py:587} INFO - Filling up the DagBag from /home/airflow/.local/lib/python3.12/site-packages/airflow/example_dags/example_branch_python_dop_operator_3.py
[2025-05-20T02:52:01.853+0000] {processor.py:925} INFO - DAG(s) 'example_branch_dop_operator_v3' retrieved from /home/airflow/.local/lib/python3.12/site-packages/airflow/example_dags/example_branch_python_dop_operator_3.py
[2025-05-20T02:52:01.900+0000] {logging_mixin.py:190} INFO - [2025-05-20T02:52:01.900+0000] {dag.py:3229} INFO - Sync 1 DAGs
[2025-05-20T02:52:01.974+0000] {logging_mixin.py:190} INFO - [2025-05-20T02:52:01.974+0000] {dag.py:4156} INFO - Setting next_dagrun for example_branch_dop_operator_v3 to 2025-05-20 02:51:00+00:00, run_after=2025-05-20 02:52:00+00:00
[2025-05-20T02:52:02.023+0000] {processor.py:208} INFO - Processing /home/airflow/.local/lib/python3.12/site-packages/airflow/example_dags/example_branch_python_dop_operator_3.py took 0.222 seconds
[2025-05-20T02:54:01.005+0000] {processor.py:186} INFO - Started process (PID=101) to work on /home/airflow/.local/lib/python3.12/site-packages/airflow/example_dags/example_branch_python_dop_operator_3.py
[2025-05-20T02:54:01.006+0000] {processor.py:914} INFO - Processing file /home/airflow/.local/lib/python3.12/site-packages/airflow/example_dags/example_branch_python_dop_operator_3.py for tasks to queue
[2025-05-20T02:54:01.011+0000] {logging_mixin.py:190} INFO - [2025-05-20T02:54:01.010+0000] {dagbag.py:587} INFO - Filling up the DagBag from /home/airflow/.local/lib/python3.12/site-packages/airflow/example_dags/example_branch_python_dop_operator_3.py
[2025-05-20T02:54:01.023+0000] {processor.py:925} INFO - DAG(s) 'example_branch_dop_operator_v3' retrieved from /home/airflow/.local/lib/python3.12/site-packages/airflow/example_dags/example_branch_python_dop_operator_3.py
[2025-05-20T02:54:01.124+0000] {logging_mixin.py:190} INFO - [2025-05-20T02:54:01.121+0000] {dag.py:3229} INFO - Sync 1 DAGs
[2025-05-20T02:54:01.197+0000] {logging_mixin.py:190} INFO - [2025-05-20T02:54:01.189+0000] {dag.py:4156} INFO - Setting next_dagrun for example_branch_dop_operator_v3 to 2025-05-20 02:53:00+00:00, run_after=2025-05-20 02:54:00+00:00
[2025-05-20T02:54:01.252+0000] {processor.py:208} INFO - Processing /home/airflow/.local/lib/python3.12/site-packages/airflow/example_dags/example_branch_python_dop_operator_3.py took 0.254 seconds
[2025-05-20T02:54:31.614+0000] {processor.py:186} INFO - Started process (PID=164) to work on /home/airflow/.local/lib/python3.12/site-packages/airflow/example_dags/example_branch_python_dop_operator_3.py
[2025-05-20T02:54:31.616+0000] {processor.py:914} INFO - Processing file /home/airflow/.local/lib/python3.12/site-packages/airflow/example_dags/example_branch_python_dop_operator_3.py for tasks to queue
[2025-05-20T02:54:31.620+0000] {logging_mixin.py:190} INFO - [2025-05-20T02:54:31.620+0000] {dagbag.py:587} INFO - Filling up the DagBag from /home/airflow/.local/lib/python3.12/site-packages/airflow/example_dags/example_branch_python_dop_operator_3.py
[2025-05-20T02:54:31.649+0000] {processor.py:925} INFO - DAG(s) 'example_branch_dop_operator_v3' retrieved from /home/airflow/.local/lib/python3.12/site-packages/airflow/example_dags/example_branch_python_dop_operator_3.py
[2025-05-20T02:54:31.690+0000] {logging_mixin.py:190} INFO - [2025-05-20T02:54:31.688+0000] {dag.py:3229} INFO - Sync 1 DAGs
[2025-05-20T02:54:31.738+0000] {logging_mixin.py:190} INFO - [2025-05-20T02:54:31.738+0000] {dag.py:4156} INFO - Setting next_dagrun for example_branch_dop_operator_v3 to 2025-05-20 02:53:00+00:00, run_after=2025-05-20 02:54:00+00:00
[2025-05-20T02:54:31.809+0000] {processor.py:208} INFO - Processing /home/airflow/.local/lib/python3.12/site-packages/airflow/example_dags/example_branch_python_dop_operator_3.py took 0.201 seconds
[2025-05-20T02:55:03.115+0000] {processor.py:186} INFO - Started process (PID=227) to work on /home/airflow/.local/lib/python3.12/site-packages/airflow/example_dags/example_branch_python_dop_operator_3.py
[2025-05-20T02:55:03.117+0000] {processor.py:914} INFO - Processing file /home/airflow/.local/lib/python3.12/site-packages/airflow/example_dags/example_branch_python_dop_operator_3.py for tasks to queue
[2025-05-20T02:55:03.130+0000] {logging_mixin.py:190} INFO - [2025-05-20T02:55:03.123+0000] {dagbag.py:587} INFO - Filling up the DagBag from /home/airflow/.local/lib/python3.12/site-packages/airflow/example_dags/example_branch_python_dop_operator_3.py
[2025-05-20T02:55:03.176+0000] {processor.py:925} INFO - DAG(s) 'example_branch_dop_operator_v3' retrieved from /home/airflow/.local/lib/python3.12/site-packages/airflow/example_dags/example_branch_python_dop_operator_3.py
[2025-05-20T02:55:03.244+0000] {logging_mixin.py:190} INFO - [2025-05-20T02:55:03.242+0000] {dag.py:3229} INFO - Sync 1 DAGs
[2025-05-20T02:55:03.342+0000] {logging_mixin.py:190} INFO - [2025-05-20T02:55:03.341+0000] {dag.py:4156} INFO - Setting next_dagrun for example_branch_dop_operator_v3 to 2025-05-20 02:54:00+00:00, run_after=2025-05-20 02:55:00+00:00
[2025-05-20T02:55:03.400+0000] {processor.py:208} INFO - Processing /home/airflow/.local/lib/python3.12/site-packages/airflow/example_dags/example_branch_python_dop_operator_3.py took 0.289 seconds
[2025-05-20T02:55:33.952+0000] {processor.py:186} INFO - Started process (PID=290) to work on /home/airflow/.local/lib/python3.12/site-packages/airflow/example_dags/example_branch_python_dop_operator_3.py
[2025-05-20T02:55:33.953+0000] {processor.py:914} INFO - Processing file /home/airflow/.local/lib/python3.12/site-packages/airflow/example_dags/example_branch_python_dop_operator_3.py for tasks to queue
[2025-05-20T02:55:33.959+0000] {logging_mixin.py:190} INFO - [2025-05-20T02:55:33.958+0000] {dagbag.py:587} INFO - Filling up the DagBag from /home/airflow/.local/lib/python3.12/site-packages/airflow/example_dags/example_branch_python_dop_operator_3.py
[2025-05-20T02:55:33.968+0000] {processor.py:925} INFO - DAG(s) 'example_branch_dop_operator_v3' retrieved from /home/airflow/.local/lib/python3.12/site-packages/airflow/example_dags/example_branch_python_dop_operator_3.py
[2025-05-20T02:55:34.010+0000] {logging_mixin.py:190} INFO - [2025-05-20T02:55:34.010+0000] {dag.py:3229} INFO - Sync 1 DAGs
[2025-05-20T02:55:34.067+0000] {logging_mixin.py:190} INFO - [2025-05-20T02:55:34.067+0000] {dag.py:4156} INFO - Setting next_dagrun for example_branch_dop_operator_v3 to 2025-05-20 02:54:00+00:00, run_after=2025-05-20 02:55:00+00:00
[2025-05-20T02:55:34.092+0000] {processor.py:208} INFO - Processing /home/airflow/.local/lib/python3.12/site-packages/airflow/example_dags/example_branch_python_dop_operator_3.py took 0.144 seconds
[2025-05-20T02:56:05.212+0000] {processor.py:186} INFO - Started process (PID=353) to work on /home/airflow/.local/lib/python3.12/site-packages/airflow/example_dags/example_branch_python_dop_operator_3.py
[2025-05-20T02:56:05.216+0000] {processor.py:914} INFO - Processing file /home/airflow/.local/lib/python3.12/site-packages/airflow/example_dags/example_branch_python_dop_operator_3.py for tasks to queue
[2025-05-20T02:56:05.224+0000] {logging_mixin.py:190} INFO - [2025-05-20T02:56:05.223+0000] {dagbag.py:587} INFO - Filling up the DagBag from /home/airflow/.local/lib/python3.12/site-packages/airflow/example_dags/example_branch_python_dop_operator_3.py
[2025-05-20T02:56:05.237+0000] {processor.py:925} INFO - DAG(s) 'example_branch_dop_operator_v3' retrieved from /home/airflow/.local/lib/python3.12/site-packages/airflow/example_dags/example_branch_python_dop_operator_3.py
[2025-05-20T02:56:05.357+0000] {logging_mixin.py:190} INFO - [2025-05-20T02:56:05.357+0000] {dag.py:3229} INFO - Sync 1 DAGs
[2025-05-20T02:56:05.401+0000] {logging_mixin.py:190} INFO - [2025-05-20T02:56:05.401+0000] {dag.py:4156} INFO - Setting next_dagrun for example_branch_dop_operator_v3 to 2025-05-20 02:55:00+00:00, run_after=2025-05-20 02:56:00+00:00
[2025-05-20T02:56:05.475+0000] {processor.py:208} INFO - Processing /home/airflow/.local/lib/python3.12/site-packages/airflow/example_dags/example_branch_python_dop_operator_3.py took 0.279 seconds
[2025-05-20T02:56:36.661+0000] {processor.py:186} INFO - Started process (PID=416) to work on /home/airflow/.local/lib/python3.12/site-packages/airflow/example_dags/example_branch_python_dop_operator_3.py
[2025-05-20T02:56:36.667+0000] {processor.py:914} INFO - Processing file /home/airflow/.local/lib/python3.12/site-packages/airflow/example_dags/example_branch_python_dop_operator_3.py for tasks to queue
[2025-05-20T02:56:36.694+0000] {logging_mixin.py:190} INFO - [2025-05-20T02:56:36.683+0000] {dagbag.py:587} INFO - Filling up the DagBag from /home/airflow/.local/lib/python3.12/site-packages/airflow/example_dags/example_branch_python_dop_operator_3.py
[2025-05-20T02:56:36.715+0000] {processor.py:925} INFO - DAG(s) 'example_branch_dop_operator_v3' retrieved from /home/airflow/.local/lib/python3.12/site-packages/airflow/example_dags/example_branch_python_dop_operator_3.py
[2025-05-20T02:56:36.782+0000] {logging_mixin.py:190} INFO - [2025-05-20T02:56:36.782+0000] {dag.py:3229} INFO - Sync 1 DAGs
[2025-05-20T02:56:36.845+0000] {logging_mixin.py:190} INFO - [2025-05-20T02:56:36.845+0000] {dag.py:4156} INFO - Setting next_dagrun for example_branch_dop_operator_v3 to 2025-05-20 02:55:00+00:00, run_after=2025-05-20 02:56:00+00:00
[2025-05-20T02:56:36.908+0000] {processor.py:208} INFO - Processing /home/airflow/.local/lib/python3.12/site-packages/airflow/example_dags/example_branch_python_dop_operator_3.py took 0.251 seconds
[2025-05-20T02:57:07.146+0000] {processor.py:186} INFO - Started process (PID=479) to work on /home/airflow/.local/lib/python3.12/site-packages/airflow/example_dags/example_branch_python_dop_operator_3.py
[2025-05-20T02:57:07.150+0000] {processor.py:914} INFO - Processing file /home/airflow/.local/lib/python3.12/site-packages/airflow/example_dags/example_branch_python_dop_operator_3.py for tasks to queue
[2025-05-20T02:57:07.161+0000] {logging_mixin.py:190} INFO - [2025-05-20T02:57:07.159+0000] {dagbag.py:587} INFO - Filling up the DagBag from /home/airflow/.local/lib/python3.12/site-packages/airflow/example_dags/example_branch_python_dop_operator_3.py
[2025-05-20T02:57:07.182+0000] {processor.py:925} INFO - DAG(s) 'example_branch_dop_operator_v3' retrieved from /home/airflow/.local/lib/python3.12/site-packages/airflow/example_dags/example_branch_python_dop_operator_3.py
[2025-05-20T02:57:07.267+0000] {logging_mixin.py:190} INFO - [2025-05-20T02:57:07.267+0000] {dag.py:3229} INFO - Sync 1 DAGs
[2025-05-20T02:57:07.330+0000] {logging_mixin.py:190} INFO - [2025-05-20T02:57:07.330+0000] {dag.py:4156} INFO - Setting next_dagrun for example_branch_dop_operator_v3 to 2025-05-20 02:56:00+00:00, run_after=2025-05-20 02:57:00+00:00
[2025-05-20T02:57:07.432+0000] {processor.py:208} INFO - Processing /home/airflow/.local/lib/python3.12/site-packages/airflow/example_dags/example_branch_python_dop_operator_3.py took 0.291 seconds
[2025-05-20T02:57:37.595+0000] {processor.py:186} INFO - Started process (PID=542) to work on /home/airflow/.local/lib/python3.12/site-packages/airflow/example_dags/example_branch_python_dop_operator_3.py
[2025-05-20T02:57:37.596+0000] {processor.py:914} INFO - Processing file /home/airflow/.local/lib/python3.12/site-packages/airflow/example_dags/example_branch_python_dop_operator_3.py for tasks to queue
[2025-05-20T02:57:37.602+0000] {logging_mixin.py:190} INFO - [2025-05-20T02:57:37.602+0000] {dagbag.py:587} INFO - Filling up the DagBag from /home/airflow/.local/lib/python3.12/site-packages/airflow/example_dags/example_branch_python_dop_operator_3.py
[2025-05-20T02:57:37.616+0000] {processor.py:925} INFO - DAG(s) 'example_branch_dop_operator_v3' retrieved from /home/airflow/.local/lib/python3.12/site-packages/airflow/example_dags/example_branch_python_dop_operator_3.py
[2025-05-20T02:57:37.656+0000] {logging_mixin.py:190} INFO - [2025-05-20T02:57:37.656+0000] {dag.py:3229} INFO - Sync 1 DAGs
[2025-05-20T02:57:37.718+0000] {logging_mixin.py:190} INFO - [2025-05-20T02:57:37.718+0000] {dag.py:4156} INFO - Setting next_dagrun for example_branch_dop_operator_v3 to 2025-05-20 02:56:00+00:00, run_after=2025-05-20 02:57:00+00:00
[2025-05-20T02:57:37.768+0000] {processor.py:208} INFO - Processing /home/airflow/.local/lib/python3.12/site-packages/airflow/example_dags/example_branch_python_dop_operator_3.py took 0.177 seconds
[2025-05-20T02:58:09.099+0000] {processor.py:186} INFO - Started process (PID=605) to work on /home/airflow/.local/lib/python3.12/site-packages/airflow/example_dags/example_branch_python_dop_operator_3.py
[2025-05-20T02:58:09.112+0000] {processor.py:914} INFO - Processing file /home/airflow/.local/lib/python3.12/site-packages/airflow/example_dags/example_branch_python_dop_operator_3.py for tasks to queue
[2025-05-20T02:58:09.119+0000] {logging_mixin.py:190} INFO - [2025-05-20T02:58:09.119+0000] {dagbag.py:587} INFO - Filling up the DagBag from /home/airflow/.local/lib/python3.12/site-packages/airflow/example_dags/example_branch_python_dop_operator_3.py
[2025-05-20T02:58:09.144+0000] {processor.py:925} INFO - DAG(s) 'example_branch_dop_operator_v3' retrieved from /home/airflow/.local/lib/python3.12/site-packages/airflow/example_dags/example_branch_python_dop_operator_3.py
[2025-05-20T02:58:09.225+0000] {logging_mixin.py:190} INFO - [2025-05-20T02:58:09.224+0000] {dag.py:3229} INFO - Sync 1 DAGs
[2025-05-20T02:58:09.253+0000] {logging_mixin.py:190} INFO - [2025-05-20T02:58:09.253+0000] {dag.py:4156} INFO - Setting next_dagrun for example_branch_dop_operator_v3 to 2025-05-20 02:57:00+00:00, run_after=2025-05-20 02:58:00+00:00
[2025-05-20T02:58:09.357+0000] {processor.py:208} INFO - Processing /home/airflow/.local/lib/python3.12/site-packages/airflow/example_dags/example_branch_python_dop_operator_3.py took 0.262 seconds
[2025-05-20T02:58:39.446+0000] {processor.py:186} INFO - Started process (PID=669) to work on /home/airflow/.local/lib/python3.12/site-packages/airflow/example_dags/example_branch_python_dop_operator_3.py
[2025-05-20T02:58:39.451+0000] {processor.py:914} INFO - Processing file /home/airflow/.local/lib/python3.12/site-packages/airflow/example_dags/example_branch_python_dop_operator_3.py for tasks to queue
[2025-05-20T02:58:39.455+0000] {logging_mixin.py:190} INFO - [2025-05-20T02:58:39.455+0000] {dagbag.py:587} INFO - Filling up the DagBag from /home/airflow/.local/lib/python3.12/site-packages/airflow/example_dags/example_branch_python_dop_operator_3.py
[2025-05-20T02:58:39.465+0000] {processor.py:925} INFO - DAG(s) 'example_branch_dop_operator_v3' retrieved from /home/airflow/.local/lib/python3.12/site-packages/airflow/example_dags/example_branch_python_dop_operator_3.py
[2025-05-20T02:58:39.517+0000] {logging_mixin.py:190} INFO - [2025-05-20T02:58:39.517+0000] {dag.py:3229} INFO - Sync 1 DAGs
[2025-05-20T02:58:39.580+0000] {logging_mixin.py:190} INFO - [2025-05-20T02:58:39.580+0000] {dag.py:4156} INFO - Setting next_dagrun for example_branch_dop_operator_v3 to 2025-05-20 02:57:00+00:00, run_after=2025-05-20 02:58:00+00:00
[2025-05-20T02:58:39.649+0000] {processor.py:208} INFO - Processing /home/airflow/.local/lib/python3.12/site-packages/airflow/example_dags/example_branch_python_dop_operator_3.py took 0.208 seconds
[2025-05-20T02:59:10.404+0000] {processor.py:186} INFO - Started process (PID=732) to work on /home/airflow/.local/lib/python3.12/site-packages/airflow/example_dags/example_branch_python_dop_operator_3.py
[2025-05-20T02:59:10.408+0000] {processor.py:914} INFO - Processing file /home/airflow/.local/lib/python3.12/site-packages/airflow/example_dags/example_branch_python_dop_operator_3.py for tasks to queue
[2025-05-20T02:59:10.421+0000] {logging_mixin.py:190} INFO - [2025-05-20T02:59:10.421+0000] {dagbag.py:587} INFO - Filling up the DagBag from /home/airflow/.local/lib/python3.12/site-packages/airflow/example_dags/example_branch_python_dop_operator_3.py
[2025-05-20T02:59:10.453+0000] {processor.py:925} INFO - DAG(s) 'example_branch_dop_operator_v3' retrieved from /home/airflow/.local/lib/python3.12/site-packages/airflow/example_dags/example_branch_python_dop_operator_3.py
[2025-05-20T02:59:10.516+0000] {logging_mixin.py:190} INFO - [2025-05-20T02:59:10.512+0000] {dag.py:3229} INFO - Sync 1 DAGs
[2025-05-20T02:59:10.565+0000] {logging_mixin.py:190} INFO - [2025-05-20T02:59:10.565+0000] {dag.py:4156} INFO - Setting next_dagrun for example_branch_dop_operator_v3 to 2025-05-20 02:58:00+00:00, run_after=2025-05-20 02:59:00+00:00
[2025-05-20T02:59:10.619+0000] {processor.py:208} INFO - Processing /home/airflow/.local/lib/python3.12/site-packages/airflow/example_dags/example_branch_python_dop_operator_3.py took 0.219 seconds
[2025-05-20T02:59:40.802+0000] {processor.py:186} INFO - Started process (PID=795) to work on /home/airflow/.local/lib/python3.12/site-packages/airflow/example_dags/example_branch_python_dop_operator_3.py
[2025-05-20T02:59:40.803+0000] {processor.py:914} INFO - Processing file /home/airflow/.local/lib/python3.12/site-packages/airflow/example_dags/example_branch_python_dop_operator_3.py for tasks to queue
[2025-05-20T02:59:40.805+0000] {logging_mixin.py:190} INFO - [2025-05-20T02:59:40.805+0000] {dagbag.py:587} INFO - Filling up the DagBag from /home/airflow/.local/lib/python3.12/site-packages/airflow/example_dags/example_branch_python_dop_operator_3.py
[2025-05-20T02:59:40.841+0000] {processor.py:925} INFO - DAG(s) 'example_branch_dop_operator_v3' retrieved from /home/airflow/.local/lib/python3.12/site-packages/airflow/example_dags/example_branch_python_dop_operator_3.py
[2025-05-20T02:59:40.900+0000] {logging_mixin.py:190} INFO - [2025-05-20T02:59:40.899+0000] {dag.py:3229} INFO - Sync 1 DAGs
[2025-05-20T02:59:40.941+0000] {logging_mixin.py:190} INFO - [2025-05-20T02:59:40.940+0000] {dag.py:4156} INFO - Setting next_dagrun for example_branch_dop_operator_v3 to 2025-05-20 02:58:00+00:00, run_after=2025-05-20 02:59:00+00:00
[2025-05-20T02:59:41.004+0000] {processor.py:208} INFO - Processing /home/airflow/.local/lib/python3.12/site-packages/airflow/example_dags/example_branch_python_dop_operator_3.py took 0.206 seconds
[2025-05-20T03:00:11.629+0000] {processor.py:186} INFO - Started process (PID=858) to work on /home/airflow/.local/lib/python3.12/site-packages/airflow/example_dags/example_branch_python_dop_operator_3.py
[2025-05-20T03:00:11.633+0000] {processor.py:914} INFO - Processing file /home/airflow/.local/lib/python3.12/site-packages/airflow/example_dags/example_branch_python_dop_operator_3.py for tasks to queue
[2025-05-20T03:00:11.646+0000] {logging_mixin.py:190} INFO - [2025-05-20T03:00:11.646+0000] {dagbag.py:587} INFO - Filling up the DagBag from /home/airflow/.local/lib/python3.12/site-packages/airflow/example_dags/example_branch_python_dop_operator_3.py
[2025-05-20T03:00:11.663+0000] {processor.py:925} INFO - DAG(s) 'example_branch_dop_operator_v3' retrieved from /home/airflow/.local/lib/python3.12/site-packages/airflow/example_dags/example_branch_python_dop_operator_3.py
[2025-05-20T03:00:11.745+0000] {logging_mixin.py:190} INFO - [2025-05-20T03:00:11.744+0000] {dag.py:3229} INFO - Sync 1 DAGs
[2025-05-20T03:00:11.785+0000] {logging_mixin.py:190} INFO - [2025-05-20T03:00:11.784+0000] {dag.py:4156} INFO - Setting next_dagrun for example_branch_dop_operator_v3 to 2025-05-20 02:59:00+00:00, run_after=2025-05-20 03:00:00+00:00
[2025-05-20T03:00:11.824+0000] {processor.py:208} INFO - Processing /home/airflow/.local/lib/python3.12/site-packages/airflow/example_dags/example_branch_python_dop_operator_3.py took 0.200 seconds
[2025-05-20T03:00:42.314+0000] {processor.py:186} INFO - Started process (PID=921) to work on /home/airflow/.local/lib/python3.12/site-packages/airflow/example_dags/example_branch_python_dop_operator_3.py
[2025-05-20T03:00:42.316+0000] {processor.py:914} INFO - Processing file /home/airflow/.local/lib/python3.12/site-packages/airflow/example_dags/example_branch_python_dop_operator_3.py for tasks to queue
[2025-05-20T03:00:42.322+0000] {logging_mixin.py:190} INFO - [2025-05-20T03:00:42.321+0000] {dagbag.py:587} INFO - Filling up the DagBag from /home/airflow/.local/lib/python3.12/site-packages/airflow/example_dags/example_branch_python_dop_operator_3.py
[2025-05-20T03:00:42.339+0000] {processor.py:925} INFO - DAG(s) 'example_branch_dop_operator_v3' retrieved from /home/airflow/.local/lib/python3.12/site-packages/airflow/example_dags/example_branch_python_dop_operator_3.py
[2025-05-20T03:00:42.406+0000] {logging_mixin.py:190} INFO - [2025-05-20T03:00:42.406+0000] {dag.py:3229} INFO - Sync 1 DAGs
[2025-05-20T03:00:42.459+0000] {logging_mixin.py:190} INFO - [2025-05-20T03:00:42.459+0000] {dag.py:4156} INFO - Setting next_dagrun for example_branch_dop_operator_v3 to 2025-05-20 02:59:00+00:00, run_after=2025-05-20 03:00:00+00:00
[2025-05-20T03:00:42.518+0000] {processor.py:208} INFO - Processing /home/airflow/.local/lib/python3.12/site-packages/airflow/example_dags/example_branch_python_dop_operator_3.py took 0.207 seconds
[2025-05-20T03:01:13.116+0000] {processor.py:186} INFO - Started process (PID=983) to work on /home/airflow/.local/lib/python3.12/site-packages/airflow/example_dags/example_branch_python_dop_operator_3.py
[2025-05-20T03:01:13.123+0000] {processor.py:914} INFO - Processing file /home/airflow/.local/lib/python3.12/site-packages/airflow/example_dags/example_branch_python_dop_operator_3.py for tasks to queue
[2025-05-20T03:01:13.133+0000] {logging_mixin.py:190} INFO - [2025-05-20T03:01:13.133+0000] {dagbag.py:587} INFO - Filling up the DagBag from /home/airflow/.local/lib/python3.12/site-packages/airflow/example_dags/example_branch_python_dop_operator_3.py
[2025-05-20T03:01:13.162+0000] {processor.py:925} INFO - DAG(s) 'example_branch_dop_operator_v3' retrieved from /home/airflow/.local/lib/python3.12/site-packages/airflow/example_dags/example_branch_python_dop_operator_3.py
[2025-05-20T03:01:13.215+0000] {logging_mixin.py:190} INFO - [2025-05-20T03:01:13.214+0000] {dag.py:3229} INFO - Sync 1 DAGs
[2025-05-20T03:01:13.253+0000] {logging_mixin.py:190} INFO - [2025-05-20T03:01:13.252+0000] {dag.py:4156} INFO - Setting next_dagrun for example_branch_dop_operator_v3 to 2025-05-20 03:00:00+00:00, run_after=2025-05-20 03:01:00+00:00
[2025-05-20T03:01:13.300+0000] {processor.py:208} INFO - Processing /home/airflow/.local/lib/python3.12/site-packages/airflow/example_dags/example_branch_python_dop_operator_3.py took 0.191 seconds
[2025-05-20T03:01:44.014+0000] {processor.py:186} INFO - Started process (PID=1045) to work on /home/airflow/.local/lib/python3.12/site-packages/airflow/example_dags/example_branch_python_dop_operator_3.py
[2025-05-20T03:01:44.016+0000] {processor.py:914} INFO - Processing file /home/airflow/.local/lib/python3.12/site-packages/airflow/example_dags/example_branch_python_dop_operator_3.py for tasks to queue
[2025-05-20T03:01:44.027+0000] {logging_mixin.py:190} INFO - [2025-05-20T03:01:44.025+0000] {dagbag.py:587} INFO - Filling up the DagBag from /home/airflow/.local/lib/python3.12/site-packages/airflow/example_dags/example_branch_python_dop_operator_3.py
[2025-05-20T03:01:44.036+0000] {processor.py:925} INFO - DAG(s) 'example_branch_dop_operator_v3' retrieved from /home/airflow/.local/lib/python3.12/site-packages/airflow/example_dags/example_branch_python_dop_operator_3.py
[2025-05-20T03:01:44.065+0000] {logging_mixin.py:190} INFO - [2025-05-20T03:01:44.065+0000] {dag.py:3229} INFO - Sync 1 DAGs
[2025-05-20T03:01:44.091+0000] {logging_mixin.py:190} INFO - [2025-05-20T03:01:44.091+0000] {dag.py:4156} INFO - Setting next_dagrun for example_branch_dop_operator_v3 to 2025-05-20 03:00:00+00:00, run_after=2025-05-20 03:01:00+00:00
[2025-05-20T03:01:44.125+0000] {processor.py:208} INFO - Processing /home/airflow/.local/lib/python3.12/site-packages/airflow/example_dags/example_branch_python_dop_operator_3.py took 0.116 seconds
[2025-05-20T03:02:14.443+0000] {processor.py:186} INFO - Started process (PID=1108) to work on /home/airflow/.local/lib/python3.12/site-packages/airflow/example_dags/example_branch_python_dop_operator_3.py
[2025-05-20T03:02:14.446+0000] {processor.py:914} INFO - Processing file /home/airflow/.local/lib/python3.12/site-packages/airflow/example_dags/example_branch_python_dop_operator_3.py for tasks to queue
[2025-05-20T03:02:14.449+0000] {logging_mixin.py:190} INFO - [2025-05-20T03:02:14.449+0000] {dagbag.py:587} INFO - Filling up the DagBag from /home/airflow/.local/lib/python3.12/site-packages/airflow/example_dags/example_branch_python_dop_operator_3.py
[2025-05-20T03:02:14.489+0000] {processor.py:925} INFO - DAG(s) 'example_branch_dop_operator_v3' retrieved from /home/airflow/.local/lib/python3.12/site-packages/airflow/example_dags/example_branch_python_dop_operator_3.py
[2025-05-20T03:02:14.556+0000] {logging_mixin.py:190} INFO - [2025-05-20T03:02:14.555+0000] {dag.py:3229} INFO - Sync 1 DAGs
[2025-05-20T03:02:14.609+0000] {logging_mixin.py:190} INFO - [2025-05-20T03:02:14.609+0000] {dag.py:4156} INFO - Setting next_dagrun for example_branch_dop_operator_v3 to 2025-05-20 03:01:00+00:00, run_after=2025-05-20 03:02:00+00:00
[2025-05-20T03:02:14.690+0000] {processor.py:208} INFO - Processing /home/airflow/.local/lib/python3.12/site-packages/airflow/example_dags/example_branch_python_dop_operator_3.py took 0.251 seconds
[2025-05-20T03:02:45.202+0000] {processor.py:186} INFO - Started process (PID=1171) to work on /home/airflow/.local/lib/python3.12/site-packages/airflow/example_dags/example_branch_python_dop_operator_3.py
[2025-05-20T03:02:45.204+0000] {processor.py:914} INFO - Processing file /home/airflow/.local/lib/python3.12/site-packages/airflow/example_dags/example_branch_python_dop_operator_3.py for tasks to queue
[2025-05-20T03:02:45.208+0000] {logging_mixin.py:190} INFO - [2025-05-20T03:02:45.207+0000] {dagbag.py:587} INFO - Filling up the DagBag from /home/airflow/.local/lib/python3.12/site-packages/airflow/example_dags/example_branch_python_dop_operator_3.py
[2025-05-20T03:02:45.250+0000] {processor.py:925} INFO - DAG(s) 'example_branch_dop_operator_v3' retrieved from /home/airflow/.local/lib/python3.12/site-packages/airflow/example_dags/example_branch_python_dop_operator_3.py
[2025-05-20T03:02:45.299+0000] {logging_mixin.py:190} INFO - [2025-05-20T03:02:45.299+0000] {dag.py:3229} INFO - Sync 1 DAGs
[2025-05-20T03:02:45.332+0000] {logging_mixin.py:190} INFO - [2025-05-20T03:02:45.332+0000] {dag.py:4156} INFO - Setting next_dagrun for example_branch_dop_operator_v3 to 2025-05-20 03:01:00+00:00, run_after=2025-05-20 03:02:00+00:00
[2025-05-20T03:02:45.363+0000] {processor.py:208} INFO - Processing /home/airflow/.local/lib/python3.12/site-packages/airflow/example_dags/example_branch_python_dop_operator_3.py took 0.165 seconds
[2025-05-20T03:03:15.760+0000] {processor.py:186} INFO - Started process (PID=1233) to work on /home/airflow/.local/lib/python3.12/site-packages/airflow/example_dags/example_branch_python_dop_operator_3.py
[2025-05-20T03:03:15.763+0000] {processor.py:914} INFO - Processing file /home/airflow/.local/lib/python3.12/site-packages/airflow/example_dags/example_branch_python_dop_operator_3.py for tasks to queue
[2025-05-20T03:03:15.768+0000] {logging_mixin.py:190} INFO - [2025-05-20T03:03:15.767+0000] {dagbag.py:587} INFO - Filling up the DagBag from /home/airflow/.local/lib/python3.12/site-packages/airflow/example_dags/example_branch_python_dop_operator_3.py
[2025-05-20T03:03:15.783+0000] {processor.py:925} INFO - DAG(s) 'example_branch_dop_operator_v3' retrieved from /home/airflow/.local/lib/python3.12/site-packages/airflow/example_dags/example_branch_python_dop_operator_3.py
[2025-05-20T03:03:15.829+0000] {logging_mixin.py:190} INFO - [2025-05-20T03:03:15.829+0000] {dag.py:3229} INFO - Sync 1 DAGs
[2025-05-20T03:03:15.890+0000] {logging_mixin.py:190} INFO - [2025-05-20T03:03:15.890+0000] {dag.py:4156} INFO - Setting next_dagrun for example_branch_dop_operator_v3 to 2025-05-20 03:02:00+00:00, run_after=2025-05-20 03:03:00+00:00
[2025-05-20T03:03:15.940+0000] {processor.py:208} INFO - Processing /home/airflow/.local/lib/python3.12/site-packages/airflow/example_dags/example_branch_python_dop_operator_3.py took 0.186 seconds
[2025-05-20T03:03:46.903+0000] {processor.py:186} INFO - Started process (PID=1295) to work on /home/airflow/.local/lib/python3.12/site-packages/airflow/example_dags/example_branch_python_dop_operator_3.py
[2025-05-20T03:03:46.906+0000] {processor.py:914} INFO - Processing file /home/airflow/.local/lib/python3.12/site-packages/airflow/example_dags/example_branch_python_dop_operator_3.py for tasks to queue
[2025-05-20T03:03:46.914+0000] {logging_mixin.py:190} INFO - [2025-05-20T03:03:46.913+0000] {dagbag.py:587} INFO - Filling up the DagBag from /home/airflow/.local/lib/python3.12/site-packages/airflow/example_dags/example_branch_python_dop_operator_3.py
[2025-05-20T03:03:46.922+0000] {processor.py:925} INFO - DAG(s) 'example_branch_dop_operator_v3' retrieved from /home/airflow/.local/lib/python3.12/site-packages/airflow/example_dags/example_branch_python_dop_operator_3.py
[2025-05-20T03:03:46.951+0000] {logging_mixin.py:190} INFO - [2025-05-20T03:03:46.951+0000] {dag.py:3229} INFO - Sync 1 DAGs
[2025-05-20T03:03:46.996+0000] {logging_mixin.py:190} INFO - [2025-05-20T03:03:46.995+0000] {dag.py:4156} INFO - Setting next_dagrun for example_branch_dop_operator_v3 to 2025-05-20 03:02:00+00:00, run_after=2025-05-20 03:03:00+00:00
[2025-05-20T03:03:47.021+0000] {processor.py:208} INFO - Processing /home/airflow/.local/lib/python3.12/site-packages/airflow/example_dags/example_branch_python_dop_operator_3.py took 0.121 seconds
[2025-05-20T03:04:17.927+0000] {processor.py:186} INFO - Started process (PID=1358) to work on /home/airflow/.local/lib/python3.12/site-packages/airflow/example_dags/example_branch_python_dop_operator_3.py
[2025-05-20T03:04:17.928+0000] {processor.py:914} INFO - Processing file /home/airflow/.local/lib/python3.12/site-packages/airflow/example_dags/example_branch_python_dop_operator_3.py for tasks to queue
[2025-05-20T03:04:17.940+0000] {logging_mixin.py:190} INFO - [2025-05-20T03:04:17.938+0000] {dagbag.py:587} INFO - Filling up the DagBag from /home/airflow/.local/lib/python3.12/site-packages/airflow/example_dags/example_branch_python_dop_operator_3.py
[2025-05-20T03:04:17.966+0000] {processor.py:925} INFO - DAG(s) 'example_branch_dop_operator_v3' retrieved from /home/airflow/.local/lib/python3.12/site-packages/airflow/example_dags/example_branch_python_dop_operator_3.py
[2025-05-20T03:04:18.035+0000] {logging_mixin.py:190} INFO - [2025-05-20T03:04:18.035+0000] {dag.py:3229} INFO - Sync 1 DAGs
[2025-05-20T03:04:18.090+0000] {logging_mixin.py:190} INFO - [2025-05-20T03:04:18.090+0000] {dag.py:4156} INFO - Setting next_dagrun for example_branch_dop_operator_v3 to 2025-05-20 03:03:00+00:00, run_after=2025-05-20 03:04:00+00:00
[2025-05-20T03:04:18.118+0000] {processor.py:208} INFO - Processing /home/airflow/.local/lib/python3.12/site-packages/airflow/example_dags/example_branch_python_dop_operator_3.py took 0.196 seconds
[2025-05-20T03:04:48.225+0000] {processor.py:186} INFO - Started process (PID=1421) to work on /home/airflow/.local/lib/python3.12/site-packages/airflow/example_dags/example_branch_python_dop_operator_3.py
[2025-05-20T03:04:48.228+0000] {processor.py:914} INFO - Processing file /home/airflow/.local/lib/python3.12/site-packages/airflow/example_dags/example_branch_python_dop_operator_3.py for tasks to queue
[2025-05-20T03:04:48.233+0000] {logging_mixin.py:190} INFO - [2025-05-20T03:04:48.232+0000] {dagbag.py:587} INFO - Filling up the DagBag from /home/airflow/.local/lib/python3.12/site-packages/airflow/example_dags/example_branch_python_dop_operator_3.py
[2025-05-20T03:04:48.250+0000] {processor.py:925} INFO - DAG(s) 'example_branch_dop_operator_v3' retrieved from /home/airflow/.local/lib/python3.12/site-packages/airflow/example_dags/example_branch_python_dop_operator_3.py
[2025-05-20T03:04:48.287+0000] {logging_mixin.py:190} INFO - [2025-05-20T03:04:48.286+0000] {dag.py:3229} INFO - Sync 1 DAGs
[2025-05-20T03:04:48.340+0000] {logging_mixin.py:190} INFO - [2025-05-20T03:04:48.340+0000] {dag.py:4156} INFO - Setting next_dagrun for example_branch_dop_operator_v3 to 2025-05-20 03:03:00+00:00, run_after=2025-05-20 03:04:00+00:00
[2025-05-20T03:04:48.426+0000] {processor.py:208} INFO - Processing /home/airflow/.local/lib/python3.12/site-packages/airflow/example_dags/example_branch_python_dop_operator_3.py took 0.204 seconds
[2025-05-20T03:05:21.177+0000] {processor.py:186} INFO - Started process (PID=1485) to work on /home/airflow/.local/lib/python3.12/site-packages/airflow/example_dags/example_branch_python_dop_operator_3.py
[2025-05-20T03:05:21.182+0000] {processor.py:914} INFO - Processing file /home/airflow/.local/lib/python3.12/site-packages/airflow/example_dags/example_branch_python_dop_operator_3.py for tasks to queue
[2025-05-20T03:05:21.192+0000] {logging_mixin.py:190} INFO - [2025-05-20T03:05:21.191+0000] {dagbag.py:587} INFO - Filling up the DagBag from /home/airflow/.local/lib/python3.12/site-packages/airflow/example_dags/example_branch_python_dop_operator_3.py
[2025-05-20T03:05:21.218+0000] {processor.py:925} INFO - DAG(s) 'example_branch_dop_operator_v3' retrieved from /home/airflow/.local/lib/python3.12/site-packages/airflow/example_dags/example_branch_python_dop_operator_3.py
[2025-05-20T03:05:21.300+0000] {logging_mixin.py:190} INFO - [2025-05-20T03:05:21.299+0000] {dag.py:3229} INFO - Sync 1 DAGs
[2025-05-20T03:05:21.367+0000] {logging_mixin.py:190} INFO - [2025-05-20T03:05:21.367+0000] {dag.py:4156} INFO - Setting next_dagrun for example_branch_dop_operator_v3 to 2025-05-20 03:04:00+00:00, run_after=2025-05-20 03:05:00+00:00
[2025-05-20T03:05:21.438+0000] {processor.py:208} INFO - Processing /home/airflow/.local/lib/python3.12/site-packages/airflow/example_dags/example_branch_python_dop_operator_3.py took 0.270 seconds
[2025-05-20T03:05:52.433+0000] {processor.py:186} INFO - Started process (PID=1548) to work on /home/airflow/.local/lib/python3.12/site-packages/airflow/example_dags/example_branch_python_dop_operator_3.py
[2025-05-20T03:05:52.437+0000] {processor.py:914} INFO - Processing file /home/airflow/.local/lib/python3.12/site-packages/airflow/example_dags/example_branch_python_dop_operator_3.py for tasks to queue
[2025-05-20T03:05:52.447+0000] {logging_mixin.py:190} INFO - [2025-05-20T03:05:52.445+0000] {dagbag.py:587} INFO - Filling up the DagBag from /home/airflow/.local/lib/python3.12/site-packages/airflow/example_dags/example_branch_python_dop_operator_3.py
[2025-05-20T03:05:52.458+0000] {processor.py:925} INFO - DAG(s) 'example_branch_dop_operator_v3' retrieved from /home/airflow/.local/lib/python3.12/site-packages/airflow/example_dags/example_branch_python_dop_operator_3.py
[2025-05-20T03:05:52.518+0000] {logging_mixin.py:190} INFO - [2025-05-20T03:05:52.518+0000] {dag.py:3229} INFO - Sync 1 DAGs
[2025-05-20T03:05:52.565+0000] {logging_mixin.py:190} INFO - [2025-05-20T03:05:52.564+0000] {dag.py:4156} INFO - Setting next_dagrun for example_branch_dop_operator_v3 to 2025-05-20 03:04:00+00:00, run_after=2025-05-20 03:05:00+00:00
[2025-05-20T03:05:52.613+0000] {processor.py:208} INFO - Processing /home/airflow/.local/lib/python3.12/site-packages/airflow/example_dags/example_branch_python_dop_operator_3.py took 0.184 seconds
[2025-05-20T03:06:23.535+0000] {processor.py:186} INFO - Started process (PID=1611) to work on /home/airflow/.local/lib/python3.12/site-packages/airflow/example_dags/example_branch_python_dop_operator_3.py
[2025-05-20T03:06:23.539+0000] {processor.py:914} INFO - Processing file /home/airflow/.local/lib/python3.12/site-packages/airflow/example_dags/example_branch_python_dop_operator_3.py for tasks to queue
[2025-05-20T03:06:23.549+0000] {logging_mixin.py:190} INFO - [2025-05-20T03:06:23.549+0000] {dagbag.py:587} INFO - Filling up the DagBag from /home/airflow/.local/lib/python3.12/site-packages/airflow/example_dags/example_branch_python_dop_operator_3.py
[2025-05-20T03:06:23.569+0000] {processor.py:925} INFO - DAG(s) 'example_branch_dop_operator_v3' retrieved from /home/airflow/.local/lib/python3.12/site-packages/airflow/example_dags/example_branch_python_dop_operator_3.py
[2025-05-20T03:06:23.676+0000] {logging_mixin.py:190} INFO - [2025-05-20T03:06:23.675+0000] {dag.py:3229} INFO - Sync 1 DAGs
[2025-05-20T03:06:23.737+0000] {logging_mixin.py:190} INFO - [2025-05-20T03:06:23.737+0000] {dag.py:4156} INFO - Setting next_dagrun for example_branch_dop_operator_v3 to 2025-05-20 03:05:00+00:00, run_after=2025-05-20 03:06:00+00:00
[2025-05-20T03:06:23.808+0000] {processor.py:208} INFO - Processing /home/airflow/.local/lib/python3.12/site-packages/airflow/example_dags/example_branch_python_dop_operator_3.py took 0.277 seconds
[2025-05-20T03:06:54.427+0000] {processor.py:186} INFO - Started process (PID=1674) to work on /home/airflow/.local/lib/python3.12/site-packages/airflow/example_dags/example_branch_python_dop_operator_3.py
[2025-05-20T03:06:54.429+0000] {processor.py:914} INFO - Processing file /home/airflow/.local/lib/python3.12/site-packages/airflow/example_dags/example_branch_python_dop_operator_3.py for tasks to queue
[2025-05-20T03:06:54.434+0000] {logging_mixin.py:190} INFO - [2025-05-20T03:06:54.434+0000] {dagbag.py:587} INFO - Filling up the DagBag from /home/airflow/.local/lib/python3.12/site-packages/airflow/example_dags/example_branch_python_dop_operator_3.py
[2025-05-20T03:06:54.447+0000] {processor.py:925} INFO - DAG(s) 'example_branch_dop_operator_v3' retrieved from /home/airflow/.local/lib/python3.12/site-packages/airflow/example_dags/example_branch_python_dop_operator_3.py
[2025-05-20T03:06:54.511+0000] {logging_mixin.py:190} INFO - [2025-05-20T03:06:54.510+0000] {dag.py:3229} INFO - Sync 1 DAGs
[2025-05-20T03:06:54.563+0000] {logging_mixin.py:190} INFO - [2025-05-20T03:06:54.563+0000] {dag.py:4156} INFO - Setting next_dagrun for example_branch_dop_operator_v3 to 2025-05-20 03:05:00+00:00, run_after=2025-05-20 03:06:00+00:00
[2025-05-20T03:06:54.697+0000] {processor.py:208} INFO - Processing /home/airflow/.local/lib/python3.12/site-packages/airflow/example_dags/example_branch_python_dop_operator_3.py took 0.275 seconds
[2025-05-20T03:07:24.963+0000] {processor.py:186} INFO - Started process (PID=1737) to work on /home/airflow/.local/lib/python3.12/site-packages/airflow/example_dags/example_branch_python_dop_operator_3.py
[2025-05-20T03:07:24.967+0000] {processor.py:914} INFO - Processing file /home/airflow/.local/lib/python3.12/site-packages/airflow/example_dags/example_branch_python_dop_operator_3.py for tasks to queue
[2025-05-20T03:07:24.973+0000] {logging_mixin.py:190} INFO - [2025-05-20T03:07:24.973+0000] {dagbag.py:587} INFO - Filling up the DagBag from /home/airflow/.local/lib/python3.12/site-packages/airflow/example_dags/example_branch_python_dop_operator_3.py
[2025-05-20T03:07:24.988+0000] {processor.py:925} INFO - DAG(s) 'example_branch_dop_operator_v3' retrieved from /home/airflow/.local/lib/python3.12/site-packages/airflow/example_dags/example_branch_python_dop_operator_3.py
[2025-05-20T03:07:25.025+0000] {logging_mixin.py:190} INFO - [2025-05-20T03:07:25.024+0000] {dag.py:3229} INFO - Sync 1 DAGs
[2025-05-20T03:07:25.067+0000] {logging_mixin.py:190} INFO - [2025-05-20T03:07:25.067+0000] {dag.py:4156} INFO - Setting next_dagrun for example_branch_dop_operator_v3 to 2025-05-20 03:06:00+00:00, run_after=2025-05-20 03:07:00+00:00
[2025-05-20T03:07:25.123+0000] {processor.py:208} INFO - Processing /home/airflow/.local/lib/python3.12/site-packages/airflow/example_dags/example_branch_python_dop_operator_3.py took 0.165 seconds
[2025-05-20T03:07:55.700+0000] {processor.py:186} INFO - Started process (PID=1799) to work on /home/airflow/.local/lib/python3.12/site-packages/airflow/example_dags/example_branch_python_dop_operator_3.py
[2025-05-20T03:07:55.704+0000] {processor.py:914} INFO - Processing file /home/airflow/.local/lib/python3.12/site-packages/airflow/example_dags/example_branch_python_dop_operator_3.py for tasks to queue
[2025-05-20T03:07:55.712+0000] {logging_mixin.py:190} INFO - [2025-05-20T03:07:55.712+0000] {dagbag.py:587} INFO - Filling up the DagBag from /home/airflow/.local/lib/python3.12/site-packages/airflow/example_dags/example_branch_python_dop_operator_3.py
[2025-05-20T03:07:55.719+0000] {processor.py:925} INFO - DAG(s) 'example_branch_dop_operator_v3' retrieved from /home/airflow/.local/lib/python3.12/site-packages/airflow/example_dags/example_branch_python_dop_operator_3.py
[2025-05-20T03:07:55.811+0000] {logging_mixin.py:190} INFO - [2025-05-20T03:07:55.810+0000] {dag.py:3229} INFO - Sync 1 DAGs
[2025-05-20T03:07:55.845+0000] {logging_mixin.py:190} INFO - [2025-05-20T03:07:55.845+0000] {dag.py:4156} INFO - Setting next_dagrun for example_branch_dop_operator_v3 to 2025-05-20 03:06:00+00:00, run_after=2025-05-20 03:07:00+00:00
[2025-05-20T03:07:55.899+0000] {processor.py:208} INFO - Processing /home/airflow/.local/lib/python3.12/site-packages/airflow/example_dags/example_branch_python_dop_operator_3.py took 0.219 seconds
[2025-05-20T03:08:26.830+0000] {processor.py:186} INFO - Started process (PID=1867) to work on /home/airflow/.local/lib/python3.12/site-packages/airflow/example_dags/example_branch_python_dop_operator_3.py
[2025-05-20T03:08:26.832+0000] {processor.py:914} INFO - Processing file /home/airflow/.local/lib/python3.12/site-packages/airflow/example_dags/example_branch_python_dop_operator_3.py for tasks to queue
[2025-05-20T03:08:26.841+0000] {logging_mixin.py:190} INFO - [2025-05-20T03:08:26.840+0000] {dagbag.py:587} INFO - Filling up the DagBag from /home/airflow/.local/lib/python3.12/site-packages/airflow/example_dags/example_branch_python_dop_operator_3.py
[2025-05-20T03:08:26.866+0000] {processor.py:925} INFO - DAG(s) 'example_branch_dop_operator_v3' retrieved from /home/airflow/.local/lib/python3.12/site-packages/airflow/example_dags/example_branch_python_dop_operator_3.py
[2025-05-20T03:08:26.916+0000] {logging_mixin.py:190} INFO - [2025-05-20T03:08:26.915+0000] {dag.py:3229} INFO - Sync 1 DAGs
[2025-05-20T03:08:26.973+0000] {logging_mixin.py:190} INFO - [2025-05-20T03:08:26.973+0000] {dag.py:4156} INFO - Setting next_dagrun for example_branch_dop_operator_v3 to 2025-05-20 03:07:00+00:00, run_after=2025-05-20 03:08:00+00:00
[2025-05-20T03:08:27.005+0000] {processor.py:208} INFO - Processing /home/airflow/.local/lib/python3.12/site-packages/airflow/example_dags/example_branch_python_dop_operator_3.py took 0.180 seconds
[2025-05-20T03:08:57.749+0000] {processor.py:186} INFO - Started process (PID=1930) to work on /home/airflow/.local/lib/python3.12/site-packages/airflow/example_dags/example_branch_python_dop_operator_3.py
[2025-05-20T03:08:57.751+0000] {processor.py:914} INFO - Processing file /home/airflow/.local/lib/python3.12/site-packages/airflow/example_dags/example_branch_python_dop_operator_3.py for tasks to queue
[2025-05-20T03:08:57.757+0000] {logging_mixin.py:190} INFO - [2025-05-20T03:08:57.756+0000] {dagbag.py:587} INFO - Filling up the DagBag from /home/airflow/.local/lib/python3.12/site-packages/airflow/example_dags/example_branch_python_dop_operator_3.py
[2025-05-20T03:08:57.792+0000] {processor.py:925} INFO - DAG(s) 'example_branch_dop_operator_v3' retrieved from /home/airflow/.local/lib/python3.12/site-packages/airflow/example_dags/example_branch_python_dop_operator_3.py
[2025-05-20T03:08:57.877+0000] {logging_mixin.py:190} INFO - [2025-05-20T03:08:57.875+0000] {dag.py:3229} INFO - Sync 1 DAGs
[2025-05-20T03:08:57.973+0000] {logging_mixin.py:190} INFO - [2025-05-20T03:08:57.972+0000] {dag.py:4156} INFO - Setting next_dagrun for example_branch_dop_operator_v3 to 2025-05-20 03:07:00+00:00, run_after=2025-05-20 03:08:00+00:00
[2025-05-20T03:08:58.049+0000] {processor.py:208} INFO - Processing /home/airflow/.local/lib/python3.12/site-packages/airflow/example_dags/example_branch_python_dop_operator_3.py took 0.307 seconds
[2025-05-20T03:09:28.589+0000] {processor.py:186} INFO - Started process (PID=1994) to work on /home/airflow/.local/lib/python3.12/site-packages/airflow/example_dags/example_branch_python_dop_operator_3.py
[2025-05-20T03:09:28.592+0000] {processor.py:914} INFO - Processing file /home/airflow/.local/lib/python3.12/site-packages/airflow/example_dags/example_branch_python_dop_operator_3.py for tasks to queue
[2025-05-20T03:09:28.596+0000] {logging_mixin.py:190} INFO - [2025-05-20T03:09:28.595+0000] {dagbag.py:587} INFO - Filling up the DagBag from /home/airflow/.local/lib/python3.12/site-packages/airflow/example_dags/example_branch_python_dop_operator_3.py
[2025-05-20T03:09:28.613+0000] {processor.py:925} INFO - DAG(s) 'example_branch_dop_operator_v3' retrieved from /home/airflow/.local/lib/python3.12/site-packages/airflow/example_dags/example_branch_python_dop_operator_3.py
[2025-05-20T03:09:28.678+0000] {logging_mixin.py:190} INFO - [2025-05-20T03:09:28.678+0000] {dag.py:3229} INFO - Sync 1 DAGs
[2025-05-20T03:09:28.747+0000] {logging_mixin.py:190} INFO - [2025-05-20T03:09:28.747+0000] {dag.py:4156} INFO - Setting next_dagrun for example_branch_dop_operator_v3 to 2025-05-20 03:08:00+00:00, run_after=2025-05-20 03:09:00+00:00
[2025-05-20T03:09:28.787+0000] {processor.py:208} INFO - Processing /home/airflow/.local/lib/python3.12/site-packages/airflow/example_dags/example_branch_python_dop_operator_3.py took 0.202 seconds
[2025-05-20T03:10:00.174+0000] {processor.py:186} INFO - Started process (PID=2057) to work on /home/airflow/.local/lib/python3.12/site-packages/airflow/example_dags/example_branch_python_dop_operator_3.py
[2025-05-20T03:10:00.178+0000] {processor.py:914} INFO - Processing file /home/airflow/.local/lib/python3.12/site-packages/airflow/example_dags/example_branch_python_dop_operator_3.py for tasks to queue
[2025-05-20T03:10:00.185+0000] {logging_mixin.py:190} INFO - [2025-05-20T03:10:00.185+0000] {dagbag.py:587} INFO - Filling up the DagBag from /home/airflow/.local/lib/python3.12/site-packages/airflow/example_dags/example_branch_python_dop_operator_3.py
[2025-05-20T03:10:00.208+0000] {processor.py:925} INFO - DAG(s) 'example_branch_dop_operator_v3' retrieved from /home/airflow/.local/lib/python3.12/site-packages/airflow/example_dags/example_branch_python_dop_operator_3.py
[2025-05-20T03:10:00.280+0000] {logging_mixin.py:190} INFO - [2025-05-20T03:10:00.280+0000] {dag.py:3229} INFO - Sync 1 DAGs
[2025-05-20T03:10:00.337+0000] {logging_mixin.py:190} INFO - [2025-05-20T03:10:00.337+0000] {dag.py:4156} INFO - Setting next_dagrun for example_branch_dop_operator_v3 to 2025-05-20 03:09:00+00:00, run_after=2025-05-20 03:10:00+00:00
[2025-05-20T03:10:00.398+0000] {processor.py:208} INFO - Processing /home/airflow/.local/lib/python3.12/site-packages/airflow/example_dags/example_branch_python_dop_operator_3.py took 0.230 seconds
[2025-05-20T03:10:31.404+0000] {processor.py:186} INFO - Started process (PID=2120) to work on /home/airflow/.local/lib/python3.12/site-packages/airflow/example_dags/example_branch_python_dop_operator_3.py
[2025-05-20T03:10:31.410+0000] {processor.py:914} INFO - Processing file /home/airflow/.local/lib/python3.12/site-packages/airflow/example_dags/example_branch_python_dop_operator_3.py for tasks to queue
[2025-05-20T03:10:31.426+0000] {logging_mixin.py:190} INFO - [2025-05-20T03:10:31.426+0000] {dagbag.py:587} INFO - Filling up the DagBag from /home/airflow/.local/lib/python3.12/site-packages/airflow/example_dags/example_branch_python_dop_operator_3.py
[2025-05-20T03:10:31.470+0000] {processor.py:925} INFO - DAG(s) 'example_branch_dop_operator_v3' retrieved from /home/airflow/.local/lib/python3.12/site-packages/airflow/example_dags/example_branch_python_dop_operator_3.py
[2025-05-20T03:10:31.520+0000] {logging_mixin.py:190} INFO - [2025-05-20T03:10:31.519+0000] {dag.py:3229} INFO - Sync 1 DAGs
[2025-05-20T03:10:31.596+0000] {logging_mixin.py:190} INFO - [2025-05-20T03:10:31.596+0000] {dag.py:4156} INFO - Setting next_dagrun for example_branch_dop_operator_v3 to 2025-05-20 03:09:00+00:00, run_after=2025-05-20 03:10:00+00:00
[2025-05-20T03:10:31.665+0000] {processor.py:208} INFO - Processing /home/airflow/.local/lib/python3.12/site-packages/airflow/example_dags/example_branch_python_dop_operator_3.py took 0.265 seconds
[2025-05-20T03:11:02.862+0000] {processor.py:186} INFO - Started process (PID=2182) to work on /home/airflow/.local/lib/python3.12/site-packages/airflow/example_dags/example_branch_python_dop_operator_3.py
[2025-05-20T03:11:02.864+0000] {processor.py:914} INFO - Processing file /home/airflow/.local/lib/python3.12/site-packages/airflow/example_dags/example_branch_python_dop_operator_3.py for tasks to queue
[2025-05-20T03:11:02.875+0000] {logging_mixin.py:190} INFO - [2025-05-20T03:11:02.874+0000] {dagbag.py:587} INFO - Filling up the DagBag from /home/airflow/.local/lib/python3.12/site-packages/airflow/example_dags/example_branch_python_dop_operator_3.py
[2025-05-20T03:11:02.897+0000] {processor.py:925} INFO - DAG(s) 'example_branch_dop_operator_v3' retrieved from /home/airflow/.local/lib/python3.12/site-packages/airflow/example_dags/example_branch_python_dop_operator_3.py
[2025-05-20T03:11:02.942+0000] {logging_mixin.py:190} INFO - [2025-05-20T03:11:02.941+0000] {dag.py:3229} INFO - Sync 1 DAGs
[2025-05-20T03:11:03.008+0000] {logging_mixin.py:190} INFO - [2025-05-20T03:11:03.008+0000] {dag.py:4156} INFO - Setting next_dagrun for example_branch_dop_operator_v3 to 2025-05-20 03:10:00+00:00, run_after=2025-05-20 03:11:00+00:00
[2025-05-20T03:11:03.083+0000] {processor.py:208} INFO - Processing /home/airflow/.local/lib/python3.12/site-packages/airflow/example_dags/example_branch_python_dop_operator_3.py took 0.225 seconds
[2025-05-20T03:11:34.461+0000] {processor.py:186} INFO - Started process (PID=2245) to work on /home/airflow/.local/lib/python3.12/site-packages/airflow/example_dags/example_branch_python_dop_operator_3.py
[2025-05-20T03:11:34.463+0000] {processor.py:914} INFO - Processing file /home/airflow/.local/lib/python3.12/site-packages/airflow/example_dags/example_branch_python_dop_operator_3.py for tasks to queue
[2025-05-20T03:11:34.476+0000] {logging_mixin.py:190} INFO - [2025-05-20T03:11:34.475+0000] {dagbag.py:587} INFO - Filling up the DagBag from /home/airflow/.local/lib/python3.12/site-packages/airflow/example_dags/example_branch_python_dop_operator_3.py
[2025-05-20T03:11:34.495+0000] {processor.py:925} INFO - DAG(s) 'example_branch_dop_operator_v3' retrieved from /home/airflow/.local/lib/python3.12/site-packages/airflow/example_dags/example_branch_python_dop_operator_3.py
[2025-05-20T03:11:34.560+0000] {logging_mixin.py:190} INFO - [2025-05-20T03:11:34.560+0000] {dag.py:3229} INFO - Sync 1 DAGs
[2025-05-20T03:11:34.638+0000] {logging_mixin.py:190} INFO - [2025-05-20T03:11:34.638+0000] {dag.py:4156} INFO - Setting next_dagrun for example_branch_dop_operator_v3 to 2025-05-20 03:10:00+00:00, run_after=2025-05-20 03:11:00+00:00
[2025-05-20T03:11:34.726+0000] {processor.py:208} INFO - Processing /home/airflow/.local/lib/python3.12/site-packages/airflow/example_dags/example_branch_python_dop_operator_3.py took 0.269 seconds
[2025-05-20T03:12:05.827+0000] {processor.py:186} INFO - Started process (PID=2308) to work on /home/airflow/.local/lib/python3.12/site-packages/airflow/example_dags/example_branch_python_dop_operator_3.py
[2025-05-20T03:12:05.835+0000] {processor.py:914} INFO - Processing file /home/airflow/.local/lib/python3.12/site-packages/airflow/example_dags/example_branch_python_dop_operator_3.py for tasks to queue
[2025-05-20T03:12:05.847+0000] {logging_mixin.py:190} INFO - [2025-05-20T03:12:05.843+0000] {dagbag.py:587} INFO - Filling up the DagBag from /home/airflow/.local/lib/python3.12/site-packages/airflow/example_dags/example_branch_python_dop_operator_3.py
[2025-05-20T03:12:05.877+0000] {processor.py:925} INFO - DAG(s) 'example_branch_dop_operator_v3' retrieved from /home/airflow/.local/lib/python3.12/site-packages/airflow/example_dags/example_branch_python_dop_operator_3.py
[2025-05-20T03:12:05.958+0000] {logging_mixin.py:190} INFO - [2025-05-20T03:12:05.957+0000] {dag.py:3229} INFO - Sync 1 DAGs
[2025-05-20T03:12:06.010+0000] {logging_mixin.py:190} INFO - [2025-05-20T03:12:06.010+0000] {dag.py:4156} INFO - Setting next_dagrun for example_branch_dop_operator_v3 to 2025-05-20 03:11:00+00:00, run_after=2025-05-20 03:12:00+00:00
[2025-05-20T03:12:06.082+0000] {processor.py:208} INFO - Processing /home/airflow/.local/lib/python3.12/site-packages/airflow/example_dags/example_branch_python_dop_operator_3.py took 0.293 seconds
[2025-05-20T03:12:36.846+0000] {processor.py:186} INFO - Started process (PID=2370) to work on /home/airflow/.local/lib/python3.12/site-packages/airflow/example_dags/example_branch_python_dop_operator_3.py
[2025-05-20T03:12:36.849+0000] {processor.py:914} INFO - Processing file /home/airflow/.local/lib/python3.12/site-packages/airflow/example_dags/example_branch_python_dop_operator_3.py for tasks to queue
[2025-05-20T03:12:36.868+0000] {logging_mixin.py:190} INFO - [2025-05-20T03:12:36.867+0000] {dagbag.py:587} INFO - Filling up the DagBag from /home/airflow/.local/lib/python3.12/site-packages/airflow/example_dags/example_branch_python_dop_operator_3.py
[2025-05-20T03:12:36.877+0000] {processor.py:925} INFO - DAG(s) 'example_branch_dop_operator_v3' retrieved from /home/airflow/.local/lib/python3.12/site-packages/airflow/example_dags/example_branch_python_dop_operator_3.py
[2025-05-20T03:12:36.944+0000] {logging_mixin.py:190} INFO - [2025-05-20T03:12:36.943+0000] {dag.py:3229} INFO - Sync 1 DAGs
[2025-05-20T03:12:37.003+0000] {logging_mixin.py:190} INFO - [2025-05-20T03:12:37.003+0000] {dag.py:4156} INFO - Setting next_dagrun for example_branch_dop_operator_v3 to 2025-05-20 03:11:00+00:00, run_after=2025-05-20 03:12:00+00:00
[2025-05-20T03:12:37.077+0000] {processor.py:208} INFO - Processing /home/airflow/.local/lib/python3.12/site-packages/airflow/example_dags/example_branch_python_dop_operator_3.py took 0.233 seconds
[2025-05-20T03:13:08.613+0000] {processor.py:186} INFO - Started process (PID=2432) to work on /home/airflow/.local/lib/python3.12/site-packages/airflow/example_dags/example_branch_python_dop_operator_3.py
[2025-05-20T03:13:08.620+0000] {processor.py:914} INFO - Processing file /home/airflow/.local/lib/python3.12/site-packages/airflow/example_dags/example_branch_python_dop_operator_3.py for tasks to queue
[2025-05-20T03:13:08.625+0000] {logging_mixin.py:190} INFO - [2025-05-20T03:13:08.624+0000] {dagbag.py:587} INFO - Filling up the DagBag from /home/airflow/.local/lib/python3.12/site-packages/airflow/example_dags/example_branch_python_dop_operator_3.py
[2025-05-20T03:13:08.653+0000] {processor.py:925} INFO - DAG(s) 'example_branch_dop_operator_v3' retrieved from /home/airflow/.local/lib/python3.12/site-packages/airflow/example_dags/example_branch_python_dop_operator_3.py
[2025-05-20T03:13:08.704+0000] {logging_mixin.py:190} INFO - [2025-05-20T03:13:08.703+0000] {dag.py:3229} INFO - Sync 1 DAGs
[2025-05-20T03:13:08.772+0000] {logging_mixin.py:190} INFO - [2025-05-20T03:13:08.772+0000] {dag.py:4156} INFO - Setting next_dagrun for example_branch_dop_operator_v3 to 2025-05-20 03:12:00+00:00, run_after=2025-05-20 03:13:00+00:00
[2025-05-20T03:13:08.847+0000] {processor.py:208} INFO - Processing /home/airflow/.local/lib/python3.12/site-packages/airflow/example_dags/example_branch_python_dop_operator_3.py took 0.238 seconds
[2025-05-20T03:13:39.714+0000] {processor.py:186} INFO - Started process (PID=2496) to work on /home/airflow/.local/lib/python3.12/site-packages/airflow/example_dags/example_branch_python_dop_operator_3.py
[2025-05-20T03:13:39.719+0000] {processor.py:914} INFO - Processing file /home/airflow/.local/lib/python3.12/site-packages/airflow/example_dags/example_branch_python_dop_operator_3.py for tasks to queue
[2025-05-20T03:13:39.730+0000] {logging_mixin.py:190} INFO - [2025-05-20T03:13:39.730+0000] {dagbag.py:587} INFO - Filling up the DagBag from /home/airflow/.local/lib/python3.12/site-packages/airflow/example_dags/example_branch_python_dop_operator_3.py
[2025-05-20T03:13:39.798+0000] {processor.py:925} INFO - DAG(s) 'example_branch_dop_operator_v3' retrieved from /home/airflow/.local/lib/python3.12/site-packages/airflow/example_dags/example_branch_python_dop_operator_3.py
[2025-05-20T03:13:39.887+0000] {logging_mixin.py:190} INFO - [2025-05-20T03:13:39.887+0000] {dag.py:3229} INFO - Sync 1 DAGs
[2025-05-20T03:13:39.957+0000] {logging_mixin.py:190} INFO - [2025-05-20T03:13:39.957+0000] {dag.py:4156} INFO - Setting next_dagrun for example_branch_dop_operator_v3 to 2025-05-20 03:12:00+00:00, run_after=2025-05-20 03:13:00+00:00
[2025-05-20T03:13:40.003+0000] {processor.py:208} INFO - Processing /home/airflow/.local/lib/python3.12/site-packages/airflow/example_dags/example_branch_python_dop_operator_3.py took 0.296 seconds
[2025-05-20T03:14:11.650+0000] {processor.py:186} INFO - Started process (PID=2559) to work on /home/airflow/.local/lib/python3.12/site-packages/airflow/example_dags/example_branch_python_dop_operator_3.py
[2025-05-20T03:14:11.654+0000] {processor.py:914} INFO - Processing file /home/airflow/.local/lib/python3.12/site-packages/airflow/example_dags/example_branch_python_dop_operator_3.py for tasks to queue
[2025-05-20T03:14:11.660+0000] {logging_mixin.py:190} INFO - [2025-05-20T03:14:11.659+0000] {dagbag.py:587} INFO - Filling up the DagBag from /home/airflow/.local/lib/python3.12/site-packages/airflow/example_dags/example_branch_python_dop_operator_3.py
[2025-05-20T03:14:11.700+0000] {processor.py:925} INFO - DAG(s) 'example_branch_dop_operator_v3' retrieved from /home/airflow/.local/lib/python3.12/site-packages/airflow/example_dags/example_branch_python_dop_operator_3.py
[2025-05-20T03:14:11.763+0000] {logging_mixin.py:190} INFO - [2025-05-20T03:14:11.761+0000] {dag.py:3229} INFO - Sync 1 DAGs
[2025-05-20T03:14:11.808+0000] {logging_mixin.py:190} INFO - [2025-05-20T03:14:11.808+0000] {dag.py:4156} INFO - Setting next_dagrun for example_branch_dop_operator_v3 to 2025-05-20 03:13:00+00:00, run_after=2025-05-20 03:14:00+00:00
[2025-05-20T03:14:11.845+0000] {processor.py:208} INFO - Processing /home/airflow/.local/lib/python3.12/site-packages/airflow/example_dags/example_branch_python_dop_operator_3.py took 0.201 seconds
[2025-05-20T03:14:42.534+0000] {processor.py:186} INFO - Started process (PID=2622) to work on /home/airflow/.local/lib/python3.12/site-packages/airflow/example_dags/example_branch_python_dop_operator_3.py
[2025-05-20T03:14:42.540+0000] {processor.py:914} INFO - Processing file /home/airflow/.local/lib/python3.12/site-packages/airflow/example_dags/example_branch_python_dop_operator_3.py for tasks to queue
[2025-05-20T03:14:42.563+0000] {logging_mixin.py:190} INFO - [2025-05-20T03:14:42.552+0000] {dagbag.py:587} INFO - Filling up the DagBag from /home/airflow/.local/lib/python3.12/site-packages/airflow/example_dags/example_branch_python_dop_operator_3.py
[2025-05-20T03:14:42.579+0000] {processor.py:925} INFO - DAG(s) 'example_branch_dop_operator_v3' retrieved from /home/airflow/.local/lib/python3.12/site-packages/airflow/example_dags/example_branch_python_dop_operator_3.py
[2025-05-20T03:14:42.691+0000] {logging_mixin.py:190} INFO - [2025-05-20T03:14:42.691+0000] {dag.py:3229} INFO - Sync 1 DAGs
[2025-05-20T03:14:42.748+0000] {logging_mixin.py:190} INFO - [2025-05-20T03:14:42.747+0000] {dag.py:4156} INFO - Setting next_dagrun for example_branch_dop_operator_v3 to 2025-05-20 03:13:00+00:00, run_after=2025-05-20 03:14:00+00:00
[2025-05-20T03:14:42.786+0000] {processor.py:208} INFO - Processing /home/airflow/.local/lib/python3.12/site-packages/airflow/example_dags/example_branch_python_dop_operator_3.py took 0.256 seconds
[2025-05-20T03:15:14.610+0000] {processor.py:186} INFO - Started process (PID=2685) to work on /home/airflow/.local/lib/python3.12/site-packages/airflow/example_dags/example_branch_python_dop_operator_3.py
[2025-05-20T03:15:14.617+0000] {processor.py:914} INFO - Processing file /home/airflow/.local/lib/python3.12/site-packages/airflow/example_dags/example_branch_python_dop_operator_3.py for tasks to queue
[2025-05-20T03:15:14.636+0000] {logging_mixin.py:190} INFO - [2025-05-20T03:15:14.628+0000] {dagbag.py:587} INFO - Filling up the DagBag from /home/airflow/.local/lib/python3.12/site-packages/airflow/example_dags/example_branch_python_dop_operator_3.py
[2025-05-20T03:15:14.684+0000] {processor.py:925} INFO - DAG(s) 'example_branch_dop_operator_v3' retrieved from /home/airflow/.local/lib/python3.12/site-packages/airflow/example_dags/example_branch_python_dop_operator_3.py
[2025-05-20T03:15:14.727+0000] {logging_mixin.py:190} INFO - [2025-05-20T03:15:14.725+0000] {dag.py:3229} INFO - Sync 1 DAGs
[2025-05-20T03:15:14.796+0000] {logging_mixin.py:190} INFO - [2025-05-20T03:15:14.796+0000] {dag.py:4156} INFO - Setting next_dagrun for example_branch_dop_operator_v3 to 2025-05-20 03:14:00+00:00, run_after=2025-05-20 03:15:00+00:00
[2025-05-20T03:15:14.893+0000] {processor.py:208} INFO - Processing /home/airflow/.local/lib/python3.12/site-packages/airflow/example_dags/example_branch_python_dop_operator_3.py took 0.286 seconds
[2025-05-20T03:15:45.373+0000] {processor.py:186} INFO - Started process (PID=2748) to work on /home/airflow/.local/lib/python3.12/site-packages/airflow/example_dags/example_branch_python_dop_operator_3.py
[2025-05-20T03:15:45.376+0000] {processor.py:914} INFO - Processing file /home/airflow/.local/lib/python3.12/site-packages/airflow/example_dags/example_branch_python_dop_operator_3.py for tasks to queue
[2025-05-20T03:15:45.384+0000] {logging_mixin.py:190} INFO - [2025-05-20T03:15:45.382+0000] {dagbag.py:587} INFO - Filling up the DagBag from /home/airflow/.local/lib/python3.12/site-packages/airflow/example_dags/example_branch_python_dop_operator_3.py
[2025-05-20T03:15:45.393+0000] {processor.py:925} INFO - DAG(s) 'example_branch_dop_operator_v3' retrieved from /home/airflow/.local/lib/python3.12/site-packages/airflow/example_dags/example_branch_python_dop_operator_3.py
[2025-05-20T03:15:45.445+0000] {logging_mixin.py:190} INFO - [2025-05-20T03:15:45.445+0000] {dag.py:3229} INFO - Sync 1 DAGs
[2025-05-20T03:15:45.509+0000] {logging_mixin.py:190} INFO - [2025-05-20T03:15:45.508+0000] {dag.py:4156} INFO - Setting next_dagrun for example_branch_dop_operator_v3 to 2025-05-20 03:14:00+00:00, run_after=2025-05-20 03:15:00+00:00
[2025-05-20T03:15:45.586+0000] {processor.py:208} INFO - Processing /home/airflow/.local/lib/python3.12/site-packages/airflow/example_dags/example_branch_python_dop_operator_3.py took 0.217 seconds
