[2025-05-20T02:51:02.284+0000] {processor.py:186} INFO - Started process (PID=105) to work on /home/airflow/.local/lib/python3.12/site-packages/airflow/example_dags/example_xcom.py
[2025-05-20T02:51:02.286+0000] {processor.py:914} INFO - Processing file /home/airflow/.local/lib/python3.12/site-packages/airflow/example_dags/example_xcom.py for tasks to queue
[2025-05-20T02:51:02.294+0000] {logging_mixin.py:190} INFO - [2025-05-20T02:51:02.292+0000] {dagbag.py:587} INFO - Filling up the DagBag from /home/airflow/.local/lib/python3.12/site-packages/airflow/example_dags/example_xcom.py
[2025-05-20T02:51:02.320+0000] {processor.py:925} INFO - DAG(s) 'example_xcom' retrieved from /home/airflow/.local/lib/python3.12/site-packages/airflow/example_dags/example_xcom.py
[2025-05-20T02:51:02.450+0000] {logging_mixin.py:190} INFO - [2025-05-20T02:51:02.449+0000] {override.py:1900} INFO - Created Permission View: can read on DAG:example_xcom
[2025-05-20T02:51:02.490+0000] {logging_mixin.py:190} INFO - [2025-05-20T02:51:02.484+0000] {override.py:1900} INFO - Created Permission View: can delete on DAG:example_xcom
[2025-05-20T02:51:02.520+0000] {logging_mixin.py:190} INFO - [2025-05-20T02:51:02.519+0000] {override.py:1900} INFO - Created Permission View: can edit on DAG:example_xcom
[2025-05-20T02:51:02.535+0000] {logging_mixin.py:190} INFO - [2025-05-20T02:51:02.535+0000] {override.py:1900} INFO - Created Permission View: can read on DAG Run:example_xcom
[2025-05-20T02:51:02.549+0000] {logging_mixin.py:190} INFO - [2025-05-20T02:51:02.548+0000] {override.py:1900} INFO - Created Permission View: can delete on DAG Run:example_xcom
[2025-05-20T02:51:02.574+0000] {logging_mixin.py:190} INFO - [2025-05-20T02:51:02.574+0000] {override.py:1900} INFO - Created Permission View: can create on DAG Run:example_xcom
[2025-05-20T02:51:02.598+0000] {logging_mixin.py:190} INFO - [2025-05-20T02:51:02.594+0000] {override.py:1900} INFO - Created Permission View: menu access on DAG Run:example_xcom
[2025-05-20T02:51:02.599+0000] {logging_mixin.py:190} INFO - [2025-05-20T02:51:02.599+0000] {dag.py:3229} INFO - Sync 1 DAGs
[2025-05-20T02:51:02.642+0000] {logging_mixin.py:190} INFO - [2025-05-20T02:51:02.642+0000] {dag.py:3252} INFO - Creating ORM DAG for example_xcom
[2025-05-20T02:51:02.671+0000] {logging_mixin.py:190} INFO - [2025-05-20T02:51:02.669+0000] {dag.py:4156} INFO - Setting next_dagrun for example_xcom to 2021-01-01 00:00:00+00:00, run_after=2021-01-01 00:00:00+00:00
[2025-05-20T02:51:02.747+0000] {processor.py:208} INFO - Processing /home/airflow/.local/lib/python3.12/site-packages/airflow/example_dags/example_xcom.py took 0.468 seconds
[2025-05-20T02:51:33.012+0000] {processor.py:186} INFO - Started process (PID=166) to work on /home/airflow/.local/lib/python3.12/site-packages/airflow/example_dags/example_xcom.py
[2025-05-20T02:51:33.016+0000] {processor.py:914} INFO - Processing file /home/airflow/.local/lib/python3.12/site-packages/airflow/example_dags/example_xcom.py for tasks to queue
[2025-05-20T02:51:33.027+0000] {logging_mixin.py:190} INFO - [2025-05-20T02:51:33.020+0000] {dagbag.py:587} INFO - Filling up the DagBag from /home/airflow/.local/lib/python3.12/site-packages/airflow/example_dags/example_xcom.py
[2025-05-20T02:51:33.039+0000] {processor.py:925} INFO - DAG(s) 'example_xcom' retrieved from /home/airflow/.local/lib/python3.12/site-packages/airflow/example_dags/example_xcom.py
[2025-05-20T02:51:33.085+0000] {logging_mixin.py:190} INFO - [2025-05-20T02:51:33.085+0000] {dag.py:3229} INFO - Sync 1 DAGs
[2025-05-20T02:51:33.126+0000] {logging_mixin.py:190} INFO - [2025-05-20T02:51:33.125+0000] {dag.py:4156} INFO - Setting next_dagrun for example_xcom to 2021-01-01 00:00:00+00:00, run_after=2021-01-01 00:00:00+00:00
[2025-05-20T02:51:33.181+0000] {processor.py:208} INFO - Processing /home/airflow/.local/lib/python3.12/site-packages/airflow/example_dags/example_xcom.py took 0.174 seconds
[2025-05-20T02:52:03.308+0000] {processor.py:186} INFO - Started process (PID=228) to work on /home/airflow/.local/lib/python3.12/site-packages/airflow/example_dags/example_xcom.py
[2025-05-20T02:52:03.311+0000] {processor.py:914} INFO - Processing file /home/airflow/.local/lib/python3.12/site-packages/airflow/example_dags/example_xcom.py for tasks to queue
[2025-05-20T02:52:03.316+0000] {logging_mixin.py:190} INFO - [2025-05-20T02:52:03.316+0000] {dagbag.py:587} INFO - Filling up the DagBag from /home/airflow/.local/lib/python3.12/site-packages/airflow/example_dags/example_xcom.py
[2025-05-20T02:52:03.324+0000] {processor.py:925} INFO - DAG(s) 'example_xcom' retrieved from /home/airflow/.local/lib/python3.12/site-packages/airflow/example_dags/example_xcom.py
[2025-05-20T02:52:03.369+0000] {logging_mixin.py:190} INFO - [2025-05-20T02:52:03.369+0000] {dag.py:3229} INFO - Sync 1 DAGs
[2025-05-20T02:52:03.396+0000] {logging_mixin.py:190} INFO - [2025-05-20T02:52:03.396+0000] {dag.py:4156} INFO - Setting next_dagrun for example_xcom to 2021-01-01 00:00:00+00:00, run_after=2021-01-01 00:00:00+00:00
[2025-05-20T02:52:03.432+0000] {processor.py:208} INFO - Processing /home/airflow/.local/lib/python3.12/site-packages/airflow/example_dags/example_xcom.py took 0.129 seconds
[2025-05-20T02:54:01.795+0000] {processor.py:186} INFO - Started process (PID=106) to work on /home/airflow/.local/lib/python3.12/site-packages/airflow/example_dags/example_xcom.py
[2025-05-20T02:54:01.797+0000] {processor.py:914} INFO - Processing file /home/airflow/.local/lib/python3.12/site-packages/airflow/example_dags/example_xcom.py for tasks to queue
[2025-05-20T02:54:01.800+0000] {logging_mixin.py:190} INFO - [2025-05-20T02:54:01.799+0000] {dagbag.py:587} INFO - Filling up the DagBag from /home/airflow/.local/lib/python3.12/site-packages/airflow/example_dags/example_xcom.py
[2025-05-20T02:54:01.819+0000] {processor.py:925} INFO - DAG(s) 'example_xcom' retrieved from /home/airflow/.local/lib/python3.12/site-packages/airflow/example_dags/example_xcom.py
[2025-05-20T02:54:01.853+0000] {logging_mixin.py:190} INFO - [2025-05-20T02:54:01.853+0000] {dag.py:3229} INFO - Sync 1 DAGs
[2025-05-20T02:54:01.895+0000] {logging_mixin.py:190} INFO - [2025-05-20T02:54:01.894+0000] {dag.py:4156} INFO - Setting next_dagrun for example_xcom to 2021-01-01 00:00:00+00:00, run_after=2021-01-01 00:00:00+00:00
[2025-05-20T02:54:01.976+0000] {processor.py:208} INFO - Processing /home/airflow/.local/lib/python3.12/site-packages/airflow/example_dags/example_xcom.py took 0.183 seconds
[2025-05-20T02:54:32.381+0000] {processor.py:186} INFO - Started process (PID=169) to work on /home/airflow/.local/lib/python3.12/site-packages/airflow/example_dags/example_xcom.py
[2025-05-20T02:54:32.386+0000] {processor.py:914} INFO - Processing file /home/airflow/.local/lib/python3.12/site-packages/airflow/example_dags/example_xcom.py for tasks to queue
[2025-05-20T02:54:32.393+0000] {logging_mixin.py:190} INFO - [2025-05-20T02:54:32.392+0000] {dagbag.py:587} INFO - Filling up the DagBag from /home/airflow/.local/lib/python3.12/site-packages/airflow/example_dags/example_xcom.py
[2025-05-20T02:54:32.423+0000] {processor.py:925} INFO - DAG(s) 'example_xcom' retrieved from /home/airflow/.local/lib/python3.12/site-packages/airflow/example_dags/example_xcom.py
[2025-05-20T02:54:32.505+0000] {logging_mixin.py:190} INFO - [2025-05-20T02:54:32.504+0000] {dag.py:3229} INFO - Sync 1 DAGs
[2025-05-20T02:54:32.570+0000] {logging_mixin.py:190} INFO - [2025-05-20T02:54:32.569+0000] {dag.py:4156} INFO - Setting next_dagrun for example_xcom to 2021-01-01 00:00:00+00:00, run_after=2021-01-01 00:00:00+00:00
[2025-05-20T02:54:32.645+0000] {processor.py:208} INFO - Processing /home/airflow/.local/lib/python3.12/site-packages/airflow/example_dags/example_xcom.py took 0.271 seconds
[2025-05-20T02:55:03.937+0000] {processor.py:186} INFO - Started process (PID=232) to work on /home/airflow/.local/lib/python3.12/site-packages/airflow/example_dags/example_xcom.py
[2025-05-20T02:55:03.939+0000] {processor.py:914} INFO - Processing file /home/airflow/.local/lib/python3.12/site-packages/airflow/example_dags/example_xcom.py for tasks to queue
[2025-05-20T02:55:03.943+0000] {logging_mixin.py:190} INFO - [2025-05-20T02:55:03.943+0000] {dagbag.py:587} INFO - Filling up the DagBag from /home/airflow/.local/lib/python3.12/site-packages/airflow/example_dags/example_xcom.py
[2025-05-20T02:55:03.962+0000] {processor.py:925} INFO - DAG(s) 'example_xcom' retrieved from /home/airflow/.local/lib/python3.12/site-packages/airflow/example_dags/example_xcom.py
[2025-05-20T02:55:03.991+0000] {logging_mixin.py:190} INFO - [2025-05-20T02:55:03.991+0000] {dag.py:3229} INFO - Sync 1 DAGs
[2025-05-20T02:55:04.025+0000] {logging_mixin.py:190} INFO - [2025-05-20T02:55:04.025+0000] {dag.py:4156} INFO - Setting next_dagrun for example_xcom to 2021-01-01 00:00:00+00:00, run_after=2021-01-01 00:00:00+00:00
[2025-05-20T02:55:04.111+0000] {processor.py:208} INFO - Processing /home/airflow/.local/lib/python3.12/site-packages/airflow/example_dags/example_xcom.py took 0.179 seconds
[2025-05-20T02:55:34.525+0000] {processor.py:186} INFO - Started process (PID=295) to work on /home/airflow/.local/lib/python3.12/site-packages/airflow/example_dags/example_xcom.py
[2025-05-20T02:55:34.533+0000] {processor.py:914} INFO - Processing file /home/airflow/.local/lib/python3.12/site-packages/airflow/example_dags/example_xcom.py for tasks to queue
[2025-05-20T02:55:34.546+0000] {logging_mixin.py:190} INFO - [2025-05-20T02:55:34.546+0000] {dagbag.py:587} INFO - Filling up the DagBag from /home/airflow/.local/lib/python3.12/site-packages/airflow/example_dags/example_xcom.py
[2025-05-20T02:55:34.567+0000] {processor.py:925} INFO - DAG(s) 'example_xcom' retrieved from /home/airflow/.local/lib/python3.12/site-packages/airflow/example_dags/example_xcom.py
[2025-05-20T02:55:34.643+0000] {logging_mixin.py:190} INFO - [2025-05-20T02:55:34.641+0000] {dag.py:3229} INFO - Sync 1 DAGs
[2025-05-20T02:55:34.692+0000] {logging_mixin.py:190} INFO - [2025-05-20T02:55:34.690+0000] {dag.py:4156} INFO - Setting next_dagrun for example_xcom to 2021-01-01 00:00:00+00:00, run_after=2021-01-01 00:00:00+00:00
[2025-05-20T02:55:34.724+0000] {processor.py:208} INFO - Processing /home/airflow/.local/lib/python3.12/site-packages/airflow/example_dags/example_xcom.py took 0.202 seconds
[2025-05-20T02:56:06.036+0000] {processor.py:186} INFO - Started process (PID=358) to work on /home/airflow/.local/lib/python3.12/site-packages/airflow/example_dags/example_xcom.py
[2025-05-20T02:56:06.040+0000] {processor.py:914} INFO - Processing file /home/airflow/.local/lib/python3.12/site-packages/airflow/example_dags/example_xcom.py for tasks to queue
[2025-05-20T02:56:06.044+0000] {logging_mixin.py:190} INFO - [2025-05-20T02:56:06.043+0000] {dagbag.py:587} INFO - Filling up the DagBag from /home/airflow/.local/lib/python3.12/site-packages/airflow/example_dags/example_xcom.py
[2025-05-20T02:56:06.078+0000] {processor.py:925} INFO - DAG(s) 'example_xcom' retrieved from /home/airflow/.local/lib/python3.12/site-packages/airflow/example_dags/example_xcom.py
[2025-05-20T02:56:06.159+0000] {logging_mixin.py:190} INFO - [2025-05-20T02:56:06.159+0000] {dag.py:3229} INFO - Sync 1 DAGs
[2025-05-20T02:56:06.197+0000] {logging_mixin.py:190} INFO - [2025-05-20T02:56:06.197+0000] {dag.py:4156} INFO - Setting next_dagrun for example_xcom to 2021-01-01 00:00:00+00:00, run_after=2021-01-01 00:00:00+00:00
[2025-05-20T02:56:06.252+0000] {processor.py:208} INFO - Processing /home/airflow/.local/lib/python3.12/site-packages/airflow/example_dags/example_xcom.py took 0.219 seconds
[2025-05-20T02:56:38.146+0000] {processor.py:186} INFO - Started process (PID=421) to work on /home/airflow/.local/lib/python3.12/site-packages/airflow/example_dags/example_xcom.py
[2025-05-20T02:56:38.148+0000] {processor.py:914} INFO - Processing file /home/airflow/.local/lib/python3.12/site-packages/airflow/example_dags/example_xcom.py for tasks to queue
[2025-05-20T02:56:38.153+0000] {logging_mixin.py:190} INFO - [2025-05-20T02:56:38.153+0000] {dagbag.py:587} INFO - Filling up the DagBag from /home/airflow/.local/lib/python3.12/site-packages/airflow/example_dags/example_xcom.py
[2025-05-20T02:56:38.170+0000] {processor.py:925} INFO - DAG(s) 'example_xcom' retrieved from /home/airflow/.local/lib/python3.12/site-packages/airflow/example_dags/example_xcom.py
[2025-05-20T02:56:38.333+0000] {logging_mixin.py:190} INFO - [2025-05-20T02:56:38.333+0000] {dag.py:3229} INFO - Sync 1 DAGs
[2025-05-20T02:56:38.382+0000] {logging_mixin.py:190} INFO - [2025-05-20T02:56:38.381+0000] {dag.py:4156} INFO - Setting next_dagrun for example_xcom to 2021-01-01 00:00:00+00:00, run_after=2021-01-01 00:00:00+00:00
[2025-05-20T02:56:38.416+0000] {processor.py:208} INFO - Processing /home/airflow/.local/lib/python3.12/site-packages/airflow/example_dags/example_xcom.py took 0.274 seconds
[2025-05-20T02:57:08.796+0000] {processor.py:186} INFO - Started process (PID=484) to work on /home/airflow/.local/lib/python3.12/site-packages/airflow/example_dags/example_xcom.py
[2025-05-20T02:57:08.800+0000] {processor.py:914} INFO - Processing file /home/airflow/.local/lib/python3.12/site-packages/airflow/example_dags/example_xcom.py for tasks to queue
[2025-05-20T02:57:08.807+0000] {logging_mixin.py:190} INFO - [2025-05-20T02:57:08.807+0000] {dagbag.py:587} INFO - Filling up the DagBag from /home/airflow/.local/lib/python3.12/site-packages/airflow/example_dags/example_xcom.py
[2025-05-20T02:57:08.837+0000] {processor.py:925} INFO - DAG(s) 'example_xcom' retrieved from /home/airflow/.local/lib/python3.12/site-packages/airflow/example_dags/example_xcom.py
[2025-05-20T02:57:08.882+0000] {logging_mixin.py:190} INFO - [2025-05-20T02:57:08.881+0000] {dag.py:3229} INFO - Sync 1 DAGs
[2025-05-20T02:57:08.909+0000] {logging_mixin.py:190} INFO - [2025-05-20T02:57:08.908+0000] {dag.py:4156} INFO - Setting next_dagrun for example_xcom to 2021-01-01 00:00:00+00:00, run_after=2021-01-01 00:00:00+00:00
[2025-05-20T02:57:08.971+0000] {processor.py:208} INFO - Processing /home/airflow/.local/lib/python3.12/site-packages/airflow/example_dags/example_xcom.py took 0.178 seconds
[2025-05-20T02:57:39.248+0000] {processor.py:186} INFO - Started process (PID=547) to work on /home/airflow/.local/lib/python3.12/site-packages/airflow/example_dags/example_xcom.py
[2025-05-20T02:57:39.250+0000] {processor.py:914} INFO - Processing file /home/airflow/.local/lib/python3.12/site-packages/airflow/example_dags/example_xcom.py for tasks to queue
[2025-05-20T02:57:39.252+0000] {logging_mixin.py:190} INFO - [2025-05-20T02:57:39.251+0000] {dagbag.py:587} INFO - Filling up the DagBag from /home/airflow/.local/lib/python3.12/site-packages/airflow/example_dags/example_xcom.py
[2025-05-20T02:57:39.281+0000] {processor.py:925} INFO - DAG(s) 'example_xcom' retrieved from /home/airflow/.local/lib/python3.12/site-packages/airflow/example_dags/example_xcom.py
[2025-05-20T02:57:39.321+0000] {logging_mixin.py:190} INFO - [2025-05-20T02:57:39.320+0000] {dag.py:3229} INFO - Sync 1 DAGs
[2025-05-20T02:57:39.366+0000] {logging_mixin.py:190} INFO - [2025-05-20T02:57:39.366+0000] {dag.py:4156} INFO - Setting next_dagrun for example_xcom to 2021-01-01 00:00:00+00:00, run_after=2021-01-01 00:00:00+00:00
[2025-05-20T02:57:39.455+0000] {processor.py:208} INFO - Processing /home/airflow/.local/lib/python3.12/site-packages/airflow/example_dags/example_xcom.py took 0.211 seconds
[2025-05-20T02:58:09.843+0000] {processor.py:186} INFO - Started process (PID=610) to work on /home/airflow/.local/lib/python3.12/site-packages/airflow/example_dags/example_xcom.py
[2025-05-20T02:58:09.852+0000] {processor.py:914} INFO - Processing file /home/airflow/.local/lib/python3.12/site-packages/airflow/example_dags/example_xcom.py for tasks to queue
[2025-05-20T02:58:09.868+0000] {logging_mixin.py:190} INFO - [2025-05-20T02:58:09.862+0000] {dagbag.py:587} INFO - Filling up the DagBag from /home/airflow/.local/lib/python3.12/site-packages/airflow/example_dags/example_xcom.py
[2025-05-20T02:58:09.900+0000] {processor.py:925} INFO - DAG(s) 'example_xcom' retrieved from /home/airflow/.local/lib/python3.12/site-packages/airflow/example_dags/example_xcom.py
[2025-05-20T02:58:09.950+0000] {logging_mixin.py:190} INFO - [2025-05-20T02:58:09.949+0000] {dag.py:3229} INFO - Sync 1 DAGs
[2025-05-20T02:58:10.011+0000] {logging_mixin.py:190} INFO - [2025-05-20T02:58:10.007+0000] {dag.py:4156} INFO - Setting next_dagrun for example_xcom to 2021-01-01 00:00:00+00:00, run_after=2021-01-01 00:00:00+00:00
[2025-05-20T02:58:10.074+0000] {processor.py:208} INFO - Processing /home/airflow/.local/lib/python3.12/site-packages/airflow/example_dags/example_xcom.py took 0.236 seconds
[2025-05-20T02:58:40.156+0000] {processor.py:186} INFO - Started process (PID=674) to work on /home/airflow/.local/lib/python3.12/site-packages/airflow/example_dags/example_xcom.py
[2025-05-20T02:58:40.161+0000] {processor.py:914} INFO - Processing file /home/airflow/.local/lib/python3.12/site-packages/airflow/example_dags/example_xcom.py for tasks to queue
[2025-05-20T02:58:40.168+0000] {logging_mixin.py:190} INFO - [2025-05-20T02:58:40.166+0000] {dagbag.py:587} INFO - Filling up the DagBag from /home/airflow/.local/lib/python3.12/site-packages/airflow/example_dags/example_xcom.py
[2025-05-20T02:58:40.200+0000] {processor.py:925} INFO - DAG(s) 'example_xcom' retrieved from /home/airflow/.local/lib/python3.12/site-packages/airflow/example_dags/example_xcom.py
[2025-05-20T02:58:40.307+0000] {logging_mixin.py:190} INFO - [2025-05-20T02:58:40.306+0000] {dag.py:3229} INFO - Sync 1 DAGs
[2025-05-20T02:58:40.383+0000] {logging_mixin.py:190} INFO - [2025-05-20T02:58:40.383+0000] {dag.py:4156} INFO - Setting next_dagrun for example_xcom to 2021-01-01 00:00:00+00:00, run_after=2021-01-01 00:00:00+00:00
[2025-05-20T02:58:40.406+0000] {processor.py:208} INFO - Processing /home/airflow/.local/lib/python3.12/site-packages/airflow/example_dags/example_xcom.py took 0.254 seconds
[2025-05-20T02:59:11.132+0000] {processor.py:186} INFO - Started process (PID=737) to work on /home/airflow/.local/lib/python3.12/site-packages/airflow/example_dags/example_xcom.py
[2025-05-20T02:59:11.133+0000] {processor.py:914} INFO - Processing file /home/airflow/.local/lib/python3.12/site-packages/airflow/example_dags/example_xcom.py for tasks to queue
[2025-05-20T02:59:11.136+0000] {logging_mixin.py:190} INFO - [2025-05-20T02:59:11.135+0000] {dagbag.py:587} INFO - Filling up the DagBag from /home/airflow/.local/lib/python3.12/site-packages/airflow/example_dags/example_xcom.py
[2025-05-20T02:59:11.165+0000] {processor.py:925} INFO - DAG(s) 'example_xcom' retrieved from /home/airflow/.local/lib/python3.12/site-packages/airflow/example_dags/example_xcom.py
[2025-05-20T02:59:11.193+0000] {logging_mixin.py:190} INFO - [2025-05-20T02:59:11.192+0000] {dag.py:3229} INFO - Sync 1 DAGs
[2025-05-20T02:59:11.248+0000] {logging_mixin.py:190} INFO - [2025-05-20T02:59:11.242+0000] {dag.py:4156} INFO - Setting next_dagrun for example_xcom to 2021-01-01 00:00:00+00:00, run_after=2021-01-01 00:00:00+00:00
[2025-05-20T02:59:11.328+0000] {processor.py:208} INFO - Processing /home/airflow/.local/lib/python3.12/site-packages/airflow/example_dags/example_xcom.py took 0.200 seconds
[2025-05-20T02:59:41.465+0000] {processor.py:186} INFO - Started process (PID=800) to work on /home/airflow/.local/lib/python3.12/site-packages/airflow/example_dags/example_xcom.py
[2025-05-20T02:59:41.468+0000] {processor.py:914} INFO - Processing file /home/airflow/.local/lib/python3.12/site-packages/airflow/example_dags/example_xcom.py for tasks to queue
[2025-05-20T02:59:41.473+0000] {logging_mixin.py:190} INFO - [2025-05-20T02:59:41.473+0000] {dagbag.py:587} INFO - Filling up the DagBag from /home/airflow/.local/lib/python3.12/site-packages/airflow/example_dags/example_xcom.py
[2025-05-20T02:59:41.511+0000] {processor.py:925} INFO - DAG(s) 'example_xcom' retrieved from /home/airflow/.local/lib/python3.12/site-packages/airflow/example_dags/example_xcom.py
[2025-05-20T02:59:41.564+0000] {logging_mixin.py:190} INFO - [2025-05-20T02:59:41.564+0000] {dag.py:3229} INFO - Sync 1 DAGs
[2025-05-20T02:59:41.613+0000] {logging_mixin.py:190} INFO - [2025-05-20T02:59:41.613+0000] {dag.py:4156} INFO - Setting next_dagrun for example_xcom to 2021-01-01 00:00:00+00:00, run_after=2021-01-01 00:00:00+00:00
[2025-05-20T02:59:41.675+0000] {processor.py:208} INFO - Processing /home/airflow/.local/lib/python3.12/site-packages/airflow/example_dags/example_xcom.py took 0.213 seconds
[2025-05-20T03:00:12.293+0000] {processor.py:186} INFO - Started process (PID=863) to work on /home/airflow/.local/lib/python3.12/site-packages/airflow/example_dags/example_xcom.py
[2025-05-20T03:00:12.296+0000] {processor.py:914} INFO - Processing file /home/airflow/.local/lib/python3.12/site-packages/airflow/example_dags/example_xcom.py for tasks to queue
[2025-05-20T03:00:12.302+0000] {logging_mixin.py:190} INFO - [2025-05-20T03:00:12.300+0000] {dagbag.py:587} INFO - Filling up the DagBag from /home/airflow/.local/lib/python3.12/site-packages/airflow/example_dags/example_xcom.py
[2025-05-20T03:00:12.316+0000] {processor.py:925} INFO - DAG(s) 'example_xcom' retrieved from /home/airflow/.local/lib/python3.12/site-packages/airflow/example_dags/example_xcom.py
[2025-05-20T03:00:12.374+0000] {logging_mixin.py:190} INFO - [2025-05-20T03:00:12.373+0000] {dag.py:3229} INFO - Sync 1 DAGs
[2025-05-20T03:00:12.420+0000] {logging_mixin.py:190} INFO - [2025-05-20T03:00:12.418+0000] {dag.py:4156} INFO - Setting next_dagrun for example_xcom to 2021-01-01 00:00:00+00:00, run_after=2021-01-01 00:00:00+00:00
[2025-05-20T03:00:12.464+0000] {processor.py:208} INFO - Processing /home/airflow/.local/lib/python3.12/site-packages/airflow/example_dags/example_xcom.py took 0.174 seconds
[2025-05-20T03:00:43.028+0000] {processor.py:186} INFO - Started process (PID=926) to work on /home/airflow/.local/lib/python3.12/site-packages/airflow/example_dags/example_xcom.py
[2025-05-20T03:00:43.030+0000] {processor.py:914} INFO - Processing file /home/airflow/.local/lib/python3.12/site-packages/airflow/example_dags/example_xcom.py for tasks to queue
[2025-05-20T03:00:43.036+0000] {logging_mixin.py:190} INFO - [2025-05-20T03:00:43.035+0000] {dagbag.py:587} INFO - Filling up the DagBag from /home/airflow/.local/lib/python3.12/site-packages/airflow/example_dags/example_xcom.py
[2025-05-20T03:00:43.058+0000] {processor.py:925} INFO - DAG(s) 'example_xcom' retrieved from /home/airflow/.local/lib/python3.12/site-packages/airflow/example_dags/example_xcom.py
[2025-05-20T03:00:43.112+0000] {logging_mixin.py:190} INFO - [2025-05-20T03:00:43.111+0000] {dag.py:3229} INFO - Sync 1 DAGs
[2025-05-20T03:00:43.155+0000] {logging_mixin.py:190} INFO - [2025-05-20T03:00:43.155+0000] {dag.py:4156} INFO - Setting next_dagrun for example_xcom to 2021-01-01 00:00:00+00:00, run_after=2021-01-01 00:00:00+00:00
[2025-05-20T03:00:43.188+0000] {processor.py:208} INFO - Processing /home/airflow/.local/lib/python3.12/site-packages/airflow/example_dags/example_xcom.py took 0.164 seconds
[2025-05-20T03:01:13.865+0000] {processor.py:186} INFO - Started process (PID=988) to work on /home/airflow/.local/lib/python3.12/site-packages/airflow/example_dags/example_xcom.py
[2025-05-20T03:01:13.867+0000] {processor.py:914} INFO - Processing file /home/airflow/.local/lib/python3.12/site-packages/airflow/example_dags/example_xcom.py for tasks to queue
[2025-05-20T03:01:13.875+0000] {logging_mixin.py:190} INFO - [2025-05-20T03:01:13.874+0000] {dagbag.py:587} INFO - Filling up the DagBag from /home/airflow/.local/lib/python3.12/site-packages/airflow/example_dags/example_xcom.py
[2025-05-20T03:01:13.888+0000] {processor.py:925} INFO - DAG(s) 'example_xcom' retrieved from /home/airflow/.local/lib/python3.12/site-packages/airflow/example_dags/example_xcom.py
[2025-05-20T03:01:13.944+0000] {logging_mixin.py:190} INFO - [2025-05-20T03:01:13.944+0000] {dag.py:3229} INFO - Sync 1 DAGs
[2025-05-20T03:01:13.965+0000] {logging_mixin.py:190} INFO - [2025-05-20T03:01:13.965+0000] {dag.py:4156} INFO - Setting next_dagrun for example_xcom to 2021-01-01 00:00:00+00:00, run_after=2021-01-01 00:00:00+00:00
[2025-05-20T03:01:14.025+0000] {processor.py:208} INFO - Processing /home/airflow/.local/lib/python3.12/site-packages/airflow/example_dags/example_xcom.py took 0.165 seconds
[2025-05-20T03:01:44.595+0000] {processor.py:186} INFO - Started process (PID=1050) to work on /home/airflow/.local/lib/python3.12/site-packages/airflow/example_dags/example_xcom.py
[2025-05-20T03:01:44.596+0000] {processor.py:914} INFO - Processing file /home/airflow/.local/lib/python3.12/site-packages/airflow/example_dags/example_xcom.py for tasks to queue
[2025-05-20T03:01:44.601+0000] {logging_mixin.py:190} INFO - [2025-05-20T03:01:44.600+0000] {dagbag.py:587} INFO - Filling up the DagBag from /home/airflow/.local/lib/python3.12/site-packages/airflow/example_dags/example_xcom.py
[2025-05-20T03:01:44.615+0000] {processor.py:925} INFO - DAG(s) 'example_xcom' retrieved from /home/airflow/.local/lib/python3.12/site-packages/airflow/example_dags/example_xcom.py
[2025-05-20T03:01:44.718+0000] {logging_mixin.py:190} INFO - [2025-05-20T03:01:44.717+0000] {dag.py:3229} INFO - Sync 1 DAGs
[2025-05-20T03:01:44.832+0000] {logging_mixin.py:190} INFO - [2025-05-20T03:01:44.831+0000] {dag.py:4156} INFO - Setting next_dagrun for example_xcom to 2021-01-01 00:00:00+00:00, run_after=2021-01-01 00:00:00+00:00
[2025-05-20T03:01:44.973+0000] {processor.py:208} INFO - Processing /home/airflow/.local/lib/python3.12/site-packages/airflow/example_dags/example_xcom.py took 0.381 seconds
[2025-05-20T03:02:15.228+0000] {processor.py:186} INFO - Started process (PID=1113) to work on /home/airflow/.local/lib/python3.12/site-packages/airflow/example_dags/example_xcom.py
[2025-05-20T03:02:15.230+0000] {processor.py:914} INFO - Processing file /home/airflow/.local/lib/python3.12/site-packages/airflow/example_dags/example_xcom.py for tasks to queue
[2025-05-20T03:02:15.266+0000] {logging_mixin.py:190} INFO - [2025-05-20T03:02:15.266+0000] {dagbag.py:587} INFO - Filling up the DagBag from /home/airflow/.local/lib/python3.12/site-packages/airflow/example_dags/example_xcom.py
[2025-05-20T03:02:15.307+0000] {processor.py:925} INFO - DAG(s) 'example_xcom' retrieved from /home/airflow/.local/lib/python3.12/site-packages/airflow/example_dags/example_xcom.py
[2025-05-20T03:02:15.363+0000] {logging_mixin.py:190} INFO - [2025-05-20T03:02:15.363+0000] {dag.py:3229} INFO - Sync 1 DAGs
[2025-05-20T03:02:15.410+0000] {logging_mixin.py:190} INFO - [2025-05-20T03:02:15.409+0000] {dag.py:4156} INFO - Setting next_dagrun for example_xcom to 2021-01-01 00:00:00+00:00, run_after=2021-01-01 00:00:00+00:00
[2025-05-20T03:02:15.473+0000] {processor.py:208} INFO - Processing /home/airflow/.local/lib/python3.12/site-packages/airflow/example_dags/example_xcom.py took 0.261 seconds
[2025-05-20T03:02:45.856+0000] {processor.py:186} INFO - Started process (PID=1176) to work on /home/airflow/.local/lib/python3.12/site-packages/airflow/example_dags/example_xcom.py
[2025-05-20T03:02:45.858+0000] {processor.py:914} INFO - Processing file /home/airflow/.local/lib/python3.12/site-packages/airflow/example_dags/example_xcom.py for tasks to queue
[2025-05-20T03:02:45.866+0000] {logging_mixin.py:190} INFO - [2025-05-20T03:02:45.865+0000] {dagbag.py:587} INFO - Filling up the DagBag from /home/airflow/.local/lib/python3.12/site-packages/airflow/example_dags/example_xcom.py
[2025-05-20T03:02:45.880+0000] {processor.py:925} INFO - DAG(s) 'example_xcom' retrieved from /home/airflow/.local/lib/python3.12/site-packages/airflow/example_dags/example_xcom.py
[2025-05-20T03:02:45.924+0000] {logging_mixin.py:190} INFO - [2025-05-20T03:02:45.924+0000] {dag.py:3229} INFO - Sync 1 DAGs
[2025-05-20T03:02:45.965+0000] {logging_mixin.py:190} INFO - [2025-05-20T03:02:45.965+0000] {dag.py:4156} INFO - Setting next_dagrun for example_xcom to 2021-01-01 00:00:00+00:00, run_after=2021-01-01 00:00:00+00:00
[2025-05-20T03:02:45.983+0000] {processor.py:208} INFO - Processing /home/airflow/.local/lib/python3.12/site-packages/airflow/example_dags/example_xcom.py took 0.131 seconds
[2025-05-20T03:03:16.322+0000] {processor.py:186} INFO - Started process (PID=1238) to work on /home/airflow/.local/lib/python3.12/site-packages/airflow/example_dags/example_xcom.py
[2025-05-20T03:03:16.327+0000] {processor.py:914} INFO - Processing file /home/airflow/.local/lib/python3.12/site-packages/airflow/example_dags/example_xcom.py for tasks to queue
[2025-05-20T03:03:16.330+0000] {logging_mixin.py:190} INFO - [2025-05-20T03:03:16.330+0000] {dagbag.py:587} INFO - Filling up the DagBag from /home/airflow/.local/lib/python3.12/site-packages/airflow/example_dags/example_xcom.py
[2025-05-20T03:03:16.342+0000] {processor.py:925} INFO - DAG(s) 'example_xcom' retrieved from /home/airflow/.local/lib/python3.12/site-packages/airflow/example_dags/example_xcom.py
[2025-05-20T03:03:16.391+0000] {logging_mixin.py:190} INFO - [2025-05-20T03:03:16.391+0000] {dag.py:3229} INFO - Sync 1 DAGs
[2025-05-20T03:03:16.433+0000] {logging_mixin.py:190} INFO - [2025-05-20T03:03:16.433+0000] {dag.py:4156} INFO - Setting next_dagrun for example_xcom to 2021-01-01 00:00:00+00:00, run_after=2021-01-01 00:00:00+00:00
[2025-05-20T03:03:16.497+0000] {processor.py:208} INFO - Processing /home/airflow/.local/lib/python3.12/site-packages/airflow/example_dags/example_xcom.py took 0.179 seconds
[2025-05-20T03:03:47.461+0000] {processor.py:186} INFO - Started process (PID=1300) to work on /home/airflow/.local/lib/python3.12/site-packages/airflow/example_dags/example_xcom.py
[2025-05-20T03:03:47.462+0000] {processor.py:914} INFO - Processing file /home/airflow/.local/lib/python3.12/site-packages/airflow/example_dags/example_xcom.py for tasks to queue
[2025-05-20T03:03:47.466+0000] {logging_mixin.py:190} INFO - [2025-05-20T03:03:47.466+0000] {dagbag.py:587} INFO - Filling up the DagBag from /home/airflow/.local/lib/python3.12/site-packages/airflow/example_dags/example_xcom.py
[2025-05-20T03:03:47.483+0000] {processor.py:925} INFO - DAG(s) 'example_xcom' retrieved from /home/airflow/.local/lib/python3.12/site-packages/airflow/example_dags/example_xcom.py
[2025-05-20T03:03:47.519+0000] {logging_mixin.py:190} INFO - [2025-05-20T03:03:47.519+0000] {dag.py:3229} INFO - Sync 1 DAGs
[2025-05-20T03:03:47.562+0000] {logging_mixin.py:190} INFO - [2025-05-20T03:03:47.562+0000] {dag.py:4156} INFO - Setting next_dagrun for example_xcom to 2021-01-01 00:00:00+00:00, run_after=2021-01-01 00:00:00+00:00
[2025-05-20T03:03:47.611+0000] {processor.py:208} INFO - Processing /home/airflow/.local/lib/python3.12/site-packages/airflow/example_dags/example_xcom.py took 0.153 seconds
[2025-05-20T03:04:18.399+0000] {processor.py:186} INFO - Started process (PID=1363) to work on /home/airflow/.local/lib/python3.12/site-packages/airflow/example_dags/example_xcom.py
[2025-05-20T03:04:18.402+0000] {processor.py:914} INFO - Processing file /home/airflow/.local/lib/python3.12/site-packages/airflow/example_dags/example_xcom.py for tasks to queue
[2025-05-20T03:04:18.416+0000] {logging_mixin.py:190} INFO - [2025-05-20T03:04:18.414+0000] {dagbag.py:587} INFO - Filling up the DagBag from /home/airflow/.local/lib/python3.12/site-packages/airflow/example_dags/example_xcom.py
[2025-05-20T03:04:18.446+0000] {processor.py:925} INFO - DAG(s) 'example_xcom' retrieved from /home/airflow/.local/lib/python3.12/site-packages/airflow/example_dags/example_xcom.py
[2025-05-20T03:04:18.526+0000] {logging_mixin.py:190} INFO - [2025-05-20T03:04:18.525+0000] {dag.py:3229} INFO - Sync 1 DAGs
[2025-05-20T03:04:18.568+0000] {logging_mixin.py:190} INFO - [2025-05-20T03:04:18.568+0000] {dag.py:4156} INFO - Setting next_dagrun for example_xcom to 2021-01-01 00:00:00+00:00, run_after=2021-01-01 00:00:00+00:00
[2025-05-20T03:04:18.609+0000] {processor.py:208} INFO - Processing /home/airflow/.local/lib/python3.12/site-packages/airflow/example_dags/example_xcom.py took 0.215 seconds
[2025-05-20T03:04:49.109+0000] {processor.py:186} INFO - Started process (PID=1427) to work on /home/airflow/.local/lib/python3.12/site-packages/airflow/example_dags/example_xcom.py
[2025-05-20T03:04:49.110+0000] {processor.py:914} INFO - Processing file /home/airflow/.local/lib/python3.12/site-packages/airflow/example_dags/example_xcom.py for tasks to queue
[2025-05-20T03:04:49.113+0000] {logging_mixin.py:190} INFO - [2025-05-20T03:04:49.112+0000] {dagbag.py:587} INFO - Filling up the DagBag from /home/airflow/.local/lib/python3.12/site-packages/airflow/example_dags/example_xcom.py
[2025-05-20T03:04:49.128+0000] {processor.py:925} INFO - DAG(s) 'example_xcom' retrieved from /home/airflow/.local/lib/python3.12/site-packages/airflow/example_dags/example_xcom.py
[2025-05-20T03:04:49.159+0000] {logging_mixin.py:190} INFO - [2025-05-20T03:04:49.159+0000] {dag.py:3229} INFO - Sync 1 DAGs
[2025-05-20T03:04:49.194+0000] {logging_mixin.py:190} INFO - [2025-05-20T03:04:49.194+0000] {dag.py:4156} INFO - Setting next_dagrun for example_xcom to 2021-01-01 00:00:00+00:00, run_after=2021-01-01 00:00:00+00:00
[2025-05-20T03:04:49.222+0000] {processor.py:208} INFO - Processing /home/airflow/.local/lib/python3.12/site-packages/airflow/example_dags/example_xcom.py took 0.116 seconds
[2025-05-20T03:05:21.934+0000] {processor.py:186} INFO - Started process (PID=1490) to work on /home/airflow/.local/lib/python3.12/site-packages/airflow/example_dags/example_xcom.py
[2025-05-20T03:05:21.936+0000] {processor.py:914} INFO - Processing file /home/airflow/.local/lib/python3.12/site-packages/airflow/example_dags/example_xcom.py for tasks to queue
[2025-05-20T03:05:21.940+0000] {logging_mixin.py:190} INFO - [2025-05-20T03:05:21.939+0000] {dagbag.py:587} INFO - Filling up the DagBag from /home/airflow/.local/lib/python3.12/site-packages/airflow/example_dags/example_xcom.py
[2025-05-20T03:05:21.956+0000] {processor.py:925} INFO - DAG(s) 'example_xcom' retrieved from /home/airflow/.local/lib/python3.12/site-packages/airflow/example_dags/example_xcom.py
[2025-05-20T03:05:21.998+0000] {logging_mixin.py:190} INFO - [2025-05-20T03:05:21.998+0000] {dag.py:3229} INFO - Sync 1 DAGs
[2025-05-20T03:05:22.072+0000] {logging_mixin.py:190} INFO - [2025-05-20T03:05:22.072+0000] {dag.py:4156} INFO - Setting next_dagrun for example_xcom to 2021-01-01 00:00:00+00:00, run_after=2021-01-01 00:00:00+00:00
[2025-05-20T03:05:22.130+0000] {processor.py:208} INFO - Processing /home/airflow/.local/lib/python3.12/site-packages/airflow/example_dags/example_xcom.py took 0.213 seconds
[2025-05-20T03:05:53.579+0000] {processor.py:186} INFO - Started process (PID=1553) to work on /home/airflow/.local/lib/python3.12/site-packages/airflow/example_dags/example_xcom.py
[2025-05-20T03:05:53.584+0000] {processor.py:914} INFO - Processing file /home/airflow/.local/lib/python3.12/site-packages/airflow/example_dags/example_xcom.py for tasks to queue
[2025-05-20T03:05:53.589+0000] {logging_mixin.py:190} INFO - [2025-05-20T03:05:53.588+0000] {dagbag.py:587} INFO - Filling up the DagBag from /home/airflow/.local/lib/python3.12/site-packages/airflow/example_dags/example_xcom.py
[2025-05-20T03:05:53.598+0000] {processor.py:925} INFO - DAG(s) 'example_xcom' retrieved from /home/airflow/.local/lib/python3.12/site-packages/airflow/example_dags/example_xcom.py
[2025-05-20T03:05:53.674+0000] {logging_mixin.py:190} INFO - [2025-05-20T03:05:53.674+0000] {dag.py:3229} INFO - Sync 1 DAGs
[2025-05-20T03:05:53.726+0000] {logging_mixin.py:190} INFO - [2025-05-20T03:05:53.725+0000] {dag.py:4156} INFO - Setting next_dagrun for example_xcom to 2021-01-01 00:00:00+00:00, run_after=2021-01-01 00:00:00+00:00
[2025-05-20T03:05:53.765+0000] {processor.py:208} INFO - Processing /home/airflow/.local/lib/python3.12/site-packages/airflow/example_dags/example_xcom.py took 0.192 seconds
[2025-05-20T03:06:24.413+0000] {processor.py:186} INFO - Started process (PID=1616) to work on /home/airflow/.local/lib/python3.12/site-packages/airflow/example_dags/example_xcom.py
[2025-05-20T03:06:24.414+0000] {processor.py:914} INFO - Processing file /home/airflow/.local/lib/python3.12/site-packages/airflow/example_dags/example_xcom.py for tasks to queue
[2025-05-20T03:06:24.417+0000] {logging_mixin.py:190} INFO - [2025-05-20T03:06:24.417+0000] {dagbag.py:587} INFO - Filling up the DagBag from /home/airflow/.local/lib/python3.12/site-packages/airflow/example_dags/example_xcom.py
[2025-05-20T03:06:24.441+0000] {processor.py:925} INFO - DAG(s) 'example_xcom' retrieved from /home/airflow/.local/lib/python3.12/site-packages/airflow/example_dags/example_xcom.py
[2025-05-20T03:06:24.507+0000] {logging_mixin.py:190} INFO - [2025-05-20T03:06:24.507+0000] {dag.py:3229} INFO - Sync 1 DAGs
[2025-05-20T03:06:24.571+0000] {logging_mixin.py:190} INFO - [2025-05-20T03:06:24.571+0000] {dag.py:4156} INFO - Setting next_dagrun for example_xcom to 2021-01-01 00:00:00+00:00, run_after=2021-01-01 00:00:00+00:00
[2025-05-20T03:06:24.621+0000] {processor.py:208} INFO - Processing /home/airflow/.local/lib/python3.12/site-packages/airflow/example_dags/example_xcom.py took 0.218 seconds
[2025-05-20T03:06:55.140+0000] {processor.py:186} INFO - Started process (PID=1679) to work on /home/airflow/.local/lib/python3.12/site-packages/airflow/example_dags/example_xcom.py
[2025-05-20T03:06:55.141+0000] {processor.py:914} INFO - Processing file /home/airflow/.local/lib/python3.12/site-packages/airflow/example_dags/example_xcom.py for tasks to queue
[2025-05-20T03:06:55.147+0000] {logging_mixin.py:190} INFO - [2025-05-20T03:06:55.147+0000] {dagbag.py:587} INFO - Filling up the DagBag from /home/airflow/.local/lib/python3.12/site-packages/airflow/example_dags/example_xcom.py
[2025-05-20T03:06:55.156+0000] {processor.py:925} INFO - DAG(s) 'example_xcom' retrieved from /home/airflow/.local/lib/python3.12/site-packages/airflow/example_dags/example_xcom.py
[2025-05-20T03:06:55.202+0000] {logging_mixin.py:190} INFO - [2025-05-20T03:06:55.202+0000] {dag.py:3229} INFO - Sync 1 DAGs
[2025-05-20T03:06:55.264+0000] {logging_mixin.py:190} INFO - [2025-05-20T03:06:55.264+0000] {dag.py:4156} INFO - Setting next_dagrun for example_xcom to 2021-01-01 00:00:00+00:00, run_after=2021-01-01 00:00:00+00:00
[2025-05-20T03:06:55.319+0000] {processor.py:208} INFO - Processing /home/airflow/.local/lib/python3.12/site-packages/airflow/example_dags/example_xcom.py took 0.183 seconds
[2025-05-20T03:07:25.605+0000] {processor.py:186} INFO - Started process (PID=1742) to work on /home/airflow/.local/lib/python3.12/site-packages/airflow/example_dags/example_xcom.py
[2025-05-20T03:07:25.607+0000] {processor.py:914} INFO - Processing file /home/airflow/.local/lib/python3.12/site-packages/airflow/example_dags/example_xcom.py for tasks to queue
[2025-05-20T03:07:25.620+0000] {logging_mixin.py:190} INFO - [2025-05-20T03:07:25.619+0000] {dagbag.py:587} INFO - Filling up the DagBag from /home/airflow/.local/lib/python3.12/site-packages/airflow/example_dags/example_xcom.py
[2025-05-20T03:07:25.633+0000] {processor.py:925} INFO - DAG(s) 'example_xcom' retrieved from /home/airflow/.local/lib/python3.12/site-packages/airflow/example_dags/example_xcom.py
[2025-05-20T03:07:25.684+0000] {logging_mixin.py:190} INFO - [2025-05-20T03:07:25.683+0000] {dag.py:3229} INFO - Sync 1 DAGs
[2025-05-20T03:07:25.725+0000] {logging_mixin.py:190} INFO - [2025-05-20T03:07:25.724+0000] {dag.py:4156} INFO - Setting next_dagrun for example_xcom to 2021-01-01 00:00:00+00:00, run_after=2021-01-01 00:00:00+00:00
[2025-05-20T03:07:25.776+0000] {processor.py:208} INFO - Processing /home/airflow/.local/lib/python3.12/site-packages/airflow/example_dags/example_xcom.py took 0.175 seconds
[2025-05-20T03:07:56.579+0000] {processor.py:186} INFO - Started process (PID=1809) to work on /home/airflow/.local/lib/python3.12/site-packages/airflow/example_dags/example_xcom.py
[2025-05-20T03:07:56.585+0000] {processor.py:914} INFO - Processing file /home/airflow/.local/lib/python3.12/site-packages/airflow/example_dags/example_xcom.py for tasks to queue
[2025-05-20T03:07:56.601+0000] {logging_mixin.py:190} INFO - [2025-05-20T03:07:56.599+0000] {dagbag.py:587} INFO - Filling up the DagBag from /home/airflow/.local/lib/python3.12/site-packages/airflow/example_dags/example_xcom.py
[2025-05-20T03:07:56.616+0000] {processor.py:925} INFO - DAG(s) 'example_xcom' retrieved from /home/airflow/.local/lib/python3.12/site-packages/airflow/example_dags/example_xcom.py
[2025-05-20T03:07:56.643+0000] {logging_mixin.py:190} INFO - [2025-05-20T03:07:56.643+0000] {dag.py:3229} INFO - Sync 1 DAGs
[2025-05-20T03:07:56.674+0000] {logging_mixin.py:190} INFO - [2025-05-20T03:07:56.674+0000] {dag.py:4156} INFO - Setting next_dagrun for example_xcom to 2021-01-01 00:00:00+00:00, run_after=2021-01-01 00:00:00+00:00
[2025-05-20T03:07:56.758+0000] {processor.py:208} INFO - Processing /home/airflow/.local/lib/python3.12/site-packages/airflow/example_dags/example_xcom.py took 0.200 seconds
[2025-05-20T03:08:27.572+0000] {processor.py:186} INFO - Started process (PID=1872) to work on /home/airflow/.local/lib/python3.12/site-packages/airflow/example_dags/example_xcom.py
[2025-05-20T03:08:27.573+0000] {processor.py:914} INFO - Processing file /home/airflow/.local/lib/python3.12/site-packages/airflow/example_dags/example_xcom.py for tasks to queue
[2025-05-20T03:08:27.582+0000] {logging_mixin.py:190} INFO - [2025-05-20T03:08:27.582+0000] {dagbag.py:587} INFO - Filling up the DagBag from /home/airflow/.local/lib/python3.12/site-packages/airflow/example_dags/example_xcom.py
[2025-05-20T03:08:27.594+0000] {processor.py:925} INFO - DAG(s) 'example_xcom' retrieved from /home/airflow/.local/lib/python3.12/site-packages/airflow/example_dags/example_xcom.py
[2025-05-20T03:08:27.648+0000] {logging_mixin.py:190} INFO - [2025-05-20T03:08:27.648+0000] {dag.py:3229} INFO - Sync 1 DAGs
[2025-05-20T03:08:27.701+0000] {logging_mixin.py:190} INFO - [2025-05-20T03:08:27.700+0000] {dag.py:4156} INFO - Setting next_dagrun for example_xcom to 2021-01-01 00:00:00+00:00, run_after=2021-01-01 00:00:00+00:00
[2025-05-20T03:08:27.724+0000] {processor.py:208} INFO - Processing /home/airflow/.local/lib/python3.12/site-packages/airflow/example_dags/example_xcom.py took 0.157 seconds
[2025-05-20T03:08:58.461+0000] {processor.py:186} INFO - Started process (PID=1935) to work on /home/airflow/.local/lib/python3.12/site-packages/airflow/example_dags/example_xcom.py
[2025-05-20T03:08:58.462+0000] {processor.py:914} INFO - Processing file /home/airflow/.local/lib/python3.12/site-packages/airflow/example_dags/example_xcom.py for tasks to queue
[2025-05-20T03:08:58.470+0000] {logging_mixin.py:190} INFO - [2025-05-20T03:08:58.470+0000] {dagbag.py:587} INFO - Filling up the DagBag from /home/airflow/.local/lib/python3.12/site-packages/airflow/example_dags/example_xcom.py
[2025-05-20T03:08:58.486+0000] {processor.py:925} INFO - DAG(s) 'example_xcom' retrieved from /home/airflow/.local/lib/python3.12/site-packages/airflow/example_dags/example_xcom.py
[2025-05-20T03:08:58.554+0000] {logging_mixin.py:190} INFO - [2025-05-20T03:08:58.548+0000] {dag.py:3229} INFO - Sync 1 DAGs
[2025-05-20T03:08:58.601+0000] {logging_mixin.py:190} INFO - [2025-05-20T03:08:58.601+0000] {dag.py:4156} INFO - Setting next_dagrun for example_xcom to 2021-01-01 00:00:00+00:00, run_after=2021-01-01 00:00:00+00:00
[2025-05-20T03:08:58.642+0000] {processor.py:208} INFO - Processing /home/airflow/.local/lib/python3.12/site-packages/airflow/example_dags/example_xcom.py took 0.188 seconds
[2025-05-20T03:09:29.324+0000] {processor.py:186} INFO - Started process (PID=1999) to work on /home/airflow/.local/lib/python3.12/site-packages/airflow/example_dags/example_xcom.py
[2025-05-20T03:09:29.326+0000] {processor.py:914} INFO - Processing file /home/airflow/.local/lib/python3.12/site-packages/airflow/example_dags/example_xcom.py for tasks to queue
[2025-05-20T03:09:29.334+0000] {logging_mixin.py:190} INFO - [2025-05-20T03:09:29.333+0000] {dagbag.py:587} INFO - Filling up the DagBag from /home/airflow/.local/lib/python3.12/site-packages/airflow/example_dags/example_xcom.py
[2025-05-20T03:09:29.357+0000] {processor.py:925} INFO - DAG(s) 'example_xcom' retrieved from /home/airflow/.local/lib/python3.12/site-packages/airflow/example_dags/example_xcom.py
[2025-05-20T03:09:29.412+0000] {logging_mixin.py:190} INFO - [2025-05-20T03:09:29.412+0000] {dag.py:3229} INFO - Sync 1 DAGs
[2025-05-20T03:09:29.473+0000] {logging_mixin.py:190} INFO - [2025-05-20T03:09:29.472+0000] {dag.py:4156} INFO - Setting next_dagrun for example_xcom to 2021-01-01 00:00:00+00:00, run_after=2021-01-01 00:00:00+00:00
[2025-05-20T03:09:29.539+0000] {processor.py:208} INFO - Processing /home/airflow/.local/lib/python3.12/site-packages/airflow/example_dags/example_xcom.py took 0.219 seconds
[2025-05-20T03:10:01.412+0000] {processor.py:186} INFO - Started process (PID=2062) to work on /home/airflow/.local/lib/python3.12/site-packages/airflow/example_dags/example_xcom.py
[2025-05-20T03:10:01.414+0000] {processor.py:914} INFO - Processing file /home/airflow/.local/lib/python3.12/site-packages/airflow/example_dags/example_xcom.py for tasks to queue
[2025-05-20T03:10:01.419+0000] {logging_mixin.py:190} INFO - [2025-05-20T03:10:01.418+0000] {dagbag.py:587} INFO - Filling up the DagBag from /home/airflow/.local/lib/python3.12/site-packages/airflow/example_dags/example_xcom.py
[2025-05-20T03:10:01.427+0000] {processor.py:925} INFO - DAG(s) 'example_xcom' retrieved from /home/airflow/.local/lib/python3.12/site-packages/airflow/example_dags/example_xcom.py
[2025-05-20T03:10:01.494+0000] {logging_mixin.py:190} INFO - [2025-05-20T03:10:01.494+0000] {dag.py:3229} INFO - Sync 1 DAGs
[2025-05-20T03:10:01.565+0000] {logging_mixin.py:190} INFO - [2025-05-20T03:10:01.561+0000] {dag.py:4156} INFO - Setting next_dagrun for example_xcom to 2021-01-01 00:00:00+00:00, run_after=2021-01-01 00:00:00+00:00
[2025-05-20T03:10:01.607+0000] {processor.py:208} INFO - Processing /home/airflow/.local/lib/python3.12/site-packages/airflow/example_dags/example_xcom.py took 0.200 seconds
[2025-05-20T03:10:32.102+0000] {processor.py:186} INFO - Started process (PID=2125) to work on /home/airflow/.local/lib/python3.12/site-packages/airflow/example_dags/example_xcom.py
[2025-05-20T03:10:32.106+0000] {processor.py:914} INFO - Processing file /home/airflow/.local/lib/python3.12/site-packages/airflow/example_dags/example_xcom.py for tasks to queue
[2025-05-20T03:10:32.118+0000] {logging_mixin.py:190} INFO - [2025-05-20T03:10:32.117+0000] {dagbag.py:587} INFO - Filling up the DagBag from /home/airflow/.local/lib/python3.12/site-packages/airflow/example_dags/example_xcom.py
[2025-05-20T03:10:32.157+0000] {processor.py:925} INFO - DAG(s) 'example_xcom' retrieved from /home/airflow/.local/lib/python3.12/site-packages/airflow/example_dags/example_xcom.py
[2025-05-20T03:10:32.215+0000] {logging_mixin.py:190} INFO - [2025-05-20T03:10:32.214+0000] {dag.py:3229} INFO - Sync 1 DAGs
[2025-05-20T03:10:32.272+0000] {logging_mixin.py:190} INFO - [2025-05-20T03:10:32.271+0000] {dag.py:4156} INFO - Setting next_dagrun for example_xcom to 2021-01-01 00:00:00+00:00, run_after=2021-01-01 00:00:00+00:00
[2025-05-20T03:10:32.311+0000] {processor.py:208} INFO - Processing /home/airflow/.local/lib/python3.12/site-packages/airflow/example_dags/example_xcom.py took 0.212 seconds
[2025-05-20T03:11:03.765+0000] {processor.py:186} INFO - Started process (PID=2187) to work on /home/airflow/.local/lib/python3.12/site-packages/airflow/example_dags/example_xcom.py
[2025-05-20T03:11:03.768+0000] {processor.py:914} INFO - Processing file /home/airflow/.local/lib/python3.12/site-packages/airflow/example_dags/example_xcom.py for tasks to queue
[2025-05-20T03:11:03.774+0000] {logging_mixin.py:190} INFO - [2025-05-20T03:11:03.773+0000] {dagbag.py:587} INFO - Filling up the DagBag from /home/airflow/.local/lib/python3.12/site-packages/airflow/example_dags/example_xcom.py
[2025-05-20T03:11:03.815+0000] {processor.py:925} INFO - DAG(s) 'example_xcom' retrieved from /home/airflow/.local/lib/python3.12/site-packages/airflow/example_dags/example_xcom.py
[2025-05-20T03:11:03.895+0000] {logging_mixin.py:190} INFO - [2025-05-20T03:11:03.895+0000] {dag.py:3229} INFO - Sync 1 DAGs
[2025-05-20T03:11:03.924+0000] {logging_mixin.py:190} INFO - [2025-05-20T03:11:03.923+0000] {dag.py:4156} INFO - Setting next_dagrun for example_xcom to 2021-01-01 00:00:00+00:00, run_after=2021-01-01 00:00:00+00:00
[2025-05-20T03:11:03.959+0000] {processor.py:208} INFO - Processing /home/airflow/.local/lib/python3.12/site-packages/airflow/example_dags/example_xcom.py took 0.209 seconds
[2025-05-20T03:11:35.563+0000] {processor.py:186} INFO - Started process (PID=2250) to work on /home/airflow/.local/lib/python3.12/site-packages/airflow/example_dags/example_xcom.py
[2025-05-20T03:11:35.566+0000] {processor.py:914} INFO - Processing file /home/airflow/.local/lib/python3.12/site-packages/airflow/example_dags/example_xcom.py for tasks to queue
[2025-05-20T03:11:35.573+0000] {logging_mixin.py:190} INFO - [2025-05-20T03:11:35.572+0000] {dagbag.py:587} INFO - Filling up the DagBag from /home/airflow/.local/lib/python3.12/site-packages/airflow/example_dags/example_xcom.py
[2025-05-20T03:11:35.604+0000] {processor.py:925} INFO - DAG(s) 'example_xcom' retrieved from /home/airflow/.local/lib/python3.12/site-packages/airflow/example_dags/example_xcom.py
[2025-05-20T03:11:35.679+0000] {logging_mixin.py:190} INFO - [2025-05-20T03:11:35.677+0000] {dag.py:3229} INFO - Sync 1 DAGs
[2025-05-20T03:11:35.720+0000] {logging_mixin.py:190} INFO - [2025-05-20T03:11:35.719+0000] {dag.py:4156} INFO - Setting next_dagrun for example_xcom to 2021-01-01 00:00:00+00:00, run_after=2021-01-01 00:00:00+00:00
[2025-05-20T03:11:35.781+0000] {processor.py:208} INFO - Processing /home/airflow/.local/lib/python3.12/site-packages/airflow/example_dags/example_xcom.py took 0.222 seconds
[2025-05-20T03:12:06.696+0000] {processor.py:186} INFO - Started process (PID=2313) to work on /home/airflow/.local/lib/python3.12/site-packages/airflow/example_dags/example_xcom.py
[2025-05-20T03:12:06.697+0000] {processor.py:914} INFO - Processing file /home/airflow/.local/lib/python3.12/site-packages/airflow/example_dags/example_xcom.py for tasks to queue
[2025-05-20T03:12:06.704+0000] {logging_mixin.py:190} INFO - [2025-05-20T03:12:06.704+0000] {dagbag.py:587} INFO - Filling up the DagBag from /home/airflow/.local/lib/python3.12/site-packages/airflow/example_dags/example_xcom.py
[2025-05-20T03:12:06.715+0000] {processor.py:925} INFO - DAG(s) 'example_xcom' retrieved from /home/airflow/.local/lib/python3.12/site-packages/airflow/example_dags/example_xcom.py
[2025-05-20T03:12:06.789+0000] {logging_mixin.py:190} INFO - [2025-05-20T03:12:06.788+0000] {dag.py:3229} INFO - Sync 1 DAGs
[2025-05-20T03:12:06.852+0000] {logging_mixin.py:190} INFO - [2025-05-20T03:12:06.851+0000] {dag.py:4156} INFO - Setting next_dagrun for example_xcom to 2021-01-01 00:00:00+00:00, run_after=2021-01-01 00:00:00+00:00
[2025-05-20T03:12:06.937+0000] {processor.py:208} INFO - Processing /home/airflow/.local/lib/python3.12/site-packages/airflow/example_dags/example_xcom.py took 0.245 seconds
[2025-05-20T03:12:37.703+0000] {processor.py:186} INFO - Started process (PID=2375) to work on /home/airflow/.local/lib/python3.12/site-packages/airflow/example_dags/example_xcom.py
[2025-05-20T03:12:37.705+0000] {processor.py:914} INFO - Processing file /home/airflow/.local/lib/python3.12/site-packages/airflow/example_dags/example_xcom.py for tasks to queue
[2025-05-20T03:12:37.712+0000] {logging_mixin.py:190} INFO - [2025-05-20T03:12:37.711+0000] {dagbag.py:587} INFO - Filling up the DagBag from /home/airflow/.local/lib/python3.12/site-packages/airflow/example_dags/example_xcom.py
[2025-05-20T03:12:37.750+0000] {processor.py:925} INFO - DAG(s) 'example_xcom' retrieved from /home/airflow/.local/lib/python3.12/site-packages/airflow/example_dags/example_xcom.py
[2025-05-20T03:12:37.826+0000] {logging_mixin.py:190} INFO - [2025-05-20T03:12:37.826+0000] {dag.py:3229} INFO - Sync 1 DAGs
[2025-05-20T03:12:37.862+0000] {logging_mixin.py:190} INFO - [2025-05-20T03:12:37.861+0000] {dag.py:4156} INFO - Setting next_dagrun for example_xcom to 2021-01-01 00:00:00+00:00, run_after=2021-01-01 00:00:00+00:00
[2025-05-20T03:12:37.934+0000] {processor.py:208} INFO - Processing /home/airflow/.local/lib/python3.12/site-packages/airflow/example_dags/example_xcom.py took 0.237 seconds
[2025-05-20T03:13:09.463+0000] {processor.py:186} INFO - Started process (PID=2437) to work on /home/airflow/.local/lib/python3.12/site-packages/airflow/example_dags/example_xcom.py
[2025-05-20T03:13:09.465+0000] {processor.py:914} INFO - Processing file /home/airflow/.local/lib/python3.12/site-packages/airflow/example_dags/example_xcom.py for tasks to queue
[2025-05-20T03:13:09.478+0000] {logging_mixin.py:190} INFO - [2025-05-20T03:13:09.478+0000] {dagbag.py:587} INFO - Filling up the DagBag from /home/airflow/.local/lib/python3.12/site-packages/airflow/example_dags/example_xcom.py
[2025-05-20T03:13:09.490+0000] {processor.py:925} INFO - DAG(s) 'example_xcom' retrieved from /home/airflow/.local/lib/python3.12/site-packages/airflow/example_dags/example_xcom.py
[2025-05-20T03:13:09.551+0000] {logging_mixin.py:190} INFO - [2025-05-20T03:13:09.551+0000] {dag.py:3229} INFO - Sync 1 DAGs
[2025-05-20T03:13:09.620+0000] {logging_mixin.py:190} INFO - [2025-05-20T03:13:09.619+0000] {dag.py:4156} INFO - Setting next_dagrun for example_xcom to 2021-01-01 00:00:00+00:00, run_after=2021-01-01 00:00:00+00:00
[2025-05-20T03:13:09.650+0000] {processor.py:208} INFO - Processing /home/airflow/.local/lib/python3.12/site-packages/airflow/example_dags/example_xcom.py took 0.191 seconds
[2025-05-20T03:13:40.526+0000] {processor.py:186} INFO - Started process (PID=2501) to work on /home/airflow/.local/lib/python3.12/site-packages/airflow/example_dags/example_xcom.py
[2025-05-20T03:13:40.535+0000] {processor.py:914} INFO - Processing file /home/airflow/.local/lib/python3.12/site-packages/airflow/example_dags/example_xcom.py for tasks to queue
[2025-05-20T03:13:40.544+0000] {logging_mixin.py:190} INFO - [2025-05-20T03:13:40.544+0000] {dagbag.py:587} INFO - Filling up the DagBag from /home/airflow/.local/lib/python3.12/site-packages/airflow/example_dags/example_xcom.py
[2025-05-20T03:13:40.560+0000] {processor.py:925} INFO - DAG(s) 'example_xcom' retrieved from /home/airflow/.local/lib/python3.12/site-packages/airflow/example_dags/example_xcom.py
[2025-05-20T03:13:40.661+0000] {logging_mixin.py:190} INFO - [2025-05-20T03:13:40.655+0000] {dag.py:3229} INFO - Sync 1 DAGs
[2025-05-20T03:13:40.683+0000] {logging_mixin.py:190} INFO - [2025-05-20T03:13:40.682+0000] {dag.py:4156} INFO - Setting next_dagrun for example_xcom to 2021-01-01 00:00:00+00:00, run_after=2021-01-01 00:00:00+00:00
[2025-05-20T03:13:40.752+0000] {processor.py:208} INFO - Processing /home/airflow/.local/lib/python3.12/site-packages/airflow/example_dags/example_xcom.py took 0.229 seconds
[2025-05-20T03:14:12.485+0000] {processor.py:186} INFO - Started process (PID=2564) to work on /home/airflow/.local/lib/python3.12/site-packages/airflow/example_dags/example_xcom.py
[2025-05-20T03:14:12.490+0000] {processor.py:914} INFO - Processing file /home/airflow/.local/lib/python3.12/site-packages/airflow/example_dags/example_xcom.py for tasks to queue
[2025-05-20T03:14:12.497+0000] {logging_mixin.py:190} INFO - [2025-05-20T03:14:12.496+0000] {dagbag.py:587} INFO - Filling up the DagBag from /home/airflow/.local/lib/python3.12/site-packages/airflow/example_dags/example_xcom.py
[2025-05-20T03:14:12.519+0000] {processor.py:925} INFO - DAG(s) 'example_xcom' retrieved from /home/airflow/.local/lib/python3.12/site-packages/airflow/example_dags/example_xcom.py
[2025-05-20T03:14:12.605+0000] {logging_mixin.py:190} INFO - [2025-05-20T03:14:12.605+0000] {dag.py:3229} INFO - Sync 1 DAGs
[2025-05-20T03:14:12.669+0000] {logging_mixin.py:190} INFO - [2025-05-20T03:14:12.669+0000] {dag.py:4156} INFO - Setting next_dagrun for example_xcom to 2021-01-01 00:00:00+00:00, run_after=2021-01-01 00:00:00+00:00
[2025-05-20T03:14:12.715+0000] {processor.py:208} INFO - Processing /home/airflow/.local/lib/python3.12/site-packages/airflow/example_dags/example_xcom.py took 0.236 seconds
[2025-05-20T03:14:43.215+0000] {processor.py:186} INFO - Started process (PID=2627) to work on /home/airflow/.local/lib/python3.12/site-packages/airflow/example_dags/example_xcom.py
[2025-05-20T03:14:43.217+0000] {processor.py:914} INFO - Processing file /home/airflow/.local/lib/python3.12/site-packages/airflow/example_dags/example_xcom.py for tasks to queue
[2025-05-20T03:14:43.229+0000] {logging_mixin.py:190} INFO - [2025-05-20T03:14:43.227+0000] {dagbag.py:587} INFO - Filling up the DagBag from /home/airflow/.local/lib/python3.12/site-packages/airflow/example_dags/example_xcom.py
[2025-05-20T03:14:43.242+0000] {processor.py:925} INFO - DAG(s) 'example_xcom' retrieved from /home/airflow/.local/lib/python3.12/site-packages/airflow/example_dags/example_xcom.py
[2025-05-20T03:14:43.283+0000] {logging_mixin.py:190} INFO - [2025-05-20T03:14:43.283+0000] {dag.py:3229} INFO - Sync 1 DAGs
[2025-05-20T03:14:43.326+0000] {logging_mixin.py:190} INFO - [2025-05-20T03:14:43.325+0000] {dag.py:4156} INFO - Setting next_dagrun for example_xcom to 2021-01-01 00:00:00+00:00, run_after=2021-01-01 00:00:00+00:00
[2025-05-20T03:14:43.378+0000] {processor.py:208} INFO - Processing /home/airflow/.local/lib/python3.12/site-packages/airflow/example_dags/example_xcom.py took 0.167 seconds
[2025-05-20T03:15:16.148+0000] {processor.py:186} INFO - Started process (PID=2690) to work on /home/airflow/.local/lib/python3.12/site-packages/airflow/example_dags/example_xcom.py
[2025-05-20T03:15:16.153+0000] {processor.py:914} INFO - Processing file /home/airflow/.local/lib/python3.12/site-packages/airflow/example_dags/example_xcom.py for tasks to queue
[2025-05-20T03:15:16.158+0000] {logging_mixin.py:190} INFO - [2025-05-20T03:15:16.156+0000] {dagbag.py:587} INFO - Filling up the DagBag from /home/airflow/.local/lib/python3.12/site-packages/airflow/example_dags/example_xcom.py
[2025-05-20T03:15:16.198+0000] {processor.py:925} INFO - DAG(s) 'example_xcom' retrieved from /home/airflow/.local/lib/python3.12/site-packages/airflow/example_dags/example_xcom.py
[2025-05-20T03:15:16.237+0000] {logging_mixin.py:190} INFO - [2025-05-20T03:15:16.237+0000] {dag.py:3229} INFO - Sync 1 DAGs
[2025-05-20T03:15:16.323+0000] {logging_mixin.py:190} INFO - [2025-05-20T03:15:16.323+0000] {dag.py:4156} INFO - Setting next_dagrun for example_xcom to 2021-01-01 00:00:00+00:00, run_after=2021-01-01 00:00:00+00:00
[2025-05-20T03:15:16.430+0000] {processor.py:208} INFO - Processing /home/airflow/.local/lib/python3.12/site-packages/airflow/example_dags/example_xcom.py took 0.288 seconds
[2025-05-20T03:15:46.543+0000] {processor.py:186} INFO - Started process (PID=2753) to work on /home/airflow/.local/lib/python3.12/site-packages/airflow/example_dags/example_xcom.py
[2025-05-20T03:15:46.544+0000] {processor.py:914} INFO - Processing file /home/airflow/.local/lib/python3.12/site-packages/airflow/example_dags/example_xcom.py for tasks to queue
[2025-05-20T03:15:46.550+0000] {logging_mixin.py:190} INFO - [2025-05-20T03:15:46.549+0000] {dagbag.py:587} INFO - Filling up the DagBag from /home/airflow/.local/lib/python3.12/site-packages/airflow/example_dags/example_xcom.py
[2025-05-20T03:15:46.580+0000] {processor.py:925} INFO - DAG(s) 'example_xcom' retrieved from /home/airflow/.local/lib/python3.12/site-packages/airflow/example_dags/example_xcom.py
[2025-05-20T03:15:46.625+0000] {logging_mixin.py:190} INFO - [2025-05-20T03:15:46.624+0000] {dag.py:3229} INFO - Sync 1 DAGs
[2025-05-20T03:15:46.709+0000] {logging_mixin.py:190} INFO - [2025-05-20T03:15:46.708+0000] {dag.py:4156} INFO - Setting next_dagrun for example_xcom to 2021-01-01 00:00:00+00:00, run_after=2021-01-01 00:00:00+00:00
[2025-05-20T03:15:46.810+0000] {processor.py:208} INFO - Processing /home/airflow/.local/lib/python3.12/site-packages/airflow/example_dags/example_xcom.py took 0.271 seconds
[2025-05-20T03:16:18.064+0000] {processor.py:186} INFO - Started process (PID=2816) to work on /home/airflow/.local/lib/python3.12/site-packages/airflow/example_dags/example_xcom.py
[2025-05-20T03:16:18.065+0000] {processor.py:914} INFO - Processing file /home/airflow/.local/lib/python3.12/site-packages/airflow/example_dags/example_xcom.py for tasks to queue
[2025-05-20T03:16:18.069+0000] {logging_mixin.py:190} INFO - [2025-05-20T03:16:18.068+0000] {dagbag.py:587} INFO - Filling up the DagBag from /home/airflow/.local/lib/python3.12/site-packages/airflow/example_dags/example_xcom.py
[2025-05-20T03:16:18.086+0000] {processor.py:925} INFO - DAG(s) 'example_xcom' retrieved from /home/airflow/.local/lib/python3.12/site-packages/airflow/example_dags/example_xcom.py
[2025-05-20T03:16:18.121+0000] {logging_mixin.py:190} INFO - [2025-05-20T03:16:18.117+0000] {dag.py:3229} INFO - Sync 1 DAGs
[2025-05-20T03:16:18.162+0000] {logging_mixin.py:190} INFO - [2025-05-20T03:16:18.160+0000] {dag.py:4156} INFO - Setting next_dagrun for example_xcom to 2021-01-01 00:00:00+00:00, run_after=2021-01-01 00:00:00+00:00
[2025-05-20T03:16:18.255+0000] {processor.py:208} INFO - Processing /home/airflow/.local/lib/python3.12/site-packages/airflow/example_dags/example_xcom.py took 0.195 seconds
[2025-05-20T03:16:49.720+0000] {processor.py:186} INFO - Started process (PID=2879) to work on /home/airflow/.local/lib/python3.12/site-packages/airflow/example_dags/example_xcom.py
[2025-05-20T03:16:49.721+0000] {processor.py:914} INFO - Processing file /home/airflow/.local/lib/python3.12/site-packages/airflow/example_dags/example_xcom.py for tasks to queue
[2025-05-20T03:16:49.728+0000] {logging_mixin.py:190} INFO - [2025-05-20T03:16:49.727+0000] {dagbag.py:587} INFO - Filling up the DagBag from /home/airflow/.local/lib/python3.12/site-packages/airflow/example_dags/example_xcom.py
[2025-05-20T03:16:49.747+0000] {processor.py:925} INFO - DAG(s) 'example_xcom' retrieved from /home/airflow/.local/lib/python3.12/site-packages/airflow/example_dags/example_xcom.py
[2025-05-20T03:16:49.796+0000] {logging_mixin.py:190} INFO - [2025-05-20T03:16:49.795+0000] {dag.py:3229} INFO - Sync 1 DAGs
[2025-05-20T03:16:49.815+0000] {logging_mixin.py:190} INFO - [2025-05-20T03:16:49.814+0000] {dag.py:4156} INFO - Setting next_dagrun for example_xcom to 2021-01-01 00:00:00+00:00, run_after=2021-01-01 00:00:00+00:00
[2025-05-20T03:16:49.879+0000] {processor.py:208} INFO - Processing /home/airflow/.local/lib/python3.12/site-packages/airflow/example_dags/example_xcom.py took 0.162 seconds
[2025-05-20T03:17:21.604+0000] {processor.py:186} INFO - Started process (PID=2942) to work on /home/airflow/.local/lib/python3.12/site-packages/airflow/example_dags/example_xcom.py
[2025-05-20T03:17:21.606+0000] {processor.py:914} INFO - Processing file /home/airflow/.local/lib/python3.12/site-packages/airflow/example_dags/example_xcom.py for tasks to queue
[2025-05-20T03:17:21.613+0000] {logging_mixin.py:190} INFO - [2025-05-20T03:17:21.611+0000] {dagbag.py:587} INFO - Filling up the DagBag from /home/airflow/.local/lib/python3.12/site-packages/airflow/example_dags/example_xcom.py
[2025-05-20T03:17:21.627+0000] {processor.py:925} INFO - DAG(s) 'example_xcom' retrieved from /home/airflow/.local/lib/python3.12/site-packages/airflow/example_dags/example_xcom.py
[2025-05-20T03:17:21.691+0000] {logging_mixin.py:190} INFO - [2025-05-20T03:17:21.690+0000] {dag.py:3229} INFO - Sync 1 DAGs
[2025-05-20T03:17:21.757+0000] {logging_mixin.py:190} INFO - [2025-05-20T03:17:21.753+0000] {dag.py:4156} INFO - Setting next_dagrun for example_xcom to 2021-01-01 00:00:00+00:00, run_after=2021-01-01 00:00:00+00:00
[2025-05-20T03:17:21.838+0000] {processor.py:208} INFO - Processing /home/airflow/.local/lib/python3.12/site-packages/airflow/example_dags/example_xcom.py took 0.239 seconds
[2025-05-20T03:17:52.357+0000] {processor.py:186} INFO - Started process (PID=3005) to work on /home/airflow/.local/lib/python3.12/site-packages/airflow/example_dags/example_xcom.py
[2025-05-20T03:17:52.358+0000] {processor.py:914} INFO - Processing file /home/airflow/.local/lib/python3.12/site-packages/airflow/example_dags/example_xcom.py for tasks to queue
[2025-05-20T03:17:52.363+0000] {logging_mixin.py:190} INFO - [2025-05-20T03:17:52.361+0000] {dagbag.py:587} INFO - Filling up the DagBag from /home/airflow/.local/lib/python3.12/site-packages/airflow/example_dags/example_xcom.py
[2025-05-20T03:17:52.379+0000] {processor.py:925} INFO - DAG(s) 'example_xcom' retrieved from /home/airflow/.local/lib/python3.12/site-packages/airflow/example_dags/example_xcom.py
[2025-05-20T03:17:52.455+0000] {logging_mixin.py:190} INFO - [2025-05-20T03:17:52.453+0000] {dag.py:3229} INFO - Sync 1 DAGs
[2025-05-20T03:17:52.495+0000] {logging_mixin.py:190} INFO - [2025-05-20T03:17:52.494+0000] {dag.py:4156} INFO - Setting next_dagrun for example_xcom to 2021-01-01 00:00:00+00:00, run_after=2021-01-01 00:00:00+00:00
[2025-05-20T03:17:52.602+0000] {processor.py:208} INFO - Processing /home/airflow/.local/lib/python3.12/site-packages/airflow/example_dags/example_xcom.py took 0.249 seconds
[2025-05-20T03:18:24.635+0000] {processor.py:186} INFO - Started process (PID=3067) to work on /home/airflow/.local/lib/python3.12/site-packages/airflow/example_dags/example_xcom.py
[2025-05-20T03:18:24.638+0000] {processor.py:914} INFO - Processing file /home/airflow/.local/lib/python3.12/site-packages/airflow/example_dags/example_xcom.py for tasks to queue
[2025-05-20T03:18:24.648+0000] {logging_mixin.py:190} INFO - [2025-05-20T03:18:24.647+0000] {dagbag.py:587} INFO - Filling up the DagBag from /home/airflow/.local/lib/python3.12/site-packages/airflow/example_dags/example_xcom.py
[2025-05-20T03:18:24.669+0000] {processor.py:925} INFO - DAG(s) 'example_xcom' retrieved from /home/airflow/.local/lib/python3.12/site-packages/airflow/example_dags/example_xcom.py
[2025-05-20T03:18:24.736+0000] {logging_mixin.py:190} INFO - [2025-05-20T03:18:24.736+0000] {dag.py:3229} INFO - Sync 1 DAGs
[2025-05-20T03:18:24.997+0000] {logging_mixin.py:190} INFO - [2025-05-20T03:18:24.997+0000] {dag.py:4156} INFO - Setting next_dagrun for example_xcom to 2021-01-01 00:00:00+00:00, run_after=2021-01-01 00:00:00+00:00
[2025-05-20T03:18:25.054+0000] {processor.py:208} INFO - Processing /home/airflow/.local/lib/python3.12/site-packages/airflow/example_dags/example_xcom.py took 0.426 seconds
[2025-05-20T03:18:55.444+0000] {processor.py:186} INFO - Started process (PID=3130) to work on /home/airflow/.local/lib/python3.12/site-packages/airflow/example_dags/example_xcom.py
[2025-05-20T03:18:55.445+0000] {processor.py:914} INFO - Processing file /home/airflow/.local/lib/python3.12/site-packages/airflow/example_dags/example_xcom.py for tasks to queue
[2025-05-20T03:18:55.449+0000] {logging_mixin.py:190} INFO - [2025-05-20T03:18:55.448+0000] {dagbag.py:587} INFO - Filling up the DagBag from /home/airflow/.local/lib/python3.12/site-packages/airflow/example_dags/example_xcom.py
[2025-05-20T03:18:55.477+0000] {processor.py:925} INFO - DAG(s) 'example_xcom' retrieved from /home/airflow/.local/lib/python3.12/site-packages/airflow/example_dags/example_xcom.py
[2025-05-20T03:18:55.515+0000] {logging_mixin.py:190} INFO - [2025-05-20T03:18:55.515+0000] {dag.py:3229} INFO - Sync 1 DAGs
[2025-05-20T03:18:55.580+0000] {logging_mixin.py:190} INFO - [2025-05-20T03:18:55.578+0000] {dag.py:4156} INFO - Setting next_dagrun for example_xcom to 2021-01-01 00:00:00+00:00, run_after=2021-01-01 00:00:00+00:00
[2025-05-20T03:18:55.810+0000] {processor.py:208} INFO - Processing /home/airflow/.local/lib/python3.12/site-packages/airflow/example_dags/example_xcom.py took 0.371 seconds
[2025-05-20T03:19:26.874+0000] {processor.py:186} INFO - Started process (PID=3192) to work on /home/airflow/.local/lib/python3.12/site-packages/airflow/example_dags/example_xcom.py
[2025-05-20T03:19:26.876+0000] {processor.py:914} INFO - Processing file /home/airflow/.local/lib/python3.12/site-packages/airflow/example_dags/example_xcom.py for tasks to queue
[2025-05-20T03:19:26.888+0000] {logging_mixin.py:190} INFO - [2025-05-20T03:19:26.888+0000] {dagbag.py:587} INFO - Filling up the DagBag from /home/airflow/.local/lib/python3.12/site-packages/airflow/example_dags/example_xcom.py
[2025-05-20T03:19:26.919+0000] {processor.py:925} INFO - DAG(s) 'example_xcom' retrieved from /home/airflow/.local/lib/python3.12/site-packages/airflow/example_dags/example_xcom.py
[2025-05-20T03:19:26.981+0000] {logging_mixin.py:190} INFO - [2025-05-20T03:19:26.981+0000] {dag.py:3229} INFO - Sync 1 DAGs
[2025-05-20T03:19:27.026+0000] {logging_mixin.py:190} INFO - [2025-05-20T03:19:27.026+0000] {dag.py:4156} INFO - Setting next_dagrun for example_xcom to 2021-01-01 00:00:00+00:00, run_after=2021-01-01 00:00:00+00:00
[2025-05-20T03:19:27.200+0000] {processor.py:208} INFO - Processing /home/airflow/.local/lib/python3.12/site-packages/airflow/example_dags/example_xcom.py took 0.330 seconds
[2025-05-20T03:19:57.314+0000] {processor.py:186} INFO - Started process (PID=3254) to work on /home/airflow/.local/lib/python3.12/site-packages/airflow/example_dags/example_xcom.py
[2025-05-20T03:19:57.319+0000] {processor.py:914} INFO - Processing file /home/airflow/.local/lib/python3.12/site-packages/airflow/example_dags/example_xcom.py for tasks to queue
[2025-05-20T03:19:57.329+0000] {logging_mixin.py:190} INFO - [2025-05-20T03:19:57.328+0000] {dagbag.py:587} INFO - Filling up the DagBag from /home/airflow/.local/lib/python3.12/site-packages/airflow/example_dags/example_xcom.py
[2025-05-20T03:19:57.348+0000] {processor.py:925} INFO - DAG(s) 'example_xcom' retrieved from /home/airflow/.local/lib/python3.12/site-packages/airflow/example_dags/example_xcom.py
[2025-05-20T03:19:57.388+0000] {logging_mixin.py:190} INFO - [2025-05-20T03:19:57.388+0000] {dag.py:3229} INFO - Sync 1 DAGs
[2025-05-20T03:19:57.437+0000] {logging_mixin.py:190} INFO - [2025-05-20T03:19:57.436+0000] {dag.py:4156} INFO - Setting next_dagrun for example_xcom to 2021-01-01 00:00:00+00:00, run_after=2021-01-01 00:00:00+00:00
[2025-05-20T03:19:57.498+0000] {processor.py:208} INFO - Processing /home/airflow/.local/lib/python3.12/site-packages/airflow/example_dags/example_xcom.py took 0.188 seconds
[2025-05-20T03:20:28.032+0000] {processor.py:186} INFO - Started process (PID=3317) to work on /home/airflow/.local/lib/python3.12/site-packages/airflow/example_dags/example_xcom.py
[2025-05-20T03:20:28.037+0000] {processor.py:914} INFO - Processing file /home/airflow/.local/lib/python3.12/site-packages/airflow/example_dags/example_xcom.py for tasks to queue
[2025-05-20T03:20:28.047+0000] {logging_mixin.py:190} INFO - [2025-05-20T03:20:28.047+0000] {dagbag.py:587} INFO - Filling up the DagBag from /home/airflow/.local/lib/python3.12/site-packages/airflow/example_dags/example_xcom.py
[2025-05-20T03:20:28.056+0000] {processor.py:925} INFO - DAG(s) 'example_xcom' retrieved from /home/airflow/.local/lib/python3.12/site-packages/airflow/example_dags/example_xcom.py
[2025-05-20T03:20:28.123+0000] {logging_mixin.py:190} INFO - [2025-05-20T03:20:28.123+0000] {dag.py:3229} INFO - Sync 1 DAGs
[2025-05-20T03:20:28.175+0000] {logging_mixin.py:190} INFO - [2025-05-20T03:20:28.174+0000] {dag.py:4156} INFO - Setting next_dagrun for example_xcom to 2021-01-01 00:00:00+00:00, run_after=2021-01-01 00:00:00+00:00
[2025-05-20T03:20:28.228+0000] {processor.py:208} INFO - Processing /home/airflow/.local/lib/python3.12/site-packages/airflow/example_dags/example_xcom.py took 0.199 seconds
[2025-05-20T03:20:59.393+0000] {processor.py:186} INFO - Started process (PID=3379) to work on /home/airflow/.local/lib/python3.12/site-packages/airflow/example_dags/example_xcom.py
[2025-05-20T03:20:59.396+0000] {processor.py:914} INFO - Processing file /home/airflow/.local/lib/python3.12/site-packages/airflow/example_dags/example_xcom.py for tasks to queue
[2025-05-20T03:20:59.401+0000] {logging_mixin.py:190} INFO - [2025-05-20T03:20:59.400+0000] {dagbag.py:587} INFO - Filling up the DagBag from /home/airflow/.local/lib/python3.12/site-packages/airflow/example_dags/example_xcom.py
[2025-05-20T03:20:59.422+0000] {processor.py:925} INFO - DAG(s) 'example_xcom' retrieved from /home/airflow/.local/lib/python3.12/site-packages/airflow/example_dags/example_xcom.py
[2025-05-20T03:20:59.470+0000] {logging_mixin.py:190} INFO - [2025-05-20T03:20:59.470+0000] {dag.py:3229} INFO - Sync 1 DAGs
[2025-05-20T03:20:59.581+0000] {logging_mixin.py:190} INFO - [2025-05-20T03:20:59.574+0000] {dag.py:4156} INFO - Setting next_dagrun for example_xcom to 2021-01-01 00:00:00+00:00, run_after=2021-01-01 00:00:00+00:00
[2025-05-20T03:20:59.651+0000] {processor.py:208} INFO - Processing /home/airflow/.local/lib/python3.12/site-packages/airflow/example_dags/example_xcom.py took 0.263 seconds
[2025-05-20T03:21:30.445+0000] {processor.py:186} INFO - Started process (PID=3448) to work on /home/airflow/.local/lib/python3.12/site-packages/airflow/example_dags/example_xcom.py
[2025-05-20T03:21:30.447+0000] {processor.py:914} INFO - Processing file /home/airflow/.local/lib/python3.12/site-packages/airflow/example_dags/example_xcom.py for tasks to queue
[2025-05-20T03:21:30.457+0000] {logging_mixin.py:190} INFO - [2025-05-20T03:21:30.455+0000] {dagbag.py:587} INFO - Filling up the DagBag from /home/airflow/.local/lib/python3.12/site-packages/airflow/example_dags/example_xcom.py
[2025-05-20T03:21:30.478+0000] {processor.py:925} INFO - DAG(s) 'example_xcom' retrieved from /home/airflow/.local/lib/python3.12/site-packages/airflow/example_dags/example_xcom.py
[2025-05-20T03:21:30.571+0000] {logging_mixin.py:190} INFO - [2025-05-20T03:21:30.569+0000] {dag.py:3229} INFO - Sync 1 DAGs
[2025-05-20T03:21:30.601+0000] {logging_mixin.py:190} INFO - [2025-05-20T03:21:30.601+0000] {dag.py:4156} INFO - Setting next_dagrun for example_xcom to 2021-01-01 00:00:00+00:00, run_after=2021-01-01 00:00:00+00:00
[2025-05-20T03:21:30.644+0000] {processor.py:208} INFO - Processing /home/airflow/.local/lib/python3.12/site-packages/airflow/example_dags/example_xcom.py took 0.205 seconds
[2025-05-20T03:22:01.487+0000] {processor.py:186} INFO - Started process (PID=3511) to work on /home/airflow/.local/lib/python3.12/site-packages/airflow/example_dags/example_xcom.py
[2025-05-20T03:22:01.490+0000] {processor.py:914} INFO - Processing file /home/airflow/.local/lib/python3.12/site-packages/airflow/example_dags/example_xcom.py for tasks to queue
[2025-05-20T03:22:01.502+0000] {logging_mixin.py:190} INFO - [2025-05-20T03:22:01.501+0000] {dagbag.py:587} INFO - Filling up the DagBag from /home/airflow/.local/lib/python3.12/site-packages/airflow/example_dags/example_xcom.py
[2025-05-20T03:22:01.536+0000] {processor.py:925} INFO - DAG(s) 'example_xcom' retrieved from /home/airflow/.local/lib/python3.12/site-packages/airflow/example_dags/example_xcom.py
[2025-05-20T03:22:01.589+0000] {logging_mixin.py:190} INFO - [2025-05-20T03:22:01.589+0000] {dag.py:3229} INFO - Sync 1 DAGs
[2025-05-20T03:22:01.642+0000] {logging_mixin.py:190} INFO - [2025-05-20T03:22:01.642+0000] {dag.py:4156} INFO - Setting next_dagrun for example_xcom to 2021-01-01 00:00:00+00:00, run_after=2021-01-01 00:00:00+00:00
[2025-05-20T03:22:01.720+0000] {processor.py:208} INFO - Processing /home/airflow/.local/lib/python3.12/site-packages/airflow/example_dags/example_xcom.py took 0.237 seconds
[2025-05-20T03:22:33.635+0000] {processor.py:186} INFO - Started process (PID=3574) to work on /home/airflow/.local/lib/python3.12/site-packages/airflow/example_dags/example_xcom.py
[2025-05-20T03:22:33.640+0000] {processor.py:914} INFO - Processing file /home/airflow/.local/lib/python3.12/site-packages/airflow/example_dags/example_xcom.py for tasks to queue
[2025-05-20T03:22:33.652+0000] {logging_mixin.py:190} INFO - [2025-05-20T03:22:33.651+0000] {dagbag.py:587} INFO - Filling up the DagBag from /home/airflow/.local/lib/python3.12/site-packages/airflow/example_dags/example_xcom.py
[2025-05-20T03:22:33.668+0000] {processor.py:925} INFO - DAG(s) 'example_xcom' retrieved from /home/airflow/.local/lib/python3.12/site-packages/airflow/example_dags/example_xcom.py
[2025-05-20T03:22:33.737+0000] {logging_mixin.py:190} INFO - [2025-05-20T03:22:33.736+0000] {dag.py:3229} INFO - Sync 1 DAGs
[2025-05-20T03:22:33.820+0000] {logging_mixin.py:190} INFO - [2025-05-20T03:22:33.820+0000] {dag.py:4156} INFO - Setting next_dagrun for example_xcom to 2021-01-01 00:00:00+00:00, run_after=2021-01-01 00:00:00+00:00
[2025-05-20T03:22:33.874+0000] {processor.py:208} INFO - Processing /home/airflow/.local/lib/python3.12/site-packages/airflow/example_dags/example_xcom.py took 0.247 seconds
[2025-05-20T03:23:04.110+0000] {processor.py:186} INFO - Started process (PID=3636) to work on /home/airflow/.local/lib/python3.12/site-packages/airflow/example_dags/example_xcom.py
[2025-05-20T03:23:04.111+0000] {processor.py:914} INFO - Processing file /home/airflow/.local/lib/python3.12/site-packages/airflow/example_dags/example_xcom.py for tasks to queue
[2025-05-20T03:23:04.115+0000] {logging_mixin.py:190} INFO - [2025-05-20T03:23:04.114+0000] {dagbag.py:587} INFO - Filling up the DagBag from /home/airflow/.local/lib/python3.12/site-packages/airflow/example_dags/example_xcom.py
[2025-05-20T03:23:04.131+0000] {processor.py:925} INFO - DAG(s) 'example_xcom' retrieved from /home/airflow/.local/lib/python3.12/site-packages/airflow/example_dags/example_xcom.py
[2025-05-20T03:23:04.178+0000] {logging_mixin.py:190} INFO - [2025-05-20T03:23:04.178+0000] {dag.py:3229} INFO - Sync 1 DAGs
[2025-05-20T03:23:04.218+0000] {logging_mixin.py:190} INFO - [2025-05-20T03:23:04.209+0000] {dag.py:4156} INFO - Setting next_dagrun for example_xcom to 2021-01-01 00:00:00+00:00, run_after=2021-01-01 00:00:00+00:00
[2025-05-20T03:23:04.291+0000] {processor.py:208} INFO - Processing /home/airflow/.local/lib/python3.12/site-packages/airflow/example_dags/example_xcom.py took 0.183 seconds
[2025-05-20T03:23:34.721+0000] {processor.py:186} INFO - Started process (PID=3699) to work on /home/airflow/.local/lib/python3.12/site-packages/airflow/example_dags/example_xcom.py
[2025-05-20T03:23:34.723+0000] {processor.py:914} INFO - Processing file /home/airflow/.local/lib/python3.12/site-packages/airflow/example_dags/example_xcom.py for tasks to queue
[2025-05-20T03:23:34.737+0000] {logging_mixin.py:190} INFO - [2025-05-20T03:23:34.736+0000] {dagbag.py:587} INFO - Filling up the DagBag from /home/airflow/.local/lib/python3.12/site-packages/airflow/example_dags/example_xcom.py
[2025-05-20T03:23:34.750+0000] {processor.py:925} INFO - DAG(s) 'example_xcom' retrieved from /home/airflow/.local/lib/python3.12/site-packages/airflow/example_dags/example_xcom.py
[2025-05-20T03:23:34.800+0000] {logging_mixin.py:190} INFO - [2025-05-20T03:23:34.797+0000] {dag.py:3229} INFO - Sync 1 DAGs
[2025-05-20T03:23:34.857+0000] {logging_mixin.py:190} INFO - [2025-05-20T03:23:34.856+0000] {dag.py:4156} INFO - Setting next_dagrun for example_xcom to 2021-01-01 00:00:00+00:00, run_after=2021-01-01 00:00:00+00:00
[2025-05-20T03:23:34.941+0000] {processor.py:208} INFO - Processing /home/airflow/.local/lib/python3.12/site-packages/airflow/example_dags/example_xcom.py took 0.224 seconds
[2025-05-20T03:24:06.620+0000] {processor.py:186} INFO - Started process (PID=3762) to work on /home/airflow/.local/lib/python3.12/site-packages/airflow/example_dags/example_xcom.py
[2025-05-20T03:24:06.622+0000] {processor.py:914} INFO - Processing file /home/airflow/.local/lib/python3.12/site-packages/airflow/example_dags/example_xcom.py for tasks to queue
[2025-05-20T03:24:06.630+0000] {logging_mixin.py:190} INFO - [2025-05-20T03:24:06.628+0000] {dagbag.py:587} INFO - Filling up the DagBag from /home/airflow/.local/lib/python3.12/site-packages/airflow/example_dags/example_xcom.py
[2025-05-20T03:24:06.649+0000] {processor.py:925} INFO - DAG(s) 'example_xcom' retrieved from /home/airflow/.local/lib/python3.12/site-packages/airflow/example_dags/example_xcom.py
[2025-05-20T03:24:06.699+0000] {logging_mixin.py:190} INFO - [2025-05-20T03:24:06.696+0000] {dag.py:3229} INFO - Sync 1 DAGs
[2025-05-20T03:24:06.743+0000] {logging_mixin.py:190} INFO - [2025-05-20T03:24:06.742+0000] {dag.py:4156} INFO - Setting next_dagrun for example_xcom to 2021-01-01 00:00:00+00:00, run_after=2021-01-01 00:00:00+00:00
[2025-05-20T03:24:06.777+0000] {processor.py:208} INFO - Processing /home/airflow/.local/lib/python3.12/site-packages/airflow/example_dags/example_xcom.py took 0.165 seconds
[2025-05-20T03:24:37.187+0000] {processor.py:186} INFO - Started process (PID=3824) to work on /home/airflow/.local/lib/python3.12/site-packages/airflow/example_dags/example_xcom.py
[2025-05-20T03:24:37.190+0000] {processor.py:914} INFO - Processing file /home/airflow/.local/lib/python3.12/site-packages/airflow/example_dags/example_xcom.py for tasks to queue
[2025-05-20T03:24:37.194+0000] {logging_mixin.py:190} INFO - [2025-05-20T03:24:37.194+0000] {dagbag.py:587} INFO - Filling up the DagBag from /home/airflow/.local/lib/python3.12/site-packages/airflow/example_dags/example_xcom.py
[2025-05-20T03:24:37.211+0000] {processor.py:925} INFO - DAG(s) 'example_xcom' retrieved from /home/airflow/.local/lib/python3.12/site-packages/airflow/example_dags/example_xcom.py
[2025-05-20T03:24:37.296+0000] {logging_mixin.py:190} INFO - [2025-05-20T03:24:37.294+0000] {dag.py:3229} INFO - Sync 1 DAGs
[2025-05-20T03:24:37.374+0000] {logging_mixin.py:190} INFO - [2025-05-20T03:24:37.374+0000] {dag.py:4156} INFO - Setting next_dagrun for example_xcom to 2021-01-01 00:00:00+00:00, run_after=2021-01-01 00:00:00+00:00
[2025-05-20T03:24:37.471+0000] {processor.py:208} INFO - Processing /home/airflow/.local/lib/python3.12/site-packages/airflow/example_dags/example_xcom.py took 0.298 seconds
[2025-05-20T03:25:08.545+0000] {processor.py:186} INFO - Started process (PID=3886) to work on /home/airflow/.local/lib/python3.12/site-packages/airflow/example_dags/example_xcom.py
[2025-05-20T03:25:08.550+0000] {processor.py:914} INFO - Processing file /home/airflow/.local/lib/python3.12/site-packages/airflow/example_dags/example_xcom.py for tasks to queue
[2025-05-20T03:25:08.560+0000] {logging_mixin.py:190} INFO - [2025-05-20T03:25:08.559+0000] {dagbag.py:587} INFO - Filling up the DagBag from /home/airflow/.local/lib/python3.12/site-packages/airflow/example_dags/example_xcom.py
[2025-05-20T03:25:08.591+0000] {processor.py:925} INFO - DAG(s) 'example_xcom' retrieved from /home/airflow/.local/lib/python3.12/site-packages/airflow/example_dags/example_xcom.py
[2025-05-20T03:25:08.653+0000] {logging_mixin.py:190} INFO - [2025-05-20T03:25:08.653+0000] {dag.py:3229} INFO - Sync 1 DAGs
[2025-05-20T03:25:08.689+0000] {logging_mixin.py:190} INFO - [2025-05-20T03:25:08.688+0000] {dag.py:4156} INFO - Setting next_dagrun for example_xcom to 2021-01-01 00:00:00+00:00, run_after=2021-01-01 00:00:00+00:00
[2025-05-20T03:25:08.712+0000] {processor.py:208} INFO - Processing /home/airflow/.local/lib/python3.12/site-packages/airflow/example_dags/example_xcom.py took 0.172 seconds
