[2025-05-20T02:50:50.471+0000] {processor.py:186} INFO - Started process (PID=74) to work on /home/airflow/.local/lib/python3.12/site-packages/airflow/example_dags/example_branch_day_of_week_operator.py
[2025-05-20T02:50:50.474+0000] {processor.py:914} INFO - Processing file /home/airflow/.local/lib/python3.12/site-packages/airflow/example_dags/example_branch_day_of_week_operator.py for tasks to queue
[2025-05-20T02:50:50.482+0000] {logging_mixin.py:190} INFO - [2025-05-20T02:50:50.480+0000] {dagbag.py:587} INFO - Filling up the DagBag from /home/airflow/.local/lib/python3.12/site-packages/airflow/example_dags/example_branch_day_of_week_operator.py
[2025-05-20T02:50:50.496+0000] {processor.py:925} INFO - DAG(s) 'example_weekday_branch_operator' retrieved from /home/airflow/.local/lib/python3.12/site-packages/airflow/example_dags/example_branch_day_of_week_operator.py
[2025-05-20T02:50:50.737+0000] {logging_mixin.py:190} INFO - [2025-05-20T02:50:50.734+0000] {override.py:1900} INFO - Created Permission View: can read on DAG:example_weekday_branch_operator
[2025-05-20T02:50:50.777+0000] {logging_mixin.py:190} INFO - [2025-05-20T02:50:50.775+0000] {override.py:1900} INFO - Created Permission View: can delete on DAG:example_weekday_branch_operator
[2025-05-20T02:50:50.796+0000] {logging_mixin.py:190} INFO - [2025-05-20T02:50:50.794+0000] {override.py:1900} INFO - Created Permission View: can edit on DAG:example_weekday_branch_operator
[2025-05-20T02:50:50.838+0000] {logging_mixin.py:190} INFO - [2025-05-20T02:50:50.838+0000] {override.py:1900} INFO - Created Permission View: can read on DAG Run:example_weekday_branch_operator
[2025-05-20T02:50:50.883+0000] {logging_mixin.py:190} INFO - [2025-05-20T02:50:50.882+0000] {override.py:1900} INFO - Created Permission View: can delete on DAG Run:example_weekday_branch_operator
[2025-05-20T02:50:50.928+0000] {logging_mixin.py:190} INFO - [2025-05-20T02:50:50.926+0000] {override.py:1900} INFO - Created Permission View: can create on DAG Run:example_weekday_branch_operator
[2025-05-20T02:50:50.949+0000] {logging_mixin.py:190} INFO - [2025-05-20T02:50:50.949+0000] {override.py:1900} INFO - Created Permission View: menu access on DAG Run:example_weekday_branch_operator
[2025-05-20T02:50:50.950+0000] {logging_mixin.py:190} INFO - [2025-05-20T02:50:50.950+0000] {dag.py:3229} INFO - Sync 1 DAGs
[2025-05-20T02:50:50.988+0000] {logging_mixin.py:190} INFO - [2025-05-20T02:50:50.988+0000] {dag.py:3252} INFO - Creating ORM DAG for example_weekday_branch_operator
[2025-05-20T02:50:51.034+0000] {logging_mixin.py:190} INFO - [2025-05-20T02:50:51.034+0000] {dag.py:4156} INFO - Setting next_dagrun for example_weekday_branch_operator to 2025-05-19 00:00:00+00:00, run_after=2025-05-20 00:00:00+00:00
[2025-05-20T02:50:51.069+0000] {processor.py:208} INFO - Processing /home/airflow/.local/lib/python3.12/site-packages/airflow/example_dags/example_branch_day_of_week_operator.py took 0.614 seconds
[2025-05-20T02:51:21.270+0000] {processor.py:186} INFO - Started process (PID=136) to work on /home/airflow/.local/lib/python3.12/site-packages/airflow/example_dags/example_branch_day_of_week_operator.py
[2025-05-20T02:51:21.272+0000] {processor.py:914} INFO - Processing file /home/airflow/.local/lib/python3.12/site-packages/airflow/example_dags/example_branch_day_of_week_operator.py for tasks to queue
[2025-05-20T02:51:21.276+0000] {logging_mixin.py:190} INFO - [2025-05-20T02:51:21.275+0000] {dagbag.py:587} INFO - Filling up the DagBag from /home/airflow/.local/lib/python3.12/site-packages/airflow/example_dags/example_branch_day_of_week_operator.py
[2025-05-20T02:51:21.304+0000] {processor.py:925} INFO - DAG(s) 'example_weekday_branch_operator' retrieved from /home/airflow/.local/lib/python3.12/site-packages/airflow/example_dags/example_branch_day_of_week_operator.py
[2025-05-20T02:51:21.391+0000] {logging_mixin.py:190} INFO - [2025-05-20T02:51:21.380+0000] {dag.py:3229} INFO - Sync 1 DAGs
[2025-05-20T02:51:21.479+0000] {logging_mixin.py:190} INFO - [2025-05-20T02:51:21.479+0000] {dag.py:4156} INFO - Setting next_dagrun for example_weekday_branch_operator to 2025-05-19 00:00:00+00:00, run_after=2025-05-20 00:00:00+00:00
[2025-05-20T02:51:21.550+0000] {processor.py:208} INFO - Processing /home/airflow/.local/lib/python3.12/site-packages/airflow/example_dags/example_branch_day_of_week_operator.py took 0.287 seconds
[2025-05-20T02:51:51.814+0000] {processor.py:186} INFO - Started process (PID=198) to work on /home/airflow/.local/lib/python3.12/site-packages/airflow/example_dags/example_branch_day_of_week_operator.py
[2025-05-20T02:51:51.815+0000] {processor.py:914} INFO - Processing file /home/airflow/.local/lib/python3.12/site-packages/airflow/example_dags/example_branch_day_of_week_operator.py for tasks to queue
[2025-05-20T02:51:51.820+0000] {logging_mixin.py:190} INFO - [2025-05-20T02:51:51.819+0000] {dagbag.py:587} INFO - Filling up the DagBag from /home/airflow/.local/lib/python3.12/site-packages/airflow/example_dags/example_branch_day_of_week_operator.py
[2025-05-20T02:51:51.848+0000] {processor.py:925} INFO - DAG(s) 'example_weekday_branch_operator' retrieved from /home/airflow/.local/lib/python3.12/site-packages/airflow/example_dags/example_branch_day_of_week_operator.py
[2025-05-20T02:51:51.923+0000] {logging_mixin.py:190} INFO - [2025-05-20T02:51:51.919+0000] {dag.py:3229} INFO - Sync 1 DAGs
[2025-05-20T02:51:51.994+0000] {logging_mixin.py:190} INFO - [2025-05-20T02:51:51.993+0000] {dag.py:4156} INFO - Setting next_dagrun for example_weekday_branch_operator to 2025-05-19 00:00:00+00:00, run_after=2025-05-20 00:00:00+00:00
[2025-05-20T02:51:52.078+0000] {processor.py:208} INFO - Processing /home/airflow/.local/lib/python3.12/site-packages/airflow/example_dags/example_branch_day_of_week_operator.py took 0.268 seconds
[2025-05-20T02:53:55.743+0000] {processor.py:186} INFO - Started process (PID=75) to work on /home/airflow/.local/lib/python3.12/site-packages/airflow/example_dags/example_branch_day_of_week_operator.py
[2025-05-20T02:53:55.745+0000] {processor.py:914} INFO - Processing file /home/airflow/.local/lib/python3.12/site-packages/airflow/example_dags/example_branch_day_of_week_operator.py for tasks to queue
[2025-05-20T02:53:55.752+0000] {logging_mixin.py:190} INFO - [2025-05-20T02:53:55.750+0000] {dagbag.py:587} INFO - Filling up the DagBag from /home/airflow/.local/lib/python3.12/site-packages/airflow/example_dags/example_branch_day_of_week_operator.py
[2025-05-20T02:53:55.770+0000] {processor.py:925} INFO - DAG(s) 'example_weekday_branch_operator' retrieved from /home/airflow/.local/lib/python3.12/site-packages/airflow/example_dags/example_branch_day_of_week_operator.py
[2025-05-20T02:53:55.843+0000] {logging_mixin.py:190} INFO - [2025-05-20T02:53:55.843+0000] {dag.py:3229} INFO - Sync 1 DAGs
[2025-05-20T02:53:55.908+0000] {logging_mixin.py:190} INFO - [2025-05-20T02:53:55.907+0000] {dag.py:4156} INFO - Setting next_dagrun for example_weekday_branch_operator to 2025-05-19 00:00:00+00:00, run_after=2025-05-20 00:00:00+00:00
[2025-05-20T02:53:55.991+0000] {processor.py:208} INFO - Processing /home/airflow/.local/lib/python3.12/site-packages/airflow/example_dags/example_branch_day_of_week_operator.py took 0.252 seconds
[2025-05-20T02:54:26.210+0000] {processor.py:186} INFO - Started process (PID=138) to work on /home/airflow/.local/lib/python3.12/site-packages/airflow/example_dags/example_branch_day_of_week_operator.py
[2025-05-20T02:54:26.215+0000] {processor.py:914} INFO - Processing file /home/airflow/.local/lib/python3.12/site-packages/airflow/example_dags/example_branch_day_of_week_operator.py for tasks to queue
[2025-05-20T02:54:26.221+0000] {logging_mixin.py:190} INFO - [2025-05-20T02:54:26.221+0000] {dagbag.py:587} INFO - Filling up the DagBag from /home/airflow/.local/lib/python3.12/site-packages/airflow/example_dags/example_branch_day_of_week_operator.py
[2025-05-20T02:54:26.250+0000] {processor.py:925} INFO - DAG(s) 'example_weekday_branch_operator' retrieved from /home/airflow/.local/lib/python3.12/site-packages/airflow/example_dags/example_branch_day_of_week_operator.py
[2025-05-20T02:54:26.301+0000] {logging_mixin.py:190} INFO - [2025-05-20T02:54:26.300+0000] {dag.py:3229} INFO - Sync 1 DAGs
[2025-05-20T02:54:26.356+0000] {logging_mixin.py:190} INFO - [2025-05-20T02:54:26.355+0000] {dag.py:4156} INFO - Setting next_dagrun for example_weekday_branch_operator to 2025-05-19 00:00:00+00:00, run_after=2025-05-20 00:00:00+00:00
[2025-05-20T02:54:26.393+0000] {processor.py:208} INFO - Processing /home/airflow/.local/lib/python3.12/site-packages/airflow/example_dags/example_branch_day_of_week_operator.py took 0.187 seconds
[2025-05-20T02:54:56.767+0000] {processor.py:186} INFO - Started process (PID=201) to work on /home/airflow/.local/lib/python3.12/site-packages/airflow/example_dags/example_branch_day_of_week_operator.py
[2025-05-20T02:54:56.770+0000] {processor.py:914} INFO - Processing file /home/airflow/.local/lib/python3.12/site-packages/airflow/example_dags/example_branch_day_of_week_operator.py for tasks to queue
[2025-05-20T02:54:56.776+0000] {logging_mixin.py:190} INFO - [2025-05-20T02:54:56.776+0000] {dagbag.py:587} INFO - Filling up the DagBag from /home/airflow/.local/lib/python3.12/site-packages/airflow/example_dags/example_branch_day_of_week_operator.py
[2025-05-20T02:54:56.805+0000] {processor.py:925} INFO - DAG(s) 'example_weekday_branch_operator' retrieved from /home/airflow/.local/lib/python3.12/site-packages/airflow/example_dags/example_branch_day_of_week_operator.py
[2025-05-20T02:54:56.860+0000] {logging_mixin.py:190} INFO - [2025-05-20T02:54:56.859+0000] {dag.py:3229} INFO - Sync 1 DAGs
[2025-05-20T02:54:56.884+0000] {logging_mixin.py:190} INFO - [2025-05-20T02:54:56.884+0000] {dag.py:4156} INFO - Setting next_dagrun for example_weekday_branch_operator to 2025-05-19 00:00:00+00:00, run_after=2025-05-20 00:00:00+00:00
[2025-05-20T02:54:56.934+0000] {processor.py:208} INFO - Processing /home/airflow/.local/lib/python3.12/site-packages/airflow/example_dags/example_branch_day_of_week_operator.py took 0.172 seconds
[2025-05-20T02:55:27.460+0000] {processor.py:186} INFO - Started process (PID=264) to work on /home/airflow/.local/lib/python3.12/site-packages/airflow/example_dags/example_branch_day_of_week_operator.py
[2025-05-20T02:55:27.461+0000] {processor.py:914} INFO - Processing file /home/airflow/.local/lib/python3.12/site-packages/airflow/example_dags/example_branch_day_of_week_operator.py for tasks to queue
[2025-05-20T02:55:27.471+0000] {logging_mixin.py:190} INFO - [2025-05-20T02:55:27.469+0000] {dagbag.py:587} INFO - Filling up the DagBag from /home/airflow/.local/lib/python3.12/site-packages/airflow/example_dags/example_branch_day_of_week_operator.py
[2025-05-20T02:55:27.523+0000] {processor.py:925} INFO - DAG(s) 'example_weekday_branch_operator' retrieved from /home/airflow/.local/lib/python3.12/site-packages/airflow/example_dags/example_branch_day_of_week_operator.py
[2025-05-20T02:55:27.591+0000] {logging_mixin.py:190} INFO - [2025-05-20T02:55:27.589+0000] {dag.py:3229} INFO - Sync 1 DAGs
[2025-05-20T02:55:27.621+0000] {logging_mixin.py:190} INFO - [2025-05-20T02:55:27.620+0000] {dag.py:4156} INFO - Setting next_dagrun for example_weekday_branch_operator to 2025-05-19 00:00:00+00:00, run_after=2025-05-20 00:00:00+00:00
[2025-05-20T02:55:27.647+0000] {processor.py:208} INFO - Processing /home/airflow/.local/lib/python3.12/site-packages/airflow/example_dags/example_branch_day_of_week_operator.py took 0.206 seconds
[2025-05-20T02:55:59.144+0000] {processor.py:186} INFO - Started process (PID=327) to work on /home/airflow/.local/lib/python3.12/site-packages/airflow/example_dags/example_branch_day_of_week_operator.py
[2025-05-20T02:55:59.146+0000] {processor.py:914} INFO - Processing file /home/airflow/.local/lib/python3.12/site-packages/airflow/example_dags/example_branch_day_of_week_operator.py for tasks to queue
[2025-05-20T02:55:59.159+0000] {logging_mixin.py:190} INFO - [2025-05-20T02:55:59.158+0000] {dagbag.py:587} INFO - Filling up the DagBag from /home/airflow/.local/lib/python3.12/site-packages/airflow/example_dags/example_branch_day_of_week_operator.py
[2025-05-20T02:55:59.191+0000] {processor.py:925} INFO - DAG(s) 'example_weekday_branch_operator' retrieved from /home/airflow/.local/lib/python3.12/site-packages/airflow/example_dags/example_branch_day_of_week_operator.py
[2025-05-20T02:55:59.257+0000] {logging_mixin.py:190} INFO - [2025-05-20T02:55:59.257+0000] {dag.py:3229} INFO - Sync 1 DAGs
[2025-05-20T02:55:59.288+0000] {logging_mixin.py:190} INFO - [2025-05-20T02:55:59.288+0000] {dag.py:4156} INFO - Setting next_dagrun for example_weekday_branch_operator to 2025-05-19 00:00:00+00:00, run_after=2025-05-20 00:00:00+00:00
[2025-05-20T02:55:59.330+0000] {processor.py:208} INFO - Processing /home/airflow/.local/lib/python3.12/site-packages/airflow/example_dags/example_branch_day_of_week_operator.py took 0.189 seconds
[2025-05-20T02:56:30.378+0000] {processor.py:186} INFO - Started process (PID=390) to work on /home/airflow/.local/lib/python3.12/site-packages/airflow/example_dags/example_branch_day_of_week_operator.py
[2025-05-20T02:56:30.380+0000] {processor.py:914} INFO - Processing file /home/airflow/.local/lib/python3.12/site-packages/airflow/example_dags/example_branch_day_of_week_operator.py for tasks to queue
[2025-05-20T02:56:30.393+0000] {logging_mixin.py:190} INFO - [2025-05-20T02:56:30.392+0000] {dagbag.py:587} INFO - Filling up the DagBag from /home/airflow/.local/lib/python3.12/site-packages/airflow/example_dags/example_branch_day_of_week_operator.py
[2025-05-20T02:56:30.412+0000] {processor.py:925} INFO - DAG(s) 'example_weekday_branch_operator' retrieved from /home/airflow/.local/lib/python3.12/site-packages/airflow/example_dags/example_branch_day_of_week_operator.py
[2025-05-20T02:56:30.466+0000] {logging_mixin.py:190} INFO - [2025-05-20T02:56:30.466+0000] {dag.py:3229} INFO - Sync 1 DAGs
[2025-05-20T02:56:30.493+0000] {logging_mixin.py:190} INFO - [2025-05-20T02:56:30.492+0000] {dag.py:4156} INFO - Setting next_dagrun for example_weekday_branch_operator to 2025-05-19 00:00:00+00:00, run_after=2025-05-20 00:00:00+00:00
[2025-05-20T02:56:30.520+0000] {processor.py:208} INFO - Processing /home/airflow/.local/lib/python3.12/site-packages/airflow/example_dags/example_branch_day_of_week_operator.py took 0.146 seconds
[2025-05-20T02:57:00.995+0000] {processor.py:186} INFO - Started process (PID=453) to work on /home/airflow/.local/lib/python3.12/site-packages/airflow/example_dags/example_branch_day_of_week_operator.py
[2025-05-20T02:57:00.998+0000] {processor.py:914} INFO - Processing file /home/airflow/.local/lib/python3.12/site-packages/airflow/example_dags/example_branch_day_of_week_operator.py for tasks to queue
[2025-05-20T02:57:01.001+0000] {logging_mixin.py:190} INFO - [2025-05-20T02:57:01.001+0000] {dagbag.py:587} INFO - Filling up the DagBag from /home/airflow/.local/lib/python3.12/site-packages/airflow/example_dags/example_branch_day_of_week_operator.py
[2025-05-20T02:57:01.010+0000] {processor.py:925} INFO - DAG(s) 'example_weekday_branch_operator' retrieved from /home/airflow/.local/lib/python3.12/site-packages/airflow/example_dags/example_branch_day_of_week_operator.py
[2025-05-20T02:57:01.086+0000] {logging_mixin.py:190} INFO - [2025-05-20T02:57:01.086+0000] {dag.py:3229} INFO - Sync 1 DAGs
[2025-05-20T02:57:01.119+0000] {logging_mixin.py:190} INFO - [2025-05-20T02:57:01.119+0000] {dag.py:4156} INFO - Setting next_dagrun for example_weekday_branch_operator to 2025-05-19 00:00:00+00:00, run_after=2025-05-20 00:00:00+00:00
[2025-05-20T02:57:01.195+0000] {processor.py:208} INFO - Processing /home/airflow/.local/lib/python3.12/site-packages/airflow/example_dags/example_branch_day_of_week_operator.py took 0.204 seconds
[2025-05-20T02:57:31.492+0000] {processor.py:186} INFO - Started process (PID=516) to work on /home/airflow/.local/lib/python3.12/site-packages/airflow/example_dags/example_branch_day_of_week_operator.py
[2025-05-20T02:57:31.495+0000] {processor.py:914} INFO - Processing file /home/airflow/.local/lib/python3.12/site-packages/airflow/example_dags/example_branch_day_of_week_operator.py for tasks to queue
[2025-05-20T02:57:31.509+0000] {logging_mixin.py:190} INFO - [2025-05-20T02:57:31.509+0000] {dagbag.py:587} INFO - Filling up the DagBag from /home/airflow/.local/lib/python3.12/site-packages/airflow/example_dags/example_branch_day_of_week_operator.py
[2025-05-20T02:57:31.553+0000] {processor.py:925} INFO - DAG(s) 'example_weekday_branch_operator' retrieved from /home/airflow/.local/lib/python3.12/site-packages/airflow/example_dags/example_branch_day_of_week_operator.py
[2025-05-20T02:57:31.592+0000] {logging_mixin.py:190} INFO - [2025-05-20T02:57:31.591+0000] {dag.py:3229} INFO - Sync 1 DAGs
[2025-05-20T02:57:31.644+0000] {logging_mixin.py:190} INFO - [2025-05-20T02:57:31.643+0000] {dag.py:4156} INFO - Setting next_dagrun for example_weekday_branch_operator to 2025-05-19 00:00:00+00:00, run_after=2025-05-20 00:00:00+00:00
[2025-05-20T02:57:31.715+0000] {processor.py:208} INFO - Processing /home/airflow/.local/lib/python3.12/site-packages/airflow/example_dags/example_branch_day_of_week_operator.py took 0.229 seconds
[2025-05-20T02:58:02.300+0000] {processor.py:186} INFO - Started process (PID=579) to work on /home/airflow/.local/lib/python3.12/site-packages/airflow/example_dags/example_branch_day_of_week_operator.py
[2025-05-20T02:58:02.303+0000] {processor.py:914} INFO - Processing file /home/airflow/.local/lib/python3.12/site-packages/airflow/example_dags/example_branch_day_of_week_operator.py for tasks to queue
[2025-05-20T02:58:02.315+0000] {logging_mixin.py:190} INFO - [2025-05-20T02:58:02.314+0000] {dagbag.py:587} INFO - Filling up the DagBag from /home/airflow/.local/lib/python3.12/site-packages/airflow/example_dags/example_branch_day_of_week_operator.py
[2025-05-20T02:58:02.335+0000] {processor.py:925} INFO - DAG(s) 'example_weekday_branch_operator' retrieved from /home/airflow/.local/lib/python3.12/site-packages/airflow/example_dags/example_branch_day_of_week_operator.py
[2025-05-20T02:58:02.390+0000] {logging_mixin.py:190} INFO - [2025-05-20T02:58:02.386+0000] {dag.py:3229} INFO - Sync 1 DAGs
[2025-05-20T02:58:02.438+0000] {logging_mixin.py:190} INFO - [2025-05-20T02:58:02.437+0000] {dag.py:4156} INFO - Setting next_dagrun for example_weekday_branch_operator to 2025-05-19 00:00:00+00:00, run_after=2025-05-20 00:00:00+00:00
[2025-05-20T02:58:02.513+0000] {processor.py:208} INFO - Processing /home/airflow/.local/lib/python3.12/site-packages/airflow/example_dags/example_branch_day_of_week_operator.py took 0.216 seconds
[2025-05-20T02:58:32.956+0000] {processor.py:186} INFO - Started process (PID=643) to work on /home/airflow/.local/lib/python3.12/site-packages/airflow/example_dags/example_branch_day_of_week_operator.py
[2025-05-20T02:58:32.958+0000] {processor.py:914} INFO - Processing file /home/airflow/.local/lib/python3.12/site-packages/airflow/example_dags/example_branch_day_of_week_operator.py for tasks to queue
[2025-05-20T02:58:32.969+0000] {logging_mixin.py:190} INFO - [2025-05-20T02:58:32.968+0000] {dagbag.py:587} INFO - Filling up the DagBag from /home/airflow/.local/lib/python3.12/site-packages/airflow/example_dags/example_branch_day_of_week_operator.py
[2025-05-20T02:58:32.987+0000] {processor.py:925} INFO - DAG(s) 'example_weekday_branch_operator' retrieved from /home/airflow/.local/lib/python3.12/site-packages/airflow/example_dags/example_branch_day_of_week_operator.py
[2025-05-20T02:58:33.029+0000] {logging_mixin.py:190} INFO - [2025-05-20T02:58:33.028+0000] {dag.py:3229} INFO - Sync 1 DAGs
[2025-05-20T02:58:33.080+0000] {logging_mixin.py:190} INFO - [2025-05-20T02:58:33.080+0000] {dag.py:4156} INFO - Setting next_dagrun for example_weekday_branch_operator to 2025-05-19 00:00:00+00:00, run_after=2025-05-20 00:00:00+00:00
[2025-05-20T02:58:33.117+0000] {processor.py:208} INFO - Processing /home/airflow/.local/lib/python3.12/site-packages/airflow/example_dags/example_branch_day_of_week_operator.py took 0.166 seconds
[2025-05-20T02:59:03.731+0000] {processor.py:186} INFO - Started process (PID=706) to work on /home/airflow/.local/lib/python3.12/site-packages/airflow/example_dags/example_branch_day_of_week_operator.py
[2025-05-20T02:59:03.732+0000] {processor.py:914} INFO - Processing file /home/airflow/.local/lib/python3.12/site-packages/airflow/example_dags/example_branch_day_of_week_operator.py for tasks to queue
[2025-05-20T02:59:03.734+0000] {logging_mixin.py:190} INFO - [2025-05-20T02:59:03.734+0000] {dagbag.py:587} INFO - Filling up the DagBag from /home/airflow/.local/lib/python3.12/site-packages/airflow/example_dags/example_branch_day_of_week_operator.py
[2025-05-20T02:59:03.740+0000] {processor.py:925} INFO - DAG(s) 'example_weekday_branch_operator' retrieved from /home/airflow/.local/lib/python3.12/site-packages/airflow/example_dags/example_branch_day_of_week_operator.py
[2025-05-20T02:59:03.761+0000] {logging_mixin.py:190} INFO - [2025-05-20T02:59:03.761+0000] {dag.py:3229} INFO - Sync 1 DAGs
[2025-05-20T02:59:03.776+0000] {logging_mixin.py:190} INFO - [2025-05-20T02:59:03.775+0000] {dag.py:4156} INFO - Setting next_dagrun for example_weekday_branch_operator to 2025-05-19 00:00:00+00:00, run_after=2025-05-20 00:00:00+00:00
[2025-05-20T02:59:03.809+0000] {processor.py:208} INFO - Processing /home/airflow/.local/lib/python3.12/site-packages/airflow/example_dags/example_branch_day_of_week_operator.py took 0.082 seconds
[2025-05-20T02:59:34.220+0000] {processor.py:186} INFO - Started process (PID=769) to work on /home/airflow/.local/lib/python3.12/site-packages/airflow/example_dags/example_branch_day_of_week_operator.py
[2025-05-20T02:59:34.221+0000] {processor.py:914} INFO - Processing file /home/airflow/.local/lib/python3.12/site-packages/airflow/example_dags/example_branch_day_of_week_operator.py for tasks to queue
[2025-05-20T02:59:34.225+0000] {logging_mixin.py:190} INFO - [2025-05-20T02:59:34.225+0000] {dagbag.py:587} INFO - Filling up the DagBag from /home/airflow/.local/lib/python3.12/site-packages/airflow/example_dags/example_branch_day_of_week_operator.py
[2025-05-20T02:59:34.236+0000] {processor.py:925} INFO - DAG(s) 'example_weekday_branch_operator' retrieved from /home/airflow/.local/lib/python3.12/site-packages/airflow/example_dags/example_branch_day_of_week_operator.py
[2025-05-20T02:59:34.255+0000] {logging_mixin.py:190} INFO - [2025-05-20T02:59:34.255+0000] {dag.py:3229} INFO - Sync 1 DAGs
[2025-05-20T02:59:34.292+0000] {logging_mixin.py:190} INFO - [2025-05-20T02:59:34.291+0000] {dag.py:4156} INFO - Setting next_dagrun for example_weekday_branch_operator to 2025-05-19 00:00:00+00:00, run_after=2025-05-20 00:00:00+00:00
[2025-05-20T02:59:34.355+0000] {processor.py:208} INFO - Processing /home/airflow/.local/lib/python3.12/site-packages/airflow/example_dags/example_branch_day_of_week_operator.py took 0.140 seconds
[2025-05-20T03:00:04.481+0000] {processor.py:186} INFO - Started process (PID=832) to work on /home/airflow/.local/lib/python3.12/site-packages/airflow/example_dags/example_branch_day_of_week_operator.py
[2025-05-20T03:00:04.486+0000] {processor.py:914} INFO - Processing file /home/airflow/.local/lib/python3.12/site-packages/airflow/example_dags/example_branch_day_of_week_operator.py for tasks to queue
[2025-05-20T03:00:04.496+0000] {logging_mixin.py:190} INFO - [2025-05-20T03:00:04.495+0000] {dagbag.py:587} INFO - Filling up the DagBag from /home/airflow/.local/lib/python3.12/site-packages/airflow/example_dags/example_branch_day_of_week_operator.py
[2025-05-20T03:00:04.510+0000] {processor.py:925} INFO - DAG(s) 'example_weekday_branch_operator' retrieved from /home/airflow/.local/lib/python3.12/site-packages/airflow/example_dags/example_branch_day_of_week_operator.py
[2025-05-20T03:00:04.587+0000] {logging_mixin.py:190} INFO - [2025-05-20T03:00:04.586+0000] {dag.py:3229} INFO - Sync 1 DAGs
[2025-05-20T03:00:04.633+0000] {logging_mixin.py:190} INFO - [2025-05-20T03:00:04.633+0000] {dag.py:4156} INFO - Setting next_dagrun for example_weekday_branch_operator to 2025-05-19 00:00:00+00:00, run_after=2025-05-20 00:00:00+00:00
[2025-05-20T03:00:04.721+0000] {processor.py:208} INFO - Processing /home/airflow/.local/lib/python3.12/site-packages/airflow/example_dags/example_branch_day_of_week_operator.py took 0.245 seconds
[2025-05-20T03:00:35.658+0000] {processor.py:186} INFO - Started process (PID=895) to work on /home/airflow/.local/lib/python3.12/site-packages/airflow/example_dags/example_branch_day_of_week_operator.py
[2025-05-20T03:00:35.664+0000] {processor.py:914} INFO - Processing file /home/airflow/.local/lib/python3.12/site-packages/airflow/example_dags/example_branch_day_of_week_operator.py for tasks to queue
[2025-05-20T03:00:35.669+0000] {logging_mixin.py:190} INFO - [2025-05-20T03:00:35.669+0000] {dagbag.py:587} INFO - Filling up the DagBag from /home/airflow/.local/lib/python3.12/site-packages/airflow/example_dags/example_branch_day_of_week_operator.py
[2025-05-20T03:00:35.685+0000] {processor.py:925} INFO - DAG(s) 'example_weekday_branch_operator' retrieved from /home/airflow/.local/lib/python3.12/site-packages/airflow/example_dags/example_branch_day_of_week_operator.py
[2025-05-20T03:00:35.706+0000] {logging_mixin.py:190} INFO - [2025-05-20T03:00:35.706+0000] {dag.py:3229} INFO - Sync 1 DAGs
[2025-05-20T03:00:35.735+0000] {logging_mixin.py:190} INFO - [2025-05-20T03:00:35.735+0000] {dag.py:4156} INFO - Setting next_dagrun for example_weekday_branch_operator to 2025-05-19 00:00:00+00:00, run_after=2025-05-20 00:00:00+00:00
[2025-05-20T03:00:35.812+0000] {processor.py:208} INFO - Processing /home/airflow/.local/lib/python3.12/site-packages/airflow/example_dags/example_branch_day_of_week_operator.py took 0.166 seconds
[2025-05-20T03:01:06.108+0000] {processor.py:186} INFO - Started process (PID=957) to work on /home/airflow/.local/lib/python3.12/site-packages/airflow/example_dags/example_branch_day_of_week_operator.py
[2025-05-20T03:01:06.110+0000] {processor.py:914} INFO - Processing file /home/airflow/.local/lib/python3.12/site-packages/airflow/example_dags/example_branch_day_of_week_operator.py for tasks to queue
[2025-05-20T03:01:06.132+0000] {logging_mixin.py:190} INFO - [2025-05-20T03:01:06.126+0000] {dagbag.py:587} INFO - Filling up the DagBag from /home/airflow/.local/lib/python3.12/site-packages/airflow/example_dags/example_branch_day_of_week_operator.py
[2025-05-20T03:01:06.150+0000] {processor.py:925} INFO - DAG(s) 'example_weekday_branch_operator' retrieved from /home/airflow/.local/lib/python3.12/site-packages/airflow/example_dags/example_branch_day_of_week_operator.py
[2025-05-20T03:01:06.242+0000] {logging_mixin.py:190} INFO - [2025-05-20T03:01:06.240+0000] {dag.py:3229} INFO - Sync 1 DAGs
[2025-05-20T03:01:06.271+0000] {logging_mixin.py:190} INFO - [2025-05-20T03:01:06.270+0000] {dag.py:4156} INFO - Setting next_dagrun for example_weekday_branch_operator to 2025-05-19 00:00:00+00:00, run_after=2025-05-20 00:00:00+00:00
[2025-05-20T03:01:06.328+0000] {processor.py:208} INFO - Processing /home/airflow/.local/lib/python3.12/site-packages/airflow/example_dags/example_branch_day_of_week_operator.py took 0.222 seconds
[2025-05-20T03:01:37.034+0000] {processor.py:186} INFO - Started process (PID=1019) to work on /home/airflow/.local/lib/python3.12/site-packages/airflow/example_dags/example_branch_day_of_week_operator.py
[2025-05-20T03:01:37.036+0000] {processor.py:914} INFO - Processing file /home/airflow/.local/lib/python3.12/site-packages/airflow/example_dags/example_branch_day_of_week_operator.py for tasks to queue
[2025-05-20T03:01:37.047+0000] {logging_mixin.py:190} INFO - [2025-05-20T03:01:37.044+0000] {dagbag.py:587} INFO - Filling up the DagBag from /home/airflow/.local/lib/python3.12/site-packages/airflow/example_dags/example_branch_day_of_week_operator.py
[2025-05-20T03:01:37.059+0000] {processor.py:925} INFO - DAG(s) 'example_weekday_branch_operator' retrieved from /home/airflow/.local/lib/python3.12/site-packages/airflow/example_dags/example_branch_day_of_week_operator.py
[2025-05-20T03:01:37.127+0000] {logging_mixin.py:190} INFO - [2025-05-20T03:01:37.125+0000] {dag.py:3229} INFO - Sync 1 DAGs
[2025-05-20T03:01:37.164+0000] {logging_mixin.py:190} INFO - [2025-05-20T03:01:37.164+0000] {dag.py:4156} INFO - Setting next_dagrun for example_weekday_branch_operator to 2025-05-19 00:00:00+00:00, run_after=2025-05-20 00:00:00+00:00
[2025-05-20T03:01:37.226+0000] {processor.py:208} INFO - Processing /home/airflow/.local/lib/python3.12/site-packages/airflow/example_dags/example_branch_day_of_week_operator.py took 0.195 seconds
[2025-05-20T03:02:07.549+0000] {processor.py:186} INFO - Started process (PID=1082) to work on /home/airflow/.local/lib/python3.12/site-packages/airflow/example_dags/example_branch_day_of_week_operator.py
[2025-05-20T03:02:07.551+0000] {processor.py:914} INFO - Processing file /home/airflow/.local/lib/python3.12/site-packages/airflow/example_dags/example_branch_day_of_week_operator.py for tasks to queue
[2025-05-20T03:02:07.561+0000] {logging_mixin.py:190} INFO - [2025-05-20T03:02:07.559+0000] {dagbag.py:587} INFO - Filling up the DagBag from /home/airflow/.local/lib/python3.12/site-packages/airflow/example_dags/example_branch_day_of_week_operator.py
[2025-05-20T03:02:07.598+0000] {processor.py:925} INFO - DAG(s) 'example_weekday_branch_operator' retrieved from /home/airflow/.local/lib/python3.12/site-packages/airflow/example_dags/example_branch_day_of_week_operator.py
[2025-05-20T03:02:07.637+0000] {logging_mixin.py:190} INFO - [2025-05-20T03:02:07.636+0000] {dag.py:3229} INFO - Sync 1 DAGs
[2025-05-20T03:02:07.681+0000] {logging_mixin.py:190} INFO - [2025-05-20T03:02:07.681+0000] {dag.py:4156} INFO - Setting next_dagrun for example_weekday_branch_operator to 2025-05-19 00:00:00+00:00, run_after=2025-05-20 00:00:00+00:00
[2025-05-20T03:02:07.774+0000] {processor.py:208} INFO - Processing /home/airflow/.local/lib/python3.12/site-packages/airflow/example_dags/example_branch_day_of_week_operator.py took 0.229 seconds
[2025-05-20T03:02:38.362+0000] {processor.py:186} INFO - Started process (PID=1145) to work on /home/airflow/.local/lib/python3.12/site-packages/airflow/example_dags/example_branch_day_of_week_operator.py
[2025-05-20T03:02:38.364+0000] {processor.py:914} INFO - Processing file /home/airflow/.local/lib/python3.12/site-packages/airflow/example_dags/example_branch_day_of_week_operator.py for tasks to queue
[2025-05-20T03:02:38.371+0000] {logging_mixin.py:190} INFO - [2025-05-20T03:02:38.371+0000] {dagbag.py:587} INFO - Filling up the DagBag from /home/airflow/.local/lib/python3.12/site-packages/airflow/example_dags/example_branch_day_of_week_operator.py
[2025-05-20T03:02:38.385+0000] {processor.py:925} INFO - DAG(s) 'example_weekday_branch_operator' retrieved from /home/airflow/.local/lib/python3.12/site-packages/airflow/example_dags/example_branch_day_of_week_operator.py
[2025-05-20T03:02:38.427+0000] {logging_mixin.py:190} INFO - [2025-05-20T03:02:38.427+0000] {dag.py:3229} INFO - Sync 1 DAGs
[2025-05-20T03:02:38.487+0000] {logging_mixin.py:190} INFO - [2025-05-20T03:02:38.487+0000] {dag.py:4156} INFO - Setting next_dagrun for example_weekday_branch_operator to 2025-05-19 00:00:00+00:00, run_after=2025-05-20 00:00:00+00:00
[2025-05-20T03:02:38.579+0000] {processor.py:208} INFO - Processing /home/airflow/.local/lib/python3.12/site-packages/airflow/example_dags/example_branch_day_of_week_operator.py took 0.221 seconds
[2025-05-20T03:03:08.986+0000] {processor.py:186} INFO - Started process (PID=1207) to work on /home/airflow/.local/lib/python3.12/site-packages/airflow/example_dags/example_branch_day_of_week_operator.py
[2025-05-20T03:03:08.987+0000] {processor.py:914} INFO - Processing file /home/airflow/.local/lib/python3.12/site-packages/airflow/example_dags/example_branch_day_of_week_operator.py for tasks to queue
[2025-05-20T03:03:08.993+0000] {logging_mixin.py:190} INFO - [2025-05-20T03:03:08.991+0000] {dagbag.py:587} INFO - Filling up the DagBag from /home/airflow/.local/lib/python3.12/site-packages/airflow/example_dags/example_branch_day_of_week_operator.py
[2025-05-20T03:03:09.018+0000] {processor.py:925} INFO - DAG(s) 'example_weekday_branch_operator' retrieved from /home/airflow/.local/lib/python3.12/site-packages/airflow/example_dags/example_branch_day_of_week_operator.py
[2025-05-20T03:03:09.093+0000] {logging_mixin.py:190} INFO - [2025-05-20T03:03:09.092+0000] {dag.py:3229} INFO - Sync 1 DAGs
[2025-05-20T03:03:09.130+0000] {logging_mixin.py:190} INFO - [2025-05-20T03:03:09.129+0000] {dag.py:4156} INFO - Setting next_dagrun for example_weekday_branch_operator to 2025-05-19 00:00:00+00:00, run_after=2025-05-20 00:00:00+00:00
[2025-05-20T03:03:09.183+0000] {processor.py:208} INFO - Processing /home/airflow/.local/lib/python3.12/site-packages/airflow/example_dags/example_branch_day_of_week_operator.py took 0.201 seconds
[2025-05-20T03:03:39.801+0000] {processor.py:186} INFO - Started process (PID=1269) to work on /home/airflow/.local/lib/python3.12/site-packages/airflow/example_dags/example_branch_day_of_week_operator.py
[2025-05-20T03:03:39.802+0000] {processor.py:914} INFO - Processing file /home/airflow/.local/lib/python3.12/site-packages/airflow/example_dags/example_branch_day_of_week_operator.py for tasks to queue
[2025-05-20T03:03:39.807+0000] {logging_mixin.py:190} INFO - [2025-05-20T03:03:39.806+0000] {dagbag.py:587} INFO - Filling up the DagBag from /home/airflow/.local/lib/python3.12/site-packages/airflow/example_dags/example_branch_day_of_week_operator.py
[2025-05-20T03:03:39.834+0000] {processor.py:925} INFO - DAG(s) 'example_weekday_branch_operator' retrieved from /home/airflow/.local/lib/python3.12/site-packages/airflow/example_dags/example_branch_day_of_week_operator.py
[2025-05-20T03:03:39.889+0000] {logging_mixin.py:190} INFO - [2025-05-20T03:03:39.888+0000] {dag.py:3229} INFO - Sync 1 DAGs
[2025-05-20T03:03:39.973+0000] {logging_mixin.py:190} INFO - [2025-05-20T03:03:39.973+0000] {dag.py:4156} INFO - Setting next_dagrun for example_weekday_branch_operator to 2025-05-19 00:00:00+00:00, run_after=2025-05-20 00:00:00+00:00
[2025-05-20T03:03:40.039+0000] {processor.py:208} INFO - Processing /home/airflow/.local/lib/python3.12/site-packages/airflow/example_dags/example_branch_day_of_week_operator.py took 0.243 seconds
[2025-05-20T03:04:10.818+0000] {processor.py:186} INFO - Started process (PID=1332) to work on /home/airflow/.local/lib/python3.12/site-packages/airflow/example_dags/example_branch_day_of_week_operator.py
[2025-05-20T03:04:10.819+0000] {processor.py:914} INFO - Processing file /home/airflow/.local/lib/python3.12/site-packages/airflow/example_dags/example_branch_day_of_week_operator.py for tasks to queue
[2025-05-20T03:04:10.823+0000] {logging_mixin.py:190} INFO - [2025-05-20T03:04:10.823+0000] {dagbag.py:587} INFO - Filling up the DagBag from /home/airflow/.local/lib/python3.12/site-packages/airflow/example_dags/example_branch_day_of_week_operator.py
[2025-05-20T03:04:10.856+0000] {processor.py:925} INFO - DAG(s) 'example_weekday_branch_operator' retrieved from /home/airflow/.local/lib/python3.12/site-packages/airflow/example_dags/example_branch_day_of_week_operator.py
[2025-05-20T03:04:10.885+0000] {logging_mixin.py:190} INFO - [2025-05-20T03:04:10.884+0000] {dag.py:3229} INFO - Sync 1 DAGs
[2025-05-20T03:04:10.973+0000] {logging_mixin.py:190} INFO - [2025-05-20T03:04:10.972+0000] {dag.py:4156} INFO - Setting next_dagrun for example_weekday_branch_operator to 2025-05-19 00:00:00+00:00, run_after=2025-05-20 00:00:00+00:00
[2025-05-20T03:04:11.030+0000] {processor.py:208} INFO - Processing /home/airflow/.local/lib/python3.12/site-packages/airflow/example_dags/example_branch_day_of_week_operator.py took 0.219 seconds
[2025-05-20T03:04:41.739+0000] {processor.py:186} INFO - Started process (PID=1395) to work on /home/airflow/.local/lib/python3.12/site-packages/airflow/example_dags/example_branch_day_of_week_operator.py
[2025-05-20T03:04:41.745+0000] {processor.py:914} INFO - Processing file /home/airflow/.local/lib/python3.12/site-packages/airflow/example_dags/example_branch_day_of_week_operator.py for tasks to queue
[2025-05-20T03:04:41.751+0000] {logging_mixin.py:190} INFO - [2025-05-20T03:04:41.751+0000] {dagbag.py:587} INFO - Filling up the DagBag from /home/airflow/.local/lib/python3.12/site-packages/airflow/example_dags/example_branch_day_of_week_operator.py
[2025-05-20T03:04:41.780+0000] {processor.py:925} INFO - DAG(s) 'example_weekday_branch_operator' retrieved from /home/airflow/.local/lib/python3.12/site-packages/airflow/example_dags/example_branch_day_of_week_operator.py
[2025-05-20T03:04:41.841+0000] {logging_mixin.py:190} INFO - [2025-05-20T03:04:41.841+0000] {dag.py:3229} INFO - Sync 1 DAGs
[2025-05-20T03:04:41.895+0000] {logging_mixin.py:190} INFO - [2025-05-20T03:04:41.895+0000] {dag.py:4156} INFO - Setting next_dagrun for example_weekday_branch_operator to 2025-05-19 00:00:00+00:00, run_after=2025-05-20 00:00:00+00:00
[2025-05-20T03:04:41.951+0000] {processor.py:208} INFO - Processing /home/airflow/.local/lib/python3.12/site-packages/airflow/example_dags/example_branch_day_of_week_operator.py took 0.235 seconds
[2025-05-20T03:05:12.068+0000] {processor.py:186} INFO - Started process (PID=1458) to work on /home/airflow/.local/lib/python3.12/site-packages/airflow/example_dags/example_branch_day_of_week_operator.py
[2025-05-20T03:05:12.071+0000] {processor.py:914} INFO - Processing file /home/airflow/.local/lib/python3.12/site-packages/airflow/example_dags/example_branch_day_of_week_operator.py for tasks to queue
[2025-05-20T03:05:12.082+0000] {logging_mixin.py:190} INFO - [2025-05-20T03:05:12.082+0000] {dagbag.py:587} INFO - Filling up the DagBag from /home/airflow/.local/lib/python3.12/site-packages/airflow/example_dags/example_branch_day_of_week_operator.py
[2025-05-20T03:05:12.106+0000] {processor.py:925} INFO - DAG(s) 'example_weekday_branch_operator' retrieved from /home/airflow/.local/lib/python3.12/site-packages/airflow/example_dags/example_branch_day_of_week_operator.py
[2025-05-20T03:05:12.175+0000] {logging_mixin.py:190} INFO - [2025-05-20T03:05:12.174+0000] {dag.py:3229} INFO - Sync 1 DAGs
[2025-05-20T03:05:12.215+0000] {logging_mixin.py:190} INFO - [2025-05-20T03:05:12.215+0000] {dag.py:4156} INFO - Setting next_dagrun for example_weekday_branch_operator to 2025-05-19 00:00:00+00:00, run_after=2025-05-20 00:00:00+00:00
[2025-05-20T03:05:12.275+0000] {processor.py:208} INFO - Processing /home/airflow/.local/lib/python3.12/site-packages/airflow/example_dags/example_branch_day_of_week_operator.py took 0.213 seconds
[2025-05-20T03:05:43.270+0000] {processor.py:186} INFO - Started process (PID=1521) to work on /home/airflow/.local/lib/python3.12/site-packages/airflow/example_dags/example_branch_day_of_week_operator.py
[2025-05-20T03:05:43.273+0000] {processor.py:914} INFO - Processing file /home/airflow/.local/lib/python3.12/site-packages/airflow/example_dags/example_branch_day_of_week_operator.py for tasks to queue
[2025-05-20T03:05:43.276+0000] {logging_mixin.py:190} INFO - [2025-05-20T03:05:43.276+0000] {dagbag.py:587} INFO - Filling up the DagBag from /home/airflow/.local/lib/python3.12/site-packages/airflow/example_dags/example_branch_day_of_week_operator.py
[2025-05-20T03:05:43.292+0000] {processor.py:925} INFO - DAG(s) 'example_weekday_branch_operator' retrieved from /home/airflow/.local/lib/python3.12/site-packages/airflow/example_dags/example_branch_day_of_week_operator.py
[2025-05-20T03:05:43.348+0000] {logging_mixin.py:190} INFO - [2025-05-20T03:05:43.344+0000] {dag.py:3229} INFO - Sync 1 DAGs
[2025-05-20T03:05:43.406+0000] {logging_mixin.py:190} INFO - [2025-05-20T03:05:43.406+0000] {dag.py:4156} INFO - Setting next_dagrun for example_weekday_branch_operator to 2025-05-19 00:00:00+00:00, run_after=2025-05-20 00:00:00+00:00
[2025-05-20T03:05:43.485+0000] {processor.py:208} INFO - Processing /home/airflow/.local/lib/python3.12/site-packages/airflow/example_dags/example_branch_day_of_week_operator.py took 0.218 seconds
[2025-05-20T03:06:14.553+0000] {processor.py:186} INFO - Started process (PID=1584) to work on /home/airflow/.local/lib/python3.12/site-packages/airflow/example_dags/example_branch_day_of_week_operator.py
[2025-05-20T03:06:14.554+0000] {processor.py:914} INFO - Processing file /home/airflow/.local/lib/python3.12/site-packages/airflow/example_dags/example_branch_day_of_week_operator.py for tasks to queue
[2025-05-20T03:06:14.558+0000] {logging_mixin.py:190} INFO - [2025-05-20T03:06:14.557+0000] {dagbag.py:587} INFO - Filling up the DagBag from /home/airflow/.local/lib/python3.12/site-packages/airflow/example_dags/example_branch_day_of_week_operator.py
[2025-05-20T03:06:14.571+0000] {processor.py:925} INFO - DAG(s) 'example_weekday_branch_operator' retrieved from /home/airflow/.local/lib/python3.12/site-packages/airflow/example_dags/example_branch_day_of_week_operator.py
[2025-05-20T03:06:14.614+0000] {logging_mixin.py:190} INFO - [2025-05-20T03:06:14.611+0000] {dag.py:3229} INFO - Sync 1 DAGs
[2025-05-20T03:06:14.666+0000] {logging_mixin.py:190} INFO - [2025-05-20T03:06:14.666+0000] {dag.py:4156} INFO - Setting next_dagrun for example_weekday_branch_operator to 2025-05-19 00:00:00+00:00, run_after=2025-05-20 00:00:00+00:00
[2025-05-20T03:06:14.732+0000] {processor.py:208} INFO - Processing /home/airflow/.local/lib/python3.12/site-packages/airflow/example_dags/example_branch_day_of_week_operator.py took 0.184 seconds
[2025-05-20T03:06:45.445+0000] {processor.py:186} INFO - Started process (PID=1647) to work on /home/airflow/.local/lib/python3.12/site-packages/airflow/example_dags/example_branch_day_of_week_operator.py
[2025-05-20T03:06:45.447+0000] {processor.py:914} INFO - Processing file /home/airflow/.local/lib/python3.12/site-packages/airflow/example_dags/example_branch_day_of_week_operator.py for tasks to queue
[2025-05-20T03:06:45.461+0000] {logging_mixin.py:190} INFO - [2025-05-20T03:06:45.459+0000] {dagbag.py:587} INFO - Filling up the DagBag from /home/airflow/.local/lib/python3.12/site-packages/airflow/example_dags/example_branch_day_of_week_operator.py
[2025-05-20T03:06:45.477+0000] {processor.py:925} INFO - DAG(s) 'example_weekday_branch_operator' retrieved from /home/airflow/.local/lib/python3.12/site-packages/airflow/example_dags/example_branch_day_of_week_operator.py
[2025-05-20T03:06:45.524+0000] {logging_mixin.py:190} INFO - [2025-05-20T03:06:45.522+0000] {dag.py:3229} INFO - Sync 1 DAGs
[2025-05-20T03:06:45.592+0000] {logging_mixin.py:190} INFO - [2025-05-20T03:06:45.591+0000] {dag.py:4156} INFO - Setting next_dagrun for example_weekday_branch_operator to 2025-05-19 00:00:00+00:00, run_after=2025-05-20 00:00:00+00:00
[2025-05-20T03:06:45.699+0000] {processor.py:208} INFO - Processing /home/airflow/.local/lib/python3.12/site-packages/airflow/example_dags/example_branch_day_of_week_operator.py took 0.260 seconds
[2025-05-20T03:07:16.146+0000] {processor.py:186} INFO - Started process (PID=1710) to work on /home/airflow/.local/lib/python3.12/site-packages/airflow/example_dags/example_branch_day_of_week_operator.py
[2025-05-20T03:07:16.150+0000] {processor.py:914} INFO - Processing file /home/airflow/.local/lib/python3.12/site-packages/airflow/example_dags/example_branch_day_of_week_operator.py for tasks to queue
[2025-05-20T03:07:16.154+0000] {logging_mixin.py:190} INFO - [2025-05-20T03:07:16.153+0000] {dagbag.py:587} INFO - Filling up the DagBag from /home/airflow/.local/lib/python3.12/site-packages/airflow/example_dags/example_branch_day_of_week_operator.py
[2025-05-20T03:07:16.161+0000] {processor.py:925} INFO - DAG(s) 'example_weekday_branch_operator' retrieved from /home/airflow/.local/lib/python3.12/site-packages/airflow/example_dags/example_branch_day_of_week_operator.py
[2025-05-20T03:07:16.207+0000] {logging_mixin.py:190} INFO - [2025-05-20T03:07:16.207+0000] {dag.py:3229} INFO - Sync 1 DAGs
[2025-05-20T03:07:16.247+0000] {logging_mixin.py:190} INFO - [2025-05-20T03:07:16.246+0000] {dag.py:4156} INFO - Setting next_dagrun for example_weekday_branch_operator to 2025-05-19 00:00:00+00:00, run_after=2025-05-20 00:00:00+00:00
[2025-05-20T03:07:16.317+0000] {processor.py:208} INFO - Processing /home/airflow/.local/lib/python3.12/site-packages/airflow/example_dags/example_branch_day_of_week_operator.py took 0.176 seconds
[2025-05-20T03:07:47.551+0000] {processor.py:186} INFO - Started process (PID=1772) to work on /home/airflow/.local/lib/python3.12/site-packages/airflow/example_dags/example_branch_day_of_week_operator.py
[2025-05-20T03:07:47.553+0000] {processor.py:914} INFO - Processing file /home/airflow/.local/lib/python3.12/site-packages/airflow/example_dags/example_branch_day_of_week_operator.py for tasks to queue
[2025-05-20T03:07:47.557+0000] {logging_mixin.py:190} INFO - [2025-05-20T03:07:47.556+0000] {dagbag.py:587} INFO - Filling up the DagBag from /home/airflow/.local/lib/python3.12/site-packages/airflow/example_dags/example_branch_day_of_week_operator.py
[2025-05-20T03:07:47.569+0000] {processor.py:925} INFO - DAG(s) 'example_weekday_branch_operator' retrieved from /home/airflow/.local/lib/python3.12/site-packages/airflow/example_dags/example_branch_day_of_week_operator.py
[2025-05-20T03:07:47.627+0000] {logging_mixin.py:190} INFO - [2025-05-20T03:07:47.627+0000] {dag.py:3229} INFO - Sync 1 DAGs
[2025-05-20T03:07:47.668+0000] {logging_mixin.py:190} INFO - [2025-05-20T03:07:47.668+0000] {dag.py:4156} INFO - Setting next_dagrun for example_weekday_branch_operator to 2025-05-19 00:00:00+00:00, run_after=2025-05-20 00:00:00+00:00
[2025-05-20T03:07:47.745+0000] {processor.py:208} INFO - Processing /home/airflow/.local/lib/python3.12/site-packages/airflow/example_dags/example_branch_day_of_week_operator.py took 0.206 seconds
[2025-05-20T03:08:18.557+0000] {processor.py:186} INFO - Started process (PID=1834) to work on /home/airflow/.local/lib/python3.12/site-packages/airflow/example_dags/example_branch_day_of_week_operator.py
[2025-05-20T03:08:18.558+0000] {processor.py:914} INFO - Processing file /home/airflow/.local/lib/python3.12/site-packages/airflow/example_dags/example_branch_day_of_week_operator.py for tasks to queue
[2025-05-20T03:08:18.565+0000] {logging_mixin.py:190} INFO - [2025-05-20T03:08:18.564+0000] {dagbag.py:587} INFO - Filling up the DagBag from /home/airflow/.local/lib/python3.12/site-packages/airflow/example_dags/example_branch_day_of_week_operator.py
[2025-05-20T03:08:18.579+0000] {processor.py:925} INFO - DAG(s) 'example_weekday_branch_operator' retrieved from /home/airflow/.local/lib/python3.12/site-packages/airflow/example_dags/example_branch_day_of_week_operator.py
[2025-05-20T03:08:18.733+0000] {logging_mixin.py:190} INFO - [2025-05-20T03:08:18.732+0000] {dag.py:3229} INFO - Sync 1 DAGs
[2025-05-20T03:08:18.900+0000] {logging_mixin.py:190} INFO - [2025-05-20T03:08:18.900+0000] {dag.py:4156} INFO - Setting next_dagrun for example_weekday_branch_operator to 2025-05-19 00:00:00+00:00, run_after=2025-05-20 00:00:00+00:00
[2025-05-20T03:08:18.958+0000] {processor.py:208} INFO - Processing /home/airflow/.local/lib/python3.12/site-packages/airflow/example_dags/example_branch_day_of_week_operator.py took 0.407 seconds
[2025-05-20T03:08:49.568+0000] {processor.py:186} INFO - Started process (PID=1897) to work on /home/airflow/.local/lib/python3.12/site-packages/airflow/example_dags/example_branch_day_of_week_operator.py
[2025-05-20T03:08:49.584+0000] {processor.py:914} INFO - Processing file /home/airflow/.local/lib/python3.12/site-packages/airflow/example_dags/example_branch_day_of_week_operator.py for tasks to queue
[2025-05-20T03:08:49.595+0000] {logging_mixin.py:190} INFO - [2025-05-20T03:08:49.595+0000] {dagbag.py:587} INFO - Filling up the DagBag from /home/airflow/.local/lib/python3.12/site-packages/airflow/example_dags/example_branch_day_of_week_operator.py
[2025-05-20T03:08:49.619+0000] {processor.py:925} INFO - DAG(s) 'example_weekday_branch_operator' retrieved from /home/airflow/.local/lib/python3.12/site-packages/airflow/example_dags/example_branch_day_of_week_operator.py
[2025-05-20T03:08:49.662+0000] {logging_mixin.py:190} INFO - [2025-05-20T03:08:49.662+0000] {dag.py:3229} INFO - Sync 1 DAGs
[2025-05-20T03:08:49.712+0000] {logging_mixin.py:190} INFO - [2025-05-20T03:08:49.712+0000] {dag.py:4156} INFO - Setting next_dagrun for example_weekday_branch_operator to 2025-05-19 00:00:00+00:00, run_after=2025-05-20 00:00:00+00:00
[2025-05-20T03:08:49.816+0000] {processor.py:208} INFO - Processing /home/airflow/.local/lib/python3.12/site-packages/airflow/example_dags/example_branch_day_of_week_operator.py took 0.254 seconds
[2025-05-20T03:09:19.965+0000] {processor.py:186} INFO - Started process (PID=1961) to work on /home/airflow/.local/lib/python3.12/site-packages/airflow/example_dags/example_branch_day_of_week_operator.py
[2025-05-20T03:09:19.967+0000] {processor.py:914} INFO - Processing file /home/airflow/.local/lib/python3.12/site-packages/airflow/example_dags/example_branch_day_of_week_operator.py for tasks to queue
[2025-05-20T03:09:19.977+0000] {logging_mixin.py:190} INFO - [2025-05-20T03:09:19.976+0000] {dagbag.py:587} INFO - Filling up the DagBag from /home/airflow/.local/lib/python3.12/site-packages/airflow/example_dags/example_branch_day_of_week_operator.py
[2025-05-20T03:09:19.993+0000] {processor.py:925} INFO - DAG(s) 'example_weekday_branch_operator' retrieved from /home/airflow/.local/lib/python3.12/site-packages/airflow/example_dags/example_branch_day_of_week_operator.py
[2025-05-20T03:09:20.023+0000] {logging_mixin.py:190} INFO - [2025-05-20T03:09:20.022+0000] {dag.py:3229} INFO - Sync 1 DAGs
[2025-05-20T03:09:20.068+0000] {logging_mixin.py:190} INFO - [2025-05-20T03:09:20.067+0000] {dag.py:4156} INFO - Setting next_dagrun for example_weekday_branch_operator to 2025-05-19 00:00:00+00:00, run_after=2025-05-20 00:00:00+00:00
[2025-05-20T03:09:20.111+0000] {processor.py:208} INFO - Processing /home/airflow/.local/lib/python3.12/site-packages/airflow/example_dags/example_branch_day_of_week_operator.py took 0.152 seconds
[2025-05-20T03:09:51.487+0000] {processor.py:186} INFO - Started process (PID=2024) to work on /home/airflow/.local/lib/python3.12/site-packages/airflow/example_dags/example_branch_day_of_week_operator.py
[2025-05-20T03:09:51.489+0000] {processor.py:914} INFO - Processing file /home/airflow/.local/lib/python3.12/site-packages/airflow/example_dags/example_branch_day_of_week_operator.py for tasks to queue
[2025-05-20T03:09:51.493+0000] {logging_mixin.py:190} INFO - [2025-05-20T03:09:51.493+0000] {dagbag.py:587} INFO - Filling up the DagBag from /home/airflow/.local/lib/python3.12/site-packages/airflow/example_dags/example_branch_day_of_week_operator.py
[2025-05-20T03:09:51.526+0000] {processor.py:925} INFO - DAG(s) 'example_weekday_branch_operator' retrieved from /home/airflow/.local/lib/python3.12/site-packages/airflow/example_dags/example_branch_day_of_week_operator.py
[2025-05-20T03:09:51.569+0000] {logging_mixin.py:190} INFO - [2025-05-20T03:09:51.568+0000] {dag.py:3229} INFO - Sync 1 DAGs
[2025-05-20T03:09:51.633+0000] {logging_mixin.py:190} INFO - [2025-05-20T03:09:51.632+0000] {dag.py:4156} INFO - Setting next_dagrun for example_weekday_branch_operator to 2025-05-19 00:00:00+00:00, run_after=2025-05-20 00:00:00+00:00
[2025-05-20T03:09:51.684+0000] {processor.py:208} INFO - Processing /home/airflow/.local/lib/python3.12/site-packages/airflow/example_dags/example_branch_day_of_week_operator.py took 0.201 seconds
[2025-05-20T03:10:21.776+0000] {processor.py:186} INFO - Started process (PID=2087) to work on /home/airflow/.local/lib/python3.12/site-packages/airflow/example_dags/example_branch_day_of_week_operator.py
[2025-05-20T03:10:21.778+0000] {processor.py:914} INFO - Processing file /home/airflow/.local/lib/python3.12/site-packages/airflow/example_dags/example_branch_day_of_week_operator.py for tasks to queue
[2025-05-20T03:10:21.781+0000] {logging_mixin.py:190} INFO - [2025-05-20T03:10:21.780+0000] {dagbag.py:587} INFO - Filling up the DagBag from /home/airflow/.local/lib/python3.12/site-packages/airflow/example_dags/example_branch_day_of_week_operator.py
[2025-05-20T03:10:21.801+0000] {processor.py:925} INFO - DAG(s) 'example_weekday_branch_operator' retrieved from /home/airflow/.local/lib/python3.12/site-packages/airflow/example_dags/example_branch_day_of_week_operator.py
[2025-05-20T03:10:21.867+0000] {logging_mixin.py:190} INFO - [2025-05-20T03:10:21.866+0000] {dag.py:3229} INFO - Sync 1 DAGs
[2025-05-20T03:10:21.912+0000] {logging_mixin.py:190} INFO - [2025-05-20T03:10:21.912+0000] {dag.py:4156} INFO - Setting next_dagrun for example_weekday_branch_operator to 2025-05-19 00:00:00+00:00, run_after=2025-05-20 00:00:00+00:00
[2025-05-20T03:10:21.959+0000] {processor.py:208} INFO - Processing /home/airflow/.local/lib/python3.12/site-packages/airflow/example_dags/example_branch_day_of_week_operator.py took 0.188 seconds
[2025-05-20T03:10:52.236+0000] {processor.py:186} INFO - Started process (PID=2150) to work on /home/airflow/.local/lib/python3.12/site-packages/airflow/example_dags/example_branch_day_of_week_operator.py
[2025-05-20T03:10:52.242+0000] {processor.py:914} INFO - Processing file /home/airflow/.local/lib/python3.12/site-packages/airflow/example_dags/example_branch_day_of_week_operator.py for tasks to queue
[2025-05-20T03:10:52.260+0000] {logging_mixin.py:190} INFO - [2025-05-20T03:10:52.258+0000] {dagbag.py:587} INFO - Filling up the DagBag from /home/airflow/.local/lib/python3.12/site-packages/airflow/example_dags/example_branch_day_of_week_operator.py
[2025-05-20T03:10:52.283+0000] {processor.py:925} INFO - DAG(s) 'example_weekday_branch_operator' retrieved from /home/airflow/.local/lib/python3.12/site-packages/airflow/example_dags/example_branch_day_of_week_operator.py
[2025-05-20T03:10:52.355+0000] {logging_mixin.py:190} INFO - [2025-05-20T03:10:52.355+0000] {dag.py:3229} INFO - Sync 1 DAGs
[2025-05-20T03:10:52.434+0000] {logging_mixin.py:190} INFO - [2025-05-20T03:10:52.433+0000] {dag.py:4156} INFO - Setting next_dagrun for example_weekday_branch_operator to 2025-05-19 00:00:00+00:00, run_after=2025-05-20 00:00:00+00:00
[2025-05-20T03:10:52.459+0000] {processor.py:208} INFO - Processing /home/airflow/.local/lib/python3.12/site-packages/airflow/example_dags/example_branch_day_of_week_operator.py took 0.227 seconds
[2025-05-20T03:11:23.656+0000] {processor.py:186} INFO - Started process (PID=2212) to work on /home/airflow/.local/lib/python3.12/site-packages/airflow/example_dags/example_branch_day_of_week_operator.py
[2025-05-20T03:11:23.659+0000] {processor.py:914} INFO - Processing file /home/airflow/.local/lib/python3.12/site-packages/airflow/example_dags/example_branch_day_of_week_operator.py for tasks to queue
[2025-05-20T03:11:23.667+0000] {logging_mixin.py:190} INFO - [2025-05-20T03:11:23.666+0000] {dagbag.py:587} INFO - Filling up the DagBag from /home/airflow/.local/lib/python3.12/site-packages/airflow/example_dags/example_branch_day_of_week_operator.py
[2025-05-20T03:11:23.686+0000] {processor.py:925} INFO - DAG(s) 'example_weekday_branch_operator' retrieved from /home/airflow/.local/lib/python3.12/site-packages/airflow/example_dags/example_branch_day_of_week_operator.py
[2025-05-20T03:11:23.756+0000] {logging_mixin.py:190} INFO - [2025-05-20T03:11:23.755+0000] {dag.py:3229} INFO - Sync 1 DAGs
[2025-05-20T03:11:23.834+0000] {logging_mixin.py:190} INFO - [2025-05-20T03:11:23.832+0000] {dag.py:4156} INFO - Setting next_dagrun for example_weekday_branch_operator to 2025-05-19 00:00:00+00:00, run_after=2025-05-20 00:00:00+00:00
[2025-05-20T03:11:23.907+0000] {processor.py:208} INFO - Processing /home/airflow/.local/lib/python3.12/site-packages/airflow/example_dags/example_branch_day_of_week_operator.py took 0.257 seconds
