[2025-05-20T02:50:51.618+0000] {processor.py:186} INFO - Started process (PID=77) to work on /home/airflow/.local/lib/python3.12/site-packages/airflow/example_dags/example_branch_operator_decorator.py
[2025-05-20T02:50:51.620+0000] {processor.py:914} INFO - Processing file /home/airflow/.local/lib/python3.12/site-packages/airflow/example_dags/example_branch_operator_decorator.py for tasks to queue
[2025-05-20T02:50:51.626+0000] {logging_mixin.py:190} INFO - [2025-05-20T02:50:51.625+0000] {dagbag.py:587} INFO - Filling up the DagBag from /home/airflow/.local/lib/python3.12/site-packages/airflow/example_dags/example_branch_operator_decorator.py
[2025-05-20T02:50:51.668+0000] {processor.py:925} INFO - DAG(s) 'example_branch_python_operator_decorator' retrieved from /home/airflow/.local/lib/python3.12/site-packages/airflow/example_dags/example_branch_operator_decorator.py
[2025-05-20T02:50:51.857+0000] {logging_mixin.py:190} INFO - [2025-05-20T02:50:51.856+0000] {override.py:1900} INFO - Created Permission View: can read on DAG:example_branch_python_operator_decorator
[2025-05-20T02:50:51.893+0000] {logging_mixin.py:190} INFO - [2025-05-20T02:50:51.890+0000] {override.py:1900} INFO - Created Permission View: can delete on DAG:example_branch_python_operator_decorator
[2025-05-20T02:50:51.922+0000] {logging_mixin.py:190} INFO - [2025-05-20T02:50:51.922+0000] {override.py:1900} INFO - Created Permission View: can edit on DAG:example_branch_python_operator_decorator
[2025-05-20T02:50:51.944+0000] {logging_mixin.py:190} INFO - [2025-05-20T02:50:51.944+0000] {override.py:1900} INFO - Created Permission View: can read on DAG Run:example_branch_python_operator_decorator
[2025-05-20T02:50:51.975+0000] {logging_mixin.py:190} INFO - [2025-05-20T02:50:51.975+0000] {override.py:1900} INFO - Created Permission View: can delete on DAG Run:example_branch_python_operator_decorator
[2025-05-20T02:50:52.002+0000] {logging_mixin.py:190} INFO - [2025-05-20T02:50:52.001+0000] {override.py:1900} INFO - Created Permission View: can create on DAG Run:example_branch_python_operator_decorator
[2025-05-20T02:50:52.021+0000] {logging_mixin.py:190} INFO - [2025-05-20T02:50:52.021+0000] {override.py:1900} INFO - Created Permission View: menu access on DAG Run:example_branch_python_operator_decorator
[2025-05-20T02:50:52.023+0000] {logging_mixin.py:190} INFO - [2025-05-20T02:50:52.023+0000] {dag.py:3229} INFO - Sync 1 DAGs
[2025-05-20T02:50:52.058+0000] {logging_mixin.py:190} INFO - [2025-05-20T02:50:52.056+0000] {dag.py:3252} INFO - Creating ORM DAG for example_branch_python_operator_decorator
[2025-05-20T02:50:52.080+0000] {logging_mixin.py:190} INFO - [2025-05-20T02:50:52.080+0000] {dag.py:4156} INFO - Setting next_dagrun for example_branch_python_operator_decorator to 2025-05-19 00:00:00+00:00, run_after=2025-05-20 00:00:00+00:00
[2025-05-20T02:50:52.119+0000] {processor.py:208} INFO - Processing /home/airflow/.local/lib/python3.12/site-packages/airflow/example_dags/example_branch_operator_decorator.py took 0.506 seconds
[2025-05-20T02:51:22.534+0000] {processor.py:186} INFO - Started process (PID=139) to work on /home/airflow/.local/lib/python3.12/site-packages/airflow/example_dags/example_branch_operator_decorator.py
[2025-05-20T02:51:22.536+0000] {processor.py:914} INFO - Processing file /home/airflow/.local/lib/python3.12/site-packages/airflow/example_dags/example_branch_operator_decorator.py for tasks to queue
[2025-05-20T02:51:22.541+0000] {logging_mixin.py:190} INFO - [2025-05-20T02:51:22.540+0000] {dagbag.py:587} INFO - Filling up the DagBag from /home/airflow/.local/lib/python3.12/site-packages/airflow/example_dags/example_branch_operator_decorator.py
[2025-05-20T02:51:22.593+0000] {processor.py:925} INFO - DAG(s) 'example_branch_python_operator_decorator' retrieved from /home/airflow/.local/lib/python3.12/site-packages/airflow/example_dags/example_branch_operator_decorator.py
[2025-05-20T02:51:22.633+0000] {logging_mixin.py:190} INFO - [2025-05-20T02:51:22.632+0000] {dag.py:3229} INFO - Sync 1 DAGs
[2025-05-20T02:51:22.668+0000] {logging_mixin.py:190} INFO - [2025-05-20T02:51:22.668+0000] {dag.py:4156} INFO - Setting next_dagrun for example_branch_python_operator_decorator to 2025-05-19 00:00:00+00:00, run_after=2025-05-20 00:00:00+00:00
[2025-05-20T02:51:22.741+0000] {processor.py:208} INFO - Processing /home/airflow/.local/lib/python3.12/site-packages/airflow/example_dags/example_branch_operator_decorator.py took 0.213 seconds
[2025-05-20T02:51:53.119+0000] {processor.py:186} INFO - Started process (PID=201) to work on /home/airflow/.local/lib/python3.12/site-packages/airflow/example_dags/example_branch_operator_decorator.py
[2025-05-20T02:51:53.122+0000] {processor.py:914} INFO - Processing file /home/airflow/.local/lib/python3.12/site-packages/airflow/example_dags/example_branch_operator_decorator.py for tasks to queue
[2025-05-20T02:51:53.125+0000] {logging_mixin.py:190} INFO - [2025-05-20T02:51:53.125+0000] {dagbag.py:587} INFO - Filling up the DagBag from /home/airflow/.local/lib/python3.12/site-packages/airflow/example_dags/example_branch_operator_decorator.py
[2025-05-20T02:51:53.148+0000] {processor.py:925} INFO - DAG(s) 'example_branch_python_operator_decorator' retrieved from /home/airflow/.local/lib/python3.12/site-packages/airflow/example_dags/example_branch_operator_decorator.py
[2025-05-20T02:51:53.205+0000] {logging_mixin.py:190} INFO - [2025-05-20T02:51:53.204+0000] {dag.py:3229} INFO - Sync 1 DAGs
[2025-05-20T02:51:53.259+0000] {logging_mixin.py:190} INFO - [2025-05-20T02:51:53.256+0000] {dag.py:4156} INFO - Setting next_dagrun for example_branch_python_operator_decorator to 2025-05-19 00:00:00+00:00, run_after=2025-05-20 00:00:00+00:00
[2025-05-20T02:51:53.312+0000] {processor.py:208} INFO - Processing /home/airflow/.local/lib/python3.12/site-packages/airflow/example_dags/example_branch_operator_decorator.py took 0.197 seconds
[2025-05-20T02:53:56.268+0000] {processor.py:186} INFO - Started process (PID=78) to work on /home/airflow/.local/lib/python3.12/site-packages/airflow/example_dags/example_branch_operator_decorator.py
[2025-05-20T02:53:56.270+0000] {processor.py:914} INFO - Processing file /home/airflow/.local/lib/python3.12/site-packages/airflow/example_dags/example_branch_operator_decorator.py for tasks to queue
[2025-05-20T02:53:56.283+0000] {logging_mixin.py:190} INFO - [2025-05-20T02:53:56.283+0000] {dagbag.py:587} INFO - Filling up the DagBag from /home/airflow/.local/lib/python3.12/site-packages/airflow/example_dags/example_branch_operator_decorator.py
[2025-05-20T02:53:56.317+0000] {processor.py:925} INFO - DAG(s) 'example_branch_python_operator_decorator' retrieved from /home/airflow/.local/lib/python3.12/site-packages/airflow/example_dags/example_branch_operator_decorator.py
[2025-05-20T02:53:56.526+0000] {logging_mixin.py:190} INFO - [2025-05-20T02:53:56.523+0000] {dag.py:3229} INFO - Sync 1 DAGs
[2025-05-20T02:53:56.555+0000] {logging_mixin.py:190} INFO - [2025-05-20T02:53:56.554+0000] {dag.py:4156} INFO - Setting next_dagrun for example_branch_python_operator_decorator to 2025-05-19 00:00:00+00:00, run_after=2025-05-20 00:00:00+00:00
[2025-05-20T02:53:56.626+0000] {processor.py:208} INFO - Processing /home/airflow/.local/lib/python3.12/site-packages/airflow/example_dags/example_branch_operator_decorator.py took 0.363 seconds
[2025-05-20T02:54:26.723+0000] {processor.py:186} INFO - Started process (PID=142) to work on /home/airflow/.local/lib/python3.12/site-packages/airflow/example_dags/example_branch_operator_decorator.py
[2025-05-20T02:54:26.726+0000] {processor.py:914} INFO - Processing file /home/airflow/.local/lib/python3.12/site-packages/airflow/example_dags/example_branch_operator_decorator.py for tasks to queue
[2025-05-20T02:54:26.738+0000] {logging_mixin.py:190} INFO - [2025-05-20T02:54:26.737+0000] {dagbag.py:587} INFO - Filling up the DagBag from /home/airflow/.local/lib/python3.12/site-packages/airflow/example_dags/example_branch_operator_decorator.py
[2025-05-20T02:54:26.776+0000] {processor.py:925} INFO - DAG(s) 'example_branch_python_operator_decorator' retrieved from /home/airflow/.local/lib/python3.12/site-packages/airflow/example_dags/example_branch_operator_decorator.py
[2025-05-20T02:54:26.905+0000] {logging_mixin.py:190} INFO - [2025-05-20T02:54:26.904+0000] {dag.py:3229} INFO - Sync 1 DAGs
[2025-05-20T02:54:26.967+0000] {logging_mixin.py:190} INFO - [2025-05-20T02:54:26.967+0000] {dag.py:4156} INFO - Setting next_dagrun for example_branch_python_operator_decorator to 2025-05-19 00:00:00+00:00, run_after=2025-05-20 00:00:00+00:00
[2025-05-20T02:54:27.012+0000] {processor.py:208} INFO - Processing /home/airflow/.local/lib/python3.12/site-packages/airflow/example_dags/example_branch_operator_decorator.py took 0.293 seconds
[2025-05-20T02:54:57.259+0000] {processor.py:186} INFO - Started process (PID=205) to work on /home/airflow/.local/lib/python3.12/site-packages/airflow/example_dags/example_branch_operator_decorator.py
[2025-05-20T02:54:57.261+0000] {processor.py:914} INFO - Processing file /home/airflow/.local/lib/python3.12/site-packages/airflow/example_dags/example_branch_operator_decorator.py for tasks to queue
[2025-05-20T02:54:57.267+0000] {logging_mixin.py:190} INFO - [2025-05-20T02:54:57.267+0000] {dagbag.py:587} INFO - Filling up the DagBag from /home/airflow/.local/lib/python3.12/site-packages/airflow/example_dags/example_branch_operator_decorator.py
[2025-05-20T02:54:57.290+0000] {processor.py:925} INFO - DAG(s) 'example_branch_python_operator_decorator' retrieved from /home/airflow/.local/lib/python3.12/site-packages/airflow/example_dags/example_branch_operator_decorator.py
[2025-05-20T02:54:57.353+0000] {logging_mixin.py:190} INFO - [2025-05-20T02:54:57.350+0000] {dag.py:3229} INFO - Sync 1 DAGs
[2025-05-20T02:54:57.429+0000] {logging_mixin.py:190} INFO - [2025-05-20T02:54:57.429+0000] {dag.py:4156} INFO - Setting next_dagrun for example_branch_python_operator_decorator to 2025-05-19 00:00:00+00:00, run_after=2025-05-20 00:00:00+00:00
[2025-05-20T02:54:57.472+0000] {processor.py:208} INFO - Processing /home/airflow/.local/lib/python3.12/site-packages/airflow/example_dags/example_branch_operator_decorator.py took 0.218 seconds
[2025-05-20T02:55:27.834+0000] {processor.py:186} INFO - Started process (PID=267) to work on /home/airflow/.local/lib/python3.12/site-packages/airflow/example_dags/example_branch_operator_decorator.py
[2025-05-20T02:55:27.836+0000] {processor.py:914} INFO - Processing file /home/airflow/.local/lib/python3.12/site-packages/airflow/example_dags/example_branch_operator_decorator.py for tasks to queue
[2025-05-20T02:55:27.839+0000] {logging_mixin.py:190} INFO - [2025-05-20T02:55:27.839+0000] {dagbag.py:587} INFO - Filling up the DagBag from /home/airflow/.local/lib/python3.12/site-packages/airflow/example_dags/example_branch_operator_decorator.py
[2025-05-20T02:55:27.868+0000] {processor.py:925} INFO - DAG(s) 'example_branch_python_operator_decorator' retrieved from /home/airflow/.local/lib/python3.12/site-packages/airflow/example_dags/example_branch_operator_decorator.py
[2025-05-20T02:55:27.913+0000] {logging_mixin.py:190} INFO - [2025-05-20T02:55:27.913+0000] {dag.py:3229} INFO - Sync 1 DAGs
[2025-05-20T02:55:27.943+0000] {logging_mixin.py:190} INFO - [2025-05-20T02:55:27.943+0000] {dag.py:4156} INFO - Setting next_dagrun for example_branch_python_operator_decorator to 2025-05-19 00:00:00+00:00, run_after=2025-05-20 00:00:00+00:00
[2025-05-20T02:55:28.063+0000] {processor.py:208} INFO - Processing /home/airflow/.local/lib/python3.12/site-packages/airflow/example_dags/example_branch_operator_decorator.py took 0.233 seconds
[2025-05-20T02:55:59.865+0000] {processor.py:186} INFO - Started process (PID=330) to work on /home/airflow/.local/lib/python3.12/site-packages/airflow/example_dags/example_branch_operator_decorator.py
[2025-05-20T02:55:59.867+0000] {processor.py:914} INFO - Processing file /home/airflow/.local/lib/python3.12/site-packages/airflow/example_dags/example_branch_operator_decorator.py for tasks to queue
[2025-05-20T02:55:59.872+0000] {logging_mixin.py:190} INFO - [2025-05-20T02:55:59.871+0000] {dagbag.py:587} INFO - Filling up the DagBag from /home/airflow/.local/lib/python3.12/site-packages/airflow/example_dags/example_branch_operator_decorator.py
[2025-05-20T02:55:59.914+0000] {processor.py:925} INFO - DAG(s) 'example_branch_python_operator_decorator' retrieved from /home/airflow/.local/lib/python3.12/site-packages/airflow/example_dags/example_branch_operator_decorator.py
[2025-05-20T02:55:59.965+0000] {logging_mixin.py:190} INFO - [2025-05-20T02:55:59.965+0000] {dag.py:3229} INFO - Sync 1 DAGs
[2025-05-20T02:55:59.987+0000] {logging_mixin.py:190} INFO - [2025-05-20T02:55:59.985+0000] {dag.py:4156} INFO - Setting next_dagrun for example_branch_python_operator_decorator to 2025-05-19 00:00:00+00:00, run_after=2025-05-20 00:00:00+00:00
[2025-05-20T02:56:00.062+0000] {processor.py:208} INFO - Processing /home/airflow/.local/lib/python3.12/site-packages/airflow/example_dags/example_branch_operator_decorator.py took 0.201 seconds
[2025-05-20T02:56:30.802+0000] {processor.py:186} INFO - Started process (PID=393) to work on /home/airflow/.local/lib/python3.12/site-packages/airflow/example_dags/example_branch_operator_decorator.py
[2025-05-20T02:56:30.804+0000] {processor.py:914} INFO - Processing file /home/airflow/.local/lib/python3.12/site-packages/airflow/example_dags/example_branch_operator_decorator.py for tasks to queue
[2025-05-20T02:56:30.820+0000] {logging_mixin.py:190} INFO - [2025-05-20T02:56:30.810+0000] {dagbag.py:587} INFO - Filling up the DagBag from /home/airflow/.local/lib/python3.12/site-packages/airflow/example_dags/example_branch_operator_decorator.py
[2025-05-20T02:56:30.875+0000] {processor.py:925} INFO - DAG(s) 'example_branch_python_operator_decorator' retrieved from /home/airflow/.local/lib/python3.12/site-packages/airflow/example_dags/example_branch_operator_decorator.py
[2025-05-20T02:56:30.904+0000] {logging_mixin.py:190} INFO - [2025-05-20T02:56:30.904+0000] {dag.py:3229} INFO - Sync 1 DAGs
[2025-05-20T02:56:30.980+0000] {logging_mixin.py:190} INFO - [2025-05-20T02:56:30.980+0000] {dag.py:4156} INFO - Setting next_dagrun for example_branch_python_operator_decorator to 2025-05-19 00:00:00+00:00, run_after=2025-05-20 00:00:00+00:00
[2025-05-20T02:56:31.036+0000] {processor.py:208} INFO - Processing /home/airflow/.local/lib/python3.12/site-packages/airflow/example_dags/example_branch_operator_decorator.py took 0.237 seconds
[2025-05-20T02:57:01.322+0000] {processor.py:186} INFO - Started process (PID=456) to work on /home/airflow/.local/lib/python3.12/site-packages/airflow/example_dags/example_branch_operator_decorator.py
[2025-05-20T02:57:01.323+0000] {processor.py:914} INFO - Processing file /home/airflow/.local/lib/python3.12/site-packages/airflow/example_dags/example_branch_operator_decorator.py for tasks to queue
[2025-05-20T02:57:01.327+0000] {logging_mixin.py:190} INFO - [2025-05-20T02:57:01.326+0000] {dagbag.py:587} INFO - Filling up the DagBag from /home/airflow/.local/lib/python3.12/site-packages/airflow/example_dags/example_branch_operator_decorator.py
[2025-05-20T02:57:01.354+0000] {processor.py:925} INFO - DAG(s) 'example_branch_python_operator_decorator' retrieved from /home/airflow/.local/lib/python3.12/site-packages/airflow/example_dags/example_branch_operator_decorator.py
[2025-05-20T02:57:01.425+0000] {logging_mixin.py:190} INFO - [2025-05-20T02:57:01.422+0000] {dag.py:3229} INFO - Sync 1 DAGs
[2025-05-20T02:57:01.455+0000] {logging_mixin.py:190} INFO - [2025-05-20T02:57:01.455+0000] {dag.py:4156} INFO - Setting next_dagrun for example_branch_python_operator_decorator to 2025-05-19 00:00:00+00:00, run_after=2025-05-20 00:00:00+00:00
[2025-05-20T02:57:01.504+0000] {processor.py:208} INFO - Processing /home/airflow/.local/lib/python3.12/site-packages/airflow/example_dags/example_branch_operator_decorator.py took 0.186 seconds
[2025-05-20T02:57:32.009+0000] {processor.py:186} INFO - Started process (PID=519) to work on /home/airflow/.local/lib/python3.12/site-packages/airflow/example_dags/example_branch_operator_decorator.py
[2025-05-20T02:57:32.010+0000] {processor.py:914} INFO - Processing file /home/airflow/.local/lib/python3.12/site-packages/airflow/example_dags/example_branch_operator_decorator.py for tasks to queue
[2025-05-20T02:57:32.012+0000] {logging_mixin.py:190} INFO - [2025-05-20T02:57:32.012+0000] {dagbag.py:587} INFO - Filling up the DagBag from /home/airflow/.local/lib/python3.12/site-packages/airflow/example_dags/example_branch_operator_decorator.py
[2025-05-20T02:57:32.038+0000] {processor.py:925} INFO - DAG(s) 'example_branch_python_operator_decorator' retrieved from /home/airflow/.local/lib/python3.12/site-packages/airflow/example_dags/example_branch_operator_decorator.py
[2025-05-20T02:57:32.090+0000] {logging_mixin.py:190} INFO - [2025-05-20T02:57:32.089+0000] {dag.py:3229} INFO - Sync 1 DAGs
[2025-05-20T02:57:32.129+0000] {logging_mixin.py:190} INFO - [2025-05-20T02:57:32.129+0000] {dag.py:4156} INFO - Setting next_dagrun for example_branch_python_operator_decorator to 2025-05-19 00:00:00+00:00, run_after=2025-05-20 00:00:00+00:00
[2025-05-20T02:57:32.148+0000] {processor.py:208} INFO - Processing /home/airflow/.local/lib/python3.12/site-packages/airflow/example_dags/example_branch_operator_decorator.py took 0.142 seconds
[2025-05-20T02:58:02.754+0000] {processor.py:186} INFO - Started process (PID=582) to work on /home/airflow/.local/lib/python3.12/site-packages/airflow/example_dags/example_branch_operator_decorator.py
[2025-05-20T02:58:02.762+0000] {processor.py:914} INFO - Processing file /home/airflow/.local/lib/python3.12/site-packages/airflow/example_dags/example_branch_operator_decorator.py for tasks to queue
[2025-05-20T02:58:02.775+0000] {logging_mixin.py:190} INFO - [2025-05-20T02:58:02.775+0000] {dagbag.py:587} INFO - Filling up the DagBag from /home/airflow/.local/lib/python3.12/site-packages/airflow/example_dags/example_branch_operator_decorator.py
[2025-05-20T02:58:02.819+0000] {processor.py:925} INFO - DAG(s) 'example_branch_python_operator_decorator' retrieved from /home/airflow/.local/lib/python3.12/site-packages/airflow/example_dags/example_branch_operator_decorator.py
[2025-05-20T02:58:02.873+0000] {logging_mixin.py:190} INFO - [2025-05-20T02:58:02.872+0000] {dag.py:3229} INFO - Sync 1 DAGs
[2025-05-20T02:58:02.938+0000] {logging_mixin.py:190} INFO - [2025-05-20T02:58:02.937+0000] {dag.py:4156} INFO - Setting next_dagrun for example_branch_python_operator_decorator to 2025-05-19 00:00:00+00:00, run_after=2025-05-20 00:00:00+00:00
[2025-05-20T02:58:03.004+0000] {processor.py:208} INFO - Processing /home/airflow/.local/lib/python3.12/site-packages/airflow/example_dags/example_branch_operator_decorator.py took 0.254 seconds
[2025-05-20T02:58:33.342+0000] {processor.py:186} INFO - Started process (PID=646) to work on /home/airflow/.local/lib/python3.12/site-packages/airflow/example_dags/example_branch_operator_decorator.py
[2025-05-20T02:58:33.347+0000] {processor.py:914} INFO - Processing file /home/airflow/.local/lib/python3.12/site-packages/airflow/example_dags/example_branch_operator_decorator.py for tasks to queue
[2025-05-20T02:58:33.355+0000] {logging_mixin.py:190} INFO - [2025-05-20T02:58:33.355+0000] {dagbag.py:587} INFO - Filling up the DagBag from /home/airflow/.local/lib/python3.12/site-packages/airflow/example_dags/example_branch_operator_decorator.py
[2025-05-20T02:58:33.378+0000] {processor.py:925} INFO - DAG(s) 'example_branch_python_operator_decorator' retrieved from /home/airflow/.local/lib/python3.12/site-packages/airflow/example_dags/example_branch_operator_decorator.py
[2025-05-20T02:58:33.473+0000] {logging_mixin.py:190} INFO - [2025-05-20T02:58:33.473+0000] {dag.py:3229} INFO - Sync 1 DAGs
[2025-05-20T02:58:33.529+0000] {logging_mixin.py:190} INFO - [2025-05-20T02:58:33.529+0000] {dag.py:4156} INFO - Setting next_dagrun for example_branch_python_operator_decorator to 2025-05-19 00:00:00+00:00, run_after=2025-05-20 00:00:00+00:00
[2025-05-20T02:58:33.558+0000] {processor.py:208} INFO - Processing /home/airflow/.local/lib/python3.12/site-packages/airflow/example_dags/example_branch_operator_decorator.py took 0.219 seconds
[2025-05-20T02:59:03.988+0000] {processor.py:186} INFO - Started process (PID=709) to work on /home/airflow/.local/lib/python3.12/site-packages/airflow/example_dags/example_branch_operator_decorator.py
[2025-05-20T02:59:03.990+0000] {processor.py:914} INFO - Processing file /home/airflow/.local/lib/python3.12/site-packages/airflow/example_dags/example_branch_operator_decorator.py for tasks to queue
[2025-05-20T02:59:04.010+0000] {logging_mixin.py:190} INFO - [2025-05-20T02:59:04.003+0000] {dagbag.py:587} INFO - Filling up the DagBag from /home/airflow/.local/lib/python3.12/site-packages/airflow/example_dags/example_branch_operator_decorator.py
[2025-05-20T02:59:04.049+0000] {processor.py:925} INFO - DAG(s) 'example_branch_python_operator_decorator' retrieved from /home/airflow/.local/lib/python3.12/site-packages/airflow/example_dags/example_branch_operator_decorator.py
[2025-05-20T02:59:04.125+0000] {logging_mixin.py:190} INFO - [2025-05-20T02:59:04.124+0000] {dag.py:3229} INFO - Sync 1 DAGs
[2025-05-20T02:59:04.166+0000] {logging_mixin.py:190} INFO - [2025-05-20T02:59:04.166+0000] {dag.py:4156} INFO - Setting next_dagrun for example_branch_python_operator_decorator to 2025-05-19 00:00:00+00:00, run_after=2025-05-20 00:00:00+00:00
[2025-05-20T02:59:04.232+0000] {processor.py:208} INFO - Processing /home/airflow/.local/lib/python3.12/site-packages/airflow/example_dags/example_branch_operator_decorator.py took 0.247 seconds
[2025-05-20T02:59:34.477+0000] {processor.py:186} INFO - Started process (PID=772) to work on /home/airflow/.local/lib/python3.12/site-packages/airflow/example_dags/example_branch_operator_decorator.py
[2025-05-20T02:59:34.481+0000] {processor.py:914} INFO - Processing file /home/airflow/.local/lib/python3.12/site-packages/airflow/example_dags/example_branch_operator_decorator.py for tasks to queue
[2025-05-20T02:59:34.489+0000] {logging_mixin.py:190} INFO - [2025-05-20T02:59:34.489+0000] {dagbag.py:587} INFO - Filling up the DagBag from /home/airflow/.local/lib/python3.12/site-packages/airflow/example_dags/example_branch_operator_decorator.py
[2025-05-20T02:59:34.515+0000] {processor.py:925} INFO - DAG(s) 'example_branch_python_operator_decorator' retrieved from /home/airflow/.local/lib/python3.12/site-packages/airflow/example_dags/example_branch_operator_decorator.py
[2025-05-20T02:59:34.555+0000] {logging_mixin.py:190} INFO - [2025-05-20T02:59:34.555+0000] {dag.py:3229} INFO - Sync 1 DAGs
[2025-05-20T02:59:34.599+0000] {logging_mixin.py:190} INFO - [2025-05-20T02:59:34.599+0000] {dag.py:4156} INFO - Setting next_dagrun for example_branch_python_operator_decorator to 2025-05-19 00:00:00+00:00, run_after=2025-05-20 00:00:00+00:00
[2025-05-20T02:59:34.638+0000] {processor.py:208} INFO - Processing /home/airflow/.local/lib/python3.12/site-packages/airflow/example_dags/example_branch_operator_decorator.py took 0.166 seconds
[2025-05-20T03:00:04.928+0000] {processor.py:186} INFO - Started process (PID=835) to work on /home/airflow/.local/lib/python3.12/site-packages/airflow/example_dags/example_branch_operator_decorator.py
[2025-05-20T03:00:04.929+0000] {processor.py:914} INFO - Processing file /home/airflow/.local/lib/python3.12/site-packages/airflow/example_dags/example_branch_operator_decorator.py for tasks to queue
[2025-05-20T03:00:04.935+0000] {logging_mixin.py:190} INFO - [2025-05-20T03:00:04.934+0000] {dagbag.py:587} INFO - Filling up the DagBag from /home/airflow/.local/lib/python3.12/site-packages/airflow/example_dags/example_branch_operator_decorator.py
[2025-05-20T03:00:04.963+0000] {processor.py:925} INFO - DAG(s) 'example_branch_python_operator_decorator' retrieved from /home/airflow/.local/lib/python3.12/site-packages/airflow/example_dags/example_branch_operator_decorator.py
[2025-05-20T03:00:04.997+0000] {logging_mixin.py:190} INFO - [2025-05-20T03:00:04.996+0000] {dag.py:3229} INFO - Sync 1 DAGs
[2025-05-20T03:00:05.089+0000] {logging_mixin.py:190} INFO - [2025-05-20T03:00:05.089+0000] {dag.py:4156} INFO - Setting next_dagrun for example_branch_python_operator_decorator to 2025-05-19 00:00:00+00:00, run_after=2025-05-20 00:00:00+00:00
[2025-05-20T03:00:05.208+0000] {processor.py:208} INFO - Processing /home/airflow/.local/lib/python3.12/site-packages/airflow/example_dags/example_branch_operator_decorator.py took 0.283 seconds
[2025-05-20T03:00:35.881+0000] {processor.py:186} INFO - Started process (PID=898) to work on /home/airflow/.local/lib/python3.12/site-packages/airflow/example_dags/example_branch_operator_decorator.py
[2025-05-20T03:00:35.883+0000] {processor.py:914} INFO - Processing file /home/airflow/.local/lib/python3.12/site-packages/airflow/example_dags/example_branch_operator_decorator.py for tasks to queue
[2025-05-20T03:00:35.893+0000] {logging_mixin.py:190} INFO - [2025-05-20T03:00:35.893+0000] {dagbag.py:587} INFO - Filling up the DagBag from /home/airflow/.local/lib/python3.12/site-packages/airflow/example_dags/example_branch_operator_decorator.py
[2025-05-20T03:00:35.927+0000] {processor.py:925} INFO - DAG(s) 'example_branch_python_operator_decorator' retrieved from /home/airflow/.local/lib/python3.12/site-packages/airflow/example_dags/example_branch_operator_decorator.py
[2025-05-20T03:00:36.027+0000] {logging_mixin.py:190} INFO - [2025-05-20T03:00:36.025+0000] {dag.py:3229} INFO - Sync 1 DAGs
[2025-05-20T03:00:36.054+0000] {logging_mixin.py:190} INFO - [2025-05-20T03:00:36.054+0000] {dag.py:4156} INFO - Setting next_dagrun for example_branch_python_operator_decorator to 2025-05-19 00:00:00+00:00, run_after=2025-05-20 00:00:00+00:00
[2025-05-20T03:00:36.087+0000] {processor.py:208} INFO - Processing /home/airflow/.local/lib/python3.12/site-packages/airflow/example_dags/example_branch_operator_decorator.py took 0.212 seconds
[2025-05-20T03:01:06.563+0000] {processor.py:186} INFO - Started process (PID=960) to work on /home/airflow/.local/lib/python3.12/site-packages/airflow/example_dags/example_branch_operator_decorator.py
[2025-05-20T03:01:06.565+0000] {processor.py:914} INFO - Processing file /home/airflow/.local/lib/python3.12/site-packages/airflow/example_dags/example_branch_operator_decorator.py for tasks to queue
[2025-05-20T03:01:06.585+0000] {logging_mixin.py:190} INFO - [2025-05-20T03:01:06.584+0000] {dagbag.py:587} INFO - Filling up the DagBag from /home/airflow/.local/lib/python3.12/site-packages/airflow/example_dags/example_branch_operator_decorator.py
[2025-05-20T03:01:06.614+0000] {processor.py:925} INFO - DAG(s) 'example_branch_python_operator_decorator' retrieved from /home/airflow/.local/lib/python3.12/site-packages/airflow/example_dags/example_branch_operator_decorator.py
[2025-05-20T03:01:06.681+0000] {logging_mixin.py:190} INFO - [2025-05-20T03:01:06.681+0000] {dag.py:3229} INFO - Sync 1 DAGs
[2025-05-20T03:01:06.735+0000] {logging_mixin.py:190} INFO - [2025-05-20T03:01:06.735+0000] {dag.py:4156} INFO - Setting next_dagrun for example_branch_python_operator_decorator to 2025-05-19 00:00:00+00:00, run_after=2025-05-20 00:00:00+00:00
[2025-05-20T03:01:06.811+0000] {processor.py:208} INFO - Processing /home/airflow/.local/lib/python3.12/site-packages/airflow/example_dags/example_branch_operator_decorator.py took 0.254 seconds
[2025-05-20T03:01:37.491+0000] {processor.py:186} INFO - Started process (PID=1022) to work on /home/airflow/.local/lib/python3.12/site-packages/airflow/example_dags/example_branch_operator_decorator.py
[2025-05-20T03:01:37.493+0000] {processor.py:914} INFO - Processing file /home/airflow/.local/lib/python3.12/site-packages/airflow/example_dags/example_branch_operator_decorator.py for tasks to queue
[2025-05-20T03:01:37.502+0000] {logging_mixin.py:190} INFO - [2025-05-20T03:01:37.502+0000] {dagbag.py:587} INFO - Filling up the DagBag from /home/airflow/.local/lib/python3.12/site-packages/airflow/example_dags/example_branch_operator_decorator.py
[2025-05-20T03:01:37.529+0000] {processor.py:925} INFO - DAG(s) 'example_branch_python_operator_decorator' retrieved from /home/airflow/.local/lib/python3.12/site-packages/airflow/example_dags/example_branch_operator_decorator.py
[2025-05-20T03:01:37.596+0000] {logging_mixin.py:190} INFO - [2025-05-20T03:01:37.592+0000] {dag.py:3229} INFO - Sync 1 DAGs
[2025-05-20T03:01:37.647+0000] {logging_mixin.py:190} INFO - [2025-05-20T03:01:37.646+0000] {dag.py:4156} INFO - Setting next_dagrun for example_branch_python_operator_decorator to 2025-05-19 00:00:00+00:00, run_after=2025-05-20 00:00:00+00:00
[2025-05-20T03:01:37.732+0000] {processor.py:208} INFO - Processing /home/airflow/.local/lib/python3.12/site-packages/airflow/example_dags/example_branch_operator_decorator.py took 0.245 seconds
[2025-05-20T03:02:07.968+0000] {processor.py:186} INFO - Started process (PID=1085) to work on /home/airflow/.local/lib/python3.12/site-packages/airflow/example_dags/example_branch_operator_decorator.py
[2025-05-20T03:02:07.973+0000] {processor.py:914} INFO - Processing file /home/airflow/.local/lib/python3.12/site-packages/airflow/example_dags/example_branch_operator_decorator.py for tasks to queue
[2025-05-20T03:02:07.988+0000] {logging_mixin.py:190} INFO - [2025-05-20T03:02:07.980+0000] {dagbag.py:587} INFO - Filling up the DagBag from /home/airflow/.local/lib/python3.12/site-packages/airflow/example_dags/example_branch_operator_decorator.py
[2025-05-20T03:02:08.013+0000] {processor.py:925} INFO - DAG(s) 'example_branch_python_operator_decorator' retrieved from /home/airflow/.local/lib/python3.12/site-packages/airflow/example_dags/example_branch_operator_decorator.py
[2025-05-20T03:02:08.067+0000] {logging_mixin.py:190} INFO - [2025-05-20T03:02:08.063+0000] {dag.py:3229} INFO - Sync 1 DAGs
[2025-05-20T03:02:08.092+0000] {logging_mixin.py:190} INFO - [2025-05-20T03:02:08.092+0000] {dag.py:4156} INFO - Setting next_dagrun for example_branch_python_operator_decorator to 2025-05-19 00:00:00+00:00, run_after=2025-05-20 00:00:00+00:00
[2025-05-20T03:02:08.169+0000] {processor.py:208} INFO - Processing /home/airflow/.local/lib/python3.12/site-packages/airflow/example_dags/example_branch_operator_decorator.py took 0.206 seconds
[2025-05-20T03:02:38.971+0000] {processor.py:186} INFO - Started process (PID=1148) to work on /home/airflow/.local/lib/python3.12/site-packages/airflow/example_dags/example_branch_operator_decorator.py
[2025-05-20T03:02:38.979+0000] {processor.py:914} INFO - Processing file /home/airflow/.local/lib/python3.12/site-packages/airflow/example_dags/example_branch_operator_decorator.py for tasks to queue
[2025-05-20T03:02:38.991+0000] {logging_mixin.py:190} INFO - [2025-05-20T03:02:38.985+0000] {dagbag.py:587} INFO - Filling up the DagBag from /home/airflow/.local/lib/python3.12/site-packages/airflow/example_dags/example_branch_operator_decorator.py
[2025-05-20T03:02:39.030+0000] {processor.py:925} INFO - DAG(s) 'example_branch_python_operator_decorator' retrieved from /home/airflow/.local/lib/python3.12/site-packages/airflow/example_dags/example_branch_operator_decorator.py
[2025-05-20T03:02:39.064+0000] {logging_mixin.py:190} INFO - [2025-05-20T03:02:39.064+0000] {dag.py:3229} INFO - Sync 1 DAGs
[2025-05-20T03:02:39.129+0000] {logging_mixin.py:190} INFO - [2025-05-20T03:02:39.127+0000] {dag.py:4156} INFO - Setting next_dagrun for example_branch_python_operator_decorator to 2025-05-19 00:00:00+00:00, run_after=2025-05-20 00:00:00+00:00
[2025-05-20T03:02:39.195+0000] {processor.py:208} INFO - Processing /home/airflow/.local/lib/python3.12/site-packages/airflow/example_dags/example_branch_operator_decorator.py took 0.232 seconds
[2025-05-20T03:03:09.369+0000] {processor.py:186} INFO - Started process (PID=1210) to work on /home/airflow/.local/lib/python3.12/site-packages/airflow/example_dags/example_branch_operator_decorator.py
[2025-05-20T03:03:09.370+0000] {processor.py:914} INFO - Processing file /home/airflow/.local/lib/python3.12/site-packages/airflow/example_dags/example_branch_operator_decorator.py for tasks to queue
[2025-05-20T03:03:09.372+0000] {logging_mixin.py:190} INFO - [2025-05-20T03:03:09.372+0000] {dagbag.py:587} INFO - Filling up the DagBag from /home/airflow/.local/lib/python3.12/site-packages/airflow/example_dags/example_branch_operator_decorator.py
[2025-05-20T03:03:09.397+0000] {processor.py:925} INFO - DAG(s) 'example_branch_python_operator_decorator' retrieved from /home/airflow/.local/lib/python3.12/site-packages/airflow/example_dags/example_branch_operator_decorator.py
[2025-05-20T03:03:09.455+0000] {logging_mixin.py:190} INFO - [2025-05-20T03:03:09.454+0000] {dag.py:3229} INFO - Sync 1 DAGs
[2025-05-20T03:03:09.479+0000] {logging_mixin.py:190} INFO - [2025-05-20T03:03:09.479+0000] {dag.py:4156} INFO - Setting next_dagrun for example_branch_python_operator_decorator to 2025-05-19 00:00:00+00:00, run_after=2025-05-20 00:00:00+00:00
[2025-05-20T03:03:09.576+0000] {processor.py:208} INFO - Processing /home/airflow/.local/lib/python3.12/site-packages/airflow/example_dags/example_branch_operator_decorator.py took 0.212 seconds
[2025-05-20T03:03:40.337+0000] {processor.py:186} INFO - Started process (PID=1272) to work on /home/airflow/.local/lib/python3.12/site-packages/airflow/example_dags/example_branch_operator_decorator.py
[2025-05-20T03:03:40.339+0000] {processor.py:914} INFO - Processing file /home/airflow/.local/lib/python3.12/site-packages/airflow/example_dags/example_branch_operator_decorator.py for tasks to queue
[2025-05-20T03:03:40.361+0000] {logging_mixin.py:190} INFO - [2025-05-20T03:03:40.360+0000] {dagbag.py:587} INFO - Filling up the DagBag from /home/airflow/.local/lib/python3.12/site-packages/airflow/example_dags/example_branch_operator_decorator.py
[2025-05-20T03:03:40.405+0000] {processor.py:925} INFO - DAG(s) 'example_branch_python_operator_decorator' retrieved from /home/airflow/.local/lib/python3.12/site-packages/airflow/example_dags/example_branch_operator_decorator.py
[2025-05-20T03:03:40.467+0000] {logging_mixin.py:190} INFO - [2025-05-20T03:03:40.463+0000] {dag.py:3229} INFO - Sync 1 DAGs
[2025-05-20T03:03:40.549+0000] {logging_mixin.py:190} INFO - [2025-05-20T03:03:40.548+0000] {dag.py:4156} INFO - Setting next_dagrun for example_branch_python_operator_decorator to 2025-05-19 00:00:00+00:00, run_after=2025-05-20 00:00:00+00:00
[2025-05-20T03:03:40.584+0000] {processor.py:208} INFO - Processing /home/airflow/.local/lib/python3.12/site-packages/airflow/example_dags/example_branch_operator_decorator.py took 0.254 seconds
[2025-05-20T03:04:11.748+0000] {processor.py:186} INFO - Started process (PID=1335) to work on /home/airflow/.local/lib/python3.12/site-packages/airflow/example_dags/example_branch_operator_decorator.py
[2025-05-20T03:04:11.750+0000] {processor.py:914} INFO - Processing file /home/airflow/.local/lib/python3.12/site-packages/airflow/example_dags/example_branch_operator_decorator.py for tasks to queue
[2025-05-20T03:04:11.754+0000] {logging_mixin.py:190} INFO - [2025-05-20T03:04:11.754+0000] {dagbag.py:587} INFO - Filling up the DagBag from /home/airflow/.local/lib/python3.12/site-packages/airflow/example_dags/example_branch_operator_decorator.py
[2025-05-20T03:04:11.887+0000] {processor.py:925} INFO - DAG(s) 'example_branch_python_operator_decorator' retrieved from /home/airflow/.local/lib/python3.12/site-packages/airflow/example_dags/example_branch_operator_decorator.py
[2025-05-20T03:04:12.000+0000] {logging_mixin.py:190} INFO - [2025-05-20T03:04:11.998+0000] {dag.py:3229} INFO - Sync 1 DAGs
[2025-05-20T03:04:12.089+0000] {logging_mixin.py:190} INFO - [2025-05-20T03:04:12.089+0000] {dag.py:4156} INFO - Setting next_dagrun for example_branch_python_operator_decorator to 2025-05-19 00:00:00+00:00, run_after=2025-05-20 00:00:00+00:00
[2025-05-20T03:04:12.191+0000] {processor.py:208} INFO - Processing /home/airflow/.local/lib/python3.12/site-packages/airflow/example_dags/example_branch_operator_decorator.py took 0.451 seconds
[2025-05-20T03:04:42.255+0000] {processor.py:186} INFO - Started process (PID=1398) to work on /home/airflow/.local/lib/python3.12/site-packages/airflow/example_dags/example_branch_operator_decorator.py
[2025-05-20T03:04:42.256+0000] {processor.py:914} INFO - Processing file /home/airflow/.local/lib/python3.12/site-packages/airflow/example_dags/example_branch_operator_decorator.py for tasks to queue
[2025-05-20T03:04:42.259+0000] {logging_mixin.py:190} INFO - [2025-05-20T03:04:42.258+0000] {dagbag.py:587} INFO - Filling up the DagBag from /home/airflow/.local/lib/python3.12/site-packages/airflow/example_dags/example_branch_operator_decorator.py
[2025-05-20T03:04:42.294+0000] {processor.py:925} INFO - DAG(s) 'example_branch_python_operator_decorator' retrieved from /home/airflow/.local/lib/python3.12/site-packages/airflow/example_dags/example_branch_operator_decorator.py
[2025-05-20T03:04:42.360+0000] {logging_mixin.py:190} INFO - [2025-05-20T03:04:42.359+0000] {dag.py:3229} INFO - Sync 1 DAGs
[2025-05-20T03:04:42.407+0000] {logging_mixin.py:190} INFO - [2025-05-20T03:04:42.407+0000] {dag.py:4156} INFO - Setting next_dagrun for example_branch_python_operator_decorator to 2025-05-19 00:00:00+00:00, run_after=2025-05-20 00:00:00+00:00
[2025-05-20T03:04:42.464+0000] {processor.py:208} INFO - Processing /home/airflow/.local/lib/python3.12/site-packages/airflow/example_dags/example_branch_operator_decorator.py took 0.213 seconds
[2025-05-20T03:05:12.552+0000] {processor.py:186} INFO - Started process (PID=1461) to work on /home/airflow/.local/lib/python3.12/site-packages/airflow/example_dags/example_branch_operator_decorator.py
[2025-05-20T03:05:12.553+0000] {processor.py:914} INFO - Processing file /home/airflow/.local/lib/python3.12/site-packages/airflow/example_dags/example_branch_operator_decorator.py for tasks to queue
[2025-05-20T03:05:12.560+0000] {logging_mixin.py:190} INFO - [2025-05-20T03:05:12.558+0000] {dagbag.py:587} INFO - Filling up the DagBag from /home/airflow/.local/lib/python3.12/site-packages/airflow/example_dags/example_branch_operator_decorator.py
[2025-05-20T03:05:12.620+0000] {processor.py:925} INFO - DAG(s) 'example_branch_python_operator_decorator' retrieved from /home/airflow/.local/lib/python3.12/site-packages/airflow/example_dags/example_branch_operator_decorator.py
[2025-05-20T03:05:12.677+0000] {logging_mixin.py:190} INFO - [2025-05-20T03:05:12.676+0000] {dag.py:3229} INFO - Sync 1 DAGs
[2025-05-20T03:05:12.721+0000] {logging_mixin.py:190} INFO - [2025-05-20T03:05:12.720+0000] {dag.py:4156} INFO - Setting next_dagrun for example_branch_python_operator_decorator to 2025-05-19 00:00:00+00:00, run_after=2025-05-20 00:00:00+00:00
[2025-05-20T03:05:12.754+0000] {processor.py:208} INFO - Processing /home/airflow/.local/lib/python3.12/site-packages/airflow/example_dags/example_branch_operator_decorator.py took 0.208 seconds
[2025-05-20T03:05:43.781+0000] {processor.py:186} INFO - Started process (PID=1524) to work on /home/airflow/.local/lib/python3.12/site-packages/airflow/example_dags/example_branch_operator_decorator.py
[2025-05-20T03:05:43.782+0000] {processor.py:914} INFO - Processing file /home/airflow/.local/lib/python3.12/site-packages/airflow/example_dags/example_branch_operator_decorator.py for tasks to queue
[2025-05-20T03:05:43.787+0000] {logging_mixin.py:190} INFO - [2025-05-20T03:05:43.785+0000] {dagbag.py:587} INFO - Filling up the DagBag from /home/airflow/.local/lib/python3.12/site-packages/airflow/example_dags/example_branch_operator_decorator.py
[2025-05-20T03:05:43.828+0000] {processor.py:925} INFO - DAG(s) 'example_branch_python_operator_decorator' retrieved from /home/airflow/.local/lib/python3.12/site-packages/airflow/example_dags/example_branch_operator_decorator.py
[2025-05-20T03:05:43.903+0000] {logging_mixin.py:190} INFO - [2025-05-20T03:05:43.902+0000] {dag.py:3229} INFO - Sync 1 DAGs
[2025-05-20T03:05:43.957+0000] {logging_mixin.py:190} INFO - [2025-05-20T03:05:43.957+0000] {dag.py:4156} INFO - Setting next_dagrun for example_branch_python_operator_decorator to 2025-05-19 00:00:00+00:00, run_after=2025-05-20 00:00:00+00:00
[2025-05-20T03:05:44.028+0000] {processor.py:208} INFO - Processing /home/airflow/.local/lib/python3.12/site-packages/airflow/example_dags/example_branch_operator_decorator.py took 0.251 seconds
[2025-05-20T03:06:14.939+0000] {processor.py:186} INFO - Started process (PID=1587) to work on /home/airflow/.local/lib/python3.12/site-packages/airflow/example_dags/example_branch_operator_decorator.py
[2025-05-20T03:06:14.940+0000] {processor.py:914} INFO - Processing file /home/airflow/.local/lib/python3.12/site-packages/airflow/example_dags/example_branch_operator_decorator.py for tasks to queue
[2025-05-20T03:06:14.943+0000] {logging_mixin.py:190} INFO - [2025-05-20T03:06:14.943+0000] {dagbag.py:587} INFO - Filling up the DagBag from /home/airflow/.local/lib/python3.12/site-packages/airflow/example_dags/example_branch_operator_decorator.py
[2025-05-20T03:06:14.963+0000] {processor.py:925} INFO - DAG(s) 'example_branch_python_operator_decorator' retrieved from /home/airflow/.local/lib/python3.12/site-packages/airflow/example_dags/example_branch_operator_decorator.py
[2025-05-20T03:06:15.022+0000] {logging_mixin.py:190} INFO - [2025-05-20T03:06:15.022+0000] {dag.py:3229} INFO - Sync 1 DAGs
[2025-05-20T03:06:15.063+0000] {logging_mixin.py:190} INFO - [2025-05-20T03:06:15.061+0000] {dag.py:4156} INFO - Setting next_dagrun for example_branch_python_operator_decorator to 2025-05-19 00:00:00+00:00, run_after=2025-05-20 00:00:00+00:00
[2025-05-20T03:06:15.120+0000] {processor.py:208} INFO - Processing /home/airflow/.local/lib/python3.12/site-packages/airflow/example_dags/example_branch_operator_decorator.py took 0.185 seconds
[2025-05-20T03:06:45.947+0000] {processor.py:186} INFO - Started process (PID=1650) to work on /home/airflow/.local/lib/python3.12/site-packages/airflow/example_dags/example_branch_operator_decorator.py
[2025-05-20T03:06:45.950+0000] {processor.py:914} INFO - Processing file /home/airflow/.local/lib/python3.12/site-packages/airflow/example_dags/example_branch_operator_decorator.py for tasks to queue
[2025-05-20T03:06:45.953+0000] {logging_mixin.py:190} INFO - [2025-05-20T03:06:45.952+0000] {dagbag.py:587} INFO - Filling up the DagBag from /home/airflow/.local/lib/python3.12/site-packages/airflow/example_dags/example_branch_operator_decorator.py
[2025-05-20T03:06:45.978+0000] {processor.py:925} INFO - DAG(s) 'example_branch_python_operator_decorator' retrieved from /home/airflow/.local/lib/python3.12/site-packages/airflow/example_dags/example_branch_operator_decorator.py
[2025-05-20T03:06:46.049+0000] {logging_mixin.py:190} INFO - [2025-05-20T03:06:46.048+0000] {dag.py:3229} INFO - Sync 1 DAGs
[2025-05-20T03:06:46.105+0000] {logging_mixin.py:190} INFO - [2025-05-20T03:06:46.105+0000] {dag.py:4156} INFO - Setting next_dagrun for example_branch_python_operator_decorator to 2025-05-19 00:00:00+00:00, run_after=2025-05-20 00:00:00+00:00
[2025-05-20T03:06:46.174+0000] {processor.py:208} INFO - Processing /home/airflow/.local/lib/python3.12/site-packages/airflow/example_dags/example_branch_operator_decorator.py took 0.232 seconds
[2025-05-20T03:07:16.468+0000] {processor.py:186} INFO - Started process (PID=1713) to work on /home/airflow/.local/lib/python3.12/site-packages/airflow/example_dags/example_branch_operator_decorator.py
[2025-05-20T03:07:16.470+0000] {processor.py:914} INFO - Processing file /home/airflow/.local/lib/python3.12/site-packages/airflow/example_dags/example_branch_operator_decorator.py for tasks to queue
[2025-05-20T03:07:16.475+0000] {logging_mixin.py:190} INFO - [2025-05-20T03:07:16.475+0000] {dagbag.py:587} INFO - Filling up the DagBag from /home/airflow/.local/lib/python3.12/site-packages/airflow/example_dags/example_branch_operator_decorator.py
[2025-05-20T03:07:16.506+0000] {processor.py:925} INFO - DAG(s) 'example_branch_python_operator_decorator' retrieved from /home/airflow/.local/lib/python3.12/site-packages/airflow/example_dags/example_branch_operator_decorator.py
[2025-05-20T03:07:16.544+0000] {logging_mixin.py:190} INFO - [2025-05-20T03:07:16.543+0000] {dag.py:3229} INFO - Sync 1 DAGs
[2025-05-20T03:07:16.571+0000] {logging_mixin.py:190} INFO - [2025-05-20T03:07:16.571+0000] {dag.py:4156} INFO - Setting next_dagrun for example_branch_python_operator_decorator to 2025-05-19 00:00:00+00:00, run_after=2025-05-20 00:00:00+00:00
[2025-05-20T03:07:16.643+0000] {processor.py:208} INFO - Processing /home/airflow/.local/lib/python3.12/site-packages/airflow/example_dags/example_branch_operator_decorator.py took 0.180 seconds
[2025-05-20T03:07:48.060+0000] {processor.py:186} INFO - Started process (PID=1775) to work on /home/airflow/.local/lib/python3.12/site-packages/airflow/example_dags/example_branch_operator_decorator.py
[2025-05-20T03:07:48.062+0000] {processor.py:914} INFO - Processing file /home/airflow/.local/lib/python3.12/site-packages/airflow/example_dags/example_branch_operator_decorator.py for tasks to queue
[2025-05-20T03:07:48.071+0000] {logging_mixin.py:190} INFO - [2025-05-20T03:07:48.070+0000] {dagbag.py:587} INFO - Filling up the DagBag from /home/airflow/.local/lib/python3.12/site-packages/airflow/example_dags/example_branch_operator_decorator.py
[2025-05-20T03:07:48.095+0000] {processor.py:925} INFO - DAG(s) 'example_branch_python_operator_decorator' retrieved from /home/airflow/.local/lib/python3.12/site-packages/airflow/example_dags/example_branch_operator_decorator.py
[2025-05-20T03:07:48.143+0000] {logging_mixin.py:190} INFO - [2025-05-20T03:07:48.141+0000] {dag.py:3229} INFO - Sync 1 DAGs
[2025-05-20T03:07:48.178+0000] {logging_mixin.py:190} INFO - [2025-05-20T03:07:48.178+0000] {dag.py:4156} INFO - Setting next_dagrun for example_branch_python_operator_decorator to 2025-05-19 00:00:00+00:00, run_after=2025-05-20 00:00:00+00:00
[2025-05-20T03:07:48.254+0000] {processor.py:208} INFO - Processing /home/airflow/.local/lib/python3.12/site-packages/airflow/example_dags/example_branch_operator_decorator.py took 0.197 seconds
[2025-05-20T03:08:19.247+0000] {processor.py:186} INFO - Started process (PID=1837) to work on /home/airflow/.local/lib/python3.12/site-packages/airflow/example_dags/example_branch_operator_decorator.py
[2025-05-20T03:08:19.249+0000] {processor.py:914} INFO - Processing file /home/airflow/.local/lib/python3.12/site-packages/airflow/example_dags/example_branch_operator_decorator.py for tasks to queue
[2025-05-20T03:08:19.253+0000] {logging_mixin.py:190} INFO - [2025-05-20T03:08:19.252+0000] {dagbag.py:587} INFO - Filling up the DagBag from /home/airflow/.local/lib/python3.12/site-packages/airflow/example_dags/example_branch_operator_decorator.py
[2025-05-20T03:08:19.287+0000] {processor.py:925} INFO - DAG(s) 'example_branch_python_operator_decorator' retrieved from /home/airflow/.local/lib/python3.12/site-packages/airflow/example_dags/example_branch_operator_decorator.py
[2025-05-20T03:08:19.381+0000] {logging_mixin.py:190} INFO - [2025-05-20T03:08:19.381+0000] {dag.py:3229} INFO - Sync 1 DAGs
[2025-05-20T03:08:19.432+0000] {logging_mixin.py:190} INFO - [2025-05-20T03:08:19.432+0000] {dag.py:4156} INFO - Setting next_dagrun for example_branch_python_operator_decorator to 2025-05-19 00:00:00+00:00, run_after=2025-05-20 00:00:00+00:00
[2025-05-20T03:08:19.488+0000] {processor.py:208} INFO - Processing /home/airflow/.local/lib/python3.12/site-packages/airflow/example_dags/example_branch_operator_decorator.py took 0.248 seconds
[2025-05-20T03:08:50.084+0000] {processor.py:186} INFO - Started process (PID=1900) to work on /home/airflow/.local/lib/python3.12/site-packages/airflow/example_dags/example_branch_operator_decorator.py
[2025-05-20T03:08:50.085+0000] {processor.py:914} INFO - Processing file /home/airflow/.local/lib/python3.12/site-packages/airflow/example_dags/example_branch_operator_decorator.py for tasks to queue
[2025-05-20T03:08:50.089+0000] {logging_mixin.py:190} INFO - [2025-05-20T03:08:50.088+0000] {dagbag.py:587} INFO - Filling up the DagBag from /home/airflow/.local/lib/python3.12/site-packages/airflow/example_dags/example_branch_operator_decorator.py
[2025-05-20T03:08:50.126+0000] {processor.py:925} INFO - DAG(s) 'example_branch_python_operator_decorator' retrieved from /home/airflow/.local/lib/python3.12/site-packages/airflow/example_dags/example_branch_operator_decorator.py
[2025-05-20T03:08:50.194+0000] {logging_mixin.py:190} INFO - [2025-05-20T03:08:50.192+0000] {dag.py:3229} INFO - Sync 1 DAGs
[2025-05-20T03:08:50.257+0000] {logging_mixin.py:190} INFO - [2025-05-20T03:08:50.256+0000] {dag.py:4156} INFO - Setting next_dagrun for example_branch_python_operator_decorator to 2025-05-19 00:00:00+00:00, run_after=2025-05-20 00:00:00+00:00
[2025-05-20T03:08:50.364+0000] {processor.py:208} INFO - Processing /home/airflow/.local/lib/python3.12/site-packages/airflow/example_dags/example_branch_operator_decorator.py took 0.285 seconds
[2025-05-20T03:09:20.673+0000] {processor.py:186} INFO - Started process (PID=1965) to work on /home/airflow/.local/lib/python3.12/site-packages/airflow/example_dags/example_branch_operator_decorator.py
[2025-05-20T03:09:20.675+0000] {processor.py:914} INFO - Processing file /home/airflow/.local/lib/python3.12/site-packages/airflow/example_dags/example_branch_operator_decorator.py for tasks to queue
[2025-05-20T03:09:20.682+0000] {logging_mixin.py:190} INFO - [2025-05-20T03:09:20.681+0000] {dagbag.py:587} INFO - Filling up the DagBag from /home/airflow/.local/lib/python3.12/site-packages/airflow/example_dags/example_branch_operator_decorator.py
[2025-05-20T03:09:20.706+0000] {processor.py:925} INFO - DAG(s) 'example_branch_python_operator_decorator' retrieved from /home/airflow/.local/lib/python3.12/site-packages/airflow/example_dags/example_branch_operator_decorator.py
[2025-05-20T03:09:20.764+0000] {logging_mixin.py:190} INFO - [2025-05-20T03:09:20.764+0000] {dag.py:3229} INFO - Sync 1 DAGs
[2025-05-20T03:09:20.820+0000] {logging_mixin.py:190} INFO - [2025-05-20T03:09:20.819+0000] {dag.py:4156} INFO - Setting next_dagrun for example_branch_python_operator_decorator to 2025-05-19 00:00:00+00:00, run_after=2025-05-20 00:00:00+00:00
[2025-05-20T03:09:20.854+0000] {processor.py:208} INFO - Processing /home/airflow/.local/lib/python3.12/site-packages/airflow/example_dags/example_branch_operator_decorator.py took 0.185 seconds
[2025-05-20T03:09:51.993+0000] {processor.py:186} INFO - Started process (PID=2027) to work on /home/airflow/.local/lib/python3.12/site-packages/airflow/example_dags/example_branch_operator_decorator.py
[2025-05-20T03:09:51.995+0000] {processor.py:914} INFO - Processing file /home/airflow/.local/lib/python3.12/site-packages/airflow/example_dags/example_branch_operator_decorator.py for tasks to queue
[2025-05-20T03:09:52.002+0000] {logging_mixin.py:190} INFO - [2025-05-20T03:09:52.002+0000] {dagbag.py:587} INFO - Filling up the DagBag from /home/airflow/.local/lib/python3.12/site-packages/airflow/example_dags/example_branch_operator_decorator.py
[2025-05-20T03:09:52.043+0000] {processor.py:925} INFO - DAG(s) 'example_branch_python_operator_decorator' retrieved from /home/airflow/.local/lib/python3.12/site-packages/airflow/example_dags/example_branch_operator_decorator.py
[2025-05-20T03:09:52.100+0000] {logging_mixin.py:190} INFO - [2025-05-20T03:09:52.099+0000] {dag.py:3229} INFO - Sync 1 DAGs
[2025-05-20T03:09:52.157+0000] {logging_mixin.py:190} INFO - [2025-05-20T03:09:52.157+0000] {dag.py:4156} INFO - Setting next_dagrun for example_branch_python_operator_decorator to 2025-05-19 00:00:00+00:00, run_after=2025-05-20 00:00:00+00:00
[2025-05-20T03:09:52.236+0000] {processor.py:208} INFO - Processing /home/airflow/.local/lib/python3.12/site-packages/airflow/example_dags/example_branch_operator_decorator.py took 0.264 seconds
[2025-05-20T03:10:23.168+0000] {processor.py:186} INFO - Started process (PID=2090) to work on /home/airflow/.local/lib/python3.12/site-packages/airflow/example_dags/example_branch_operator_decorator.py
[2025-05-20T03:10:23.170+0000] {processor.py:914} INFO - Processing file /home/airflow/.local/lib/python3.12/site-packages/airflow/example_dags/example_branch_operator_decorator.py for tasks to queue
[2025-05-20T03:10:23.172+0000] {logging_mixin.py:190} INFO - [2025-05-20T03:10:23.172+0000] {dagbag.py:587} INFO - Filling up the DagBag from /home/airflow/.local/lib/python3.12/site-packages/airflow/example_dags/example_branch_operator_decorator.py
[2025-05-20T03:10:23.246+0000] {processor.py:925} INFO - DAG(s) 'example_branch_python_operator_decorator' retrieved from /home/airflow/.local/lib/python3.12/site-packages/airflow/example_dags/example_branch_operator_decorator.py
[2025-05-20T03:10:23.341+0000] {logging_mixin.py:190} INFO - [2025-05-20T03:10:23.339+0000] {dag.py:3229} INFO - Sync 1 DAGs
[2025-05-20T03:10:23.390+0000] {logging_mixin.py:190} INFO - [2025-05-20T03:10:23.389+0000] {dag.py:4156} INFO - Setting next_dagrun for example_branch_python_operator_decorator to 2025-05-19 00:00:00+00:00, run_after=2025-05-20 00:00:00+00:00
[2025-05-20T03:10:23.443+0000] {processor.py:208} INFO - Processing /home/airflow/.local/lib/python3.12/site-packages/airflow/example_dags/example_branch_operator_decorator.py took 0.278 seconds
[2025-05-20T03:10:53.714+0000] {processor.py:186} INFO - Started process (PID=2153) to work on /home/airflow/.local/lib/python3.12/site-packages/airflow/example_dags/example_branch_operator_decorator.py
[2025-05-20T03:10:53.716+0000] {processor.py:914} INFO - Processing file /home/airflow/.local/lib/python3.12/site-packages/airflow/example_dags/example_branch_operator_decorator.py for tasks to queue
[2025-05-20T03:10:53.724+0000] {logging_mixin.py:190} INFO - [2025-05-20T03:10:53.723+0000] {dagbag.py:587} INFO - Filling up the DagBag from /home/airflow/.local/lib/python3.12/site-packages/airflow/example_dags/example_branch_operator_decorator.py
[2025-05-20T03:10:53.756+0000] {processor.py:925} INFO - DAG(s) 'example_branch_python_operator_decorator' retrieved from /home/airflow/.local/lib/python3.12/site-packages/airflow/example_dags/example_branch_operator_decorator.py
[2025-05-20T03:10:53.819+0000] {logging_mixin.py:190} INFO - [2025-05-20T03:10:53.818+0000] {dag.py:3229} INFO - Sync 1 DAGs
[2025-05-20T03:10:53.875+0000] {logging_mixin.py:190} INFO - [2025-05-20T03:10:53.875+0000] {dag.py:4156} INFO - Setting next_dagrun for example_branch_python_operator_decorator to 2025-05-19 00:00:00+00:00, run_after=2025-05-20 00:00:00+00:00
[2025-05-20T03:10:53.950+0000] {processor.py:208} INFO - Processing /home/airflow/.local/lib/python3.12/site-packages/airflow/example_dags/example_branch_operator_decorator.py took 0.242 seconds
[2025-05-20T03:11:24.194+0000] {processor.py:186} INFO - Started process (PID=2216) to work on /home/airflow/.local/lib/python3.12/site-packages/airflow/example_dags/example_branch_operator_decorator.py
[2025-05-20T03:11:24.196+0000] {processor.py:914} INFO - Processing file /home/airflow/.local/lib/python3.12/site-packages/airflow/example_dags/example_branch_operator_decorator.py for tasks to queue
[2025-05-20T03:11:24.202+0000] {logging_mixin.py:190} INFO - [2025-05-20T03:11:24.202+0000] {dagbag.py:587} INFO - Filling up the DagBag from /home/airflow/.local/lib/python3.12/site-packages/airflow/example_dags/example_branch_operator_decorator.py
[2025-05-20T03:11:24.269+0000] {processor.py:925} INFO - DAG(s) 'example_branch_python_operator_decorator' retrieved from /home/airflow/.local/lib/python3.12/site-packages/airflow/example_dags/example_branch_operator_decorator.py
[2025-05-20T03:11:24.318+0000] {logging_mixin.py:190} INFO - [2025-05-20T03:11:24.318+0000] {dag.py:3229} INFO - Sync 1 DAGs
[2025-05-20T03:11:24.355+0000] {logging_mixin.py:190} INFO - [2025-05-20T03:11:24.355+0000] {dag.py:4156} INFO - Setting next_dagrun for example_branch_python_operator_decorator to 2025-05-19 00:00:00+00:00, run_after=2025-05-20 00:00:00+00:00
[2025-05-20T03:11:24.414+0000] {processor.py:208} INFO - Processing /home/airflow/.local/lib/python3.12/site-packages/airflow/example_dags/example_branch_operator_decorator.py took 0.223 seconds
