[2025-05-20T02:50:53.016+0000] {processor.py:186} INFO - Started process (PID=82) to work on /home/airflow/.local/lib/python3.12/site-packages/airflow/example_dags/example_dag_decorator.py
[2025-05-20T02:50:53.023+0000] {processor.py:914} INFO - Processing file /home/airflow/.local/lib/python3.12/site-packages/airflow/example_dags/example_dag_decorator.py for tasks to queue
[2025-05-20T02:50:53.036+0000] {logging_mixin.py:190} INFO - [2025-05-20T02:50:53.035+0000] {dagbag.py:587} INFO - Filling up the DagBag from /home/airflow/.local/lib/python3.12/site-packages/airflow/example_dags/example_dag_decorator.py
[2025-05-20T02:50:53.063+0000] {processor.py:925} INFO - DAG(s) 'example_dag_decorator' retrieved from /home/airflow/.local/lib/python3.12/site-packages/airflow/example_dags/example_dag_decorator.py
[2025-05-20T02:50:53.242+0000] {logging_mixin.py:190} INFO - [2025-05-20T02:50:53.240+0000] {override.py:1900} INFO - Created Permission View: can read on DAG:example_dag_decorator
[2025-05-20T02:50:53.266+0000] {logging_mixin.py:190} INFO - [2025-05-20T02:50:53.266+0000] {override.py:1900} INFO - Created Permission View: can delete on DAG:example_dag_decorator
[2025-05-20T02:50:53.295+0000] {logging_mixin.py:190} INFO - [2025-05-20T02:50:53.289+0000] {override.py:1900} INFO - Created Permission View: can edit on DAG:example_dag_decorator
[2025-05-20T02:50:53.322+0000] {logging_mixin.py:190} INFO - [2025-05-20T02:50:53.321+0000] {override.py:1900} INFO - Created Permission View: can read on DAG Run:example_dag_decorator
[2025-05-20T02:50:53.334+0000] {logging_mixin.py:190} INFO - [2025-05-20T02:50:53.334+0000] {override.py:1900} INFO - Created Permission View: can delete on DAG Run:example_dag_decorator
[2025-05-20T02:50:53.347+0000] {logging_mixin.py:190} INFO - [2025-05-20T02:50:53.345+0000] {override.py:1900} INFO - Created Permission View: can create on DAG Run:example_dag_decorator
[2025-05-20T02:50:53.361+0000] {logging_mixin.py:190} INFO - [2025-05-20T02:50:53.360+0000] {override.py:1900} INFO - Created Permission View: menu access on DAG Run:example_dag_decorator
[2025-05-20T02:50:53.361+0000] {logging_mixin.py:190} INFO - [2025-05-20T02:50:53.361+0000] {dag.py:3229} INFO - Sync 1 DAGs
[2025-05-20T02:50:53.379+0000] {logging_mixin.py:190} INFO - [2025-05-20T02:50:53.379+0000] {dag.py:3252} INFO - Creating ORM DAG for example_dag_decorator
[2025-05-20T02:50:53.379+0000] {logging_mixin.py:190} INFO - [2025-05-20T02:50:53.379+0000] {dag.py:4156} INFO - Setting next_dagrun for example_dag_decorator to None, run_after=None
[2025-05-20T02:50:53.402+0000] {processor.py:208} INFO - Processing /home/airflow/.local/lib/python3.12/site-packages/airflow/example_dags/example_dag_decorator.py took 0.420 seconds
[2025-05-20T02:51:23.727+0000] {processor.py:186} INFO - Started process (PID=144) to work on /home/airflow/.local/lib/python3.12/site-packages/airflow/example_dags/example_dag_decorator.py
[2025-05-20T02:51:23.730+0000] {processor.py:914} INFO - Processing file /home/airflow/.local/lib/python3.12/site-packages/airflow/example_dags/example_dag_decorator.py for tasks to queue
[2025-05-20T02:51:23.740+0000] {logging_mixin.py:190} INFO - [2025-05-20T02:51:23.736+0000] {dagbag.py:587} INFO - Filling up the DagBag from /home/airflow/.local/lib/python3.12/site-packages/airflow/example_dags/example_dag_decorator.py
[2025-05-20T02:51:23.787+0000] {processor.py:925} INFO - DAG(s) 'example_dag_decorator' retrieved from /home/airflow/.local/lib/python3.12/site-packages/airflow/example_dags/example_dag_decorator.py
[2025-05-20T02:51:24.090+0000] {logging_mixin.py:190} INFO - [2025-05-20T02:51:24.090+0000] {dag.py:3229} INFO - Sync 1 DAGs
[2025-05-20T02:51:24.105+0000] {logging_mixin.py:190} INFO - [2025-05-20T02:51:24.105+0000] {dag.py:4156} INFO - Setting next_dagrun for example_dag_decorator to None, run_after=None
[2025-05-20T02:51:24.134+0000] {processor.py:208} INFO - Processing /home/airflow/.local/lib/python3.12/site-packages/airflow/example_dags/example_dag_decorator.py took 0.414 seconds
[2025-05-20T02:51:54.187+0000] {processor.py:186} INFO - Started process (PID=207) to work on /home/airflow/.local/lib/python3.12/site-packages/airflow/example_dags/example_dag_decorator.py
[2025-05-20T02:51:54.189+0000] {processor.py:914} INFO - Processing file /home/airflow/.local/lib/python3.12/site-packages/airflow/example_dags/example_dag_decorator.py for tasks to queue
[2025-05-20T02:51:54.194+0000] {logging_mixin.py:190} INFO - [2025-05-20T02:51:54.193+0000] {dagbag.py:587} INFO - Filling up the DagBag from /home/airflow/.local/lib/python3.12/site-packages/airflow/example_dags/example_dag_decorator.py
[2025-05-20T02:51:54.225+0000] {processor.py:925} INFO - DAG(s) 'example_dag_decorator' retrieved from /home/airflow/.local/lib/python3.12/site-packages/airflow/example_dags/example_dag_decorator.py
[2025-05-20T02:51:54.467+0000] {logging_mixin.py:190} INFO - [2025-05-20T02:51:54.466+0000] {dag.py:3229} INFO - Sync 1 DAGs
[2025-05-20T02:51:54.525+0000] {logging_mixin.py:190} INFO - [2025-05-20T02:51:54.524+0000] {dag.py:4156} INFO - Setting next_dagrun for example_dag_decorator to None, run_after=None
[2025-05-20T02:51:54.597+0000] {processor.py:208} INFO - Processing /home/airflow/.local/lib/python3.12/site-packages/airflow/example_dags/example_dag_decorator.py took 0.416 seconds
[2025-05-20T02:53:56.998+0000] {processor.py:186} INFO - Started process (PID=83) to work on /home/airflow/.local/lib/python3.12/site-packages/airflow/example_dags/example_dag_decorator.py
[2025-05-20T02:53:57.001+0000] {processor.py:914} INFO - Processing file /home/airflow/.local/lib/python3.12/site-packages/airflow/example_dags/example_dag_decorator.py for tasks to queue
[2025-05-20T02:53:57.013+0000] {logging_mixin.py:190} INFO - [2025-05-20T02:53:57.013+0000] {dagbag.py:587} INFO - Filling up the DagBag from /home/airflow/.local/lib/python3.12/site-packages/airflow/example_dags/example_dag_decorator.py
[2025-05-20T02:53:57.066+0000] {processor.py:925} INFO - DAG(s) 'example_dag_decorator' retrieved from /home/airflow/.local/lib/python3.12/site-packages/airflow/example_dags/example_dag_decorator.py
[2025-05-20T02:53:57.298+0000] {logging_mixin.py:190} INFO - [2025-05-20T02:53:57.298+0000] {dag.py:3229} INFO - Sync 1 DAGs
[2025-05-20T02:53:57.317+0000] {logging_mixin.py:190} INFO - [2025-05-20T02:53:57.317+0000] {dag.py:4156} INFO - Setting next_dagrun for example_dag_decorator to None, run_after=None
[2025-05-20T02:53:57.361+0000] {processor.py:208} INFO - Processing /home/airflow/.local/lib/python3.12/site-packages/airflow/example_dags/example_dag_decorator.py took 0.368 seconds
[2025-05-20T02:54:28.267+0000] {processor.py:186} INFO - Started process (PID=146) to work on /home/airflow/.local/lib/python3.12/site-packages/airflow/example_dags/example_dag_decorator.py
[2025-05-20T02:54:28.268+0000] {processor.py:914} INFO - Processing file /home/airflow/.local/lib/python3.12/site-packages/airflow/example_dags/example_dag_decorator.py for tasks to queue
[2025-05-20T02:54:28.272+0000] {logging_mixin.py:190} INFO - [2025-05-20T02:54:28.271+0000] {dagbag.py:587} INFO - Filling up the DagBag from /home/airflow/.local/lib/python3.12/site-packages/airflow/example_dags/example_dag_decorator.py
[2025-05-20T02:54:28.300+0000] {processor.py:925} INFO - DAG(s) 'example_dag_decorator' retrieved from /home/airflow/.local/lib/python3.12/site-packages/airflow/example_dags/example_dag_decorator.py
[2025-05-20T02:54:28.522+0000] {logging_mixin.py:190} INFO - [2025-05-20T02:54:28.522+0000] {dag.py:3229} INFO - Sync 1 DAGs
[2025-05-20T02:54:28.565+0000] {logging_mixin.py:190} INFO - [2025-05-20T02:54:28.565+0000] {dag.py:4156} INFO - Setting next_dagrun for example_dag_decorator to None, run_after=None
[2025-05-20T02:54:28.615+0000] {processor.py:208} INFO - Processing /home/airflow/.local/lib/python3.12/site-packages/airflow/example_dags/example_dag_decorator.py took 0.352 seconds
[2025-05-20T02:54:58.675+0000] {processor.py:186} INFO - Started process (PID=209) to work on /home/airflow/.local/lib/python3.12/site-packages/airflow/example_dags/example_dag_decorator.py
[2025-05-20T02:54:58.677+0000] {processor.py:914} INFO - Processing file /home/airflow/.local/lib/python3.12/site-packages/airflow/example_dags/example_dag_decorator.py for tasks to queue
[2025-05-20T02:54:58.687+0000] {logging_mixin.py:190} INFO - [2025-05-20T02:54:58.686+0000] {dagbag.py:587} INFO - Filling up the DagBag from /home/airflow/.local/lib/python3.12/site-packages/airflow/example_dags/example_dag_decorator.py
[2025-05-20T02:54:58.708+0000] {processor.py:925} INFO - DAG(s) 'example_dag_decorator' retrieved from /home/airflow/.local/lib/python3.12/site-packages/airflow/example_dags/example_dag_decorator.py
[2025-05-20T02:54:58.871+0000] {logging_mixin.py:190} INFO - [2025-05-20T02:54:58.870+0000] {dag.py:3229} INFO - Sync 1 DAGs
[2025-05-20T02:54:58.892+0000] {logging_mixin.py:190} INFO - [2025-05-20T02:54:58.892+0000] {dag.py:4156} INFO - Setting next_dagrun for example_dag_decorator to None, run_after=None
[2025-05-20T02:54:58.922+0000] {processor.py:208} INFO - Processing /home/airflow/.local/lib/python3.12/site-packages/airflow/example_dags/example_dag_decorator.py took 0.251 seconds
[2025-05-20T02:55:29.414+0000] {processor.py:186} INFO - Started process (PID=272) to work on /home/airflow/.local/lib/python3.12/site-packages/airflow/example_dags/example_dag_decorator.py
[2025-05-20T02:55:29.415+0000] {processor.py:914} INFO - Processing file /home/airflow/.local/lib/python3.12/site-packages/airflow/example_dags/example_dag_decorator.py for tasks to queue
[2025-05-20T02:55:29.417+0000] {logging_mixin.py:190} INFO - [2025-05-20T02:55:29.417+0000] {dagbag.py:587} INFO - Filling up the DagBag from /home/airflow/.local/lib/python3.12/site-packages/airflow/example_dags/example_dag_decorator.py
[2025-05-20T02:55:29.459+0000] {processor.py:925} INFO - DAG(s) 'example_dag_decorator' retrieved from /home/airflow/.local/lib/python3.12/site-packages/airflow/example_dags/example_dag_decorator.py
[2025-05-20T02:55:29.517+0000] {logging_mixin.py:190} INFO - [2025-05-20T02:55:29.517+0000] {dag.py:3229} INFO - Sync 1 DAGs
[2025-05-20T02:55:29.550+0000] {logging_mixin.py:190} INFO - [2025-05-20T02:55:29.549+0000] {dag.py:4156} INFO - Setting next_dagrun for example_dag_decorator to None, run_after=None
[2025-05-20T02:55:29.625+0000] {processor.py:208} INFO - Processing /home/airflow/.local/lib/python3.12/site-packages/airflow/example_dags/example_dag_decorator.py took 0.215 seconds
[2025-05-20T02:56:00.405+0000] {processor.py:186} INFO - Started process (PID=335) to work on /home/airflow/.local/lib/python3.12/site-packages/airflow/example_dags/example_dag_decorator.py
[2025-05-20T02:56:00.407+0000] {processor.py:914} INFO - Processing file /home/airflow/.local/lib/python3.12/site-packages/airflow/example_dags/example_dag_decorator.py for tasks to queue
[2025-05-20T02:56:00.410+0000] {logging_mixin.py:190} INFO - [2025-05-20T02:56:00.410+0000] {dagbag.py:587} INFO - Filling up the DagBag from /home/airflow/.local/lib/python3.12/site-packages/airflow/example_dags/example_dag_decorator.py
[2025-05-20T02:56:00.435+0000] {processor.py:925} INFO - DAG(s) 'example_dag_decorator' retrieved from /home/airflow/.local/lib/python3.12/site-packages/airflow/example_dags/example_dag_decorator.py
[2025-05-20T02:56:00.666+0000] {logging_mixin.py:190} INFO - [2025-05-20T02:56:00.665+0000] {dag.py:3229} INFO - Sync 1 DAGs
[2025-05-20T02:56:00.690+0000] {logging_mixin.py:190} INFO - [2025-05-20T02:56:00.687+0000] {dag.py:4156} INFO - Setting next_dagrun for example_dag_decorator to None, run_after=None
[2025-05-20T02:56:00.779+0000] {processor.py:208} INFO - Processing /home/airflow/.local/lib/python3.12/site-packages/airflow/example_dags/example_dag_decorator.py took 0.377 seconds
[2025-05-20T02:56:31.273+0000] {processor.py:186} INFO - Started process (PID=398) to work on /home/airflow/.local/lib/python3.12/site-packages/airflow/example_dags/example_dag_decorator.py
[2025-05-20T02:56:31.277+0000] {processor.py:914} INFO - Processing file /home/airflow/.local/lib/python3.12/site-packages/airflow/example_dags/example_dag_decorator.py for tasks to queue
[2025-05-20T02:56:31.282+0000] {logging_mixin.py:190} INFO - [2025-05-20T02:56:31.281+0000] {dagbag.py:587} INFO - Filling up the DagBag from /home/airflow/.local/lib/python3.12/site-packages/airflow/example_dags/example_dag_decorator.py
[2025-05-20T02:56:31.323+0000] {processor.py:925} INFO - DAG(s) 'example_dag_decorator' retrieved from /home/airflow/.local/lib/python3.12/site-packages/airflow/example_dags/example_dag_decorator.py
[2025-05-20T02:56:31.516+0000] {logging_mixin.py:190} INFO - [2025-05-20T02:56:31.514+0000] {dag.py:3229} INFO - Sync 1 DAGs
[2025-05-20T02:56:31.547+0000] {logging_mixin.py:190} INFO - [2025-05-20T02:56:31.547+0000] {dag.py:4156} INFO - Setting next_dagrun for example_dag_decorator to None, run_after=None
[2025-05-20T02:56:31.585+0000] {processor.py:208} INFO - Processing /home/airflow/.local/lib/python3.12/site-packages/airflow/example_dags/example_dag_decorator.py took 0.317 seconds
[2025-05-20T02:57:01.839+0000] {processor.py:186} INFO - Started process (PID=461) to work on /home/airflow/.local/lib/python3.12/site-packages/airflow/example_dags/example_dag_decorator.py
[2025-05-20T02:57:01.843+0000] {processor.py:914} INFO - Processing file /home/airflow/.local/lib/python3.12/site-packages/airflow/example_dags/example_dag_decorator.py for tasks to queue
[2025-05-20T02:57:01.852+0000] {logging_mixin.py:190} INFO - [2025-05-20T02:57:01.851+0000] {dagbag.py:587} INFO - Filling up the DagBag from /home/airflow/.local/lib/python3.12/site-packages/airflow/example_dags/example_dag_decorator.py
[2025-05-20T02:57:01.864+0000] {processor.py:925} INFO - DAG(s) 'example_dag_decorator' retrieved from /home/airflow/.local/lib/python3.12/site-packages/airflow/example_dags/example_dag_decorator.py
[2025-05-20T02:57:02.069+0000] {logging_mixin.py:190} INFO - [2025-05-20T02:57:02.068+0000] {dag.py:3229} INFO - Sync 1 DAGs
[2025-05-20T02:57:02.122+0000] {logging_mixin.py:190} INFO - [2025-05-20T02:57:02.121+0000] {dag.py:4156} INFO - Setting next_dagrun for example_dag_decorator to None, run_after=None
[2025-05-20T02:57:02.172+0000] {processor.py:208} INFO - Processing /home/airflow/.local/lib/python3.12/site-packages/airflow/example_dags/example_dag_decorator.py took 0.337 seconds
[2025-05-20T02:57:32.788+0000] {processor.py:186} INFO - Started process (PID=524) to work on /home/airflow/.local/lib/python3.12/site-packages/airflow/example_dags/example_dag_decorator.py
[2025-05-20T02:57:32.791+0000] {processor.py:914} INFO - Processing file /home/airflow/.local/lib/python3.12/site-packages/airflow/example_dags/example_dag_decorator.py for tasks to queue
[2025-05-20T02:57:32.793+0000] {logging_mixin.py:190} INFO - [2025-05-20T02:57:32.793+0000] {dagbag.py:587} INFO - Filling up the DagBag from /home/airflow/.local/lib/python3.12/site-packages/airflow/example_dags/example_dag_decorator.py
[2025-05-20T02:57:32.820+0000] {processor.py:925} INFO - DAG(s) 'example_dag_decorator' retrieved from /home/airflow/.local/lib/python3.12/site-packages/airflow/example_dags/example_dag_decorator.py
[2025-05-20T02:57:33.017+0000] {logging_mixin.py:190} INFO - [2025-05-20T02:57:33.016+0000] {dag.py:3229} INFO - Sync 1 DAGs
[2025-05-20T02:57:33.034+0000] {logging_mixin.py:190} INFO - [2025-05-20T02:57:33.034+0000] {dag.py:4156} INFO - Setting next_dagrun for example_dag_decorator to None, run_after=None
[2025-05-20T02:57:33.105+0000] {processor.py:208} INFO - Processing /home/airflow/.local/lib/python3.12/site-packages/airflow/example_dags/example_dag_decorator.py took 0.321 seconds
[2025-05-20T02:58:03.371+0000] {processor.py:186} INFO - Started process (PID=587) to work on /home/airflow/.local/lib/python3.12/site-packages/airflow/example_dags/example_dag_decorator.py
[2025-05-20T02:58:03.373+0000] {processor.py:914} INFO - Processing file /home/airflow/.local/lib/python3.12/site-packages/airflow/example_dags/example_dag_decorator.py for tasks to queue
[2025-05-20T02:58:03.379+0000] {logging_mixin.py:190} INFO - [2025-05-20T02:58:03.375+0000] {dagbag.py:587} INFO - Filling up the DagBag from /home/airflow/.local/lib/python3.12/site-packages/airflow/example_dags/example_dag_decorator.py
[2025-05-20T02:58:03.397+0000] {processor.py:925} INFO - DAG(s) 'example_dag_decorator' retrieved from /home/airflow/.local/lib/python3.12/site-packages/airflow/example_dags/example_dag_decorator.py
[2025-05-20T02:58:03.645+0000] {logging_mixin.py:190} INFO - [2025-05-20T02:58:03.645+0000] {dag.py:3229} INFO - Sync 1 DAGs
[2025-05-20T02:58:03.660+0000] {logging_mixin.py:190} INFO - [2025-05-20T02:58:03.660+0000] {dag.py:4156} INFO - Setting next_dagrun for example_dag_decorator to None, run_after=None
[2025-05-20T02:58:03.744+0000] {processor.py:208} INFO - Processing /home/airflow/.local/lib/python3.12/site-packages/airflow/example_dags/example_dag_decorator.py took 0.376 seconds
[2025-05-20T02:58:33.872+0000] {processor.py:186} INFO - Started process (PID=651) to work on /home/airflow/.local/lib/python3.12/site-packages/airflow/example_dags/example_dag_decorator.py
[2025-05-20T02:58:33.873+0000] {processor.py:914} INFO - Processing file /home/airflow/.local/lib/python3.12/site-packages/airflow/example_dags/example_dag_decorator.py for tasks to queue
[2025-05-20T02:58:33.888+0000] {logging_mixin.py:190} INFO - [2025-05-20T02:58:33.887+0000] {dagbag.py:587} INFO - Filling up the DagBag from /home/airflow/.local/lib/python3.12/site-packages/airflow/example_dags/example_dag_decorator.py
[2025-05-20T02:58:33.903+0000] {processor.py:925} INFO - DAG(s) 'example_dag_decorator' retrieved from /home/airflow/.local/lib/python3.12/site-packages/airflow/example_dags/example_dag_decorator.py
[2025-05-20T02:58:34.051+0000] {logging_mixin.py:190} INFO - [2025-05-20T02:58:34.050+0000] {dag.py:3229} INFO - Sync 1 DAGs
[2025-05-20T02:58:34.105+0000] {logging_mixin.py:190} INFO - [2025-05-20T02:58:34.105+0000] {dag.py:4156} INFO - Setting next_dagrun for example_dag_decorator to None, run_after=None
[2025-05-20T02:58:34.166+0000] {processor.py:208} INFO - Processing /home/airflow/.local/lib/python3.12/site-packages/airflow/example_dags/example_dag_decorator.py took 0.298 seconds
[2025-05-20T02:59:04.721+0000] {processor.py:186} INFO - Started process (PID=714) to work on /home/airflow/.local/lib/python3.12/site-packages/airflow/example_dags/example_dag_decorator.py
[2025-05-20T02:59:04.725+0000] {processor.py:914} INFO - Processing file /home/airflow/.local/lib/python3.12/site-packages/airflow/example_dags/example_dag_decorator.py for tasks to queue
[2025-05-20T02:59:04.737+0000] {logging_mixin.py:190} INFO - [2025-05-20T02:59:04.737+0000] {dagbag.py:587} INFO - Filling up the DagBag from /home/airflow/.local/lib/python3.12/site-packages/airflow/example_dags/example_dag_decorator.py
[2025-05-20T02:59:04.758+0000] {processor.py:925} INFO - DAG(s) 'example_dag_decorator' retrieved from /home/airflow/.local/lib/python3.12/site-packages/airflow/example_dags/example_dag_decorator.py
[2025-05-20T02:59:04.938+0000] {logging_mixin.py:190} INFO - [2025-05-20T02:59:04.937+0000] {dag.py:3229} INFO - Sync 1 DAGs
[2025-05-20T02:59:04.958+0000] {logging_mixin.py:190} INFO - [2025-05-20T02:59:04.958+0000] {dag.py:4156} INFO - Setting next_dagrun for example_dag_decorator to None, run_after=None
[2025-05-20T02:59:04.999+0000] {processor.py:208} INFO - Processing /home/airflow/.local/lib/python3.12/site-packages/airflow/example_dags/example_dag_decorator.py took 0.281 seconds
[2025-05-20T02:59:35.051+0000] {processor.py:186} INFO - Started process (PID=777) to work on /home/airflow/.local/lib/python3.12/site-packages/airflow/example_dags/example_dag_decorator.py
[2025-05-20T02:59:35.054+0000] {processor.py:914} INFO - Processing file /home/airflow/.local/lib/python3.12/site-packages/airflow/example_dags/example_dag_decorator.py for tasks to queue
[2025-05-20T02:59:35.062+0000] {logging_mixin.py:190} INFO - [2025-05-20T02:59:35.060+0000] {dagbag.py:587} INFO - Filling up the DagBag from /home/airflow/.local/lib/python3.12/site-packages/airflow/example_dags/example_dag_decorator.py
[2025-05-20T02:59:35.072+0000] {processor.py:925} INFO - DAG(s) 'example_dag_decorator' retrieved from /home/airflow/.local/lib/python3.12/site-packages/airflow/example_dags/example_dag_decorator.py
[2025-05-20T02:59:35.214+0000] {logging_mixin.py:190} INFO - [2025-05-20T02:59:35.213+0000] {dag.py:3229} INFO - Sync 1 DAGs
[2025-05-20T02:59:35.233+0000] {logging_mixin.py:190} INFO - [2025-05-20T02:59:35.233+0000] {dag.py:4156} INFO - Setting next_dagrun for example_dag_decorator to None, run_after=None
[2025-05-20T02:59:35.276+0000] {processor.py:208} INFO - Processing /home/airflow/.local/lib/python3.12/site-packages/airflow/example_dags/example_dag_decorator.py took 0.237 seconds
[2025-05-20T03:00:06.044+0000] {processor.py:186} INFO - Started process (PID=840) to work on /home/airflow/.local/lib/python3.12/site-packages/airflow/example_dags/example_dag_decorator.py
[2025-05-20T03:00:06.046+0000] {processor.py:914} INFO - Processing file /home/airflow/.local/lib/python3.12/site-packages/airflow/example_dags/example_dag_decorator.py for tasks to queue
[2025-05-20T03:00:06.052+0000] {logging_mixin.py:190} INFO - [2025-05-20T03:00:06.052+0000] {dagbag.py:587} INFO - Filling up the DagBag from /home/airflow/.local/lib/python3.12/site-packages/airflow/example_dags/example_dag_decorator.py
[2025-05-20T03:00:06.079+0000] {processor.py:925} INFO - DAG(s) 'example_dag_decorator' retrieved from /home/airflow/.local/lib/python3.12/site-packages/airflow/example_dags/example_dag_decorator.py
[2025-05-20T03:00:06.422+0000] {logging_mixin.py:190} INFO - [2025-05-20T03:00:06.417+0000] {dag.py:3229} INFO - Sync 1 DAGs
[2025-05-20T03:00:06.463+0000] {logging_mixin.py:190} INFO - [2025-05-20T03:00:06.462+0000] {dag.py:4156} INFO - Setting next_dagrun for example_dag_decorator to None, run_after=None
[2025-05-20T03:00:06.513+0000] {processor.py:208} INFO - Processing /home/airflow/.local/lib/python3.12/site-packages/airflow/example_dags/example_dag_decorator.py took 0.472 seconds
[2025-05-20T03:00:36.822+0000] {processor.py:186} INFO - Started process (PID=905) to work on /home/airflow/.local/lib/python3.12/site-packages/airflow/example_dags/example_dag_decorator.py
[2025-05-20T03:00:36.823+0000] {processor.py:914} INFO - Processing file /home/airflow/.local/lib/python3.12/site-packages/airflow/example_dags/example_dag_decorator.py for tasks to queue
[2025-05-20T03:00:36.827+0000] {logging_mixin.py:190} INFO - [2025-05-20T03:00:36.827+0000] {dagbag.py:587} INFO - Filling up the DagBag from /home/airflow/.local/lib/python3.12/site-packages/airflow/example_dags/example_dag_decorator.py
[2025-05-20T03:00:36.875+0000] {processor.py:925} INFO - DAG(s) 'example_dag_decorator' retrieved from /home/airflow/.local/lib/python3.12/site-packages/airflow/example_dags/example_dag_decorator.py
[2025-05-20T03:00:37.080+0000] {logging_mixin.py:190} INFO - [2025-05-20T03:00:37.080+0000] {dag.py:3229} INFO - Sync 1 DAGs
[2025-05-20T03:00:37.094+0000] {logging_mixin.py:190} INFO - [2025-05-20T03:00:37.093+0000] {dag.py:4156} INFO - Setting next_dagrun for example_dag_decorator to None, run_after=None
[2025-05-20T03:00:37.139+0000] {processor.py:208} INFO - Processing /home/airflow/.local/lib/python3.12/site-packages/airflow/example_dags/example_dag_decorator.py took 0.321 seconds
[2025-05-20T03:01:07.438+0000] {processor.py:186} INFO - Started process (PID=967) to work on /home/airflow/.local/lib/python3.12/site-packages/airflow/example_dags/example_dag_decorator.py
[2025-05-20T03:01:07.442+0000] {processor.py:914} INFO - Processing file /home/airflow/.local/lib/python3.12/site-packages/airflow/example_dags/example_dag_decorator.py for tasks to queue
[2025-05-20T03:01:07.447+0000] {logging_mixin.py:190} INFO - [2025-05-20T03:01:07.447+0000] {dagbag.py:587} INFO - Filling up the DagBag from /home/airflow/.local/lib/python3.12/site-packages/airflow/example_dags/example_dag_decorator.py
[2025-05-20T03:01:07.463+0000] {processor.py:925} INFO - DAG(s) 'example_dag_decorator' retrieved from /home/airflow/.local/lib/python3.12/site-packages/airflow/example_dags/example_dag_decorator.py
[2025-05-20T03:01:07.642+0000] {logging_mixin.py:190} INFO - [2025-05-20T03:01:07.642+0000] {dag.py:3229} INFO - Sync 1 DAGs
[2025-05-20T03:01:07.659+0000] {logging_mixin.py:190} INFO - [2025-05-20T03:01:07.658+0000] {dag.py:4156} INFO - Setting next_dagrun for example_dag_decorator to None, run_after=None
[2025-05-20T03:01:07.687+0000] {processor.py:208} INFO - Processing /home/airflow/.local/lib/python3.12/site-packages/airflow/example_dags/example_dag_decorator.py took 0.253 seconds
[2025-05-20T03:01:38.159+0000] {processor.py:186} INFO - Started process (PID=1027) to work on /home/airflow/.local/lib/python3.12/site-packages/airflow/example_dags/example_dag_decorator.py
[2025-05-20T03:01:38.159+0000] {processor.py:914} INFO - Processing file /home/airflow/.local/lib/python3.12/site-packages/airflow/example_dags/example_dag_decorator.py for tasks to queue
[2025-05-20T03:01:38.165+0000] {logging_mixin.py:190} INFO - [2025-05-20T03:01:38.162+0000] {dagbag.py:587} INFO - Filling up the DagBag from /home/airflow/.local/lib/python3.12/site-packages/airflow/example_dags/example_dag_decorator.py
[2025-05-20T03:01:38.179+0000] {processor.py:925} INFO - DAG(s) 'example_dag_decorator' retrieved from /home/airflow/.local/lib/python3.12/site-packages/airflow/example_dags/example_dag_decorator.py
[2025-05-20T03:01:38.415+0000] {logging_mixin.py:190} INFO - [2025-05-20T03:01:38.415+0000] {dag.py:3229} INFO - Sync 1 DAGs
[2025-05-20T03:01:38.462+0000] {logging_mixin.py:190} INFO - [2025-05-20T03:01:38.462+0000] {dag.py:4156} INFO - Setting next_dagrun for example_dag_decorator to None, run_after=None
[2025-05-20T03:01:38.508+0000] {processor.py:208} INFO - Processing /home/airflow/.local/lib/python3.12/site-packages/airflow/example_dags/example_dag_decorator.py took 0.354 seconds
[2025-05-20T03:02:08.568+0000] {processor.py:186} INFO - Started process (PID=1091) to work on /home/airflow/.local/lib/python3.12/site-packages/airflow/example_dags/example_dag_decorator.py
[2025-05-20T03:02:08.575+0000] {processor.py:914} INFO - Processing file /home/airflow/.local/lib/python3.12/site-packages/airflow/example_dags/example_dag_decorator.py for tasks to queue
[2025-05-20T03:02:08.586+0000] {logging_mixin.py:190} INFO - [2025-05-20T03:02:08.586+0000] {dagbag.py:587} INFO - Filling up the DagBag from /home/airflow/.local/lib/python3.12/site-packages/airflow/example_dags/example_dag_decorator.py
[2025-05-20T03:02:08.598+0000] {processor.py:925} INFO - DAG(s) 'example_dag_decorator' retrieved from /home/airflow/.local/lib/python3.12/site-packages/airflow/example_dags/example_dag_decorator.py
[2025-05-20T03:02:08.666+0000] {logging_mixin.py:190} INFO - [2025-05-20T03:02:08.666+0000] {dag.py:3229} INFO - Sync 1 DAGs
[2025-05-20T03:02:08.675+0000] {logging_mixin.py:190} INFO - [2025-05-20T03:02:08.675+0000] {dag.py:4156} INFO - Setting next_dagrun for example_dag_decorator to None, run_after=None
[2025-05-20T03:02:08.737+0000] {processor.py:208} INFO - Processing /home/airflow/.local/lib/python3.12/site-packages/airflow/example_dags/example_dag_decorator.py took 0.171 seconds
[2025-05-20T03:02:39.609+0000] {processor.py:186} INFO - Started process (PID=1153) to work on /home/airflow/.local/lib/python3.12/site-packages/airflow/example_dags/example_dag_decorator.py
[2025-05-20T03:02:39.611+0000] {processor.py:914} INFO - Processing file /home/airflow/.local/lib/python3.12/site-packages/airflow/example_dags/example_dag_decorator.py for tasks to queue
[2025-05-20T03:02:39.616+0000] {logging_mixin.py:190} INFO - [2025-05-20T03:02:39.615+0000] {dagbag.py:587} INFO - Filling up the DagBag from /home/airflow/.local/lib/python3.12/site-packages/airflow/example_dags/example_dag_decorator.py
[2025-05-20T03:02:39.637+0000] {processor.py:925} INFO - DAG(s) 'example_dag_decorator' retrieved from /home/airflow/.local/lib/python3.12/site-packages/airflow/example_dags/example_dag_decorator.py
[2025-05-20T03:02:39.693+0000] {logging_mixin.py:190} INFO - [2025-05-20T03:02:39.693+0000] {dag.py:3229} INFO - Sync 1 DAGs
[2025-05-20T03:02:39.729+0000] {logging_mixin.py:190} INFO - [2025-05-20T03:02:39.729+0000] {dag.py:4156} INFO - Setting next_dagrun for example_dag_decorator to None, run_after=None
[2025-05-20T03:02:39.811+0000] {processor.py:208} INFO - Processing /home/airflow/.local/lib/python3.12/site-packages/airflow/example_dags/example_dag_decorator.py took 0.207 seconds
[2025-05-20T03:03:10.067+0000] {processor.py:186} INFO - Started process (PID=1215) to work on /home/airflow/.local/lib/python3.12/site-packages/airflow/example_dags/example_dag_decorator.py
[2025-05-20T03:03:10.070+0000] {processor.py:914} INFO - Processing file /home/airflow/.local/lib/python3.12/site-packages/airflow/example_dags/example_dag_decorator.py for tasks to queue
[2025-05-20T03:03:10.084+0000] {logging_mixin.py:190} INFO - [2025-05-20T03:03:10.082+0000] {dagbag.py:587} INFO - Filling up the DagBag from /home/airflow/.local/lib/python3.12/site-packages/airflow/example_dags/example_dag_decorator.py
[2025-05-20T03:03:10.123+0000] {processor.py:925} INFO - DAG(s) 'example_dag_decorator' retrieved from /home/airflow/.local/lib/python3.12/site-packages/airflow/example_dags/example_dag_decorator.py
[2025-05-20T03:03:10.371+0000] {logging_mixin.py:190} INFO - [2025-05-20T03:03:10.370+0000] {dag.py:3229} INFO - Sync 1 DAGs
[2025-05-20T03:03:10.395+0000] {logging_mixin.py:190} INFO - [2025-05-20T03:03:10.394+0000] {dag.py:4156} INFO - Setting next_dagrun for example_dag_decorator to None, run_after=None
[2025-05-20T03:03:10.467+0000] {processor.py:208} INFO - Processing /home/airflow/.local/lib/python3.12/site-packages/airflow/example_dags/example_dag_decorator.py took 0.435 seconds
[2025-05-20T03:03:41.130+0000] {processor.py:186} INFO - Started process (PID=1277) to work on /home/airflow/.local/lib/python3.12/site-packages/airflow/example_dags/example_dag_decorator.py
[2025-05-20T03:03:41.133+0000] {processor.py:914} INFO - Processing file /home/airflow/.local/lib/python3.12/site-packages/airflow/example_dags/example_dag_decorator.py for tasks to queue
[2025-05-20T03:03:41.157+0000] {logging_mixin.py:190} INFO - [2025-05-20T03:03:41.150+0000] {dagbag.py:587} INFO - Filling up the DagBag from /home/airflow/.local/lib/python3.12/site-packages/airflow/example_dags/example_dag_decorator.py
[2025-05-20T03:03:41.173+0000] {processor.py:925} INFO - DAG(s) 'example_dag_decorator' retrieved from /home/airflow/.local/lib/python3.12/site-packages/airflow/example_dags/example_dag_decorator.py
[2025-05-20T03:03:41.250+0000] {logging_mixin.py:190} INFO - [2025-05-20T03:03:41.247+0000] {dag.py:3229} INFO - Sync 1 DAGs
[2025-05-20T03:03:41.280+0000] {logging_mixin.py:190} INFO - [2025-05-20T03:03:41.279+0000] {dag.py:4156} INFO - Setting next_dagrun for example_dag_decorator to None, run_after=None
[2025-05-20T03:03:41.324+0000] {processor.py:208} INFO - Processing /home/airflow/.local/lib/python3.12/site-packages/airflow/example_dags/example_dag_decorator.py took 0.198 seconds
[2025-05-20T03:04:12.527+0000] {processor.py:186} INFO - Started process (PID=1340) to work on /home/airflow/.local/lib/python3.12/site-packages/airflow/example_dags/example_dag_decorator.py
[2025-05-20T03:04:12.529+0000] {processor.py:914} INFO - Processing file /home/airflow/.local/lib/python3.12/site-packages/airflow/example_dags/example_dag_decorator.py for tasks to queue
[2025-05-20T03:04:12.537+0000] {logging_mixin.py:190} INFO - [2025-05-20T03:04:12.537+0000] {dagbag.py:587} INFO - Filling up the DagBag from /home/airflow/.local/lib/python3.12/site-packages/airflow/example_dags/example_dag_decorator.py
[2025-05-20T03:04:12.553+0000] {processor.py:925} INFO - DAG(s) 'example_dag_decorator' retrieved from /home/airflow/.local/lib/python3.12/site-packages/airflow/example_dags/example_dag_decorator.py
[2025-05-20T03:04:12.771+0000] {logging_mixin.py:190} INFO - [2025-05-20T03:04:12.771+0000] {dag.py:3229} INFO - Sync 1 DAGs
[2025-05-20T03:04:12.787+0000] {logging_mixin.py:190} INFO - [2025-05-20T03:04:12.786+0000] {dag.py:4156} INFO - Setting next_dagrun for example_dag_decorator to None, run_after=None
[2025-05-20T03:04:12.814+0000] {processor.py:208} INFO - Processing /home/airflow/.local/lib/python3.12/site-packages/airflow/example_dags/example_dag_decorator.py took 0.293 seconds
[2025-05-20T03:04:43.185+0000] {processor.py:186} INFO - Started process (PID=1404) to work on /home/airflow/.local/lib/python3.12/site-packages/airflow/example_dags/example_dag_decorator.py
[2025-05-20T03:04:43.187+0000] {processor.py:914} INFO - Processing file /home/airflow/.local/lib/python3.12/site-packages/airflow/example_dags/example_dag_decorator.py for tasks to queue
[2025-05-20T03:04:43.194+0000] {logging_mixin.py:190} INFO - [2025-05-20T03:04:43.192+0000] {dagbag.py:587} INFO - Filling up the DagBag from /home/airflow/.local/lib/python3.12/site-packages/airflow/example_dags/example_dag_decorator.py
[2025-05-20T03:04:43.206+0000] {processor.py:925} INFO - DAG(s) 'example_dag_decorator' retrieved from /home/airflow/.local/lib/python3.12/site-packages/airflow/example_dags/example_dag_decorator.py
[2025-05-20T03:04:43.331+0000] {logging_mixin.py:190} INFO - [2025-05-20T03:04:43.330+0000] {dag.py:3229} INFO - Sync 1 DAGs
[2025-05-20T03:04:43.368+0000] {logging_mixin.py:190} INFO - [2025-05-20T03:04:43.367+0000] {dag.py:4156} INFO - Setting next_dagrun for example_dag_decorator to None, run_after=None
[2025-05-20T03:04:43.424+0000] {processor.py:208} INFO - Processing /home/airflow/.local/lib/python3.12/site-packages/airflow/example_dags/example_dag_decorator.py took 0.242 seconds
[2025-05-20T03:05:13.482+0000] {processor.py:186} INFO - Started process (PID=1467) to work on /home/airflow/.local/lib/python3.12/site-packages/airflow/example_dags/example_dag_decorator.py
[2025-05-20T03:05:13.486+0000] {processor.py:914} INFO - Processing file /home/airflow/.local/lib/python3.12/site-packages/airflow/example_dags/example_dag_decorator.py for tasks to queue
[2025-05-20T03:05:13.491+0000] {logging_mixin.py:190} INFO - [2025-05-20T03:05:13.490+0000] {dagbag.py:587} INFO - Filling up the DagBag from /home/airflow/.local/lib/python3.12/site-packages/airflow/example_dags/example_dag_decorator.py
[2025-05-20T03:05:13.518+0000] {processor.py:925} INFO - DAG(s) 'example_dag_decorator' retrieved from /home/airflow/.local/lib/python3.12/site-packages/airflow/example_dags/example_dag_decorator.py
[2025-05-20T03:05:13.779+0000] {logging_mixin.py:190} INFO - [2025-05-20T03:05:13.778+0000] {dag.py:3229} INFO - Sync 1 DAGs
[2025-05-20T03:05:13.796+0000] {logging_mixin.py:190} INFO - [2025-05-20T03:05:13.796+0000] {dag.py:4156} INFO - Setting next_dagrun for example_dag_decorator to None, run_after=None
[2025-05-20T03:05:13.832+0000] {processor.py:208} INFO - Processing /home/airflow/.local/lib/python3.12/site-packages/airflow/example_dags/example_dag_decorator.py took 0.355 seconds
[2025-05-20T03:05:44.580+0000] {processor.py:186} INFO - Started process (PID=1529) to work on /home/airflow/.local/lib/python3.12/site-packages/airflow/example_dags/example_dag_decorator.py
[2025-05-20T03:05:44.580+0000] {processor.py:914} INFO - Processing file /home/airflow/.local/lib/python3.12/site-packages/airflow/example_dags/example_dag_decorator.py for tasks to queue
[2025-05-20T03:05:44.592+0000] {logging_mixin.py:190} INFO - [2025-05-20T03:05:44.587+0000] {dagbag.py:587} INFO - Filling up the DagBag from /home/airflow/.local/lib/python3.12/site-packages/airflow/example_dags/example_dag_decorator.py
[2025-05-20T03:05:44.604+0000] {processor.py:925} INFO - DAG(s) 'example_dag_decorator' retrieved from /home/airflow/.local/lib/python3.12/site-packages/airflow/example_dags/example_dag_decorator.py
[2025-05-20T03:05:44.860+0000] {logging_mixin.py:190} INFO - [2025-05-20T03:05:44.859+0000] {dag.py:3229} INFO - Sync 1 DAGs
[2025-05-20T03:05:44.908+0000] {logging_mixin.py:190} INFO - [2025-05-20T03:05:44.907+0000] {dag.py:4156} INFO - Setting next_dagrun for example_dag_decorator to None, run_after=None
[2025-05-20T03:05:45.000+0000] {processor.py:208} INFO - Processing /home/airflow/.local/lib/python3.12/site-packages/airflow/example_dags/example_dag_decorator.py took 0.424 seconds
[2025-05-20T03:06:15.494+0000] {processor.py:186} INFO - Started process (PID=1592) to work on /home/airflow/.local/lib/python3.12/site-packages/airflow/example_dags/example_dag_decorator.py
[2025-05-20T03:06:15.500+0000] {processor.py:914} INFO - Processing file /home/airflow/.local/lib/python3.12/site-packages/airflow/example_dags/example_dag_decorator.py for tasks to queue
[2025-05-20T03:06:15.504+0000] {logging_mixin.py:190} INFO - [2025-05-20T03:06:15.504+0000] {dagbag.py:587} INFO - Filling up the DagBag from /home/airflow/.local/lib/python3.12/site-packages/airflow/example_dags/example_dag_decorator.py
[2025-05-20T03:06:15.523+0000] {processor.py:925} INFO - DAG(s) 'example_dag_decorator' retrieved from /home/airflow/.local/lib/python3.12/site-packages/airflow/example_dags/example_dag_decorator.py
[2025-05-20T03:06:15.642+0000] {logging_mixin.py:190} INFO - [2025-05-20T03:06:15.642+0000] {dag.py:3229} INFO - Sync 1 DAGs
[2025-05-20T03:06:15.666+0000] {logging_mixin.py:190} INFO - [2025-05-20T03:06:15.665+0000] {dag.py:4156} INFO - Setting next_dagrun for example_dag_decorator to None, run_after=None
[2025-05-20T03:06:15.722+0000] {processor.py:208} INFO - Processing /home/airflow/.local/lib/python3.12/site-packages/airflow/example_dags/example_dag_decorator.py took 0.229 seconds
[2025-05-20T03:06:46.439+0000] {processor.py:186} INFO - Started process (PID=1655) to work on /home/airflow/.local/lib/python3.12/site-packages/airflow/example_dags/example_dag_decorator.py
[2025-05-20T03:06:46.441+0000] {processor.py:914} INFO - Processing file /home/airflow/.local/lib/python3.12/site-packages/airflow/example_dags/example_dag_decorator.py for tasks to queue
[2025-05-20T03:06:46.449+0000] {logging_mixin.py:190} INFO - [2025-05-20T03:06:46.449+0000] {dagbag.py:587} INFO - Filling up the DagBag from /home/airflow/.local/lib/python3.12/site-packages/airflow/example_dags/example_dag_decorator.py
[2025-05-20T03:06:46.478+0000] {processor.py:925} INFO - DAG(s) 'example_dag_decorator' retrieved from /home/airflow/.local/lib/python3.12/site-packages/airflow/example_dags/example_dag_decorator.py
[2025-05-20T03:06:46.639+0000] {logging_mixin.py:190} INFO - [2025-05-20T03:06:46.639+0000] {dag.py:3229} INFO - Sync 1 DAGs
[2025-05-20T03:06:46.660+0000] {logging_mixin.py:190} INFO - [2025-05-20T03:06:46.660+0000] {dag.py:4156} INFO - Setting next_dagrun for example_dag_decorator to None, run_after=None
[2025-05-20T03:06:46.723+0000] {processor.py:208} INFO - Processing /home/airflow/.local/lib/python3.12/site-packages/airflow/example_dags/example_dag_decorator.py took 0.288 seconds
[2025-05-20T03:07:17.193+0000] {processor.py:186} INFO - Started process (PID=1718) to work on /home/airflow/.local/lib/python3.12/site-packages/airflow/example_dags/example_dag_decorator.py
[2025-05-20T03:07:17.196+0000] {processor.py:914} INFO - Processing file /home/airflow/.local/lib/python3.12/site-packages/airflow/example_dags/example_dag_decorator.py for tasks to queue
[2025-05-20T03:07:17.205+0000] {logging_mixin.py:190} INFO - [2025-05-20T03:07:17.205+0000] {dagbag.py:587} INFO - Filling up the DagBag from /home/airflow/.local/lib/python3.12/site-packages/airflow/example_dags/example_dag_decorator.py
[2025-05-20T03:07:17.226+0000] {processor.py:925} INFO - DAG(s) 'example_dag_decorator' retrieved from /home/airflow/.local/lib/python3.12/site-packages/airflow/example_dags/example_dag_decorator.py
[2025-05-20T03:07:17.454+0000] {logging_mixin.py:190} INFO - [2025-05-20T03:07:17.454+0000] {dag.py:3229} INFO - Sync 1 DAGs
[2025-05-20T03:07:17.485+0000] {logging_mixin.py:190} INFO - [2025-05-20T03:07:17.485+0000] {dag.py:4156} INFO - Setting next_dagrun for example_dag_decorator to None, run_after=None
[2025-05-20T03:07:17.549+0000] {processor.py:208} INFO - Processing /home/airflow/.local/lib/python3.12/site-packages/airflow/example_dags/example_dag_decorator.py took 0.361 seconds
[2025-05-20T03:07:48.736+0000] {processor.py:186} INFO - Started process (PID=1780) to work on /home/airflow/.local/lib/python3.12/site-packages/airflow/example_dags/example_dag_decorator.py
[2025-05-20T03:07:48.747+0000] {processor.py:914} INFO - Processing file /home/airflow/.local/lib/python3.12/site-packages/airflow/example_dags/example_dag_decorator.py for tasks to queue
[2025-05-20T03:07:48.757+0000] {logging_mixin.py:190} INFO - [2025-05-20T03:07:48.756+0000] {dagbag.py:587} INFO - Filling up the DagBag from /home/airflow/.local/lib/python3.12/site-packages/airflow/example_dags/example_dag_decorator.py
[2025-05-20T03:07:48.789+0000] {processor.py:925} INFO - DAG(s) 'example_dag_decorator' retrieved from /home/airflow/.local/lib/python3.12/site-packages/airflow/example_dags/example_dag_decorator.py
[2025-05-20T03:07:48.999+0000] {logging_mixin.py:190} INFO - [2025-05-20T03:07:48.996+0000] {dag.py:3229} INFO - Sync 1 DAGs
[2025-05-20T03:07:49.050+0000] {logging_mixin.py:190} INFO - [2025-05-20T03:07:49.048+0000] {dag.py:4156} INFO - Setting next_dagrun for example_dag_decorator to None, run_after=None
[2025-05-20T03:07:49.115+0000] {processor.py:208} INFO - Processing /home/airflow/.local/lib/python3.12/site-packages/airflow/example_dags/example_dag_decorator.py took 0.382 seconds
[2025-05-20T03:08:19.964+0000] {processor.py:186} INFO - Started process (PID=1842) to work on /home/airflow/.local/lib/python3.12/site-packages/airflow/example_dags/example_dag_decorator.py
[2025-05-20T03:08:19.966+0000] {processor.py:914} INFO - Processing file /home/airflow/.local/lib/python3.12/site-packages/airflow/example_dags/example_dag_decorator.py for tasks to queue
[2025-05-20T03:08:19.973+0000] {logging_mixin.py:190} INFO - [2025-05-20T03:08:19.972+0000] {dagbag.py:587} INFO - Filling up the DagBag from /home/airflow/.local/lib/python3.12/site-packages/airflow/example_dags/example_dag_decorator.py
[2025-05-20T03:08:19.992+0000] {processor.py:925} INFO - DAG(s) 'example_dag_decorator' retrieved from /home/airflow/.local/lib/python3.12/site-packages/airflow/example_dags/example_dag_decorator.py
[2025-05-20T03:08:20.312+0000] {logging_mixin.py:190} INFO - [2025-05-20T03:08:20.311+0000] {dag.py:3229} INFO - Sync 1 DAGs
[2025-05-20T03:08:20.334+0000] {logging_mixin.py:190} INFO - [2025-05-20T03:08:20.334+0000] {dag.py:4156} INFO - Setting next_dagrun for example_dag_decorator to None, run_after=None
[2025-05-20T03:08:20.407+0000] {processor.py:208} INFO - Processing /home/airflow/.local/lib/python3.12/site-packages/airflow/example_dags/example_dag_decorator.py took 0.451 seconds
[2025-05-20T03:08:50.698+0000] {processor.py:186} INFO - Started process (PID=1905) to work on /home/airflow/.local/lib/python3.12/site-packages/airflow/example_dags/example_dag_decorator.py
[2025-05-20T03:08:50.702+0000] {processor.py:914} INFO - Processing file /home/airflow/.local/lib/python3.12/site-packages/airflow/example_dags/example_dag_decorator.py for tasks to queue
[2025-05-20T03:08:50.709+0000] {logging_mixin.py:190} INFO - [2025-05-20T03:08:50.708+0000] {dagbag.py:587} INFO - Filling up the DagBag from /home/airflow/.local/lib/python3.12/site-packages/airflow/example_dags/example_dag_decorator.py
[2025-05-20T03:08:50.743+0000] {processor.py:925} INFO - DAG(s) 'example_dag_decorator' retrieved from /home/airflow/.local/lib/python3.12/site-packages/airflow/example_dags/example_dag_decorator.py
[2025-05-20T03:08:50.933+0000] {logging_mixin.py:190} INFO - [2025-05-20T03:08:50.933+0000] {dag.py:3229} INFO - Sync 1 DAGs
[2025-05-20T03:08:50.949+0000] {logging_mixin.py:190} INFO - [2025-05-20T03:08:50.948+0000] {dag.py:4156} INFO - Setting next_dagrun for example_dag_decorator to None, run_after=None
[2025-05-20T03:08:51.007+0000] {processor.py:208} INFO - Processing /home/airflow/.local/lib/python3.12/site-packages/airflow/example_dags/example_dag_decorator.py took 0.318 seconds
[2025-05-20T03:09:21.148+0000] {processor.py:186} INFO - Started process (PID=1969) to work on /home/airflow/.local/lib/python3.12/site-packages/airflow/example_dags/example_dag_decorator.py
[2025-05-20T03:09:21.152+0000] {processor.py:914} INFO - Processing file /home/airflow/.local/lib/python3.12/site-packages/airflow/example_dags/example_dag_decorator.py for tasks to queue
[2025-05-20T03:09:21.170+0000] {logging_mixin.py:190} INFO - [2025-05-20T03:09:21.169+0000] {dagbag.py:587} INFO - Filling up the DagBag from /home/airflow/.local/lib/python3.12/site-packages/airflow/example_dags/example_dag_decorator.py
[2025-05-20T03:09:21.193+0000] {processor.py:925} INFO - DAG(s) 'example_dag_decorator' retrieved from /home/airflow/.local/lib/python3.12/site-packages/airflow/example_dags/example_dag_decorator.py
[2025-05-20T03:09:21.409+0000] {logging_mixin.py:190} INFO - [2025-05-20T03:09:21.407+0000] {dag.py:3229} INFO - Sync 1 DAGs
[2025-05-20T03:09:21.444+0000] {logging_mixin.py:190} INFO - [2025-05-20T03:09:21.444+0000] {dag.py:4156} INFO - Setting next_dagrun for example_dag_decorator to None, run_after=None
[2025-05-20T03:09:21.505+0000] {processor.py:208} INFO - Processing /home/airflow/.local/lib/python3.12/site-packages/airflow/example_dags/example_dag_decorator.py took 0.360 seconds
[2025-05-20T03:09:52.504+0000] {processor.py:186} INFO - Started process (PID=2032) to work on /home/airflow/.local/lib/python3.12/site-packages/airflow/example_dags/example_dag_decorator.py
[2025-05-20T03:09:52.508+0000] {processor.py:914} INFO - Processing file /home/airflow/.local/lib/python3.12/site-packages/airflow/example_dags/example_dag_decorator.py for tasks to queue
[2025-05-20T03:09:52.526+0000] {logging_mixin.py:190} INFO - [2025-05-20T03:09:52.525+0000] {dagbag.py:587} INFO - Filling up the DagBag from /home/airflow/.local/lib/python3.12/site-packages/airflow/example_dags/example_dag_decorator.py
[2025-05-20T03:09:52.554+0000] {processor.py:925} INFO - DAG(s) 'example_dag_decorator' retrieved from /home/airflow/.local/lib/python3.12/site-packages/airflow/example_dags/example_dag_decorator.py
[2025-05-20T03:09:52.752+0000] {logging_mixin.py:190} INFO - [2025-05-20T03:09:52.752+0000] {dag.py:3229} INFO - Sync 1 DAGs
[2025-05-20T03:09:52.787+0000] {logging_mixin.py:190} INFO - [2025-05-20T03:09:52.787+0000] {dag.py:4156} INFO - Setting next_dagrun for example_dag_decorator to None, run_after=None
[2025-05-20T03:09:52.831+0000] {processor.py:208} INFO - Processing /home/airflow/.local/lib/python3.12/site-packages/airflow/example_dags/example_dag_decorator.py took 0.332 seconds
[2025-05-20T03:10:23.657+0000] {processor.py:186} INFO - Started process (PID=2095) to work on /home/airflow/.local/lib/python3.12/site-packages/airflow/example_dags/example_dag_decorator.py
[2025-05-20T03:10:23.660+0000] {processor.py:914} INFO - Processing file /home/airflow/.local/lib/python3.12/site-packages/airflow/example_dags/example_dag_decorator.py for tasks to queue
[2025-05-20T03:10:23.667+0000] {logging_mixin.py:190} INFO - [2025-05-20T03:10:23.667+0000] {dagbag.py:587} INFO - Filling up the DagBag from /home/airflow/.local/lib/python3.12/site-packages/airflow/example_dags/example_dag_decorator.py
[2025-05-20T03:10:23.692+0000] {processor.py:925} INFO - DAG(s) 'example_dag_decorator' retrieved from /home/airflow/.local/lib/python3.12/site-packages/airflow/example_dags/example_dag_decorator.py
[2025-05-20T03:10:23.845+0000] {logging_mixin.py:190} INFO - [2025-05-20T03:10:23.845+0000] {dag.py:3229} INFO - Sync 1 DAGs
[2025-05-20T03:10:23.877+0000] {logging_mixin.py:190} INFO - [2025-05-20T03:10:23.876+0000] {dag.py:4156} INFO - Setting next_dagrun for example_dag_decorator to None, run_after=None
[2025-05-20T03:10:23.978+0000] {processor.py:208} INFO - Processing /home/airflow/.local/lib/python3.12/site-packages/airflow/example_dags/example_dag_decorator.py took 0.329 seconds
[2025-05-20T03:10:54.236+0000] {processor.py:186} INFO - Started process (PID=2158) to work on /home/airflow/.local/lib/python3.12/site-packages/airflow/example_dags/example_dag_decorator.py
[2025-05-20T03:10:54.240+0000] {processor.py:914} INFO - Processing file /home/airflow/.local/lib/python3.12/site-packages/airflow/example_dags/example_dag_decorator.py for tasks to queue
[2025-05-20T03:10:54.254+0000] {logging_mixin.py:190} INFO - [2025-05-20T03:10:54.254+0000] {dagbag.py:587} INFO - Filling up the DagBag from /home/airflow/.local/lib/python3.12/site-packages/airflow/example_dags/example_dag_decorator.py
[2025-05-20T03:10:54.282+0000] {processor.py:925} INFO - DAG(s) 'example_dag_decorator' retrieved from /home/airflow/.local/lib/python3.12/site-packages/airflow/example_dags/example_dag_decorator.py
[2025-05-20T03:10:54.510+0000] {logging_mixin.py:190} INFO - [2025-05-20T03:10:54.509+0000] {dag.py:3229} INFO - Sync 1 DAGs
[2025-05-20T03:10:54.533+0000] {logging_mixin.py:190} INFO - [2025-05-20T03:10:54.532+0000] {dag.py:4156} INFO - Setting next_dagrun for example_dag_decorator to None, run_after=None
[2025-05-20T03:10:54.576+0000] {processor.py:208} INFO - Processing /home/airflow/.local/lib/python3.12/site-packages/airflow/example_dags/example_dag_decorator.py took 0.354 seconds
[2025-05-20T03:11:24.884+0000] {processor.py:186} INFO - Started process (PID=2220) to work on /home/airflow/.local/lib/python3.12/site-packages/airflow/example_dags/example_dag_decorator.py
[2025-05-20T03:11:24.891+0000] {processor.py:914} INFO - Processing file /home/airflow/.local/lib/python3.12/site-packages/airflow/example_dags/example_dag_decorator.py for tasks to queue
[2025-05-20T03:11:24.908+0000] {logging_mixin.py:190} INFO - [2025-05-20T03:11:24.908+0000] {dagbag.py:587} INFO - Filling up the DagBag from /home/airflow/.local/lib/python3.12/site-packages/airflow/example_dags/example_dag_decorator.py
[2025-05-20T03:11:24.941+0000] {processor.py:925} INFO - DAG(s) 'example_dag_decorator' retrieved from /home/airflow/.local/lib/python3.12/site-packages/airflow/example_dags/example_dag_decorator.py
[2025-05-20T03:11:25.108+0000] {logging_mixin.py:190} INFO - [2025-05-20T03:11:25.108+0000] {dag.py:3229} INFO - Sync 1 DAGs
[2025-05-20T03:11:25.121+0000] {logging_mixin.py:190} INFO - [2025-05-20T03:11:25.120+0000] {dag.py:4156} INFO - Setting next_dagrun for example_dag_decorator to None, run_after=None
[2025-05-20T03:11:25.146+0000] {processor.py:208} INFO - Processing /home/airflow/.local/lib/python3.12/site-packages/airflow/example_dags/example_dag_decorator.py took 0.267 seconds
