[2025-05-20T02:50:56.109+0000] {processor.py:186} INFO - Started process (PID=88) to work on /home/airflow/.local/lib/python3.12/site-packages/airflow/example_dags/example_dataset_alias.py
[2025-05-20T02:50:56.111+0000] {processor.py:914} INFO - Processing file /home/airflow/.local/lib/python3.12/site-packages/airflow/example_dags/example_dataset_alias.py for tasks to queue
[2025-05-20T02:50:56.117+0000] {logging_mixin.py:190} INFO - [2025-05-20T02:50:56.117+0000] {dagbag.py:587} INFO - Filling up the DagBag from /home/airflow/.local/lib/python3.12/site-packages/airflow/example_dags/example_dataset_alias.py
[2025-05-20T02:50:56.304+0000] {processor.py:925} INFO - DAG(s) 'dataset_alias_example_alias_producer', 'dataset_s3_bucket_producer', 'dataset_s3_bucket_consumer', 'dataset_alias_example_alias_consumer' retrieved from /home/airflow/.local/lib/python3.12/site-packages/airflow/example_dags/example_dataset_alias.py
[2025-05-20T02:50:56.386+0000] {logging_mixin.py:190} INFO - [2025-05-20T02:50:56.386+0000] {override.py:1900} INFO - Created Permission View: can read on DAG:dataset_alias_example_alias_producer
[2025-05-20T02:50:56.436+0000] {logging_mixin.py:190} INFO - [2025-05-20T02:50:56.435+0000] {override.py:1900} INFO - Created Permission View: can delete on DAG:dataset_alias_example_alias_producer
[2025-05-20T02:50:56.461+0000] {logging_mixin.py:190} INFO - [2025-05-20T02:50:56.460+0000] {override.py:1900} INFO - Created Permission View: can edit on DAG:dataset_alias_example_alias_producer
[2025-05-20T02:50:56.478+0000] {logging_mixin.py:190} INFO - [2025-05-20T02:50:56.478+0000] {override.py:1900} INFO - Created Permission View: can read on DAG Run:dataset_alias_example_alias_producer
[2025-05-20T02:50:56.500+0000] {logging_mixin.py:190} INFO - [2025-05-20T02:50:56.499+0000] {override.py:1900} INFO - Created Permission View: can delete on DAG Run:dataset_alias_example_alias_producer
[2025-05-20T02:50:56.512+0000] {logging_mixin.py:190} INFO - [2025-05-20T02:50:56.511+0000] {override.py:1900} INFO - Created Permission View: can create on DAG Run:dataset_alias_example_alias_producer
[2025-05-20T02:50:56.520+0000] {logging_mixin.py:190} INFO - [2025-05-20T02:50:56.520+0000] {override.py:1900} INFO - Created Permission View: menu access on DAG Run:dataset_alias_example_alias_producer
[2025-05-20T02:50:56.555+0000] {logging_mixin.py:190} INFO - [2025-05-20T02:50:56.553+0000] {override.py:1900} INFO - Created Permission View: can read on DAG:dataset_s3_bucket_producer
[2025-05-20T02:50:56.573+0000] {logging_mixin.py:190} INFO - [2025-05-20T02:50:56.573+0000] {override.py:1900} INFO - Created Permission View: can delete on DAG:dataset_s3_bucket_producer
[2025-05-20T02:50:56.593+0000] {logging_mixin.py:190} INFO - [2025-05-20T02:50:56.592+0000] {override.py:1900} INFO - Created Permission View: can edit on DAG:dataset_s3_bucket_producer
[2025-05-20T02:50:56.622+0000] {logging_mixin.py:190} INFO - [2025-05-20T02:50:56.620+0000] {override.py:1900} INFO - Created Permission View: can read on DAG Run:dataset_s3_bucket_producer
[2025-05-20T02:50:56.643+0000] {logging_mixin.py:190} INFO - [2025-05-20T02:50:56.642+0000] {override.py:1900} INFO - Created Permission View: can delete on DAG Run:dataset_s3_bucket_producer
[2025-05-20T02:50:56.664+0000] {logging_mixin.py:190} INFO - [2025-05-20T02:50:56.663+0000] {override.py:1900} INFO - Created Permission View: can create on DAG Run:dataset_s3_bucket_producer
[2025-05-20T02:50:56.684+0000] {logging_mixin.py:190} INFO - [2025-05-20T02:50:56.683+0000] {override.py:1900} INFO - Created Permission View: menu access on DAG Run:dataset_s3_bucket_producer
[2025-05-20T02:50:56.722+0000] {logging_mixin.py:190} INFO - [2025-05-20T02:50:56.720+0000] {override.py:1900} INFO - Created Permission View: can read on DAG:dataset_s3_bucket_consumer
[2025-05-20T02:50:56.746+0000] {logging_mixin.py:190} INFO - [2025-05-20T02:50:56.743+0000] {override.py:1900} INFO - Created Permission View: can delete on DAG:dataset_s3_bucket_consumer
[2025-05-20T02:50:56.767+0000] {logging_mixin.py:190} INFO - [2025-05-20T02:50:56.765+0000] {override.py:1900} INFO - Created Permission View: can edit on DAG:dataset_s3_bucket_consumer
[2025-05-20T02:50:56.781+0000] {logging_mixin.py:190} INFO - [2025-05-20T02:50:56.781+0000] {override.py:1900} INFO - Created Permission View: can read on DAG Run:dataset_s3_bucket_consumer
[2025-05-20T02:50:56.787+0000] {logging_mixin.py:190} INFO - [2025-05-20T02:50:56.787+0000] {override.py:1900} INFO - Created Permission View: can delete on DAG Run:dataset_s3_bucket_consumer
[2025-05-20T02:50:56.807+0000] {logging_mixin.py:190} INFO - [2025-05-20T02:50:56.806+0000] {override.py:1900} INFO - Created Permission View: can create on DAG Run:dataset_s3_bucket_consumer
[2025-05-20T02:50:56.832+0000] {logging_mixin.py:190} INFO - [2025-05-20T02:50:56.829+0000] {override.py:1900} INFO - Created Permission View: menu access on DAG Run:dataset_s3_bucket_consumer
[2025-05-20T02:50:56.866+0000] {logging_mixin.py:190} INFO - [2025-05-20T02:50:56.865+0000] {override.py:1900} INFO - Created Permission View: can read on DAG:dataset_alias_example_alias_consumer
[2025-05-20T02:50:56.883+0000] {logging_mixin.py:190} INFO - [2025-05-20T02:50:56.883+0000] {override.py:1900} INFO - Created Permission View: can delete on DAG:dataset_alias_example_alias_consumer
[2025-05-20T02:50:56.910+0000] {logging_mixin.py:190} INFO - [2025-05-20T02:50:56.910+0000] {override.py:1900} INFO - Created Permission View: can edit on DAG:dataset_alias_example_alias_consumer
[2025-05-20T02:50:56.936+0000] {logging_mixin.py:190} INFO - [2025-05-20T02:50:56.935+0000] {override.py:1900} INFO - Created Permission View: can read on DAG Run:dataset_alias_example_alias_consumer
[2025-05-20T02:50:56.959+0000] {logging_mixin.py:190} INFO - [2025-05-20T02:50:56.958+0000] {override.py:1900} INFO - Created Permission View: can delete on DAG Run:dataset_alias_example_alias_consumer
[2025-05-20T02:50:56.972+0000] {logging_mixin.py:190} INFO - [2025-05-20T02:50:56.972+0000] {override.py:1900} INFO - Created Permission View: can create on DAG Run:dataset_alias_example_alias_consumer
[2025-05-20T02:50:56.984+0000] {logging_mixin.py:190} INFO - [2025-05-20T02:50:56.984+0000] {override.py:1900} INFO - Created Permission View: menu access on DAG Run:dataset_alias_example_alias_consumer
[2025-05-20T02:50:56.985+0000] {logging_mixin.py:190} INFO - [2025-05-20T02:50:56.984+0000] {dag.py:3229} INFO - Sync 4 DAGs
[2025-05-20T02:50:57.019+0000] {logging_mixin.py:190} INFO - [2025-05-20T02:50:57.018+0000] {dag.py:3252} INFO - Creating ORM DAG for dataset_alias_example_alias_consumer
[2025-05-20T02:50:57.022+0000] {logging_mixin.py:190} INFO - [2025-05-20T02:50:57.022+0000] {dag.py:3252} INFO - Creating ORM DAG for dataset_s3_bucket_producer
[2025-05-20T02:50:57.023+0000] {logging_mixin.py:190} INFO - [2025-05-20T02:50:57.023+0000] {dag.py:3252} INFO - Creating ORM DAG for dataset_s3_bucket_consumer
[2025-05-20T02:50:57.025+0000] {logging_mixin.py:190} INFO - [2025-05-20T02:50:57.024+0000] {dag.py:3252} INFO - Creating ORM DAG for dataset_alias_example_alias_producer
[2025-05-20T02:50:57.044+0000] {logging_mixin.py:190} INFO - [2025-05-20T02:50:57.044+0000] {dag.py:4156} INFO - Setting next_dagrun for dataset_alias_example_alias_consumer to None, run_after=None
[2025-05-20T02:50:57.047+0000] {logging_mixin.py:190} INFO - [2025-05-20T02:50:57.046+0000] {dag.py:4156} INFO - Setting next_dagrun for dataset_alias_example_alias_producer to None, run_after=None
[2025-05-20T02:50:57.049+0000] {logging_mixin.py:190} INFO - [2025-05-20T02:50:57.049+0000] {dag.py:4156} INFO - Setting next_dagrun for dataset_s3_bucket_consumer to None, run_after=None
[2025-05-20T02:50:57.050+0000] {logging_mixin.py:190} INFO - [2025-05-20T02:50:57.050+0000] {dag.py:4156} INFO - Setting next_dagrun for dataset_s3_bucket_producer to None, run_after=None
[2025-05-20T02:50:57.169+0000] {processor.py:208} INFO - Processing /home/airflow/.local/lib/python3.12/site-packages/airflow/example_dags/example_dataset_alias.py took 1.065 seconds
[2025-05-20T02:51:27.947+0000] {processor.py:186} INFO - Started process (PID=151) to work on /home/airflow/.local/lib/python3.12/site-packages/airflow/example_dags/example_dataset_alias.py
[2025-05-20T02:51:27.949+0000] {processor.py:914} INFO - Processing file /home/airflow/.local/lib/python3.12/site-packages/airflow/example_dags/example_dataset_alias.py for tasks to queue
[2025-05-20T02:51:27.953+0000] {logging_mixin.py:190} INFO - [2025-05-20T02:51:27.952+0000] {dagbag.py:587} INFO - Filling up the DagBag from /home/airflow/.local/lib/python3.12/site-packages/airflow/example_dags/example_dataset_alias.py
[2025-05-20T02:51:28.075+0000] {processor.py:925} INFO - DAG(s) 'dataset_alias_example_alias_producer', 'dataset_alias_example_alias_consumer', 'dataset_s3_bucket_producer', 'dataset_s3_bucket_consumer' retrieved from /home/airflow/.local/lib/python3.12/site-packages/airflow/example_dags/example_dataset_alias.py
[2025-05-20T02:51:28.157+0000] {logging_mixin.py:190} INFO - [2025-05-20T02:51:28.157+0000] {dag.py:3229} INFO - Sync 4 DAGs
[2025-05-20T02:51:28.203+0000] {logging_mixin.py:190} INFO - [2025-05-20T02:51:28.203+0000] {dag.py:4156} INFO - Setting next_dagrun for dataset_alias_example_alias_consumer to None, run_after=None
[2025-05-20T02:51:28.217+0000] {logging_mixin.py:190} INFO - [2025-05-20T02:51:28.217+0000] {dag.py:4156} INFO - Setting next_dagrun for dataset_alias_example_alias_producer to None, run_after=None
[2025-05-20T02:51:28.220+0000] {logging_mixin.py:190} INFO - [2025-05-20T02:51:28.220+0000] {dag.py:4156} INFO - Setting next_dagrun for dataset_s3_bucket_consumer to None, run_after=None
[2025-05-20T02:51:28.223+0000] {logging_mixin.py:190} INFO - [2025-05-20T02:51:28.223+0000] {dag.py:4156} INFO - Setting next_dagrun for dataset_s3_bucket_producer to None, run_after=None
[2025-05-20T02:51:28.305+0000] {processor.py:208} INFO - Processing /home/airflow/.local/lib/python3.12/site-packages/airflow/example_dags/example_dataset_alias.py took 0.363 seconds
[2025-05-20T02:51:58.503+0000] {processor.py:186} INFO - Started process (PID=213) to work on /home/airflow/.local/lib/python3.12/site-packages/airflow/example_dags/example_dataset_alias.py
[2025-05-20T02:51:58.506+0000] {processor.py:914} INFO - Processing file /home/airflow/.local/lib/python3.12/site-packages/airflow/example_dags/example_dataset_alias.py for tasks to queue
[2025-05-20T02:51:58.523+0000] {logging_mixin.py:190} INFO - [2025-05-20T02:51:58.522+0000] {dagbag.py:587} INFO - Filling up the DagBag from /home/airflow/.local/lib/python3.12/site-packages/airflow/example_dags/example_dataset_alias.py
[2025-05-20T02:51:58.769+0000] {processor.py:925} INFO - DAG(s) 'dataset_s3_bucket_consumer', 'dataset_s3_bucket_producer', 'dataset_alias_example_alias_producer', 'dataset_alias_example_alias_consumer' retrieved from /home/airflow/.local/lib/python3.12/site-packages/airflow/example_dags/example_dataset_alias.py
[2025-05-20T02:51:58.865+0000] {logging_mixin.py:190} INFO - [2025-05-20T02:51:58.865+0000] {dag.py:3229} INFO - Sync 4 DAGs
[2025-05-20T02:51:58.898+0000] {logging_mixin.py:190} INFO - [2025-05-20T02:51:58.897+0000] {dag.py:4156} INFO - Setting next_dagrun for dataset_alias_example_alias_consumer to None, run_after=None
[2025-05-20T02:51:58.912+0000] {logging_mixin.py:190} INFO - [2025-05-20T02:51:58.910+0000] {dag.py:4156} INFO - Setting next_dagrun for dataset_alias_example_alias_producer to None, run_after=None
[2025-05-20T02:51:58.923+0000] {logging_mixin.py:190} INFO - [2025-05-20T02:51:58.923+0000] {dag.py:4156} INFO - Setting next_dagrun for dataset_s3_bucket_consumer to None, run_after=None
[2025-05-20T02:51:58.937+0000] {logging_mixin.py:190} INFO - [2025-05-20T02:51:58.937+0000] {dag.py:4156} INFO - Setting next_dagrun for dataset_s3_bucket_producer to None, run_after=None
[2025-05-20T02:51:59.076+0000] {processor.py:208} INFO - Processing /home/airflow/.local/lib/python3.12/site-packages/airflow/example_dags/example_dataset_alias.py took 0.577 seconds
[2025-05-20T02:53:58.650+0000] {processor.py:186} INFO - Started process (PID=89) to work on /home/airflow/.local/lib/python3.12/site-packages/airflow/example_dags/example_dataset_alias.py
[2025-05-20T02:53:58.654+0000] {processor.py:914} INFO - Processing file /home/airflow/.local/lib/python3.12/site-packages/airflow/example_dags/example_dataset_alias.py for tasks to queue
[2025-05-20T02:53:58.662+0000] {logging_mixin.py:190} INFO - [2025-05-20T02:53:58.662+0000] {dagbag.py:587} INFO - Filling up the DagBag from /home/airflow/.local/lib/python3.12/site-packages/airflow/example_dags/example_dataset_alias.py
[2025-05-20T02:53:58.882+0000] {processor.py:925} INFO - DAG(s) 'dataset_alias_example_alias_producer', 'dataset_alias_example_alias_consumer', 'dataset_s3_bucket_consumer', 'dataset_s3_bucket_producer' retrieved from /home/airflow/.local/lib/python3.12/site-packages/airflow/example_dags/example_dataset_alias.py
[2025-05-20T02:53:58.945+0000] {logging_mixin.py:190} INFO - [2025-05-20T02:53:58.944+0000] {dag.py:3229} INFO - Sync 4 DAGs
[2025-05-20T02:53:58.987+0000] {logging_mixin.py:190} INFO - [2025-05-20T02:53:58.986+0000] {dag.py:4156} INFO - Setting next_dagrun for dataset_alias_example_alias_consumer to None, run_after=None
[2025-05-20T02:53:58.996+0000] {logging_mixin.py:190} INFO - [2025-05-20T02:53:58.996+0000] {dag.py:4156} INFO - Setting next_dagrun for dataset_alias_example_alias_producer to None, run_after=None
[2025-05-20T02:53:59.001+0000] {logging_mixin.py:190} INFO - [2025-05-20T02:53:59.000+0000] {dag.py:4156} INFO - Setting next_dagrun for dataset_s3_bucket_consumer to None, run_after=None
[2025-05-20T02:53:59.003+0000] {logging_mixin.py:190} INFO - [2025-05-20T02:53:59.003+0000] {dag.py:4156} INFO - Setting next_dagrun for dataset_s3_bucket_producer to None, run_after=None
[2025-05-20T02:53:59.081+0000] {processor.py:208} INFO - Processing /home/airflow/.local/lib/python3.12/site-packages/airflow/example_dags/example_dataset_alias.py took 0.441 seconds
[2025-05-20T02:54:29.417+0000] {processor.py:186} INFO - Started process (PID=153) to work on /home/airflow/.local/lib/python3.12/site-packages/airflow/example_dags/example_dataset_alias.py
[2025-05-20T02:54:29.418+0000] {processor.py:914} INFO - Processing file /home/airflow/.local/lib/python3.12/site-packages/airflow/example_dags/example_dataset_alias.py for tasks to queue
[2025-05-20T02:54:29.423+0000] {logging_mixin.py:190} INFO - [2025-05-20T02:54:29.423+0000] {dagbag.py:587} INFO - Filling up the DagBag from /home/airflow/.local/lib/python3.12/site-packages/airflow/example_dags/example_dataset_alias.py
[2025-05-20T02:54:29.571+0000] {processor.py:925} INFO - DAG(s) 'dataset_alias_example_alias_consumer', 'dataset_alias_example_alias_producer', 'dataset_s3_bucket_producer', 'dataset_s3_bucket_consumer' retrieved from /home/airflow/.local/lib/python3.12/site-packages/airflow/example_dags/example_dataset_alias.py
[2025-05-20T02:54:29.667+0000] {logging_mixin.py:190} INFO - [2025-05-20T02:54:29.666+0000] {dag.py:3229} INFO - Sync 4 DAGs
[2025-05-20T02:54:29.738+0000] {logging_mixin.py:190} INFO - [2025-05-20T02:54:29.737+0000] {dag.py:4156} INFO - Setting next_dagrun for dataset_alias_example_alias_consumer to None, run_after=None
[2025-05-20T02:54:29.742+0000] {logging_mixin.py:190} INFO - [2025-05-20T02:54:29.741+0000] {dag.py:4156} INFO - Setting next_dagrun for dataset_alias_example_alias_producer to None, run_after=None
[2025-05-20T02:54:29.745+0000] {logging_mixin.py:190} INFO - [2025-05-20T02:54:29.745+0000] {dag.py:4156} INFO - Setting next_dagrun for dataset_s3_bucket_consumer to None, run_after=None
[2025-05-20T02:54:29.752+0000] {logging_mixin.py:190} INFO - [2025-05-20T02:54:29.751+0000] {dag.py:4156} INFO - Setting next_dagrun for dataset_s3_bucket_producer to None, run_after=None
[2025-05-20T02:54:29.791+0000] {processor.py:208} INFO - Processing /home/airflow/.local/lib/python3.12/site-packages/airflow/example_dags/example_dataset_alias.py took 0.378 seconds
[2025-05-20T02:55:01.100+0000] {processor.py:186} INFO - Started process (PID=215) to work on /home/airflow/.local/lib/python3.12/site-packages/airflow/example_dags/example_dataset_alias.py
[2025-05-20T02:55:01.105+0000] {processor.py:914} INFO - Processing file /home/airflow/.local/lib/python3.12/site-packages/airflow/example_dags/example_dataset_alias.py for tasks to queue
[2025-05-20T02:55:01.114+0000] {logging_mixin.py:190} INFO - [2025-05-20T02:55:01.114+0000] {dagbag.py:587} INFO - Filling up the DagBag from /home/airflow/.local/lib/python3.12/site-packages/airflow/example_dags/example_dataset_alias.py
[2025-05-20T02:55:01.337+0000] {processor.py:925} INFO - DAG(s) 'dataset_s3_bucket_consumer', 'dataset_alias_example_alias_consumer', 'dataset_s3_bucket_producer', 'dataset_alias_example_alias_producer' retrieved from /home/airflow/.local/lib/python3.12/site-packages/airflow/example_dags/example_dataset_alias.py
[2025-05-20T02:55:01.411+0000] {logging_mixin.py:190} INFO - [2025-05-20T02:55:01.410+0000] {dag.py:3229} INFO - Sync 4 DAGs
[2025-05-20T02:55:01.466+0000] {logging_mixin.py:190} INFO - [2025-05-20T02:55:01.466+0000] {dag.py:4156} INFO - Setting next_dagrun for dataset_alias_example_alias_consumer to None, run_after=None
[2025-05-20T02:55:01.472+0000] {logging_mixin.py:190} INFO - [2025-05-20T02:55:01.471+0000] {dag.py:4156} INFO - Setting next_dagrun for dataset_alias_example_alias_producer to None, run_after=None
[2025-05-20T02:55:01.476+0000] {logging_mixin.py:190} INFO - [2025-05-20T02:55:01.476+0000] {dag.py:4156} INFO - Setting next_dagrun for dataset_s3_bucket_consumer to None, run_after=None
[2025-05-20T02:55:01.483+0000] {logging_mixin.py:190} INFO - [2025-05-20T02:55:01.482+0000] {dag.py:4156} INFO - Setting next_dagrun for dataset_s3_bucket_producer to None, run_after=None
[2025-05-20T02:55:01.550+0000] {processor.py:208} INFO - Processing /home/airflow/.local/lib/python3.12/site-packages/airflow/example_dags/example_dataset_alias.py took 0.454 seconds
[2025-05-20T02:55:32.422+0000] {processor.py:186} INFO - Started process (PID=278) to work on /home/airflow/.local/lib/python3.12/site-packages/airflow/example_dags/example_dataset_alias.py
[2025-05-20T02:55:32.426+0000] {processor.py:914} INFO - Processing file /home/airflow/.local/lib/python3.12/site-packages/airflow/example_dags/example_dataset_alias.py for tasks to queue
[2025-05-20T02:55:32.430+0000] {logging_mixin.py:190} INFO - [2025-05-20T02:55:32.430+0000] {dagbag.py:587} INFO - Filling up the DagBag from /home/airflow/.local/lib/python3.12/site-packages/airflow/example_dags/example_dataset_alias.py
[2025-05-20T02:55:32.532+0000] {processor.py:925} INFO - DAG(s) 'dataset_alias_example_alias_producer', 'dataset_alias_example_alias_consumer', 'dataset_s3_bucket_consumer', 'dataset_s3_bucket_producer' retrieved from /home/airflow/.local/lib/python3.12/site-packages/airflow/example_dags/example_dataset_alias.py
[2025-05-20T02:55:32.609+0000] {logging_mixin.py:190} INFO - [2025-05-20T02:55:32.604+0000] {dag.py:3229} INFO - Sync 4 DAGs
[2025-05-20T02:55:32.669+0000] {logging_mixin.py:190} INFO - [2025-05-20T02:55:32.667+0000] {dag.py:4156} INFO - Setting next_dagrun for dataset_alias_example_alias_consumer to None, run_after=None
[2025-05-20T02:55:32.676+0000] {logging_mixin.py:190} INFO - [2025-05-20T02:55:32.676+0000] {dag.py:4156} INFO - Setting next_dagrun for dataset_alias_example_alias_producer to None, run_after=None
[2025-05-20T02:55:32.682+0000] {logging_mixin.py:190} INFO - [2025-05-20T02:55:32.681+0000] {dag.py:4156} INFO - Setting next_dagrun for dataset_s3_bucket_consumer to None, run_after=None
[2025-05-20T02:55:32.690+0000] {logging_mixin.py:190} INFO - [2025-05-20T02:55:32.689+0000] {dag.py:4156} INFO - Setting next_dagrun for dataset_s3_bucket_producer to None, run_after=None
[2025-05-20T02:55:32.753+0000] {processor.py:208} INFO - Processing /home/airflow/.local/lib/python3.12/site-packages/airflow/example_dags/example_dataset_alias.py took 0.334 seconds
[2025-05-20T02:56:03.526+0000] {processor.py:186} INFO - Started process (PID=341) to work on /home/airflow/.local/lib/python3.12/site-packages/airflow/example_dags/example_dataset_alias.py
[2025-05-20T02:56:03.527+0000] {processor.py:914} INFO - Processing file /home/airflow/.local/lib/python3.12/site-packages/airflow/example_dags/example_dataset_alias.py for tasks to queue
[2025-05-20T02:56:03.530+0000] {logging_mixin.py:190} INFO - [2025-05-20T02:56:03.530+0000] {dagbag.py:587} INFO - Filling up the DagBag from /home/airflow/.local/lib/python3.12/site-packages/airflow/example_dags/example_dataset_alias.py
[2025-05-20T02:56:03.673+0000] {processor.py:925} INFO - DAG(s) 'dataset_s3_bucket_consumer', 'dataset_alias_example_alias_producer', 'dataset_alias_example_alias_consumer', 'dataset_s3_bucket_producer' retrieved from /home/airflow/.local/lib/python3.12/site-packages/airflow/example_dags/example_dataset_alias.py
[2025-05-20T02:56:03.694+0000] {logging_mixin.py:190} INFO - [2025-05-20T02:56:03.694+0000] {dag.py:3229} INFO - Sync 4 DAGs
[2025-05-20T02:56:03.775+0000] {logging_mixin.py:190} INFO - [2025-05-20T02:56:03.775+0000] {dag.py:4156} INFO - Setting next_dagrun for dataset_alias_example_alias_consumer to None, run_after=None
[2025-05-20T02:56:03.805+0000] {logging_mixin.py:190} INFO - [2025-05-20T02:56:03.796+0000] {dag.py:4156} INFO - Setting next_dagrun for dataset_alias_example_alias_producer to None, run_after=None
[2025-05-20T02:56:03.811+0000] {logging_mixin.py:190} INFO - [2025-05-20T02:56:03.811+0000] {dag.py:4156} INFO - Setting next_dagrun for dataset_s3_bucket_consumer to None, run_after=None
[2025-05-20T02:56:03.830+0000] {logging_mixin.py:190} INFO - [2025-05-20T02:56:03.820+0000] {dag.py:4156} INFO - Setting next_dagrun for dataset_s3_bucket_producer to None, run_after=None
[2025-05-20T02:56:03.920+0000] {processor.py:208} INFO - Processing /home/airflow/.local/lib/python3.12/site-packages/airflow/example_dags/example_dataset_alias.py took 0.401 seconds
[2025-05-20T02:56:34.332+0000] {processor.py:186} INFO - Started process (PID=404) to work on /home/airflow/.local/lib/python3.12/site-packages/airflow/example_dags/example_dataset_alias.py
[2025-05-20T02:56:34.335+0000] {processor.py:914} INFO - Processing file /home/airflow/.local/lib/python3.12/site-packages/airflow/example_dags/example_dataset_alias.py for tasks to queue
[2025-05-20T02:56:34.344+0000] {logging_mixin.py:190} INFO - [2025-05-20T02:56:34.342+0000] {dagbag.py:587} INFO - Filling up the DagBag from /home/airflow/.local/lib/python3.12/site-packages/airflow/example_dags/example_dataset_alias.py
[2025-05-20T02:56:34.573+0000] {processor.py:925} INFO - DAG(s) 'dataset_s3_bucket_producer', 'dataset_alias_example_alias_producer', 'dataset_alias_example_alias_consumer', 'dataset_s3_bucket_consumer' retrieved from /home/airflow/.local/lib/python3.12/site-packages/airflow/example_dags/example_dataset_alias.py
[2025-05-20T02:56:34.653+0000] {logging_mixin.py:190} INFO - [2025-05-20T02:56:34.651+0000] {dag.py:3229} INFO - Sync 4 DAGs
[2025-05-20T02:56:34.682+0000] {logging_mixin.py:190} INFO - [2025-05-20T02:56:34.680+0000] {dag.py:4156} INFO - Setting next_dagrun for dataset_alias_example_alias_consumer to None, run_after=None
[2025-05-20T02:56:34.697+0000] {logging_mixin.py:190} INFO - [2025-05-20T02:56:34.696+0000] {dag.py:4156} INFO - Setting next_dagrun for dataset_alias_example_alias_producer to None, run_after=None
[2025-05-20T02:56:34.706+0000] {logging_mixin.py:190} INFO - [2025-05-20T02:56:34.706+0000] {dag.py:4156} INFO - Setting next_dagrun for dataset_s3_bucket_consumer to None, run_after=None
[2025-05-20T02:56:34.712+0000] {logging_mixin.py:190} INFO - [2025-05-20T02:56:34.711+0000] {dag.py:4156} INFO - Setting next_dagrun for dataset_s3_bucket_producer to None, run_after=None
[2025-05-20T02:56:34.783+0000] {processor.py:208} INFO - Processing /home/airflow/.local/lib/python3.12/site-packages/airflow/example_dags/example_dataset_alias.py took 0.456 seconds
[2025-05-20T02:57:05.098+0000] {processor.py:186} INFO - Started process (PID=468) to work on /home/airflow/.local/lib/python3.12/site-packages/airflow/example_dags/example_dataset_alias.py
[2025-05-20T02:57:05.100+0000] {processor.py:914} INFO - Processing file /home/airflow/.local/lib/python3.12/site-packages/airflow/example_dags/example_dataset_alias.py for tasks to queue
[2025-05-20T02:57:05.111+0000] {logging_mixin.py:190} INFO - [2025-05-20T02:57:05.109+0000] {dagbag.py:587} INFO - Filling up the DagBag from /home/airflow/.local/lib/python3.12/site-packages/airflow/example_dags/example_dataset_alias.py
[2025-05-20T02:57:05.388+0000] {processor.py:925} INFO - DAG(s) 'dataset_alias_example_alias_consumer', 'dataset_alias_example_alias_producer', 'dataset_s3_bucket_producer', 'dataset_s3_bucket_consumer' retrieved from /home/airflow/.local/lib/python3.12/site-packages/airflow/example_dags/example_dataset_alias.py
[2025-05-20T02:57:05.434+0000] {logging_mixin.py:190} INFO - [2025-05-20T02:57:05.434+0000] {dag.py:3229} INFO - Sync 4 DAGs
[2025-05-20T02:57:05.475+0000] {logging_mixin.py:190} INFO - [2025-05-20T02:57:05.475+0000] {dag.py:4156} INFO - Setting next_dagrun for dataset_alias_example_alias_consumer to None, run_after=None
[2025-05-20T02:57:05.483+0000] {logging_mixin.py:190} INFO - [2025-05-20T02:57:05.483+0000] {dag.py:4156} INFO - Setting next_dagrun for dataset_alias_example_alias_producer to None, run_after=None
[2025-05-20T02:57:05.486+0000] {logging_mixin.py:190} INFO - [2025-05-20T02:57:05.486+0000] {dag.py:4156} INFO - Setting next_dagrun for dataset_s3_bucket_consumer to None, run_after=None
[2025-05-20T02:57:05.488+0000] {logging_mixin.py:190} INFO - [2025-05-20T02:57:05.488+0000] {dag.py:4156} INFO - Setting next_dagrun for dataset_s3_bucket_producer to None, run_after=None
[2025-05-20T02:57:05.561+0000] {processor.py:208} INFO - Processing /home/airflow/.local/lib/python3.12/site-packages/airflow/example_dags/example_dataset_alias.py took 0.467 seconds
[2025-05-20T02:57:35.942+0000] {processor.py:186} INFO - Started process (PID=530) to work on /home/airflow/.local/lib/python3.12/site-packages/airflow/example_dags/example_dataset_alias.py
[2025-05-20T02:57:35.944+0000] {processor.py:914} INFO - Processing file /home/airflow/.local/lib/python3.12/site-packages/airflow/example_dags/example_dataset_alias.py for tasks to queue
[2025-05-20T02:57:35.951+0000] {logging_mixin.py:190} INFO - [2025-05-20T02:57:35.950+0000] {dagbag.py:587} INFO - Filling up the DagBag from /home/airflow/.local/lib/python3.12/site-packages/airflow/example_dags/example_dataset_alias.py
[2025-05-20T02:57:36.080+0000] {processor.py:925} INFO - DAG(s) 'dataset_alias_example_alias_producer', 'dataset_s3_bucket_producer', 'dataset_s3_bucket_consumer', 'dataset_alias_example_alias_consumer' retrieved from /home/airflow/.local/lib/python3.12/site-packages/airflow/example_dags/example_dataset_alias.py
[2025-05-20T02:57:36.136+0000] {logging_mixin.py:190} INFO - [2025-05-20T02:57:36.136+0000] {dag.py:3229} INFO - Sync 4 DAGs
[2025-05-20T02:57:36.167+0000] {logging_mixin.py:190} INFO - [2025-05-20T02:57:36.167+0000] {dag.py:4156} INFO - Setting next_dagrun for dataset_alias_example_alias_consumer to None, run_after=None
[2025-05-20T02:57:36.177+0000] {logging_mixin.py:190} INFO - [2025-05-20T02:57:36.176+0000] {dag.py:4156} INFO - Setting next_dagrun for dataset_alias_example_alias_producer to None, run_after=None
[2025-05-20T02:57:36.179+0000] {logging_mixin.py:190} INFO - [2025-05-20T02:57:36.179+0000] {dag.py:4156} INFO - Setting next_dagrun for dataset_s3_bucket_consumer to None, run_after=None
[2025-05-20T02:57:36.181+0000] {logging_mixin.py:190} INFO - [2025-05-20T02:57:36.180+0000] {dag.py:4156} INFO - Setting next_dagrun for dataset_s3_bucket_producer to None, run_after=None
[2025-05-20T02:57:36.221+0000] {processor.py:208} INFO - Processing /home/airflow/.local/lib/python3.12/site-packages/airflow/example_dags/example_dataset_alias.py took 0.294 seconds
[2025-05-20T02:58:06.635+0000] {processor.py:186} INFO - Started process (PID=593) to work on /home/airflow/.local/lib/python3.12/site-packages/airflow/example_dags/example_dataset_alias.py
[2025-05-20T02:58:06.637+0000] {processor.py:914} INFO - Processing file /home/airflow/.local/lib/python3.12/site-packages/airflow/example_dags/example_dataset_alias.py for tasks to queue
[2025-05-20T02:58:06.647+0000] {logging_mixin.py:190} INFO - [2025-05-20T02:58:06.647+0000] {dagbag.py:587} INFO - Filling up the DagBag from /home/airflow/.local/lib/python3.12/site-packages/airflow/example_dags/example_dataset_alias.py
[2025-05-20T02:58:06.993+0000] {processor.py:925} INFO - DAG(s) 'dataset_s3_bucket_producer', 'dataset_alias_example_alias_consumer', 'dataset_alias_example_alias_producer', 'dataset_s3_bucket_consumer' retrieved from /home/airflow/.local/lib/python3.12/site-packages/airflow/example_dags/example_dataset_alias.py
[2025-05-20T02:58:07.074+0000] {logging_mixin.py:190} INFO - [2025-05-20T02:58:07.072+0000] {dag.py:3229} INFO - Sync 4 DAGs
[2025-05-20T02:58:07.216+0000] {logging_mixin.py:190} INFO - [2025-05-20T02:58:07.215+0000] {dag.py:4156} INFO - Setting next_dagrun for dataset_alias_example_alias_consumer to None, run_after=None
[2025-05-20T02:58:07.220+0000] {logging_mixin.py:190} INFO - [2025-05-20T02:58:07.220+0000] {dag.py:4156} INFO - Setting next_dagrun for dataset_alias_example_alias_producer to None, run_after=None
[2025-05-20T02:58:07.224+0000] {logging_mixin.py:190} INFO - [2025-05-20T02:58:07.224+0000] {dag.py:4156} INFO - Setting next_dagrun for dataset_s3_bucket_consumer to None, run_after=None
[2025-05-20T02:58:07.227+0000] {logging_mixin.py:190} INFO - [2025-05-20T02:58:07.227+0000] {dag.py:4156} INFO - Setting next_dagrun for dataset_s3_bucket_producer to None, run_after=None
[2025-05-20T02:58:07.380+0000] {processor.py:208} INFO - Processing /home/airflow/.local/lib/python3.12/site-packages/airflow/example_dags/example_dataset_alias.py took 0.749 seconds
[2025-05-20T02:58:38.114+0000] {processor.py:186} INFO - Started process (PID=658) to work on /home/airflow/.local/lib/python3.12/site-packages/airflow/example_dags/example_dataset_alias.py
[2025-05-20T02:58:38.117+0000] {processor.py:914} INFO - Processing file /home/airflow/.local/lib/python3.12/site-packages/airflow/example_dags/example_dataset_alias.py for tasks to queue
[2025-05-20T02:58:38.127+0000] {logging_mixin.py:190} INFO - [2025-05-20T02:58:38.125+0000] {dagbag.py:587} INFO - Filling up the DagBag from /home/airflow/.local/lib/python3.12/site-packages/airflow/example_dags/example_dataset_alias.py
[2025-05-20T02:58:38.277+0000] {processor.py:925} INFO - DAG(s) 'dataset_s3_bucket_consumer', 'dataset_alias_example_alias_consumer', 'dataset_alias_example_alias_producer', 'dataset_s3_bucket_producer' retrieved from /home/airflow/.local/lib/python3.12/site-packages/airflow/example_dags/example_dataset_alias.py
[2025-05-20T02:58:38.360+0000] {logging_mixin.py:190} INFO - [2025-05-20T02:58:38.359+0000] {dag.py:3229} INFO - Sync 4 DAGs
[2025-05-20T02:58:38.378+0000] {logging_mixin.py:190} INFO - [2025-05-20T02:58:38.378+0000] {dag.py:4156} INFO - Setting next_dagrun for dataset_alias_example_alias_consumer to None, run_after=None
[2025-05-20T02:58:38.399+0000] {logging_mixin.py:190} INFO - [2025-05-20T02:58:38.398+0000] {dag.py:4156} INFO - Setting next_dagrun for dataset_alias_example_alias_producer to None, run_after=None
[2025-05-20T02:58:38.402+0000] {logging_mixin.py:190} INFO - [2025-05-20T02:58:38.402+0000] {dag.py:4156} INFO - Setting next_dagrun for dataset_s3_bucket_consumer to None, run_after=None
[2025-05-20T02:58:38.406+0000] {logging_mixin.py:190} INFO - [2025-05-20T02:58:38.404+0000] {dag.py:4156} INFO - Setting next_dagrun for dataset_s3_bucket_producer to None, run_after=None
[2025-05-20T02:58:38.492+0000] {processor.py:208} INFO - Processing /home/airflow/.local/lib/python3.12/site-packages/airflow/example_dags/example_dataset_alias.py took 0.381 seconds
[2025-05-20T02:59:08.806+0000] {processor.py:186} INFO - Started process (PID=721) to work on /home/airflow/.local/lib/python3.12/site-packages/airflow/example_dags/example_dataset_alias.py
[2025-05-20T02:59:08.809+0000] {processor.py:914} INFO - Processing file /home/airflow/.local/lib/python3.12/site-packages/airflow/example_dags/example_dataset_alias.py for tasks to queue
[2025-05-20T02:59:08.813+0000] {logging_mixin.py:190} INFO - [2025-05-20T02:59:08.812+0000] {dagbag.py:587} INFO - Filling up the DagBag from /home/airflow/.local/lib/python3.12/site-packages/airflow/example_dags/example_dataset_alias.py
[2025-05-20T02:59:09.017+0000] {processor.py:925} INFO - DAG(s) 'dataset_s3_bucket_consumer', 'dataset_s3_bucket_producer', 'dataset_alias_example_alias_consumer', 'dataset_alias_example_alias_producer' retrieved from /home/airflow/.local/lib/python3.12/site-packages/airflow/example_dags/example_dataset_alias.py
[2025-05-20T02:59:09.129+0000] {logging_mixin.py:190} INFO - [2025-05-20T02:59:09.128+0000] {dag.py:3229} INFO - Sync 4 DAGs
[2025-05-20T02:59:09.173+0000] {logging_mixin.py:190} INFO - [2025-05-20T02:59:09.173+0000] {dag.py:4156} INFO - Setting next_dagrun for dataset_alias_example_alias_consumer to None, run_after=None
[2025-05-20T02:59:09.191+0000] {logging_mixin.py:190} INFO - [2025-05-20T02:59:09.191+0000] {dag.py:4156} INFO - Setting next_dagrun for dataset_alias_example_alias_producer to None, run_after=None
[2025-05-20T02:59:09.199+0000] {logging_mixin.py:190} INFO - [2025-05-20T02:59:09.197+0000] {dag.py:4156} INFO - Setting next_dagrun for dataset_s3_bucket_consumer to None, run_after=None
[2025-05-20T02:59:09.210+0000] {logging_mixin.py:190} INFO - [2025-05-20T02:59:09.202+0000] {dag.py:4156} INFO - Setting next_dagrun for dataset_s3_bucket_producer to None, run_after=None
[2025-05-20T02:59:09.321+0000] {processor.py:208} INFO - Processing /home/airflow/.local/lib/python3.12/site-packages/airflow/example_dags/example_dataset_alias.py took 0.519 seconds
[2025-05-20T02:59:39.659+0000] {processor.py:186} INFO - Started process (PID=785) to work on /home/airflow/.local/lib/python3.12/site-packages/airflow/example_dags/example_dataset_alias.py
[2025-05-20T02:59:39.664+0000] {processor.py:914} INFO - Processing file /home/airflow/.local/lib/python3.12/site-packages/airflow/example_dags/example_dataset_alias.py for tasks to queue
[2025-05-20T02:59:39.683+0000] {logging_mixin.py:190} INFO - [2025-05-20T02:59:39.678+0000] {dagbag.py:587} INFO - Filling up the DagBag from /home/airflow/.local/lib/python3.12/site-packages/airflow/example_dags/example_dataset_alias.py
[2025-05-20T02:59:39.859+0000] {processor.py:925} INFO - DAG(s) 'dataset_alias_example_alias_consumer', 'dataset_s3_bucket_producer', 'dataset_alias_example_alias_producer', 'dataset_s3_bucket_consumer' retrieved from /home/airflow/.local/lib/python3.12/site-packages/airflow/example_dags/example_dataset_alias.py
[2025-05-20T02:59:39.916+0000] {logging_mixin.py:190} INFO - [2025-05-20T02:59:39.916+0000] {dag.py:3229} INFO - Sync 4 DAGs
[2025-05-20T02:59:39.945+0000] {logging_mixin.py:190} INFO - [2025-05-20T02:59:39.944+0000] {dag.py:4156} INFO - Setting next_dagrun for dataset_alias_example_alias_consumer to None, run_after=None
[2025-05-20T02:59:39.951+0000] {logging_mixin.py:190} INFO - [2025-05-20T02:59:39.951+0000] {dag.py:4156} INFO - Setting next_dagrun for dataset_alias_example_alias_producer to None, run_after=None
[2025-05-20T02:59:39.959+0000] {logging_mixin.py:190} INFO - [2025-05-20T02:59:39.959+0000] {dag.py:4156} INFO - Setting next_dagrun for dataset_s3_bucket_consumer to None, run_after=None
[2025-05-20T02:59:39.965+0000] {logging_mixin.py:190} INFO - [2025-05-20T02:59:39.965+0000] {dag.py:4156} INFO - Setting next_dagrun for dataset_s3_bucket_producer to None, run_after=None
[2025-05-20T02:59:40.026+0000] {processor.py:208} INFO - Processing /home/airflow/.local/lib/python3.12/site-packages/airflow/example_dags/example_dataset_alias.py took 0.371 seconds
[2025-05-20T03:00:10.142+0000] {processor.py:186} INFO - Started process (PID=847) to work on /home/airflow/.local/lib/python3.12/site-packages/airflow/example_dags/example_dataset_alias.py
[2025-05-20T03:00:10.143+0000] {processor.py:914} INFO - Processing file /home/airflow/.local/lib/python3.12/site-packages/airflow/example_dags/example_dataset_alias.py for tasks to queue
[2025-05-20T03:00:10.147+0000] {logging_mixin.py:190} INFO - [2025-05-20T03:00:10.146+0000] {dagbag.py:587} INFO - Filling up the DagBag from /home/airflow/.local/lib/python3.12/site-packages/airflow/example_dags/example_dataset_alias.py
[2025-05-20T03:00:10.367+0000] {processor.py:925} INFO - DAG(s) 'dataset_s3_bucket_producer', 'dataset_s3_bucket_consumer', 'dataset_alias_example_alias_consumer', 'dataset_alias_example_alias_producer' retrieved from /home/airflow/.local/lib/python3.12/site-packages/airflow/example_dags/example_dataset_alias.py
[2025-05-20T03:00:10.483+0000] {logging_mixin.py:190} INFO - [2025-05-20T03:00:10.478+0000] {dag.py:3229} INFO - Sync 4 DAGs
[2025-05-20T03:00:10.515+0000] {logging_mixin.py:190} INFO - [2025-05-20T03:00:10.515+0000] {dag.py:4156} INFO - Setting next_dagrun for dataset_alias_example_alias_consumer to None, run_after=None
[2025-05-20T03:00:10.527+0000] {logging_mixin.py:190} INFO - [2025-05-20T03:00:10.527+0000] {dag.py:4156} INFO - Setting next_dagrun for dataset_alias_example_alias_producer to None, run_after=None
[2025-05-20T03:00:10.529+0000] {logging_mixin.py:190} INFO - [2025-05-20T03:00:10.529+0000] {dag.py:4156} INFO - Setting next_dagrun for dataset_s3_bucket_consumer to None, run_after=None
[2025-05-20T03:00:10.532+0000] {logging_mixin.py:190} INFO - [2025-05-20T03:00:10.532+0000] {dag.py:4156} INFO - Setting next_dagrun for dataset_s3_bucket_producer to None, run_after=None
[2025-05-20T03:00:10.602+0000] {processor.py:208} INFO - Processing /home/airflow/.local/lib/python3.12/site-packages/airflow/example_dags/example_dataset_alias.py took 0.464 seconds
[2025-05-20T03:00:40.895+0000] {processor.py:186} INFO - Started process (PID=910) to work on /home/airflow/.local/lib/python3.12/site-packages/airflow/example_dags/example_dataset_alias.py
[2025-05-20T03:00:40.896+0000] {processor.py:914} INFO - Processing file /home/airflow/.local/lib/python3.12/site-packages/airflow/example_dags/example_dataset_alias.py for tasks to queue
[2025-05-20T03:00:40.903+0000] {logging_mixin.py:190} INFO - [2025-05-20T03:00:40.903+0000] {dagbag.py:587} INFO - Filling up the DagBag from /home/airflow/.local/lib/python3.12/site-packages/airflow/example_dags/example_dataset_alias.py
[2025-05-20T03:00:41.159+0000] {processor.py:925} INFO - DAG(s) 'dataset_alias_example_alias_consumer', 'dataset_alias_example_alias_producer', 'dataset_s3_bucket_producer', 'dataset_s3_bucket_consumer' retrieved from /home/airflow/.local/lib/python3.12/site-packages/airflow/example_dags/example_dataset_alias.py
[2025-05-20T03:00:41.263+0000] {logging_mixin.py:190} INFO - [2025-05-20T03:00:41.261+0000] {dag.py:3229} INFO - Sync 4 DAGs
[2025-05-20T03:00:41.317+0000] {logging_mixin.py:190} INFO - [2025-05-20T03:00:41.315+0000] {dag.py:4156} INFO - Setting next_dagrun for dataset_alias_example_alias_consumer to None, run_after=None
[2025-05-20T03:00:41.327+0000] {logging_mixin.py:190} INFO - [2025-05-20T03:00:41.327+0000] {dag.py:4156} INFO - Setting next_dagrun for dataset_alias_example_alias_producer to None, run_after=None
[2025-05-20T03:00:41.334+0000] {logging_mixin.py:190} INFO - [2025-05-20T03:00:41.332+0000] {dag.py:4156} INFO - Setting next_dagrun for dataset_s3_bucket_consumer to None, run_after=None
[2025-05-20T03:00:41.340+0000] {logging_mixin.py:190} INFO - [2025-05-20T03:00:41.340+0000] {dag.py:4156} INFO - Setting next_dagrun for dataset_s3_bucket_producer to None, run_after=None
[2025-05-20T03:00:41.390+0000] {processor.py:208} INFO - Processing /home/airflow/.local/lib/python3.12/site-packages/airflow/example_dags/example_dataset_alias.py took 0.500 seconds
[2025-05-20T03:01:11.535+0000] {processor.py:186} INFO - Started process (PID=972) to work on /home/airflow/.local/lib/python3.12/site-packages/airflow/example_dags/example_dataset_alias.py
[2025-05-20T03:01:11.537+0000] {processor.py:914} INFO - Processing file /home/airflow/.local/lib/python3.12/site-packages/airflow/example_dags/example_dataset_alias.py for tasks to queue
[2025-05-20T03:01:11.546+0000] {logging_mixin.py:190} INFO - [2025-05-20T03:01:11.545+0000] {dagbag.py:587} INFO - Filling up the DagBag from /home/airflow/.local/lib/python3.12/site-packages/airflow/example_dags/example_dataset_alias.py
[2025-05-20T03:01:11.740+0000] {processor.py:925} INFO - DAG(s) 'dataset_alias_example_alias_consumer', 'dataset_s3_bucket_consumer', 'dataset_alias_example_alias_producer', 'dataset_s3_bucket_producer' retrieved from /home/airflow/.local/lib/python3.12/site-packages/airflow/example_dags/example_dataset_alias.py
[2025-05-20T03:01:11.831+0000] {logging_mixin.py:190} INFO - [2025-05-20T03:01:11.830+0000] {dag.py:3229} INFO - Sync 4 DAGs
[2025-05-20T03:01:11.889+0000] {logging_mixin.py:190} INFO - [2025-05-20T03:01:11.888+0000] {dag.py:4156} INFO - Setting next_dagrun for dataset_alias_example_alias_consumer to None, run_after=None
[2025-05-20T03:01:11.899+0000] {logging_mixin.py:190} INFO - [2025-05-20T03:01:11.899+0000] {dag.py:4156} INFO - Setting next_dagrun for dataset_alias_example_alias_producer to None, run_after=None
[2025-05-20T03:01:11.905+0000] {logging_mixin.py:190} INFO - [2025-05-20T03:01:11.904+0000] {dag.py:4156} INFO - Setting next_dagrun for dataset_s3_bucket_consumer to None, run_after=None
[2025-05-20T03:01:11.911+0000] {logging_mixin.py:190} INFO - [2025-05-20T03:01:11.909+0000] {dag.py:4156} INFO - Setting next_dagrun for dataset_s3_bucket_producer to None, run_after=None
[2025-05-20T03:01:12.042+0000] {processor.py:208} INFO - Processing /home/airflow/.local/lib/python3.12/site-packages/airflow/example_dags/example_dataset_alias.py took 0.511 seconds
[2025-05-20T03:01:42.202+0000] {processor.py:186} INFO - Started process (PID=1034) to work on /home/airflow/.local/lib/python3.12/site-packages/airflow/example_dags/example_dataset_alias.py
[2025-05-20T03:01:42.203+0000] {processor.py:914} INFO - Processing file /home/airflow/.local/lib/python3.12/site-packages/airflow/example_dags/example_dataset_alias.py for tasks to queue
[2025-05-20T03:01:42.214+0000] {logging_mixin.py:190} INFO - [2025-05-20T03:01:42.214+0000] {dagbag.py:587} INFO - Filling up the DagBag from /home/airflow/.local/lib/python3.12/site-packages/airflow/example_dags/example_dataset_alias.py
[2025-05-20T03:01:42.567+0000] {processor.py:925} INFO - DAG(s) 'dataset_alias_example_alias_producer', 'dataset_s3_bucket_consumer', 'dataset_s3_bucket_producer', 'dataset_alias_example_alias_consumer' retrieved from /home/airflow/.local/lib/python3.12/site-packages/airflow/example_dags/example_dataset_alias.py
[2025-05-20T03:01:42.663+0000] {logging_mixin.py:190} INFO - [2025-05-20T03:01:42.661+0000] {dag.py:3229} INFO - Sync 4 DAGs
[2025-05-20T03:01:42.704+0000] {logging_mixin.py:190} INFO - [2025-05-20T03:01:42.703+0000] {dag.py:4156} INFO - Setting next_dagrun for dataset_alias_example_alias_consumer to None, run_after=None
[2025-05-20T03:01:42.734+0000] {logging_mixin.py:190} INFO - [2025-05-20T03:01:42.734+0000] {dag.py:4156} INFO - Setting next_dagrun for dataset_alias_example_alias_producer to None, run_after=None
[2025-05-20T03:01:42.736+0000] {logging_mixin.py:190} INFO - [2025-05-20T03:01:42.736+0000] {dag.py:4156} INFO - Setting next_dagrun for dataset_s3_bucket_consumer to None, run_after=None
[2025-05-20T03:01:42.739+0000] {logging_mixin.py:190} INFO - [2025-05-20T03:01:42.739+0000] {dag.py:4156} INFO - Setting next_dagrun for dataset_s3_bucket_producer to None, run_after=None
[2025-05-20T03:01:42.812+0000] {processor.py:208} INFO - Processing /home/airflow/.local/lib/python3.12/site-packages/airflow/example_dags/example_dataset_alias.py took 0.617 seconds
[2025-05-20T03:02:12.918+0000] {processor.py:186} INFO - Started process (PID=1097) to work on /home/airflow/.local/lib/python3.12/site-packages/airflow/example_dags/example_dataset_alias.py
[2025-05-20T03:02:12.920+0000] {processor.py:914} INFO - Processing file /home/airflow/.local/lib/python3.12/site-packages/airflow/example_dags/example_dataset_alias.py for tasks to queue
[2025-05-20T03:02:12.928+0000] {logging_mixin.py:190} INFO - [2025-05-20T03:02:12.928+0000] {dagbag.py:587} INFO - Filling up the DagBag from /home/airflow/.local/lib/python3.12/site-packages/airflow/example_dags/example_dataset_alias.py
[2025-05-20T03:02:13.156+0000] {processor.py:925} INFO - DAG(s) 'dataset_alias_example_alias_producer', 'dataset_s3_bucket_producer', 'dataset_s3_bucket_consumer', 'dataset_alias_example_alias_consumer' retrieved from /home/airflow/.local/lib/python3.12/site-packages/airflow/example_dags/example_dataset_alias.py
[2025-05-20T03:02:13.216+0000] {logging_mixin.py:190} INFO - [2025-05-20T03:02:13.215+0000] {dag.py:3229} INFO - Sync 4 DAGs
[2025-05-20T03:02:13.240+0000] {logging_mixin.py:190} INFO - [2025-05-20T03:02:13.239+0000] {dag.py:4156} INFO - Setting next_dagrun for dataset_alias_example_alias_consumer to None, run_after=None
[2025-05-20T03:02:13.244+0000] {logging_mixin.py:190} INFO - [2025-05-20T03:02:13.244+0000] {dag.py:4156} INFO - Setting next_dagrun for dataset_alias_example_alias_producer to None, run_after=None
[2025-05-20T03:02:13.246+0000] {logging_mixin.py:190} INFO - [2025-05-20T03:02:13.245+0000] {dag.py:4156} INFO - Setting next_dagrun for dataset_s3_bucket_consumer to None, run_after=None
[2025-05-20T03:02:13.247+0000] {logging_mixin.py:190} INFO - [2025-05-20T03:02:13.247+0000] {dag.py:4156} INFO - Setting next_dagrun for dataset_s3_bucket_producer to None, run_after=None
[2025-05-20T03:02:13.287+0000] {processor.py:208} INFO - Processing /home/airflow/.local/lib/python3.12/site-packages/airflow/example_dags/example_dataset_alias.py took 0.378 seconds
[2025-05-20T03:02:43.616+0000] {processor.py:186} INFO - Started process (PID=1160) to work on /home/airflow/.local/lib/python3.12/site-packages/airflow/example_dags/example_dataset_alias.py
[2025-05-20T03:02:43.618+0000] {processor.py:914} INFO - Processing file /home/airflow/.local/lib/python3.12/site-packages/airflow/example_dags/example_dataset_alias.py for tasks to queue
[2025-05-20T03:02:43.623+0000] {logging_mixin.py:190} INFO - [2025-05-20T03:02:43.623+0000] {dagbag.py:587} INFO - Filling up the DagBag from /home/airflow/.local/lib/python3.12/site-packages/airflow/example_dags/example_dataset_alias.py
[2025-05-20T03:02:43.842+0000] {processor.py:925} INFO - DAG(s) 'dataset_alias_example_alias_consumer', 'dataset_s3_bucket_consumer', 'dataset_alias_example_alias_producer', 'dataset_s3_bucket_producer' retrieved from /home/airflow/.local/lib/python3.12/site-packages/airflow/example_dags/example_dataset_alias.py
[2025-05-20T03:02:43.917+0000] {logging_mixin.py:190} INFO - [2025-05-20T03:02:43.913+0000] {dag.py:3229} INFO - Sync 4 DAGs
[2025-05-20T03:02:43.950+0000] {logging_mixin.py:190} INFO - [2025-05-20T03:02:43.950+0000] {dag.py:4156} INFO - Setting next_dagrun for dataset_alias_example_alias_consumer to None, run_after=None
[2025-05-20T03:02:43.962+0000] {logging_mixin.py:190} INFO - [2025-05-20T03:02:43.958+0000] {dag.py:4156} INFO - Setting next_dagrun for dataset_alias_example_alias_producer to None, run_after=None
[2025-05-20T03:02:43.968+0000] {logging_mixin.py:190} INFO - [2025-05-20T03:02:43.968+0000] {dag.py:4156} INFO - Setting next_dagrun for dataset_s3_bucket_consumer to None, run_after=None
[2025-05-20T03:02:43.988+0000] {logging_mixin.py:190} INFO - [2025-05-20T03:02:43.986+0000] {dag.py:4156} INFO - Setting next_dagrun for dataset_s3_bucket_producer to None, run_after=None
[2025-05-20T03:02:44.043+0000] {processor.py:208} INFO - Processing /home/airflow/.local/lib/python3.12/site-packages/airflow/example_dags/example_dataset_alias.py took 0.435 seconds
[2025-05-20T03:03:14.189+0000] {processor.py:186} INFO - Started process (PID=1222) to work on /home/airflow/.local/lib/python3.12/site-packages/airflow/example_dags/example_dataset_alias.py
[2025-05-20T03:03:14.192+0000] {processor.py:914} INFO - Processing file /home/airflow/.local/lib/python3.12/site-packages/airflow/example_dags/example_dataset_alias.py for tasks to queue
[2025-05-20T03:03:14.199+0000] {logging_mixin.py:190} INFO - [2025-05-20T03:03:14.199+0000] {dagbag.py:587} INFO - Filling up the DagBag from /home/airflow/.local/lib/python3.12/site-packages/airflow/example_dags/example_dataset_alias.py
[2025-05-20T03:03:14.412+0000] {processor.py:925} INFO - DAG(s) 'dataset_alias_example_alias_consumer', 'dataset_s3_bucket_consumer', 'dataset_alias_example_alias_producer', 'dataset_s3_bucket_producer' retrieved from /home/airflow/.local/lib/python3.12/site-packages/airflow/example_dags/example_dataset_alias.py
[2025-05-20T03:03:14.484+0000] {logging_mixin.py:190} INFO - [2025-05-20T03:03:14.483+0000] {dag.py:3229} INFO - Sync 4 DAGs
[2025-05-20T03:03:14.532+0000] {logging_mixin.py:190} INFO - [2025-05-20T03:03:14.532+0000] {dag.py:4156} INFO - Setting next_dagrun for dataset_alias_example_alias_consumer to None, run_after=None
[2025-05-20T03:03:14.540+0000] {logging_mixin.py:190} INFO - [2025-05-20T03:03:14.540+0000] {dag.py:4156} INFO - Setting next_dagrun for dataset_alias_example_alias_producer to None, run_after=None
[2025-05-20T03:03:14.544+0000] {logging_mixin.py:190} INFO - [2025-05-20T03:03:14.542+0000] {dag.py:4156} INFO - Setting next_dagrun for dataset_s3_bucket_consumer to None, run_after=None
[2025-05-20T03:03:14.548+0000] {logging_mixin.py:190} INFO - [2025-05-20T03:03:14.547+0000] {dag.py:4156} INFO - Setting next_dagrun for dataset_s3_bucket_producer to None, run_after=None
[2025-05-20T03:03:14.600+0000] {processor.py:208} INFO - Processing /home/airflow/.local/lib/python3.12/site-packages/airflow/example_dags/example_dataset_alias.py took 0.415 seconds
[2025-05-20T03:03:45.068+0000] {processor.py:186} INFO - Started process (PID=1284) to work on /home/airflow/.local/lib/python3.12/site-packages/airflow/example_dags/example_dataset_alias.py
[2025-05-20T03:03:45.074+0000] {processor.py:914} INFO - Processing file /home/airflow/.local/lib/python3.12/site-packages/airflow/example_dags/example_dataset_alias.py for tasks to queue
[2025-05-20T03:03:45.078+0000] {logging_mixin.py:190} INFO - [2025-05-20T03:03:45.077+0000] {dagbag.py:587} INFO - Filling up the DagBag from /home/airflow/.local/lib/python3.12/site-packages/airflow/example_dags/example_dataset_alias.py
[2025-05-20T03:03:45.241+0000] {processor.py:925} INFO - DAG(s) 'dataset_s3_bucket_consumer', 'dataset_s3_bucket_producer', 'dataset_alias_example_alias_consumer', 'dataset_alias_example_alias_producer' retrieved from /home/airflow/.local/lib/python3.12/site-packages/airflow/example_dags/example_dataset_alias.py
[2025-05-20T03:03:45.272+0000] {logging_mixin.py:190} INFO - [2025-05-20T03:03:45.271+0000] {dag.py:3229} INFO - Sync 4 DAGs
[2025-05-20T03:03:45.325+0000] {logging_mixin.py:190} INFO - [2025-05-20T03:03:45.325+0000] {dag.py:4156} INFO - Setting next_dagrun for dataset_alias_example_alias_consumer to None, run_after=None
[2025-05-20T03:03:45.332+0000] {logging_mixin.py:190} INFO - [2025-05-20T03:03:45.332+0000] {dag.py:4156} INFO - Setting next_dagrun for dataset_alias_example_alias_producer to None, run_after=None
[2025-05-20T03:03:45.341+0000] {logging_mixin.py:190} INFO - [2025-05-20T03:03:45.338+0000] {dag.py:4156} INFO - Setting next_dagrun for dataset_s3_bucket_consumer to None, run_after=None
[2025-05-20T03:03:45.355+0000] {logging_mixin.py:190} INFO - [2025-05-20T03:03:45.355+0000] {dag.py:4156} INFO - Setting next_dagrun for dataset_s3_bucket_producer to None, run_after=None
[2025-05-20T03:03:45.471+0000] {processor.py:208} INFO - Processing /home/airflow/.local/lib/python3.12/site-packages/airflow/example_dags/example_dataset_alias.py took 0.408 seconds
[2025-05-20T03:04:15.664+0000] {processor.py:186} INFO - Started process (PID=1346) to work on /home/airflow/.local/lib/python3.12/site-packages/airflow/example_dags/example_dataset_alias.py
[2025-05-20T03:04:15.666+0000] {processor.py:914} INFO - Processing file /home/airflow/.local/lib/python3.12/site-packages/airflow/example_dags/example_dataset_alias.py for tasks to queue
[2025-05-20T03:04:15.671+0000] {logging_mixin.py:190} INFO - [2025-05-20T03:04:15.670+0000] {dagbag.py:587} INFO - Filling up the DagBag from /home/airflow/.local/lib/python3.12/site-packages/airflow/example_dags/example_dataset_alias.py
[2025-05-20T03:04:15.980+0000] {processor.py:925} INFO - DAG(s) 'dataset_alias_example_alias_producer', 'dataset_alias_example_alias_consumer', 'dataset_s3_bucket_producer', 'dataset_s3_bucket_consumer' retrieved from /home/airflow/.local/lib/python3.12/site-packages/airflow/example_dags/example_dataset_alias.py
[2025-05-20T03:04:16.010+0000] {logging_mixin.py:190} INFO - [2025-05-20T03:04:16.010+0000] {dag.py:3229} INFO - Sync 4 DAGs
[2025-05-20T03:04:16.040+0000] {logging_mixin.py:190} INFO - [2025-05-20T03:04:16.039+0000] {dag.py:4156} INFO - Setting next_dagrun for dataset_alias_example_alias_consumer to None, run_after=None
[2025-05-20T03:04:16.043+0000] {logging_mixin.py:190} INFO - [2025-05-20T03:04:16.043+0000] {dag.py:4156} INFO - Setting next_dagrun for dataset_alias_example_alias_producer to None, run_after=None
[2025-05-20T03:04:16.046+0000] {logging_mixin.py:190} INFO - [2025-05-20T03:04:16.045+0000] {dag.py:4156} INFO - Setting next_dagrun for dataset_s3_bucket_consumer to None, run_after=None
[2025-05-20T03:04:16.047+0000] {logging_mixin.py:190} INFO - [2025-05-20T03:04:16.047+0000] {dag.py:4156} INFO - Setting next_dagrun for dataset_s3_bucket_producer to None, run_after=None
[2025-05-20T03:04:16.071+0000] {processor.py:208} INFO - Processing /home/airflow/.local/lib/python3.12/site-packages/airflow/example_dags/example_dataset_alias.py took 0.413 seconds
[2025-05-20T03:04:46.275+0000] {processor.py:186} INFO - Started process (PID=1409) to work on /home/airflow/.local/lib/python3.12/site-packages/airflow/example_dags/example_dataset_alias.py
[2025-05-20T03:04:46.277+0000] {processor.py:914} INFO - Processing file /home/airflow/.local/lib/python3.12/site-packages/airflow/example_dags/example_dataset_alias.py for tasks to queue
[2025-05-20T03:04:46.282+0000] {logging_mixin.py:190} INFO - [2025-05-20T03:04:46.281+0000] {dagbag.py:587} INFO - Filling up the DagBag from /home/airflow/.local/lib/python3.12/site-packages/airflow/example_dags/example_dataset_alias.py
[2025-05-20T03:04:46.542+0000] {processor.py:925} INFO - DAG(s) 'dataset_alias_example_alias_consumer', 'dataset_s3_bucket_producer', 'dataset_s3_bucket_consumer', 'dataset_alias_example_alias_producer' retrieved from /home/airflow/.local/lib/python3.12/site-packages/airflow/example_dags/example_dataset_alias.py
[2025-05-20T03:04:46.584+0000] {logging_mixin.py:190} INFO - [2025-05-20T03:04:46.583+0000] {dag.py:3229} INFO - Sync 4 DAGs
[2025-05-20T03:04:46.638+0000] {logging_mixin.py:190} INFO - [2025-05-20T03:04:46.638+0000] {dag.py:4156} INFO - Setting next_dagrun for dataset_alias_example_alias_consumer to None, run_after=None
[2025-05-20T03:04:46.654+0000] {logging_mixin.py:190} INFO - [2025-05-20T03:04:46.651+0000] {dag.py:4156} INFO - Setting next_dagrun for dataset_alias_example_alias_producer to None, run_after=None
[2025-05-20T03:04:46.658+0000] {logging_mixin.py:190} INFO - [2025-05-20T03:04:46.657+0000] {dag.py:4156} INFO - Setting next_dagrun for dataset_s3_bucket_consumer to None, run_after=None
[2025-05-20T03:04:46.661+0000] {logging_mixin.py:190} INFO - [2025-05-20T03:04:46.661+0000] {dag.py:4156} INFO - Setting next_dagrun for dataset_s3_bucket_producer to None, run_after=None
[2025-05-20T03:04:46.697+0000] {processor.py:208} INFO - Processing /home/airflow/.local/lib/python3.12/site-packages/airflow/example_dags/example_dataset_alias.py took 0.428 seconds
[2025-05-20T03:05:17.196+0000] {processor.py:186} INFO - Started process (PID=1472) to work on /home/airflow/.local/lib/python3.12/site-packages/airflow/example_dags/example_dataset_alias.py
[2025-05-20T03:05:17.198+0000] {processor.py:914} INFO - Processing file /home/airflow/.local/lib/python3.12/site-packages/airflow/example_dags/example_dataset_alias.py for tasks to queue
[2025-05-20T03:05:17.207+0000] {logging_mixin.py:190} INFO - [2025-05-20T03:05:17.206+0000] {dagbag.py:587} INFO - Filling up the DagBag from /home/airflow/.local/lib/python3.12/site-packages/airflow/example_dags/example_dataset_alias.py
[2025-05-20T03:05:17.521+0000] {processor.py:925} INFO - DAG(s) 'dataset_alias_example_alias_producer', 'dataset_alias_example_alias_consumer', 'dataset_s3_bucket_consumer', 'dataset_s3_bucket_producer' retrieved from /home/airflow/.local/lib/python3.12/site-packages/airflow/example_dags/example_dataset_alias.py
[2025-05-20T03:05:17.625+0000] {logging_mixin.py:190} INFO - [2025-05-20T03:05:17.625+0000] {dag.py:3229} INFO - Sync 4 DAGs
[2025-05-20T03:05:17.662+0000] {logging_mixin.py:190} INFO - [2025-05-20T03:05:17.662+0000] {dag.py:4156} INFO - Setting next_dagrun for dataset_alias_example_alias_consumer to None, run_after=None
[2025-05-20T03:05:17.673+0000] {logging_mixin.py:190} INFO - [2025-05-20T03:05:17.673+0000] {dag.py:4156} INFO - Setting next_dagrun for dataset_alias_example_alias_producer to None, run_after=None
[2025-05-20T03:05:17.686+0000] {logging_mixin.py:190} INFO - [2025-05-20T03:05:17.685+0000] {dag.py:4156} INFO - Setting next_dagrun for dataset_s3_bucket_consumer to None, run_after=None
[2025-05-20T03:05:17.698+0000] {logging_mixin.py:190} INFO - [2025-05-20T03:05:17.697+0000] {dag.py:4156} INFO - Setting next_dagrun for dataset_s3_bucket_producer to None, run_after=None
[2025-05-20T03:05:17.769+0000] {processor.py:208} INFO - Processing /home/airflow/.local/lib/python3.12/site-packages/airflow/example_dags/example_dataset_alias.py took 0.580 seconds
[2025-05-20T03:05:48.318+0000] {processor.py:186} INFO - Started process (PID=1535) to work on /home/airflow/.local/lib/python3.12/site-packages/airflow/example_dags/example_dataset_alias.py
[2025-05-20T03:05:48.320+0000] {processor.py:914} INFO - Processing file /home/airflow/.local/lib/python3.12/site-packages/airflow/example_dags/example_dataset_alias.py for tasks to queue
[2025-05-20T03:05:48.328+0000] {logging_mixin.py:190} INFO - [2025-05-20T03:05:48.328+0000] {dagbag.py:587} INFO - Filling up the DagBag from /home/airflow/.local/lib/python3.12/site-packages/airflow/example_dags/example_dataset_alias.py
[2025-05-20T03:05:48.548+0000] {processor.py:925} INFO - DAG(s) 'dataset_alias_example_alias_producer', 'dataset_alias_example_alias_consumer', 'dataset_s3_bucket_producer', 'dataset_s3_bucket_consumer' retrieved from /home/airflow/.local/lib/python3.12/site-packages/airflow/example_dags/example_dataset_alias.py
[2025-05-20T03:05:48.605+0000] {logging_mixin.py:190} INFO - [2025-05-20T03:05:48.605+0000] {dag.py:3229} INFO - Sync 4 DAGs
[2025-05-20T03:05:48.646+0000] {logging_mixin.py:190} INFO - [2025-05-20T03:05:48.645+0000] {dag.py:4156} INFO - Setting next_dagrun for dataset_alias_example_alias_consumer to None, run_after=None
[2025-05-20T03:05:48.656+0000] {logging_mixin.py:190} INFO - [2025-05-20T03:05:48.656+0000] {dag.py:4156} INFO - Setting next_dagrun for dataset_alias_example_alias_producer to None, run_after=None
[2025-05-20T03:05:48.660+0000] {logging_mixin.py:190} INFO - [2025-05-20T03:05:48.660+0000] {dag.py:4156} INFO - Setting next_dagrun for dataset_s3_bucket_consumer to None, run_after=None
[2025-05-20T03:05:48.666+0000] {logging_mixin.py:190} INFO - [2025-05-20T03:05:48.665+0000] {dag.py:4156} INFO - Setting next_dagrun for dataset_s3_bucket_producer to None, run_after=None
[2025-05-20T03:05:48.730+0000] {processor.py:208} INFO - Processing /home/airflow/.local/lib/python3.12/site-packages/airflow/example_dags/example_dataset_alias.py took 0.416 seconds
[2025-05-20T03:06:19.140+0000] {processor.py:186} INFO - Started process (PID=1598) to work on /home/airflow/.local/lib/python3.12/site-packages/airflow/example_dags/example_dataset_alias.py
[2025-05-20T03:06:19.169+0000] {processor.py:914} INFO - Processing file /home/airflow/.local/lib/python3.12/site-packages/airflow/example_dags/example_dataset_alias.py for tasks to queue
[2025-05-20T03:06:19.190+0000] {logging_mixin.py:190} INFO - [2025-05-20T03:06:19.187+0000] {dagbag.py:587} INFO - Filling up the DagBag from /home/airflow/.local/lib/python3.12/site-packages/airflow/example_dags/example_dataset_alias.py
[2025-05-20T03:06:19.564+0000] {processor.py:925} INFO - DAG(s) 'dataset_alias_example_alias_consumer', 'dataset_s3_bucket_consumer', 'dataset_s3_bucket_producer', 'dataset_alias_example_alias_producer' retrieved from /home/airflow/.local/lib/python3.12/site-packages/airflow/example_dags/example_dataset_alias.py
[2025-05-20T03:06:19.636+0000] {logging_mixin.py:190} INFO - [2025-05-20T03:06:19.635+0000] {dag.py:3229} INFO - Sync 4 DAGs
[2025-05-20T03:06:19.673+0000] {logging_mixin.py:190} INFO - [2025-05-20T03:06:19.672+0000] {dag.py:4156} INFO - Setting next_dagrun for dataset_alias_example_alias_consumer to None, run_after=None
[2025-05-20T03:06:19.679+0000] {logging_mixin.py:190} INFO - [2025-05-20T03:06:19.679+0000] {dag.py:4156} INFO - Setting next_dagrun for dataset_alias_example_alias_producer to None, run_after=None
[2025-05-20T03:06:19.686+0000] {logging_mixin.py:190} INFO - [2025-05-20T03:06:19.685+0000] {dag.py:4156} INFO - Setting next_dagrun for dataset_s3_bucket_consumer to None, run_after=None
[2025-05-20T03:06:19.696+0000] {logging_mixin.py:190} INFO - [2025-05-20T03:06:19.694+0000] {dag.py:4156} INFO - Setting next_dagrun for dataset_s3_bucket_producer to None, run_after=None
[2025-05-20T03:06:19.758+0000] {processor.py:208} INFO - Processing /home/airflow/.local/lib/python3.12/site-packages/airflow/example_dags/example_dataset_alias.py took 0.628 seconds
[2025-05-20T03:06:49.993+0000] {processor.py:186} INFO - Started process (PID=1661) to work on /home/airflow/.local/lib/python3.12/site-packages/airflow/example_dags/example_dataset_alias.py
[2025-05-20T03:06:49.998+0000] {processor.py:914} INFO - Processing file /home/airflow/.local/lib/python3.12/site-packages/airflow/example_dags/example_dataset_alias.py for tasks to queue
[2025-05-20T03:06:50.013+0000] {logging_mixin.py:190} INFO - [2025-05-20T03:06:50.012+0000] {dagbag.py:587} INFO - Filling up the DagBag from /home/airflow/.local/lib/python3.12/site-packages/airflow/example_dags/example_dataset_alias.py
[2025-05-20T03:06:50.259+0000] {processor.py:925} INFO - DAG(s) 'dataset_s3_bucket_consumer', 'dataset_alias_example_alias_consumer', 'dataset_s3_bucket_producer', 'dataset_alias_example_alias_producer' retrieved from /home/airflow/.local/lib/python3.12/site-packages/airflow/example_dags/example_dataset_alias.py
[2025-05-20T03:06:50.339+0000] {logging_mixin.py:190} INFO - [2025-05-20T03:06:50.338+0000] {dag.py:3229} INFO - Sync 4 DAGs
[2025-05-20T03:06:50.397+0000] {logging_mixin.py:190} INFO - [2025-05-20T03:06:50.396+0000] {dag.py:4156} INFO - Setting next_dagrun for dataset_alias_example_alias_consumer to None, run_after=None
[2025-05-20T03:06:50.404+0000] {logging_mixin.py:190} INFO - [2025-05-20T03:06:50.404+0000] {dag.py:4156} INFO - Setting next_dagrun for dataset_alias_example_alias_producer to None, run_after=None
[2025-05-20T03:06:50.413+0000] {logging_mixin.py:190} INFO - [2025-05-20T03:06:50.412+0000] {dag.py:4156} INFO - Setting next_dagrun for dataset_s3_bucket_consumer to None, run_after=None
[2025-05-20T03:06:50.442+0000] {logging_mixin.py:190} INFO - [2025-05-20T03:06:50.442+0000] {dag.py:4156} INFO - Setting next_dagrun for dataset_s3_bucket_producer to None, run_after=None
[2025-05-20T03:06:50.545+0000] {processor.py:208} INFO - Processing /home/airflow/.local/lib/python3.12/site-packages/airflow/example_dags/example_dataset_alias.py took 0.556 seconds
[2025-05-20T03:07:21.052+0000] {processor.py:186} INFO - Started process (PID=1724) to work on /home/airflow/.local/lib/python3.12/site-packages/airflow/example_dags/example_dataset_alias.py
[2025-05-20T03:07:21.065+0000] {processor.py:914} INFO - Processing file /home/airflow/.local/lib/python3.12/site-packages/airflow/example_dags/example_dataset_alias.py for tasks to queue
[2025-05-20T03:07:21.071+0000] {logging_mixin.py:190} INFO - [2025-05-20T03:07:21.071+0000] {dagbag.py:587} INFO - Filling up the DagBag from /home/airflow/.local/lib/python3.12/site-packages/airflow/example_dags/example_dataset_alias.py
[2025-05-20T03:07:21.303+0000] {processor.py:925} INFO - DAG(s) 'dataset_alias_example_alias_producer', 'dataset_alias_example_alias_consumer', 'dataset_s3_bucket_consumer', 'dataset_s3_bucket_producer' retrieved from /home/airflow/.local/lib/python3.12/site-packages/airflow/example_dags/example_dataset_alias.py
[2025-05-20T03:07:21.380+0000] {logging_mixin.py:190} INFO - [2025-05-20T03:07:21.378+0000] {dag.py:3229} INFO - Sync 4 DAGs
[2025-05-20T03:07:21.856+0000] {logging_mixin.py:190} INFO - [2025-05-20T03:07:21.856+0000] {dag.py:4156} INFO - Setting next_dagrun for dataset_alias_example_alias_consumer to None, run_after=None
[2025-05-20T03:07:21.866+0000] {logging_mixin.py:190} INFO - [2025-05-20T03:07:21.866+0000] {dag.py:4156} INFO - Setting next_dagrun for dataset_alias_example_alias_producer to None, run_after=None
[2025-05-20T03:07:21.875+0000] {logging_mixin.py:190} INFO - [2025-05-20T03:07:21.873+0000] {dag.py:4156} INFO - Setting next_dagrun for dataset_s3_bucket_consumer to None, run_after=None
[2025-05-20T03:07:21.878+0000] {logging_mixin.py:190} INFO - [2025-05-20T03:07:21.878+0000] {dag.py:4156} INFO - Setting next_dagrun for dataset_s3_bucket_producer to None, run_after=None
[2025-05-20T03:07:21.933+0000] {processor.py:208} INFO - Processing /home/airflow/.local/lib/python3.12/site-packages/airflow/example_dags/example_dataset_alias.py took 0.886 seconds
[2025-05-20T03:07:52.534+0000] {processor.py:186} INFO - Started process (PID=1786) to work on /home/airflow/.local/lib/python3.12/site-packages/airflow/example_dags/example_dataset_alias.py
[2025-05-20T03:07:52.537+0000] {processor.py:914} INFO - Processing file /home/airflow/.local/lib/python3.12/site-packages/airflow/example_dags/example_dataset_alias.py for tasks to queue
[2025-05-20T03:07:52.567+0000] {logging_mixin.py:190} INFO - [2025-05-20T03:07:52.566+0000] {dagbag.py:587} INFO - Filling up the DagBag from /home/airflow/.local/lib/python3.12/site-packages/airflow/example_dags/example_dataset_alias.py
[2025-05-20T03:07:52.879+0000] {processor.py:925} INFO - DAG(s) 'dataset_s3_bucket_consumer', 'dataset_alias_example_alias_consumer', 'dataset_alias_example_alias_producer', 'dataset_s3_bucket_producer' retrieved from /home/airflow/.local/lib/python3.12/site-packages/airflow/example_dags/example_dataset_alias.py
[2025-05-20T03:07:52.952+0000] {logging_mixin.py:190} INFO - [2025-05-20T03:07:52.949+0000] {dag.py:3229} INFO - Sync 4 DAGs
[2025-05-20T03:07:53.010+0000] {logging_mixin.py:190} INFO - [2025-05-20T03:07:53.009+0000] {dag.py:4156} INFO - Setting next_dagrun for dataset_alias_example_alias_consumer to None, run_after=None
[2025-05-20T03:07:53.384+0000] {logging_mixin.py:190} INFO - [2025-05-20T03:07:53.383+0000] {dag.py:4156} INFO - Setting next_dagrun for dataset_alias_example_alias_producer to None, run_after=None
[2025-05-20T03:07:53.386+0000] {logging_mixin.py:190} INFO - [2025-05-20T03:07:53.386+0000] {dag.py:4156} INFO - Setting next_dagrun for dataset_s3_bucket_consumer to None, run_after=None
[2025-05-20T03:07:53.389+0000] {logging_mixin.py:190} INFO - [2025-05-20T03:07:53.389+0000] {dag.py:4156} INFO - Setting next_dagrun for dataset_s3_bucket_producer to None, run_after=None
[2025-05-20T03:07:53.428+0000] {processor.py:208} INFO - Processing /home/airflow/.local/lib/python3.12/site-packages/airflow/example_dags/example_dataset_alias.py took 0.903 seconds
[2025-05-20T03:08:23.856+0000] {processor.py:186} INFO - Started process (PID=1848) to work on /home/airflow/.local/lib/python3.12/site-packages/airflow/example_dags/example_dataset_alias.py
[2025-05-20T03:08:23.859+0000] {processor.py:914} INFO - Processing file /home/airflow/.local/lib/python3.12/site-packages/airflow/example_dags/example_dataset_alias.py for tasks to queue
[2025-05-20T03:08:23.889+0000] {logging_mixin.py:190} INFO - [2025-05-20T03:08:23.876+0000] {dagbag.py:587} INFO - Filling up the DagBag from /home/airflow/.local/lib/python3.12/site-packages/airflow/example_dags/example_dataset_alias.py
[2025-05-20T03:08:24.295+0000] {processor.py:925} INFO - DAG(s) 'dataset_alias_example_alias_consumer', 'dataset_s3_bucket_consumer', 'dataset_alias_example_alias_producer', 'dataset_s3_bucket_producer' retrieved from /home/airflow/.local/lib/python3.12/site-packages/airflow/example_dags/example_dataset_alias.py
[2025-05-20T03:08:24.399+0000] {logging_mixin.py:190} INFO - [2025-05-20T03:08:24.399+0000] {dag.py:3229} INFO - Sync 4 DAGs
[2025-05-20T03:08:24.475+0000] {logging_mixin.py:190} INFO - [2025-05-20T03:08:24.475+0000] {dag.py:4156} INFO - Setting next_dagrun for dataset_alias_example_alias_consumer to None, run_after=None
[2025-05-20T03:08:24.482+0000] {logging_mixin.py:190} INFO - [2025-05-20T03:08:24.482+0000] {dag.py:4156} INFO - Setting next_dagrun for dataset_alias_example_alias_producer to None, run_after=None
[2025-05-20T03:08:24.484+0000] {logging_mixin.py:190} INFO - [2025-05-20T03:08:24.484+0000] {dag.py:4156} INFO - Setting next_dagrun for dataset_s3_bucket_consumer to None, run_after=None
[2025-05-20T03:08:24.487+0000] {logging_mixin.py:190} INFO - [2025-05-20T03:08:24.487+0000] {dag.py:4156} INFO - Setting next_dagrun for dataset_s3_bucket_producer to None, run_after=None
[2025-05-20T03:08:24.539+0000] {processor.py:208} INFO - Processing /home/airflow/.local/lib/python3.12/site-packages/airflow/example_dags/example_dataset_alias.py took 0.691 seconds
[2025-05-20T03:08:55.395+0000] {processor.py:186} INFO - Started process (PID=1911) to work on /home/airflow/.local/lib/python3.12/site-packages/airflow/example_dags/example_dataset_alias.py
[2025-05-20T03:08:55.397+0000] {processor.py:914} INFO - Processing file /home/airflow/.local/lib/python3.12/site-packages/airflow/example_dags/example_dataset_alias.py for tasks to queue
[2025-05-20T03:08:55.402+0000] {logging_mixin.py:190} INFO - [2025-05-20T03:08:55.401+0000] {dagbag.py:587} INFO - Filling up the DagBag from /home/airflow/.local/lib/python3.12/site-packages/airflow/example_dags/example_dataset_alias.py
[2025-05-20T03:08:55.671+0000] {processor.py:925} INFO - DAG(s) 'dataset_s3_bucket_producer', 'dataset_s3_bucket_consumer', 'dataset_alias_example_alias_consumer', 'dataset_alias_example_alias_producer' retrieved from /home/airflow/.local/lib/python3.12/site-packages/airflow/example_dags/example_dataset_alias.py
[2025-05-20T03:08:55.739+0000] {logging_mixin.py:190} INFO - [2025-05-20T03:08:55.739+0000] {dag.py:3229} INFO - Sync 4 DAGs
[2025-05-20T03:08:55.780+0000] {logging_mixin.py:190} INFO - [2025-05-20T03:08:55.780+0000] {dag.py:4156} INFO - Setting next_dagrun for dataset_alias_example_alias_consumer to None, run_after=None
[2025-05-20T03:08:55.788+0000] {logging_mixin.py:190} INFO - [2025-05-20T03:08:55.788+0000] {dag.py:4156} INFO - Setting next_dagrun for dataset_alias_example_alias_producer to None, run_after=None
[2025-05-20T03:08:55.794+0000] {logging_mixin.py:190} INFO - [2025-05-20T03:08:55.793+0000] {dag.py:4156} INFO - Setting next_dagrun for dataset_s3_bucket_consumer to None, run_after=None
[2025-05-20T03:08:55.799+0000] {logging_mixin.py:190} INFO - [2025-05-20T03:08:55.799+0000] {dag.py:4156} INFO - Setting next_dagrun for dataset_s3_bucket_producer to None, run_after=None
[2025-05-20T03:08:55.853+0000] {processor.py:208} INFO - Processing /home/airflow/.local/lib/python3.12/site-packages/airflow/example_dags/example_dataset_alias.py took 0.463 seconds
[2025-05-20T03:09:25.986+0000] {processor.py:186} INFO - Started process (PID=1976) to work on /home/airflow/.local/lib/python3.12/site-packages/airflow/example_dags/example_dataset_alias.py
[2025-05-20T03:09:25.992+0000] {processor.py:914} INFO - Processing file /home/airflow/.local/lib/python3.12/site-packages/airflow/example_dags/example_dataset_alias.py for tasks to queue
[2025-05-20T03:09:26.005+0000] {logging_mixin.py:190} INFO - [2025-05-20T03:09:26.004+0000] {dagbag.py:587} INFO - Filling up the DagBag from /home/airflow/.local/lib/python3.12/site-packages/airflow/example_dags/example_dataset_alias.py
[2025-05-20T03:09:26.217+0000] {processor.py:925} INFO - DAG(s) 'dataset_alias_example_alias_producer', 'dataset_alias_example_alias_consumer', 'dataset_s3_bucket_producer', 'dataset_s3_bucket_consumer' retrieved from /home/airflow/.local/lib/python3.12/site-packages/airflow/example_dags/example_dataset_alias.py
[2025-05-20T03:09:26.296+0000] {logging_mixin.py:190} INFO - [2025-05-20T03:09:26.296+0000] {dag.py:3229} INFO - Sync 4 DAGs
[2025-05-20T03:09:26.743+0000] {logging_mixin.py:190} INFO - [2025-05-20T03:09:26.742+0000] {dag.py:4156} INFO - Setting next_dagrun for dataset_alias_example_alias_consumer to None, run_after=None
[2025-05-20T03:09:26.747+0000] {logging_mixin.py:190} INFO - [2025-05-20T03:09:26.746+0000] {dag.py:4156} INFO - Setting next_dagrun for dataset_alias_example_alias_producer to None, run_after=None
[2025-05-20T03:09:26.751+0000] {logging_mixin.py:190} INFO - [2025-05-20T03:09:26.748+0000] {dag.py:4156} INFO - Setting next_dagrun for dataset_s3_bucket_consumer to None, run_after=None
[2025-05-20T03:09:26.754+0000] {logging_mixin.py:190} INFO - [2025-05-20T03:09:26.754+0000] {dag.py:4156} INFO - Setting next_dagrun for dataset_s3_bucket_producer to None, run_after=None
[2025-05-20T03:09:26.815+0000] {processor.py:208} INFO - Processing /home/airflow/.local/lib/python3.12/site-packages/airflow/example_dags/example_dataset_alias.py took 0.833 seconds
[2025-05-20T03:09:57.554+0000] {processor.py:186} INFO - Started process (PID=2045) to work on /home/airflow/.local/lib/python3.12/site-packages/airflow/example_dags/example_dataset_alias.py
[2025-05-20T03:09:57.556+0000] {processor.py:914} INFO - Processing file /home/airflow/.local/lib/python3.12/site-packages/airflow/example_dags/example_dataset_alias.py for tasks to queue
[2025-05-20T03:09:57.565+0000] {logging_mixin.py:190} INFO - [2025-05-20T03:09:57.565+0000] {dagbag.py:587} INFO - Filling up the DagBag from /home/airflow/.local/lib/python3.12/site-packages/airflow/example_dags/example_dataset_alias.py
[2025-05-20T03:09:57.739+0000] {processor.py:925} INFO - DAG(s) 'dataset_alias_example_alias_consumer', 'dataset_alias_example_alias_producer', 'dataset_s3_bucket_producer', 'dataset_s3_bucket_consumer' retrieved from /home/airflow/.local/lib/python3.12/site-packages/airflow/example_dags/example_dataset_alias.py
[2025-05-20T03:09:57.845+0000] {logging_mixin.py:190} INFO - [2025-05-20T03:09:57.844+0000] {dag.py:3229} INFO - Sync 4 DAGs
[2025-05-20T03:09:58.113+0000] {logging_mixin.py:190} INFO - [2025-05-20T03:09:58.113+0000] {dag.py:4156} INFO - Setting next_dagrun for dataset_alias_example_alias_consumer to None, run_after=None
[2025-05-20T03:09:58.119+0000] {logging_mixin.py:190} INFO - [2025-05-20T03:09:58.118+0000] {dag.py:4156} INFO - Setting next_dagrun for dataset_alias_example_alias_producer to None, run_after=None
[2025-05-20T03:09:58.121+0000] {logging_mixin.py:190} INFO - [2025-05-20T03:09:58.121+0000] {dag.py:4156} INFO - Setting next_dagrun for dataset_s3_bucket_consumer to None, run_after=None
[2025-05-20T03:09:58.125+0000] {logging_mixin.py:190} INFO - [2025-05-20T03:09:58.125+0000] {dag.py:4156} INFO - Setting next_dagrun for dataset_s3_bucket_producer to None, run_after=None
[2025-05-20T03:09:58.184+0000] {processor.py:208} INFO - Processing /home/airflow/.local/lib/python3.12/site-packages/airflow/example_dags/example_dataset_alias.py took 0.643 seconds
[2025-05-20T03:10:28.915+0000] {processor.py:186} INFO - Started process (PID=2108) to work on /home/airflow/.local/lib/python3.12/site-packages/airflow/example_dags/example_dataset_alias.py
[2025-05-20T03:10:28.917+0000] {processor.py:914} INFO - Processing file /home/airflow/.local/lib/python3.12/site-packages/airflow/example_dags/example_dataset_alias.py for tasks to queue
[2025-05-20T03:10:28.926+0000] {logging_mixin.py:190} INFO - [2025-05-20T03:10:28.924+0000] {dagbag.py:587} INFO - Filling up the DagBag from /home/airflow/.local/lib/python3.12/site-packages/airflow/example_dags/example_dataset_alias.py
[2025-05-20T03:10:29.167+0000] {processor.py:925} INFO - DAG(s) 'dataset_s3_bucket_producer', 'dataset_s3_bucket_consumer', 'dataset_alias_example_alias_consumer', 'dataset_alias_example_alias_producer' retrieved from /home/airflow/.local/lib/python3.12/site-packages/airflow/example_dags/example_dataset_alias.py
[2025-05-20T03:10:29.225+0000] {logging_mixin.py:190} INFO - [2025-05-20T03:10:29.225+0000] {dag.py:3229} INFO - Sync 4 DAGs
[2025-05-20T03:10:29.265+0000] {logging_mixin.py:190} INFO - [2025-05-20T03:10:29.265+0000] {dag.py:4156} INFO - Setting next_dagrun for dataset_alias_example_alias_consumer to None, run_after=None
[2025-05-20T03:10:29.271+0000] {logging_mixin.py:190} INFO - [2025-05-20T03:10:29.270+0000] {dag.py:4156} INFO - Setting next_dagrun for dataset_alias_example_alias_producer to None, run_after=None
[2025-05-20T03:10:29.277+0000] {logging_mixin.py:190} INFO - [2025-05-20T03:10:29.272+0000] {dag.py:4156} INFO - Setting next_dagrun for dataset_s3_bucket_consumer to None, run_after=None
[2025-05-20T03:10:29.282+0000] {logging_mixin.py:190} INFO - [2025-05-20T03:10:29.281+0000] {dag.py:4156} INFO - Setting next_dagrun for dataset_s3_bucket_producer to None, run_after=None
[2025-05-20T03:10:29.665+0000] {processor.py:208} INFO - Processing /home/airflow/.local/lib/python3.12/site-packages/airflow/example_dags/example_dataset_alias.py took 0.770 seconds
[2025-05-20T03:10:59.963+0000] {processor.py:186} INFO - Started process (PID=2170) to work on /home/airflow/.local/lib/python3.12/site-packages/airflow/example_dags/example_dataset_alias.py
[2025-05-20T03:10:59.972+0000] {processor.py:914} INFO - Processing file /home/airflow/.local/lib/python3.12/site-packages/airflow/example_dags/example_dataset_alias.py for tasks to queue
[2025-05-20T03:10:59.992+0000] {logging_mixin.py:190} INFO - [2025-05-20T03:10:59.991+0000] {dagbag.py:587} INFO - Filling up the DagBag from /home/airflow/.local/lib/python3.12/site-packages/airflow/example_dags/example_dataset_alias.py
[2025-05-20T03:11:00.905+0000] {processor.py:925} INFO - DAG(s) 'dataset_s3_bucket_consumer', 'dataset_s3_bucket_producer', 'dataset_alias_example_alias_consumer', 'dataset_alias_example_alias_producer' retrieved from /home/airflow/.local/lib/python3.12/site-packages/airflow/example_dags/example_dataset_alias.py
[2025-05-20T03:11:00.982+0000] {logging_mixin.py:190} INFO - [2025-05-20T03:11:00.980+0000] {dag.py:3229} INFO - Sync 4 DAGs
[2025-05-20T03:11:01.023+0000] {logging_mixin.py:190} INFO - [2025-05-20T03:11:01.022+0000] {dag.py:4156} INFO - Setting next_dagrun for dataset_alias_example_alias_consumer to None, run_after=None
[2025-05-20T03:11:01.034+0000] {logging_mixin.py:190} INFO - [2025-05-20T03:11:01.033+0000] {dag.py:4156} INFO - Setting next_dagrun for dataset_alias_example_alias_producer to None, run_after=None
[2025-05-20T03:11:01.040+0000] {logging_mixin.py:190} INFO - [2025-05-20T03:11:01.039+0000] {dag.py:4156} INFO - Setting next_dagrun for dataset_s3_bucket_consumer to None, run_after=None
[2025-05-20T03:11:01.047+0000] {logging_mixin.py:190} INFO - [2025-05-20T03:11:01.046+0000] {dag.py:4156} INFO - Setting next_dagrun for dataset_s3_bucket_producer to None, run_after=None
[2025-05-20T03:11:01.117+0000] {processor.py:208} INFO - Processing /home/airflow/.local/lib/python3.12/site-packages/airflow/example_dags/example_dataset_alias.py took 1.270 seconds
[2025-05-20T03:11:31.643+0000] {processor.py:186} INFO - Started process (PID=2233) to work on /home/airflow/.local/lib/python3.12/site-packages/airflow/example_dags/example_dataset_alias.py
[2025-05-20T03:11:31.655+0000] {processor.py:914} INFO - Processing file /home/airflow/.local/lib/python3.12/site-packages/airflow/example_dags/example_dataset_alias.py for tasks to queue
[2025-05-20T03:11:31.672+0000] {logging_mixin.py:190} INFO - [2025-05-20T03:11:31.672+0000] {dagbag.py:587} INFO - Filling up the DagBag from /home/airflow/.local/lib/python3.12/site-packages/airflow/example_dags/example_dataset_alias.py
[2025-05-20T03:11:31.978+0000] {processor.py:925} INFO - DAG(s) 'dataset_alias_example_alias_producer', 'dataset_s3_bucket_consumer', 'dataset_alias_example_alias_consumer', 'dataset_s3_bucket_producer' retrieved from /home/airflow/.local/lib/python3.12/site-packages/airflow/example_dags/example_dataset_alias.py
[2025-05-20T03:11:32.497+0000] {logging_mixin.py:190} INFO - [2025-05-20T03:11:32.496+0000] {dag.py:3229} INFO - Sync 4 DAGs
[2025-05-20T03:11:32.539+0000] {logging_mixin.py:190} INFO - [2025-05-20T03:11:32.539+0000] {dag.py:4156} INFO - Setting next_dagrun for dataset_alias_example_alias_consumer to None, run_after=None
[2025-05-20T03:11:32.549+0000] {logging_mixin.py:190} INFO - [2025-05-20T03:11:32.548+0000] {dag.py:4156} INFO - Setting next_dagrun for dataset_alias_example_alias_producer to None, run_after=None
[2025-05-20T03:11:32.554+0000] {logging_mixin.py:190} INFO - [2025-05-20T03:11:32.553+0000] {dag.py:4156} INFO - Setting next_dagrun for dataset_s3_bucket_consumer to None, run_after=None
[2025-05-20T03:11:32.558+0000] {logging_mixin.py:190} INFO - [2025-05-20T03:11:32.558+0000] {dag.py:4156} INFO - Setting next_dagrun for dataset_s3_bucket_producer to None, run_after=None
[2025-05-20T03:11:32.618+0000] {processor.py:208} INFO - Processing /home/airflow/.local/lib/python3.12/site-packages/airflow/example_dags/example_dataset_alias.py took 0.984 seconds
[2025-05-20T03:12:03.300+0000] {processor.py:186} INFO - Started process (PID=2296) to work on /home/airflow/.local/lib/python3.12/site-packages/airflow/example_dags/example_dataset_alias.py
[2025-05-20T03:12:03.304+0000] {processor.py:914} INFO - Processing file /home/airflow/.local/lib/python3.12/site-packages/airflow/example_dags/example_dataset_alias.py for tasks to queue
[2025-05-20T03:12:03.328+0000] {logging_mixin.py:190} INFO - [2025-05-20T03:12:03.327+0000] {dagbag.py:587} INFO - Filling up the DagBag from /home/airflow/.local/lib/python3.12/site-packages/airflow/example_dags/example_dataset_alias.py
[2025-05-20T03:12:03.564+0000] {processor.py:925} INFO - DAG(s) 'dataset_alias_example_alias_producer', 'dataset_s3_bucket_consumer', 'dataset_s3_bucket_producer', 'dataset_alias_example_alias_consumer' retrieved from /home/airflow/.local/lib/python3.12/site-packages/airflow/example_dags/example_dataset_alias.py
[2025-05-20T03:12:03.651+0000] {logging_mixin.py:190} INFO - [2025-05-20T03:12:03.651+0000] {dag.py:3229} INFO - Sync 4 DAGs
[2025-05-20T03:12:04.022+0000] {logging_mixin.py:190} INFO - [2025-05-20T03:12:04.021+0000] {dag.py:4156} INFO - Setting next_dagrun for dataset_alias_example_alias_consumer to None, run_after=None
[2025-05-20T03:12:04.027+0000] {logging_mixin.py:190} INFO - [2025-05-20T03:12:04.027+0000] {dag.py:4156} INFO - Setting next_dagrun for dataset_alias_example_alias_producer to None, run_after=None
[2025-05-20T03:12:04.035+0000] {logging_mixin.py:190} INFO - [2025-05-20T03:12:04.034+0000] {dag.py:4156} INFO - Setting next_dagrun for dataset_s3_bucket_consumer to None, run_after=None
[2025-05-20T03:12:04.044+0000] {logging_mixin.py:190} INFO - [2025-05-20T03:12:04.044+0000] {dag.py:4156} INFO - Setting next_dagrun for dataset_s3_bucket_producer to None, run_after=None
[2025-05-20T03:12:04.111+0000] {processor.py:208} INFO - Processing /home/airflow/.local/lib/python3.12/site-packages/airflow/example_dags/example_dataset_alias.py took 0.825 seconds
[2025-05-20T03:12:34.511+0000] {processor.py:186} INFO - Started process (PID=2358) to work on /home/airflow/.local/lib/python3.12/site-packages/airflow/example_dags/example_dataset_alias.py
[2025-05-20T03:12:34.516+0000] {processor.py:914} INFO - Processing file /home/airflow/.local/lib/python3.12/site-packages/airflow/example_dags/example_dataset_alias.py for tasks to queue
[2025-05-20T03:12:34.534+0000] {logging_mixin.py:190} INFO - [2025-05-20T03:12:34.534+0000] {dagbag.py:587} INFO - Filling up the DagBag from /home/airflow/.local/lib/python3.12/site-packages/airflow/example_dags/example_dataset_alias.py
[2025-05-20T03:12:35.130+0000] {processor.py:925} INFO - DAG(s) 'dataset_alias_example_alias_consumer', 'dataset_s3_bucket_producer', 'dataset_alias_example_alias_producer', 'dataset_s3_bucket_consumer' retrieved from /home/airflow/.local/lib/python3.12/site-packages/airflow/example_dags/example_dataset_alias.py
[2025-05-20T03:12:35.186+0000] {logging_mixin.py:190} INFO - [2025-05-20T03:12:35.184+0000] {dag.py:3229} INFO - Sync 4 DAGs
[2025-05-20T03:12:35.230+0000] {logging_mixin.py:190} INFO - [2025-05-20T03:12:35.228+0000] {dag.py:4156} INFO - Setting next_dagrun for dataset_alias_example_alias_consumer to None, run_after=None
[2025-05-20T03:12:35.246+0000] {logging_mixin.py:190} INFO - [2025-05-20T03:12:35.246+0000] {dag.py:4156} INFO - Setting next_dagrun for dataset_alias_example_alias_producer to None, run_after=None
[2025-05-20T03:12:35.251+0000] {logging_mixin.py:190} INFO - [2025-05-20T03:12:35.250+0000] {dag.py:4156} INFO - Setting next_dagrun for dataset_s3_bucket_consumer to None, run_after=None
[2025-05-20T03:12:35.259+0000] {logging_mixin.py:190} INFO - [2025-05-20T03:12:35.258+0000] {dag.py:4156} INFO - Setting next_dagrun for dataset_s3_bucket_producer to None, run_after=None
[2025-05-20T03:12:35.353+0000] {processor.py:208} INFO - Processing /home/airflow/.local/lib/python3.12/site-packages/airflow/example_dags/example_dataset_alias.py took 0.850 seconds
[2025-05-20T03:13:06.984+0000] {processor.py:186} INFO - Started process (PID=2421) to work on /home/airflow/.local/lib/python3.12/site-packages/airflow/example_dags/example_dataset_alias.py
[2025-05-20T03:13:06.986+0000] {processor.py:914} INFO - Processing file /home/airflow/.local/lib/python3.12/site-packages/airflow/example_dags/example_dataset_alias.py for tasks to queue
[2025-05-20T03:13:06.995+0000] {logging_mixin.py:190} INFO - [2025-05-20T03:13:06.994+0000] {dagbag.py:587} INFO - Filling up the DagBag from /home/airflow/.local/lib/python3.12/site-packages/airflow/example_dags/example_dataset_alias.py
[2025-05-20T03:13:07.326+0000] {processor.py:925} INFO - DAG(s) 'dataset_alias_example_alias_producer', 'dataset_s3_bucket_producer', 'dataset_s3_bucket_consumer', 'dataset_alias_example_alias_consumer' retrieved from /home/airflow/.local/lib/python3.12/site-packages/airflow/example_dags/example_dataset_alias.py
[2025-05-20T03:13:07.374+0000] {logging_mixin.py:190} INFO - [2025-05-20T03:13:07.374+0000] {dag.py:3229} INFO - Sync 4 DAGs
[2025-05-20T03:13:07.421+0000] {logging_mixin.py:190} INFO - [2025-05-20T03:13:07.421+0000] {dag.py:4156} INFO - Setting next_dagrun for dataset_alias_example_alias_consumer to None, run_after=None
[2025-05-20T03:13:07.428+0000] {logging_mixin.py:190} INFO - [2025-05-20T03:13:07.427+0000] {dag.py:4156} INFO - Setting next_dagrun for dataset_alias_example_alias_producer to None, run_after=None
[2025-05-20T03:13:07.434+0000] {logging_mixin.py:190} INFO - [2025-05-20T03:13:07.434+0000] {dag.py:4156} INFO - Setting next_dagrun for dataset_s3_bucket_consumer to None, run_after=None
[2025-05-20T03:13:07.442+0000] {logging_mixin.py:190} INFO - [2025-05-20T03:13:07.440+0000] {dag.py:4156} INFO - Setting next_dagrun for dataset_s3_bucket_producer to None, run_after=None
[2025-05-20T03:13:07.496+0000] {processor.py:208} INFO - Processing /home/airflow/.local/lib/python3.12/site-packages/airflow/example_dags/example_dataset_alias.py took 0.519 seconds
[2025-05-20T03:13:38.110+0000] {processor.py:186} INFO - Started process (PID=2485) to work on /home/airflow/.local/lib/python3.12/site-packages/airflow/example_dags/example_dataset_alias.py
[2025-05-20T03:13:38.115+0000] {processor.py:914} INFO - Processing file /home/airflow/.local/lib/python3.12/site-packages/airflow/example_dags/example_dataset_alias.py for tasks to queue
[2025-05-20T03:13:38.130+0000] {logging_mixin.py:190} INFO - [2025-05-20T03:13:38.122+0000] {dagbag.py:587} INFO - Filling up the DagBag from /home/airflow/.local/lib/python3.12/site-packages/airflow/example_dags/example_dataset_alias.py
[2025-05-20T03:13:38.493+0000] {processor.py:925} INFO - DAG(s) 'dataset_s3_bucket_producer', 'dataset_alias_example_alias_consumer', 'dataset_s3_bucket_consumer', 'dataset_alias_example_alias_producer' retrieved from /home/airflow/.local/lib/python3.12/site-packages/airflow/example_dags/example_dataset_alias.py
[2025-05-20T03:13:38.525+0000] {logging_mixin.py:190} INFO - [2025-05-20T03:13:38.525+0000] {dag.py:3229} INFO - Sync 4 DAGs
[2025-05-20T03:13:38.560+0000] {logging_mixin.py:190} INFO - [2025-05-20T03:13:38.559+0000] {dag.py:4156} INFO - Setting next_dagrun for dataset_alias_example_alias_consumer to None, run_after=None
[2025-05-20T03:13:38.566+0000] {logging_mixin.py:190} INFO - [2025-05-20T03:13:38.566+0000] {dag.py:4156} INFO - Setting next_dagrun for dataset_alias_example_alias_producer to None, run_after=None
[2025-05-20T03:13:38.567+0000] {logging_mixin.py:190} INFO - [2025-05-20T03:13:38.567+0000] {dag.py:4156} INFO - Setting next_dagrun for dataset_s3_bucket_consumer to None, run_after=None
[2025-05-20T03:13:38.569+0000] {logging_mixin.py:190} INFO - [2025-05-20T03:13:38.569+0000] {dag.py:4156} INFO - Setting next_dagrun for dataset_s3_bucket_producer to None, run_after=None
[2025-05-20T03:13:38.616+0000] {processor.py:208} INFO - Processing /home/airflow/.local/lib/python3.12/site-packages/airflow/example_dags/example_dataset_alias.py took 0.509 seconds
[2025-05-20T03:14:09.675+0000] {processor.py:186} INFO - Started process (PID=2548) to work on /home/airflow/.local/lib/python3.12/site-packages/airflow/example_dags/example_dataset_alias.py
[2025-05-20T03:14:09.678+0000] {processor.py:914} INFO - Processing file /home/airflow/.local/lib/python3.12/site-packages/airflow/example_dags/example_dataset_alias.py for tasks to queue
[2025-05-20T03:14:09.683+0000] {logging_mixin.py:190} INFO - [2025-05-20T03:14:09.682+0000] {dagbag.py:587} INFO - Filling up the DagBag from /home/airflow/.local/lib/python3.12/site-packages/airflow/example_dags/example_dataset_alias.py
[2025-05-20T03:14:10.156+0000] {processor.py:925} INFO - DAG(s) 'dataset_alias_example_alias_producer', 'dataset_alias_example_alias_consumer', 'dataset_s3_bucket_producer', 'dataset_s3_bucket_consumer' retrieved from /home/airflow/.local/lib/python3.12/site-packages/airflow/example_dags/example_dataset_alias.py
[2025-05-20T03:14:10.197+0000] {logging_mixin.py:190} INFO - [2025-05-20T03:14:10.197+0000] {dag.py:3229} INFO - Sync 4 DAGs
[2025-05-20T03:14:10.240+0000] {logging_mixin.py:190} INFO - [2025-05-20T03:14:10.239+0000] {dag.py:4156} INFO - Setting next_dagrun for dataset_alias_example_alias_consumer to None, run_after=None
[2025-05-20T03:14:10.251+0000] {logging_mixin.py:190} INFO - [2025-05-20T03:14:10.250+0000] {dag.py:4156} INFO - Setting next_dagrun for dataset_alias_example_alias_producer to None, run_after=None
[2025-05-20T03:14:10.260+0000] {logging_mixin.py:190} INFO - [2025-05-20T03:14:10.259+0000] {dag.py:4156} INFO - Setting next_dagrun for dataset_s3_bucket_consumer to None, run_after=None
[2025-05-20T03:14:10.261+0000] {logging_mixin.py:190} INFO - [2025-05-20T03:14:10.261+0000] {dag.py:4156} INFO - Setting next_dagrun for dataset_s3_bucket_producer to None, run_after=None
[2025-05-20T03:14:10.311+0000] {processor.py:208} INFO - Processing /home/airflow/.local/lib/python3.12/site-packages/airflow/example_dags/example_dataset_alias.py took 0.640 seconds
[2025-05-20T03:14:41.059+0000] {processor.py:186} INFO - Started process (PID=2611) to work on /home/airflow/.local/lib/python3.12/site-packages/airflow/example_dags/example_dataset_alias.py
[2025-05-20T03:14:41.062+0000] {processor.py:914} INFO - Processing file /home/airflow/.local/lib/python3.12/site-packages/airflow/example_dags/example_dataset_alias.py for tasks to queue
[2025-05-20T03:14:41.067+0000] {logging_mixin.py:190} INFO - [2025-05-20T03:14:41.067+0000] {dagbag.py:587} INFO - Filling up the DagBag from /home/airflow/.local/lib/python3.12/site-packages/airflow/example_dags/example_dataset_alias.py
[2025-05-20T03:14:41.424+0000] {processor.py:925} INFO - DAG(s) 'dataset_alias_example_alias_consumer', 'dataset_alias_example_alias_producer', 'dataset_s3_bucket_consumer', 'dataset_s3_bucket_producer' retrieved from /home/airflow/.local/lib/python3.12/site-packages/airflow/example_dags/example_dataset_alias.py
[2025-05-20T03:14:41.450+0000] {logging_mixin.py:190} INFO - [2025-05-20T03:14:41.450+0000] {dag.py:3229} INFO - Sync 4 DAGs
[2025-05-20T03:14:41.476+0000] {logging_mixin.py:190} INFO - [2025-05-20T03:14:41.475+0000] {dag.py:4156} INFO - Setting next_dagrun for dataset_alias_example_alias_consumer to None, run_after=None
[2025-05-20T03:14:41.479+0000] {logging_mixin.py:190} INFO - [2025-05-20T03:14:41.479+0000] {dag.py:4156} INFO - Setting next_dagrun for dataset_alias_example_alias_producer to None, run_after=None
[2025-05-20T03:14:41.480+0000] {logging_mixin.py:190} INFO - [2025-05-20T03:14:41.480+0000] {dag.py:4156} INFO - Setting next_dagrun for dataset_s3_bucket_consumer to None, run_after=None
[2025-05-20T03:14:41.480+0000] {logging_mixin.py:190} INFO - [2025-05-20T03:14:41.480+0000] {dag.py:4156} INFO - Setting next_dagrun for dataset_s3_bucket_producer to None, run_after=None
[2025-05-20T03:14:41.497+0000] {processor.py:208} INFO - Processing /home/airflow/.local/lib/python3.12/site-packages/airflow/example_dags/example_dataset_alias.py took 0.442 seconds
[2025-05-20T03:15:12.847+0000] {processor.py:186} INFO - Started process (PID=2674) to work on /home/airflow/.local/lib/python3.12/site-packages/airflow/example_dags/example_dataset_alias.py
[2025-05-20T03:15:12.849+0000] {processor.py:914} INFO - Processing file /home/airflow/.local/lib/python3.12/site-packages/airflow/example_dags/example_dataset_alias.py for tasks to queue
[2025-05-20T03:15:12.851+0000] {logging_mixin.py:190} INFO - [2025-05-20T03:15:12.850+0000] {dagbag.py:587} INFO - Filling up the DagBag from /home/airflow/.local/lib/python3.12/site-packages/airflow/example_dags/example_dataset_alias.py
[2025-05-20T03:15:13.197+0000] {processor.py:925} INFO - DAG(s) 'dataset_alias_example_alias_producer', 'dataset_s3_bucket_producer', 'dataset_alias_example_alias_consumer', 'dataset_s3_bucket_consumer' retrieved from /home/airflow/.local/lib/python3.12/site-packages/airflow/example_dags/example_dataset_alias.py
[2025-05-20T03:15:13.284+0000] {logging_mixin.py:190} INFO - [2025-05-20T03:15:13.284+0000] {dag.py:3229} INFO - Sync 4 DAGs
[2025-05-20T03:15:13.387+0000] {logging_mixin.py:190} INFO - [2025-05-20T03:15:13.387+0000] {dag.py:4156} INFO - Setting next_dagrun for dataset_alias_example_alias_consumer to None, run_after=None
[2025-05-20T03:15:13.398+0000] {logging_mixin.py:190} INFO - [2025-05-20T03:15:13.398+0000] {dag.py:4156} INFO - Setting next_dagrun for dataset_alias_example_alias_producer to None, run_after=None
[2025-05-20T03:15:13.400+0000] {logging_mixin.py:190} INFO - [2025-05-20T03:15:13.400+0000] {dag.py:4156} INFO - Setting next_dagrun for dataset_s3_bucket_consumer to None, run_after=None
[2025-05-20T03:15:13.410+0000] {logging_mixin.py:190} INFO - [2025-05-20T03:15:13.409+0000] {dag.py:4156} INFO - Setting next_dagrun for dataset_s3_bucket_producer to None, run_after=None
[2025-05-20T03:15:13.498+0000] {processor.py:208} INFO - Processing /home/airflow/.local/lib/python3.12/site-packages/airflow/example_dags/example_dataset_alias.py took 0.654 seconds
[2025-05-20T03:15:43.823+0000] {processor.py:186} INFO - Started process (PID=2737) to work on /home/airflow/.local/lib/python3.12/site-packages/airflow/example_dags/example_dataset_alias.py
[2025-05-20T03:15:43.825+0000] {processor.py:914} INFO - Processing file /home/airflow/.local/lib/python3.12/site-packages/airflow/example_dags/example_dataset_alias.py for tasks to queue
[2025-05-20T03:15:43.832+0000] {logging_mixin.py:190} INFO - [2025-05-20T03:15:43.832+0000] {dagbag.py:587} INFO - Filling up the DagBag from /home/airflow/.local/lib/python3.12/site-packages/airflow/example_dags/example_dataset_alias.py
[2025-05-20T03:15:44.175+0000] {processor.py:925} INFO - DAG(s) 'dataset_alias_example_alias_producer', 'dataset_alias_example_alias_consumer', 'dataset_s3_bucket_producer', 'dataset_s3_bucket_consumer' retrieved from /home/airflow/.local/lib/python3.12/site-packages/airflow/example_dags/example_dataset_alias.py
[2025-05-20T03:15:44.254+0000] {logging_mixin.py:190} INFO - [2025-05-20T03:15:44.253+0000] {dag.py:3229} INFO - Sync 4 DAGs
[2025-05-20T03:15:44.294+0000] {logging_mixin.py:190} INFO - [2025-05-20T03:15:44.294+0000] {dag.py:4156} INFO - Setting next_dagrun for dataset_alias_example_alias_consumer to None, run_after=None
[2025-05-20T03:15:44.296+0000] {logging_mixin.py:190} INFO - [2025-05-20T03:15:44.296+0000] {dag.py:4156} INFO - Setting next_dagrun for dataset_alias_example_alias_producer to None, run_after=None
[2025-05-20T03:15:44.298+0000] {logging_mixin.py:190} INFO - [2025-05-20T03:15:44.298+0000] {dag.py:4156} INFO - Setting next_dagrun for dataset_s3_bucket_consumer to None, run_after=None
[2025-05-20T03:15:44.302+0000] {logging_mixin.py:190} INFO - [2025-05-20T03:15:44.302+0000] {dag.py:4156} INFO - Setting next_dagrun for dataset_s3_bucket_producer to None, run_after=None
[2025-05-20T03:15:44.350+0000] {processor.py:208} INFO - Processing /home/airflow/.local/lib/python3.12/site-packages/airflow/example_dags/example_dataset_alias.py took 0.531 seconds
