[2025-05-20T02:50:59.820+0000] {processor.py:186} INFO - Started process (PID=98) to work on /home/airflow/.local/lib/python3.12/site-packages/airflow/example_dags/example_python_decorator.py
[2025-05-20T02:50:59.822+0000] {processor.py:914} INFO - Processing file /home/airflow/.local/lib/python3.12/site-packages/airflow/example_dags/example_python_decorator.py for tasks to queue
[2025-05-20T02:50:59.830+0000] {logging_mixin.py:190} INFO - [2025-05-20T02:50:59.830+0000] {dagbag.py:587} INFO - Filling up the DagBag from /home/airflow/.local/lib/python3.12/site-packages/airflow/example_dags/example_python_decorator.py
[2025-05-20T02:50:59.907+0000] {processor.py:925} INFO - DAG(s) 'example_python_decorator' retrieved from /home/airflow/.local/lib/python3.12/site-packages/airflow/example_dags/example_python_decorator.py
[2025-05-20T02:51:00.134+0000] {logging_mixin.py:190} INFO - [2025-05-20T02:51:00.133+0000] {override.py:1900} INFO - Created Permission View: can read on DAG:example_python_decorator
[2025-05-20T02:51:00.234+0000] {logging_mixin.py:190} INFO - [2025-05-20T02:51:00.234+0000] {override.py:1900} INFO - Created Permission View: can delete on DAG:example_python_decorator
[2025-05-20T02:51:00.277+0000] {logging_mixin.py:190} INFO - [2025-05-20T02:51:00.277+0000] {override.py:1900} INFO - Created Permission View: can edit on DAG:example_python_decorator
[2025-05-20T02:51:00.301+0000] {logging_mixin.py:190} INFO - [2025-05-20T02:51:00.298+0000] {override.py:1900} INFO - Created Permission View: can read on DAG Run:example_python_decorator
[2025-05-20T02:51:00.320+0000] {logging_mixin.py:190} INFO - [2025-05-20T02:51:00.320+0000] {override.py:1900} INFO - Created Permission View: can delete on DAG Run:example_python_decorator
[2025-05-20T02:51:00.331+0000] {logging_mixin.py:190} INFO - [2025-05-20T02:51:00.331+0000] {override.py:1900} INFO - Created Permission View: can create on DAG Run:example_python_decorator
[2025-05-20T02:51:00.350+0000] {logging_mixin.py:190} INFO - [2025-05-20T02:51:00.349+0000] {override.py:1900} INFO - Created Permission View: menu access on DAG Run:example_python_decorator
[2025-05-20T02:51:00.351+0000] {logging_mixin.py:190} INFO - [2025-05-20T02:51:00.351+0000] {dag.py:3229} INFO - Sync 1 DAGs
[2025-05-20T02:51:00.381+0000] {logging_mixin.py:190} INFO - [2025-05-20T02:51:00.381+0000] {dag.py:3252} INFO - Creating ORM DAG for example_python_decorator
[2025-05-20T02:51:00.382+0000] {logging_mixin.py:190} INFO - [2025-05-20T02:51:00.382+0000] {dag.py:4156} INFO - Setting next_dagrun for example_python_decorator to None, run_after=None
[2025-05-20T02:51:00.429+0000] {processor.py:208} INFO - Processing /home/airflow/.local/lib/python3.12/site-packages/airflow/example_dags/example_python_decorator.py took 0.616 seconds
[2025-05-20T02:51:30.515+0000] {processor.py:186} INFO - Started process (PID=160) to work on /home/airflow/.local/lib/python3.12/site-packages/airflow/example_dags/example_python_decorator.py
[2025-05-20T02:51:30.516+0000] {processor.py:914} INFO - Processing file /home/airflow/.local/lib/python3.12/site-packages/airflow/example_dags/example_python_decorator.py for tasks to queue
[2025-05-20T02:51:30.524+0000] {logging_mixin.py:190} INFO - [2025-05-20T02:51:30.521+0000] {dagbag.py:587} INFO - Filling up the DagBag from /home/airflow/.local/lib/python3.12/site-packages/airflow/example_dags/example_python_decorator.py
[2025-05-20T02:51:30.556+0000] {processor.py:925} INFO - DAG(s) 'example_python_decorator' retrieved from /home/airflow/.local/lib/python3.12/site-packages/airflow/example_dags/example_python_decorator.py
[2025-05-20T02:51:30.618+0000] {logging_mixin.py:190} INFO - [2025-05-20T02:51:30.618+0000] {dag.py:3229} INFO - Sync 1 DAGs
[2025-05-20T02:51:30.657+0000] {logging_mixin.py:190} INFO - [2025-05-20T02:51:30.657+0000] {dag.py:4156} INFO - Setting next_dagrun for example_python_decorator to None, run_after=None
[2025-05-20T02:51:30.709+0000] {processor.py:208} INFO - Processing /home/airflow/.local/lib/python3.12/site-packages/airflow/example_dags/example_python_decorator.py took 0.198 seconds
[2025-05-20T02:52:00.767+0000] {processor.py:186} INFO - Started process (PID=222) to work on /home/airflow/.local/lib/python3.12/site-packages/airflow/example_dags/example_python_decorator.py
[2025-05-20T02:52:00.768+0000] {processor.py:914} INFO - Processing file /home/airflow/.local/lib/python3.12/site-packages/airflow/example_dags/example_python_decorator.py for tasks to queue
[2025-05-20T02:52:00.771+0000] {logging_mixin.py:190} INFO - [2025-05-20T02:52:00.771+0000] {dagbag.py:587} INFO - Filling up the DagBag from /home/airflow/.local/lib/python3.12/site-packages/airflow/example_dags/example_python_decorator.py
[2025-05-20T02:52:00.811+0000] {processor.py:925} INFO - DAG(s) 'example_python_decorator' retrieved from /home/airflow/.local/lib/python3.12/site-packages/airflow/example_dags/example_python_decorator.py
[2025-05-20T02:52:00.990+0000] {logging_mixin.py:190} INFO - [2025-05-20T02:52:00.989+0000] {dag.py:3229} INFO - Sync 1 DAGs
[2025-05-20T02:52:01.030+0000] {logging_mixin.py:190} INFO - [2025-05-20T02:52:01.030+0000] {dag.py:4156} INFO - Setting next_dagrun for example_python_decorator to None, run_after=None
[2025-05-20T02:52:01.097+0000] {processor.py:208} INFO - Processing /home/airflow/.local/lib/python3.12/site-packages/airflow/example_dags/example_python_decorator.py took 0.335 seconds
[2025-05-20T02:54:00.575+0000] {processor.py:186} INFO - Started process (PID=99) to work on /home/airflow/.local/lib/python3.12/site-packages/airflow/example_dags/example_python_decorator.py
[2025-05-20T02:54:00.578+0000] {processor.py:914} INFO - Processing file /home/airflow/.local/lib/python3.12/site-packages/airflow/example_dags/example_python_decorator.py for tasks to queue
[2025-05-20T02:54:00.585+0000] {logging_mixin.py:190} INFO - [2025-05-20T02:54:00.584+0000] {dagbag.py:587} INFO - Filling up the DagBag from /home/airflow/.local/lib/python3.12/site-packages/airflow/example_dags/example_python_decorator.py
[2025-05-20T02:54:00.619+0000] {processor.py:925} INFO - DAG(s) 'example_python_decorator' retrieved from /home/airflow/.local/lib/python3.12/site-packages/airflow/example_dags/example_python_decorator.py
[2025-05-20T02:54:00.828+0000] {logging_mixin.py:190} INFO - [2025-05-20T02:54:00.828+0000] {dag.py:3229} INFO - Sync 1 DAGs
[2025-05-20T02:54:00.855+0000] {logging_mixin.py:190} INFO - [2025-05-20T02:54:00.855+0000] {dag.py:4156} INFO - Setting next_dagrun for example_python_decorator to None, run_after=None
[2025-05-20T02:54:00.972+0000] {processor.py:208} INFO - Processing /home/airflow/.local/lib/python3.12/site-packages/airflow/example_dags/example_python_decorator.py took 0.416 seconds
[2025-05-20T02:54:31.204+0000] {processor.py:186} INFO - Started process (PID=162) to work on /home/airflow/.local/lib/python3.12/site-packages/airflow/example_dags/example_python_decorator.py
[2025-05-20T02:54:31.205+0000] {processor.py:914} INFO - Processing file /home/airflow/.local/lib/python3.12/site-packages/airflow/example_dags/example_python_decorator.py for tasks to queue
[2025-05-20T02:54:31.225+0000] {logging_mixin.py:190} INFO - [2025-05-20T02:54:31.225+0000] {dagbag.py:587} INFO - Filling up the DagBag from /home/airflow/.local/lib/python3.12/site-packages/airflow/example_dags/example_python_decorator.py
[2025-05-20T02:54:31.270+0000] {processor.py:925} INFO - DAG(s) 'example_python_decorator' retrieved from /home/airflow/.local/lib/python3.12/site-packages/airflow/example_dags/example_python_decorator.py
[2025-05-20T02:54:31.435+0000] {logging_mixin.py:190} INFO - [2025-05-20T02:54:31.435+0000] {dag.py:3229} INFO - Sync 1 DAGs
[2025-05-20T02:54:31.488+0000] {logging_mixin.py:190} INFO - [2025-05-20T02:54:31.488+0000] {dag.py:4156} INFO - Setting next_dagrun for example_python_decorator to None, run_after=None
[2025-05-20T02:54:31.559+0000] {processor.py:208} INFO - Processing /home/airflow/.local/lib/python3.12/site-packages/airflow/example_dags/example_python_decorator.py took 0.360 seconds
[2025-05-20T02:55:02.792+0000] {processor.py:186} INFO - Started process (PID=225) to work on /home/airflow/.local/lib/python3.12/site-packages/airflow/example_dags/example_python_decorator.py
[2025-05-20T02:55:02.807+0000] {processor.py:914} INFO - Processing file /home/airflow/.local/lib/python3.12/site-packages/airflow/example_dags/example_python_decorator.py for tasks to queue
[2025-05-20T02:55:02.813+0000] {logging_mixin.py:190} INFO - [2025-05-20T02:55:02.812+0000] {dagbag.py:587} INFO - Filling up the DagBag from /home/airflow/.local/lib/python3.12/site-packages/airflow/example_dags/example_python_decorator.py
[2025-05-20T02:55:02.842+0000] {processor.py:925} INFO - DAG(s) 'example_python_decorator' retrieved from /home/airflow/.local/lib/python3.12/site-packages/airflow/example_dags/example_python_decorator.py
[2025-05-20T02:55:02.941+0000] {logging_mixin.py:190} INFO - [2025-05-20T02:55:02.941+0000] {dag.py:3229} INFO - Sync 1 DAGs
[2025-05-20T02:55:02.963+0000] {logging_mixin.py:190} INFO - [2025-05-20T02:55:02.963+0000] {dag.py:4156} INFO - Setting next_dagrun for example_python_decorator to None, run_after=None
[2025-05-20T02:55:03.059+0000] {processor.py:208} INFO - Processing /home/airflow/.local/lib/python3.12/site-packages/airflow/example_dags/example_python_decorator.py took 0.302 seconds
[2025-05-20T02:55:33.796+0000] {processor.py:186} INFO - Started process (PID=288) to work on /home/airflow/.local/lib/python3.12/site-packages/airflow/example_dags/example_python_decorator.py
[2025-05-20T02:55:33.797+0000] {processor.py:914} INFO - Processing file /home/airflow/.local/lib/python3.12/site-packages/airflow/example_dags/example_python_decorator.py for tasks to queue
[2025-05-20T02:55:33.799+0000] {logging_mixin.py:190} INFO - [2025-05-20T02:55:33.799+0000] {dagbag.py:587} INFO - Filling up the DagBag from /home/airflow/.local/lib/python3.12/site-packages/airflow/example_dags/example_python_decorator.py
[2025-05-20T02:55:33.825+0000] {processor.py:925} INFO - DAG(s) 'example_python_decorator' retrieved from /home/airflow/.local/lib/python3.12/site-packages/airflow/example_dags/example_python_decorator.py
[2025-05-20T02:55:33.858+0000] {logging_mixin.py:190} INFO - [2025-05-20T02:55:33.858+0000] {dag.py:3229} INFO - Sync 1 DAGs
[2025-05-20T02:55:33.883+0000] {logging_mixin.py:190} INFO - [2025-05-20T02:55:33.882+0000] {dag.py:4156} INFO - Setting next_dagrun for example_python_decorator to None, run_after=None
[2025-05-20T02:55:33.916+0000] {processor.py:208} INFO - Processing /home/airflow/.local/lib/python3.12/site-packages/airflow/example_dags/example_python_decorator.py took 0.124 seconds
[2025-05-20T02:56:04.964+0000] {processor.py:186} INFO - Started process (PID=351) to work on /home/airflow/.local/lib/python3.12/site-packages/airflow/example_dags/example_python_decorator.py
[2025-05-20T02:56:04.966+0000] {processor.py:914} INFO - Processing file /home/airflow/.local/lib/python3.12/site-packages/airflow/example_dags/example_python_decorator.py for tasks to queue
[2025-05-20T02:56:04.977+0000] {logging_mixin.py:190} INFO - [2025-05-20T02:56:04.976+0000] {dagbag.py:587} INFO - Filling up the DagBag from /home/airflow/.local/lib/python3.12/site-packages/airflow/example_dags/example_python_decorator.py
[2025-05-20T02:56:05.009+0000] {processor.py:925} INFO - DAG(s) 'example_python_decorator' retrieved from /home/airflow/.local/lib/python3.12/site-packages/airflow/example_dags/example_python_decorator.py
[2025-05-20T02:56:05.088+0000] {logging_mixin.py:190} INFO - [2025-05-20T02:56:05.081+0000] {dag.py:3229} INFO - Sync 1 DAGs
[2025-05-20T02:56:05.113+0000] {logging_mixin.py:190} INFO - [2025-05-20T02:56:05.110+0000] {dag.py:4156} INFO - Setting next_dagrun for example_python_decorator to None, run_after=None
[2025-05-20T02:56:05.154+0000] {processor.py:208} INFO - Processing /home/airflow/.local/lib/python3.12/site-packages/airflow/example_dags/example_python_decorator.py took 0.195 seconds
[2025-05-20T02:56:36.336+0000] {processor.py:186} INFO - Started process (PID=414) to work on /home/airflow/.local/lib/python3.12/site-packages/airflow/example_dags/example_python_decorator.py
[2025-05-20T02:56:36.340+0000] {processor.py:914} INFO - Processing file /home/airflow/.local/lib/python3.12/site-packages/airflow/example_dags/example_python_decorator.py for tasks to queue
[2025-05-20T02:56:36.349+0000] {logging_mixin.py:190} INFO - [2025-05-20T02:56:36.348+0000] {dagbag.py:587} INFO - Filling up the DagBag from /home/airflow/.local/lib/python3.12/site-packages/airflow/example_dags/example_python_decorator.py
[2025-05-20T02:56:36.378+0000] {processor.py:925} INFO - DAG(s) 'example_python_decorator' retrieved from /home/airflow/.local/lib/python3.12/site-packages/airflow/example_dags/example_python_decorator.py
[2025-05-20T02:56:36.509+0000] {logging_mixin.py:190} INFO - [2025-05-20T02:56:36.500+0000] {dag.py:3229} INFO - Sync 1 DAGs
[2025-05-20T02:56:36.549+0000] {logging_mixin.py:190} INFO - [2025-05-20T02:56:36.549+0000] {dag.py:4156} INFO - Setting next_dagrun for example_python_decorator to None, run_after=None
[2025-05-20T02:56:36.627+0000] {processor.py:208} INFO - Processing /home/airflow/.local/lib/python3.12/site-packages/airflow/example_dags/example_python_decorator.py took 0.295 seconds
[2025-05-20T02:57:06.946+0000] {processor.py:186} INFO - Started process (PID=477) to work on /home/airflow/.local/lib/python3.12/site-packages/airflow/example_dags/example_python_decorator.py
[2025-05-20T02:57:06.950+0000] {processor.py:914} INFO - Processing file /home/airflow/.local/lib/python3.12/site-packages/airflow/example_dags/example_python_decorator.py for tasks to queue
[2025-05-20T02:57:06.955+0000] {logging_mixin.py:190} INFO - [2025-05-20T02:57:06.955+0000] {dagbag.py:587} INFO - Filling up the DagBag from /home/airflow/.local/lib/python3.12/site-packages/airflow/example_dags/example_python_decorator.py
[2025-05-20T02:57:06.974+0000] {processor.py:925} INFO - DAG(s) 'example_python_decorator' retrieved from /home/airflow/.local/lib/python3.12/site-packages/airflow/example_dags/example_python_decorator.py
[2025-05-20T02:57:07.037+0000] {logging_mixin.py:190} INFO - [2025-05-20T02:57:07.036+0000] {dag.py:3229} INFO - Sync 1 DAGs
[2025-05-20T02:57:07.061+0000] {logging_mixin.py:190} INFO - [2025-05-20T02:57:07.061+0000] {dag.py:4156} INFO - Setting next_dagrun for example_python_decorator to None, run_after=None
[2025-05-20T02:57:07.105+0000] {processor.py:208} INFO - Processing /home/airflow/.local/lib/python3.12/site-packages/airflow/example_dags/example_python_decorator.py took 0.164 seconds
[2025-05-20T02:57:37.363+0000] {processor.py:186} INFO - Started process (PID=540) to work on /home/airflow/.local/lib/python3.12/site-packages/airflow/example_dags/example_python_decorator.py
[2025-05-20T02:57:37.365+0000] {processor.py:914} INFO - Processing file /home/airflow/.local/lib/python3.12/site-packages/airflow/example_dags/example_python_decorator.py for tasks to queue
[2025-05-20T02:57:37.373+0000] {logging_mixin.py:190} INFO - [2025-05-20T02:57:37.373+0000] {dagbag.py:587} INFO - Filling up the DagBag from /home/airflow/.local/lib/python3.12/site-packages/airflow/example_dags/example_python_decorator.py
[2025-05-20T02:57:37.408+0000] {processor.py:925} INFO - DAG(s) 'example_python_decorator' retrieved from /home/airflow/.local/lib/python3.12/site-packages/airflow/example_dags/example_python_decorator.py
[2025-05-20T02:57:37.460+0000] {logging_mixin.py:190} INFO - [2025-05-20T02:57:37.456+0000] {dag.py:3229} INFO - Sync 1 DAGs
[2025-05-20T02:57:37.473+0000] {logging_mixin.py:190} INFO - [2025-05-20T02:57:37.473+0000] {dag.py:4156} INFO - Setting next_dagrun for example_python_decorator to None, run_after=None
[2025-05-20T02:57:37.541+0000] {processor.py:208} INFO - Processing /home/airflow/.local/lib/python3.12/site-packages/airflow/example_dags/example_python_decorator.py took 0.182 seconds
[2025-05-20T02:58:08.753+0000] {processor.py:186} INFO - Started process (PID=603) to work on /home/airflow/.local/lib/python3.12/site-packages/airflow/example_dags/example_python_decorator.py
[2025-05-20T02:58:08.755+0000] {processor.py:914} INFO - Processing file /home/airflow/.local/lib/python3.12/site-packages/airflow/example_dags/example_python_decorator.py for tasks to queue
[2025-05-20T02:58:08.784+0000] {logging_mixin.py:190} INFO - [2025-05-20T02:58:08.784+0000] {dagbag.py:587} INFO - Filling up the DagBag from /home/airflow/.local/lib/python3.12/site-packages/airflow/example_dags/example_python_decorator.py
[2025-05-20T02:58:08.797+0000] {processor.py:925} INFO - DAG(s) 'example_python_decorator' retrieved from /home/airflow/.local/lib/python3.12/site-packages/airflow/example_dags/example_python_decorator.py
[2025-05-20T02:58:08.930+0000] {logging_mixin.py:190} INFO - [2025-05-20T02:58:08.925+0000] {dag.py:3229} INFO - Sync 1 DAGs
[2025-05-20T02:58:08.966+0000] {logging_mixin.py:190} INFO - [2025-05-20T02:58:08.966+0000] {dag.py:4156} INFO - Setting next_dagrun for example_python_decorator to None, run_after=None
[2025-05-20T02:58:09.047+0000] {processor.py:208} INFO - Processing /home/airflow/.local/lib/python3.12/site-packages/airflow/example_dags/example_python_decorator.py took 0.298 seconds
[2025-05-20T02:58:39.245+0000] {processor.py:186} INFO - Started process (PID=667) to work on /home/airflow/.local/lib/python3.12/site-packages/airflow/example_dags/example_python_decorator.py
[2025-05-20T02:58:39.253+0000] {processor.py:914} INFO - Processing file /home/airflow/.local/lib/python3.12/site-packages/airflow/example_dags/example_python_decorator.py for tasks to queue
[2025-05-20T02:58:39.262+0000] {logging_mixin.py:190} INFO - [2025-05-20T02:58:39.260+0000] {dagbag.py:587} INFO - Filling up the DagBag from /home/airflow/.local/lib/python3.12/site-packages/airflow/example_dags/example_python_decorator.py
[2025-05-20T02:58:39.280+0000] {processor.py:925} INFO - DAG(s) 'example_python_decorator' retrieved from /home/airflow/.local/lib/python3.12/site-packages/airflow/example_dags/example_python_decorator.py
[2025-05-20T02:58:39.328+0000] {logging_mixin.py:190} INFO - [2025-05-20T02:58:39.325+0000] {dag.py:3229} INFO - Sync 1 DAGs
[2025-05-20T02:58:39.341+0000] {logging_mixin.py:190} INFO - [2025-05-20T02:58:39.341+0000] {dag.py:4156} INFO - Setting next_dagrun for example_python_decorator to None, run_after=None
[2025-05-20T02:58:39.416+0000] {processor.py:208} INFO - Processing /home/airflow/.local/lib/python3.12/site-packages/airflow/example_dags/example_python_decorator.py took 0.175 seconds
[2025-05-20T02:59:10.106+0000] {processor.py:186} INFO - Started process (PID=730) to work on /home/airflow/.local/lib/python3.12/site-packages/airflow/example_dags/example_python_decorator.py
[2025-05-20T02:59:10.108+0000] {processor.py:914} INFO - Processing file /home/airflow/.local/lib/python3.12/site-packages/airflow/example_dags/example_python_decorator.py for tasks to queue
[2025-05-20T02:59:10.115+0000] {logging_mixin.py:190} INFO - [2025-05-20T02:59:10.114+0000] {dagbag.py:587} INFO - Filling up the DagBag from /home/airflow/.local/lib/python3.12/site-packages/airflow/example_dags/example_python_decorator.py
[2025-05-20T02:59:10.145+0000] {processor.py:925} INFO - DAG(s) 'example_python_decorator' retrieved from /home/airflow/.local/lib/python3.12/site-packages/airflow/example_dags/example_python_decorator.py
[2025-05-20T02:59:10.245+0000] {logging_mixin.py:190} INFO - [2025-05-20T02:59:10.244+0000] {dag.py:3229} INFO - Sync 1 DAGs
[2025-05-20T02:59:10.305+0000] {logging_mixin.py:190} INFO - [2025-05-20T02:59:10.304+0000] {dag.py:4156} INFO - Setting next_dagrun for example_python_decorator to None, run_after=None
[2025-05-20T02:59:10.354+0000] {processor.py:208} INFO - Processing /home/airflow/.local/lib/python3.12/site-packages/airflow/example_dags/example_python_decorator.py took 0.252 seconds
[2025-05-20T02:59:40.584+0000] {processor.py:186} INFO - Started process (PID=793) to work on /home/airflow/.local/lib/python3.12/site-packages/airflow/example_dags/example_python_decorator.py
[2025-05-20T02:59:40.585+0000] {processor.py:914} INFO - Processing file /home/airflow/.local/lib/python3.12/site-packages/airflow/example_dags/example_python_decorator.py for tasks to queue
[2025-05-20T02:59:40.609+0000] {logging_mixin.py:190} INFO - [2025-05-20T02:59:40.609+0000] {dagbag.py:587} INFO - Filling up the DagBag from /home/airflow/.local/lib/python3.12/site-packages/airflow/example_dags/example_python_decorator.py
[2025-05-20T02:59:40.626+0000] {processor.py:925} INFO - DAG(s) 'example_python_decorator' retrieved from /home/airflow/.local/lib/python3.12/site-packages/airflow/example_dags/example_python_decorator.py
[2025-05-20T02:59:40.688+0000] {logging_mixin.py:190} INFO - [2025-05-20T02:59:40.688+0000] {dag.py:3229} INFO - Sync 1 DAGs
[2025-05-20T02:59:40.709+0000] {logging_mixin.py:190} INFO - [2025-05-20T02:59:40.709+0000] {dag.py:4156} INFO - Setting next_dagrun for example_python_decorator to None, run_after=None
[2025-05-20T02:59:40.775+0000] {processor.py:208} INFO - Processing /home/airflow/.local/lib/python3.12/site-packages/airflow/example_dags/example_python_decorator.py took 0.194 seconds
[2025-05-20T03:00:11.379+0000] {processor.py:186} INFO - Started process (PID=856) to work on /home/airflow/.local/lib/python3.12/site-packages/airflow/example_dags/example_python_decorator.py
[2025-05-20T03:00:11.380+0000] {processor.py:914} INFO - Processing file /home/airflow/.local/lib/python3.12/site-packages/airflow/example_dags/example_python_decorator.py for tasks to queue
[2025-05-20T03:00:11.383+0000] {logging_mixin.py:190} INFO - [2025-05-20T03:00:11.383+0000] {dagbag.py:587} INFO - Filling up the DagBag from /home/airflow/.local/lib/python3.12/site-packages/airflow/example_dags/example_python_decorator.py
[2025-05-20T03:00:11.423+0000] {processor.py:925} INFO - DAG(s) 'example_python_decorator' retrieved from /home/airflow/.local/lib/python3.12/site-packages/airflow/example_dags/example_python_decorator.py
[2025-05-20T03:00:11.502+0000] {logging_mixin.py:190} INFO - [2025-05-20T03:00:11.499+0000] {dag.py:3229} INFO - Sync 1 DAGs
[2025-05-20T03:00:11.532+0000] {logging_mixin.py:190} INFO - [2025-05-20T03:00:11.532+0000] {dag.py:4156} INFO - Setting next_dagrun for example_python_decorator to None, run_after=None
[2025-05-20T03:00:11.586+0000] {processor.py:208} INFO - Processing /home/airflow/.local/lib/python3.12/site-packages/airflow/example_dags/example_python_decorator.py took 0.212 seconds
[2025-05-20T03:00:42.070+0000] {processor.py:186} INFO - Started process (PID=919) to work on /home/airflow/.local/lib/python3.12/site-packages/airflow/example_dags/example_python_decorator.py
[2025-05-20T03:00:42.077+0000] {processor.py:914} INFO - Processing file /home/airflow/.local/lib/python3.12/site-packages/airflow/example_dags/example_python_decorator.py for tasks to queue
[2025-05-20T03:00:42.092+0000] {logging_mixin.py:190} INFO - [2025-05-20T03:00:42.091+0000] {dagbag.py:587} INFO - Filling up the DagBag from /home/airflow/.local/lib/python3.12/site-packages/airflow/example_dags/example_python_decorator.py
[2025-05-20T03:00:42.120+0000] {processor.py:925} INFO - DAG(s) 'example_python_decorator' retrieved from /home/airflow/.local/lib/python3.12/site-packages/airflow/example_dags/example_python_decorator.py
[2025-05-20T03:00:42.185+0000] {logging_mixin.py:190} INFO - [2025-05-20T03:00:42.184+0000] {dag.py:3229} INFO - Sync 1 DAGs
[2025-05-20T03:00:42.212+0000] {logging_mixin.py:190} INFO - [2025-05-20T03:00:42.212+0000] {dag.py:4156} INFO - Setting next_dagrun for example_python_decorator to None, run_after=None
[2025-05-20T03:00:42.266+0000] {processor.py:208} INFO - Processing /home/airflow/.local/lib/python3.12/site-packages/airflow/example_dags/example_python_decorator.py took 0.199 seconds
[2025-05-20T03:01:12.839+0000] {processor.py:186} INFO - Started process (PID=981) to work on /home/airflow/.local/lib/python3.12/site-packages/airflow/example_dags/example_python_decorator.py
[2025-05-20T03:01:12.841+0000] {processor.py:914} INFO - Processing file /home/airflow/.local/lib/python3.12/site-packages/airflow/example_dags/example_python_decorator.py for tasks to queue
[2025-05-20T03:01:12.846+0000] {logging_mixin.py:190} INFO - [2025-05-20T03:01:12.846+0000] {dagbag.py:587} INFO - Filling up the DagBag from /home/airflow/.local/lib/python3.12/site-packages/airflow/example_dags/example_python_decorator.py
[2025-05-20T03:01:12.870+0000] {processor.py:925} INFO - DAG(s) 'example_python_decorator' retrieved from /home/airflow/.local/lib/python3.12/site-packages/airflow/example_dags/example_python_decorator.py
[2025-05-20T03:01:12.961+0000] {logging_mixin.py:190} INFO - [2025-05-20T03:01:12.960+0000] {dag.py:3229} INFO - Sync 1 DAGs
[2025-05-20T03:01:12.995+0000] {logging_mixin.py:190} INFO - [2025-05-20T03:01:12.989+0000] {dag.py:4156} INFO - Setting next_dagrun for example_python_decorator to None, run_after=None
[2025-05-20T03:01:13.084+0000] {processor.py:208} INFO - Processing /home/airflow/.local/lib/python3.12/site-packages/airflow/example_dags/example_python_decorator.py took 0.248 seconds
[2025-05-20T03:01:43.737+0000] {processor.py:186} INFO - Started process (PID=1043) to work on /home/airflow/.local/lib/python3.12/site-packages/airflow/example_dags/example_python_decorator.py
[2025-05-20T03:01:43.739+0000] {processor.py:914} INFO - Processing file /home/airflow/.local/lib/python3.12/site-packages/airflow/example_dags/example_python_decorator.py for tasks to queue
[2025-05-20T03:01:43.751+0000] {logging_mixin.py:190} INFO - [2025-05-20T03:01:43.751+0000] {dagbag.py:587} INFO - Filling up the DagBag from /home/airflow/.local/lib/python3.12/site-packages/airflow/example_dags/example_python_decorator.py
[2025-05-20T03:01:43.802+0000] {processor.py:925} INFO - DAG(s) 'example_python_decorator' retrieved from /home/airflow/.local/lib/python3.12/site-packages/airflow/example_dags/example_python_decorator.py
[2025-05-20T03:01:43.830+0000] {logging_mixin.py:190} INFO - [2025-05-20T03:01:43.830+0000] {dag.py:3229} INFO - Sync 1 DAGs
[2025-05-20T03:01:43.886+0000] {logging_mixin.py:190} INFO - [2025-05-20T03:01:43.886+0000] {dag.py:4156} INFO - Setting next_dagrun for example_python_decorator to None, run_after=None
[2025-05-20T03:01:43.963+0000] {processor.py:208} INFO - Processing /home/airflow/.local/lib/python3.12/site-packages/airflow/example_dags/example_python_decorator.py took 0.232 seconds
[2025-05-20T03:02:14.221+0000] {processor.py:186} INFO - Started process (PID=1106) to work on /home/airflow/.local/lib/python3.12/site-packages/airflow/example_dags/example_python_decorator.py
[2025-05-20T03:02:14.224+0000] {processor.py:914} INFO - Processing file /home/airflow/.local/lib/python3.12/site-packages/airflow/example_dags/example_python_decorator.py for tasks to queue
[2025-05-20T03:02:14.232+0000] {logging_mixin.py:190} INFO - [2025-05-20T03:02:14.231+0000] {dagbag.py:587} INFO - Filling up the DagBag from /home/airflow/.local/lib/python3.12/site-packages/airflow/example_dags/example_python_decorator.py
[2025-05-20T03:02:14.262+0000] {processor.py:925} INFO - DAG(s) 'example_python_decorator' retrieved from /home/airflow/.local/lib/python3.12/site-packages/airflow/example_dags/example_python_decorator.py
[2025-05-20T03:02:14.317+0000] {logging_mixin.py:190} INFO - [2025-05-20T03:02:14.316+0000] {dag.py:3229} INFO - Sync 1 DAGs
[2025-05-20T03:02:14.335+0000] {logging_mixin.py:190} INFO - [2025-05-20T03:02:14.335+0000] {dag.py:4156} INFO - Setting next_dagrun for example_python_decorator to None, run_after=None
[2025-05-20T03:02:14.391+0000] {processor.py:208} INFO - Processing /home/airflow/.local/lib/python3.12/site-packages/airflow/example_dags/example_python_decorator.py took 0.174 seconds
[2025-05-20T03:02:45.033+0000] {processor.py:186} INFO - Started process (PID=1169) to work on /home/airflow/.local/lib/python3.12/site-packages/airflow/example_dags/example_python_decorator.py
[2025-05-20T03:02:45.035+0000] {processor.py:914} INFO - Processing file /home/airflow/.local/lib/python3.12/site-packages/airflow/example_dags/example_python_decorator.py for tasks to queue
[2025-05-20T03:02:45.039+0000] {logging_mixin.py:190} INFO - [2025-05-20T03:02:45.038+0000] {dagbag.py:587} INFO - Filling up the DagBag from /home/airflow/.local/lib/python3.12/site-packages/airflow/example_dags/example_python_decorator.py
[2025-05-20T03:02:45.065+0000] {processor.py:925} INFO - DAG(s) 'example_python_decorator' retrieved from /home/airflow/.local/lib/python3.12/site-packages/airflow/example_dags/example_python_decorator.py
[2025-05-20T03:02:45.116+0000] {logging_mixin.py:190} INFO - [2025-05-20T03:02:45.115+0000] {dag.py:3229} INFO - Sync 1 DAGs
[2025-05-20T03:02:45.137+0000] {logging_mixin.py:190} INFO - [2025-05-20T03:02:45.137+0000] {dag.py:4156} INFO - Setting next_dagrun for example_python_decorator to None, run_after=None
[2025-05-20T03:02:45.174+0000] {processor.py:208} INFO - Processing /home/airflow/.local/lib/python3.12/site-packages/airflow/example_dags/example_python_decorator.py took 0.146 seconds
[2025-05-20T03:03:15.557+0000] {processor.py:186} INFO - Started process (PID=1231) to work on /home/airflow/.local/lib/python3.12/site-packages/airflow/example_dags/example_python_decorator.py
[2025-05-20T03:03:15.559+0000] {processor.py:914} INFO - Processing file /home/airflow/.local/lib/python3.12/site-packages/airflow/example_dags/example_python_decorator.py for tasks to queue
[2025-05-20T03:03:15.563+0000] {logging_mixin.py:190} INFO - [2025-05-20T03:03:15.562+0000] {dagbag.py:587} INFO - Filling up the DagBag from /home/airflow/.local/lib/python3.12/site-packages/airflow/example_dags/example_python_decorator.py
[2025-05-20T03:03:15.581+0000] {processor.py:925} INFO - DAG(s) 'example_python_decorator' retrieved from /home/airflow/.local/lib/python3.12/site-packages/airflow/example_dags/example_python_decorator.py
[2025-05-20T03:03:15.625+0000] {logging_mixin.py:190} INFO - [2025-05-20T03:03:15.624+0000] {dag.py:3229} INFO - Sync 1 DAGs
[2025-05-20T03:03:15.657+0000] {logging_mixin.py:190} INFO - [2025-05-20T03:03:15.656+0000] {dag.py:4156} INFO - Setting next_dagrun for example_python_decorator to None, run_after=None
[2025-05-20T03:03:15.726+0000] {processor.py:208} INFO - Processing /home/airflow/.local/lib/python3.12/site-packages/airflow/example_dags/example_python_decorator.py took 0.174 seconds
[2025-05-20T03:03:46.683+0000] {processor.py:186} INFO - Started process (PID=1293) to work on /home/airflow/.local/lib/python3.12/site-packages/airflow/example_dags/example_python_decorator.py
[2025-05-20T03:03:46.685+0000] {processor.py:914} INFO - Processing file /home/airflow/.local/lib/python3.12/site-packages/airflow/example_dags/example_python_decorator.py for tasks to queue
[2025-05-20T03:03:46.688+0000] {logging_mixin.py:190} INFO - [2025-05-20T03:03:46.688+0000] {dagbag.py:587} INFO - Filling up the DagBag from /home/airflow/.local/lib/python3.12/site-packages/airflow/example_dags/example_python_decorator.py
[2025-05-20T03:03:46.717+0000] {processor.py:925} INFO - DAG(s) 'example_python_decorator' retrieved from /home/airflow/.local/lib/python3.12/site-packages/airflow/example_dags/example_python_decorator.py
[2025-05-20T03:03:46.771+0000] {logging_mixin.py:190} INFO - [2025-05-20T03:03:46.771+0000] {dag.py:3229} INFO - Sync 1 DAGs
[2025-05-20T03:03:46.791+0000] {logging_mixin.py:190} INFO - [2025-05-20T03:03:46.791+0000] {dag.py:4156} INFO - Setting next_dagrun for example_python_decorator to None, run_after=None
[2025-05-20T03:03:46.853+0000] {processor.py:208} INFO - Processing /home/airflow/.local/lib/python3.12/site-packages/airflow/example_dags/example_python_decorator.py took 0.175 seconds
[2025-05-20T03:04:17.378+0000] {processor.py:186} INFO - Started process (PID=1356) to work on /home/airflow/.local/lib/python3.12/site-packages/airflow/example_dags/example_python_decorator.py
[2025-05-20T03:04:17.382+0000] {processor.py:914} INFO - Processing file /home/airflow/.local/lib/python3.12/site-packages/airflow/example_dags/example_python_decorator.py for tasks to queue
[2025-05-20T03:04:17.384+0000] {logging_mixin.py:190} INFO - [2025-05-20T03:04:17.384+0000] {dagbag.py:587} INFO - Filling up the DagBag from /home/airflow/.local/lib/python3.12/site-packages/airflow/example_dags/example_python_decorator.py
[2025-05-20T03:04:17.396+0000] {processor.py:925} INFO - DAG(s) 'example_python_decorator' retrieved from /home/airflow/.local/lib/python3.12/site-packages/airflow/example_dags/example_python_decorator.py
[2025-05-20T03:04:17.479+0000] {logging_mixin.py:190} INFO - [2025-05-20T03:04:17.479+0000] {dag.py:3229} INFO - Sync 1 DAGs
[2025-05-20T03:04:17.499+0000] {logging_mixin.py:190} INFO - [2025-05-20T03:04:17.499+0000] {dag.py:4156} INFO - Setting next_dagrun for example_python_decorator to None, run_after=None
[2025-05-20T03:04:17.537+0000] {processor.py:208} INFO - Processing /home/airflow/.local/lib/python3.12/site-packages/airflow/example_dags/example_python_decorator.py took 0.163 seconds
[2025-05-20T03:04:47.997+0000] {processor.py:186} INFO - Started process (PID=1419) to work on /home/airflow/.local/lib/python3.12/site-packages/airflow/example_dags/example_python_decorator.py
[2025-05-20T03:04:47.999+0000] {processor.py:914} INFO - Processing file /home/airflow/.local/lib/python3.12/site-packages/airflow/example_dags/example_python_decorator.py for tasks to queue
[2025-05-20T03:04:48.008+0000] {logging_mixin.py:190} INFO - [2025-05-20T03:04:48.008+0000] {dagbag.py:587} INFO - Filling up the DagBag from /home/airflow/.local/lib/python3.12/site-packages/airflow/example_dags/example_python_decorator.py
[2025-05-20T03:04:48.021+0000] {processor.py:925} INFO - DAG(s) 'example_python_decorator' retrieved from /home/airflow/.local/lib/python3.12/site-packages/airflow/example_dags/example_python_decorator.py
[2025-05-20T03:04:48.081+0000] {logging_mixin.py:190} INFO - [2025-05-20T03:04:48.081+0000] {dag.py:3229} INFO - Sync 1 DAGs
[2025-05-20T03:04:48.094+0000] {logging_mixin.py:190} INFO - [2025-05-20T03:04:48.094+0000] {dag.py:4156} INFO - Setting next_dagrun for example_python_decorator to None, run_after=None
[2025-05-20T03:04:48.191+0000] {processor.py:208} INFO - Processing /home/airflow/.local/lib/python3.12/site-packages/airflow/example_dags/example_python_decorator.py took 0.198 seconds
[2025-05-20T03:05:20.949+0000] {processor.py:186} INFO - Started process (PID=1483) to work on /home/airflow/.local/lib/python3.12/site-packages/airflow/example_dags/example_python_decorator.py
[2025-05-20T03:05:20.952+0000] {processor.py:914} INFO - Processing file /home/airflow/.local/lib/python3.12/site-packages/airflow/example_dags/example_python_decorator.py for tasks to queue
[2025-05-20T03:05:20.972+0000] {logging_mixin.py:190} INFO - [2025-05-20T03:05:20.971+0000] {dagbag.py:587} INFO - Filling up the DagBag from /home/airflow/.local/lib/python3.12/site-packages/airflow/example_dags/example_python_decorator.py
[2025-05-20T03:05:20.996+0000] {processor.py:925} INFO - DAG(s) 'example_python_decorator' retrieved from /home/airflow/.local/lib/python3.12/site-packages/airflow/example_dags/example_python_decorator.py
[2025-05-20T03:05:21.054+0000] {logging_mixin.py:190} INFO - [2025-05-20T03:05:21.054+0000] {dag.py:3229} INFO - Sync 1 DAGs
[2025-05-20T03:05:21.078+0000] {logging_mixin.py:190} INFO - [2025-05-20T03:05:21.076+0000] {dag.py:4156} INFO - Setting next_dagrun for example_python_decorator to None, run_after=None
[2025-05-20T03:05:21.133+0000] {processor.py:208} INFO - Processing /home/airflow/.local/lib/python3.12/site-packages/airflow/example_dags/example_python_decorator.py took 0.191 seconds
[2025-05-20T03:05:52.161+0000] {processor.py:186} INFO - Started process (PID=1546) to work on /home/airflow/.local/lib/python3.12/site-packages/airflow/example_dags/example_python_decorator.py
[2025-05-20T03:05:52.163+0000] {processor.py:914} INFO - Processing file /home/airflow/.local/lib/python3.12/site-packages/airflow/example_dags/example_python_decorator.py for tasks to queue
[2025-05-20T03:05:52.169+0000] {logging_mixin.py:190} INFO - [2025-05-20T03:05:52.168+0000] {dagbag.py:587} INFO - Filling up the DagBag from /home/airflow/.local/lib/python3.12/site-packages/airflow/example_dags/example_python_decorator.py
[2025-05-20T03:05:52.205+0000] {processor.py:925} INFO - DAG(s) 'example_python_decorator' retrieved from /home/airflow/.local/lib/python3.12/site-packages/airflow/example_dags/example_python_decorator.py
[2025-05-20T03:05:52.250+0000] {logging_mixin.py:190} INFO - [2025-05-20T03:05:52.250+0000] {dag.py:3229} INFO - Sync 1 DAGs
[2025-05-20T03:05:52.294+0000] {logging_mixin.py:190} INFO - [2025-05-20T03:05:52.294+0000] {dag.py:4156} INFO - Setting next_dagrun for example_python_decorator to None, run_after=None
[2025-05-20T03:05:52.329+0000] {processor.py:208} INFO - Processing /home/airflow/.local/lib/python3.12/site-packages/airflow/example_dags/example_python_decorator.py took 0.173 seconds
[2025-05-20T03:06:23.266+0000] {processor.py:186} INFO - Started process (PID=1609) to work on /home/airflow/.local/lib/python3.12/site-packages/airflow/example_dags/example_python_decorator.py
[2025-05-20T03:06:23.271+0000] {processor.py:914} INFO - Processing file /home/airflow/.local/lib/python3.12/site-packages/airflow/example_dags/example_python_decorator.py for tasks to queue
[2025-05-20T03:06:23.292+0000] {logging_mixin.py:190} INFO - [2025-05-20T03:06:23.291+0000] {dagbag.py:587} INFO - Filling up the DagBag from /home/airflow/.local/lib/python3.12/site-packages/airflow/example_dags/example_python_decorator.py
[2025-05-20T03:06:23.313+0000] {processor.py:925} INFO - DAG(s) 'example_python_decorator' retrieved from /home/airflow/.local/lib/python3.12/site-packages/airflow/example_dags/example_python_decorator.py
[2025-05-20T03:06:23.385+0000] {logging_mixin.py:190} INFO - [2025-05-20T03:06:23.385+0000] {dag.py:3229} INFO - Sync 1 DAGs
[2025-05-20T03:06:23.457+0000] {logging_mixin.py:190} INFO - [2025-05-20T03:06:23.457+0000] {dag.py:4156} INFO - Setting next_dagrun for example_python_decorator to None, run_after=None
[2025-05-20T03:06:23.490+0000] {processor.py:208} INFO - Processing /home/airflow/.local/lib/python3.12/site-packages/airflow/example_dags/example_python_decorator.py took 0.228 seconds
[2025-05-20T03:06:54.174+0000] {processor.py:186} INFO - Started process (PID=1672) to work on /home/airflow/.local/lib/python3.12/site-packages/airflow/example_dags/example_python_decorator.py
[2025-05-20T03:06:54.176+0000] {processor.py:914} INFO - Processing file /home/airflow/.local/lib/python3.12/site-packages/airflow/example_dags/example_python_decorator.py for tasks to queue
[2025-05-20T03:06:54.178+0000] {logging_mixin.py:190} INFO - [2025-05-20T03:06:54.178+0000] {dagbag.py:587} INFO - Filling up the DagBag from /home/airflow/.local/lib/python3.12/site-packages/airflow/example_dags/example_python_decorator.py
[2025-05-20T03:06:54.202+0000] {processor.py:925} INFO - DAG(s) 'example_python_decorator' retrieved from /home/airflow/.local/lib/python3.12/site-packages/airflow/example_dags/example_python_decorator.py
[2025-05-20T03:06:54.243+0000] {logging_mixin.py:190} INFO - [2025-05-20T03:06:54.242+0000] {dag.py:3229} INFO - Sync 1 DAGs
[2025-05-20T03:06:54.285+0000] {logging_mixin.py:190} INFO - [2025-05-20T03:06:54.284+0000] {dag.py:4156} INFO - Setting next_dagrun for example_python_decorator to None, run_after=None
[2025-05-20T03:06:54.371+0000] {processor.py:208} INFO - Processing /home/airflow/.local/lib/python3.12/site-packages/airflow/example_dags/example_python_decorator.py took 0.220 seconds
[2025-05-20T03:07:24.493+0000] {processor.py:186} INFO - Started process (PID=1735) to work on /home/airflow/.local/lib/python3.12/site-packages/airflow/example_dags/example_python_decorator.py
[2025-05-20T03:07:24.495+0000] {processor.py:914} INFO - Processing file /home/airflow/.local/lib/python3.12/site-packages/airflow/example_dags/example_python_decorator.py for tasks to queue
[2025-05-20T03:07:24.499+0000] {logging_mixin.py:190} INFO - [2025-05-20T03:07:24.498+0000] {dagbag.py:587} INFO - Filling up the DagBag from /home/airflow/.local/lib/python3.12/site-packages/airflow/example_dags/example_python_decorator.py
[2025-05-20T03:07:24.526+0000] {processor.py:925} INFO - DAG(s) 'example_python_decorator' retrieved from /home/airflow/.local/lib/python3.12/site-packages/airflow/example_dags/example_python_decorator.py
[2025-05-20T03:07:24.615+0000] {logging_mixin.py:190} INFO - [2025-05-20T03:07:24.614+0000] {dag.py:3229} INFO - Sync 1 DAGs
[2025-05-20T03:07:24.643+0000] {logging_mixin.py:190} INFO - [2025-05-20T03:07:24.640+0000] {dag.py:4156} INFO - Setting next_dagrun for example_python_decorator to None, run_after=None
[2025-05-20T03:07:24.702+0000] {processor.py:208} INFO - Processing /home/airflow/.local/lib/python3.12/site-packages/airflow/example_dags/example_python_decorator.py took 0.217 seconds
[2025-05-20T03:07:55.448+0000] {processor.py:186} INFO - Started process (PID=1797) to work on /home/airflow/.local/lib/python3.12/site-packages/airflow/example_dags/example_python_decorator.py
[2025-05-20T03:07:55.450+0000] {processor.py:914} INFO - Processing file /home/airflow/.local/lib/python3.12/site-packages/airflow/example_dags/example_python_decorator.py for tasks to queue
[2025-05-20T03:07:55.455+0000] {logging_mixin.py:190} INFO - [2025-05-20T03:07:55.454+0000] {dagbag.py:587} INFO - Filling up the DagBag from /home/airflow/.local/lib/python3.12/site-packages/airflow/example_dags/example_python_decorator.py
[2025-05-20T03:07:55.490+0000] {processor.py:925} INFO - DAG(s) 'example_python_decorator' retrieved from /home/airflow/.local/lib/python3.12/site-packages/airflow/example_dags/example_python_decorator.py
[2025-05-20T03:07:55.522+0000] {logging_mixin.py:190} INFO - [2025-05-20T03:07:55.521+0000] {dag.py:3229} INFO - Sync 1 DAGs
[2025-05-20T03:07:55.561+0000] {logging_mixin.py:190} INFO - [2025-05-20T03:07:55.560+0000] {dag.py:4156} INFO - Setting next_dagrun for example_python_decorator to None, run_after=None
[2025-05-20T03:07:55.594+0000] {processor.py:208} INFO - Processing /home/airflow/.local/lib/python3.12/site-packages/airflow/example_dags/example_python_decorator.py took 0.149 seconds
[2025-05-20T03:08:26.288+0000] {processor.py:186} INFO - Started process (PID=1859) to work on /home/airflow/.local/lib/python3.12/site-packages/airflow/example_dags/example_python_decorator.py
[2025-05-20T03:08:26.289+0000] {processor.py:914} INFO - Processing file /home/airflow/.local/lib/python3.12/site-packages/airflow/example_dags/example_python_decorator.py for tasks to queue
[2025-05-20T03:08:26.295+0000] {logging_mixin.py:190} INFO - [2025-05-20T03:08:26.292+0000] {dagbag.py:587} INFO - Filling up the DagBag from /home/airflow/.local/lib/python3.12/site-packages/airflow/example_dags/example_python_decorator.py
[2025-05-20T03:08:26.323+0000] {processor.py:925} INFO - DAG(s) 'example_python_decorator' retrieved from /home/airflow/.local/lib/python3.12/site-packages/airflow/example_dags/example_python_decorator.py
[2025-05-20T03:08:26.363+0000] {logging_mixin.py:190} INFO - [2025-05-20T03:08:26.363+0000] {dag.py:3229} INFO - Sync 1 DAGs
[2025-05-20T03:08:26.418+0000] {logging_mixin.py:190} INFO - [2025-05-20T03:08:26.417+0000] {dag.py:4156} INFO - Setting next_dagrun for example_python_decorator to None, run_after=None
[2025-05-20T03:08:26.528+0000] {processor.py:208} INFO - Processing /home/airflow/.local/lib/python3.12/site-packages/airflow/example_dags/example_python_decorator.py took 0.247 seconds
[2025-05-20T03:08:57.090+0000] {processor.py:186} INFO - Started process (PID=1928) to work on /home/airflow/.local/lib/python3.12/site-packages/airflow/example_dags/example_python_decorator.py
[2025-05-20T03:08:57.093+0000] {processor.py:914} INFO - Processing file /home/airflow/.local/lib/python3.12/site-packages/airflow/example_dags/example_python_decorator.py for tasks to queue
[2025-05-20T03:08:57.098+0000] {logging_mixin.py:190} INFO - [2025-05-20T03:08:57.098+0000] {dagbag.py:587} INFO - Filling up the DagBag from /home/airflow/.local/lib/python3.12/site-packages/airflow/example_dags/example_python_decorator.py
[2025-05-20T03:08:57.139+0000] {processor.py:925} INFO - DAG(s) 'example_python_decorator' retrieved from /home/airflow/.local/lib/python3.12/site-packages/airflow/example_dags/example_python_decorator.py
[2025-05-20T03:08:57.209+0000] {logging_mixin.py:190} INFO - [2025-05-20T03:08:57.209+0000] {dag.py:3229} INFO - Sync 1 DAGs
[2025-05-20T03:08:57.240+0000] {logging_mixin.py:190} INFO - [2025-05-20T03:08:57.239+0000] {dag.py:4156} INFO - Setting next_dagrun for example_python_decorator to None, run_after=None
[2025-05-20T03:08:57.305+0000] {processor.py:208} INFO - Processing /home/airflow/.local/lib/python3.12/site-packages/airflow/example_dags/example_python_decorator.py took 0.220 seconds
[2025-05-20T03:09:28.331+0000] {processor.py:186} INFO - Started process (PID=1992) to work on /home/airflow/.local/lib/python3.12/site-packages/airflow/example_dags/example_python_decorator.py
[2025-05-20T03:09:28.333+0000] {processor.py:914} INFO - Processing file /home/airflow/.local/lib/python3.12/site-packages/airflow/example_dags/example_python_decorator.py for tasks to queue
[2025-05-20T03:09:28.347+0000] {logging_mixin.py:190} INFO - [2025-05-20T03:09:28.345+0000] {dagbag.py:587} INFO - Filling up the DagBag from /home/airflow/.local/lib/python3.12/site-packages/airflow/example_dags/example_python_decorator.py
[2025-05-20T03:09:28.377+0000] {processor.py:925} INFO - DAG(s) 'example_python_decorator' retrieved from /home/airflow/.local/lib/python3.12/site-packages/airflow/example_dags/example_python_decorator.py
[2025-05-20T03:09:28.462+0000] {logging_mixin.py:190} INFO - [2025-05-20T03:09:28.462+0000] {dag.py:3229} INFO - Sync 1 DAGs
[2025-05-20T03:09:28.506+0000] {logging_mixin.py:190} INFO - [2025-05-20T03:09:28.505+0000] {dag.py:4156} INFO - Setting next_dagrun for example_python_decorator to None, run_after=None
[2025-05-20T03:09:28.563+0000] {processor.py:208} INFO - Processing /home/airflow/.local/lib/python3.12/site-packages/airflow/example_dags/example_python_decorator.py took 0.237 seconds
[2025-05-20T03:09:59.892+0000] {processor.py:186} INFO - Started process (PID=2055) to work on /home/airflow/.local/lib/python3.12/site-packages/airflow/example_dags/example_python_decorator.py
[2025-05-20T03:09:59.894+0000] {processor.py:914} INFO - Processing file /home/airflow/.local/lib/python3.12/site-packages/airflow/example_dags/example_python_decorator.py for tasks to queue
[2025-05-20T03:09:59.901+0000] {logging_mixin.py:190} INFO - [2025-05-20T03:09:59.899+0000] {dagbag.py:587} INFO - Filling up the DagBag from /home/airflow/.local/lib/python3.12/site-packages/airflow/example_dags/example_python_decorator.py
[2025-05-20T03:09:59.929+0000] {processor.py:925} INFO - DAG(s) 'example_python_decorator' retrieved from /home/airflow/.local/lib/python3.12/site-packages/airflow/example_dags/example_python_decorator.py
[2025-05-20T03:10:00.031+0000] {logging_mixin.py:190} INFO - [2025-05-20T03:10:00.026+0000] {dag.py:3229} INFO - Sync 1 DAGs
[2025-05-20T03:10:00.092+0000] {logging_mixin.py:190} INFO - [2025-05-20T03:10:00.084+0000] {dag.py:4156} INFO - Setting next_dagrun for example_python_decorator to None, run_after=None
[2025-05-20T03:10:00.140+0000] {processor.py:208} INFO - Processing /home/airflow/.local/lib/python3.12/site-packages/airflow/example_dags/example_python_decorator.py took 0.251 seconds
[2025-05-20T03:10:31.199+0000] {processor.py:186} INFO - Started process (PID=2118) to work on /home/airflow/.local/lib/python3.12/site-packages/airflow/example_dags/example_python_decorator.py
[2025-05-20T03:10:31.201+0000] {processor.py:914} INFO - Processing file /home/airflow/.local/lib/python3.12/site-packages/airflow/example_dags/example_python_decorator.py for tasks to queue
[2025-05-20T03:10:31.205+0000] {logging_mixin.py:190} INFO - [2025-05-20T03:10:31.204+0000] {dagbag.py:587} INFO - Filling up the DagBag from /home/airflow/.local/lib/python3.12/site-packages/airflow/example_dags/example_python_decorator.py
[2025-05-20T03:10:31.223+0000] {processor.py:925} INFO - DAG(s) 'example_python_decorator' retrieved from /home/airflow/.local/lib/python3.12/site-packages/airflow/example_dags/example_python_decorator.py
[2025-05-20T03:10:31.285+0000] {logging_mixin.py:190} INFO - [2025-05-20T03:10:31.283+0000] {dag.py:3229} INFO - Sync 1 DAGs
[2025-05-20T03:10:31.308+0000] {logging_mixin.py:190} INFO - [2025-05-20T03:10:31.308+0000] {dag.py:4156} INFO - Setting next_dagrun for example_python_decorator to None, run_after=None
[2025-05-20T03:10:31.374+0000] {processor.py:208} INFO - Processing /home/airflow/.local/lib/python3.12/site-packages/airflow/example_dags/example_python_decorator.py took 0.179 seconds
[2025-05-20T03:11:02.645+0000] {processor.py:186} INFO - Started process (PID=2180) to work on /home/airflow/.local/lib/python3.12/site-packages/airflow/example_dags/example_python_decorator.py
[2025-05-20T03:11:02.650+0000] {processor.py:914} INFO - Processing file /home/airflow/.local/lib/python3.12/site-packages/airflow/example_dags/example_python_decorator.py for tasks to queue
[2025-05-20T03:11:02.658+0000] {logging_mixin.py:190} INFO - [2025-05-20T03:11:02.656+0000] {dagbag.py:587} INFO - Filling up the DagBag from /home/airflow/.local/lib/python3.12/site-packages/airflow/example_dags/example_python_decorator.py
[2025-05-20T03:11:02.677+0000] {processor.py:925} INFO - DAG(s) 'example_python_decorator' retrieved from /home/airflow/.local/lib/python3.12/site-packages/airflow/example_dags/example_python_decorator.py
[2025-05-20T03:11:02.751+0000] {logging_mixin.py:190} INFO - [2025-05-20T03:11:02.751+0000] {dag.py:3229} INFO - Sync 1 DAGs
[2025-05-20T03:11:02.788+0000] {logging_mixin.py:190} INFO - [2025-05-20T03:11:02.788+0000] {dag.py:4156} INFO - Setting next_dagrun for example_python_decorator to None, run_after=None
[2025-05-20T03:11:02.832+0000] {processor.py:208} INFO - Processing /home/airflow/.local/lib/python3.12/site-packages/airflow/example_dags/example_python_decorator.py took 0.192 seconds
[2025-05-20T03:11:34.279+0000] {processor.py:186} INFO - Started process (PID=2243) to work on /home/airflow/.local/lib/python3.12/site-packages/airflow/example_dags/example_python_decorator.py
[2025-05-20T03:11:34.281+0000] {processor.py:914} INFO - Processing file /home/airflow/.local/lib/python3.12/site-packages/airflow/example_dags/example_python_decorator.py for tasks to queue
[2025-05-20T03:11:34.289+0000] {logging_mixin.py:190} INFO - [2025-05-20T03:11:34.287+0000] {dagbag.py:587} INFO - Filling up the DagBag from /home/airflow/.local/lib/python3.12/site-packages/airflow/example_dags/example_python_decorator.py
[2025-05-20T03:11:34.301+0000] {processor.py:925} INFO - DAG(s) 'example_python_decorator' retrieved from /home/airflow/.local/lib/python3.12/site-packages/airflow/example_dags/example_python_decorator.py
[2025-05-20T03:11:34.352+0000] {logging_mixin.py:190} INFO - [2025-05-20T03:11:34.351+0000] {dag.py:3229} INFO - Sync 1 DAGs
[2025-05-20T03:11:34.375+0000] {logging_mixin.py:190} INFO - [2025-05-20T03:11:34.375+0000] {dag.py:4156} INFO - Setting next_dagrun for example_python_decorator to None, run_after=None
[2025-05-20T03:11:34.432+0000] {processor.py:208} INFO - Processing /home/airflow/.local/lib/python3.12/site-packages/airflow/example_dags/example_python_decorator.py took 0.156 seconds
[2025-05-20T03:12:05.607+0000] {processor.py:186} INFO - Started process (PID=2306) to work on /home/airflow/.local/lib/python3.12/site-packages/airflow/example_dags/example_python_decorator.py
[2025-05-20T03:12:05.612+0000] {processor.py:914} INFO - Processing file /home/airflow/.local/lib/python3.12/site-packages/airflow/example_dags/example_python_decorator.py for tasks to queue
[2025-05-20T03:12:05.624+0000] {logging_mixin.py:190} INFO - [2025-05-20T03:12:05.623+0000] {dagbag.py:587} INFO - Filling up the DagBag from /home/airflow/.local/lib/python3.12/site-packages/airflow/example_dags/example_python_decorator.py
[2025-05-20T03:12:05.637+0000] {processor.py:925} INFO - DAG(s) 'example_python_decorator' retrieved from /home/airflow/.local/lib/python3.12/site-packages/airflow/example_dags/example_python_decorator.py
[2025-05-20T03:12:05.657+0000] {logging_mixin.py:190} INFO - [2025-05-20T03:12:05.657+0000] {dag.py:3229} INFO - Sync 1 DAGs
[2025-05-20T03:12:05.682+0000] {logging_mixin.py:190} INFO - [2025-05-20T03:12:05.681+0000] {dag.py:4156} INFO - Setting next_dagrun for example_python_decorator to None, run_after=None
[2025-05-20T03:12:05.743+0000] {processor.py:208} INFO - Processing /home/airflow/.local/lib/python3.12/site-packages/airflow/example_dags/example_python_decorator.py took 0.139 seconds
[2025-05-20T03:12:36.645+0000] {processor.py:186} INFO - Started process (PID=2368) to work on /home/airflow/.local/lib/python3.12/site-packages/airflow/example_dags/example_python_decorator.py
[2025-05-20T03:12:36.648+0000] {processor.py:914} INFO - Processing file /home/airflow/.local/lib/python3.12/site-packages/airflow/example_dags/example_python_decorator.py for tasks to queue
[2025-05-20T03:12:36.658+0000] {logging_mixin.py:190} INFO - [2025-05-20T03:12:36.658+0000] {dagbag.py:587} INFO - Filling up the DagBag from /home/airflow/.local/lib/python3.12/site-packages/airflow/example_dags/example_python_decorator.py
[2025-05-20T03:12:36.669+0000] {processor.py:925} INFO - DAG(s) 'example_python_decorator' retrieved from /home/airflow/.local/lib/python3.12/site-packages/airflow/example_dags/example_python_decorator.py
[2025-05-20T03:12:36.710+0000] {logging_mixin.py:190} INFO - [2025-05-20T03:12:36.708+0000] {dag.py:3229} INFO - Sync 1 DAGs
[2025-05-20T03:12:36.737+0000] {logging_mixin.py:190} INFO - [2025-05-20T03:12:36.737+0000] {dag.py:4156} INFO - Setting next_dagrun for example_python_decorator to None, run_after=None
[2025-05-20T03:12:36.814+0000] {processor.py:208} INFO - Processing /home/airflow/.local/lib/python3.12/site-packages/airflow/example_dags/example_python_decorator.py took 0.172 seconds
[2025-05-20T03:13:08.433+0000] {processor.py:186} INFO - Started process (PID=2430) to work on /home/airflow/.local/lib/python3.12/site-packages/airflow/example_dags/example_python_decorator.py
[2025-05-20T03:13:08.435+0000] {processor.py:914} INFO - Processing file /home/airflow/.local/lib/python3.12/site-packages/airflow/example_dags/example_python_decorator.py for tasks to queue
[2025-05-20T03:13:08.443+0000] {logging_mixin.py:190} INFO - [2025-05-20T03:13:08.441+0000] {dagbag.py:587} INFO - Filling up the DagBag from /home/airflow/.local/lib/python3.12/site-packages/airflow/example_dags/example_python_decorator.py
[2025-05-20T03:13:08.466+0000] {processor.py:925} INFO - DAG(s) 'example_python_decorator' retrieved from /home/airflow/.local/lib/python3.12/site-packages/airflow/example_dags/example_python_decorator.py
[2025-05-20T03:13:08.507+0000] {logging_mixin.py:190} INFO - [2025-05-20T03:13:08.506+0000] {dag.py:3229} INFO - Sync 1 DAGs
[2025-05-20T03:13:08.530+0000] {logging_mixin.py:190} INFO - [2025-05-20T03:13:08.530+0000] {dag.py:4156} INFO - Setting next_dagrun for example_python_decorator to None, run_after=None
[2025-05-20T03:13:08.582+0000] {processor.py:208} INFO - Processing /home/airflow/.local/lib/python3.12/site-packages/airflow/example_dags/example_python_decorator.py took 0.153 seconds
[2025-05-20T03:13:39.475+0000] {processor.py:186} INFO - Started process (PID=2494) to work on /home/airflow/.local/lib/python3.12/site-packages/airflow/example_dags/example_python_decorator.py
[2025-05-20T03:13:39.478+0000] {processor.py:914} INFO - Processing file /home/airflow/.local/lib/python3.12/site-packages/airflow/example_dags/example_python_decorator.py for tasks to queue
[2025-05-20T03:13:39.490+0000] {logging_mixin.py:190} INFO - [2025-05-20T03:13:39.488+0000] {dagbag.py:587} INFO - Filling up the DagBag from /home/airflow/.local/lib/python3.12/site-packages/airflow/example_dags/example_python_decorator.py
[2025-05-20T03:13:39.520+0000] {processor.py:925} INFO - DAG(s) 'example_python_decorator' retrieved from /home/airflow/.local/lib/python3.12/site-packages/airflow/example_dags/example_python_decorator.py
[2025-05-20T03:13:39.580+0000] {logging_mixin.py:190} INFO - [2025-05-20T03:13:39.580+0000] {dag.py:3229} INFO - Sync 1 DAGs
[2025-05-20T03:13:39.634+0000] {logging_mixin.py:190} INFO - [2025-05-20T03:13:39.634+0000] {dag.py:4156} INFO - Setting next_dagrun for example_python_decorator to None, run_after=None
[2025-05-20T03:13:39.679+0000] {processor.py:208} INFO - Processing /home/airflow/.local/lib/python3.12/site-packages/airflow/example_dags/example_python_decorator.py took 0.208 seconds
[2025-05-20T03:14:11.398+0000] {processor.py:186} INFO - Started process (PID=2557) to work on /home/airflow/.local/lib/python3.12/site-packages/airflow/example_dags/example_python_decorator.py
[2025-05-20T03:14:11.400+0000] {processor.py:914} INFO - Processing file /home/airflow/.local/lib/python3.12/site-packages/airflow/example_dags/example_python_decorator.py for tasks to queue
[2025-05-20T03:14:11.408+0000] {logging_mixin.py:190} INFO - [2025-05-20T03:14:11.407+0000] {dagbag.py:587} INFO - Filling up the DagBag from /home/airflow/.local/lib/python3.12/site-packages/airflow/example_dags/example_python_decorator.py
[2025-05-20T03:14:11.440+0000] {processor.py:925} INFO - DAG(s) 'example_python_decorator' retrieved from /home/airflow/.local/lib/python3.12/site-packages/airflow/example_dags/example_python_decorator.py
[2025-05-20T03:14:11.492+0000] {logging_mixin.py:190} INFO - [2025-05-20T03:14:11.491+0000] {dag.py:3229} INFO - Sync 1 DAGs
[2025-05-20T03:14:11.535+0000] {logging_mixin.py:190} INFO - [2025-05-20T03:14:11.528+0000] {dag.py:4156} INFO - Setting next_dagrun for example_python_decorator to None, run_after=None
[2025-05-20T03:14:11.600+0000] {processor.py:208} INFO - Processing /home/airflow/.local/lib/python3.12/site-packages/airflow/example_dags/example_python_decorator.py took 0.208 seconds
[2025-05-20T03:14:42.337+0000] {processor.py:186} INFO - Started process (PID=2620) to work on /home/airflow/.local/lib/python3.12/site-packages/airflow/example_dags/example_python_decorator.py
[2025-05-20T03:14:42.338+0000] {processor.py:914} INFO - Processing file /home/airflow/.local/lib/python3.12/site-packages/airflow/example_dags/example_python_decorator.py for tasks to queue
[2025-05-20T03:14:42.343+0000] {logging_mixin.py:190} INFO - [2025-05-20T03:14:42.343+0000] {dagbag.py:587} INFO - Filling up the DagBag from /home/airflow/.local/lib/python3.12/site-packages/airflow/example_dags/example_python_decorator.py
[2025-05-20T03:14:42.361+0000] {processor.py:925} INFO - DAG(s) 'example_python_decorator' retrieved from /home/airflow/.local/lib/python3.12/site-packages/airflow/example_dags/example_python_decorator.py
[2025-05-20T03:14:42.412+0000] {logging_mixin.py:190} INFO - [2025-05-20T03:14:42.412+0000] {dag.py:3229} INFO - Sync 1 DAGs
[2025-05-20T03:14:42.428+0000] {logging_mixin.py:190} INFO - [2025-05-20T03:14:42.428+0000] {dag.py:4156} INFO - Setting next_dagrun for example_python_decorator to None, run_after=None
[2025-05-20T03:14:42.490+0000] {processor.py:208} INFO - Processing /home/airflow/.local/lib/python3.12/site-packages/airflow/example_dags/example_python_decorator.py took 0.156 seconds
[2025-05-20T03:15:14.398+0000] {processor.py:186} INFO - Started process (PID=2683) to work on /home/airflow/.local/lib/python3.12/site-packages/airflow/example_dags/example_python_decorator.py
[2025-05-20T03:15:14.400+0000] {processor.py:914} INFO - Processing file /home/airflow/.local/lib/python3.12/site-packages/airflow/example_dags/example_python_decorator.py for tasks to queue
[2025-05-20T03:15:14.405+0000] {logging_mixin.py:190} INFO - [2025-05-20T03:15:14.405+0000] {dagbag.py:587} INFO - Filling up the DagBag from /home/airflow/.local/lib/python3.12/site-packages/airflow/example_dags/example_python_decorator.py
[2025-05-20T03:15:14.429+0000] {processor.py:925} INFO - DAG(s) 'example_python_decorator' retrieved from /home/airflow/.local/lib/python3.12/site-packages/airflow/example_dags/example_python_decorator.py
[2025-05-20T03:15:14.496+0000] {logging_mixin.py:190} INFO - [2025-05-20T03:15:14.493+0000] {dag.py:3229} INFO - Sync 1 DAGs
[2025-05-20T03:15:14.514+0000] {logging_mixin.py:190} INFO - [2025-05-20T03:15:14.514+0000] {dag.py:4156} INFO - Setting next_dagrun for example_python_decorator to None, run_after=None
[2025-05-20T03:15:14.584+0000] {processor.py:208} INFO - Processing /home/airflow/.local/lib/python3.12/site-packages/airflow/example_dags/example_python_decorator.py took 0.192 seconds
[2025-05-20T03:15:45.146+0000] {processor.py:186} INFO - Started process (PID=2746) to work on /home/airflow/.local/lib/python3.12/site-packages/airflow/example_dags/example_python_decorator.py
[2025-05-20T03:15:45.155+0000] {processor.py:914} INFO - Processing file /home/airflow/.local/lib/python3.12/site-packages/airflow/example_dags/example_python_decorator.py for tasks to queue
[2025-05-20T03:15:45.168+0000] {logging_mixin.py:190} INFO - [2025-05-20T03:15:45.167+0000] {dagbag.py:587} INFO - Filling up the DagBag from /home/airflow/.local/lib/python3.12/site-packages/airflow/example_dags/example_python_decorator.py
[2025-05-20T03:15:45.181+0000] {processor.py:925} INFO - DAG(s) 'example_python_decorator' retrieved from /home/airflow/.local/lib/python3.12/site-packages/airflow/example_dags/example_python_decorator.py
[2025-05-20T03:15:45.220+0000] {logging_mixin.py:190} INFO - [2025-05-20T03:15:45.220+0000] {dag.py:3229} INFO - Sync 1 DAGs
[2025-05-20T03:15:45.238+0000] {logging_mixin.py:190} INFO - [2025-05-20T03:15:45.238+0000] {dag.py:4156} INFO - Setting next_dagrun for example_python_decorator to None, run_after=None
[2025-05-20T03:15:45.328+0000] {processor.py:208} INFO - Processing /home/airflow/.local/lib/python3.12/site-packages/airflow/example_dags/example_python_decorator.py took 0.186 seconds
