[2025-05-20T02:50:51.706+0000] {processor.py:186} INFO - Started process (PID=78) to work on /home/airflow/.local/lib/python3.12/site-packages/airflow/example_dags/example_external_task_marker_dag.py
[2025-05-20T02:50:51.709+0000] {processor.py:914} INFO - Processing file /home/airflow/.local/lib/python3.12/site-packages/airflow/example_dags/example_external_task_marker_dag.py for tasks to queue
[2025-05-20T02:50:51.712+0000] {logging_mixin.py:190} INFO - [2025-05-20T02:50:51.712+0000] {dagbag.py:587} INFO - Filling up the DagBag from /home/airflow/.local/lib/python3.12/site-packages/airflow/example_dags/example_external_task_marker_dag.py
[2025-05-20T02:50:51.728+0000] {processor.py:925} INFO - DAG(s) 'example_external_task_marker_parent', 'example_external_task_marker_child' retrieved from /home/airflow/.local/lib/python3.12/site-packages/airflow/example_dags/example_external_task_marker_dag.py
[2025-05-20T02:50:51.910+0000] {logging_mixin.py:190} INFO - [2025-05-20T02:50:51.910+0000] {override.py:1900} INFO - Created Permission View: can read on DAG:example_external_task_marker_parent
[2025-05-20T02:50:51.936+0000] {logging_mixin.py:190} INFO - [2025-05-20T02:50:51.936+0000] {override.py:1900} INFO - Created Permission View: can delete on DAG:example_external_task_marker_parent
[2025-05-20T02:50:51.962+0000] {logging_mixin.py:190} INFO - [2025-05-20T02:50:51.960+0000] {override.py:1900} INFO - Created Permission View: can edit on DAG:example_external_task_marker_parent
[2025-05-20T02:50:52.003+0000] {logging_mixin.py:190} INFO - [2025-05-20T02:50:52.003+0000] {override.py:1900} INFO - Created Permission View: can read on DAG Run:example_external_task_marker_parent
[2025-05-20T02:50:52.020+0000] {logging_mixin.py:190} INFO - [2025-05-20T02:50:52.020+0000] {override.py:1900} INFO - Created Permission View: can delete on DAG Run:example_external_task_marker_parent
[2025-05-20T02:50:52.045+0000] {logging_mixin.py:190} INFO - [2025-05-20T02:50:52.041+0000] {override.py:1900} INFO - Created Permission View: can create on DAG Run:example_external_task_marker_parent
[2025-05-20T02:50:52.068+0000] {logging_mixin.py:190} INFO - [2025-05-20T02:50:52.067+0000] {override.py:1900} INFO - Created Permission View: menu access on DAG Run:example_external_task_marker_parent
[2025-05-20T02:50:52.102+0000] {logging_mixin.py:190} INFO - [2025-05-20T02:50:52.101+0000] {override.py:1900} INFO - Created Permission View: can read on DAG:example_external_task_marker_child
[2025-05-20T02:50:52.116+0000] {logging_mixin.py:190} INFO - [2025-05-20T02:50:52.116+0000] {override.py:1900} INFO - Created Permission View: can delete on DAG:example_external_task_marker_child
[2025-05-20T02:50:52.129+0000] {logging_mixin.py:190} INFO - [2025-05-20T02:50:52.129+0000] {override.py:1900} INFO - Created Permission View: can edit on DAG:example_external_task_marker_child
[2025-05-20T02:50:52.145+0000] {logging_mixin.py:190} INFO - [2025-05-20T02:50:52.145+0000] {override.py:1900} INFO - Created Permission View: can read on DAG Run:example_external_task_marker_child
[2025-05-20T02:50:52.158+0000] {logging_mixin.py:190} INFO - [2025-05-20T02:50:52.157+0000] {override.py:1900} INFO - Created Permission View: can delete on DAG Run:example_external_task_marker_child
[2025-05-20T02:50:52.170+0000] {logging_mixin.py:190} INFO - [2025-05-20T02:50:52.170+0000] {override.py:1900} INFO - Created Permission View: can create on DAG Run:example_external_task_marker_child
[2025-05-20T02:50:52.194+0000] {logging_mixin.py:190} INFO - [2025-05-20T02:50:52.194+0000] {override.py:1900} INFO - Created Permission View: menu access on DAG Run:example_external_task_marker_child
[2025-05-20T02:50:52.196+0000] {logging_mixin.py:190} INFO - [2025-05-20T02:50:52.195+0000] {dag.py:3229} INFO - Sync 2 DAGs
[2025-05-20T02:50:52.226+0000] {logging_mixin.py:190} INFO - [2025-05-20T02:50:52.226+0000] {dag.py:3252} INFO - Creating ORM DAG for example_external_task_marker_child
[2025-05-20T02:50:52.227+0000] {logging_mixin.py:190} INFO - [2025-05-20T02:50:52.227+0000] {dag.py:3252} INFO - Creating ORM DAG for example_external_task_marker_parent
[2025-05-20T02:50:52.230+0000] {logging_mixin.py:190} INFO - [2025-05-20T02:50:52.228+0000] {dag.py:4156} INFO - Setting next_dagrun for example_external_task_marker_child to None, run_after=None
[2025-05-20T02:50:52.232+0000] {logging_mixin.py:190} INFO - [2025-05-20T02:50:52.231+0000] {dag.py:4156} INFO - Setting next_dagrun for example_external_task_marker_parent to None, run_after=None
[2025-05-20T02:50:52.298+0000] {processor.py:208} INFO - Processing /home/airflow/.local/lib/python3.12/site-packages/airflow/example_dags/example_external_task_marker_dag.py took 0.597 seconds
[2025-05-20T02:51:22.556+0000] {processor.py:186} INFO - Started process (PID=140) to work on /home/airflow/.local/lib/python3.12/site-packages/airflow/example_dags/example_external_task_marker_dag.py
[2025-05-20T02:51:22.558+0000] {processor.py:914} INFO - Processing file /home/airflow/.local/lib/python3.12/site-packages/airflow/example_dags/example_external_task_marker_dag.py for tasks to queue
[2025-05-20T02:51:22.569+0000] {logging_mixin.py:190} INFO - [2025-05-20T02:51:22.566+0000] {dagbag.py:587} INFO - Filling up the DagBag from /home/airflow/.local/lib/python3.12/site-packages/airflow/example_dags/example_external_task_marker_dag.py
[2025-05-20T02:51:22.579+0000] {processor.py:925} INFO - DAG(s) 'example_external_task_marker_child', 'example_external_task_marker_parent' retrieved from /home/airflow/.local/lib/python3.12/site-packages/airflow/example_dags/example_external_task_marker_dag.py
[2025-05-20T02:51:22.646+0000] {logging_mixin.py:190} INFO - [2025-05-20T02:51:22.645+0000] {dag.py:3229} INFO - Sync 2 DAGs
[2025-05-20T02:51:22.700+0000] {logging_mixin.py:190} INFO - [2025-05-20T02:51:22.698+0000] {dag.py:4156} INFO - Setting next_dagrun for example_external_task_marker_child to None, run_after=None
[2025-05-20T02:51:22.704+0000] {logging_mixin.py:190} INFO - [2025-05-20T02:51:22.704+0000] {dag.py:4156} INFO - Setting next_dagrun for example_external_task_marker_parent to None, run_after=None
[2025-05-20T02:51:22.780+0000] {processor.py:208} INFO - Processing /home/airflow/.local/lib/python3.12/site-packages/airflow/example_dags/example_external_task_marker_dag.py took 0.230 seconds
[2025-05-20T02:51:53.136+0000] {processor.py:186} INFO - Started process (PID=202) to work on /home/airflow/.local/lib/python3.12/site-packages/airflow/example_dags/example_external_task_marker_dag.py
[2025-05-20T02:51:53.139+0000] {processor.py:914} INFO - Processing file /home/airflow/.local/lib/python3.12/site-packages/airflow/example_dags/example_external_task_marker_dag.py for tasks to queue
[2025-05-20T02:51:53.142+0000] {logging_mixin.py:190} INFO - [2025-05-20T02:51:53.141+0000] {dagbag.py:587} INFO - Filling up the DagBag from /home/airflow/.local/lib/python3.12/site-packages/airflow/example_dags/example_external_task_marker_dag.py
[2025-05-20T02:51:53.158+0000] {processor.py:925} INFO - DAG(s) 'example_external_task_marker_child', 'example_external_task_marker_parent' retrieved from /home/airflow/.local/lib/python3.12/site-packages/airflow/example_dags/example_external_task_marker_dag.py
[2025-05-20T02:51:53.204+0000] {logging_mixin.py:190} INFO - [2025-05-20T02:51:53.203+0000] {dag.py:3229} INFO - Sync 2 DAGs
[2025-05-20T02:51:53.242+0000] {logging_mixin.py:190} INFO - [2025-05-20T02:51:53.241+0000] {dag.py:4156} INFO - Setting next_dagrun for example_external_task_marker_child to None, run_after=None
[2025-05-20T02:51:53.251+0000] {logging_mixin.py:190} INFO - [2025-05-20T02:51:53.251+0000] {dag.py:4156} INFO - Setting next_dagrun for example_external_task_marker_parent to None, run_after=None
[2025-05-20T02:51:53.311+0000] {processor.py:208} INFO - Processing /home/airflow/.local/lib/python3.12/site-packages/airflow/example_dags/example_external_task_marker_dag.py took 0.178 seconds
[2025-05-20T02:53:56.288+0000] {processor.py:186} INFO - Started process (PID=79) to work on /home/airflow/.local/lib/python3.12/site-packages/airflow/example_dags/example_external_task_marker_dag.py
[2025-05-20T02:53:56.290+0000] {processor.py:914} INFO - Processing file /home/airflow/.local/lib/python3.12/site-packages/airflow/example_dags/example_external_task_marker_dag.py for tasks to queue
[2025-05-20T02:53:56.307+0000] {logging_mixin.py:190} INFO - [2025-05-20T02:53:56.307+0000] {dagbag.py:587} INFO - Filling up the DagBag from /home/airflow/.local/lib/python3.12/site-packages/airflow/example_dags/example_external_task_marker_dag.py
[2025-05-20T02:53:56.343+0000] {processor.py:925} INFO - DAG(s) 'example_external_task_marker_parent', 'example_external_task_marker_child' retrieved from /home/airflow/.local/lib/python3.12/site-packages/airflow/example_dags/example_external_task_marker_dag.py
[2025-05-20T02:53:56.435+0000] {logging_mixin.py:190} INFO - [2025-05-20T02:53:56.435+0000] {dag.py:3229} INFO - Sync 2 DAGs
[2025-05-20T02:53:56.458+0000] {logging_mixin.py:190} INFO - [2025-05-20T02:53:56.458+0000] {dag.py:4156} INFO - Setting next_dagrun for example_external_task_marker_child to None, run_after=None
[2025-05-20T02:53:56.474+0000] {logging_mixin.py:190} INFO - [2025-05-20T02:53:56.470+0000] {dag.py:4156} INFO - Setting next_dagrun for example_external_task_marker_parent to None, run_after=None
[2025-05-20T02:53:56.532+0000] {processor.py:208} INFO - Processing /home/airflow/.local/lib/python3.12/site-packages/airflow/example_dags/example_external_task_marker_dag.py took 0.248 seconds
[2025-05-20T02:54:26.666+0000] {processor.py:186} INFO - Started process (PID=141) to work on /home/airflow/.local/lib/python3.12/site-packages/airflow/example_dags/example_external_task_marker_dag.py
[2025-05-20T02:54:26.669+0000] {processor.py:914} INFO - Processing file /home/airflow/.local/lib/python3.12/site-packages/airflow/example_dags/example_external_task_marker_dag.py for tasks to queue
[2025-05-20T02:54:26.674+0000] {logging_mixin.py:190} INFO - [2025-05-20T02:54:26.673+0000] {dagbag.py:587} INFO - Filling up the DagBag from /home/airflow/.local/lib/python3.12/site-packages/airflow/example_dags/example_external_task_marker_dag.py
[2025-05-20T02:54:26.687+0000] {processor.py:925} INFO - DAG(s) 'example_external_task_marker_parent', 'example_external_task_marker_child' retrieved from /home/airflow/.local/lib/python3.12/site-packages/airflow/example_dags/example_external_task_marker_dag.py
[2025-05-20T02:54:26.741+0000] {logging_mixin.py:190} INFO - [2025-05-20T02:54:26.741+0000] {dag.py:3229} INFO - Sync 2 DAGs
[2025-05-20T02:54:26.800+0000] {logging_mixin.py:190} INFO - [2025-05-20T02:54:26.800+0000] {dag.py:4156} INFO - Setting next_dagrun for example_external_task_marker_child to None, run_after=None
[2025-05-20T02:54:26.816+0000] {logging_mixin.py:190} INFO - [2025-05-20T02:54:26.815+0000] {dag.py:4156} INFO - Setting next_dagrun for example_external_task_marker_parent to None, run_after=None
[2025-05-20T02:54:26.891+0000] {processor.py:208} INFO - Processing /home/airflow/.local/lib/python3.12/site-packages/airflow/example_dags/example_external_task_marker_dag.py took 0.235 seconds
[2025-05-20T02:54:57.194+0000] {processor.py:186} INFO - Started process (PID=204) to work on /home/airflow/.local/lib/python3.12/site-packages/airflow/example_dags/example_external_task_marker_dag.py
[2025-05-20T02:54:57.197+0000] {processor.py:914} INFO - Processing file /home/airflow/.local/lib/python3.12/site-packages/airflow/example_dags/example_external_task_marker_dag.py for tasks to queue
[2025-05-20T02:54:57.208+0000] {logging_mixin.py:190} INFO - [2025-05-20T02:54:57.208+0000] {dagbag.py:587} INFO - Filling up the DagBag from /home/airflow/.local/lib/python3.12/site-packages/airflow/example_dags/example_external_task_marker_dag.py
[2025-05-20T02:54:57.223+0000] {processor.py:925} INFO - DAG(s) 'example_external_task_marker_child', 'example_external_task_marker_parent' retrieved from /home/airflow/.local/lib/python3.12/site-packages/airflow/example_dags/example_external_task_marker_dag.py
[2025-05-20T02:54:57.309+0000] {logging_mixin.py:190} INFO - [2025-05-20T02:54:57.309+0000] {dag.py:3229} INFO - Sync 2 DAGs
[2025-05-20T02:54:57.356+0000] {logging_mixin.py:190} INFO - [2025-05-20T02:54:57.355+0000] {dag.py:4156} INFO - Setting next_dagrun for example_external_task_marker_child to None, run_after=None
[2025-05-20T02:54:57.378+0000] {logging_mixin.py:190} INFO - [2025-05-20T02:54:57.378+0000] {dag.py:4156} INFO - Setting next_dagrun for example_external_task_marker_parent to None, run_after=None
[2025-05-20T02:54:57.445+0000] {processor.py:208} INFO - Processing /home/airflow/.local/lib/python3.12/site-packages/airflow/example_dags/example_external_task_marker_dag.py took 0.255 seconds
[2025-05-20T02:55:27.884+0000] {processor.py:186} INFO - Started process (PID=268) to work on /home/airflow/.local/lib/python3.12/site-packages/airflow/example_dags/example_external_task_marker_dag.py
[2025-05-20T02:55:27.885+0000] {processor.py:914} INFO - Processing file /home/airflow/.local/lib/python3.12/site-packages/airflow/example_dags/example_external_task_marker_dag.py for tasks to queue
[2025-05-20T02:55:27.893+0000] {logging_mixin.py:190} INFO - [2025-05-20T02:55:27.893+0000] {dagbag.py:587} INFO - Filling up the DagBag from /home/airflow/.local/lib/python3.12/site-packages/airflow/example_dags/example_external_task_marker_dag.py
[2025-05-20T02:55:27.909+0000] {processor.py:925} INFO - DAG(s) 'example_external_task_marker_child', 'example_external_task_marker_parent' retrieved from /home/airflow/.local/lib/python3.12/site-packages/airflow/example_dags/example_external_task_marker_dag.py
[2025-05-20T02:55:27.932+0000] {logging_mixin.py:190} INFO - [2025-05-20T02:55:27.932+0000] {dag.py:3229} INFO - Sync 2 DAGs
[2025-05-20T02:55:27.966+0000] {logging_mixin.py:190} INFO - [2025-05-20T02:55:27.955+0000] {dag.py:4156} INFO - Setting next_dagrun for example_external_task_marker_child to None, run_after=None
[2025-05-20T02:55:27.982+0000] {logging_mixin.py:190} INFO - [2025-05-20T02:55:27.982+0000] {dag.py:4156} INFO - Setting next_dagrun for example_external_task_marker_parent to None, run_after=None
[2025-05-20T02:55:28.103+0000] {processor.py:208} INFO - Processing /home/airflow/.local/lib/python3.12/site-packages/airflow/example_dags/example_external_task_marker_dag.py took 0.225 seconds
[2025-05-20T02:55:59.871+0000] {processor.py:186} INFO - Started process (PID=331) to work on /home/airflow/.local/lib/python3.12/site-packages/airflow/example_dags/example_external_task_marker_dag.py
[2025-05-20T02:55:59.874+0000] {processor.py:914} INFO - Processing file /home/airflow/.local/lib/python3.12/site-packages/airflow/example_dags/example_external_task_marker_dag.py for tasks to queue
[2025-05-20T02:55:59.884+0000] {logging_mixin.py:190} INFO - [2025-05-20T02:55:59.884+0000] {dagbag.py:587} INFO - Filling up the DagBag from /home/airflow/.local/lib/python3.12/site-packages/airflow/example_dags/example_external_task_marker_dag.py
[2025-05-20T02:55:59.889+0000] {processor.py:925} INFO - DAG(s) 'example_external_task_marker_child', 'example_external_task_marker_parent' retrieved from /home/airflow/.local/lib/python3.12/site-packages/airflow/example_dags/example_external_task_marker_dag.py
[2025-05-20T02:55:59.974+0000] {logging_mixin.py:190} INFO - [2025-05-20T02:55:59.973+0000] {dag.py:3229} INFO - Sync 2 DAGs
[2025-05-20T02:55:59.992+0000] {logging_mixin.py:190} INFO - [2025-05-20T02:55:59.992+0000] {dag.py:4156} INFO - Setting next_dagrun for example_external_task_marker_child to None, run_after=None
[2025-05-20T02:56:00.015+0000] {logging_mixin.py:190} INFO - [2025-05-20T02:56:00.015+0000] {dag.py:4156} INFO - Setting next_dagrun for example_external_task_marker_parent to None, run_after=None
[2025-05-20T02:56:00.068+0000] {processor.py:208} INFO - Processing /home/airflow/.local/lib/python3.12/site-packages/airflow/example_dags/example_external_task_marker_dag.py took 0.200 seconds
[2025-05-20T02:56:30.831+0000] {processor.py:186} INFO - Started process (PID=394) to work on /home/airflow/.local/lib/python3.12/site-packages/airflow/example_dags/example_external_task_marker_dag.py
[2025-05-20T02:56:30.834+0000] {processor.py:914} INFO - Processing file /home/airflow/.local/lib/python3.12/site-packages/airflow/example_dags/example_external_task_marker_dag.py for tasks to queue
[2025-05-20T02:56:30.850+0000] {logging_mixin.py:190} INFO - [2025-05-20T02:56:30.849+0000] {dagbag.py:587} INFO - Filling up the DagBag from /home/airflow/.local/lib/python3.12/site-packages/airflow/example_dags/example_external_task_marker_dag.py
[2025-05-20T02:56:30.856+0000] {processor.py:925} INFO - DAG(s) 'example_external_task_marker_child', 'example_external_task_marker_parent' retrieved from /home/airflow/.local/lib/python3.12/site-packages/airflow/example_dags/example_external_task_marker_dag.py
[2025-05-20T02:56:30.891+0000] {logging_mixin.py:190} INFO - [2025-05-20T02:56:30.891+0000] {dag.py:3229} INFO - Sync 2 DAGs
[2025-05-20T02:56:30.925+0000] {logging_mixin.py:190} INFO - [2025-05-20T02:56:30.925+0000] {dag.py:4156} INFO - Setting next_dagrun for example_external_task_marker_child to None, run_after=None
[2025-05-20T02:56:30.932+0000] {logging_mixin.py:190} INFO - [2025-05-20T02:56:30.932+0000] {dag.py:4156} INFO - Setting next_dagrun for example_external_task_marker_parent to None, run_after=None
[2025-05-20T02:56:30.996+0000] {processor.py:208} INFO - Processing /home/airflow/.local/lib/python3.12/site-packages/airflow/example_dags/example_external_task_marker_dag.py took 0.170 seconds
[2025-05-20T02:57:01.454+0000] {processor.py:186} INFO - Started process (PID=457) to work on /home/airflow/.local/lib/python3.12/site-packages/airflow/example_dags/example_external_task_marker_dag.py
[2025-05-20T02:57:01.458+0000] {processor.py:914} INFO - Processing file /home/airflow/.local/lib/python3.12/site-packages/airflow/example_dags/example_external_task_marker_dag.py for tasks to queue
[2025-05-20T02:57:01.471+0000] {logging_mixin.py:190} INFO - [2025-05-20T02:57:01.467+0000] {dagbag.py:587} INFO - Filling up the DagBag from /home/airflow/.local/lib/python3.12/site-packages/airflow/example_dags/example_external_task_marker_dag.py
[2025-05-20T02:57:01.482+0000] {processor.py:925} INFO - DAG(s) 'example_external_task_marker_parent', 'example_external_task_marker_child' retrieved from /home/airflow/.local/lib/python3.12/site-packages/airflow/example_dags/example_external_task_marker_dag.py
[2025-05-20T02:57:01.541+0000] {logging_mixin.py:190} INFO - [2025-05-20T02:57:01.540+0000] {dag.py:3229} INFO - Sync 2 DAGs
[2025-05-20T02:57:01.553+0000] {logging_mixin.py:190} INFO - [2025-05-20T02:57:01.553+0000] {dag.py:4156} INFO - Setting next_dagrun for example_external_task_marker_child to None, run_after=None
[2025-05-20T02:57:01.562+0000] {logging_mixin.py:190} INFO - [2025-05-20T02:57:01.562+0000] {dag.py:4156} INFO - Setting next_dagrun for example_external_task_marker_parent to None, run_after=None
[2025-05-20T02:57:01.616+0000] {processor.py:208} INFO - Processing /home/airflow/.local/lib/python3.12/site-packages/airflow/example_dags/example_external_task_marker_dag.py took 0.165 seconds
[2025-05-20T02:57:32.172+0000] {processor.py:186} INFO - Started process (PID=520) to work on /home/airflow/.local/lib/python3.12/site-packages/airflow/example_dags/example_external_task_marker_dag.py
[2025-05-20T02:57:32.173+0000] {processor.py:914} INFO - Processing file /home/airflow/.local/lib/python3.12/site-packages/airflow/example_dags/example_external_task_marker_dag.py for tasks to queue
[2025-05-20T02:57:32.177+0000] {logging_mixin.py:190} INFO - [2025-05-20T02:57:32.176+0000] {dagbag.py:587} INFO - Filling up the DagBag from /home/airflow/.local/lib/python3.12/site-packages/airflow/example_dags/example_external_task_marker_dag.py
[2025-05-20T02:57:32.195+0000] {processor.py:925} INFO - DAG(s) 'example_external_task_marker_parent', 'example_external_task_marker_child' retrieved from /home/airflow/.local/lib/python3.12/site-packages/airflow/example_dags/example_external_task_marker_dag.py
[2025-05-20T02:57:32.231+0000] {logging_mixin.py:190} INFO - [2025-05-20T02:57:32.231+0000] {dag.py:3229} INFO - Sync 2 DAGs
[2025-05-20T02:57:32.248+0000] {logging_mixin.py:190} INFO - [2025-05-20T02:57:32.248+0000] {dag.py:4156} INFO - Setting next_dagrun for example_external_task_marker_child to None, run_after=None
[2025-05-20T02:57:32.275+0000] {logging_mixin.py:190} INFO - [2025-05-20T02:57:32.275+0000] {dag.py:4156} INFO - Setting next_dagrun for example_external_task_marker_parent to None, run_after=None
[2025-05-20T02:57:32.307+0000] {processor.py:208} INFO - Processing /home/airflow/.local/lib/python3.12/site-packages/airflow/example_dags/example_external_task_marker_dag.py took 0.139 seconds
[2025-05-20T02:58:02.930+0000] {processor.py:186} INFO - Started process (PID=583) to work on /home/airflow/.local/lib/python3.12/site-packages/airflow/example_dags/example_external_task_marker_dag.py
[2025-05-20T02:58:02.933+0000] {processor.py:914} INFO - Processing file /home/airflow/.local/lib/python3.12/site-packages/airflow/example_dags/example_external_task_marker_dag.py for tasks to queue
[2025-05-20T02:58:02.941+0000] {logging_mixin.py:190} INFO - [2025-05-20T02:58:02.939+0000] {dagbag.py:587} INFO - Filling up the DagBag from /home/airflow/.local/lib/python3.12/site-packages/airflow/example_dags/example_external_task_marker_dag.py
[2025-05-20T02:58:02.963+0000] {processor.py:925} INFO - DAG(s) 'example_external_task_marker_child', 'example_external_task_marker_parent' retrieved from /home/airflow/.local/lib/python3.12/site-packages/airflow/example_dags/example_external_task_marker_dag.py
[2025-05-20T02:58:03.045+0000] {logging_mixin.py:190} INFO - [2025-05-20T02:58:03.045+0000] {dag.py:3229} INFO - Sync 2 DAGs
[2025-05-20T02:58:03.064+0000] {logging_mixin.py:190} INFO - [2025-05-20T02:58:03.064+0000] {dag.py:4156} INFO - Setting next_dagrun for example_external_task_marker_child to None, run_after=None
[2025-05-20T02:58:03.078+0000] {logging_mixin.py:190} INFO - [2025-05-20T02:58:03.078+0000] {dag.py:4156} INFO - Setting next_dagrun for example_external_task_marker_parent to None, run_after=None
[2025-05-20T02:58:03.141+0000] {processor.py:208} INFO - Processing /home/airflow/.local/lib/python3.12/site-packages/airflow/example_dags/example_external_task_marker_dag.py took 0.222 seconds
[2025-05-20T02:58:33.495+0000] {processor.py:186} INFO - Started process (PID=647) to work on /home/airflow/.local/lib/python3.12/site-packages/airflow/example_dags/example_external_task_marker_dag.py
[2025-05-20T02:58:33.501+0000] {processor.py:914} INFO - Processing file /home/airflow/.local/lib/python3.12/site-packages/airflow/example_dags/example_external_task_marker_dag.py for tasks to queue
[2025-05-20T02:58:33.509+0000] {logging_mixin.py:190} INFO - [2025-05-20T02:58:33.507+0000] {dagbag.py:587} INFO - Filling up the DagBag from /home/airflow/.local/lib/python3.12/site-packages/airflow/example_dags/example_external_task_marker_dag.py
[2025-05-20T02:58:33.515+0000] {processor.py:925} INFO - DAG(s) 'example_external_task_marker_parent', 'example_external_task_marker_child' retrieved from /home/airflow/.local/lib/python3.12/site-packages/airflow/example_dags/example_external_task_marker_dag.py
[2025-05-20T02:58:33.544+0000] {logging_mixin.py:190} INFO - [2025-05-20T02:58:33.543+0000] {dag.py:3229} INFO - Sync 2 DAGs
[2025-05-20T02:58:33.571+0000] {logging_mixin.py:190} INFO - [2025-05-20T02:58:33.570+0000] {dag.py:4156} INFO - Setting next_dagrun for example_external_task_marker_child to None, run_after=None
[2025-05-20T02:58:33.599+0000] {logging_mixin.py:190} INFO - [2025-05-20T02:58:33.599+0000] {dag.py:4156} INFO - Setting next_dagrun for example_external_task_marker_parent to None, run_after=None
[2025-05-20T02:58:33.649+0000] {processor.py:208} INFO - Processing /home/airflow/.local/lib/python3.12/site-packages/airflow/example_dags/example_external_task_marker_dag.py took 0.157 seconds
[2025-05-20T02:59:04.027+0000] {processor.py:186} INFO - Started process (PID=710) to work on /home/airflow/.local/lib/python3.12/site-packages/airflow/example_dags/example_external_task_marker_dag.py
[2025-05-20T02:59:04.032+0000] {processor.py:914} INFO - Processing file /home/airflow/.local/lib/python3.12/site-packages/airflow/example_dags/example_external_task_marker_dag.py for tasks to queue
[2025-05-20T02:59:04.044+0000] {logging_mixin.py:190} INFO - [2025-05-20T02:59:04.044+0000] {dagbag.py:587} INFO - Filling up the DagBag from /home/airflow/.local/lib/python3.12/site-packages/airflow/example_dags/example_external_task_marker_dag.py
[2025-05-20T02:59:04.065+0000] {processor.py:925} INFO - DAG(s) 'example_external_task_marker_parent', 'example_external_task_marker_child' retrieved from /home/airflow/.local/lib/python3.12/site-packages/airflow/example_dags/example_external_task_marker_dag.py
[2025-05-20T02:59:04.145+0000] {logging_mixin.py:190} INFO - [2025-05-20T02:59:04.144+0000] {dag.py:3229} INFO - Sync 2 DAGs
[2025-05-20T02:59:04.168+0000] {logging_mixin.py:190} INFO - [2025-05-20T02:59:04.167+0000] {dag.py:4156} INFO - Setting next_dagrun for example_external_task_marker_child to None, run_after=None
[2025-05-20T02:59:04.185+0000] {logging_mixin.py:190} INFO - [2025-05-20T02:59:04.185+0000] {dag.py:4156} INFO - Setting next_dagrun for example_external_task_marker_parent to None, run_after=None
[2025-05-20T02:59:04.236+0000] {processor.py:208} INFO - Processing /home/airflow/.local/lib/python3.12/site-packages/airflow/example_dags/example_external_task_marker_dag.py took 0.213 seconds
[2025-05-20T02:59:34.615+0000] {processor.py:186} INFO - Started process (PID=773) to work on /home/airflow/.local/lib/python3.12/site-packages/airflow/example_dags/example_external_task_marker_dag.py
[2025-05-20T02:59:34.617+0000] {processor.py:914} INFO - Processing file /home/airflow/.local/lib/python3.12/site-packages/airflow/example_dags/example_external_task_marker_dag.py for tasks to queue
[2025-05-20T02:59:34.622+0000] {logging_mixin.py:190} INFO - [2025-05-20T02:59:34.622+0000] {dagbag.py:587} INFO - Filling up the DagBag from /home/airflow/.local/lib/python3.12/site-packages/airflow/example_dags/example_external_task_marker_dag.py
[2025-05-20T02:59:34.632+0000] {processor.py:925} INFO - DAG(s) 'example_external_task_marker_child', 'example_external_task_marker_parent' retrieved from /home/airflow/.local/lib/python3.12/site-packages/airflow/example_dags/example_external_task_marker_dag.py
[2025-05-20T02:59:34.702+0000] {logging_mixin.py:190} INFO - [2025-05-20T02:59:34.702+0000] {dag.py:3229} INFO - Sync 2 DAGs
[2025-05-20T02:59:34.753+0000] {logging_mixin.py:190} INFO - [2025-05-20T02:59:34.752+0000] {dag.py:4156} INFO - Setting next_dagrun for example_external_task_marker_child to None, run_after=None
[2025-05-20T02:59:34.768+0000] {logging_mixin.py:190} INFO - [2025-05-20T02:59:34.767+0000] {dag.py:4156} INFO - Setting next_dagrun for example_external_task_marker_parent to None, run_after=None
[2025-05-20T02:59:34.815+0000] {processor.py:208} INFO - Processing /home/airflow/.local/lib/python3.12/site-packages/airflow/example_dags/example_external_task_marker_dag.py took 0.202 seconds
[2025-05-20T03:00:05.243+0000] {processor.py:186} INFO - Started process (PID=836) to work on /home/airflow/.local/lib/python3.12/site-packages/airflow/example_dags/example_external_task_marker_dag.py
[2025-05-20T03:00:05.245+0000] {processor.py:914} INFO - Processing file /home/airflow/.local/lib/python3.12/site-packages/airflow/example_dags/example_external_task_marker_dag.py for tasks to queue
[2025-05-20T03:00:05.263+0000] {logging_mixin.py:190} INFO - [2025-05-20T03:00:05.262+0000] {dagbag.py:587} INFO - Filling up the DagBag from /home/airflow/.local/lib/python3.12/site-packages/airflow/example_dags/example_external_task_marker_dag.py
[2025-05-20T03:00:05.270+0000] {processor.py:925} INFO - DAG(s) 'example_external_task_marker_child', 'example_external_task_marker_parent' retrieved from /home/airflow/.local/lib/python3.12/site-packages/airflow/example_dags/example_external_task_marker_dag.py
[2025-05-20T03:00:05.349+0000] {logging_mixin.py:190} INFO - [2025-05-20T03:00:05.349+0000] {dag.py:3229} INFO - Sync 2 DAGs
[2025-05-20T03:00:05.366+0000] {logging_mixin.py:190} INFO - [2025-05-20T03:00:05.365+0000] {dag.py:4156} INFO - Setting next_dagrun for example_external_task_marker_child to None, run_after=None
[2025-05-20T03:00:05.383+0000] {logging_mixin.py:190} INFO - [2025-05-20T03:00:05.382+0000] {dag.py:4156} INFO - Setting next_dagrun for example_external_task_marker_parent to None, run_after=None
[2025-05-20T03:00:05.428+0000] {processor.py:208} INFO - Processing /home/airflow/.local/lib/python3.12/site-packages/airflow/example_dags/example_external_task_marker_dag.py took 0.188 seconds
[2025-05-20T03:00:36.069+0000] {processor.py:186} INFO - Started process (PID=899) to work on /home/airflow/.local/lib/python3.12/site-packages/airflow/example_dags/example_external_task_marker_dag.py
[2025-05-20T03:00:36.081+0000] {processor.py:914} INFO - Processing file /home/airflow/.local/lib/python3.12/site-packages/airflow/example_dags/example_external_task_marker_dag.py for tasks to queue
[2025-05-20T03:00:36.103+0000] {logging_mixin.py:190} INFO - [2025-05-20T03:00:36.102+0000] {dagbag.py:587} INFO - Filling up the DagBag from /home/airflow/.local/lib/python3.12/site-packages/airflow/example_dags/example_external_task_marker_dag.py
[2025-05-20T03:00:36.113+0000] {processor.py:925} INFO - DAG(s) 'example_external_task_marker_child', 'example_external_task_marker_parent' retrieved from /home/airflow/.local/lib/python3.12/site-packages/airflow/example_dags/example_external_task_marker_dag.py
[2025-05-20T03:00:36.182+0000] {logging_mixin.py:190} INFO - [2025-05-20T03:00:36.181+0000] {dag.py:3229} INFO - Sync 2 DAGs
[2025-05-20T03:00:36.227+0000] {logging_mixin.py:190} INFO - [2025-05-20T03:00:36.224+0000] {dag.py:4156} INFO - Setting next_dagrun for example_external_task_marker_child to None, run_after=None
[2025-05-20T03:00:36.240+0000] {logging_mixin.py:190} INFO - [2025-05-20T03:00:36.240+0000] {dag.py:4156} INFO - Setting next_dagrun for example_external_task_marker_parent to None, run_after=None
[2025-05-20T03:00:36.281+0000] {processor.py:208} INFO - Processing /home/airflow/.local/lib/python3.12/site-packages/airflow/example_dags/example_external_task_marker_dag.py took 0.215 seconds
[2025-05-20T03:01:06.656+0000] {processor.py:186} INFO - Started process (PID=961) to work on /home/airflow/.local/lib/python3.12/site-packages/airflow/example_dags/example_external_task_marker_dag.py
[2025-05-20T03:01:06.658+0000] {processor.py:914} INFO - Processing file /home/airflow/.local/lib/python3.12/site-packages/airflow/example_dags/example_external_task_marker_dag.py for tasks to queue
[2025-05-20T03:01:06.673+0000] {logging_mixin.py:190} INFO - [2025-05-20T03:01:06.672+0000] {dagbag.py:587} INFO - Filling up the DagBag from /home/airflow/.local/lib/python3.12/site-packages/airflow/example_dags/example_external_task_marker_dag.py
[2025-05-20T03:01:06.682+0000] {processor.py:925} INFO - DAG(s) 'example_external_task_marker_child', 'example_external_task_marker_parent' retrieved from /home/airflow/.local/lib/python3.12/site-packages/airflow/example_dags/example_external_task_marker_dag.py
[2025-05-20T03:01:06.764+0000] {logging_mixin.py:190} INFO - [2025-05-20T03:01:06.764+0000] {dag.py:3229} INFO - Sync 2 DAGs
[2025-05-20T03:01:06.786+0000] {logging_mixin.py:190} INFO - [2025-05-20T03:01:06.786+0000] {dag.py:4156} INFO - Setting next_dagrun for example_external_task_marker_child to None, run_after=None
[2025-05-20T03:01:06.810+0000] {logging_mixin.py:190} INFO - [2025-05-20T03:01:06.805+0000] {dag.py:4156} INFO - Setting next_dagrun for example_external_task_marker_parent to None, run_after=None
[2025-05-20T03:01:06.888+0000] {processor.py:208} INFO - Processing /home/airflow/.local/lib/python3.12/site-packages/airflow/example_dags/example_external_task_marker_dag.py took 0.235 seconds
[2025-05-20T03:01:37.745+0000] {processor.py:186} INFO - Started process (PID=1023) to work on /home/airflow/.local/lib/python3.12/site-packages/airflow/example_dags/example_external_task_marker_dag.py
[2025-05-20T03:01:37.746+0000] {processor.py:914} INFO - Processing file /home/airflow/.local/lib/python3.12/site-packages/airflow/example_dags/example_external_task_marker_dag.py for tasks to queue
[2025-05-20T03:01:37.751+0000] {logging_mixin.py:190} INFO - [2025-05-20T03:01:37.750+0000] {dagbag.py:587} INFO - Filling up the DagBag from /home/airflow/.local/lib/python3.12/site-packages/airflow/example_dags/example_external_task_marker_dag.py
[2025-05-20T03:01:37.777+0000] {processor.py:925} INFO - DAG(s) 'example_external_task_marker_parent', 'example_external_task_marker_child' retrieved from /home/airflow/.local/lib/python3.12/site-packages/airflow/example_dags/example_external_task_marker_dag.py
[2025-05-20T03:01:37.854+0000] {logging_mixin.py:190} INFO - [2025-05-20T03:01:37.853+0000] {dag.py:3229} INFO - Sync 2 DAGs
[2025-05-20T03:01:37.889+0000] {logging_mixin.py:190} INFO - [2025-05-20T03:01:37.889+0000] {dag.py:4156} INFO - Setting next_dagrun for example_external_task_marker_child to None, run_after=None
[2025-05-20T03:01:37.904+0000] {logging_mixin.py:190} INFO - [2025-05-20T03:01:37.904+0000] {dag.py:4156} INFO - Setting next_dagrun for example_external_task_marker_parent to None, run_after=None
[2025-05-20T03:01:37.944+0000] {processor.py:208} INFO - Processing /home/airflow/.local/lib/python3.12/site-packages/airflow/example_dags/example_external_task_marker_dag.py took 0.204 seconds
[2025-05-20T03:02:08.075+0000] {processor.py:186} INFO - Started process (PID=1086) to work on /home/airflow/.local/lib/python3.12/site-packages/airflow/example_dags/example_external_task_marker_dag.py
[2025-05-20T03:02:08.080+0000] {processor.py:914} INFO - Processing file /home/airflow/.local/lib/python3.12/site-packages/airflow/example_dags/example_external_task_marker_dag.py for tasks to queue
[2025-05-20T03:02:08.087+0000] {logging_mixin.py:190} INFO - [2025-05-20T03:02:08.087+0000] {dagbag.py:587} INFO - Filling up the DagBag from /home/airflow/.local/lib/python3.12/site-packages/airflow/example_dags/example_external_task_marker_dag.py
[2025-05-20T03:02:08.103+0000] {processor.py:925} INFO - DAG(s) 'example_external_task_marker_parent', 'example_external_task_marker_child' retrieved from /home/airflow/.local/lib/python3.12/site-packages/airflow/example_dags/example_external_task_marker_dag.py
[2025-05-20T03:02:08.178+0000] {logging_mixin.py:190} INFO - [2025-05-20T03:02:08.178+0000] {dag.py:3229} INFO - Sync 2 DAGs
[2025-05-20T03:02:08.205+0000] {logging_mixin.py:190} INFO - [2025-05-20T03:02:08.205+0000] {dag.py:4156} INFO - Setting next_dagrun for example_external_task_marker_child to None, run_after=None
[2025-05-20T03:02:08.218+0000] {logging_mixin.py:190} INFO - [2025-05-20T03:02:08.217+0000] {dag.py:4156} INFO - Setting next_dagrun for example_external_task_marker_parent to None, run_after=None
[2025-05-20T03:02:08.275+0000] {processor.py:208} INFO - Processing /home/airflow/.local/lib/python3.12/site-packages/airflow/example_dags/example_external_task_marker_dag.py took 0.203 seconds
[2025-05-20T03:02:39.046+0000] {processor.py:186} INFO - Started process (PID=1149) to work on /home/airflow/.local/lib/python3.12/site-packages/airflow/example_dags/example_external_task_marker_dag.py
[2025-05-20T03:02:39.047+0000] {processor.py:914} INFO - Processing file /home/airflow/.local/lib/python3.12/site-packages/airflow/example_dags/example_external_task_marker_dag.py for tasks to queue
[2025-05-20T03:02:39.049+0000] {logging_mixin.py:190} INFO - [2025-05-20T03:02:39.049+0000] {dagbag.py:587} INFO - Filling up the DagBag from /home/airflow/.local/lib/python3.12/site-packages/airflow/example_dags/example_external_task_marker_dag.py
[2025-05-20T03:02:39.070+0000] {processor.py:925} INFO - DAG(s) 'example_external_task_marker_child', 'example_external_task_marker_parent' retrieved from /home/airflow/.local/lib/python3.12/site-packages/airflow/example_dags/example_external_task_marker_dag.py
[2025-05-20T03:02:39.160+0000] {logging_mixin.py:190} INFO - [2025-05-20T03:02:39.159+0000] {dag.py:3229} INFO - Sync 2 DAGs
[2025-05-20T03:02:39.190+0000] {logging_mixin.py:190} INFO - [2025-05-20T03:02:39.190+0000] {dag.py:4156} INFO - Setting next_dagrun for example_external_task_marker_child to None, run_after=None
[2025-05-20T03:02:39.202+0000] {logging_mixin.py:190} INFO - [2025-05-20T03:02:39.202+0000] {dag.py:4156} INFO - Setting next_dagrun for example_external_task_marker_parent to None, run_after=None
[2025-05-20T03:02:39.271+0000] {processor.py:208} INFO - Processing /home/airflow/.local/lib/python3.12/site-packages/airflow/example_dags/example_external_task_marker_dag.py took 0.231 seconds
[2025-05-20T03:03:09.396+0000] {processor.py:186} INFO - Started process (PID=1211) to work on /home/airflow/.local/lib/python3.12/site-packages/airflow/example_dags/example_external_task_marker_dag.py
[2025-05-20T03:03:09.397+0000] {processor.py:914} INFO - Processing file /home/airflow/.local/lib/python3.12/site-packages/airflow/example_dags/example_external_task_marker_dag.py for tasks to queue
[2025-05-20T03:03:09.406+0000] {logging_mixin.py:190} INFO - [2025-05-20T03:03:09.405+0000] {dagbag.py:587} INFO - Filling up the DagBag from /home/airflow/.local/lib/python3.12/site-packages/airflow/example_dags/example_external_task_marker_dag.py
[2025-05-20T03:03:09.434+0000] {processor.py:925} INFO - DAG(s) 'example_external_task_marker_child', 'example_external_task_marker_parent' retrieved from /home/airflow/.local/lib/python3.12/site-packages/airflow/example_dags/example_external_task_marker_dag.py
[2025-05-20T03:03:09.494+0000] {logging_mixin.py:190} INFO - [2025-05-20T03:03:09.494+0000] {dag.py:3229} INFO - Sync 2 DAGs
[2025-05-20T03:03:09.510+0000] {logging_mixin.py:190} INFO - [2025-05-20T03:03:09.510+0000] {dag.py:4156} INFO - Setting next_dagrun for example_external_task_marker_child to None, run_after=None
[2025-05-20T03:03:09.524+0000] {logging_mixin.py:190} INFO - [2025-05-20T03:03:09.524+0000] {dag.py:4156} INFO - Setting next_dagrun for example_external_task_marker_parent to None, run_after=None
[2025-05-20T03:03:09.577+0000] {processor.py:208} INFO - Processing /home/airflow/.local/lib/python3.12/site-packages/airflow/example_dags/example_external_task_marker_dag.py took 0.187 seconds
[2025-05-20T03:03:40.622+0000] {processor.py:186} INFO - Started process (PID=1273) to work on /home/airflow/.local/lib/python3.12/site-packages/airflow/example_dags/example_external_task_marker_dag.py
[2025-05-20T03:03:40.623+0000] {processor.py:914} INFO - Processing file /home/airflow/.local/lib/python3.12/site-packages/airflow/example_dags/example_external_task_marker_dag.py for tasks to queue
[2025-05-20T03:03:40.627+0000] {logging_mixin.py:190} INFO - [2025-05-20T03:03:40.626+0000] {dagbag.py:587} INFO - Filling up the DagBag from /home/airflow/.local/lib/python3.12/site-packages/airflow/example_dags/example_external_task_marker_dag.py
[2025-05-20T03:03:40.647+0000] {processor.py:925} INFO - DAG(s) 'example_external_task_marker_child', 'example_external_task_marker_parent' retrieved from /home/airflow/.local/lib/python3.12/site-packages/airflow/example_dags/example_external_task_marker_dag.py
[2025-05-20T03:03:40.689+0000] {logging_mixin.py:190} INFO - [2025-05-20T03:03:40.689+0000] {dag.py:3229} INFO - Sync 2 DAGs
[2025-05-20T03:03:40.709+0000] {logging_mixin.py:190} INFO - [2025-05-20T03:03:40.708+0000] {dag.py:4156} INFO - Setting next_dagrun for example_external_task_marker_child to None, run_after=None
[2025-05-20T03:03:40.747+0000] {logging_mixin.py:190} INFO - [2025-05-20T03:03:40.742+0000] {dag.py:4156} INFO - Setting next_dagrun for example_external_task_marker_parent to None, run_after=None
[2025-05-20T03:03:40.822+0000] {processor.py:208} INFO - Processing /home/airflow/.local/lib/python3.12/site-packages/airflow/example_dags/example_external_task_marker_dag.py took 0.206 seconds
[2025-05-20T03:04:12.252+0000] {processor.py:186} INFO - Started process (PID=1336) to work on /home/airflow/.local/lib/python3.12/site-packages/airflow/example_dags/example_external_task_marker_dag.py
[2025-05-20T03:04:12.253+0000] {processor.py:914} INFO - Processing file /home/airflow/.local/lib/python3.12/site-packages/airflow/example_dags/example_external_task_marker_dag.py for tasks to queue
[2025-05-20T03:04:12.257+0000] {logging_mixin.py:190} INFO - [2025-05-20T03:04:12.257+0000] {dagbag.py:587} INFO - Filling up the DagBag from /home/airflow/.local/lib/python3.12/site-packages/airflow/example_dags/example_external_task_marker_dag.py
[2025-05-20T03:04:12.276+0000] {processor.py:925} INFO - DAG(s) 'example_external_task_marker_child', 'example_external_task_marker_parent' retrieved from /home/airflow/.local/lib/python3.12/site-packages/airflow/example_dags/example_external_task_marker_dag.py
[2025-05-20T03:04:12.312+0000] {logging_mixin.py:190} INFO - [2025-05-20T03:04:12.312+0000] {dag.py:3229} INFO - Sync 2 DAGs
[2025-05-20T03:04:12.351+0000] {logging_mixin.py:190} INFO - [2025-05-20T03:04:12.350+0000] {dag.py:4156} INFO - Setting next_dagrun for example_external_task_marker_child to None, run_after=None
[2025-05-20T03:04:12.372+0000] {logging_mixin.py:190} INFO - [2025-05-20T03:04:12.371+0000] {dag.py:4156} INFO - Setting next_dagrun for example_external_task_marker_parent to None, run_after=None
[2025-05-20T03:04:12.395+0000] {processor.py:208} INFO - Processing /home/airflow/.local/lib/python3.12/site-packages/airflow/example_dags/example_external_task_marker_dag.py took 0.147 seconds
[2025-05-20T03:04:42.504+0000] {processor.py:186} INFO - Started process (PID=1399) to work on /home/airflow/.local/lib/python3.12/site-packages/airflow/example_dags/example_external_task_marker_dag.py
[2025-05-20T03:04:42.510+0000] {processor.py:914} INFO - Processing file /home/airflow/.local/lib/python3.12/site-packages/airflow/example_dags/example_external_task_marker_dag.py for tasks to queue
[2025-05-20T03:04:42.521+0000] {logging_mixin.py:190} INFO - [2025-05-20T03:04:42.520+0000] {dagbag.py:587} INFO - Filling up the DagBag from /home/airflow/.local/lib/python3.12/site-packages/airflow/example_dags/example_external_task_marker_dag.py
[2025-05-20T03:04:42.532+0000] {processor.py:925} INFO - DAG(s) 'example_external_task_marker_parent', 'example_external_task_marker_child' retrieved from /home/airflow/.local/lib/python3.12/site-packages/airflow/example_dags/example_external_task_marker_dag.py
[2025-05-20T03:04:42.610+0000] {logging_mixin.py:190} INFO - [2025-05-20T03:04:42.608+0000] {dag.py:3229} INFO - Sync 2 DAGs
[2025-05-20T03:04:42.651+0000] {logging_mixin.py:190} INFO - [2025-05-20T03:04:42.651+0000] {dag.py:4156} INFO - Setting next_dagrun for example_external_task_marker_child to None, run_after=None
[2025-05-20T03:04:42.666+0000] {logging_mixin.py:190} INFO - [2025-05-20T03:04:42.666+0000] {dag.py:4156} INFO - Setting next_dagrun for example_external_task_marker_parent to None, run_after=None
[2025-05-20T03:04:42.720+0000] {processor.py:208} INFO - Processing /home/airflow/.local/lib/python3.12/site-packages/airflow/example_dags/example_external_task_marker_dag.py took 0.219 seconds
[2025-05-20T03:05:12.797+0000] {processor.py:186} INFO - Started process (PID=1462) to work on /home/airflow/.local/lib/python3.12/site-packages/airflow/example_dags/example_external_task_marker_dag.py
[2025-05-20T03:05:12.800+0000] {processor.py:914} INFO - Processing file /home/airflow/.local/lib/python3.12/site-packages/airflow/example_dags/example_external_task_marker_dag.py for tasks to queue
[2025-05-20T03:05:12.808+0000] {logging_mixin.py:190} INFO - [2025-05-20T03:05:12.807+0000] {dagbag.py:587} INFO - Filling up the DagBag from /home/airflow/.local/lib/python3.12/site-packages/airflow/example_dags/example_external_task_marker_dag.py
[2025-05-20T03:05:12.832+0000] {processor.py:925} INFO - DAG(s) 'example_external_task_marker_child', 'example_external_task_marker_parent' retrieved from /home/airflow/.local/lib/python3.12/site-packages/airflow/example_dags/example_external_task_marker_dag.py
[2025-05-20T03:05:12.895+0000] {logging_mixin.py:190} INFO - [2025-05-20T03:05:12.893+0000] {dag.py:3229} INFO - Sync 2 DAGs
[2025-05-20T03:05:12.918+0000] {logging_mixin.py:190} INFO - [2025-05-20T03:05:12.918+0000] {dag.py:4156} INFO - Setting next_dagrun for example_external_task_marker_child to None, run_after=None
[2025-05-20T03:05:12.934+0000] {logging_mixin.py:190} INFO - [2025-05-20T03:05:12.931+0000] {dag.py:4156} INFO - Setting next_dagrun for example_external_task_marker_parent to None, run_after=None
[2025-05-20T03:05:13.018+0000] {processor.py:208} INFO - Processing /home/airflow/.local/lib/python3.12/site-packages/airflow/example_dags/example_external_task_marker_dag.py took 0.225 seconds
[2025-05-20T03:05:44.081+0000] {processor.py:186} INFO - Started process (PID=1525) to work on /home/airflow/.local/lib/python3.12/site-packages/airflow/example_dags/example_external_task_marker_dag.py
[2025-05-20T03:05:44.098+0000] {processor.py:914} INFO - Processing file /home/airflow/.local/lib/python3.12/site-packages/airflow/example_dags/example_external_task_marker_dag.py for tasks to queue
[2025-05-20T03:05:44.101+0000] {logging_mixin.py:190} INFO - [2025-05-20T03:05:44.100+0000] {dagbag.py:587} INFO - Filling up the DagBag from /home/airflow/.local/lib/python3.12/site-packages/airflow/example_dags/example_external_task_marker_dag.py
[2025-05-20T03:05:44.118+0000] {processor.py:925} INFO - DAG(s) 'example_external_task_marker_child', 'example_external_task_marker_parent' retrieved from /home/airflow/.local/lib/python3.12/site-packages/airflow/example_dags/example_external_task_marker_dag.py
[2025-05-20T03:05:44.164+0000] {logging_mixin.py:190} INFO - [2025-05-20T03:05:44.164+0000] {dag.py:3229} INFO - Sync 2 DAGs
[2025-05-20T03:05:44.195+0000] {logging_mixin.py:190} INFO - [2025-05-20T03:05:44.195+0000] {dag.py:4156} INFO - Setting next_dagrun for example_external_task_marker_child to None, run_after=None
[2025-05-20T03:05:44.203+0000] {logging_mixin.py:190} INFO - [2025-05-20T03:05:44.203+0000] {dag.py:4156} INFO - Setting next_dagrun for example_external_task_marker_parent to None, run_after=None
[2025-05-20T03:05:44.286+0000] {processor.py:208} INFO - Processing /home/airflow/.local/lib/python3.12/site-packages/airflow/example_dags/example_external_task_marker_dag.py took 0.214 seconds
[2025-05-20T03:06:14.957+0000] {processor.py:186} INFO - Started process (PID=1588) to work on /home/airflow/.local/lib/python3.12/site-packages/airflow/example_dags/example_external_task_marker_dag.py
[2025-05-20T03:06:14.959+0000] {processor.py:914} INFO - Processing file /home/airflow/.local/lib/python3.12/site-packages/airflow/example_dags/example_external_task_marker_dag.py for tasks to queue
[2025-05-20T03:06:14.968+0000] {logging_mixin.py:190} INFO - [2025-05-20T03:06:14.967+0000] {dagbag.py:587} INFO - Filling up the DagBag from /home/airflow/.local/lib/python3.12/site-packages/airflow/example_dags/example_external_task_marker_dag.py
[2025-05-20T03:06:14.995+0000] {processor.py:925} INFO - DAG(s) 'example_external_task_marker_parent', 'example_external_task_marker_child' retrieved from /home/airflow/.local/lib/python3.12/site-packages/airflow/example_dags/example_external_task_marker_dag.py
[2025-05-20T03:06:15.045+0000] {logging_mixin.py:190} INFO - [2025-05-20T03:06:15.044+0000] {dag.py:3229} INFO - Sync 2 DAGs
[2025-05-20T03:06:15.067+0000] {logging_mixin.py:190} INFO - [2025-05-20T03:06:15.067+0000] {dag.py:4156} INFO - Setting next_dagrun for example_external_task_marker_child to None, run_after=None
[2025-05-20T03:06:15.084+0000] {logging_mixin.py:190} INFO - [2025-05-20T03:06:15.084+0000] {dag.py:4156} INFO - Setting next_dagrun for example_external_task_marker_parent to None, run_after=None
[2025-05-20T03:06:15.131+0000] {processor.py:208} INFO - Processing /home/airflow/.local/lib/python3.12/site-packages/airflow/example_dags/example_external_task_marker_dag.py took 0.179 seconds
[2025-05-20T03:06:45.965+0000] {processor.py:186} INFO - Started process (PID=1651) to work on /home/airflow/.local/lib/python3.12/site-packages/airflow/example_dags/example_external_task_marker_dag.py
[2025-05-20T03:06:45.968+0000] {processor.py:914} INFO - Processing file /home/airflow/.local/lib/python3.12/site-packages/airflow/example_dags/example_external_task_marker_dag.py for tasks to queue
[2025-05-20T03:06:45.978+0000] {logging_mixin.py:190} INFO - [2025-05-20T03:06:45.977+0000] {dagbag.py:587} INFO - Filling up the DagBag from /home/airflow/.local/lib/python3.12/site-packages/airflow/example_dags/example_external_task_marker_dag.py
[2025-05-20T03:06:46.002+0000] {processor.py:925} INFO - DAG(s) 'example_external_task_marker_child', 'example_external_task_marker_parent' retrieved from /home/airflow/.local/lib/python3.12/site-packages/airflow/example_dags/example_external_task_marker_dag.py
[2025-05-20T03:06:46.083+0000] {logging_mixin.py:190} INFO - [2025-05-20T03:06:46.083+0000] {dag.py:3229} INFO - Sync 2 DAGs
[2025-05-20T03:06:46.109+0000] {logging_mixin.py:190} INFO - [2025-05-20T03:06:46.107+0000] {dag.py:4156} INFO - Setting next_dagrun for example_external_task_marker_child to None, run_after=None
[2025-05-20T03:06:46.115+0000] {logging_mixin.py:190} INFO - [2025-05-20T03:06:46.115+0000] {dag.py:4156} INFO - Setting next_dagrun for example_external_task_marker_parent to None, run_after=None
[2025-05-20T03:06:46.154+0000] {processor.py:208} INFO - Processing /home/airflow/.local/lib/python3.12/site-packages/airflow/example_dags/example_external_task_marker_dag.py took 0.192 seconds
[2025-05-20T03:07:16.569+0000] {processor.py:186} INFO - Started process (PID=1714) to work on /home/airflow/.local/lib/python3.12/site-packages/airflow/example_dags/example_external_task_marker_dag.py
[2025-05-20T03:07:16.570+0000] {processor.py:914} INFO - Processing file /home/airflow/.local/lib/python3.12/site-packages/airflow/example_dags/example_external_task_marker_dag.py for tasks to queue
[2025-05-20T03:07:16.579+0000] {logging_mixin.py:190} INFO - [2025-05-20T03:07:16.576+0000] {dagbag.py:587} INFO - Filling up the DagBag from /home/airflow/.local/lib/python3.12/site-packages/airflow/example_dags/example_external_task_marker_dag.py
[2025-05-20T03:07:16.597+0000] {processor.py:925} INFO - DAG(s) 'example_external_task_marker_child', 'example_external_task_marker_parent' retrieved from /home/airflow/.local/lib/python3.12/site-packages/airflow/example_dags/example_external_task_marker_dag.py
[2025-05-20T03:07:16.677+0000] {logging_mixin.py:190} INFO - [2025-05-20T03:07:16.676+0000] {dag.py:3229} INFO - Sync 2 DAGs
[2025-05-20T03:07:16.706+0000] {logging_mixin.py:190} INFO - [2025-05-20T03:07:16.706+0000] {dag.py:4156} INFO - Setting next_dagrun for example_external_task_marker_child to None, run_after=None
[2025-05-20T03:07:16.714+0000] {logging_mixin.py:190} INFO - [2025-05-20T03:07:16.713+0000] {dag.py:4156} INFO - Setting next_dagrun for example_external_task_marker_parent to None, run_after=None
[2025-05-20T03:07:16.742+0000] {processor.py:208} INFO - Processing /home/airflow/.local/lib/python3.12/site-packages/airflow/example_dags/example_external_task_marker_dag.py took 0.177 seconds
[2025-05-20T03:07:48.287+0000] {processor.py:186} INFO - Started process (PID=1776) to work on /home/airflow/.local/lib/python3.12/site-packages/airflow/example_dags/example_external_task_marker_dag.py
[2025-05-20T03:07:48.290+0000] {processor.py:914} INFO - Processing file /home/airflow/.local/lib/python3.12/site-packages/airflow/example_dags/example_external_task_marker_dag.py for tasks to queue
[2025-05-20T03:07:48.292+0000] {logging_mixin.py:190} INFO - [2025-05-20T03:07:48.291+0000] {dagbag.py:587} INFO - Filling up the DagBag from /home/airflow/.local/lib/python3.12/site-packages/airflow/example_dags/example_external_task_marker_dag.py
[2025-05-20T03:07:48.322+0000] {processor.py:925} INFO - DAG(s) 'example_external_task_marker_parent', 'example_external_task_marker_child' retrieved from /home/airflow/.local/lib/python3.12/site-packages/airflow/example_dags/example_external_task_marker_dag.py
[2025-05-20T03:07:48.385+0000] {logging_mixin.py:190} INFO - [2025-05-20T03:07:48.385+0000] {dag.py:3229} INFO - Sync 2 DAGs
[2025-05-20T03:07:48.406+0000] {logging_mixin.py:190} INFO - [2025-05-20T03:07:48.406+0000] {dag.py:4156} INFO - Setting next_dagrun for example_external_task_marker_child to None, run_after=None
[2025-05-20T03:07:48.419+0000] {logging_mixin.py:190} INFO - [2025-05-20T03:07:48.418+0000] {dag.py:4156} INFO - Setting next_dagrun for example_external_task_marker_parent to None, run_after=None
[2025-05-20T03:07:48.465+0000] {processor.py:208} INFO - Processing /home/airflow/.local/lib/python3.12/site-packages/airflow/example_dags/example_external_task_marker_dag.py took 0.182 seconds
[2025-05-20T03:08:19.511+0000] {processor.py:186} INFO - Started process (PID=1838) to work on /home/airflow/.local/lib/python3.12/site-packages/airflow/example_dags/example_external_task_marker_dag.py
[2025-05-20T03:08:19.513+0000] {processor.py:914} INFO - Processing file /home/airflow/.local/lib/python3.12/site-packages/airflow/example_dags/example_external_task_marker_dag.py for tasks to queue
[2025-05-20T03:08:19.518+0000] {logging_mixin.py:190} INFO - [2025-05-20T03:08:19.518+0000] {dagbag.py:587} INFO - Filling up the DagBag from /home/airflow/.local/lib/python3.12/site-packages/airflow/example_dags/example_external_task_marker_dag.py
[2025-05-20T03:08:19.545+0000] {processor.py:925} INFO - DAG(s) 'example_external_task_marker_child', 'example_external_task_marker_parent' retrieved from /home/airflow/.local/lib/python3.12/site-packages/airflow/example_dags/example_external_task_marker_dag.py
[2025-05-20T03:08:19.598+0000] {logging_mixin.py:190} INFO - [2025-05-20T03:08:19.596+0000] {dag.py:3229} INFO - Sync 2 DAGs
[2025-05-20T03:08:19.634+0000] {logging_mixin.py:190} INFO - [2025-05-20T03:08:19.634+0000] {dag.py:4156} INFO - Setting next_dagrun for example_external_task_marker_child to None, run_after=None
[2025-05-20T03:08:19.647+0000] {logging_mixin.py:190} INFO - [2025-05-20T03:08:19.646+0000] {dag.py:4156} INFO - Setting next_dagrun for example_external_task_marker_parent to None, run_after=None
[2025-05-20T03:08:19.699+0000] {processor.py:208} INFO - Processing /home/airflow/.local/lib/python3.12/site-packages/airflow/example_dags/example_external_task_marker_dag.py took 0.193 seconds
[2025-05-20T03:08:50.104+0000] {processor.py:186} INFO - Started process (PID=1901) to work on /home/airflow/.local/lib/python3.12/site-packages/airflow/example_dags/example_external_task_marker_dag.py
[2025-05-20T03:08:50.107+0000] {processor.py:914} INFO - Processing file /home/airflow/.local/lib/python3.12/site-packages/airflow/example_dags/example_external_task_marker_dag.py for tasks to queue
[2025-05-20T03:08:50.123+0000] {logging_mixin.py:190} INFO - [2025-05-20T03:08:50.122+0000] {dagbag.py:587} INFO - Filling up the DagBag from /home/airflow/.local/lib/python3.12/site-packages/airflow/example_dags/example_external_task_marker_dag.py
[2025-05-20T03:08:50.144+0000] {processor.py:925} INFO - DAG(s) 'example_external_task_marker_child', 'example_external_task_marker_parent' retrieved from /home/airflow/.local/lib/python3.12/site-packages/airflow/example_dags/example_external_task_marker_dag.py
[2025-05-20T03:08:50.223+0000] {logging_mixin.py:190} INFO - [2025-05-20T03:08:50.222+0000] {dag.py:3229} INFO - Sync 2 DAGs
[2025-05-20T03:08:50.233+0000] {logging_mixin.py:190} INFO - [2025-05-20T03:08:50.233+0000] {dag.py:4156} INFO - Setting next_dagrun for example_external_task_marker_child to None, run_after=None
[2025-05-20T03:08:50.244+0000] {logging_mixin.py:190} INFO - [2025-05-20T03:08:50.243+0000] {dag.py:4156} INFO - Setting next_dagrun for example_external_task_marker_parent to None, run_after=None
[2025-05-20T03:08:50.312+0000] {processor.py:208} INFO - Processing /home/airflow/.local/lib/python3.12/site-packages/airflow/example_dags/example_external_task_marker_dag.py took 0.218 seconds
[2025-05-20T03:09:20.356+0000] {processor.py:186} INFO - Started process (PID=1964) to work on /home/airflow/.local/lib/python3.12/site-packages/airflow/example_dags/example_external_task_marker_dag.py
[2025-05-20T03:09:20.358+0000] {processor.py:914} INFO - Processing file /home/airflow/.local/lib/python3.12/site-packages/airflow/example_dags/example_external_task_marker_dag.py for tasks to queue
[2025-05-20T03:09:20.361+0000] {logging_mixin.py:190} INFO - [2025-05-20T03:09:20.360+0000] {dagbag.py:587} INFO - Filling up the DagBag from /home/airflow/.local/lib/python3.12/site-packages/airflow/example_dags/example_external_task_marker_dag.py
[2025-05-20T03:09:20.401+0000] {processor.py:925} INFO - DAG(s) 'example_external_task_marker_child', 'example_external_task_marker_parent' retrieved from /home/airflow/.local/lib/python3.12/site-packages/airflow/example_dags/example_external_task_marker_dag.py
[2025-05-20T03:09:20.519+0000] {logging_mixin.py:190} INFO - [2025-05-20T03:09:20.518+0000] {dag.py:3229} INFO - Sync 2 DAGs
[2025-05-20T03:09:20.586+0000] {logging_mixin.py:190} INFO - [2025-05-20T03:09:20.586+0000] {dag.py:4156} INFO - Setting next_dagrun for example_external_task_marker_child to None, run_after=None
[2025-05-20T03:09:20.593+0000] {logging_mixin.py:190} INFO - [2025-05-20T03:09:20.593+0000] {dag.py:4156} INFO - Setting next_dagrun for example_external_task_marker_parent to None, run_after=None
[2025-05-20T03:09:20.636+0000] {processor.py:208} INFO - Processing /home/airflow/.local/lib/python3.12/site-packages/airflow/example_dags/example_external_task_marker_dag.py took 0.283 seconds
[2025-05-20T03:09:51.975+0000] {processor.py:186} INFO - Started process (PID=2028) to work on /home/airflow/.local/lib/python3.12/site-packages/airflow/example_dags/example_external_task_marker_dag.py
[2025-05-20T03:09:51.978+0000] {processor.py:914} INFO - Processing file /home/airflow/.local/lib/python3.12/site-packages/airflow/example_dags/example_external_task_marker_dag.py for tasks to queue
[2025-05-20T03:09:51.989+0000] {logging_mixin.py:190} INFO - [2025-05-20T03:09:51.985+0000] {dagbag.py:587} INFO - Filling up the DagBag from /home/airflow/.local/lib/python3.12/site-packages/airflow/example_dags/example_external_task_marker_dag.py
[2025-05-20T03:09:52.020+0000] {processor.py:925} INFO - DAG(s) 'example_external_task_marker_parent', 'example_external_task_marker_child' retrieved from /home/airflow/.local/lib/python3.12/site-packages/airflow/example_dags/example_external_task_marker_dag.py
[2025-05-20T03:09:52.070+0000] {logging_mixin.py:190} INFO - [2025-05-20T03:09:52.070+0000] {dag.py:3229} INFO - Sync 2 DAGs
[2025-05-20T03:09:52.112+0000] {logging_mixin.py:190} INFO - [2025-05-20T03:09:52.112+0000] {dag.py:4156} INFO - Setting next_dagrun for example_external_task_marker_child to None, run_after=None
[2025-05-20T03:09:52.127+0000] {logging_mixin.py:190} INFO - [2025-05-20T03:09:52.127+0000] {dag.py:4156} INFO - Setting next_dagrun for example_external_task_marker_parent to None, run_after=None
[2025-05-20T03:09:52.211+0000] {processor.py:208} INFO - Processing /home/airflow/.local/lib/python3.12/site-packages/airflow/example_dags/example_external_task_marker_dag.py took 0.240 seconds
[2025-05-20T03:10:23.172+0000] {processor.py:186} INFO - Started process (PID=2091) to work on /home/airflow/.local/lib/python3.12/site-packages/airflow/example_dags/example_external_task_marker_dag.py
[2025-05-20T03:10:23.174+0000] {processor.py:914} INFO - Processing file /home/airflow/.local/lib/python3.12/site-packages/airflow/example_dags/example_external_task_marker_dag.py for tasks to queue
[2025-05-20T03:10:23.182+0000] {logging_mixin.py:190} INFO - [2025-05-20T03:10:23.180+0000] {dagbag.py:587} INFO - Filling up the DagBag from /home/airflow/.local/lib/python3.12/site-packages/airflow/example_dags/example_external_task_marker_dag.py
[2025-05-20T03:10:23.196+0000] {processor.py:925} INFO - DAG(s) 'example_external_task_marker_parent', 'example_external_task_marker_child' retrieved from /home/airflow/.local/lib/python3.12/site-packages/airflow/example_dags/example_external_task_marker_dag.py
[2025-05-20T03:10:23.257+0000] {logging_mixin.py:190} INFO - [2025-05-20T03:10:23.257+0000] {dag.py:3229} INFO - Sync 2 DAGs
[2025-05-20T03:10:23.283+0000] {logging_mixin.py:190} INFO - [2025-05-20T03:10:23.283+0000] {dag.py:4156} INFO - Setting next_dagrun for example_external_task_marker_child to None, run_after=None
[2025-05-20T03:10:23.299+0000] {logging_mixin.py:190} INFO - [2025-05-20T03:10:23.298+0000] {dag.py:4156} INFO - Setting next_dagrun for example_external_task_marker_parent to None, run_after=None
[2025-05-20T03:10:23.349+0000] {processor.py:208} INFO - Processing /home/airflow/.local/lib/python3.12/site-packages/airflow/example_dags/example_external_task_marker_dag.py took 0.182 seconds
[2025-05-20T03:10:53.723+0000] {processor.py:186} INFO - Started process (PID=2154) to work on /home/airflow/.local/lib/python3.12/site-packages/airflow/example_dags/example_external_task_marker_dag.py
[2025-05-20T03:10:53.725+0000] {processor.py:914} INFO - Processing file /home/airflow/.local/lib/python3.12/site-packages/airflow/example_dags/example_external_task_marker_dag.py for tasks to queue
[2025-05-20T03:10:53.732+0000] {logging_mixin.py:190} INFO - [2025-05-20T03:10:53.730+0000] {dagbag.py:587} INFO - Filling up the DagBag from /home/airflow/.local/lib/python3.12/site-packages/airflow/example_dags/example_external_task_marker_dag.py
[2025-05-20T03:10:53.743+0000] {processor.py:925} INFO - DAG(s) 'example_external_task_marker_child', 'example_external_task_marker_parent' retrieved from /home/airflow/.local/lib/python3.12/site-packages/airflow/example_dags/example_external_task_marker_dag.py
[2025-05-20T03:10:53.792+0000] {logging_mixin.py:190} INFO - [2025-05-20T03:10:53.792+0000] {dag.py:3229} INFO - Sync 2 DAGs
[2025-05-20T03:10:53.818+0000] {logging_mixin.py:190} INFO - [2025-05-20T03:10:53.816+0000] {dag.py:4156} INFO - Setting next_dagrun for example_external_task_marker_child to None, run_after=None
[2025-05-20T03:10:53.835+0000] {logging_mixin.py:190} INFO - [2025-05-20T03:10:53.833+0000] {dag.py:4156} INFO - Setting next_dagrun for example_external_task_marker_parent to None, run_after=None
[2025-05-20T03:10:53.905+0000] {processor.py:208} INFO - Processing /home/airflow/.local/lib/python3.12/site-packages/airflow/example_dags/example_external_task_marker_dag.py took 0.185 seconds
[2025-05-20T03:11:23.979+0000] {processor.py:186} INFO - Started process (PID=2215) to work on /home/airflow/.local/lib/python3.12/site-packages/airflow/example_dags/example_external_task_marker_dag.py
[2025-05-20T03:11:23.982+0000] {processor.py:914} INFO - Processing file /home/airflow/.local/lib/python3.12/site-packages/airflow/example_dags/example_external_task_marker_dag.py for tasks to queue
[2025-05-20T03:11:23.994+0000] {logging_mixin.py:190} INFO - [2025-05-20T03:11:23.994+0000] {dagbag.py:587} INFO - Filling up the DagBag from /home/airflow/.local/lib/python3.12/site-packages/airflow/example_dags/example_external_task_marker_dag.py
[2025-05-20T03:11:24.013+0000] {processor.py:925} INFO - DAG(s) 'example_external_task_marker_parent', 'example_external_task_marker_child' retrieved from /home/airflow/.local/lib/python3.12/site-packages/airflow/example_dags/example_external_task_marker_dag.py
[2025-05-20T03:11:24.069+0000] {logging_mixin.py:190} INFO - [2025-05-20T03:11:24.069+0000] {dag.py:3229} INFO - Sync 2 DAGs
[2025-05-20T03:11:24.084+0000] {logging_mixin.py:190} INFO - [2025-05-20T03:11:24.083+0000] {dag.py:4156} INFO - Setting next_dagrun for example_external_task_marker_child to None, run_after=None
[2025-05-20T03:11:24.092+0000] {logging_mixin.py:190} INFO - [2025-05-20T03:11:24.092+0000] {dag.py:4156} INFO - Setting next_dagrun for example_external_task_marker_parent to None, run_after=None
[2025-05-20T03:11:24.171+0000] {processor.py:208} INFO - Processing /home/airflow/.local/lib/python3.12/site-packages/airflow/example_dags/example_external_task_marker_dag.py took 0.197 seconds
