[2025-05-20T02:50:51.083+0000] {processor.py:186} INFO - Started process (PID=75) to work on /home/airflow/.local/lib/python3.12/site-packages/airflow/example_dags/example_skip_dag.py
[2025-05-20T02:50:51.086+0000] {processor.py:914} INFO - Processing file /home/airflow/.local/lib/python3.12/site-packages/airflow/example_dags/example_skip_dag.py for tasks to queue
[2025-05-20T02:50:51.102+0000] {logging_mixin.py:190} INFO - [2025-05-20T02:50:51.096+0000] {dagbag.py:587} INFO - Filling up the DagBag from /home/airflow/.local/lib/python3.12/site-packages/airflow/example_dags/example_skip_dag.py
[2025-05-20T02:50:51.120+0000] {processor.py:925} INFO - DAG(s) 'example_skip_dag' retrieved from /home/airflow/.local/lib/python3.12/site-packages/airflow/example_dags/example_skip_dag.py
[2025-05-20T02:50:51.296+0000] {logging_mixin.py:190} INFO - [2025-05-20T02:50:51.295+0000] {override.py:1900} INFO - Created Permission View: can read on DAG:example_skip_dag
[2025-05-20T02:50:51.322+0000] {logging_mixin.py:190} INFO - [2025-05-20T02:50:51.322+0000] {override.py:1900} INFO - Created Permission View: can delete on DAG:example_skip_dag
[2025-05-20T02:50:51.341+0000] {logging_mixin.py:190} INFO - [2025-05-20T02:50:51.340+0000] {override.py:1900} INFO - Created Permission View: can edit on DAG:example_skip_dag
[2025-05-20T02:50:51.365+0000] {logging_mixin.py:190} INFO - [2025-05-20T02:50:51.365+0000] {override.py:1900} INFO - Created Permission View: can read on DAG Run:example_skip_dag
[2025-05-20T02:50:51.402+0000] {logging_mixin.py:190} INFO - [2025-05-20T02:50:51.401+0000] {override.py:1900} INFO - Created Permission View: can delete on DAG Run:example_skip_dag
[2025-05-20T02:50:51.441+0000] {logging_mixin.py:190} INFO - [2025-05-20T02:50:51.441+0000] {override.py:1900} INFO - Created Permission View: can create on DAG Run:example_skip_dag
[2025-05-20T02:50:51.460+0000] {logging_mixin.py:190} INFO - [2025-05-20T02:50:51.459+0000] {override.py:1900} INFO - Created Permission View: menu access on DAG Run:example_skip_dag
[2025-05-20T02:50:51.464+0000] {logging_mixin.py:190} INFO - [2025-05-20T02:50:51.463+0000] {dag.py:3229} INFO - Sync 1 DAGs
[2025-05-20T02:50:51.508+0000] {logging_mixin.py:190} INFO - [2025-05-20T02:50:51.508+0000] {dag.py:3252} INFO - Creating ORM DAG for example_skip_dag
[2025-05-20T02:50:51.529+0000] {logging_mixin.py:190} INFO - [2025-05-20T02:50:51.528+0000] {dag.py:4156} INFO - Setting next_dagrun for example_skip_dag to 2025-05-19 00:00:00+00:00, run_after=2025-05-20 00:00:00+00:00
[2025-05-20T02:50:51.575+0000] {processor.py:208} INFO - Processing /home/airflow/.local/lib/python3.12/site-packages/airflow/example_dags/example_skip_dag.py took 0.506 seconds
[2025-05-20T02:51:22.280+0000] {processor.py:186} INFO - Started process (PID=137) to work on /home/airflow/.local/lib/python3.12/site-packages/airflow/example_dags/example_skip_dag.py
[2025-05-20T02:51:22.281+0000] {processor.py:914} INFO - Processing file /home/airflow/.local/lib/python3.12/site-packages/airflow/example_dags/example_skip_dag.py for tasks to queue
[2025-05-20T02:51:22.291+0000] {logging_mixin.py:190} INFO - [2025-05-20T02:51:22.289+0000] {dagbag.py:587} INFO - Filling up the DagBag from /home/airflow/.local/lib/python3.12/site-packages/airflow/example_dags/example_skip_dag.py
[2025-05-20T02:51:22.302+0000] {processor.py:925} INFO - DAG(s) 'example_skip_dag' retrieved from /home/airflow/.local/lib/python3.12/site-packages/airflow/example_dags/example_skip_dag.py
[2025-05-20T02:51:22.372+0000] {logging_mixin.py:190} INFO - [2025-05-20T02:51:22.372+0000] {dag.py:3229} INFO - Sync 1 DAGs
[2025-05-20T02:51:22.455+0000] {logging_mixin.py:190} INFO - [2025-05-20T02:51:22.454+0000] {dag.py:4156} INFO - Setting next_dagrun for example_skip_dag to 2025-05-19 00:00:00+00:00, run_after=2025-05-20 00:00:00+00:00
[2025-05-20T02:51:22.515+0000] {processor.py:208} INFO - Processing /home/airflow/.local/lib/python3.12/site-packages/airflow/example_dags/example_skip_dag.py took 0.240 seconds
[2025-05-20T02:51:52.858+0000] {processor.py:186} INFO - Started process (PID=199) to work on /home/airflow/.local/lib/python3.12/site-packages/airflow/example_dags/example_skip_dag.py
[2025-05-20T02:51:52.860+0000] {processor.py:914} INFO - Processing file /home/airflow/.local/lib/python3.12/site-packages/airflow/example_dags/example_skip_dag.py for tasks to queue
[2025-05-20T02:51:52.866+0000] {logging_mixin.py:190} INFO - [2025-05-20T02:51:52.865+0000] {dagbag.py:587} INFO - Filling up the DagBag from /home/airflow/.local/lib/python3.12/site-packages/airflow/example_dags/example_skip_dag.py
[2025-05-20T02:51:52.878+0000] {processor.py:925} INFO - DAG(s) 'example_skip_dag' retrieved from /home/airflow/.local/lib/python3.12/site-packages/airflow/example_dags/example_skip_dag.py
[2025-05-20T02:51:52.950+0000] {logging_mixin.py:190} INFO - [2025-05-20T02:51:52.950+0000] {dag.py:3229} INFO - Sync 1 DAGs
[2025-05-20T02:51:53.003+0000] {logging_mixin.py:190} INFO - [2025-05-20T02:51:53.003+0000] {dag.py:4156} INFO - Setting next_dagrun for example_skip_dag to 2025-05-19 00:00:00+00:00, run_after=2025-05-20 00:00:00+00:00
[2025-05-20T02:51:53.096+0000] {processor.py:208} INFO - Processing /home/airflow/.local/lib/python3.12/site-packages/airflow/example_dags/example_skip_dag.py took 0.246 seconds
[2025-05-20T02:53:56.022+0000] {processor.py:186} INFO - Started process (PID=76) to work on /home/airflow/.local/lib/python3.12/site-packages/airflow/example_dags/example_skip_dag.py
[2025-05-20T02:53:56.023+0000] {processor.py:914} INFO - Processing file /home/airflow/.local/lib/python3.12/site-packages/airflow/example_dags/example_skip_dag.py for tasks to queue
[2025-05-20T02:53:56.045+0000] {logging_mixin.py:190} INFO - [2025-05-20T02:53:56.040+0000] {dagbag.py:587} INFO - Filling up the DagBag from /home/airflow/.local/lib/python3.12/site-packages/airflow/example_dags/example_skip_dag.py
[2025-05-20T02:53:56.062+0000] {processor.py:925} INFO - DAG(s) 'example_skip_dag' retrieved from /home/airflow/.local/lib/python3.12/site-packages/airflow/example_dags/example_skip_dag.py
[2025-05-20T02:53:56.125+0000] {logging_mixin.py:190} INFO - [2025-05-20T02:53:56.125+0000] {dag.py:3229} INFO - Sync 1 DAGs
[2025-05-20T02:53:56.169+0000] {logging_mixin.py:190} INFO - [2025-05-20T02:53:56.169+0000] {dag.py:4156} INFO - Setting next_dagrun for example_skip_dag to 2025-05-19 00:00:00+00:00, run_after=2025-05-20 00:00:00+00:00
[2025-05-20T02:53:56.213+0000] {processor.py:208} INFO - Processing /home/airflow/.local/lib/python3.12/site-packages/airflow/example_dags/example_skip_dag.py took 0.200 seconds
[2025-05-20T02:54:26.453+0000] {processor.py:186} INFO - Started process (PID=139) to work on /home/airflow/.local/lib/python3.12/site-packages/airflow/example_dags/example_skip_dag.py
[2025-05-20T02:54:26.455+0000] {processor.py:914} INFO - Processing file /home/airflow/.local/lib/python3.12/site-packages/airflow/example_dags/example_skip_dag.py for tasks to queue
[2025-05-20T02:54:26.470+0000] {logging_mixin.py:190} INFO - [2025-05-20T02:54:26.467+0000] {dagbag.py:587} INFO - Filling up the DagBag from /home/airflow/.local/lib/python3.12/site-packages/airflow/example_dags/example_skip_dag.py
[2025-05-20T02:54:26.498+0000] {processor.py:925} INFO - DAG(s) 'example_skip_dag' retrieved from /home/airflow/.local/lib/python3.12/site-packages/airflow/example_dags/example_skip_dag.py
[2025-05-20T02:54:26.531+0000] {logging_mixin.py:190} INFO - [2025-05-20T02:54:26.531+0000] {dag.py:3229} INFO - Sync 1 DAGs
[2025-05-20T02:54:26.589+0000] {logging_mixin.py:190} INFO - [2025-05-20T02:54:26.589+0000] {dag.py:4156} INFO - Setting next_dagrun for example_skip_dag to 2025-05-19 00:00:00+00:00, run_after=2025-05-20 00:00:00+00:00
[2025-05-20T02:54:26.628+0000] {processor.py:208} INFO - Processing /home/airflow/.local/lib/python3.12/site-packages/airflow/example_dags/example_skip_dag.py took 0.180 seconds
[2025-05-20T02:54:56.949+0000] {processor.py:186} INFO - Started process (PID=202) to work on /home/airflow/.local/lib/python3.12/site-packages/airflow/example_dags/example_skip_dag.py
[2025-05-20T02:54:56.950+0000] {processor.py:914} INFO - Processing file /home/airflow/.local/lib/python3.12/site-packages/airflow/example_dags/example_skip_dag.py for tasks to queue
[2025-05-20T02:54:56.955+0000] {logging_mixin.py:190} INFO - [2025-05-20T02:54:56.954+0000] {dagbag.py:587} INFO - Filling up the DagBag from /home/airflow/.local/lib/python3.12/site-packages/airflow/example_dags/example_skip_dag.py
[2025-05-20T02:54:56.975+0000] {processor.py:925} INFO - DAG(s) 'example_skip_dag' retrieved from /home/airflow/.local/lib/python3.12/site-packages/airflow/example_dags/example_skip_dag.py
[2025-05-20T02:54:57.031+0000] {logging_mixin.py:190} INFO - [2025-05-20T02:54:57.030+0000] {dag.py:3229} INFO - Sync 1 DAGs
[2025-05-20T02:54:57.099+0000] {logging_mixin.py:190} INFO - [2025-05-20T02:54:57.099+0000] {dag.py:4156} INFO - Setting next_dagrun for example_skip_dag to 2025-05-19 00:00:00+00:00, run_after=2025-05-20 00:00:00+00:00
[2025-05-20T02:54:57.157+0000] {processor.py:208} INFO - Processing /home/airflow/.local/lib/python3.12/site-packages/airflow/example_dags/example_skip_dag.py took 0.215 seconds
[2025-05-20T02:55:27.642+0000] {processor.py:186} INFO - Started process (PID=265) to work on /home/airflow/.local/lib/python3.12/site-packages/airflow/example_dags/example_skip_dag.py
[2025-05-20T02:55:27.647+0000] {processor.py:914} INFO - Processing file /home/airflow/.local/lib/python3.12/site-packages/airflow/example_dags/example_skip_dag.py for tasks to queue
[2025-05-20T02:55:27.655+0000] {logging_mixin.py:190} INFO - [2025-05-20T02:55:27.655+0000] {dagbag.py:587} INFO - Filling up the DagBag from /home/airflow/.local/lib/python3.12/site-packages/airflow/example_dags/example_skip_dag.py
[2025-05-20T02:55:27.676+0000] {processor.py:925} INFO - DAG(s) 'example_skip_dag' retrieved from /home/airflow/.local/lib/python3.12/site-packages/airflow/example_dags/example_skip_dag.py
[2025-05-20T02:55:27.708+0000] {logging_mixin.py:190} INFO - [2025-05-20T02:55:27.707+0000] {dag.py:3229} INFO - Sync 1 DAGs
[2025-05-20T02:55:27.756+0000] {logging_mixin.py:190} INFO - [2025-05-20T02:55:27.756+0000] {dag.py:4156} INFO - Setting next_dagrun for example_skip_dag to 2025-05-19 00:00:00+00:00, run_after=2025-05-20 00:00:00+00:00
[2025-05-20T02:55:27.802+0000] {processor.py:208} INFO - Processing /home/airflow/.local/lib/python3.12/site-packages/airflow/example_dags/example_skip_dag.py took 0.164 seconds
[2025-05-20T02:55:59.377+0000] {processor.py:186} INFO - Started process (PID=328) to work on /home/airflow/.local/lib/python3.12/site-packages/airflow/example_dags/example_skip_dag.py
[2025-05-20T02:55:59.377+0000] {processor.py:914} INFO - Processing file /home/airflow/.local/lib/python3.12/site-packages/airflow/example_dags/example_skip_dag.py for tasks to queue
[2025-05-20T02:55:59.381+0000] {logging_mixin.py:190} INFO - [2025-05-20T02:55:59.381+0000] {dagbag.py:587} INFO - Filling up the DagBag from /home/airflow/.local/lib/python3.12/site-packages/airflow/example_dags/example_skip_dag.py
[2025-05-20T02:55:59.404+0000] {processor.py:925} INFO - DAG(s) 'example_skip_dag' retrieved from /home/airflow/.local/lib/python3.12/site-packages/airflow/example_dags/example_skip_dag.py
[2025-05-20T02:55:59.457+0000] {logging_mixin.py:190} INFO - [2025-05-20T02:55:59.456+0000] {dag.py:3229} INFO - Sync 1 DAGs
[2025-05-20T02:55:59.583+0000] {logging_mixin.py:190} INFO - [2025-05-20T02:55:59.583+0000] {dag.py:4156} INFO - Setting next_dagrun for example_skip_dag to 2025-05-19 00:00:00+00:00, run_after=2025-05-20 00:00:00+00:00
[2025-05-20T02:55:59.649+0000] {processor.py:208} INFO - Processing /home/airflow/.local/lib/python3.12/site-packages/airflow/example_dags/example_skip_dag.py took 0.276 seconds
[2025-05-20T02:56:30.509+0000] {processor.py:186} INFO - Started process (PID=391) to work on /home/airflow/.local/lib/python3.12/site-packages/airflow/example_dags/example_skip_dag.py
[2025-05-20T02:56:30.512+0000] {processor.py:914} INFO - Processing file /home/airflow/.local/lib/python3.12/site-packages/airflow/example_dags/example_skip_dag.py for tasks to queue
[2025-05-20T02:56:30.516+0000] {logging_mixin.py:190} INFO - [2025-05-20T02:56:30.516+0000] {dagbag.py:587} INFO - Filling up the DagBag from /home/airflow/.local/lib/python3.12/site-packages/airflow/example_dags/example_skip_dag.py
[2025-05-20T02:56:30.538+0000] {processor.py:925} INFO - DAG(s) 'example_skip_dag' retrieved from /home/airflow/.local/lib/python3.12/site-packages/airflow/example_dags/example_skip_dag.py
[2025-05-20T02:56:30.590+0000] {logging_mixin.py:190} INFO - [2025-05-20T02:56:30.590+0000] {dag.py:3229} INFO - Sync 1 DAGs
[2025-05-20T02:56:30.656+0000] {logging_mixin.py:190} INFO - [2025-05-20T02:56:30.656+0000] {dag.py:4156} INFO - Setting next_dagrun for example_skip_dag to 2025-05-19 00:00:00+00:00, run_after=2025-05-20 00:00:00+00:00
[2025-05-20T02:56:30.760+0000] {processor.py:208} INFO - Processing /home/airflow/.local/lib/python3.12/site-packages/airflow/example_dags/example_skip_dag.py took 0.257 seconds
[2025-05-20T02:57:01.075+0000] {processor.py:186} INFO - Started process (PID=454) to work on /home/airflow/.local/lib/python3.12/site-packages/airflow/example_dags/example_skip_dag.py
[2025-05-20T02:57:01.079+0000] {processor.py:914} INFO - Processing file /home/airflow/.local/lib/python3.12/site-packages/airflow/example_dags/example_skip_dag.py for tasks to queue
[2025-05-20T02:57:01.085+0000] {logging_mixin.py:190} INFO - [2025-05-20T02:57:01.085+0000] {dagbag.py:587} INFO - Filling up the DagBag from /home/airflow/.local/lib/python3.12/site-packages/airflow/example_dags/example_skip_dag.py
[2025-05-20T02:57:01.122+0000] {processor.py:925} INFO - DAG(s) 'example_skip_dag' retrieved from /home/airflow/.local/lib/python3.12/site-packages/airflow/example_dags/example_skip_dag.py
[2025-05-20T02:57:01.164+0000] {logging_mixin.py:190} INFO - [2025-05-20T02:57:01.164+0000] {dag.py:3229} INFO - Sync 1 DAGs
[2025-05-20T02:57:01.195+0000] {logging_mixin.py:190} INFO - [2025-05-20T02:57:01.195+0000] {dag.py:4156} INFO - Setting next_dagrun for example_skip_dag to 2025-05-19 00:00:00+00:00, run_after=2025-05-20 00:00:00+00:00
[2025-05-20T02:57:01.269+0000] {processor.py:208} INFO - Processing /home/airflow/.local/lib/python3.12/site-packages/airflow/example_dags/example_skip_dag.py took 0.196 seconds
[2025-05-20T02:57:31.755+0000] {processor.py:186} INFO - Started process (PID=517) to work on /home/airflow/.local/lib/python3.12/site-packages/airflow/example_dags/example_skip_dag.py
[2025-05-20T02:57:31.758+0000] {processor.py:914} INFO - Processing file /home/airflow/.local/lib/python3.12/site-packages/airflow/example_dags/example_skip_dag.py for tasks to queue
[2025-05-20T02:57:31.762+0000] {logging_mixin.py:190} INFO - [2025-05-20T02:57:31.762+0000] {dagbag.py:587} INFO - Filling up the DagBag from /home/airflow/.local/lib/python3.12/site-packages/airflow/example_dags/example_skip_dag.py
[2025-05-20T02:57:31.791+0000] {processor.py:925} INFO - DAG(s) 'example_skip_dag' retrieved from /home/airflow/.local/lib/python3.12/site-packages/airflow/example_dags/example_skip_dag.py
[2025-05-20T02:57:31.846+0000] {logging_mixin.py:190} INFO - [2025-05-20T02:57:31.842+0000] {dag.py:3229} INFO - Sync 1 DAGs
[2025-05-20T02:57:31.885+0000] {logging_mixin.py:190} INFO - [2025-05-20T02:57:31.885+0000] {dag.py:4156} INFO - Setting next_dagrun for example_skip_dag to 2025-05-19 00:00:00+00:00, run_after=2025-05-20 00:00:00+00:00
[2025-05-20T02:57:31.983+0000] {processor.py:208} INFO - Processing /home/airflow/.local/lib/python3.12/site-packages/airflow/example_dags/example_skip_dag.py took 0.232 seconds
[2025-05-20T02:58:02.544+0000] {processor.py:186} INFO - Started process (PID=580) to work on /home/airflow/.local/lib/python3.12/site-packages/airflow/example_dags/example_skip_dag.py
[2025-05-20T02:58:02.546+0000] {processor.py:914} INFO - Processing file /home/airflow/.local/lib/python3.12/site-packages/airflow/example_dags/example_skip_dag.py for tasks to queue
[2025-05-20T02:58:02.555+0000] {logging_mixin.py:190} INFO - [2025-05-20T02:58:02.552+0000] {dagbag.py:587} INFO - Filling up the DagBag from /home/airflow/.local/lib/python3.12/site-packages/airflow/example_dags/example_skip_dag.py
[2025-05-20T02:58:02.569+0000] {processor.py:925} INFO - DAG(s) 'example_skip_dag' retrieved from /home/airflow/.local/lib/python3.12/site-packages/airflow/example_dags/example_skip_dag.py
[2025-05-20T02:58:02.606+0000] {logging_mixin.py:190} INFO - [2025-05-20T02:58:02.605+0000] {dag.py:3229} INFO - Sync 1 DAGs
[2025-05-20T02:58:02.643+0000] {logging_mixin.py:190} INFO - [2025-05-20T02:58:02.642+0000] {dag.py:4156} INFO - Setting next_dagrun for example_skip_dag to 2025-05-19 00:00:00+00:00, run_after=2025-05-20 00:00:00+00:00
[2025-05-20T02:58:02.716+0000] {processor.py:208} INFO - Processing /home/airflow/.local/lib/python3.12/site-packages/airflow/example_dags/example_skip_dag.py took 0.176 seconds
[2025-05-20T02:58:33.135+0000] {processor.py:186} INFO - Started process (PID=644) to work on /home/airflow/.local/lib/python3.12/site-packages/airflow/example_dags/example_skip_dag.py
[2025-05-20T02:58:33.137+0000] {processor.py:914} INFO - Processing file /home/airflow/.local/lib/python3.12/site-packages/airflow/example_dags/example_skip_dag.py for tasks to queue
[2025-05-20T02:58:33.141+0000] {logging_mixin.py:190} INFO - [2025-05-20T02:58:33.140+0000] {dagbag.py:587} INFO - Filling up the DagBag from /home/airflow/.local/lib/python3.12/site-packages/airflow/example_dags/example_skip_dag.py
[2025-05-20T02:58:33.162+0000] {processor.py:925} INFO - DAG(s) 'example_skip_dag' retrieved from /home/airflow/.local/lib/python3.12/site-packages/airflow/example_dags/example_skip_dag.py
[2025-05-20T02:58:33.198+0000] {logging_mixin.py:190} INFO - [2025-05-20T02:58:33.197+0000] {dag.py:3229} INFO - Sync 1 DAGs
[2025-05-20T02:58:33.255+0000] {logging_mixin.py:190} INFO - [2025-05-20T02:58:33.254+0000] {dag.py:4156} INFO - Setting next_dagrun for example_skip_dag to 2025-05-19 00:00:00+00:00, run_after=2025-05-20 00:00:00+00:00
[2025-05-20T02:58:33.296+0000] {processor.py:208} INFO - Processing /home/airflow/.local/lib/python3.12/site-packages/airflow/example_dags/example_skip_dag.py took 0.164 seconds
[2025-05-20T02:59:03.807+0000] {processor.py:186} INFO - Started process (PID=707) to work on /home/airflow/.local/lib/python3.12/site-packages/airflow/example_dags/example_skip_dag.py
[2025-05-20T02:59:03.808+0000] {processor.py:914} INFO - Processing file /home/airflow/.local/lib/python3.12/site-packages/airflow/example_dags/example_skip_dag.py for tasks to queue
[2025-05-20T02:59:03.813+0000] {logging_mixin.py:190} INFO - [2025-05-20T02:59:03.812+0000] {dagbag.py:587} INFO - Filling up the DagBag from /home/airflow/.local/lib/python3.12/site-packages/airflow/example_dags/example_skip_dag.py
[2025-05-20T02:59:03.835+0000] {processor.py:925} INFO - DAG(s) 'example_skip_dag' retrieved from /home/airflow/.local/lib/python3.12/site-packages/airflow/example_dags/example_skip_dag.py
[2025-05-20T02:59:03.878+0000] {logging_mixin.py:190} INFO - [2025-05-20T02:59:03.876+0000] {dag.py:3229} INFO - Sync 1 DAGs
[2025-05-20T02:59:03.895+0000] {logging_mixin.py:190} INFO - [2025-05-20T02:59:03.895+0000] {dag.py:4156} INFO - Setting next_dagrun for example_skip_dag to 2025-05-19 00:00:00+00:00, run_after=2025-05-20 00:00:00+00:00
[2025-05-20T02:59:03.954+0000] {processor.py:208} INFO - Processing /home/airflow/.local/lib/python3.12/site-packages/airflow/example_dags/example_skip_dag.py took 0.150 seconds
[2025-05-20T02:59:34.240+0000] {processor.py:186} INFO - Started process (PID=770) to work on /home/airflow/.local/lib/python3.12/site-packages/airflow/example_dags/example_skip_dag.py
[2025-05-20T02:59:34.241+0000] {processor.py:914} INFO - Processing file /home/airflow/.local/lib/python3.12/site-packages/airflow/example_dags/example_skip_dag.py for tasks to queue
[2025-05-20T02:59:34.246+0000] {logging_mixin.py:190} INFO - [2025-05-20T02:59:34.245+0000] {dagbag.py:587} INFO - Filling up the DagBag from /home/airflow/.local/lib/python3.12/site-packages/airflow/example_dags/example_skip_dag.py
[2025-05-20T02:59:34.266+0000] {processor.py:925} INFO - DAG(s) 'example_skip_dag' retrieved from /home/airflow/.local/lib/python3.12/site-packages/airflow/example_dags/example_skip_dag.py
[2025-05-20T02:59:34.317+0000] {logging_mixin.py:190} INFO - [2025-05-20T02:59:34.317+0000] {dag.py:3229} INFO - Sync 1 DAGs
[2025-05-20T02:59:34.354+0000] {logging_mixin.py:190} INFO - [2025-05-20T02:59:34.353+0000] {dag.py:4156} INFO - Setting next_dagrun for example_skip_dag to 2025-05-19 00:00:00+00:00, run_after=2025-05-20 00:00:00+00:00
[2025-05-20T02:59:34.440+0000] {processor.py:208} INFO - Processing /home/airflow/.local/lib/python3.12/site-packages/airflow/example_dags/example_skip_dag.py took 0.203 seconds
[2025-05-20T03:00:04.738+0000] {processor.py:186} INFO - Started process (PID=833) to work on /home/airflow/.local/lib/python3.12/site-packages/airflow/example_dags/example_skip_dag.py
[2025-05-20T03:00:04.740+0000] {processor.py:914} INFO - Processing file /home/airflow/.local/lib/python3.12/site-packages/airflow/example_dags/example_skip_dag.py for tasks to queue
[2025-05-20T03:00:04.742+0000] {logging_mixin.py:190} INFO - [2025-05-20T03:00:04.742+0000] {dagbag.py:587} INFO - Filling up the DagBag from /home/airflow/.local/lib/python3.12/site-packages/airflow/example_dags/example_skip_dag.py
[2025-05-20T03:00:04.763+0000] {processor.py:925} INFO - DAG(s) 'example_skip_dag' retrieved from /home/airflow/.local/lib/python3.12/site-packages/airflow/example_dags/example_skip_dag.py
[2025-05-20T03:00:04.805+0000] {logging_mixin.py:190} INFO - [2025-05-20T03:00:04.805+0000] {dag.py:3229} INFO - Sync 1 DAGs
[2025-05-20T03:00:04.852+0000] {logging_mixin.py:190} INFO - [2025-05-20T03:00:04.852+0000] {dag.py:4156} INFO - Setting next_dagrun for example_skip_dag to 2025-05-19 00:00:00+00:00, run_after=2025-05-20 00:00:00+00:00
[2025-05-20T03:00:04.903+0000] {processor.py:208} INFO - Processing /home/airflow/.local/lib/python3.12/site-packages/airflow/example_dags/example_skip_dag.py took 0.169 seconds
[2025-05-20T03:00:35.685+0000] {processor.py:186} INFO - Started process (PID=896) to work on /home/airflow/.local/lib/python3.12/site-packages/airflow/example_dags/example_skip_dag.py
[2025-05-20T03:00:35.689+0000] {processor.py:914} INFO - Processing file /home/airflow/.local/lib/python3.12/site-packages/airflow/example_dags/example_skip_dag.py for tasks to queue
[2025-05-20T03:00:35.694+0000] {logging_mixin.py:190} INFO - [2025-05-20T03:00:35.693+0000] {dagbag.py:587} INFO - Filling up the DagBag from /home/airflow/.local/lib/python3.12/site-packages/airflow/example_dags/example_skip_dag.py
[2025-05-20T03:00:35.703+0000] {processor.py:925} INFO - DAG(s) 'example_skip_dag' retrieved from /home/airflow/.local/lib/python3.12/site-packages/airflow/example_dags/example_skip_dag.py
[2025-05-20T03:00:35.728+0000] {logging_mixin.py:190} INFO - [2025-05-20T03:00:35.728+0000] {dag.py:3229} INFO - Sync 1 DAGs
[2025-05-20T03:00:35.772+0000] {logging_mixin.py:190} INFO - [2025-05-20T03:00:35.772+0000] {dag.py:4156} INFO - Setting next_dagrun for example_skip_dag to 2025-05-19 00:00:00+00:00, run_after=2025-05-20 00:00:00+00:00
[2025-05-20T03:00:35.848+0000] {processor.py:208} INFO - Processing /home/airflow/.local/lib/python3.12/site-packages/airflow/example_dags/example_skip_dag.py took 0.166 seconds
[2025-05-20T03:01:06.368+0000] {processor.py:186} INFO - Started process (PID=958) to work on /home/airflow/.local/lib/python3.12/site-packages/airflow/example_dags/example_skip_dag.py
[2025-05-20T03:01:06.372+0000] {processor.py:914} INFO - Processing file /home/airflow/.local/lib/python3.12/site-packages/airflow/example_dags/example_skip_dag.py for tasks to queue
[2025-05-20T03:01:06.379+0000] {logging_mixin.py:190} INFO - [2025-05-20T03:01:06.377+0000] {dagbag.py:587} INFO - Filling up the DagBag from /home/airflow/.local/lib/python3.12/site-packages/airflow/example_dags/example_skip_dag.py
[2025-05-20T03:01:06.391+0000] {processor.py:925} INFO - DAG(s) 'example_skip_dag' retrieved from /home/airflow/.local/lib/python3.12/site-packages/airflow/example_dags/example_skip_dag.py
[2025-05-20T03:01:06.433+0000] {logging_mixin.py:190} INFO - [2025-05-20T03:01:06.433+0000] {dag.py:3229} INFO - Sync 1 DAGs
[2025-05-20T03:01:06.463+0000] {logging_mixin.py:190} INFO - [2025-05-20T03:01:06.461+0000] {dag.py:4156} INFO - Setting next_dagrun for example_skip_dag to 2025-05-19 00:00:00+00:00, run_after=2025-05-20 00:00:00+00:00
[2025-05-20T03:01:06.530+0000] {processor.py:208} INFO - Processing /home/airflow/.local/lib/python3.12/site-packages/airflow/example_dags/example_skip_dag.py took 0.166 seconds
[2025-05-20T03:01:37.287+0000] {processor.py:186} INFO - Started process (PID=1020) to work on /home/airflow/.local/lib/python3.12/site-packages/airflow/example_dags/example_skip_dag.py
[2025-05-20T03:01:37.289+0000] {processor.py:914} INFO - Processing file /home/airflow/.local/lib/python3.12/site-packages/airflow/example_dags/example_skip_dag.py for tasks to queue
[2025-05-20T03:01:37.295+0000] {logging_mixin.py:190} INFO - [2025-05-20T03:01:37.295+0000] {dagbag.py:587} INFO - Filling up the DagBag from /home/airflow/.local/lib/python3.12/site-packages/airflow/example_dags/example_skip_dag.py
[2025-05-20T03:01:37.318+0000] {processor.py:925} INFO - DAG(s) 'example_skip_dag' retrieved from /home/airflow/.local/lib/python3.12/site-packages/airflow/example_dags/example_skip_dag.py
[2025-05-20T03:01:37.394+0000] {logging_mixin.py:190} INFO - [2025-05-20T03:01:37.393+0000] {dag.py:3229} INFO - Sync 1 DAGs
[2025-05-20T03:01:37.426+0000] {logging_mixin.py:190} INFO - [2025-05-20T03:01:37.425+0000] {dag.py:4156} INFO - Setting next_dagrun for example_skip_dag to 2025-05-19 00:00:00+00:00, run_after=2025-05-20 00:00:00+00:00
[2025-05-20T03:01:37.456+0000] {processor.py:208} INFO - Processing /home/airflow/.local/lib/python3.12/site-packages/airflow/example_dags/example_skip_dag.py took 0.174 seconds
[2025-05-20T03:02:07.723+0000] {processor.py:186} INFO - Started process (PID=1083) to work on /home/airflow/.local/lib/python3.12/site-packages/airflow/example_dags/example_skip_dag.py
[2025-05-20T03:02:07.727+0000] {processor.py:914} INFO - Processing file /home/airflow/.local/lib/python3.12/site-packages/airflow/example_dags/example_skip_dag.py for tasks to queue
[2025-05-20T03:02:07.740+0000] {logging_mixin.py:190} INFO - [2025-05-20T03:02:07.736+0000] {dagbag.py:587} INFO - Filling up the DagBag from /home/airflow/.local/lib/python3.12/site-packages/airflow/example_dags/example_skip_dag.py
[2025-05-20T03:02:07.766+0000] {processor.py:925} INFO - DAG(s) 'example_skip_dag' retrieved from /home/airflow/.local/lib/python3.12/site-packages/airflow/example_dags/example_skip_dag.py
[2025-05-20T03:02:07.835+0000] {logging_mixin.py:190} INFO - [2025-05-20T03:02:07.835+0000] {dag.py:3229} INFO - Sync 1 DAGs
[2025-05-20T03:02:07.865+0000] {logging_mixin.py:190} INFO - [2025-05-20T03:02:07.859+0000] {dag.py:4156} INFO - Setting next_dagrun for example_skip_dag to 2025-05-19 00:00:00+00:00, run_after=2025-05-20 00:00:00+00:00
[2025-05-20T03:02:07.939+0000] {processor.py:208} INFO - Processing /home/airflow/.local/lib/python3.12/site-packages/airflow/example_dags/example_skip_dag.py took 0.220 seconds
[2025-05-20T03:02:38.660+0000] {processor.py:186} INFO - Started process (PID=1146) to work on /home/airflow/.local/lib/python3.12/site-packages/airflow/example_dags/example_skip_dag.py
[2025-05-20T03:02:38.662+0000] {processor.py:914} INFO - Processing file /home/airflow/.local/lib/python3.12/site-packages/airflow/example_dags/example_skip_dag.py for tasks to queue
[2025-05-20T03:02:38.665+0000] {logging_mixin.py:190} INFO - [2025-05-20T03:02:38.664+0000] {dagbag.py:587} INFO - Filling up the DagBag from /home/airflow/.local/lib/python3.12/site-packages/airflow/example_dags/example_skip_dag.py
[2025-05-20T03:02:38.685+0000] {processor.py:925} INFO - DAG(s) 'example_skip_dag' retrieved from /home/airflow/.local/lib/python3.12/site-packages/airflow/example_dags/example_skip_dag.py
[2025-05-20T03:02:38.781+0000] {logging_mixin.py:190} INFO - [2025-05-20T03:02:38.781+0000] {dag.py:3229} INFO - Sync 1 DAGs
[2025-05-20T03:02:38.823+0000] {logging_mixin.py:190} INFO - [2025-05-20T03:02:38.823+0000] {dag.py:4156} INFO - Setting next_dagrun for example_skip_dag to 2025-05-19 00:00:00+00:00, run_after=2025-05-20 00:00:00+00:00
[2025-05-20T03:02:38.908+0000] {processor.py:208} INFO - Processing /home/airflow/.local/lib/python3.12/site-packages/airflow/example_dags/example_skip_dag.py took 0.257 seconds
[2025-05-20T03:03:09.205+0000] {processor.py:186} INFO - Started process (PID=1208) to work on /home/airflow/.local/lib/python3.12/site-packages/airflow/example_dags/example_skip_dag.py
[2025-05-20T03:03:09.209+0000] {processor.py:914} INFO - Processing file /home/airflow/.local/lib/python3.12/site-packages/airflow/example_dags/example_skip_dag.py for tasks to queue
[2025-05-20T03:03:09.213+0000] {logging_mixin.py:190} INFO - [2025-05-20T03:03:09.212+0000] {dagbag.py:587} INFO - Filling up the DagBag from /home/airflow/.local/lib/python3.12/site-packages/airflow/example_dags/example_skip_dag.py
[2025-05-20T03:03:09.228+0000] {processor.py:925} INFO - DAG(s) 'example_skip_dag' retrieved from /home/airflow/.local/lib/python3.12/site-packages/airflow/example_dags/example_skip_dag.py
[2025-05-20T03:03:09.281+0000] {logging_mixin.py:190} INFO - [2025-05-20T03:03:09.281+0000] {dag.py:3229} INFO - Sync 1 DAGs
[2025-05-20T03:03:09.307+0000] {logging_mixin.py:190} INFO - [2025-05-20T03:03:09.307+0000] {dag.py:4156} INFO - Setting next_dagrun for example_skip_dag to 2025-05-19 00:00:00+00:00, run_after=2025-05-20 00:00:00+00:00
[2025-05-20T03:03:09.342+0000] {processor.py:208} INFO - Processing /home/airflow/.local/lib/python3.12/site-packages/airflow/example_dags/example_skip_dag.py took 0.150 seconds
[2025-05-20T03:03:40.025+0000] {processor.py:186} INFO - Started process (PID=1270) to work on /home/airflow/.local/lib/python3.12/site-packages/airflow/example_dags/example_skip_dag.py
[2025-05-20T03:03:40.030+0000] {processor.py:914} INFO - Processing file /home/airflow/.local/lib/python3.12/site-packages/airflow/example_dags/example_skip_dag.py for tasks to queue
[2025-05-20T03:03:40.064+0000] {logging_mixin.py:190} INFO - [2025-05-20T03:03:40.057+0000] {dagbag.py:587} INFO - Filling up the DagBag from /home/airflow/.local/lib/python3.12/site-packages/airflow/example_dags/example_skip_dag.py
[2025-05-20T03:03:40.106+0000] {processor.py:925} INFO - DAG(s) 'example_skip_dag' retrieved from /home/airflow/.local/lib/python3.12/site-packages/airflow/example_dags/example_skip_dag.py
[2025-05-20T03:03:40.167+0000] {logging_mixin.py:190} INFO - [2025-05-20T03:03:40.166+0000] {dag.py:3229} INFO - Sync 1 DAGs
[2025-05-20T03:03:40.198+0000] {logging_mixin.py:190} INFO - [2025-05-20T03:03:40.198+0000] {dag.py:4156} INFO - Setting next_dagrun for example_skip_dag to 2025-05-19 00:00:00+00:00, run_after=2025-05-20 00:00:00+00:00
[2025-05-20T03:03:40.280+0000] {processor.py:208} INFO - Processing /home/airflow/.local/lib/python3.12/site-packages/airflow/example_dags/example_skip_dag.py took 0.259 seconds
[2025-05-20T03:04:11.105+0000] {processor.py:186} INFO - Started process (PID=1333) to work on /home/airflow/.local/lib/python3.12/site-packages/airflow/example_dags/example_skip_dag.py
[2025-05-20T03:04:11.108+0000] {processor.py:914} INFO - Processing file /home/airflow/.local/lib/python3.12/site-packages/airflow/example_dags/example_skip_dag.py for tasks to queue
[2025-05-20T03:04:11.112+0000] {logging_mixin.py:190} INFO - [2025-05-20T03:04:11.112+0000] {dagbag.py:587} INFO - Filling up the DagBag from /home/airflow/.local/lib/python3.12/site-packages/airflow/example_dags/example_skip_dag.py
[2025-05-20T03:04:11.124+0000] {processor.py:925} INFO - DAG(s) 'example_skip_dag' retrieved from /home/airflow/.local/lib/python3.12/site-packages/airflow/example_dags/example_skip_dag.py
[2025-05-20T03:04:11.171+0000] {logging_mixin.py:190} INFO - [2025-05-20T03:04:11.170+0000] {dag.py:3229} INFO - Sync 1 DAGs
[2025-05-20T03:04:11.197+0000] {logging_mixin.py:190} INFO - [2025-05-20T03:04:11.197+0000] {dag.py:4156} INFO - Setting next_dagrun for example_skip_dag to 2025-05-19 00:00:00+00:00, run_after=2025-05-20 00:00:00+00:00
[2025-05-20T03:04:11.238+0000] {processor.py:208} INFO - Processing /home/airflow/.local/lib/python3.12/site-packages/airflow/example_dags/example_skip_dag.py took 0.144 seconds
[2025-05-20T03:04:41.892+0000] {processor.py:186} INFO - Started process (PID=1396) to work on /home/airflow/.local/lib/python3.12/site-packages/airflow/example_dags/example_skip_dag.py
[2025-05-20T03:04:41.897+0000] {processor.py:914} INFO - Processing file /home/airflow/.local/lib/python3.12/site-packages/airflow/example_dags/example_skip_dag.py for tasks to queue
[2025-05-20T03:04:41.902+0000] {logging_mixin.py:190} INFO - [2025-05-20T03:04:41.900+0000] {dagbag.py:587} INFO - Filling up the DagBag from /home/airflow/.local/lib/python3.12/site-packages/airflow/example_dags/example_skip_dag.py
[2025-05-20T03:04:41.912+0000] {processor.py:925} INFO - DAG(s) 'example_skip_dag' retrieved from /home/airflow/.local/lib/python3.12/site-packages/airflow/example_dags/example_skip_dag.py
[2025-05-20T03:04:41.983+0000] {logging_mixin.py:190} INFO - [2025-05-20T03:04:41.983+0000] {dag.py:3229} INFO - Sync 1 DAGs
[2025-05-20T03:04:42.037+0000] {logging_mixin.py:190} INFO - [2025-05-20T03:04:42.037+0000] {dag.py:4156} INFO - Setting next_dagrun for example_skip_dag to 2025-05-19 00:00:00+00:00, run_after=2025-05-20 00:00:00+00:00
[2025-05-20T03:04:42.125+0000] {processor.py:208} INFO - Processing /home/airflow/.local/lib/python3.12/site-packages/airflow/example_dags/example_skip_dag.py took 0.237 seconds
[2025-05-20T03:05:12.316+0000] {processor.py:186} INFO - Started process (PID=1459) to work on /home/airflow/.local/lib/python3.12/site-packages/airflow/example_dags/example_skip_dag.py
[2025-05-20T03:05:12.318+0000] {processor.py:914} INFO - Processing file /home/airflow/.local/lib/python3.12/site-packages/airflow/example_dags/example_skip_dag.py for tasks to queue
[2025-05-20T03:05:12.321+0000] {logging_mixin.py:190} INFO - [2025-05-20T03:05:12.320+0000] {dagbag.py:587} INFO - Filling up the DagBag from /home/airflow/.local/lib/python3.12/site-packages/airflow/example_dags/example_skip_dag.py
[2025-05-20T03:05:12.334+0000] {processor.py:925} INFO - DAG(s) 'example_skip_dag' retrieved from /home/airflow/.local/lib/python3.12/site-packages/airflow/example_dags/example_skip_dag.py
[2025-05-20T03:05:12.379+0000] {logging_mixin.py:190} INFO - [2025-05-20T03:05:12.378+0000] {dag.py:3229} INFO - Sync 1 DAGs
[2025-05-20T03:05:12.468+0000] {logging_mixin.py:190} INFO - [2025-05-20T03:05:12.467+0000] {dag.py:4156} INFO - Setting next_dagrun for example_skip_dag to 2025-05-19 00:00:00+00:00, run_after=2025-05-20 00:00:00+00:00
[2025-05-20T03:05:12.531+0000] {processor.py:208} INFO - Processing /home/airflow/.local/lib/python3.12/site-packages/airflow/example_dags/example_skip_dag.py took 0.224 seconds
[2025-05-20T03:05:43.515+0000] {processor.py:186} INFO - Started process (PID=1522) to work on /home/airflow/.local/lib/python3.12/site-packages/airflow/example_dags/example_skip_dag.py
[2025-05-20T03:05:43.517+0000] {processor.py:914} INFO - Processing file /home/airflow/.local/lib/python3.12/site-packages/airflow/example_dags/example_skip_dag.py for tasks to queue
[2025-05-20T03:05:43.527+0000] {logging_mixin.py:190} INFO - [2025-05-20T03:05:43.525+0000] {dagbag.py:587} INFO - Filling up the DagBag from /home/airflow/.local/lib/python3.12/site-packages/airflow/example_dags/example_skip_dag.py
[2025-05-20T03:05:43.552+0000] {processor.py:925} INFO - DAG(s) 'example_skip_dag' retrieved from /home/airflow/.local/lib/python3.12/site-packages/airflow/example_dags/example_skip_dag.py
[2025-05-20T03:05:43.586+0000] {logging_mixin.py:190} INFO - [2025-05-20T03:05:43.585+0000] {dag.py:3229} INFO - Sync 1 DAGs
[2025-05-20T03:05:43.661+0000] {logging_mixin.py:190} INFO - [2025-05-20T03:05:43.660+0000] {dag.py:4156} INFO - Setting next_dagrun for example_skip_dag to 2025-05-19 00:00:00+00:00, run_after=2025-05-20 00:00:00+00:00
[2025-05-20T03:05:43.758+0000] {processor.py:208} INFO - Processing /home/airflow/.local/lib/python3.12/site-packages/airflow/example_dags/example_skip_dag.py took 0.248 seconds
[2025-05-20T03:06:14.748+0000] {processor.py:186} INFO - Started process (PID=1585) to work on /home/airflow/.local/lib/python3.12/site-packages/airflow/example_dags/example_skip_dag.py
[2025-05-20T03:06:14.749+0000] {processor.py:914} INFO - Processing file /home/airflow/.local/lib/python3.12/site-packages/airflow/example_dags/example_skip_dag.py for tasks to queue
[2025-05-20T03:06:14.754+0000] {logging_mixin.py:190} INFO - [2025-05-20T03:06:14.753+0000] {dagbag.py:587} INFO - Filling up the DagBag from /home/airflow/.local/lib/python3.12/site-packages/airflow/example_dags/example_skip_dag.py
[2025-05-20T03:06:14.768+0000] {processor.py:925} INFO - DAG(s) 'example_skip_dag' retrieved from /home/airflow/.local/lib/python3.12/site-packages/airflow/example_dags/example_skip_dag.py
[2025-05-20T03:06:14.807+0000] {logging_mixin.py:190} INFO - [2025-05-20T03:06:14.806+0000] {dag.py:3229} INFO - Sync 1 DAGs
[2025-05-20T03:06:14.850+0000] {logging_mixin.py:190} INFO - [2025-05-20T03:06:14.849+0000] {dag.py:4156} INFO - Setting next_dagrun for example_skip_dag to 2025-05-19 00:00:00+00:00, run_after=2025-05-20 00:00:00+00:00
[2025-05-20T03:06:14.900+0000] {processor.py:208} INFO - Processing /home/airflow/.local/lib/python3.12/site-packages/airflow/example_dags/example_skip_dag.py took 0.157 seconds
[2025-05-20T03:06:45.713+0000] {processor.py:186} INFO - Started process (PID=1648) to work on /home/airflow/.local/lib/python3.12/site-packages/airflow/example_dags/example_skip_dag.py
[2025-05-20T03:06:45.719+0000] {processor.py:914} INFO - Processing file /home/airflow/.local/lib/python3.12/site-packages/airflow/example_dags/example_skip_dag.py for tasks to queue
[2025-05-20T03:06:45.731+0000] {logging_mixin.py:190} INFO - [2025-05-20T03:06:45.730+0000] {dagbag.py:587} INFO - Filling up the DagBag from /home/airflow/.local/lib/python3.12/site-packages/airflow/example_dags/example_skip_dag.py
[2025-05-20T03:06:45.752+0000] {processor.py:925} INFO - DAG(s) 'example_skip_dag' retrieved from /home/airflow/.local/lib/python3.12/site-packages/airflow/example_dags/example_skip_dag.py
[2025-05-20T03:06:45.822+0000] {logging_mixin.py:190} INFO - [2025-05-20T03:06:45.821+0000] {dag.py:3229} INFO - Sync 1 DAGs
[2025-05-20T03:06:45.883+0000] {logging_mixin.py:190} INFO - [2025-05-20T03:06:45.882+0000] {dag.py:4156} INFO - Setting next_dagrun for example_skip_dag to 2025-05-19 00:00:00+00:00, run_after=2025-05-20 00:00:00+00:00
[2025-05-20T03:06:45.931+0000] {processor.py:208} INFO - Processing /home/airflow/.local/lib/python3.12/site-packages/airflow/example_dags/example_skip_dag.py took 0.222 seconds
[2025-05-20T03:07:16.240+0000] {processor.py:186} INFO - Started process (PID=1711) to work on /home/airflow/.local/lib/python3.12/site-packages/airflow/example_dags/example_skip_dag.py
[2025-05-20T03:07:16.243+0000] {processor.py:914} INFO - Processing file /home/airflow/.local/lib/python3.12/site-packages/airflow/example_dags/example_skip_dag.py for tasks to queue
[2025-05-20T03:07:16.249+0000] {logging_mixin.py:190} INFO - [2025-05-20T03:07:16.249+0000] {dagbag.py:587} INFO - Filling up the DagBag from /home/airflow/.local/lib/python3.12/site-packages/airflow/example_dags/example_skip_dag.py
[2025-05-20T03:07:16.271+0000] {processor.py:925} INFO - DAG(s) 'example_skip_dag' retrieved from /home/airflow/.local/lib/python3.12/site-packages/airflow/example_dags/example_skip_dag.py
[2025-05-20T03:07:16.331+0000] {logging_mixin.py:190} INFO - [2025-05-20T03:07:16.328+0000] {dag.py:3229} INFO - Sync 1 DAGs
[2025-05-20T03:07:16.371+0000] {logging_mixin.py:190} INFO - [2025-05-20T03:07:16.370+0000] {dag.py:4156} INFO - Setting next_dagrun for example_skip_dag to 2025-05-19 00:00:00+00:00, run_after=2025-05-20 00:00:00+00:00
[2025-05-20T03:07:16.429+0000] {processor.py:208} INFO - Processing /home/airflow/.local/lib/python3.12/site-packages/airflow/example_dags/example_skip_dag.py took 0.194 seconds
[2025-05-20T03:07:47.782+0000] {processor.py:186} INFO - Started process (PID=1773) to work on /home/airflow/.local/lib/python3.12/site-packages/airflow/example_dags/example_skip_dag.py
[2025-05-20T03:07:47.785+0000] {processor.py:914} INFO - Processing file /home/airflow/.local/lib/python3.12/site-packages/airflow/example_dags/example_skip_dag.py for tasks to queue
[2025-05-20T03:07:47.791+0000] {logging_mixin.py:190} INFO - [2025-05-20T03:07:47.790+0000] {dagbag.py:587} INFO - Filling up the DagBag from /home/airflow/.local/lib/python3.12/site-packages/airflow/example_dags/example_skip_dag.py
[2025-05-20T03:07:47.814+0000] {processor.py:925} INFO - DAG(s) 'example_skip_dag' retrieved from /home/airflow/.local/lib/python3.12/site-packages/airflow/example_dags/example_skip_dag.py
[2025-05-20T03:07:47.844+0000] {logging_mixin.py:190} INFO - [2025-05-20T03:07:47.841+0000] {dag.py:3229} INFO - Sync 1 DAGs
[2025-05-20T03:07:47.920+0000] {logging_mixin.py:190} INFO - [2025-05-20T03:07:47.919+0000] {dag.py:4156} INFO - Setting next_dagrun for example_skip_dag to 2025-05-19 00:00:00+00:00, run_after=2025-05-20 00:00:00+00:00
[2025-05-20T03:07:48.010+0000] {processor.py:208} INFO - Processing /home/airflow/.local/lib/python3.12/site-packages/airflow/example_dags/example_skip_dag.py took 0.232 seconds
[2025-05-20T03:08:18.980+0000] {processor.py:186} INFO - Started process (PID=1835) to work on /home/airflow/.local/lib/python3.12/site-packages/airflow/example_dags/example_skip_dag.py
[2025-05-20T03:08:18.983+0000] {processor.py:914} INFO - Processing file /home/airflow/.local/lib/python3.12/site-packages/airflow/example_dags/example_skip_dag.py for tasks to queue
[2025-05-20T03:08:18.999+0000] {logging_mixin.py:190} INFO - [2025-05-20T03:08:18.999+0000] {dagbag.py:587} INFO - Filling up the DagBag from /home/airflow/.local/lib/python3.12/site-packages/airflow/example_dags/example_skip_dag.py
[2025-05-20T03:08:19.033+0000] {processor.py:925} INFO - DAG(s) 'example_skip_dag' retrieved from /home/airflow/.local/lib/python3.12/site-packages/airflow/example_dags/example_skip_dag.py
[2025-05-20T03:08:19.107+0000] {logging_mixin.py:190} INFO - [2025-05-20T03:08:19.107+0000] {dag.py:3229} INFO - Sync 1 DAGs
[2025-05-20T03:08:19.143+0000] {logging_mixin.py:190} INFO - [2025-05-20T03:08:19.143+0000] {dag.py:4156} INFO - Setting next_dagrun for example_skip_dag to 2025-05-19 00:00:00+00:00, run_after=2025-05-20 00:00:00+00:00
[2025-05-20T03:08:19.212+0000] {processor.py:208} INFO - Processing /home/airflow/.local/lib/python3.12/site-packages/airflow/example_dags/example_skip_dag.py took 0.238 seconds
[2025-05-20T03:08:49.856+0000] {processor.py:186} INFO - Started process (PID=1898) to work on /home/airflow/.local/lib/python3.12/site-packages/airflow/example_dags/example_skip_dag.py
[2025-05-20T03:08:49.858+0000] {processor.py:914} INFO - Processing file /home/airflow/.local/lib/python3.12/site-packages/airflow/example_dags/example_skip_dag.py for tasks to queue
[2025-05-20T03:08:49.862+0000] {logging_mixin.py:190} INFO - [2025-05-20T03:08:49.860+0000] {dagbag.py:587} INFO - Filling up the DagBag from /home/airflow/.local/lib/python3.12/site-packages/airflow/example_dags/example_skip_dag.py
[2025-05-20T03:08:49.885+0000] {processor.py:925} INFO - DAG(s) 'example_skip_dag' retrieved from /home/airflow/.local/lib/python3.12/site-packages/airflow/example_dags/example_skip_dag.py
[2025-05-20T03:08:49.945+0000] {logging_mixin.py:190} INFO - [2025-05-20T03:08:49.941+0000] {dag.py:3229} INFO - Sync 1 DAGs
[2025-05-20T03:08:50.000+0000] {logging_mixin.py:190} INFO - [2025-05-20T03:08:50.000+0000] {dag.py:4156} INFO - Setting next_dagrun for example_skip_dag to 2025-05-19 00:00:00+00:00, run_after=2025-05-20 00:00:00+00:00
[2025-05-20T03:08:50.056+0000] {processor.py:208} INFO - Processing /home/airflow/.local/lib/python3.12/site-packages/airflow/example_dags/example_skip_dag.py took 0.205 seconds
[2025-05-20T03:09:20.141+0000] {processor.py:186} INFO - Started process (PID=1962) to work on /home/airflow/.local/lib/python3.12/site-packages/airflow/example_dags/example_skip_dag.py
[2025-05-20T03:09:20.142+0000] {processor.py:914} INFO - Processing file /home/airflow/.local/lib/python3.12/site-packages/airflow/example_dags/example_skip_dag.py for tasks to queue
[2025-05-20T03:09:20.146+0000] {logging_mixin.py:190} INFO - [2025-05-20T03:09:20.145+0000] {dagbag.py:587} INFO - Filling up the DagBag from /home/airflow/.local/lib/python3.12/site-packages/airflow/example_dags/example_skip_dag.py
[2025-05-20T03:09:20.162+0000] {processor.py:925} INFO - DAG(s) 'example_skip_dag' retrieved from /home/airflow/.local/lib/python3.12/site-packages/airflow/example_dags/example_skip_dag.py
[2025-05-20T03:09:20.213+0000] {logging_mixin.py:190} INFO - [2025-05-20T03:09:20.212+0000] {dag.py:3229} INFO - Sync 1 DAGs
[2025-05-20T03:09:20.276+0000] {logging_mixin.py:190} INFO - [2025-05-20T03:09:20.275+0000] {dag.py:4156} INFO - Setting next_dagrun for example_skip_dag to 2025-05-19 00:00:00+00:00, run_after=2025-05-20 00:00:00+00:00
[2025-05-20T03:09:20.329+0000] {processor.py:208} INFO - Processing /home/airflow/.local/lib/python3.12/site-packages/airflow/example_dags/example_skip_dag.py took 0.194 seconds
[2025-05-20T03:09:51.509+0000] {processor.py:186} INFO - Started process (PID=2025) to work on /home/airflow/.local/lib/python3.12/site-packages/airflow/example_dags/example_skip_dag.py
[2025-05-20T03:09:51.511+0000] {processor.py:914} INFO - Processing file /home/airflow/.local/lib/python3.12/site-packages/airflow/example_dags/example_skip_dag.py for tasks to queue
[2025-05-20T03:09:51.520+0000] {logging_mixin.py:190} INFO - [2025-05-20T03:09:51.516+0000] {dagbag.py:587} INFO - Filling up the DagBag from /home/airflow/.local/lib/python3.12/site-packages/airflow/example_dags/example_skip_dag.py
[2025-05-20T03:09:51.532+0000] {processor.py:925} INFO - DAG(s) 'example_skip_dag' retrieved from /home/airflow/.local/lib/python3.12/site-packages/airflow/example_dags/example_skip_dag.py
[2025-05-20T03:09:51.570+0000] {logging_mixin.py:190} INFO - [2025-05-20T03:09:51.570+0000] {dag.py:3229} INFO - Sync 1 DAGs
[2025-05-20T03:09:51.632+0000] {logging_mixin.py:190} INFO - [2025-05-20T03:09:51.632+0000] {dag.py:4156} INFO - Setting next_dagrun for example_skip_dag to 2025-05-19 00:00:00+00:00, run_after=2025-05-20 00:00:00+00:00
[2025-05-20T03:09:51.685+0000] {processor.py:208} INFO - Processing /home/airflow/.local/lib/python3.12/site-packages/airflow/example_dags/example_skip_dag.py took 0.179 seconds
[2025-05-20T03:10:21.972+0000] {processor.py:186} INFO - Started process (PID=2088) to work on /home/airflow/.local/lib/python3.12/site-packages/airflow/example_dags/example_skip_dag.py
[2025-05-20T03:10:21.973+0000] {processor.py:914} INFO - Processing file /home/airflow/.local/lib/python3.12/site-packages/airflow/example_dags/example_skip_dag.py for tasks to queue
[2025-05-20T03:10:21.975+0000] {logging_mixin.py:190} INFO - [2025-05-20T03:10:21.975+0000] {dagbag.py:587} INFO - Filling up the DagBag from /home/airflow/.local/lib/python3.12/site-packages/airflow/example_dags/example_skip_dag.py
[2025-05-20T03:10:21.985+0000] {processor.py:925} INFO - DAG(s) 'example_skip_dag' retrieved from /home/airflow/.local/lib/python3.12/site-packages/airflow/example_dags/example_skip_dag.py
[2025-05-20T03:10:22.040+0000] {logging_mixin.py:190} INFO - [2025-05-20T03:10:22.039+0000] {dag.py:3229} INFO - Sync 1 DAGs
[2025-05-20T03:10:22.090+0000] {logging_mixin.py:190} INFO - [2025-05-20T03:10:22.089+0000] {dag.py:4156} INFO - Setting next_dagrun for example_skip_dag to 2025-05-19 00:00:00+00:00, run_after=2025-05-20 00:00:00+00:00
[2025-05-20T03:10:22.135+0000] {processor.py:208} INFO - Processing /home/airflow/.local/lib/python3.12/site-packages/airflow/example_dags/example_skip_dag.py took 0.167 seconds
[2025-05-20T03:10:52.449+0000] {processor.py:186} INFO - Started process (PID=2151) to work on /home/airflow/.local/lib/python3.12/site-packages/airflow/example_dags/example_skip_dag.py
[2025-05-20T03:10:52.451+0000] {processor.py:914} INFO - Processing file /home/airflow/.local/lib/python3.12/site-packages/airflow/example_dags/example_skip_dag.py for tasks to queue
[2025-05-20T03:10:52.454+0000] {logging_mixin.py:190} INFO - [2025-05-20T03:10:52.454+0000] {dagbag.py:587} INFO - Filling up the DagBag from /home/airflow/.local/lib/python3.12/site-packages/airflow/example_dags/example_skip_dag.py
[2025-05-20T03:10:52.478+0000] {processor.py:925} INFO - DAG(s) 'example_skip_dag' retrieved from /home/airflow/.local/lib/python3.12/site-packages/airflow/example_dags/example_skip_dag.py
[2025-05-20T03:10:52.539+0000] {logging_mixin.py:190} INFO - [2025-05-20T03:10:52.538+0000] {dag.py:3229} INFO - Sync 1 DAGs
[2025-05-20T03:10:52.582+0000] {logging_mixin.py:190} INFO - [2025-05-20T03:10:52.582+0000] {dag.py:4156} INFO - Setting next_dagrun for example_skip_dag to 2025-05-19 00:00:00+00:00, run_after=2025-05-20 00:00:00+00:00
[2025-05-20T03:10:52.676+0000] {processor.py:208} INFO - Processing /home/airflow/.local/lib/python3.12/site-packages/airflow/example_dags/example_skip_dag.py took 0.232 seconds
[2025-05-20T03:11:23.755+0000] {processor.py:186} INFO - Started process (PID=2213) to work on /home/airflow/.local/lib/python3.12/site-packages/airflow/example_dags/example_skip_dag.py
[2025-05-20T03:11:23.757+0000] {processor.py:914} INFO - Processing file /home/airflow/.local/lib/python3.12/site-packages/airflow/example_dags/example_skip_dag.py for tasks to queue
[2025-05-20T03:11:23.761+0000] {logging_mixin.py:190} INFO - [2025-05-20T03:11:23.761+0000] {dagbag.py:587} INFO - Filling up the DagBag from /home/airflow/.local/lib/python3.12/site-packages/airflow/example_dags/example_skip_dag.py
[2025-05-20T03:11:23.772+0000] {processor.py:925} INFO - DAG(s) 'example_skip_dag' retrieved from /home/airflow/.local/lib/python3.12/site-packages/airflow/example_dags/example_skip_dag.py
[2025-05-20T03:11:23.830+0000] {logging_mixin.py:190} INFO - [2025-05-20T03:11:23.829+0000] {dag.py:3229} INFO - Sync 1 DAGs
[2025-05-20T03:11:23.880+0000] {logging_mixin.py:190} INFO - [2025-05-20T03:11:23.878+0000] {dag.py:4156} INFO - Setting next_dagrun for example_skip_dag to 2025-05-19 00:00:00+00:00, run_after=2025-05-20 00:00:00+00:00
[2025-05-20T03:11:23.940+0000] {processor.py:208} INFO - Processing /home/airflow/.local/lib/python3.12/site-packages/airflow/example_dags/example_skip_dag.py took 0.188 seconds
