[2025-05-20T02:51:05.254+0000] {processor.py:186} INFO - Started process (PID=117) to work on /home/airflow/.local/lib/python3.12/site-packages/airflow/example_dags/tutorial.py
[2025-05-20T02:51:05.256+0000] {processor.py:914} INFO - Processing file /home/airflow/.local/lib/python3.12/site-packages/airflow/example_dags/tutorial.py for tasks to queue
[2025-05-20T02:51:05.267+0000] {logging_mixin.py:190} INFO - [2025-05-20T02:51:05.264+0000] {dagbag.py:587} INFO - Filling up the DagBag from /home/airflow/.local/lib/python3.12/site-packages/airflow/example_dags/tutorial.py
[2025-05-20T02:51:05.286+0000] {processor.py:925} INFO - DAG(s) 'tutorial' retrieved from /home/airflow/.local/lib/python3.12/site-packages/airflow/example_dags/tutorial.py
[2025-05-20T02:51:05.433+0000] {logging_mixin.py:190} INFO - [2025-05-20T02:51:05.431+0000] {override.py:1900} INFO - Created Permission View: can read on DAG:tutorial
[2025-05-20T02:51:05.460+0000] {logging_mixin.py:190} INFO - [2025-05-20T02:51:05.460+0000] {override.py:1900} INFO - Created Permission View: can delete on DAG:tutorial
[2025-05-20T02:51:05.479+0000] {logging_mixin.py:190} INFO - [2025-05-20T02:51:05.479+0000] {override.py:1900} INFO - Created Permission View: can edit on DAG:tutorial
[2025-05-20T02:51:05.509+0000] {logging_mixin.py:190} INFO - [2025-05-20T02:51:05.507+0000] {override.py:1900} INFO - Created Permission View: can read on DAG Run:tutorial
[2025-05-20T02:51:05.534+0000] {logging_mixin.py:190} INFO - [2025-05-20T02:51:05.531+0000] {override.py:1900} INFO - Created Permission View: can delete on DAG Run:tutorial
[2025-05-20T02:51:05.555+0000] {logging_mixin.py:190} INFO - [2025-05-20T02:51:05.553+0000] {override.py:1900} INFO - Created Permission View: can create on DAG Run:tutorial
[2025-05-20T02:51:05.571+0000] {logging_mixin.py:190} INFO - [2025-05-20T02:51:05.570+0000] {override.py:1900} INFO - Created Permission View: menu access on DAG Run:tutorial
[2025-05-20T02:51:05.576+0000] {logging_mixin.py:190} INFO - [2025-05-20T02:51:05.573+0000] {dag.py:3229} INFO - Sync 1 DAGs
[2025-05-20T02:51:05.621+0000] {logging_mixin.py:190} INFO - [2025-05-20T02:51:05.620+0000] {dag.py:3252} INFO - Creating ORM DAG for tutorial
[2025-05-20T02:51:05.638+0000] {logging_mixin.py:190} INFO - [2025-05-20T02:51:05.636+0000] {dag.py:4156} INFO - Setting next_dagrun for tutorial to 2025-05-19 00:00:00+00:00, run_after=2025-05-20 00:00:00+00:00
[2025-05-20T02:51:05.705+0000] {processor.py:208} INFO - Processing /home/airflow/.local/lib/python3.12/site-packages/airflow/example_dags/tutorial.py took 0.455 seconds
[2025-05-20T02:51:36.086+0000] {processor.py:186} INFO - Started process (PID=179) to work on /home/airflow/.local/lib/python3.12/site-packages/airflow/example_dags/tutorial.py
[2025-05-20T02:51:36.087+0000] {processor.py:914} INFO - Processing file /home/airflow/.local/lib/python3.12/site-packages/airflow/example_dags/tutorial.py for tasks to queue
[2025-05-20T02:51:36.097+0000] {logging_mixin.py:190} INFO - [2025-05-20T02:51:36.097+0000] {dagbag.py:587} INFO - Filling up the DagBag from /home/airflow/.local/lib/python3.12/site-packages/airflow/example_dags/tutorial.py
[2025-05-20T02:51:36.121+0000] {processor.py:925} INFO - DAG(s) 'tutorial' retrieved from /home/airflow/.local/lib/python3.12/site-packages/airflow/example_dags/tutorial.py
[2025-05-20T02:51:36.188+0000] {logging_mixin.py:190} INFO - [2025-05-20T02:51:36.187+0000] {dag.py:3229} INFO - Sync 1 DAGs
[2025-05-20T02:51:36.234+0000] {logging_mixin.py:190} INFO - [2025-05-20T02:51:36.234+0000] {dag.py:4156} INFO - Setting next_dagrun for tutorial to 2025-05-19 00:00:00+00:00, run_after=2025-05-20 00:00:00+00:00
[2025-05-20T02:51:36.303+0000] {processor.py:208} INFO - Processing /home/airflow/.local/lib/python3.12/site-packages/airflow/example_dags/tutorial.py took 0.220 seconds
[2025-05-20T02:52:06.786+0000] {processor.py:186} INFO - Started process (PID=241) to work on /home/airflow/.local/lib/python3.12/site-packages/airflow/example_dags/tutorial.py
[2025-05-20T02:52:06.787+0000] {processor.py:914} INFO - Processing file /home/airflow/.local/lib/python3.12/site-packages/airflow/example_dags/tutorial.py for tasks to queue
[2025-05-20T02:52:06.800+0000] {logging_mixin.py:190} INFO - [2025-05-20T02:52:06.798+0000] {dagbag.py:587} INFO - Filling up the DagBag from /home/airflow/.local/lib/python3.12/site-packages/airflow/example_dags/tutorial.py
[2025-05-20T02:52:06.809+0000] {processor.py:925} INFO - DAG(s) 'tutorial' retrieved from /home/airflow/.local/lib/python3.12/site-packages/airflow/example_dags/tutorial.py
[2025-05-20T02:52:06.976+0000] {logging_mixin.py:190} INFO - [2025-05-20T02:52:06.973+0000] {dag.py:3229} INFO - Sync 1 DAGs
[2025-05-20T02:52:07.030+0000] {logging_mixin.py:190} INFO - [2025-05-20T02:52:07.030+0000] {dag.py:4156} INFO - Setting next_dagrun for tutorial to 2025-05-19 00:00:00+00:00, run_after=2025-05-20 00:00:00+00:00
[2025-05-20T02:52:07.075+0000] {processor.py:208} INFO - Processing /home/airflow/.local/lib/python3.12/site-packages/airflow/example_dags/tutorial.py took 0.293 seconds
[2025-05-20T02:54:03.495+0000] {processor.py:186} INFO - Started process (PID=118) to work on /home/airflow/.local/lib/python3.12/site-packages/airflow/example_dags/tutorial.py
[2025-05-20T02:54:03.498+0000] {processor.py:914} INFO - Processing file /home/airflow/.local/lib/python3.12/site-packages/airflow/example_dags/tutorial.py for tasks to queue
[2025-05-20T02:54:03.504+0000] {logging_mixin.py:190} INFO - [2025-05-20T02:54:03.504+0000] {dagbag.py:587} INFO - Filling up the DagBag from /home/airflow/.local/lib/python3.12/site-packages/airflow/example_dags/tutorial.py
[2025-05-20T02:54:03.535+0000] {processor.py:925} INFO - DAG(s) 'tutorial' retrieved from /home/airflow/.local/lib/python3.12/site-packages/airflow/example_dags/tutorial.py
[2025-05-20T02:54:03.633+0000] {logging_mixin.py:190} INFO - [2025-05-20T02:54:03.631+0000] {dag.py:3229} INFO - Sync 1 DAGs
[2025-05-20T02:54:03.669+0000] {logging_mixin.py:190} INFO - [2025-05-20T02:54:03.669+0000] {dag.py:4156} INFO - Setting next_dagrun for tutorial to 2025-05-19 00:00:00+00:00, run_after=2025-05-20 00:00:00+00:00
[2025-05-20T02:54:03.719+0000] {processor.py:208} INFO - Processing /home/airflow/.local/lib/python3.12/site-packages/airflow/example_dags/tutorial.py took 0.224 seconds
[2025-05-20T02:54:34.147+0000] {processor.py:186} INFO - Started process (PID=181) to work on /home/airflow/.local/lib/python3.12/site-packages/airflow/example_dags/tutorial.py
[2025-05-20T02:54:34.149+0000] {processor.py:914} INFO - Processing file /home/airflow/.local/lib/python3.12/site-packages/airflow/example_dags/tutorial.py for tasks to queue
[2025-05-20T02:54:34.153+0000] {logging_mixin.py:190} INFO - [2025-05-20T02:54:34.152+0000] {dagbag.py:587} INFO - Filling up the DagBag from /home/airflow/.local/lib/python3.12/site-packages/airflow/example_dags/tutorial.py
[2025-05-20T02:54:34.166+0000] {processor.py:925} INFO - DAG(s) 'tutorial' retrieved from /home/airflow/.local/lib/python3.12/site-packages/airflow/example_dags/tutorial.py
[2025-05-20T02:54:34.231+0000] {logging_mixin.py:190} INFO - [2025-05-20T02:54:34.230+0000] {dag.py:3229} INFO - Sync 1 DAGs
[2025-05-20T02:54:34.295+0000] {logging_mixin.py:190} INFO - [2025-05-20T02:54:34.292+0000] {dag.py:4156} INFO - Setting next_dagrun for tutorial to 2025-05-19 00:00:00+00:00, run_after=2025-05-20 00:00:00+00:00
[2025-05-20T02:54:34.364+0000] {processor.py:208} INFO - Processing /home/airflow/.local/lib/python3.12/site-packages/airflow/example_dags/tutorial.py took 0.220 seconds
[2025-05-20T02:55:05.963+0000] {processor.py:186} INFO - Started process (PID=245) to work on /home/airflow/.local/lib/python3.12/site-packages/airflow/example_dags/tutorial.py
[2025-05-20T02:55:05.968+0000] {processor.py:914} INFO - Processing file /home/airflow/.local/lib/python3.12/site-packages/airflow/example_dags/tutorial.py for tasks to queue
[2025-05-20T02:55:05.980+0000] {logging_mixin.py:190} INFO - [2025-05-20T02:55:05.978+0000] {dagbag.py:587} INFO - Filling up the DagBag from /home/airflow/.local/lib/python3.12/site-packages/airflow/example_dags/tutorial.py
[2025-05-20T02:55:06.003+0000] {processor.py:925} INFO - DAG(s) 'tutorial' retrieved from /home/airflow/.local/lib/python3.12/site-packages/airflow/example_dags/tutorial.py
[2025-05-20T02:55:06.054+0000] {logging_mixin.py:190} INFO - [2025-05-20T02:55:06.053+0000] {dag.py:3229} INFO - Sync 1 DAGs
[2025-05-20T02:55:06.099+0000] {logging_mixin.py:190} INFO - [2025-05-20T02:55:06.099+0000] {dag.py:4156} INFO - Setting next_dagrun for tutorial to 2025-05-19 00:00:00+00:00, run_after=2025-05-20 00:00:00+00:00
[2025-05-20T02:55:06.195+0000] {processor.py:208} INFO - Processing /home/airflow/.local/lib/python3.12/site-packages/airflow/example_dags/tutorial.py took 0.235 seconds
[2025-05-20T02:55:36.320+0000] {processor.py:186} INFO - Started process (PID=308) to work on /home/airflow/.local/lib/python3.12/site-packages/airflow/example_dags/tutorial.py
[2025-05-20T02:55:36.324+0000] {processor.py:914} INFO - Processing file /home/airflow/.local/lib/python3.12/site-packages/airflow/example_dags/tutorial.py for tasks to queue
[2025-05-20T02:55:36.338+0000] {logging_mixin.py:190} INFO - [2025-05-20T02:55:36.337+0000] {dagbag.py:587} INFO - Filling up the DagBag from /home/airflow/.local/lib/python3.12/site-packages/airflow/example_dags/tutorial.py
[2025-05-20T02:55:36.412+0000] {processor.py:925} INFO - DAG(s) 'tutorial' retrieved from /home/airflow/.local/lib/python3.12/site-packages/airflow/example_dags/tutorial.py
[2025-05-20T02:55:36.462+0000] {logging_mixin.py:190} INFO - [2025-05-20T02:55:36.462+0000] {dag.py:3229} INFO - Sync 1 DAGs
[2025-05-20T02:55:36.505+0000] {logging_mixin.py:190} INFO - [2025-05-20T02:55:36.505+0000] {dag.py:4156} INFO - Setting next_dagrun for tutorial to 2025-05-19 00:00:00+00:00, run_after=2025-05-20 00:00:00+00:00
[2025-05-20T02:55:36.558+0000] {processor.py:208} INFO - Processing /home/airflow/.local/lib/python3.12/site-packages/airflow/example_dags/tutorial.py took 0.243 seconds
[2025-05-20T02:56:07.629+0000] {processor.py:186} INFO - Started process (PID=371) to work on /home/airflow/.local/lib/python3.12/site-packages/airflow/example_dags/tutorial.py
[2025-05-20T02:56:07.630+0000] {processor.py:914} INFO - Processing file /home/airflow/.local/lib/python3.12/site-packages/airflow/example_dags/tutorial.py for tasks to queue
[2025-05-20T02:56:07.634+0000] {logging_mixin.py:190} INFO - [2025-05-20T02:56:07.633+0000] {dagbag.py:587} INFO - Filling up the DagBag from /home/airflow/.local/lib/python3.12/site-packages/airflow/example_dags/tutorial.py
[2025-05-20T02:56:07.661+0000] {processor.py:925} INFO - DAG(s) 'tutorial' retrieved from /home/airflow/.local/lib/python3.12/site-packages/airflow/example_dags/tutorial.py
[2025-05-20T02:56:07.707+0000] {logging_mixin.py:190} INFO - [2025-05-20T02:56:07.707+0000] {dag.py:3229} INFO - Sync 1 DAGs
[2025-05-20T02:56:07.744+0000] {logging_mixin.py:190} INFO - [2025-05-20T02:56:07.742+0000] {dag.py:4156} INFO - Setting next_dagrun for tutorial to 2025-05-19 00:00:00+00:00, run_after=2025-05-20 00:00:00+00:00
[2025-05-20T02:56:07.833+0000] {processor.py:208} INFO - Processing /home/airflow/.local/lib/python3.12/site-packages/airflow/example_dags/tutorial.py took 0.209 seconds
[2025-05-20T02:56:39.886+0000] {processor.py:186} INFO - Started process (PID=434) to work on /home/airflow/.local/lib/python3.12/site-packages/airflow/example_dags/tutorial.py
[2025-05-20T02:56:39.890+0000] {processor.py:914} INFO - Processing file /home/airflow/.local/lib/python3.12/site-packages/airflow/example_dags/tutorial.py for tasks to queue
[2025-05-20T02:56:39.895+0000] {logging_mixin.py:190} INFO - [2025-05-20T02:56:39.895+0000] {dagbag.py:587} INFO - Filling up the DagBag from /home/airflow/.local/lib/python3.12/site-packages/airflow/example_dags/tutorial.py
[2025-05-20T02:56:39.911+0000] {processor.py:925} INFO - DAG(s) 'tutorial' retrieved from /home/airflow/.local/lib/python3.12/site-packages/airflow/example_dags/tutorial.py
[2025-05-20T02:56:39.945+0000] {logging_mixin.py:190} INFO - [2025-05-20T02:56:39.944+0000] {dag.py:3229} INFO - Sync 1 DAGs
[2025-05-20T02:56:40.016+0000] {logging_mixin.py:190} INFO - [2025-05-20T02:56:40.016+0000] {dag.py:4156} INFO - Setting next_dagrun for tutorial to 2025-05-19 00:00:00+00:00, run_after=2025-05-20 00:00:00+00:00
[2025-05-20T02:56:40.069+0000] {processor.py:208} INFO - Processing /home/airflow/.local/lib/python3.12/site-packages/airflow/example_dags/tutorial.py took 0.192 seconds
[2025-05-20T02:57:10.679+0000] {processor.py:186} INFO - Started process (PID=497) to work on /home/airflow/.local/lib/python3.12/site-packages/airflow/example_dags/tutorial.py
[2025-05-20T02:57:10.685+0000] {processor.py:914} INFO - Processing file /home/airflow/.local/lib/python3.12/site-packages/airflow/example_dags/tutorial.py for tasks to queue
[2025-05-20T02:57:10.700+0000] {logging_mixin.py:190} INFO - [2025-05-20T02:57:10.692+0000] {dagbag.py:587} INFO - Filling up the DagBag from /home/airflow/.local/lib/python3.12/site-packages/airflow/example_dags/tutorial.py
[2025-05-20T02:57:10.733+0000] {processor.py:925} INFO - DAG(s) 'tutorial' retrieved from /home/airflow/.local/lib/python3.12/site-packages/airflow/example_dags/tutorial.py
[2025-05-20T02:57:10.822+0000] {logging_mixin.py:190} INFO - [2025-05-20T02:57:10.822+0000] {dag.py:3229} INFO - Sync 1 DAGs
[2025-05-20T02:57:10.875+0000] {logging_mixin.py:190} INFO - [2025-05-20T02:57:10.875+0000] {dag.py:4156} INFO - Setting next_dagrun for tutorial to 2025-05-19 00:00:00+00:00, run_after=2025-05-20 00:00:00+00:00
[2025-05-20T02:57:10.960+0000] {processor.py:208} INFO - Processing /home/airflow/.local/lib/python3.12/site-packages/airflow/example_dags/tutorial.py took 0.286 seconds
[2025-05-20T02:57:41.425+0000] {processor.py:186} INFO - Started process (PID=560) to work on /home/airflow/.local/lib/python3.12/site-packages/airflow/example_dags/tutorial.py
[2025-05-20T02:57:41.429+0000] {processor.py:914} INFO - Processing file /home/airflow/.local/lib/python3.12/site-packages/airflow/example_dags/tutorial.py for tasks to queue
[2025-05-20T02:57:41.438+0000] {logging_mixin.py:190} INFO - [2025-05-20T02:57:41.438+0000] {dagbag.py:587} INFO - Filling up the DagBag from /home/airflow/.local/lib/python3.12/site-packages/airflow/example_dags/tutorial.py
[2025-05-20T02:57:41.466+0000] {processor.py:925} INFO - DAG(s) 'tutorial' retrieved from /home/airflow/.local/lib/python3.12/site-packages/airflow/example_dags/tutorial.py
[2025-05-20T02:57:41.495+0000] {logging_mixin.py:190} INFO - [2025-05-20T02:57:41.494+0000] {dag.py:3229} INFO - Sync 1 DAGs
[2025-05-20T02:57:41.571+0000] {logging_mixin.py:190} INFO - [2025-05-20T02:57:41.571+0000] {dag.py:4156} INFO - Setting next_dagrun for tutorial to 2025-05-19 00:00:00+00:00, run_after=2025-05-20 00:00:00+00:00
[2025-05-20T02:57:41.637+0000] {processor.py:208} INFO - Processing /home/airflow/.local/lib/python3.12/site-packages/airflow/example_dags/tutorial.py took 0.216 seconds
[2025-05-20T02:58:12.511+0000] {processor.py:186} INFO - Started process (PID=623) to work on /home/airflow/.local/lib/python3.12/site-packages/airflow/example_dags/tutorial.py
[2025-05-20T02:58:12.513+0000] {processor.py:914} INFO - Processing file /home/airflow/.local/lib/python3.12/site-packages/airflow/example_dags/tutorial.py for tasks to queue
[2025-05-20T02:58:12.517+0000] {logging_mixin.py:190} INFO - [2025-05-20T02:58:12.517+0000] {dagbag.py:587} INFO - Filling up the DagBag from /home/airflow/.local/lib/python3.12/site-packages/airflow/example_dags/tutorial.py
[2025-05-20T02:58:12.540+0000] {processor.py:925} INFO - DAG(s) 'tutorial' retrieved from /home/airflow/.local/lib/python3.12/site-packages/airflow/example_dags/tutorial.py
[2025-05-20T02:58:12.591+0000] {logging_mixin.py:190} INFO - [2025-05-20T02:58:12.590+0000] {dag.py:3229} INFO - Sync 1 DAGs
[2025-05-20T02:58:12.647+0000] {logging_mixin.py:190} INFO - [2025-05-20T02:58:12.647+0000] {dag.py:4156} INFO - Setting next_dagrun for tutorial to 2025-05-19 00:00:00+00:00, run_after=2025-05-20 00:00:00+00:00
[2025-05-20T02:58:12.693+0000] {processor.py:208} INFO - Processing /home/airflow/.local/lib/python3.12/site-packages/airflow/example_dags/tutorial.py took 0.198 seconds
[2025-05-20T02:58:43.015+0000] {processor.py:186} INFO - Started process (PID=687) to work on /home/airflow/.local/lib/python3.12/site-packages/airflow/example_dags/tutorial.py
[2025-05-20T02:58:43.021+0000] {processor.py:914} INFO - Processing file /home/airflow/.local/lib/python3.12/site-packages/airflow/example_dags/tutorial.py for tasks to queue
[2025-05-20T02:58:43.028+0000] {logging_mixin.py:190} INFO - [2025-05-20T02:58:43.028+0000] {dagbag.py:587} INFO - Filling up the DagBag from /home/airflow/.local/lib/python3.12/site-packages/airflow/example_dags/tutorial.py
[2025-05-20T02:58:43.049+0000] {processor.py:925} INFO - DAG(s) 'tutorial' retrieved from /home/airflow/.local/lib/python3.12/site-packages/airflow/example_dags/tutorial.py
[2025-05-20T02:58:43.104+0000] {logging_mixin.py:190} INFO - [2025-05-20T02:58:43.103+0000] {dag.py:3229} INFO - Sync 1 DAGs
[2025-05-20T02:58:43.122+0000] {logging_mixin.py:190} INFO - [2025-05-20T02:58:43.122+0000] {dag.py:4156} INFO - Setting next_dagrun for tutorial to 2025-05-19 00:00:00+00:00, run_after=2025-05-20 00:00:00+00:00
[2025-05-20T02:58:43.167+0000] {processor.py:208} INFO - Processing /home/airflow/.local/lib/python3.12/site-packages/airflow/example_dags/tutorial.py took 0.156 seconds
[2025-05-20T02:59:13.611+0000] {processor.py:186} INFO - Started process (PID=750) to work on /home/airflow/.local/lib/python3.12/site-packages/airflow/example_dags/tutorial.py
[2025-05-20T02:59:13.616+0000] {processor.py:914} INFO - Processing file /home/airflow/.local/lib/python3.12/site-packages/airflow/example_dags/tutorial.py for tasks to queue
[2025-05-20T02:59:13.626+0000] {logging_mixin.py:190} INFO - [2025-05-20T02:59:13.624+0000] {dagbag.py:587} INFO - Filling up the DagBag from /home/airflow/.local/lib/python3.12/site-packages/airflow/example_dags/tutorial.py
[2025-05-20T02:59:13.639+0000] {processor.py:925} INFO - DAG(s) 'tutorial' retrieved from /home/airflow/.local/lib/python3.12/site-packages/airflow/example_dags/tutorial.py
[2025-05-20T02:59:13.753+0000] {logging_mixin.py:190} INFO - [2025-05-20T02:59:13.753+0000] {dag.py:3229} INFO - Sync 1 DAGs
[2025-05-20T02:59:13.798+0000] {logging_mixin.py:190} INFO - [2025-05-20T02:59:13.798+0000] {dag.py:4156} INFO - Setting next_dagrun for tutorial to 2025-05-19 00:00:00+00:00, run_after=2025-05-20 00:00:00+00:00
[2025-05-20T02:59:13.841+0000] {processor.py:208} INFO - Processing /home/airflow/.local/lib/python3.12/site-packages/airflow/example_dags/tutorial.py took 0.233 seconds
[2025-05-20T02:59:44.069+0000] {processor.py:186} INFO - Started process (PID=813) to work on /home/airflow/.local/lib/python3.12/site-packages/airflow/example_dags/tutorial.py
[2025-05-20T02:59:44.070+0000] {processor.py:914} INFO - Processing file /home/airflow/.local/lib/python3.12/site-packages/airflow/example_dags/tutorial.py for tasks to queue
[2025-05-20T02:59:44.074+0000] {logging_mixin.py:190} INFO - [2025-05-20T02:59:44.074+0000] {dagbag.py:587} INFO - Filling up the DagBag from /home/airflow/.local/lib/python3.12/site-packages/airflow/example_dags/tutorial.py
[2025-05-20T02:59:44.085+0000] {processor.py:925} INFO - DAG(s) 'tutorial' retrieved from /home/airflow/.local/lib/python3.12/site-packages/airflow/example_dags/tutorial.py
[2025-05-20T02:59:44.119+0000] {logging_mixin.py:190} INFO - [2025-05-20T02:59:44.119+0000] {dag.py:3229} INFO - Sync 1 DAGs
[2025-05-20T02:59:44.150+0000] {logging_mixin.py:190} INFO - [2025-05-20T02:59:44.149+0000] {dag.py:4156} INFO - Setting next_dagrun for tutorial to 2025-05-19 00:00:00+00:00, run_after=2025-05-20 00:00:00+00:00
[2025-05-20T02:59:44.179+0000] {processor.py:208} INFO - Processing /home/airflow/.local/lib/python3.12/site-packages/airflow/example_dags/tutorial.py took 0.113 seconds
[2025-05-20T03:00:14.853+0000] {processor.py:186} INFO - Started process (PID=876) to work on /home/airflow/.local/lib/python3.12/site-packages/airflow/example_dags/tutorial.py
[2025-05-20T03:00:14.856+0000] {processor.py:914} INFO - Processing file /home/airflow/.local/lib/python3.12/site-packages/airflow/example_dags/tutorial.py for tasks to queue
[2025-05-20T03:00:14.867+0000] {logging_mixin.py:190} INFO - [2025-05-20T03:00:14.863+0000] {dagbag.py:587} INFO - Filling up the DagBag from /home/airflow/.local/lib/python3.12/site-packages/airflow/example_dags/tutorial.py
[2025-05-20T03:00:14.885+0000] {processor.py:925} INFO - DAG(s) 'tutorial' retrieved from /home/airflow/.local/lib/python3.12/site-packages/airflow/example_dags/tutorial.py
[2025-05-20T03:00:14.932+0000] {logging_mixin.py:190} INFO - [2025-05-20T03:00:14.932+0000] {dag.py:3229} INFO - Sync 1 DAGs
[2025-05-20T03:00:14.982+0000] {logging_mixin.py:190} INFO - [2025-05-20T03:00:14.981+0000] {dag.py:4156} INFO - Setting next_dagrun for tutorial to 2025-05-19 00:00:00+00:00, run_after=2025-05-20 00:00:00+00:00
[2025-05-20T03:00:15.038+0000] {processor.py:208} INFO - Processing /home/airflow/.local/lib/python3.12/site-packages/airflow/example_dags/tutorial.py took 0.190 seconds
[2025-05-20T03:00:45.542+0000] {processor.py:186} INFO - Started process (PID=939) to work on /home/airflow/.local/lib/python3.12/site-packages/airflow/example_dags/tutorial.py
[2025-05-20T03:00:45.545+0000] {processor.py:914} INFO - Processing file /home/airflow/.local/lib/python3.12/site-packages/airflow/example_dags/tutorial.py for tasks to queue
[2025-05-20T03:00:45.555+0000] {logging_mixin.py:190} INFO - [2025-05-20T03:00:45.555+0000] {dagbag.py:587} INFO - Filling up the DagBag from /home/airflow/.local/lib/python3.12/site-packages/airflow/example_dags/tutorial.py
[2025-05-20T03:00:45.567+0000] {processor.py:925} INFO - DAG(s) 'tutorial' retrieved from /home/airflow/.local/lib/python3.12/site-packages/airflow/example_dags/tutorial.py
[2025-05-20T03:00:45.620+0000] {logging_mixin.py:190} INFO - [2025-05-20T03:00:45.618+0000] {dag.py:3229} INFO - Sync 1 DAGs
[2025-05-20T03:00:45.688+0000] {logging_mixin.py:190} INFO - [2025-05-20T03:00:45.687+0000] {dag.py:4156} INFO - Setting next_dagrun for tutorial to 2025-05-19 00:00:00+00:00, run_after=2025-05-20 00:00:00+00:00
[2025-05-20T03:00:45.737+0000] {processor.py:208} INFO - Processing /home/airflow/.local/lib/python3.12/site-packages/airflow/example_dags/tutorial.py took 0.198 seconds
[2025-05-20T03:01:16.391+0000] {processor.py:186} INFO - Started process (PID=1001) to work on /home/airflow/.local/lib/python3.12/site-packages/airflow/example_dags/tutorial.py
[2025-05-20T03:01:16.393+0000] {processor.py:914} INFO - Processing file /home/airflow/.local/lib/python3.12/site-packages/airflow/example_dags/tutorial.py for tasks to queue
[2025-05-20T03:01:16.398+0000] {logging_mixin.py:190} INFO - [2025-05-20T03:01:16.398+0000] {dagbag.py:587} INFO - Filling up the DagBag from /home/airflow/.local/lib/python3.12/site-packages/airflow/example_dags/tutorial.py
[2025-05-20T03:01:16.420+0000] {processor.py:925} INFO - DAG(s) 'tutorial' retrieved from /home/airflow/.local/lib/python3.12/site-packages/airflow/example_dags/tutorial.py
[2025-05-20T03:01:16.475+0000] {logging_mixin.py:190} INFO - [2025-05-20T03:01:16.472+0000] {dag.py:3229} INFO - Sync 1 DAGs
[2025-05-20T03:01:16.523+0000] {logging_mixin.py:190} INFO - [2025-05-20T03:01:16.523+0000] {dag.py:4156} INFO - Setting next_dagrun for tutorial to 2025-05-19 00:00:00+00:00, run_after=2025-05-20 00:00:00+00:00
[2025-05-20T03:01:16.566+0000] {processor.py:208} INFO - Processing /home/airflow/.local/lib/python3.12/site-packages/airflow/example_dags/tutorial.py took 0.179 seconds
[2025-05-20T03:01:47.109+0000] {processor.py:186} INFO - Started process (PID=1063) to work on /home/airflow/.local/lib/python3.12/site-packages/airflow/example_dags/tutorial.py
[2025-05-20T03:01:47.111+0000] {processor.py:914} INFO - Processing file /home/airflow/.local/lib/python3.12/site-packages/airflow/example_dags/tutorial.py for tasks to queue
[2025-05-20T03:01:47.119+0000] {logging_mixin.py:190} INFO - [2025-05-20T03:01:47.118+0000] {dagbag.py:587} INFO - Filling up the DagBag from /home/airflow/.local/lib/python3.12/site-packages/airflow/example_dags/tutorial.py
[2025-05-20T03:01:47.149+0000] {processor.py:925} INFO - DAG(s) 'tutorial' retrieved from /home/airflow/.local/lib/python3.12/site-packages/airflow/example_dags/tutorial.py
[2025-05-20T03:01:47.194+0000] {logging_mixin.py:190} INFO - [2025-05-20T03:01:47.191+0000] {dag.py:3229} INFO - Sync 1 DAGs
[2025-05-20T03:01:47.239+0000] {logging_mixin.py:190} INFO - [2025-05-20T03:01:47.238+0000] {dag.py:4156} INFO - Setting next_dagrun for tutorial to 2025-05-19 00:00:00+00:00, run_after=2025-05-20 00:00:00+00:00
[2025-05-20T03:01:47.309+0000] {processor.py:208} INFO - Processing /home/airflow/.local/lib/python3.12/site-packages/airflow/example_dags/tutorial.py took 0.204 seconds
[2025-05-20T03:02:17.659+0000] {processor.py:186} INFO - Started process (PID=1126) to work on /home/airflow/.local/lib/python3.12/site-packages/airflow/example_dags/tutorial.py
[2025-05-20T03:02:17.663+0000] {processor.py:914} INFO - Processing file /home/airflow/.local/lib/python3.12/site-packages/airflow/example_dags/tutorial.py for tasks to queue
[2025-05-20T03:02:17.666+0000] {logging_mixin.py:190} INFO - [2025-05-20T03:02:17.665+0000] {dagbag.py:587} INFO - Filling up the DagBag from /home/airflow/.local/lib/python3.12/site-packages/airflow/example_dags/tutorial.py
[2025-05-20T03:02:17.681+0000] {processor.py:925} INFO - DAG(s) 'tutorial' retrieved from /home/airflow/.local/lib/python3.12/site-packages/airflow/example_dags/tutorial.py
[2025-05-20T03:02:17.748+0000] {logging_mixin.py:190} INFO - [2025-05-20T03:02:17.747+0000] {dag.py:3229} INFO - Sync 1 DAGs
[2025-05-20T03:02:17.785+0000] {logging_mixin.py:190} INFO - [2025-05-20T03:02:17.785+0000] {dag.py:4156} INFO - Setting next_dagrun for tutorial to 2025-05-19 00:00:00+00:00, run_after=2025-05-20 00:00:00+00:00
[2025-05-20T03:02:17.858+0000] {processor.py:208} INFO - Processing /home/airflow/.local/lib/python3.12/site-packages/airflow/example_dags/tutorial.py took 0.202 seconds
[2025-05-20T03:02:48.618+0000] {processor.py:186} INFO - Started process (PID=1189) to work on /home/airflow/.local/lib/python3.12/site-packages/airflow/example_dags/tutorial.py
[2025-05-20T03:02:48.619+0000] {processor.py:914} INFO - Processing file /home/airflow/.local/lib/python3.12/site-packages/airflow/example_dags/tutorial.py for tasks to queue
[2025-05-20T03:02:48.637+0000] {logging_mixin.py:190} INFO - [2025-05-20T03:02:48.637+0000] {dagbag.py:587} INFO - Filling up the DagBag from /home/airflow/.local/lib/python3.12/site-packages/airflow/example_dags/tutorial.py
[2025-05-20T03:02:48.642+0000] {processor.py:925} INFO - DAG(s) 'tutorial' retrieved from /home/airflow/.local/lib/python3.12/site-packages/airflow/example_dags/tutorial.py
[2025-05-20T03:02:48.701+0000] {logging_mixin.py:190} INFO - [2025-05-20T03:02:48.701+0000] {dag.py:3229} INFO - Sync 1 DAGs
[2025-05-20T03:02:48.744+0000] {logging_mixin.py:190} INFO - [2025-05-20T03:02:48.744+0000] {dag.py:4156} INFO - Setting next_dagrun for tutorial to 2025-05-19 00:00:00+00:00, run_after=2025-05-20 00:00:00+00:00
[2025-05-20T03:02:48.831+0000] {processor.py:208} INFO - Processing /home/airflow/.local/lib/python3.12/site-packages/airflow/example_dags/tutorial.py took 0.217 seconds
[2025-05-20T03:03:19.409+0000] {processor.py:186} INFO - Started process (PID=1251) to work on /home/airflow/.local/lib/python3.12/site-packages/airflow/example_dags/tutorial.py
[2025-05-20T03:03:19.412+0000] {processor.py:914} INFO - Processing file /home/airflow/.local/lib/python3.12/site-packages/airflow/example_dags/tutorial.py for tasks to queue
[2025-05-20T03:03:19.418+0000] {logging_mixin.py:190} INFO - [2025-05-20T03:03:19.417+0000] {dagbag.py:587} INFO - Filling up the DagBag from /home/airflow/.local/lib/python3.12/site-packages/airflow/example_dags/tutorial.py
[2025-05-20T03:03:19.443+0000] {processor.py:925} INFO - DAG(s) 'tutorial' retrieved from /home/airflow/.local/lib/python3.12/site-packages/airflow/example_dags/tutorial.py
[2025-05-20T03:03:19.479+0000] {logging_mixin.py:190} INFO - [2025-05-20T03:03:19.479+0000] {dag.py:3229} INFO - Sync 1 DAGs
[2025-05-20T03:03:19.520+0000] {logging_mixin.py:190} INFO - [2025-05-20T03:03:19.519+0000] {dag.py:4156} INFO - Setting next_dagrun for tutorial to 2025-05-19 00:00:00+00:00, run_after=2025-05-20 00:00:00+00:00
[2025-05-20T03:03:19.546+0000] {processor.py:208} INFO - Processing /home/airflow/.local/lib/python3.12/site-packages/airflow/example_dags/tutorial.py took 0.144 seconds
[2025-05-20T03:03:51.654+0000] {processor.py:186} INFO - Started process (PID=1313) to work on /home/airflow/.local/lib/python3.12/site-packages/airflow/example_dags/tutorial.py
[2025-05-20T03:03:51.657+0000] {processor.py:914} INFO - Processing file /home/airflow/.local/lib/python3.12/site-packages/airflow/example_dags/tutorial.py for tasks to queue
[2025-05-20T03:03:51.665+0000] {logging_mixin.py:190} INFO - [2025-05-20T03:03:51.664+0000] {dagbag.py:587} INFO - Filling up the DagBag from /home/airflow/.local/lib/python3.12/site-packages/airflow/example_dags/tutorial.py
[2025-05-20T03:03:51.708+0000] {processor.py:925} INFO - DAG(s) 'tutorial' retrieved from /home/airflow/.local/lib/python3.12/site-packages/airflow/example_dags/tutorial.py
[2025-05-20T03:03:51.785+0000] {logging_mixin.py:190} INFO - [2025-05-20T03:03:51.785+0000] {dag.py:3229} INFO - Sync 1 DAGs
[2025-05-20T03:03:51.824+0000] {logging_mixin.py:190} INFO - [2025-05-20T03:03:51.822+0000] {dag.py:4156} INFO - Setting next_dagrun for tutorial to 2025-05-19 00:00:00+00:00, run_after=2025-05-20 00:00:00+00:00
[2025-05-20T03:03:52.464+0000] {processor.py:208} INFO - Processing /home/airflow/.local/lib/python3.12/site-packages/airflow/example_dags/tutorial.py took 1.026 seconds
[2025-05-20T03:04:23.014+0000] {processor.py:186} INFO - Started process (PID=1376) to work on /home/airflow/.local/lib/python3.12/site-packages/airflow/example_dags/tutorial.py
[2025-05-20T03:04:23.017+0000] {processor.py:914} INFO - Processing file /home/airflow/.local/lib/python3.12/site-packages/airflow/example_dags/tutorial.py for tasks to queue
[2025-05-20T03:04:23.022+0000] {logging_mixin.py:190} INFO - [2025-05-20T03:04:23.021+0000] {dagbag.py:587} INFO - Filling up the DagBag from /home/airflow/.local/lib/python3.12/site-packages/airflow/example_dags/tutorial.py
[2025-05-20T03:04:23.063+0000] {processor.py:925} INFO - DAG(s) 'tutorial' retrieved from /home/airflow/.local/lib/python3.12/site-packages/airflow/example_dags/tutorial.py
[2025-05-20T03:04:23.129+0000] {logging_mixin.py:190} INFO - [2025-05-20T03:04:23.128+0000] {dag.py:3229} INFO - Sync 1 DAGs
[2025-05-20T03:04:23.166+0000] {logging_mixin.py:190} INFO - [2025-05-20T03:04:23.166+0000] {dag.py:4156} INFO - Setting next_dagrun for tutorial to 2025-05-19 00:00:00+00:00, run_after=2025-05-20 00:00:00+00:00
[2025-05-20T03:04:23.210+0000] {processor.py:208} INFO - Processing /home/airflow/.local/lib/python3.12/site-packages/airflow/example_dags/tutorial.py took 0.203 seconds
[2025-05-20T03:04:53.380+0000] {processor.py:186} INFO - Started process (PID=1439) to work on /home/airflow/.local/lib/python3.12/site-packages/airflow/example_dags/tutorial.py
[2025-05-20T03:04:53.382+0000] {processor.py:914} INFO - Processing file /home/airflow/.local/lib/python3.12/site-packages/airflow/example_dags/tutorial.py for tasks to queue
[2025-05-20T03:04:53.392+0000] {logging_mixin.py:190} INFO - [2025-05-20T03:04:53.391+0000] {dagbag.py:587} INFO - Filling up the DagBag from /home/airflow/.local/lib/python3.12/site-packages/airflow/example_dags/tutorial.py
[2025-05-20T03:04:53.422+0000] {processor.py:925} INFO - DAG(s) 'tutorial' retrieved from /home/airflow/.local/lib/python3.12/site-packages/airflow/example_dags/tutorial.py
[2025-05-20T03:04:53.475+0000] {logging_mixin.py:190} INFO - [2025-05-20T03:04:53.472+0000] {dag.py:3229} INFO - Sync 1 DAGs
[2025-05-20T03:04:53.519+0000] {logging_mixin.py:190} INFO - [2025-05-20T03:04:53.518+0000] {dag.py:4156} INFO - Setting next_dagrun for tutorial to 2025-05-19 00:00:00+00:00, run_after=2025-05-20 00:00:00+00:00
[2025-05-20T03:04:53.583+0000] {processor.py:208} INFO - Processing /home/airflow/.local/lib/python3.12/site-packages/airflow/example_dags/tutorial.py took 0.207 seconds
[2025-05-20T03:05:23.736+0000] {processor.py:186} INFO - Started process (PID=1504) to work on /home/airflow/.local/lib/python3.12/site-packages/airflow/example_dags/tutorial.py
[2025-05-20T03:05:23.739+0000] {processor.py:914} INFO - Processing file /home/airflow/.local/lib/python3.12/site-packages/airflow/example_dags/tutorial.py for tasks to queue
[2025-05-20T03:05:23.743+0000] {logging_mixin.py:190} INFO - [2025-05-20T03:05:23.743+0000] {dagbag.py:587} INFO - Filling up the DagBag from /home/airflow/.local/lib/python3.12/site-packages/airflow/example_dags/tutorial.py
[2025-05-20T03:05:23.759+0000] {processor.py:925} INFO - DAG(s) 'tutorial' retrieved from /home/airflow/.local/lib/python3.12/site-packages/airflow/example_dags/tutorial.py
[2025-05-20T03:05:23.801+0000] {logging_mixin.py:190} INFO - [2025-05-20T03:05:23.801+0000] {dag.py:3229} INFO - Sync 1 DAGs
[2025-05-20T03:05:23.842+0000] {logging_mixin.py:190} INFO - [2025-05-20T03:05:23.842+0000] {dag.py:4156} INFO - Setting next_dagrun for tutorial to 2025-05-19 00:00:00+00:00, run_after=2025-05-20 00:00:00+00:00
[2025-05-20T03:05:23.916+0000] {processor.py:208} INFO - Processing /home/airflow/.local/lib/python3.12/site-packages/airflow/example_dags/tutorial.py took 0.184 seconds
[2025-05-20T03:05:55.063+0000] {processor.py:186} INFO - Started process (PID=1567) to work on /home/airflow/.local/lib/python3.12/site-packages/airflow/example_dags/tutorial.py
[2025-05-20T03:05:55.064+0000] {processor.py:914} INFO - Processing file /home/airflow/.local/lib/python3.12/site-packages/airflow/example_dags/tutorial.py for tasks to queue
[2025-05-20T03:05:55.075+0000] {logging_mixin.py:190} INFO - [2025-05-20T03:05:55.073+0000] {dagbag.py:587} INFO - Filling up the DagBag from /home/airflow/.local/lib/python3.12/site-packages/airflow/example_dags/tutorial.py
[2025-05-20T03:05:55.120+0000] {processor.py:925} INFO - DAG(s) 'tutorial' retrieved from /home/airflow/.local/lib/python3.12/site-packages/airflow/example_dags/tutorial.py
[2025-05-20T03:05:55.173+0000] {logging_mixin.py:190} INFO - [2025-05-20T03:05:55.173+0000] {dag.py:3229} INFO - Sync 1 DAGs
[2025-05-20T03:05:55.235+0000] {logging_mixin.py:190} INFO - [2025-05-20T03:05:55.235+0000] {dag.py:4156} INFO - Setting next_dagrun for tutorial to 2025-05-19 00:00:00+00:00, run_after=2025-05-20 00:00:00+00:00
[2025-05-20T03:05:55.272+0000] {processor.py:208} INFO - Processing /home/airflow/.local/lib/python3.12/site-packages/airflow/example_dags/tutorial.py took 0.213 seconds
[2025-05-20T03:06:25.806+0000] {processor.py:186} INFO - Started process (PID=1634) to work on /home/airflow/.local/lib/python3.12/site-packages/airflow/example_dags/tutorial.py
[2025-05-20T03:06:25.810+0000] {processor.py:914} INFO - Processing file /home/airflow/.local/lib/python3.12/site-packages/airflow/example_dags/tutorial.py for tasks to queue
[2025-05-20T03:06:25.822+0000] {logging_mixin.py:190} INFO - [2025-05-20T03:06:25.819+0000] {dagbag.py:587} INFO - Filling up the DagBag from /home/airflow/.local/lib/python3.12/site-packages/airflow/example_dags/tutorial.py
[2025-05-20T03:06:25.850+0000] {processor.py:925} INFO - DAG(s) 'tutorial' retrieved from /home/airflow/.local/lib/python3.12/site-packages/airflow/example_dags/tutorial.py
[2025-05-20T03:06:25.890+0000] {logging_mixin.py:190} INFO - [2025-05-20T03:06:25.890+0000] {dag.py:3229} INFO - Sync 1 DAGs
[2025-05-20T03:06:25.930+0000] {logging_mixin.py:190} INFO - [2025-05-20T03:06:25.930+0000] {dag.py:4156} INFO - Setting next_dagrun for tutorial to 2025-05-19 00:00:00+00:00, run_after=2025-05-20 00:00:00+00:00
[2025-05-20T03:06:25.970+0000] {processor.py:208} INFO - Processing /home/airflow/.local/lib/python3.12/site-packages/airflow/example_dags/tutorial.py took 0.169 seconds
[2025-05-20T03:06:56.701+0000] {processor.py:186} INFO - Started process (PID=1697) to work on /home/airflow/.local/lib/python3.12/site-packages/airflow/example_dags/tutorial.py
[2025-05-20T03:06:56.708+0000] {processor.py:914} INFO - Processing file /home/airflow/.local/lib/python3.12/site-packages/airflow/example_dags/tutorial.py for tasks to queue
[2025-05-20T03:06:56.716+0000] {logging_mixin.py:190} INFO - [2025-05-20T03:06:56.713+0000] {dagbag.py:587} INFO - Filling up the DagBag from /home/airflow/.local/lib/python3.12/site-packages/airflow/example_dags/tutorial.py
[2025-05-20T03:06:56.730+0000] {processor.py:925} INFO - DAG(s) 'tutorial' retrieved from /home/airflow/.local/lib/python3.12/site-packages/airflow/example_dags/tutorial.py
[2025-05-20T03:06:56.821+0000] {logging_mixin.py:190} INFO - [2025-05-20T03:06:56.819+0000] {dag.py:3229} INFO - Sync 1 DAGs
[2025-05-20T03:06:56.882+0000] {logging_mixin.py:190} INFO - [2025-05-20T03:06:56.881+0000] {dag.py:4156} INFO - Setting next_dagrun for tutorial to 2025-05-19 00:00:00+00:00, run_after=2025-05-20 00:00:00+00:00
[2025-05-20T03:06:56.915+0000] {processor.py:208} INFO - Processing /home/airflow/.local/lib/python3.12/site-packages/airflow/example_dags/tutorial.py took 0.219 seconds
[2025-05-20T03:07:27.012+0000] {processor.py:186} INFO - Started process (PID=1761) to work on /home/airflow/.local/lib/python3.12/site-packages/airflow/example_dags/tutorial.py
[2025-05-20T03:07:27.013+0000] {processor.py:914} INFO - Processing file /home/airflow/.local/lib/python3.12/site-packages/airflow/example_dags/tutorial.py for tasks to queue
[2025-05-20T03:07:27.020+0000] {logging_mixin.py:190} INFO - [2025-05-20T03:07:27.020+0000] {dagbag.py:587} INFO - Filling up the DagBag from /home/airflow/.local/lib/python3.12/site-packages/airflow/example_dags/tutorial.py
[2025-05-20T03:07:27.038+0000] {processor.py:925} INFO - DAG(s) 'tutorial' retrieved from /home/airflow/.local/lib/python3.12/site-packages/airflow/example_dags/tutorial.py
[2025-05-20T03:07:27.063+0000] {logging_mixin.py:190} INFO - [2025-05-20T03:07:27.063+0000] {dag.py:3229} INFO - Sync 1 DAGs
[2025-05-20T03:07:27.095+0000] {logging_mixin.py:190} INFO - [2025-05-20T03:07:27.095+0000] {dag.py:4156} INFO - Setting next_dagrun for tutorial to 2025-05-19 00:00:00+00:00, run_after=2025-05-20 00:00:00+00:00
[2025-05-20T03:07:27.144+0000] {processor.py:208} INFO - Processing /home/airflow/.local/lib/python3.12/site-packages/airflow/example_dags/tutorial.py took 0.135 seconds
[2025-05-20T03:07:57.883+0000] {processor.py:186} INFO - Started process (PID=1821) to work on /home/airflow/.local/lib/python3.12/site-packages/airflow/example_dags/tutorial.py
[2025-05-20T03:07:57.895+0000] {processor.py:914} INFO - Processing file /home/airflow/.local/lib/python3.12/site-packages/airflow/example_dags/tutorial.py for tasks to queue
[2025-05-20T03:07:57.907+0000] {logging_mixin.py:190} INFO - [2025-05-20T03:07:57.906+0000] {dagbag.py:587} INFO - Filling up the DagBag from /home/airflow/.local/lib/python3.12/site-packages/airflow/example_dags/tutorial.py
[2025-05-20T03:07:57.916+0000] {processor.py:925} INFO - DAG(s) 'tutorial' retrieved from /home/airflow/.local/lib/python3.12/site-packages/airflow/example_dags/tutorial.py
[2025-05-20T03:07:58.014+0000] {logging_mixin.py:190} INFO - [2025-05-20T03:07:58.014+0000] {dag.py:3229} INFO - Sync 1 DAGs
[2025-05-20T03:07:58.078+0000] {logging_mixin.py:190} INFO - [2025-05-20T03:07:58.078+0000] {dag.py:4156} INFO - Setting next_dagrun for tutorial to 2025-05-19 00:00:00+00:00, run_after=2025-05-20 00:00:00+00:00
[2025-05-20T03:07:58.106+0000] {processor.py:208} INFO - Processing /home/airflow/.local/lib/python3.12/site-packages/airflow/example_dags/tutorial.py took 0.232 seconds
[2025-05-20T03:08:28.890+0000] {processor.py:186} INFO - Started process (PID=1884) to work on /home/airflow/.local/lib/python3.12/site-packages/airflow/example_dags/tutorial.py
[2025-05-20T03:08:28.896+0000] {processor.py:914} INFO - Processing file /home/airflow/.local/lib/python3.12/site-packages/airflow/example_dags/tutorial.py for tasks to queue
[2025-05-20T03:08:28.903+0000] {logging_mixin.py:190} INFO - [2025-05-20T03:08:28.903+0000] {dagbag.py:587} INFO - Filling up the DagBag from /home/airflow/.local/lib/python3.12/site-packages/airflow/example_dags/tutorial.py
[2025-05-20T03:08:28.945+0000] {processor.py:925} INFO - DAG(s) 'tutorial' retrieved from /home/airflow/.local/lib/python3.12/site-packages/airflow/example_dags/tutorial.py
[2025-05-20T03:08:29.010+0000] {logging_mixin.py:190} INFO - [2025-05-20T03:08:29.009+0000] {dag.py:3229} INFO - Sync 1 DAGs
[2025-05-20T03:08:29.035+0000] {logging_mixin.py:190} INFO - [2025-05-20T03:08:29.034+0000] {dag.py:4156} INFO - Setting next_dagrun for tutorial to 2025-05-19 00:00:00+00:00, run_after=2025-05-20 00:00:00+00:00
[2025-05-20T03:08:29.113+0000] {processor.py:208} INFO - Processing /home/airflow/.local/lib/python3.12/site-packages/airflow/example_dags/tutorial.py took 0.227 seconds
[2025-05-20T03:08:59.758+0000] {processor.py:186} INFO - Started process (PID=1947) to work on /home/airflow/.local/lib/python3.12/site-packages/airflow/example_dags/tutorial.py
[2025-05-20T03:08:59.759+0000] {processor.py:914} INFO - Processing file /home/airflow/.local/lib/python3.12/site-packages/airflow/example_dags/tutorial.py for tasks to queue
[2025-05-20T03:08:59.766+0000] {logging_mixin.py:190} INFO - [2025-05-20T03:08:59.765+0000] {dagbag.py:587} INFO - Filling up the DagBag from /home/airflow/.local/lib/python3.12/site-packages/airflow/example_dags/tutorial.py
[2025-05-20T03:08:59.789+0000] {processor.py:925} INFO - DAG(s) 'tutorial' retrieved from /home/airflow/.local/lib/python3.12/site-packages/airflow/example_dags/tutorial.py
[2025-05-20T03:08:59.825+0000] {logging_mixin.py:190} INFO - [2025-05-20T03:08:59.824+0000] {dag.py:3229} INFO - Sync 1 DAGs
[2025-05-20T03:08:59.862+0000] {logging_mixin.py:190} INFO - [2025-05-20T03:08:59.862+0000] {dag.py:4156} INFO - Setting next_dagrun for tutorial to 2025-05-19 00:00:00+00:00, run_after=2025-05-20 00:00:00+00:00
[2025-05-20T03:08:59.891+0000] {processor.py:208} INFO - Processing /home/airflow/.local/lib/python3.12/site-packages/airflow/example_dags/tutorial.py took 0.138 seconds
[2025-05-20T03:09:30.790+0000] {processor.py:186} INFO - Started process (PID=2011) to work on /home/airflow/.local/lib/python3.12/site-packages/airflow/example_dags/tutorial.py
[2025-05-20T03:09:30.792+0000] {processor.py:914} INFO - Processing file /home/airflow/.local/lib/python3.12/site-packages/airflow/example_dags/tutorial.py for tasks to queue
[2025-05-20T03:09:30.806+0000] {logging_mixin.py:190} INFO - [2025-05-20T03:09:30.805+0000] {dagbag.py:587} INFO - Filling up the DagBag from /home/airflow/.local/lib/python3.12/site-packages/airflow/example_dags/tutorial.py
[2025-05-20T03:09:30.822+0000] {processor.py:925} INFO - DAG(s) 'tutorial' retrieved from /home/airflow/.local/lib/python3.12/site-packages/airflow/example_dags/tutorial.py
[2025-05-20T03:09:30.892+0000] {logging_mixin.py:190} INFO - [2025-05-20T03:09:30.890+0000] {dag.py:3229} INFO - Sync 1 DAGs
[2025-05-20T03:09:30.937+0000] {logging_mixin.py:190} INFO - [2025-05-20T03:09:30.937+0000] {dag.py:4156} INFO - Setting next_dagrun for tutorial to 2025-05-19 00:00:00+00:00, run_after=2025-05-20 00:00:00+00:00
[2025-05-20T03:09:30.964+0000] {processor.py:208} INFO - Processing /home/airflow/.local/lib/python3.12/site-packages/airflow/example_dags/tutorial.py took 0.179 seconds
[2025-05-20T03:10:02.969+0000] {processor.py:186} INFO - Started process (PID=2074) to work on /home/airflow/.local/lib/python3.12/site-packages/airflow/example_dags/tutorial.py
[2025-05-20T03:10:02.972+0000] {processor.py:914} INFO - Processing file /home/airflow/.local/lib/python3.12/site-packages/airflow/example_dags/tutorial.py for tasks to queue
[2025-05-20T03:10:02.983+0000] {logging_mixin.py:190} INFO - [2025-05-20T03:10:02.980+0000] {dagbag.py:587} INFO - Filling up the DagBag from /home/airflow/.local/lib/python3.12/site-packages/airflow/example_dags/tutorial.py
[2025-05-20T03:10:03.026+0000] {processor.py:925} INFO - DAG(s) 'tutorial' retrieved from /home/airflow/.local/lib/python3.12/site-packages/airflow/example_dags/tutorial.py
[2025-05-20T03:10:03.124+0000] {logging_mixin.py:190} INFO - [2025-05-20T03:10:03.124+0000] {dag.py:3229} INFO - Sync 1 DAGs
[2025-05-20T03:10:03.169+0000] {logging_mixin.py:190} INFO - [2025-05-20T03:10:03.167+0000] {dag.py:4156} INFO - Setting next_dagrun for tutorial to 2025-05-19 00:00:00+00:00, run_after=2025-05-20 00:00:00+00:00
[2025-05-20T03:10:03.254+0000] {processor.py:208} INFO - Processing /home/airflow/.local/lib/python3.12/site-packages/airflow/example_dags/tutorial.py took 0.290 seconds
[2025-05-20T03:10:33.496+0000] {processor.py:186} INFO - Started process (PID=2137) to work on /home/airflow/.local/lib/python3.12/site-packages/airflow/example_dags/tutorial.py
[2025-05-20T03:10:33.498+0000] {processor.py:914} INFO - Processing file /home/airflow/.local/lib/python3.12/site-packages/airflow/example_dags/tutorial.py for tasks to queue
[2025-05-20T03:10:33.516+0000] {logging_mixin.py:190} INFO - [2025-05-20T03:10:33.516+0000] {dagbag.py:587} INFO - Filling up the DagBag from /home/airflow/.local/lib/python3.12/site-packages/airflow/example_dags/tutorial.py
[2025-05-20T03:10:33.530+0000] {processor.py:925} INFO - DAG(s) 'tutorial' retrieved from /home/airflow/.local/lib/python3.12/site-packages/airflow/example_dags/tutorial.py
[2025-05-20T03:10:33.592+0000] {logging_mixin.py:190} INFO - [2025-05-20T03:10:33.592+0000] {dag.py:3229} INFO - Sync 1 DAGs
[2025-05-20T03:10:33.666+0000] {logging_mixin.py:190} INFO - [2025-05-20T03:10:33.666+0000] {dag.py:4156} INFO - Setting next_dagrun for tutorial to 2025-05-19 00:00:00+00:00, run_after=2025-05-20 00:00:00+00:00
[2025-05-20T03:10:33.718+0000] {processor.py:208} INFO - Processing /home/airflow/.local/lib/python3.12/site-packages/airflow/example_dags/tutorial.py took 0.226 seconds
[2025-05-20T03:11:05.618+0000] {processor.py:186} INFO - Started process (PID=2199) to work on /home/airflow/.local/lib/python3.12/site-packages/airflow/example_dags/tutorial.py
[2025-05-20T03:11:05.623+0000] {processor.py:914} INFO - Processing file /home/airflow/.local/lib/python3.12/site-packages/airflow/example_dags/tutorial.py for tasks to queue
[2025-05-20T03:11:05.626+0000] {logging_mixin.py:190} INFO - [2025-05-20T03:11:05.626+0000] {dagbag.py:587} INFO - Filling up the DagBag from /home/airflow/.local/lib/python3.12/site-packages/airflow/example_dags/tutorial.py
[2025-05-20T03:11:05.639+0000] {processor.py:925} INFO - DAG(s) 'tutorial' retrieved from /home/airflow/.local/lib/python3.12/site-packages/airflow/example_dags/tutorial.py
[2025-05-20T03:11:05.704+0000] {logging_mixin.py:190} INFO - [2025-05-20T03:11:05.703+0000] {dag.py:3229} INFO - Sync 1 DAGs
[2025-05-20T03:11:05.771+0000] {logging_mixin.py:190} INFO - [2025-05-20T03:11:05.770+0000] {dag.py:4156} INFO - Setting next_dagrun for tutorial to 2025-05-19 00:00:00+00:00, run_after=2025-05-20 00:00:00+00:00
[2025-05-20T03:11:05.832+0000] {processor.py:208} INFO - Processing /home/airflow/.local/lib/python3.12/site-packages/airflow/example_dags/tutorial.py took 0.219 seconds
[2025-05-20T03:11:36.870+0000] {processor.py:186} INFO - Started process (PID=2262) to work on /home/airflow/.local/lib/python3.12/site-packages/airflow/example_dags/tutorial.py
[2025-05-20T03:11:36.875+0000] {processor.py:914} INFO - Processing file /home/airflow/.local/lib/python3.12/site-packages/airflow/example_dags/tutorial.py for tasks to queue
[2025-05-20T03:11:36.879+0000] {logging_mixin.py:190} INFO - [2025-05-20T03:11:36.879+0000] {dagbag.py:587} INFO - Filling up the DagBag from /home/airflow/.local/lib/python3.12/site-packages/airflow/example_dags/tutorial.py
[2025-05-20T03:11:36.894+0000] {processor.py:925} INFO - DAG(s) 'tutorial' retrieved from /home/airflow/.local/lib/python3.12/site-packages/airflow/example_dags/tutorial.py
[2025-05-20T03:11:36.954+0000] {logging_mixin.py:190} INFO - [2025-05-20T03:11:36.953+0000] {dag.py:3229} INFO - Sync 1 DAGs
[2025-05-20T03:11:36.994+0000] {logging_mixin.py:190} INFO - [2025-05-20T03:11:36.994+0000] {dag.py:4156} INFO - Setting next_dagrun for tutorial to 2025-05-19 00:00:00+00:00, run_after=2025-05-20 00:00:00+00:00
[2025-05-20T03:11:37.043+0000] {processor.py:208} INFO - Processing /home/airflow/.local/lib/python3.12/site-packages/airflow/example_dags/tutorial.py took 0.178 seconds
[2025-05-20T03:12:08.560+0000] {processor.py:186} INFO - Started process (PID=2325) to work on /home/airflow/.local/lib/python3.12/site-packages/airflow/example_dags/tutorial.py
[2025-05-20T03:12:08.565+0000] {processor.py:914} INFO - Processing file /home/airflow/.local/lib/python3.12/site-packages/airflow/example_dags/tutorial.py for tasks to queue
[2025-05-20T03:12:08.578+0000] {logging_mixin.py:190} INFO - [2025-05-20T03:12:08.577+0000] {dagbag.py:587} INFO - Filling up the DagBag from /home/airflow/.local/lib/python3.12/site-packages/airflow/example_dags/tutorial.py
[2025-05-20T03:12:08.593+0000] {processor.py:925} INFO - DAG(s) 'tutorial' retrieved from /home/airflow/.local/lib/python3.12/site-packages/airflow/example_dags/tutorial.py
[2025-05-20T03:12:08.645+0000] {logging_mixin.py:190} INFO - [2025-05-20T03:12:08.643+0000] {dag.py:3229} INFO - Sync 1 DAGs
[2025-05-20T03:12:08.694+0000] {logging_mixin.py:190} INFO - [2025-05-20T03:12:08.694+0000] {dag.py:4156} INFO - Setting next_dagrun for tutorial to 2025-05-19 00:00:00+00:00, run_after=2025-05-20 00:00:00+00:00
[2025-05-20T03:12:08.758+0000] {processor.py:208} INFO - Processing /home/airflow/.local/lib/python3.12/site-packages/airflow/example_dags/tutorial.py took 0.201 seconds
[2025-05-20T03:12:39.521+0000] {processor.py:186} INFO - Started process (PID=2387) to work on /home/airflow/.local/lib/python3.12/site-packages/airflow/example_dags/tutorial.py
[2025-05-20T03:12:39.526+0000] {processor.py:914} INFO - Processing file /home/airflow/.local/lib/python3.12/site-packages/airflow/example_dags/tutorial.py for tasks to queue
[2025-05-20T03:12:39.536+0000] {logging_mixin.py:190} INFO - [2025-05-20T03:12:39.535+0000] {dagbag.py:587} INFO - Filling up the DagBag from /home/airflow/.local/lib/python3.12/site-packages/airflow/example_dags/tutorial.py
[2025-05-20T03:12:39.560+0000] {processor.py:925} INFO - DAG(s) 'tutorial' retrieved from /home/airflow/.local/lib/python3.12/site-packages/airflow/example_dags/tutorial.py
[2025-05-20T03:12:39.661+0000] {logging_mixin.py:190} INFO - [2025-05-20T03:12:39.660+0000] {dag.py:3229} INFO - Sync 1 DAGs
[2025-05-20T03:12:39.706+0000] {logging_mixin.py:190} INFO - [2025-05-20T03:12:39.705+0000] {dag.py:4156} INFO - Setting next_dagrun for tutorial to 2025-05-19 00:00:00+00:00, run_after=2025-05-20 00:00:00+00:00
[2025-05-20T03:12:39.738+0000] {processor.py:208} INFO - Processing /home/airflow/.local/lib/python3.12/site-packages/airflow/example_dags/tutorial.py took 0.225 seconds
[2025-05-20T03:13:10.766+0000] {processor.py:186} INFO - Started process (PID=2449) to work on /home/airflow/.local/lib/python3.12/site-packages/airflow/example_dags/tutorial.py
[2025-05-20T03:13:10.771+0000] {processor.py:914} INFO - Processing file /home/airflow/.local/lib/python3.12/site-packages/airflow/example_dags/tutorial.py for tasks to queue
[2025-05-20T03:13:10.794+0000] {logging_mixin.py:190} INFO - [2025-05-20T03:13:10.793+0000] {dagbag.py:587} INFO - Filling up the DagBag from /home/airflow/.local/lib/python3.12/site-packages/airflow/example_dags/tutorial.py
[2025-05-20T03:13:10.804+0000] {processor.py:925} INFO - DAG(s) 'tutorial' retrieved from /home/airflow/.local/lib/python3.12/site-packages/airflow/example_dags/tutorial.py
[2025-05-20T03:13:10.863+0000] {logging_mixin.py:190} INFO - [2025-05-20T03:13:10.863+0000] {dag.py:3229} INFO - Sync 1 DAGs
[2025-05-20T03:13:10.919+0000] {logging_mixin.py:190} INFO - [2025-05-20T03:13:10.918+0000] {dag.py:4156} INFO - Setting next_dagrun for tutorial to 2025-05-19 00:00:00+00:00, run_after=2025-05-20 00:00:00+00:00
[2025-05-20T03:13:10.963+0000] {processor.py:208} INFO - Processing /home/airflow/.local/lib/python3.12/site-packages/airflow/example_dags/tutorial.py took 0.201 seconds
[2025-05-20T03:13:42.009+0000] {processor.py:186} INFO - Started process (PID=2513) to work on /home/airflow/.local/lib/python3.12/site-packages/airflow/example_dags/tutorial.py
[2025-05-20T03:13:42.011+0000] {processor.py:914} INFO - Processing file /home/airflow/.local/lib/python3.12/site-packages/airflow/example_dags/tutorial.py for tasks to queue
[2025-05-20T03:13:42.015+0000] {logging_mixin.py:190} INFO - [2025-05-20T03:13:42.014+0000] {dagbag.py:587} INFO - Filling up the DagBag from /home/airflow/.local/lib/python3.12/site-packages/airflow/example_dags/tutorial.py
[2025-05-20T03:13:42.035+0000] {processor.py:925} INFO - DAG(s) 'tutorial' retrieved from /home/airflow/.local/lib/python3.12/site-packages/airflow/example_dags/tutorial.py
[2025-05-20T03:13:42.106+0000] {logging_mixin.py:190} INFO - [2025-05-20T03:13:42.106+0000] {dag.py:3229} INFO - Sync 1 DAGs
[2025-05-20T03:13:42.176+0000] {logging_mixin.py:190} INFO - [2025-05-20T03:13:42.176+0000] {dag.py:4156} INFO - Setting next_dagrun for tutorial to 2025-05-19 00:00:00+00:00, run_after=2025-05-20 00:00:00+00:00
[2025-05-20T03:13:42.219+0000] {processor.py:208} INFO - Processing /home/airflow/.local/lib/python3.12/site-packages/airflow/example_dags/tutorial.py took 0.213 seconds
[2025-05-20T03:14:14.102+0000] {processor.py:186} INFO - Started process (PID=2576) to work on /home/airflow/.local/lib/python3.12/site-packages/airflow/example_dags/tutorial.py
[2025-05-20T03:14:14.104+0000] {processor.py:914} INFO - Processing file /home/airflow/.local/lib/python3.12/site-packages/airflow/example_dags/tutorial.py for tasks to queue
[2025-05-20T03:14:14.112+0000] {logging_mixin.py:190} INFO - [2025-05-20T03:14:14.111+0000] {dagbag.py:587} INFO - Filling up the DagBag from /home/airflow/.local/lib/python3.12/site-packages/airflow/example_dags/tutorial.py
[2025-05-20T03:14:14.125+0000] {processor.py:925} INFO - DAG(s) 'tutorial' retrieved from /home/airflow/.local/lib/python3.12/site-packages/airflow/example_dags/tutorial.py
[2025-05-20T03:14:14.146+0000] {logging_mixin.py:190} INFO - [2025-05-20T03:14:14.145+0000] {dag.py:3229} INFO - Sync 1 DAGs
[2025-05-20T03:14:14.165+0000] {logging_mixin.py:190} INFO - [2025-05-20T03:14:14.165+0000] {dag.py:4156} INFO - Setting next_dagrun for tutorial to 2025-05-19 00:00:00+00:00, run_after=2025-05-20 00:00:00+00:00
[2025-05-20T03:14:14.252+0000] {processor.py:208} INFO - Processing /home/airflow/.local/lib/python3.12/site-packages/airflow/example_dags/tutorial.py took 0.153 seconds
[2025-05-20T03:14:44.835+0000] {processor.py:186} INFO - Started process (PID=2639) to work on /home/airflow/.local/lib/python3.12/site-packages/airflow/example_dags/tutorial.py
[2025-05-20T03:14:44.836+0000] {processor.py:914} INFO - Processing file /home/airflow/.local/lib/python3.12/site-packages/airflow/example_dags/tutorial.py for tasks to queue
[2025-05-20T03:14:44.840+0000] {logging_mixin.py:190} INFO - [2025-05-20T03:14:44.839+0000] {dagbag.py:587} INFO - Filling up the DagBag from /home/airflow/.local/lib/python3.12/site-packages/airflow/example_dags/tutorial.py
[2025-05-20T03:14:44.856+0000] {processor.py:925} INFO - DAG(s) 'tutorial' retrieved from /home/airflow/.local/lib/python3.12/site-packages/airflow/example_dags/tutorial.py
[2025-05-20T03:14:44.899+0000] {logging_mixin.py:190} INFO - [2025-05-20T03:14:44.896+0000] {dag.py:3229} INFO - Sync 1 DAGs
[2025-05-20T03:14:44.944+0000] {logging_mixin.py:190} INFO - [2025-05-20T03:14:44.943+0000] {dag.py:4156} INFO - Setting next_dagrun for tutorial to 2025-05-19 00:00:00+00:00, run_after=2025-05-20 00:00:00+00:00
[2025-05-20T03:14:44.987+0000] {processor.py:208} INFO - Processing /home/airflow/.local/lib/python3.12/site-packages/airflow/example_dags/tutorial.py took 0.157 seconds
[2025-05-20T03:15:17.687+0000] {processor.py:186} INFO - Started process (PID=2702) to work on /home/airflow/.local/lib/python3.12/site-packages/airflow/example_dags/tutorial.py
[2025-05-20T03:15:17.690+0000] {processor.py:914} INFO - Processing file /home/airflow/.local/lib/python3.12/site-packages/airflow/example_dags/tutorial.py for tasks to queue
[2025-05-20T03:15:17.704+0000] {logging_mixin.py:190} INFO - [2025-05-20T03:15:17.703+0000] {dagbag.py:587} INFO - Filling up the DagBag from /home/airflow/.local/lib/python3.12/site-packages/airflow/example_dags/tutorial.py
[2025-05-20T03:15:17.721+0000] {processor.py:925} INFO - DAG(s) 'tutorial' retrieved from /home/airflow/.local/lib/python3.12/site-packages/airflow/example_dags/tutorial.py
[2025-05-20T03:15:17.773+0000] {logging_mixin.py:190} INFO - [2025-05-20T03:15:17.771+0000] {dag.py:3229} INFO - Sync 1 DAGs
[2025-05-20T03:15:17.821+0000] {logging_mixin.py:190} INFO - [2025-05-20T03:15:17.821+0000] {dag.py:4156} INFO - Setting next_dagrun for tutorial to 2025-05-19 00:00:00+00:00, run_after=2025-05-20 00:00:00+00:00
[2025-05-20T03:15:17.901+0000] {processor.py:208} INFO - Processing /home/airflow/.local/lib/python3.12/site-packages/airflow/example_dags/tutorial.py took 0.217 seconds
[2025-05-20T03:15:48.342+0000] {processor.py:186} INFO - Started process (PID=2765) to work on /home/airflow/.local/lib/python3.12/site-packages/airflow/example_dags/tutorial.py
[2025-05-20T03:15:48.346+0000] {processor.py:914} INFO - Processing file /home/airflow/.local/lib/python3.12/site-packages/airflow/example_dags/tutorial.py for tasks to queue
[2025-05-20T03:15:48.355+0000] {logging_mixin.py:190} INFO - [2025-05-20T03:15:48.354+0000] {dagbag.py:587} INFO - Filling up the DagBag from /home/airflow/.local/lib/python3.12/site-packages/airflow/example_dags/tutorial.py
[2025-05-20T03:15:48.374+0000] {processor.py:925} INFO - DAG(s) 'tutorial' retrieved from /home/airflow/.local/lib/python3.12/site-packages/airflow/example_dags/tutorial.py
[2025-05-20T03:15:48.439+0000] {logging_mixin.py:190} INFO - [2025-05-20T03:15:48.439+0000] {dag.py:3229} INFO - Sync 1 DAGs
[2025-05-20T03:15:48.487+0000] {logging_mixin.py:190} INFO - [2025-05-20T03:15:48.486+0000] {dag.py:4156} INFO - Setting next_dagrun for tutorial to 2025-05-19 00:00:00+00:00, run_after=2025-05-20 00:00:00+00:00
[2025-05-20T03:15:48.562+0000] {processor.py:208} INFO - Processing /home/airflow/.local/lib/python3.12/site-packages/airflow/example_dags/tutorial.py took 0.224 seconds
