[2025-05-20T02:51:02.792+0000] {processor.py:186} INFO - Started process (PID=106) to work on /home/airflow/.local/lib/python3.12/site-packages/airflow/example_dags/tutorial_dag.py
[2025-05-20T02:51:02.798+0000] {processor.py:914} INFO - Processing file /home/airflow/.local/lib/python3.12/site-packages/airflow/example_dags/tutorial_dag.py for tasks to queue
[2025-05-20T02:51:02.808+0000] {logging_mixin.py:190} INFO - [2025-05-20T02:51:02.807+0000] {dagbag.py:587} INFO - Filling up the DagBag from /home/airflow/.local/lib/python3.12/site-packages/airflow/example_dags/tutorial_dag.py
[2025-05-20T02:51:02.868+0000] {processor.py:925} INFO - DAG(s) 'tutorial_dag' retrieved from /home/airflow/.local/lib/python3.12/site-packages/airflow/example_dags/tutorial_dag.py
[2025-05-20T02:51:02.988+0000] {logging_mixin.py:190} INFO - [2025-05-20T02:51:02.987+0000] {override.py:1900} INFO - Created Permission View: can read on DAG:tutorial_dag
[2025-05-20T02:51:03.050+0000] {logging_mixin.py:190} INFO - [2025-05-20T02:51:03.050+0000] {override.py:1900} INFO - Created Permission View: can delete on DAG:tutorial_dag
[2025-05-20T02:51:03.067+0000] {logging_mixin.py:190} INFO - [2025-05-20T02:51:03.066+0000] {override.py:1900} INFO - Created Permission View: can edit on DAG:tutorial_dag
[2025-05-20T02:51:03.105+0000] {logging_mixin.py:190} INFO - [2025-05-20T02:51:03.104+0000] {override.py:1900} INFO - Created Permission View: can read on DAG Run:tutorial_dag
[2025-05-20T02:51:03.122+0000] {logging_mixin.py:190} INFO - [2025-05-20T02:51:03.122+0000] {override.py:1900} INFO - Created Permission View: can delete on DAG Run:tutorial_dag
[2025-05-20T02:51:03.143+0000] {logging_mixin.py:190} INFO - [2025-05-20T02:51:03.142+0000] {override.py:1900} INFO - Created Permission View: can create on DAG Run:tutorial_dag
[2025-05-20T02:51:03.164+0000] {logging_mixin.py:190} INFO - [2025-05-20T02:51:03.164+0000] {override.py:1900} INFO - Created Permission View: menu access on DAG Run:tutorial_dag
[2025-05-20T02:51:03.165+0000] {logging_mixin.py:190} INFO - [2025-05-20T02:51:03.165+0000] {dag.py:3229} INFO - Sync 1 DAGs
[2025-05-20T02:51:03.206+0000] {logging_mixin.py:190} INFO - [2025-05-20T02:51:03.206+0000] {dag.py:3252} INFO - Creating ORM DAG for tutorial_dag
[2025-05-20T02:51:03.207+0000] {logging_mixin.py:190} INFO - [2025-05-20T02:51:03.207+0000] {dag.py:4156} INFO - Setting next_dagrun for tutorial_dag to None, run_after=None
[2025-05-20T02:51:03.267+0000] {processor.py:208} INFO - Processing /home/airflow/.local/lib/python3.12/site-packages/airflow/example_dags/tutorial_dag.py took 0.485 seconds
[2025-05-20T02:51:33.422+0000] {processor.py:186} INFO - Started process (PID=168) to work on /home/airflow/.local/lib/python3.12/site-packages/airflow/example_dags/tutorial_dag.py
[2025-05-20T02:51:33.424+0000] {processor.py:914} INFO - Processing file /home/airflow/.local/lib/python3.12/site-packages/airflow/example_dags/tutorial_dag.py for tasks to queue
[2025-05-20T02:51:33.436+0000] {logging_mixin.py:190} INFO - [2025-05-20T02:51:33.436+0000] {dagbag.py:587} INFO - Filling up the DagBag from /home/airflow/.local/lib/python3.12/site-packages/airflow/example_dags/tutorial_dag.py
[2025-05-20T02:51:33.447+0000] {processor.py:925} INFO - DAG(s) 'tutorial_dag' retrieved from /home/airflow/.local/lib/python3.12/site-packages/airflow/example_dags/tutorial_dag.py
[2025-05-20T02:51:33.512+0000] {logging_mixin.py:190} INFO - [2025-05-20T02:51:33.510+0000] {dag.py:3229} INFO - Sync 1 DAGs
[2025-05-20T02:51:33.527+0000] {logging_mixin.py:190} INFO - [2025-05-20T02:51:33.527+0000] {dag.py:4156} INFO - Setting next_dagrun for tutorial_dag to None, run_after=None
[2025-05-20T02:51:33.587+0000] {processor.py:208} INFO - Processing /home/airflow/.local/lib/python3.12/site-packages/airflow/example_dags/tutorial_dag.py took 0.168 seconds
[2025-05-20T02:52:03.738+0000] {processor.py:186} INFO - Started process (PID=230) to work on /home/airflow/.local/lib/python3.12/site-packages/airflow/example_dags/tutorial_dag.py
[2025-05-20T02:52:03.739+0000] {processor.py:914} INFO - Processing file /home/airflow/.local/lib/python3.12/site-packages/airflow/example_dags/tutorial_dag.py for tasks to queue
[2025-05-20T02:52:03.743+0000] {logging_mixin.py:190} INFO - [2025-05-20T02:52:03.743+0000] {dagbag.py:587} INFO - Filling up the DagBag from /home/airflow/.local/lib/python3.12/site-packages/airflow/example_dags/tutorial_dag.py
[2025-05-20T02:52:03.758+0000] {processor.py:925} INFO - DAG(s) 'tutorial_dag' retrieved from /home/airflow/.local/lib/python3.12/site-packages/airflow/example_dags/tutorial_dag.py
[2025-05-20T02:52:03.790+0000] {logging_mixin.py:190} INFO - [2025-05-20T02:52:03.790+0000] {dag.py:3229} INFO - Sync 1 DAGs
[2025-05-20T02:52:03.818+0000] {logging_mixin.py:190} INFO - [2025-05-20T02:52:03.817+0000] {dag.py:4156} INFO - Setting next_dagrun for tutorial_dag to None, run_after=None
[2025-05-20T02:52:03.843+0000] {processor.py:208} INFO - Processing /home/airflow/.local/lib/python3.12/site-packages/airflow/example_dags/tutorial_dag.py took 0.110 seconds
[2025-05-20T02:54:01.835+0000] {processor.py:186} INFO - Started process (PID=107) to work on /home/airflow/.local/lib/python3.12/site-packages/airflow/example_dags/tutorial_dag.py
[2025-05-20T02:54:01.836+0000] {processor.py:914} INFO - Processing file /home/airflow/.local/lib/python3.12/site-packages/airflow/example_dags/tutorial_dag.py for tasks to queue
[2025-05-20T02:54:01.844+0000] {logging_mixin.py:190} INFO - [2025-05-20T02:54:01.843+0000] {dagbag.py:587} INFO - Filling up the DagBag from /home/airflow/.local/lib/python3.12/site-packages/airflow/example_dags/tutorial_dag.py
[2025-05-20T02:54:01.857+0000] {processor.py:925} INFO - DAG(s) 'tutorial_dag' retrieved from /home/airflow/.local/lib/python3.12/site-packages/airflow/example_dags/tutorial_dag.py
[2025-05-20T02:54:01.919+0000] {logging_mixin.py:190} INFO - [2025-05-20T02:54:01.918+0000] {dag.py:3229} INFO - Sync 1 DAGs
[2025-05-20T02:54:01.946+0000] {logging_mixin.py:190} INFO - [2025-05-20T02:54:01.946+0000] {dag.py:4156} INFO - Setting next_dagrun for tutorial_dag to None, run_after=None
[2025-05-20T02:54:02.011+0000] {processor.py:208} INFO - Processing /home/airflow/.local/lib/python3.12/site-packages/airflow/example_dags/tutorial_dag.py took 0.180 seconds
[2025-05-20T02:54:32.444+0000] {processor.py:186} INFO - Started process (PID=170) to work on /home/airflow/.local/lib/python3.12/site-packages/airflow/example_dags/tutorial_dag.py
[2025-05-20T02:54:32.446+0000] {processor.py:914} INFO - Processing file /home/airflow/.local/lib/python3.12/site-packages/airflow/example_dags/tutorial_dag.py for tasks to queue
[2025-05-20T02:54:32.452+0000] {logging_mixin.py:190} INFO - [2025-05-20T02:54:32.452+0000] {dagbag.py:587} INFO - Filling up the DagBag from /home/airflow/.local/lib/python3.12/site-packages/airflow/example_dags/tutorial_dag.py
[2025-05-20T02:54:32.506+0000] {processor.py:925} INFO - DAG(s) 'tutorial_dag' retrieved from /home/airflow/.local/lib/python3.12/site-packages/airflow/example_dags/tutorial_dag.py
[2025-05-20T02:54:32.601+0000] {logging_mixin.py:190} INFO - [2025-05-20T02:54:32.601+0000] {dag.py:3229} INFO - Sync 1 DAGs
[2025-05-20T02:54:32.625+0000] {logging_mixin.py:190} INFO - [2025-05-20T02:54:32.625+0000] {dag.py:4156} INFO - Setting next_dagrun for tutorial_dag to None, run_after=None
[2025-05-20T02:54:32.712+0000] {processor.py:208} INFO - Processing /home/airflow/.local/lib/python3.12/site-packages/airflow/example_dags/tutorial_dag.py took 0.272 seconds
[2025-05-20T02:55:04.161+0000] {processor.py:186} INFO - Started process (PID=233) to work on /home/airflow/.local/lib/python3.12/site-packages/airflow/example_dags/tutorial_dag.py
[2025-05-20T02:55:04.165+0000] {processor.py:914} INFO - Processing file /home/airflow/.local/lib/python3.12/site-packages/airflow/example_dags/tutorial_dag.py for tasks to queue
[2025-05-20T02:55:04.182+0000] {logging_mixin.py:190} INFO - [2025-05-20T02:55:04.181+0000] {dagbag.py:587} INFO - Filling up the DagBag from /home/airflow/.local/lib/python3.12/site-packages/airflow/example_dags/tutorial_dag.py
[2025-05-20T02:55:04.236+0000] {processor.py:925} INFO - DAG(s) 'tutorial_dag' retrieved from /home/airflow/.local/lib/python3.12/site-packages/airflow/example_dags/tutorial_dag.py
[2025-05-20T02:55:04.366+0000] {logging_mixin.py:190} INFO - [2025-05-20T02:55:04.366+0000] {dag.py:3229} INFO - Sync 1 DAGs
[2025-05-20T02:55:04.401+0000] {logging_mixin.py:190} INFO - [2025-05-20T02:55:04.400+0000] {dag.py:4156} INFO - Setting next_dagrun for tutorial_dag to None, run_after=None
[2025-05-20T02:55:04.482+0000] {processor.py:208} INFO - Processing /home/airflow/.local/lib/python3.12/site-packages/airflow/example_dags/tutorial_dag.py took 0.348 seconds
[2025-05-20T02:55:34.718+0000] {processor.py:186} INFO - Started process (PID=296) to work on /home/airflow/.local/lib/python3.12/site-packages/airflow/example_dags/tutorial_dag.py
[2025-05-20T02:55:34.720+0000] {processor.py:914} INFO - Processing file /home/airflow/.local/lib/python3.12/site-packages/airflow/example_dags/tutorial_dag.py for tasks to queue
[2025-05-20T02:55:34.724+0000] {logging_mixin.py:190} INFO - [2025-05-20T02:55:34.722+0000] {dagbag.py:587} INFO - Filling up the DagBag from /home/airflow/.local/lib/python3.12/site-packages/airflow/example_dags/tutorial_dag.py
[2025-05-20T02:55:34.746+0000] {processor.py:925} INFO - DAG(s) 'tutorial_dag' retrieved from /home/airflow/.local/lib/python3.12/site-packages/airflow/example_dags/tutorial_dag.py
[2025-05-20T02:55:34.832+0000] {logging_mixin.py:190} INFO - [2025-05-20T02:55:34.832+0000] {dag.py:3229} INFO - Sync 1 DAGs
[2025-05-20T02:55:34.883+0000] {logging_mixin.py:190} INFO - [2025-05-20T02:55:34.883+0000] {dag.py:4156} INFO - Setting next_dagrun for tutorial_dag to None, run_after=None
[2025-05-20T02:55:34.928+0000] {processor.py:208} INFO - Processing /home/airflow/.local/lib/python3.12/site-packages/airflow/example_dags/tutorial_dag.py took 0.213 seconds
[2025-05-20T02:56:06.082+0000] {processor.py:186} INFO - Started process (PID=359) to work on /home/airflow/.local/lib/python3.12/site-packages/airflow/example_dags/tutorial_dag.py
[2025-05-20T02:56:06.089+0000] {processor.py:914} INFO - Processing file /home/airflow/.local/lib/python3.12/site-packages/airflow/example_dags/tutorial_dag.py for tasks to queue
[2025-05-20T02:56:06.099+0000] {logging_mixin.py:190} INFO - [2025-05-20T02:56:06.099+0000] {dagbag.py:587} INFO - Filling up the DagBag from /home/airflow/.local/lib/python3.12/site-packages/airflow/example_dags/tutorial_dag.py
[2025-05-20T02:56:06.121+0000] {processor.py:925} INFO - DAG(s) 'tutorial_dag' retrieved from /home/airflow/.local/lib/python3.12/site-packages/airflow/example_dags/tutorial_dag.py
[2025-05-20T02:56:06.165+0000] {logging_mixin.py:190} INFO - [2025-05-20T02:56:06.164+0000] {dag.py:3229} INFO - Sync 1 DAGs
[2025-05-20T02:56:06.193+0000] {logging_mixin.py:190} INFO - [2025-05-20T02:56:06.191+0000] {dag.py:4156} INFO - Setting next_dagrun for tutorial_dag to None, run_after=None
[2025-05-20T02:56:06.238+0000] {processor.py:208} INFO - Processing /home/airflow/.local/lib/python3.12/site-packages/airflow/example_dags/tutorial_dag.py took 0.160 seconds
[2025-05-20T02:56:38.429+0000] {processor.py:186} INFO - Started process (PID=422) to work on /home/airflow/.local/lib/python3.12/site-packages/airflow/example_dags/tutorial_dag.py
[2025-05-20T02:56:38.431+0000] {processor.py:914} INFO - Processing file /home/airflow/.local/lib/python3.12/site-packages/airflow/example_dags/tutorial_dag.py for tasks to queue
[2025-05-20T02:56:38.434+0000] {logging_mixin.py:190} INFO - [2025-05-20T02:56:38.433+0000] {dagbag.py:587} INFO - Filling up the DagBag from /home/airflow/.local/lib/python3.12/site-packages/airflow/example_dags/tutorial_dag.py
[2025-05-20T02:56:38.443+0000] {processor.py:925} INFO - DAG(s) 'tutorial_dag' retrieved from /home/airflow/.local/lib/python3.12/site-packages/airflow/example_dags/tutorial_dag.py
[2025-05-20T02:56:38.469+0000] {logging_mixin.py:190} INFO - [2025-05-20T02:56:38.468+0000] {dag.py:3229} INFO - Sync 1 DAGs
[2025-05-20T02:56:38.526+0000] {logging_mixin.py:190} INFO - [2025-05-20T02:56:38.526+0000] {dag.py:4156} INFO - Setting next_dagrun for tutorial_dag to None, run_after=None
[2025-05-20T02:56:38.601+0000] {processor.py:208} INFO - Processing /home/airflow/.local/lib/python3.12/site-packages/airflow/example_dags/tutorial_dag.py took 0.179 seconds
[2025-05-20T02:57:09.022+0000] {processor.py:186} INFO - Started process (PID=485) to work on /home/airflow/.local/lib/python3.12/site-packages/airflow/example_dags/tutorial_dag.py
[2025-05-20T02:57:09.025+0000] {processor.py:914} INFO - Processing file /home/airflow/.local/lib/python3.12/site-packages/airflow/example_dags/tutorial_dag.py for tasks to queue
[2025-05-20T02:57:09.030+0000] {logging_mixin.py:190} INFO - [2025-05-20T02:57:09.030+0000] {dagbag.py:587} INFO - Filling up the DagBag from /home/airflow/.local/lib/python3.12/site-packages/airflow/example_dags/tutorial_dag.py
[2025-05-20T02:57:09.053+0000] {processor.py:925} INFO - DAG(s) 'tutorial_dag' retrieved from /home/airflow/.local/lib/python3.12/site-packages/airflow/example_dags/tutorial_dag.py
[2025-05-20T02:57:09.102+0000] {logging_mixin.py:190} INFO - [2025-05-20T02:57:09.100+0000] {dag.py:3229} INFO - Sync 1 DAGs
[2025-05-20T02:57:09.127+0000] {logging_mixin.py:190} INFO - [2025-05-20T02:57:09.127+0000] {dag.py:4156} INFO - Setting next_dagrun for tutorial_dag to None, run_after=None
[2025-05-20T02:57:09.213+0000] {processor.py:208} INFO - Processing /home/airflow/.local/lib/python3.12/site-packages/airflow/example_dags/tutorial_dag.py took 0.199 seconds
[2025-05-20T02:57:39.299+0000] {processor.py:186} INFO - Started process (PID=548) to work on /home/airflow/.local/lib/python3.12/site-packages/airflow/example_dags/tutorial_dag.py
[2025-05-20T02:57:39.301+0000] {processor.py:914} INFO - Processing file /home/airflow/.local/lib/python3.12/site-packages/airflow/example_dags/tutorial_dag.py for tasks to queue
[2025-05-20T02:57:39.308+0000] {logging_mixin.py:190} INFO - [2025-05-20T02:57:39.308+0000] {dagbag.py:587} INFO - Filling up the DagBag from /home/airflow/.local/lib/python3.12/site-packages/airflow/example_dags/tutorial_dag.py
[2025-05-20T02:57:39.315+0000] {processor.py:925} INFO - DAG(s) 'tutorial_dag' retrieved from /home/airflow/.local/lib/python3.12/site-packages/airflow/example_dags/tutorial_dag.py
[2025-05-20T02:57:39.347+0000] {logging_mixin.py:190} INFO - [2025-05-20T02:57:39.347+0000] {dag.py:3229} INFO - Sync 1 DAGs
[2025-05-20T02:57:39.368+0000] {logging_mixin.py:190} INFO - [2025-05-20T02:57:39.367+0000] {dag.py:4156} INFO - Setting next_dagrun for tutorial_dag to None, run_after=None
[2025-05-20T02:57:39.459+0000] {processor.py:208} INFO - Processing /home/airflow/.local/lib/python3.12/site-packages/airflow/example_dags/tutorial_dag.py took 0.164 seconds
[2025-05-20T02:58:10.115+0000] {processor.py:186} INFO - Started process (PID=611) to work on /home/airflow/.local/lib/python3.12/site-packages/airflow/example_dags/tutorial_dag.py
[2025-05-20T02:58:10.116+0000] {processor.py:914} INFO - Processing file /home/airflow/.local/lib/python3.12/site-packages/airflow/example_dags/tutorial_dag.py for tasks to queue
[2025-05-20T02:58:10.122+0000] {logging_mixin.py:190} INFO - [2025-05-20T02:58:10.122+0000] {dagbag.py:587} INFO - Filling up the DagBag from /home/airflow/.local/lib/python3.12/site-packages/airflow/example_dags/tutorial_dag.py
[2025-05-20T02:58:10.175+0000] {processor.py:925} INFO - DAG(s) 'tutorial_dag' retrieved from /home/airflow/.local/lib/python3.12/site-packages/airflow/example_dags/tutorial_dag.py
[2025-05-20T02:58:10.301+0000] {logging_mixin.py:190} INFO - [2025-05-20T02:58:10.300+0000] {dag.py:3229} INFO - Sync 1 DAGs
[2025-05-20T02:58:10.319+0000] {logging_mixin.py:190} INFO - [2025-05-20T02:58:10.319+0000] {dag.py:4156} INFO - Setting next_dagrun for tutorial_dag to None, run_after=None
[2025-05-20T02:58:10.395+0000] {processor.py:208} INFO - Processing /home/airflow/.local/lib/python3.12/site-packages/airflow/example_dags/tutorial_dag.py took 0.283 seconds
[2025-05-20T02:58:40.436+0000] {processor.py:186} INFO - Started process (PID=675) to work on /home/airflow/.local/lib/python3.12/site-packages/airflow/example_dags/tutorial_dag.py
[2025-05-20T02:58:40.440+0000] {processor.py:914} INFO - Processing file /home/airflow/.local/lib/python3.12/site-packages/airflow/example_dags/tutorial_dag.py for tasks to queue
[2025-05-20T02:58:40.444+0000] {logging_mixin.py:190} INFO - [2025-05-20T02:58:40.444+0000] {dagbag.py:587} INFO - Filling up the DagBag from /home/airflow/.local/lib/python3.12/site-packages/airflow/example_dags/tutorial_dag.py
[2025-05-20T02:58:40.468+0000] {processor.py:925} INFO - DAG(s) 'tutorial_dag' retrieved from /home/airflow/.local/lib/python3.12/site-packages/airflow/example_dags/tutorial_dag.py
[2025-05-20T02:58:40.527+0000] {logging_mixin.py:190} INFO - [2025-05-20T02:58:40.527+0000] {dag.py:3229} INFO - Sync 1 DAGs
[2025-05-20T02:58:40.545+0000] {logging_mixin.py:190} INFO - [2025-05-20T02:58:40.545+0000] {dag.py:4156} INFO - Setting next_dagrun for tutorial_dag to None, run_after=None
[2025-05-20T02:58:40.596+0000] {processor.py:208} INFO - Processing /home/airflow/.local/lib/python3.12/site-packages/airflow/example_dags/tutorial_dag.py took 0.164 seconds
[2025-05-20T02:59:11.175+0000] {processor.py:186} INFO - Started process (PID=738) to work on /home/airflow/.local/lib/python3.12/site-packages/airflow/example_dags/tutorial_dag.py
[2025-05-20T02:59:11.180+0000] {processor.py:914} INFO - Processing file /home/airflow/.local/lib/python3.12/site-packages/airflow/example_dags/tutorial_dag.py for tasks to queue
[2025-05-20T02:59:11.189+0000] {logging_mixin.py:190} INFO - [2025-05-20T02:59:11.189+0000] {dagbag.py:587} INFO - Filling up the DagBag from /home/airflow/.local/lib/python3.12/site-packages/airflow/example_dags/tutorial_dag.py
[2025-05-20T02:59:11.203+0000] {processor.py:925} INFO - DAG(s) 'tutorial_dag' retrieved from /home/airflow/.local/lib/python3.12/site-packages/airflow/example_dags/tutorial_dag.py
[2025-05-20T02:59:11.249+0000] {logging_mixin.py:190} INFO - [2025-05-20T02:59:11.245+0000] {dag.py:3229} INFO - Sync 1 DAGs
[2025-05-20T02:59:11.268+0000] {logging_mixin.py:190} INFO - [2025-05-20T02:59:11.267+0000] {dag.py:4156} INFO - Setting next_dagrun for tutorial_dag to None, run_after=None
[2025-05-20T02:59:11.337+0000] {processor.py:208} INFO - Processing /home/airflow/.local/lib/python3.12/site-packages/airflow/example_dags/tutorial_dag.py took 0.165 seconds
[2025-05-20T02:59:41.686+0000] {processor.py:186} INFO - Started process (PID=801) to work on /home/airflow/.local/lib/python3.12/site-packages/airflow/example_dags/tutorial_dag.py
[2025-05-20T02:59:41.690+0000] {processor.py:914} INFO - Processing file /home/airflow/.local/lib/python3.12/site-packages/airflow/example_dags/tutorial_dag.py for tasks to queue
[2025-05-20T02:59:41.697+0000] {logging_mixin.py:190} INFO - [2025-05-20T02:59:41.696+0000] {dagbag.py:587} INFO - Filling up the DagBag from /home/airflow/.local/lib/python3.12/site-packages/airflow/example_dags/tutorial_dag.py
[2025-05-20T02:59:41.704+0000] {processor.py:925} INFO - DAG(s) 'tutorial_dag' retrieved from /home/airflow/.local/lib/python3.12/site-packages/airflow/example_dags/tutorial_dag.py
[2025-05-20T02:59:41.728+0000] {logging_mixin.py:190} INFO - [2025-05-20T02:59:41.728+0000] {dag.py:3229} INFO - Sync 1 DAGs
[2025-05-20T02:59:41.756+0000] {logging_mixin.py:190} INFO - [2025-05-20T02:59:41.755+0000] {dag.py:4156} INFO - Setting next_dagrun for tutorial_dag to None, run_after=None
[2025-05-20T02:59:41.801+0000] {processor.py:208} INFO - Processing /home/airflow/.local/lib/python3.12/site-packages/airflow/example_dags/tutorial_dag.py took 0.119 seconds
[2025-05-20T03:00:12.400+0000] {processor.py:186} INFO - Started process (PID=864) to work on /home/airflow/.local/lib/python3.12/site-packages/airflow/example_dags/tutorial_dag.py
[2025-05-20T03:00:12.401+0000] {processor.py:914} INFO - Processing file /home/airflow/.local/lib/python3.12/site-packages/airflow/example_dags/tutorial_dag.py for tasks to queue
[2025-05-20T03:00:12.408+0000] {logging_mixin.py:190} INFO - [2025-05-20T03:00:12.405+0000] {dagbag.py:587} INFO - Filling up the DagBag from /home/airflow/.local/lib/python3.12/site-packages/airflow/example_dags/tutorial_dag.py
[2025-05-20T03:00:12.437+0000] {processor.py:925} INFO - DAG(s) 'tutorial_dag' retrieved from /home/airflow/.local/lib/python3.12/site-packages/airflow/example_dags/tutorial_dag.py
[2025-05-20T03:00:12.489+0000] {logging_mixin.py:190} INFO - [2025-05-20T03:00:12.489+0000] {dag.py:3229} INFO - Sync 1 DAGs
[2025-05-20T03:00:12.506+0000] {logging_mixin.py:190} INFO - [2025-05-20T03:00:12.506+0000] {dag.py:4156} INFO - Setting next_dagrun for tutorial_dag to None, run_after=None
[2025-05-20T03:00:12.523+0000] {processor.py:208} INFO - Processing /home/airflow/.local/lib/python3.12/site-packages/airflow/example_dags/tutorial_dag.py took 0.128 seconds
[2025-05-20T03:00:43.169+0000] {processor.py:186} INFO - Started process (PID=927) to work on /home/airflow/.local/lib/python3.12/site-packages/airflow/example_dags/tutorial_dag.py
[2025-05-20T03:00:43.173+0000] {processor.py:914} INFO - Processing file /home/airflow/.local/lib/python3.12/site-packages/airflow/example_dags/tutorial_dag.py for tasks to queue
[2025-05-20T03:00:43.185+0000] {logging_mixin.py:190} INFO - [2025-05-20T03:00:43.182+0000] {dagbag.py:587} INFO - Filling up the DagBag from /home/airflow/.local/lib/python3.12/site-packages/airflow/example_dags/tutorial_dag.py
[2025-05-20T03:00:43.198+0000] {processor.py:925} INFO - DAG(s) 'tutorial_dag' retrieved from /home/airflow/.local/lib/python3.12/site-packages/airflow/example_dags/tutorial_dag.py
[2025-05-20T03:00:43.248+0000] {logging_mixin.py:190} INFO - [2025-05-20T03:00:43.248+0000] {dag.py:3229} INFO - Sync 1 DAGs
[2025-05-20T03:00:43.263+0000] {logging_mixin.py:190} INFO - [2025-05-20T03:00:43.262+0000] {dag.py:4156} INFO - Setting next_dagrun for tutorial_dag to None, run_after=None
[2025-05-20T03:00:43.322+0000] {processor.py:208} INFO - Processing /home/airflow/.local/lib/python3.12/site-packages/airflow/example_dags/tutorial_dag.py took 0.156 seconds
[2025-05-20T03:01:13.932+0000] {processor.py:186} INFO - Started process (PID=989) to work on /home/airflow/.local/lib/python3.12/site-packages/airflow/example_dags/tutorial_dag.py
[2025-05-20T03:01:13.937+0000] {processor.py:914} INFO - Processing file /home/airflow/.local/lib/python3.12/site-packages/airflow/example_dags/tutorial_dag.py for tasks to queue
[2025-05-20T03:01:13.948+0000] {logging_mixin.py:190} INFO - [2025-05-20T03:01:13.948+0000] {dagbag.py:587} INFO - Filling up the DagBag from /home/airflow/.local/lib/python3.12/site-packages/airflow/example_dags/tutorial_dag.py
[2025-05-20T03:01:13.963+0000] {processor.py:925} INFO - DAG(s) 'tutorial_dag' retrieved from /home/airflow/.local/lib/python3.12/site-packages/airflow/example_dags/tutorial_dag.py
[2025-05-20T03:01:14.028+0000] {logging_mixin.py:190} INFO - [2025-05-20T03:01:14.026+0000] {dag.py:3229} INFO - Sync 1 DAGs
[2025-05-20T03:01:14.048+0000] {logging_mixin.py:190} INFO - [2025-05-20T03:01:14.048+0000] {dag.py:4156} INFO - Setting next_dagrun for tutorial_dag to None, run_after=None
[2025-05-20T03:01:14.067+0000] {processor.py:208} INFO - Processing /home/airflow/.local/lib/python3.12/site-packages/airflow/example_dags/tutorial_dag.py took 0.141 seconds
[2025-05-20T03:01:44.620+0000] {processor.py:186} INFO - Started process (PID=1051) to work on /home/airflow/.local/lib/python3.12/site-packages/airflow/example_dags/tutorial_dag.py
[2025-05-20T03:01:44.623+0000] {processor.py:914} INFO - Processing file /home/airflow/.local/lib/python3.12/site-packages/airflow/example_dags/tutorial_dag.py for tasks to queue
[2025-05-20T03:01:44.625+0000] {logging_mixin.py:190} INFO - [2025-05-20T03:01:44.625+0000] {dagbag.py:587} INFO - Filling up the DagBag from /home/airflow/.local/lib/python3.12/site-packages/airflow/example_dags/tutorial_dag.py
[2025-05-20T03:01:44.711+0000] {processor.py:925} INFO - DAG(s) 'tutorial_dag' retrieved from /home/airflow/.local/lib/python3.12/site-packages/airflow/example_dags/tutorial_dag.py
[2025-05-20T03:01:44.826+0000] {logging_mixin.py:190} INFO - [2025-05-20T03:01:44.825+0000] {dag.py:3229} INFO - Sync 1 DAGs
[2025-05-20T03:01:44.880+0000] {logging_mixin.py:190} INFO - [2025-05-20T03:01:44.880+0000] {dag.py:4156} INFO - Setting next_dagrun for tutorial_dag to None, run_after=None
[2025-05-20T03:01:44.968+0000] {processor.py:208} INFO - Processing /home/airflow/.local/lib/python3.12/site-packages/airflow/example_dags/tutorial_dag.py took 0.352 seconds
[2025-05-20T03:02:15.295+0000] {processor.py:186} INFO - Started process (PID=1114) to work on /home/airflow/.local/lib/python3.12/site-packages/airflow/example_dags/tutorial_dag.py
[2025-05-20T03:02:15.299+0000] {processor.py:914} INFO - Processing file /home/airflow/.local/lib/python3.12/site-packages/airflow/example_dags/tutorial_dag.py for tasks to queue
[2025-05-20T03:02:15.316+0000] {logging_mixin.py:190} INFO - [2025-05-20T03:02:15.313+0000] {dagbag.py:587} INFO - Filling up the DagBag from /home/airflow/.local/lib/python3.12/site-packages/airflow/example_dags/tutorial_dag.py
[2025-05-20T03:02:15.327+0000] {processor.py:925} INFO - DAG(s) 'tutorial_dag' retrieved from /home/airflow/.local/lib/python3.12/site-packages/airflow/example_dags/tutorial_dag.py
[2025-05-20T03:02:15.373+0000] {logging_mixin.py:190} INFO - [2025-05-20T03:02:15.372+0000] {dag.py:3229} INFO - Sync 1 DAGs
[2025-05-20T03:02:15.393+0000] {logging_mixin.py:190} INFO - [2025-05-20T03:02:15.393+0000] {dag.py:4156} INFO - Setting next_dagrun for tutorial_dag to None, run_after=None
[2025-05-20T03:02:15.489+0000] {processor.py:208} INFO - Processing /home/airflow/.local/lib/python3.12/site-packages/airflow/example_dags/tutorial_dag.py took 0.199 seconds
[2025-05-20T03:02:45.924+0000] {processor.py:186} INFO - Started process (PID=1177) to work on /home/airflow/.local/lib/python3.12/site-packages/airflow/example_dags/tutorial_dag.py
[2025-05-20T03:02:45.927+0000] {processor.py:914} INFO - Processing file /home/airflow/.local/lib/python3.12/site-packages/airflow/example_dags/tutorial_dag.py for tasks to queue
[2025-05-20T03:02:45.935+0000] {logging_mixin.py:190} INFO - [2025-05-20T03:02:45.932+0000] {dagbag.py:587} INFO - Filling up the DagBag from /home/airflow/.local/lib/python3.12/site-packages/airflow/example_dags/tutorial_dag.py
[2025-05-20T03:02:45.953+0000] {processor.py:925} INFO - DAG(s) 'tutorial_dag' retrieved from /home/airflow/.local/lib/python3.12/site-packages/airflow/example_dags/tutorial_dag.py
[2025-05-20T03:02:45.974+0000] {logging_mixin.py:190} INFO - [2025-05-20T03:02:45.974+0000] {dag.py:3229} INFO - Sync 1 DAGs
[2025-05-20T03:02:45.992+0000] {logging_mixin.py:190} INFO - [2025-05-20T03:02:45.992+0000] {dag.py:4156} INFO - Setting next_dagrun for tutorial_dag to None, run_after=None
[2025-05-20T03:02:46.020+0000] {processor.py:208} INFO - Processing /home/airflow/.local/lib/python3.12/site-packages/airflow/example_dags/tutorial_dag.py took 0.100 seconds
[2025-05-20T03:03:16.412+0000] {processor.py:186} INFO - Started process (PID=1239) to work on /home/airflow/.local/lib/python3.12/site-packages/airflow/example_dags/tutorial_dag.py
[2025-05-20T03:03:16.418+0000] {processor.py:914} INFO - Processing file /home/airflow/.local/lib/python3.12/site-packages/airflow/example_dags/tutorial_dag.py for tasks to queue
[2025-05-20T03:03:16.426+0000] {logging_mixin.py:190} INFO - [2025-05-20T03:03:16.422+0000] {dagbag.py:587} INFO - Filling up the DagBag from /home/airflow/.local/lib/python3.12/site-packages/airflow/example_dags/tutorial_dag.py
[2025-05-20T03:03:16.456+0000] {processor.py:925} INFO - DAG(s) 'tutorial_dag' retrieved from /home/airflow/.local/lib/python3.12/site-packages/airflow/example_dags/tutorial_dag.py
[2025-05-20T03:03:16.495+0000] {logging_mixin.py:190} INFO - [2025-05-20T03:03:16.495+0000] {dag.py:3229} INFO - Sync 1 DAGs
[2025-05-20T03:03:16.507+0000] {logging_mixin.py:190} INFO - [2025-05-20T03:03:16.507+0000] {dag.py:4156} INFO - Setting next_dagrun for tutorial_dag to None, run_after=None
[2025-05-20T03:03:16.607+0000] {processor.py:208} INFO - Processing /home/airflow/.local/lib/python3.12/site-packages/airflow/example_dags/tutorial_dag.py took 0.199 seconds
[2025-05-20T03:03:47.635+0000] {processor.py:186} INFO - Started process (PID=1301) to work on /home/airflow/.local/lib/python3.12/site-packages/airflow/example_dags/tutorial_dag.py
[2025-05-20T03:03:47.640+0000] {processor.py:914} INFO - Processing file /home/airflow/.local/lib/python3.12/site-packages/airflow/example_dags/tutorial_dag.py for tasks to queue
[2025-05-20T03:03:47.646+0000] {logging_mixin.py:190} INFO - [2025-05-20T03:03:47.646+0000] {dagbag.py:587} INFO - Filling up the DagBag from /home/airflow/.local/lib/python3.12/site-packages/airflow/example_dags/tutorial_dag.py
[2025-05-20T03:03:47.666+0000] {processor.py:925} INFO - DAG(s) 'tutorial_dag' retrieved from /home/airflow/.local/lib/python3.12/site-packages/airflow/example_dags/tutorial_dag.py
[2025-05-20T03:03:47.751+0000] {logging_mixin.py:190} INFO - [2025-05-20T03:03:47.750+0000] {dag.py:3229} INFO - Sync 1 DAGs
[2025-05-20T03:03:47.786+0000] {logging_mixin.py:190} INFO - [2025-05-20T03:03:47.785+0000] {dag.py:4156} INFO - Setting next_dagrun for tutorial_dag to None, run_after=None
[2025-05-20T03:03:47.860+0000] {processor.py:208} INFO - Processing /home/airflow/.local/lib/python3.12/site-packages/airflow/example_dags/tutorial_dag.py took 0.228 seconds
[2025-05-20T03:04:18.520+0000] {processor.py:186} INFO - Started process (PID=1364) to work on /home/airflow/.local/lib/python3.12/site-packages/airflow/example_dags/tutorial_dag.py
[2025-05-20T03:04:18.520+0000] {processor.py:914} INFO - Processing file /home/airflow/.local/lib/python3.12/site-packages/airflow/example_dags/tutorial_dag.py for tasks to queue
[2025-05-20T03:04:18.522+0000] {logging_mixin.py:190} INFO - [2025-05-20T03:04:18.522+0000] {dagbag.py:587} INFO - Filling up the DagBag from /home/airflow/.local/lib/python3.12/site-packages/airflow/example_dags/tutorial_dag.py
[2025-05-20T03:04:18.528+0000] {processor.py:925} INFO - DAG(s) 'tutorial_dag' retrieved from /home/airflow/.local/lib/python3.12/site-packages/airflow/example_dags/tutorial_dag.py
[2025-05-20T03:04:18.567+0000] {logging_mixin.py:190} INFO - [2025-05-20T03:04:18.567+0000] {dag.py:3229} INFO - Sync 1 DAGs
[2025-05-20T03:04:18.578+0000] {logging_mixin.py:190} INFO - [2025-05-20T03:04:18.578+0000] {dag.py:4156} INFO - Setting next_dagrun for tutorial_dag to None, run_after=None
[2025-05-20T03:04:18.601+0000] {processor.py:208} INFO - Processing /home/airflow/.local/lib/python3.12/site-packages/airflow/example_dags/tutorial_dag.py took 0.085 seconds
[2025-05-20T03:04:48.886+0000] {processor.py:186} INFO - Started process (PID=1426) to work on /home/airflow/.local/lib/python3.12/site-packages/airflow/example_dags/tutorial_dag.py
[2025-05-20T03:04:48.887+0000] {processor.py:914} INFO - Processing file /home/airflow/.local/lib/python3.12/site-packages/airflow/example_dags/tutorial_dag.py for tasks to queue
[2025-05-20T03:04:48.897+0000] {logging_mixin.py:190} INFO - [2025-05-20T03:04:48.894+0000] {dagbag.py:587} INFO - Filling up the DagBag from /home/airflow/.local/lib/python3.12/site-packages/airflow/example_dags/tutorial_dag.py
[2025-05-20T03:04:48.941+0000] {processor.py:925} INFO - DAG(s) 'tutorial_dag' retrieved from /home/airflow/.local/lib/python3.12/site-packages/airflow/example_dags/tutorial_dag.py
[2025-05-20T03:04:49.031+0000] {logging_mixin.py:190} INFO - [2025-05-20T03:04:49.030+0000] {dag.py:3229} INFO - Sync 1 DAGs
[2025-05-20T03:04:49.052+0000] {logging_mixin.py:190} INFO - [2025-05-20T03:04:49.051+0000] {dag.py:4156} INFO - Setting next_dagrun for tutorial_dag to None, run_after=None
[2025-05-20T03:04:49.080+0000] {processor.py:208} INFO - Processing /home/airflow/.local/lib/python3.12/site-packages/airflow/example_dags/tutorial_dag.py took 0.201 seconds
[2025-05-20T03:05:22.148+0000] {processor.py:186} INFO - Started process (PID=1491) to work on /home/airflow/.local/lib/python3.12/site-packages/airflow/example_dags/tutorial_dag.py
[2025-05-20T03:05:22.149+0000] {processor.py:914} INFO - Processing file /home/airflow/.local/lib/python3.12/site-packages/airflow/example_dags/tutorial_dag.py for tasks to queue
[2025-05-20T03:05:22.153+0000] {logging_mixin.py:190} INFO - [2025-05-20T03:05:22.152+0000] {dagbag.py:587} INFO - Filling up the DagBag from /home/airflow/.local/lib/python3.12/site-packages/airflow/example_dags/tutorial_dag.py
[2025-05-20T03:05:22.174+0000] {processor.py:925} INFO - DAG(s) 'tutorial_dag' retrieved from /home/airflow/.local/lib/python3.12/site-packages/airflow/example_dags/tutorial_dag.py
[2025-05-20T03:05:22.219+0000] {logging_mixin.py:190} INFO - [2025-05-20T03:05:22.219+0000] {dag.py:3229} INFO - Sync 1 DAGs
[2025-05-20T03:05:22.234+0000] {logging_mixin.py:190} INFO - [2025-05-20T03:05:22.234+0000] {dag.py:4156} INFO - Setting next_dagrun for tutorial_dag to None, run_after=None
[2025-05-20T03:05:22.280+0000] {processor.py:208} INFO - Processing /home/airflow/.local/lib/python3.12/site-packages/airflow/example_dags/tutorial_dag.py took 0.138 seconds
[2025-05-20T03:05:53.778+0000] {processor.py:186} INFO - Started process (PID=1554) to work on /home/airflow/.local/lib/python3.12/site-packages/airflow/example_dags/tutorial_dag.py
[2025-05-20T03:05:53.779+0000] {processor.py:914} INFO - Processing file /home/airflow/.local/lib/python3.12/site-packages/airflow/example_dags/tutorial_dag.py for tasks to queue
[2025-05-20T03:05:53.782+0000] {logging_mixin.py:190} INFO - [2025-05-20T03:05:53.782+0000] {dagbag.py:587} INFO - Filling up the DagBag from /home/airflow/.local/lib/python3.12/site-packages/airflow/example_dags/tutorial_dag.py
[2025-05-20T03:05:53.789+0000] {processor.py:925} INFO - DAG(s) 'tutorial_dag' retrieved from /home/airflow/.local/lib/python3.12/site-packages/airflow/example_dags/tutorial_dag.py
[2025-05-20T03:05:53.817+0000] {logging_mixin.py:190} INFO - [2025-05-20T03:05:53.817+0000] {dag.py:3229} INFO - Sync 1 DAGs
[2025-05-20T03:05:53.842+0000] {logging_mixin.py:190} INFO - [2025-05-20T03:05:53.841+0000] {dag.py:4156} INFO - Setting next_dagrun for tutorial_dag to None, run_after=None
[2025-05-20T03:05:53.890+0000] {processor.py:208} INFO - Processing /home/airflow/.local/lib/python3.12/site-packages/airflow/example_dags/tutorial_dag.py took 0.118 seconds
[2025-05-20T03:06:24.619+0000] {processor.py:186} INFO - Started process (PID=1617) to work on /home/airflow/.local/lib/python3.12/site-packages/airflow/example_dags/tutorial_dag.py
[2025-05-20T03:06:24.622+0000] {processor.py:914} INFO - Processing file /home/airflow/.local/lib/python3.12/site-packages/airflow/example_dags/tutorial_dag.py for tasks to queue
[2025-05-20T03:06:24.631+0000] {logging_mixin.py:190} INFO - [2025-05-20T03:06:24.629+0000] {dagbag.py:587} INFO - Filling up the DagBag from /home/airflow/.local/lib/python3.12/site-packages/airflow/example_dags/tutorial_dag.py
[2025-05-20T03:06:24.644+0000] {processor.py:925} INFO - DAG(s) 'tutorial_dag' retrieved from /home/airflow/.local/lib/python3.12/site-packages/airflow/example_dags/tutorial_dag.py
[2025-05-20T03:06:24.667+0000] {logging_mixin.py:190} INFO - [2025-05-20T03:06:24.666+0000] {dag.py:3229} INFO - Sync 1 DAGs
[2025-05-20T03:06:24.690+0000] {logging_mixin.py:190} INFO - [2025-05-20T03:06:24.689+0000] {dag.py:4156} INFO - Setting next_dagrun for tutorial_dag to None, run_after=None
[2025-05-20T03:06:24.754+0000] {processor.py:208} INFO - Processing /home/airflow/.local/lib/python3.12/site-packages/airflow/example_dags/tutorial_dag.py took 0.142 seconds
[2025-05-20T03:06:55.310+0000] {processor.py:186} INFO - Started process (PID=1680) to work on /home/airflow/.local/lib/python3.12/site-packages/airflow/example_dags/tutorial_dag.py
[2025-05-20T03:06:55.311+0000] {processor.py:914} INFO - Processing file /home/airflow/.local/lib/python3.12/site-packages/airflow/example_dags/tutorial_dag.py for tasks to queue
[2025-05-20T03:06:55.321+0000] {logging_mixin.py:190} INFO - [2025-05-20T03:06:55.321+0000] {dagbag.py:587} INFO - Filling up the DagBag from /home/airflow/.local/lib/python3.12/site-packages/airflow/example_dags/tutorial_dag.py
[2025-05-20T03:06:55.347+0000] {processor.py:925} INFO - DAG(s) 'tutorial_dag' retrieved from /home/airflow/.local/lib/python3.12/site-packages/airflow/example_dags/tutorial_dag.py
[2025-05-20T03:06:55.398+0000] {logging_mixin.py:190} INFO - [2025-05-20T03:06:55.398+0000] {dag.py:3229} INFO - Sync 1 DAGs
[2025-05-20T03:06:55.425+0000] {logging_mixin.py:190} INFO - [2025-05-20T03:06:55.425+0000] {dag.py:4156} INFO - Setting next_dagrun for tutorial_dag to None, run_after=None
[2025-05-20T03:06:55.493+0000] {processor.py:208} INFO - Processing /home/airflow/.local/lib/python3.12/site-packages/airflow/example_dags/tutorial_dag.py took 0.188 seconds
[2025-05-20T03:07:25.721+0000] {processor.py:186} INFO - Started process (PID=1743) to work on /home/airflow/.local/lib/python3.12/site-packages/airflow/example_dags/tutorial_dag.py
[2025-05-20T03:07:25.724+0000] {processor.py:914} INFO - Processing file /home/airflow/.local/lib/python3.12/site-packages/airflow/example_dags/tutorial_dag.py for tasks to queue
[2025-05-20T03:07:25.731+0000] {logging_mixin.py:190} INFO - [2025-05-20T03:07:25.729+0000] {dagbag.py:587} INFO - Filling up the DagBag from /home/airflow/.local/lib/python3.12/site-packages/airflow/example_dags/tutorial_dag.py
[2025-05-20T03:07:25.744+0000] {processor.py:925} INFO - DAG(s) 'tutorial_dag' retrieved from /home/airflow/.local/lib/python3.12/site-packages/airflow/example_dags/tutorial_dag.py
[2025-05-20T03:07:25.804+0000] {logging_mixin.py:190} INFO - [2025-05-20T03:07:25.803+0000] {dag.py:3229} INFO - Sync 1 DAGs
[2025-05-20T03:07:25.834+0000] {logging_mixin.py:190} INFO - [2025-05-20T03:07:25.833+0000] {dag.py:4156} INFO - Setting next_dagrun for tutorial_dag to None, run_after=None
[2025-05-20T03:07:25.895+0000] {processor.py:208} INFO - Processing /home/airflow/.local/lib/python3.12/site-packages/airflow/example_dags/tutorial_dag.py took 0.179 seconds
[2025-05-20T03:07:56.777+0000] {processor.py:186} INFO - Started process (PID=1810) to work on /home/airflow/.local/lib/python3.12/site-packages/airflow/example_dags/tutorial_dag.py
[2025-05-20T03:07:56.779+0000] {processor.py:914} INFO - Processing file /home/airflow/.local/lib/python3.12/site-packages/airflow/example_dags/tutorial_dag.py for tasks to queue
[2025-05-20T03:07:56.782+0000] {logging_mixin.py:190} INFO - [2025-05-20T03:07:56.782+0000] {dagbag.py:587} INFO - Filling up the DagBag from /home/airflow/.local/lib/python3.12/site-packages/airflow/example_dags/tutorial_dag.py
[2025-05-20T03:07:56.798+0000] {processor.py:925} INFO - DAG(s) 'tutorial_dag' retrieved from /home/airflow/.local/lib/python3.12/site-packages/airflow/example_dags/tutorial_dag.py
[2025-05-20T03:07:56.870+0000] {logging_mixin.py:190} INFO - [2025-05-20T03:07:56.867+0000] {dag.py:3229} INFO - Sync 1 DAGs
[2025-05-20T03:07:56.904+0000] {logging_mixin.py:190} INFO - [2025-05-20T03:07:56.903+0000] {dag.py:4156} INFO - Setting next_dagrun for tutorial_dag to None, run_after=None
[2025-05-20T03:07:56.953+0000] {processor.py:208} INFO - Processing /home/airflow/.local/lib/python3.12/site-packages/airflow/example_dags/tutorial_dag.py took 0.180 seconds
[2025-05-20T03:08:27.726+0000] {processor.py:186} INFO - Started process (PID=1873) to work on /home/airflow/.local/lib/python3.12/site-packages/airflow/example_dags/tutorial_dag.py
[2025-05-20T03:08:27.728+0000] {processor.py:914} INFO - Processing file /home/airflow/.local/lib/python3.12/site-packages/airflow/example_dags/tutorial_dag.py for tasks to queue
[2025-05-20T03:08:27.733+0000] {logging_mixin.py:190} INFO - [2025-05-20T03:08:27.733+0000] {dagbag.py:587} INFO - Filling up the DagBag from /home/airflow/.local/lib/python3.12/site-packages/airflow/example_dags/tutorial_dag.py
[2025-05-20T03:08:27.747+0000] {processor.py:925} INFO - DAG(s) 'tutorial_dag' retrieved from /home/airflow/.local/lib/python3.12/site-packages/airflow/example_dags/tutorial_dag.py
[2025-05-20T03:08:27.789+0000] {logging_mixin.py:190} INFO - [2025-05-20T03:08:27.789+0000] {dag.py:3229} INFO - Sync 1 DAGs
[2025-05-20T03:08:27.824+0000] {logging_mixin.py:190} INFO - [2025-05-20T03:08:27.823+0000] {dag.py:4156} INFO - Setting next_dagrun for tutorial_dag to None, run_after=None
[2025-05-20T03:08:27.893+0000] {processor.py:208} INFO - Processing /home/airflow/.local/lib/python3.12/site-packages/airflow/example_dags/tutorial_dag.py took 0.172 seconds
[2025-05-20T03:08:58.627+0000] {processor.py:186} INFO - Started process (PID=1936) to work on /home/airflow/.local/lib/python3.12/site-packages/airflow/example_dags/tutorial_dag.py
[2025-05-20T03:08:58.629+0000] {processor.py:914} INFO - Processing file /home/airflow/.local/lib/python3.12/site-packages/airflow/example_dags/tutorial_dag.py for tasks to queue
[2025-05-20T03:08:58.633+0000] {logging_mixin.py:190} INFO - [2025-05-20T03:08:58.632+0000] {dagbag.py:587} INFO - Filling up the DagBag from /home/airflow/.local/lib/python3.12/site-packages/airflow/example_dags/tutorial_dag.py
[2025-05-20T03:08:58.645+0000] {processor.py:925} INFO - DAG(s) 'tutorial_dag' retrieved from /home/airflow/.local/lib/python3.12/site-packages/airflow/example_dags/tutorial_dag.py
[2025-05-20T03:08:58.692+0000] {logging_mixin.py:190} INFO - [2025-05-20T03:08:58.691+0000] {dag.py:3229} INFO - Sync 1 DAGs
[2025-05-20T03:08:58.704+0000] {logging_mixin.py:190} INFO - [2025-05-20T03:08:58.703+0000] {dag.py:4156} INFO - Setting next_dagrun for tutorial_dag to None, run_after=None
[2025-05-20T03:08:58.743+0000] {processor.py:208} INFO - Processing /home/airflow/.local/lib/python3.12/site-packages/airflow/example_dags/tutorial_dag.py took 0.122 seconds
[2025-05-20T03:09:29.437+0000] {processor.py:186} INFO - Started process (PID=2000) to work on /home/airflow/.local/lib/python3.12/site-packages/airflow/example_dags/tutorial_dag.py
[2025-05-20T03:09:29.439+0000] {processor.py:914} INFO - Processing file /home/airflow/.local/lib/python3.12/site-packages/airflow/example_dags/tutorial_dag.py for tasks to queue
[2025-05-20T03:09:29.449+0000] {logging_mixin.py:190} INFO - [2025-05-20T03:09:29.447+0000] {dagbag.py:587} INFO - Filling up the DagBag from /home/airflow/.local/lib/python3.12/site-packages/airflow/example_dags/tutorial_dag.py
[2025-05-20T03:09:29.480+0000] {processor.py:925} INFO - DAG(s) 'tutorial_dag' retrieved from /home/airflow/.local/lib/python3.12/site-packages/airflow/example_dags/tutorial_dag.py
[2025-05-20T03:09:29.545+0000] {logging_mixin.py:190} INFO - [2025-05-20T03:09:29.541+0000] {dag.py:3229} INFO - Sync 1 DAGs
[2025-05-20T03:09:29.569+0000] {logging_mixin.py:190} INFO - [2025-05-20T03:09:29.569+0000] {dag.py:4156} INFO - Setting next_dagrun for tutorial_dag to None, run_after=None
[2025-05-20T03:09:29.589+0000] {processor.py:208} INFO - Processing /home/airflow/.local/lib/python3.12/site-packages/airflow/example_dags/tutorial_dag.py took 0.157 seconds
[2025-05-20T03:10:01.645+0000] {processor.py:186} INFO - Started process (PID=2063) to work on /home/airflow/.local/lib/python3.12/site-packages/airflow/example_dags/tutorial_dag.py
[2025-05-20T03:10:01.647+0000] {processor.py:914} INFO - Processing file /home/airflow/.local/lib/python3.12/site-packages/airflow/example_dags/tutorial_dag.py for tasks to queue
[2025-05-20T03:10:01.657+0000] {logging_mixin.py:190} INFO - [2025-05-20T03:10:01.654+0000] {dagbag.py:587} INFO - Filling up the DagBag from /home/airflow/.local/lib/python3.12/site-packages/airflow/example_dags/tutorial_dag.py
[2025-05-20T03:10:01.683+0000] {processor.py:925} INFO - DAG(s) 'tutorial_dag' retrieved from /home/airflow/.local/lib/python3.12/site-packages/airflow/example_dags/tutorial_dag.py
[2025-05-20T03:10:01.757+0000] {logging_mixin.py:190} INFO - [2025-05-20T03:10:01.746+0000] {dag.py:3229} INFO - Sync 1 DAGs
[2025-05-20T03:10:01.776+0000] {logging_mixin.py:190} INFO - [2025-05-20T03:10:01.776+0000] {dag.py:4156} INFO - Setting next_dagrun for tutorial_dag to None, run_after=None
[2025-05-20T03:10:01.858+0000] {processor.py:208} INFO - Processing /home/airflow/.local/lib/python3.12/site-packages/airflow/example_dags/tutorial_dag.py took 0.232 seconds
[2025-05-20T03:10:32.308+0000] {processor.py:186} INFO - Started process (PID=2126) to work on /home/airflow/.local/lib/python3.12/site-packages/airflow/example_dags/tutorial_dag.py
[2025-05-20T03:10:32.310+0000] {processor.py:914} INFO - Processing file /home/airflow/.local/lib/python3.12/site-packages/airflow/example_dags/tutorial_dag.py for tasks to queue
[2025-05-20T03:10:32.315+0000] {logging_mixin.py:190} INFO - [2025-05-20T03:10:32.314+0000] {dagbag.py:587} INFO - Filling up the DagBag from /home/airflow/.local/lib/python3.12/site-packages/airflow/example_dags/tutorial_dag.py
[2025-05-20T03:10:32.338+0000] {processor.py:925} INFO - DAG(s) 'tutorial_dag' retrieved from /home/airflow/.local/lib/python3.12/site-packages/airflow/example_dags/tutorial_dag.py
[2025-05-20T03:10:32.365+0000] {logging_mixin.py:190} INFO - [2025-05-20T03:10:32.364+0000] {dag.py:3229} INFO - Sync 1 DAGs
[2025-05-20T03:10:32.408+0000] {logging_mixin.py:190} INFO - [2025-05-20T03:10:32.408+0000] {dag.py:4156} INFO - Setting next_dagrun for tutorial_dag to None, run_after=None
[2025-05-20T03:10:32.487+0000] {processor.py:208} INFO - Processing /home/airflow/.local/lib/python3.12/site-packages/airflow/example_dags/tutorial_dag.py took 0.182 seconds
[2025-05-20T03:11:03.953+0000] {processor.py:186} INFO - Started process (PID=2188) to work on /home/airflow/.local/lib/python3.12/site-packages/airflow/example_dags/tutorial_dag.py
[2025-05-20T03:11:03.954+0000] {processor.py:914} INFO - Processing file /home/airflow/.local/lib/python3.12/site-packages/airflow/example_dags/tutorial_dag.py for tasks to queue
[2025-05-20T03:11:03.957+0000] {logging_mixin.py:190} INFO - [2025-05-20T03:11:03.957+0000] {dagbag.py:587} INFO - Filling up the DagBag from /home/airflow/.local/lib/python3.12/site-packages/airflow/example_dags/tutorial_dag.py
[2025-05-20T03:11:03.974+0000] {processor.py:925} INFO - DAG(s) 'tutorial_dag' retrieved from /home/airflow/.local/lib/python3.12/site-packages/airflow/example_dags/tutorial_dag.py
[2025-05-20T03:11:04.046+0000] {logging_mixin.py:190} INFO - [2025-05-20T03:11:04.046+0000] {dag.py:3229} INFO - Sync 1 DAGs
[2025-05-20T03:11:04.063+0000] {logging_mixin.py:190} INFO - [2025-05-20T03:11:04.062+0000] {dag.py:4156} INFO - Setting next_dagrun for tutorial_dag to None, run_after=None
[2025-05-20T03:11:04.128+0000] {processor.py:208} INFO - Processing /home/airflow/.local/lib/python3.12/site-packages/airflow/example_dags/tutorial_dag.py took 0.180 seconds
