[2025-05-20T02:51:03.304+0000] {processor.py:186} INFO - Started process (PID=108) to work on /home/airflow/.local/lib/python3.12/site-packages/airflow/example_dags/tutorial_taskflow_api.py
[2025-05-20T02:51:03.306+0000] {processor.py:914} INFO - Processing file /home/airflow/.local/lib/python3.12/site-packages/airflow/example_dags/tutorial_taskflow_api.py for tasks to queue
[2025-05-20T02:51:03.313+0000] {logging_mixin.py:190} INFO - [2025-05-20T02:51:03.312+0000] {dagbag.py:587} INFO - Filling up the DagBag from /home/airflow/.local/lib/python3.12/site-packages/airflow/example_dags/tutorial_taskflow_api.py
[2025-05-20T02:51:03.335+0000] {processor.py:925} INFO - DAG(s) 'tutorial_taskflow_api' retrieved from /home/airflow/.local/lib/python3.12/site-packages/airflow/example_dags/tutorial_taskflow_api.py
[2025-05-20T02:51:03.494+0000] {logging_mixin.py:190} INFO - [2025-05-20T02:51:03.493+0000] {override.py:1900} INFO - Created Permission View: can read on DAG:tutorial_taskflow_api
[2025-05-20T02:51:03.528+0000] {logging_mixin.py:190} INFO - [2025-05-20T02:51:03.528+0000] {override.py:1900} INFO - Created Permission View: can delete on DAG:tutorial_taskflow_api
[2025-05-20T02:51:03.542+0000] {logging_mixin.py:190} INFO - [2025-05-20T02:51:03.541+0000] {override.py:1900} INFO - Created Permission View: can edit on DAG:tutorial_taskflow_api
[2025-05-20T02:51:03.552+0000] {logging_mixin.py:190} INFO - [2025-05-20T02:51:03.552+0000] {override.py:1900} INFO - Created Permission View: can read on DAG Run:tutorial_taskflow_api
[2025-05-20T02:51:03.563+0000] {logging_mixin.py:190} INFO - [2025-05-20T02:51:03.563+0000] {override.py:1900} INFO - Created Permission View: can delete on DAG Run:tutorial_taskflow_api
[2025-05-20T02:51:03.581+0000] {logging_mixin.py:190} INFO - [2025-05-20T02:51:03.580+0000] {override.py:1900} INFO - Created Permission View: can create on DAG Run:tutorial_taskflow_api
[2025-05-20T02:51:03.616+0000] {logging_mixin.py:190} INFO - [2025-05-20T02:51:03.615+0000] {override.py:1900} INFO - Created Permission View: menu access on DAG Run:tutorial_taskflow_api
[2025-05-20T02:51:03.617+0000] {logging_mixin.py:190} INFO - [2025-05-20T02:51:03.616+0000] {dag.py:3229} INFO - Sync 1 DAGs
[2025-05-20T02:51:03.656+0000] {logging_mixin.py:190} INFO - [2025-05-20T02:51:03.655+0000] {dag.py:3252} INFO - Creating ORM DAG for tutorial_taskflow_api
[2025-05-20T02:51:03.657+0000] {logging_mixin.py:190} INFO - [2025-05-20T02:51:03.657+0000] {dag.py:4156} INFO - Setting next_dagrun for tutorial_taskflow_api to None, run_after=None
[2025-05-20T02:51:03.706+0000] {processor.py:208} INFO - Processing /home/airflow/.local/lib/python3.12/site-packages/airflow/example_dags/tutorial_taskflow_api.py took 0.406 seconds
[2025-05-20T02:51:34.636+0000] {processor.py:186} INFO - Started process (PID=170) to work on /home/airflow/.local/lib/python3.12/site-packages/airflow/example_dags/tutorial_taskflow_api.py
[2025-05-20T02:51:34.638+0000] {processor.py:914} INFO - Processing file /home/airflow/.local/lib/python3.12/site-packages/airflow/example_dags/tutorial_taskflow_api.py for tasks to queue
[2025-05-20T02:51:34.642+0000] {logging_mixin.py:190} INFO - [2025-05-20T02:51:34.641+0000] {dagbag.py:587} INFO - Filling up the DagBag from /home/airflow/.local/lib/python3.12/site-packages/airflow/example_dags/tutorial_taskflow_api.py
[2025-05-20T02:51:34.658+0000] {processor.py:925} INFO - DAG(s) 'tutorial_taskflow_api' retrieved from /home/airflow/.local/lib/python3.12/site-packages/airflow/example_dags/tutorial_taskflow_api.py
[2025-05-20T02:51:34.737+0000] {logging_mixin.py:190} INFO - [2025-05-20T02:51:34.737+0000] {dag.py:3229} INFO - Sync 1 DAGs
[2025-05-20T02:51:34.755+0000] {logging_mixin.py:190} INFO - [2025-05-20T02:51:34.755+0000] {dag.py:4156} INFO - Setting next_dagrun for tutorial_taskflow_api to None, run_after=None
[2025-05-20T02:51:34.825+0000] {processor.py:208} INFO - Processing /home/airflow/.local/lib/python3.12/site-packages/airflow/example_dags/tutorial_taskflow_api.py took 0.196 seconds
[2025-05-20T02:52:04.882+0000] {processor.py:186} INFO - Started process (PID=232) to work on /home/airflow/.local/lib/python3.12/site-packages/airflow/example_dags/tutorial_taskflow_api.py
[2025-05-20T02:52:04.883+0000] {processor.py:914} INFO - Processing file /home/airflow/.local/lib/python3.12/site-packages/airflow/example_dags/tutorial_taskflow_api.py for tasks to queue
[2025-05-20T02:52:04.885+0000] {logging_mixin.py:190} INFO - [2025-05-20T02:52:04.884+0000] {dagbag.py:587} INFO - Filling up the DagBag from /home/airflow/.local/lib/python3.12/site-packages/airflow/example_dags/tutorial_taskflow_api.py
[2025-05-20T02:52:04.911+0000] {processor.py:925} INFO - DAG(s) 'tutorial_taskflow_api' retrieved from /home/airflow/.local/lib/python3.12/site-packages/airflow/example_dags/tutorial_taskflow_api.py
[2025-05-20T02:52:04.953+0000] {logging_mixin.py:190} INFO - [2025-05-20T02:52:04.952+0000] {dag.py:3229} INFO - Sync 1 DAGs
[2025-05-20T02:52:04.979+0000] {logging_mixin.py:190} INFO - [2025-05-20T02:52:04.979+0000] {dag.py:4156} INFO - Setting next_dagrun for tutorial_taskflow_api to None, run_after=None
[2025-05-20T02:52:05.024+0000] {processor.py:208} INFO - Processing /home/airflow/.local/lib/python3.12/site-packages/airflow/example_dags/tutorial_taskflow_api.py took 0.146 seconds
[2025-05-20T02:54:02.043+0000] {processor.py:186} INFO - Started process (PID=109) to work on /home/airflow/.local/lib/python3.12/site-packages/airflow/example_dags/tutorial_taskflow_api.py
[2025-05-20T02:54:02.047+0000] {processor.py:914} INFO - Processing file /home/airflow/.local/lib/python3.12/site-packages/airflow/example_dags/tutorial_taskflow_api.py for tasks to queue
[2025-05-20T02:54:02.061+0000] {logging_mixin.py:190} INFO - [2025-05-20T02:54:02.059+0000] {dagbag.py:587} INFO - Filling up the DagBag from /home/airflow/.local/lib/python3.12/site-packages/airflow/example_dags/tutorial_taskflow_api.py
[2025-05-20T02:54:02.076+0000] {processor.py:925} INFO - DAG(s) 'tutorial_taskflow_api' retrieved from /home/airflow/.local/lib/python3.12/site-packages/airflow/example_dags/tutorial_taskflow_api.py
[2025-05-20T02:54:02.149+0000] {logging_mixin.py:190} INFO - [2025-05-20T02:54:02.148+0000] {dag.py:3229} INFO - Sync 1 DAGs
[2025-05-20T02:54:02.166+0000] {logging_mixin.py:190} INFO - [2025-05-20T02:54:02.166+0000] {dag.py:4156} INFO - Setting next_dagrun for tutorial_taskflow_api to None, run_after=None
[2025-05-20T02:54:02.249+0000] {processor.py:208} INFO - Processing /home/airflow/.local/lib/python3.12/site-packages/airflow/example_dags/tutorial_taskflow_api.py took 0.210 seconds
[2025-05-20T02:54:32.746+0000] {processor.py:186} INFO - Started process (PID=172) to work on /home/airflow/.local/lib/python3.12/site-packages/airflow/example_dags/tutorial_taskflow_api.py
[2025-05-20T02:54:32.747+0000] {processor.py:914} INFO - Processing file /home/airflow/.local/lib/python3.12/site-packages/airflow/example_dags/tutorial_taskflow_api.py for tasks to queue
[2025-05-20T02:54:32.753+0000] {logging_mixin.py:190} INFO - [2025-05-20T02:54:32.753+0000] {dagbag.py:587} INFO - Filling up the DagBag from /home/airflow/.local/lib/python3.12/site-packages/airflow/example_dags/tutorial_taskflow_api.py
[2025-05-20T02:54:32.767+0000] {processor.py:925} INFO - DAG(s) 'tutorial_taskflow_api' retrieved from /home/airflow/.local/lib/python3.12/site-packages/airflow/example_dags/tutorial_taskflow_api.py
[2025-05-20T02:54:32.809+0000] {logging_mixin.py:190} INFO - [2025-05-20T02:54:32.807+0000] {dag.py:3229} INFO - Sync 1 DAGs
[2025-05-20T02:54:32.840+0000] {logging_mixin.py:190} INFO - [2025-05-20T02:54:32.840+0000] {dag.py:4156} INFO - Setting next_dagrun for tutorial_taskflow_api to None, run_after=None
[2025-05-20T02:54:32.895+0000] {processor.py:208} INFO - Processing /home/airflow/.local/lib/python3.12/site-packages/airflow/example_dags/tutorial_taskflow_api.py took 0.155 seconds
[2025-05-20T02:55:04.499+0000] {processor.py:186} INFO - Started process (PID=235) to work on /home/airflow/.local/lib/python3.12/site-packages/airflow/example_dags/tutorial_taskflow_api.py
[2025-05-20T02:55:04.502+0000] {processor.py:914} INFO - Processing file /home/airflow/.local/lib/python3.12/site-packages/airflow/example_dags/tutorial_taskflow_api.py for tasks to queue
[2025-05-20T02:55:04.514+0000] {logging_mixin.py:190} INFO - [2025-05-20T02:55:04.513+0000] {dagbag.py:587} INFO - Filling up the DagBag from /home/airflow/.local/lib/python3.12/site-packages/airflow/example_dags/tutorial_taskflow_api.py
[2025-05-20T02:55:04.562+0000] {processor.py:925} INFO - DAG(s) 'tutorial_taskflow_api' retrieved from /home/airflow/.local/lib/python3.12/site-packages/airflow/example_dags/tutorial_taskflow_api.py
[2025-05-20T02:55:04.608+0000] {logging_mixin.py:190} INFO - [2025-05-20T02:55:04.608+0000] {dag.py:3229} INFO - Sync 1 DAGs
[2025-05-20T02:55:04.627+0000] {logging_mixin.py:190} INFO - [2025-05-20T02:55:04.627+0000] {dag.py:4156} INFO - Setting next_dagrun for tutorial_taskflow_api to None, run_after=None
[2025-05-20T02:55:04.701+0000] {processor.py:208} INFO - Processing /home/airflow/.local/lib/python3.12/site-packages/airflow/example_dags/tutorial_taskflow_api.py took 0.206 seconds
[2025-05-20T02:55:34.958+0000] {processor.py:186} INFO - Started process (PID=298) to work on /home/airflow/.local/lib/python3.12/site-packages/airflow/example_dags/tutorial_taskflow_api.py
[2025-05-20T02:55:34.959+0000] {processor.py:914} INFO - Processing file /home/airflow/.local/lib/python3.12/site-packages/airflow/example_dags/tutorial_taskflow_api.py for tasks to queue
[2025-05-20T02:55:34.961+0000] {logging_mixin.py:190} INFO - [2025-05-20T02:55:34.961+0000] {dagbag.py:587} INFO - Filling up the DagBag from /home/airflow/.local/lib/python3.12/site-packages/airflow/example_dags/tutorial_taskflow_api.py
[2025-05-20T02:55:34.979+0000] {processor.py:925} INFO - DAG(s) 'tutorial_taskflow_api' retrieved from /home/airflow/.local/lib/python3.12/site-packages/airflow/example_dags/tutorial_taskflow_api.py
[2025-05-20T02:55:35.031+0000] {logging_mixin.py:190} INFO - [2025-05-20T02:55:35.028+0000] {dag.py:3229} INFO - Sync 1 DAGs
[2025-05-20T02:55:35.076+0000] {logging_mixin.py:190} INFO - [2025-05-20T02:55:35.068+0000] {dag.py:4156} INFO - Setting next_dagrun for tutorial_taskflow_api to None, run_after=None
[2025-05-20T02:55:35.192+0000] {processor.py:208} INFO - Processing /home/airflow/.local/lib/python3.12/site-packages/airflow/example_dags/tutorial_taskflow_api.py took 0.238 seconds
[2025-05-20T02:56:06.294+0000] {processor.py:186} INFO - Started process (PID=361) to work on /home/airflow/.local/lib/python3.12/site-packages/airflow/example_dags/tutorial_taskflow_api.py
[2025-05-20T02:56:06.296+0000] {processor.py:914} INFO - Processing file /home/airflow/.local/lib/python3.12/site-packages/airflow/example_dags/tutorial_taskflow_api.py for tasks to queue
[2025-05-20T02:56:06.301+0000] {logging_mixin.py:190} INFO - [2025-05-20T02:56:06.300+0000] {dagbag.py:587} INFO - Filling up the DagBag from /home/airflow/.local/lib/python3.12/site-packages/airflow/example_dags/tutorial_taskflow_api.py
[2025-05-20T02:56:06.322+0000] {processor.py:925} INFO - DAG(s) 'tutorial_taskflow_api' retrieved from /home/airflow/.local/lib/python3.12/site-packages/airflow/example_dags/tutorial_taskflow_api.py
[2025-05-20T02:56:06.436+0000] {logging_mixin.py:190} INFO - [2025-05-20T02:56:06.435+0000] {dag.py:3229} INFO - Sync 1 DAGs
[2025-05-20T02:56:06.450+0000] {logging_mixin.py:190} INFO - [2025-05-20T02:56:06.449+0000] {dag.py:4156} INFO - Setting next_dagrun for tutorial_taskflow_api to None, run_after=None
[2025-05-20T02:56:06.525+0000] {processor.py:208} INFO - Processing /home/airflow/.local/lib/python3.12/site-packages/airflow/example_dags/tutorial_taskflow_api.py took 0.235 seconds
[2025-05-20T02:56:38.629+0000] {processor.py:186} INFO - Started process (PID=424) to work on /home/airflow/.local/lib/python3.12/site-packages/airflow/example_dags/tutorial_taskflow_api.py
[2025-05-20T02:56:38.630+0000] {processor.py:914} INFO - Processing file /home/airflow/.local/lib/python3.12/site-packages/airflow/example_dags/tutorial_taskflow_api.py for tasks to queue
[2025-05-20T02:56:38.633+0000] {logging_mixin.py:190} INFO - [2025-05-20T02:56:38.633+0000] {dagbag.py:587} INFO - Filling up the DagBag from /home/airflow/.local/lib/python3.12/site-packages/airflow/example_dags/tutorial_taskflow_api.py
[2025-05-20T02:56:38.693+0000] {processor.py:925} INFO - DAG(s) 'tutorial_taskflow_api' retrieved from /home/airflow/.local/lib/python3.12/site-packages/airflow/example_dags/tutorial_taskflow_api.py
[2025-05-20T02:56:38.765+0000] {logging_mixin.py:190} INFO - [2025-05-20T02:56:38.764+0000] {dag.py:3229} INFO - Sync 1 DAGs
[2025-05-20T02:56:38.783+0000] {logging_mixin.py:190} INFO - [2025-05-20T02:56:38.783+0000] {dag.py:4156} INFO - Setting next_dagrun for tutorial_taskflow_api to None, run_after=None
[2025-05-20T02:56:38.829+0000] {processor.py:208} INFO - Processing /home/airflow/.local/lib/python3.12/site-packages/airflow/example_dags/tutorial_taskflow_api.py took 0.204 seconds
[2025-05-20T02:57:09.605+0000] {processor.py:186} INFO - Started process (PID=488) to work on /home/airflow/.local/lib/python3.12/site-packages/airflow/example_dags/tutorial_taskflow_api.py
[2025-05-20T02:57:09.608+0000] {processor.py:914} INFO - Processing file /home/airflow/.local/lib/python3.12/site-packages/airflow/example_dags/tutorial_taskflow_api.py for tasks to queue
[2025-05-20T02:57:09.619+0000] {logging_mixin.py:190} INFO - [2025-05-20T02:57:09.616+0000] {dagbag.py:587} INFO - Filling up the DagBag from /home/airflow/.local/lib/python3.12/site-packages/airflow/example_dags/tutorial_taskflow_api.py
[2025-05-20T02:57:09.644+0000] {processor.py:925} INFO - DAG(s) 'tutorial_taskflow_api' retrieved from /home/airflow/.local/lib/python3.12/site-packages/airflow/example_dags/tutorial_taskflow_api.py
[2025-05-20T02:57:09.703+0000] {logging_mixin.py:190} INFO - [2025-05-20T02:57:09.703+0000] {dag.py:3229} INFO - Sync 1 DAGs
[2025-05-20T02:57:09.723+0000] {logging_mixin.py:190} INFO - [2025-05-20T02:57:09.723+0000] {dag.py:4156} INFO - Setting next_dagrun for tutorial_taskflow_api to None, run_after=None
[2025-05-20T02:57:09.804+0000] {processor.py:208} INFO - Processing /home/airflow/.local/lib/python3.12/site-packages/airflow/example_dags/tutorial_taskflow_api.py took 0.202 seconds
[2025-05-20T02:57:40.523+0000] {processor.py:186} INFO - Started process (PID=551) to work on /home/airflow/.local/lib/python3.12/site-packages/airflow/example_dags/tutorial_taskflow_api.py
[2025-05-20T02:57:40.525+0000] {processor.py:914} INFO - Processing file /home/airflow/.local/lib/python3.12/site-packages/airflow/example_dags/tutorial_taskflow_api.py for tasks to queue
[2025-05-20T02:57:40.529+0000] {logging_mixin.py:190} INFO - [2025-05-20T02:57:40.528+0000] {dagbag.py:587} INFO - Filling up the DagBag from /home/airflow/.local/lib/python3.12/site-packages/airflow/example_dags/tutorial_taskflow_api.py
[2025-05-20T02:57:40.546+0000] {processor.py:925} INFO - DAG(s) 'tutorial_taskflow_api' retrieved from /home/airflow/.local/lib/python3.12/site-packages/airflow/example_dags/tutorial_taskflow_api.py
[2025-05-20T02:57:40.590+0000] {logging_mixin.py:190} INFO - [2025-05-20T02:57:40.590+0000] {dag.py:3229} INFO - Sync 1 DAGs
[2025-05-20T02:57:40.621+0000] {logging_mixin.py:190} INFO - [2025-05-20T02:57:40.621+0000] {dag.py:4156} INFO - Setting next_dagrun for tutorial_taskflow_api to None, run_after=None
[2025-05-20T02:57:40.668+0000] {processor.py:208} INFO - Processing /home/airflow/.local/lib/python3.12/site-packages/airflow/example_dags/tutorial_taskflow_api.py took 0.151 seconds
[2025-05-20T02:58:11.429+0000] {processor.py:186} INFO - Started process (PID=614) to work on /home/airflow/.local/lib/python3.12/site-packages/airflow/example_dags/tutorial_taskflow_api.py
[2025-05-20T02:58:11.433+0000] {processor.py:914} INFO - Processing file /home/airflow/.local/lib/python3.12/site-packages/airflow/example_dags/tutorial_taskflow_api.py for tasks to queue
[2025-05-20T02:58:11.440+0000] {logging_mixin.py:190} INFO - [2025-05-20T02:58:11.439+0000] {dagbag.py:587} INFO - Filling up the DagBag from /home/airflow/.local/lib/python3.12/site-packages/airflow/example_dags/tutorial_taskflow_api.py
[2025-05-20T02:58:11.453+0000] {processor.py:925} INFO - DAG(s) 'tutorial_taskflow_api' retrieved from /home/airflow/.local/lib/python3.12/site-packages/airflow/example_dags/tutorial_taskflow_api.py
[2025-05-20T02:58:11.502+0000] {logging_mixin.py:190} INFO - [2025-05-20T02:58:11.502+0000] {dag.py:3229} INFO - Sync 1 DAGs
[2025-05-20T02:58:11.530+0000] {logging_mixin.py:190} INFO - [2025-05-20T02:58:11.529+0000] {dag.py:4156} INFO - Setting next_dagrun for tutorial_taskflow_api to None, run_after=None
[2025-05-20T02:58:11.575+0000] {processor.py:208} INFO - Processing /home/airflow/.local/lib/python3.12/site-packages/airflow/example_dags/tutorial_taskflow_api.py took 0.151 seconds
[2025-05-20T02:58:41.648+0000] {processor.py:186} INFO - Started process (PID=677) to work on /home/airflow/.local/lib/python3.12/site-packages/airflow/example_dags/tutorial_taskflow_api.py
[2025-05-20T02:58:41.650+0000] {processor.py:914} INFO - Processing file /home/airflow/.local/lib/python3.12/site-packages/airflow/example_dags/tutorial_taskflow_api.py for tasks to queue
[2025-05-20T02:58:41.657+0000] {logging_mixin.py:190} INFO - [2025-05-20T02:58:41.656+0000] {dagbag.py:587} INFO - Filling up the DagBag from /home/airflow/.local/lib/python3.12/site-packages/airflow/example_dags/tutorial_taskflow_api.py
[2025-05-20T02:58:41.676+0000] {processor.py:925} INFO - DAG(s) 'tutorial_taskflow_api' retrieved from /home/airflow/.local/lib/python3.12/site-packages/airflow/example_dags/tutorial_taskflow_api.py
[2025-05-20T02:58:41.708+0000] {logging_mixin.py:190} INFO - [2025-05-20T02:58:41.707+0000] {dag.py:3229} INFO - Sync 1 DAGs
[2025-05-20T02:58:41.739+0000] {logging_mixin.py:190} INFO - [2025-05-20T02:58:41.738+0000] {dag.py:4156} INFO - Setting next_dagrun for tutorial_taskflow_api to None, run_after=None
[2025-05-20T02:58:41.782+0000] {processor.py:208} INFO - Processing /home/airflow/.local/lib/python3.12/site-packages/airflow/example_dags/tutorial_taskflow_api.py took 0.141 seconds
[2025-05-20T02:59:12.412+0000] {processor.py:186} INFO - Started process (PID=741) to work on /home/airflow/.local/lib/python3.12/site-packages/airflow/example_dags/tutorial_taskflow_api.py
[2025-05-20T02:59:12.415+0000] {processor.py:914} INFO - Processing file /home/airflow/.local/lib/python3.12/site-packages/airflow/example_dags/tutorial_taskflow_api.py for tasks to queue
[2025-05-20T02:59:12.439+0000] {logging_mixin.py:190} INFO - [2025-05-20T02:59:12.433+0000] {dagbag.py:587} INFO - Filling up the DagBag from /home/airflow/.local/lib/python3.12/site-packages/airflow/example_dags/tutorial_taskflow_api.py
[2025-05-20T02:59:12.479+0000] {processor.py:925} INFO - DAG(s) 'tutorial_taskflow_api' retrieved from /home/airflow/.local/lib/python3.12/site-packages/airflow/example_dags/tutorial_taskflow_api.py
[2025-05-20T02:59:12.607+0000] {logging_mixin.py:190} INFO - [2025-05-20T02:59:12.606+0000] {dag.py:3229} INFO - Sync 1 DAGs
[2025-05-20T02:59:12.640+0000] {logging_mixin.py:190} INFO - [2025-05-20T02:59:12.638+0000] {dag.py:4156} INFO - Setting next_dagrun for tutorial_taskflow_api to None, run_after=None
[2025-05-20T02:59:12.687+0000] {processor.py:208} INFO - Processing /home/airflow/.local/lib/python3.12/site-packages/airflow/example_dags/tutorial_taskflow_api.py took 0.281 seconds
[2025-05-20T02:59:42.881+0000] {processor.py:186} INFO - Started process (PID=804) to work on /home/airflow/.local/lib/python3.12/site-packages/airflow/example_dags/tutorial_taskflow_api.py
[2025-05-20T02:59:42.886+0000] {processor.py:914} INFO - Processing file /home/airflow/.local/lib/python3.12/site-packages/airflow/example_dags/tutorial_taskflow_api.py for tasks to queue
[2025-05-20T02:59:42.900+0000] {logging_mixin.py:190} INFO - [2025-05-20T02:59:42.900+0000] {dagbag.py:587} INFO - Filling up the DagBag from /home/airflow/.local/lib/python3.12/site-packages/airflow/example_dags/tutorial_taskflow_api.py
[2025-05-20T02:59:42.921+0000] {processor.py:925} INFO - DAG(s) 'tutorial_taskflow_api' retrieved from /home/airflow/.local/lib/python3.12/site-packages/airflow/example_dags/tutorial_taskflow_api.py
[2025-05-20T02:59:42.998+0000] {logging_mixin.py:190} INFO - [2025-05-20T02:59:42.997+0000] {dag.py:3229} INFO - Sync 1 DAGs
[2025-05-20T02:59:43.082+0000] {logging_mixin.py:190} INFO - [2025-05-20T02:59:43.082+0000] {dag.py:4156} INFO - Setting next_dagrun for tutorial_taskflow_api to None, run_after=None
[2025-05-20T02:59:43.160+0000] {processor.py:208} INFO - Processing /home/airflow/.local/lib/python3.12/site-packages/airflow/example_dags/tutorial_taskflow_api.py took 0.282 seconds
[2025-05-20T03:00:13.603+0000] {processor.py:186} INFO - Started process (PID=867) to work on /home/airflow/.local/lib/python3.12/site-packages/airflow/example_dags/tutorial_taskflow_api.py
[2025-05-20T03:00:13.606+0000] {processor.py:914} INFO - Processing file /home/airflow/.local/lib/python3.12/site-packages/airflow/example_dags/tutorial_taskflow_api.py for tasks to queue
[2025-05-20T03:00:13.617+0000] {logging_mixin.py:190} INFO - [2025-05-20T03:00:13.616+0000] {dagbag.py:587} INFO - Filling up the DagBag from /home/airflow/.local/lib/python3.12/site-packages/airflow/example_dags/tutorial_taskflow_api.py
[2025-05-20T03:00:13.647+0000] {processor.py:925} INFO - DAG(s) 'tutorial_taskflow_api' retrieved from /home/airflow/.local/lib/python3.12/site-packages/airflow/example_dags/tutorial_taskflow_api.py
[2025-05-20T03:00:13.766+0000] {logging_mixin.py:190} INFO - [2025-05-20T03:00:13.766+0000] {dag.py:3229} INFO - Sync 1 DAGs
[2025-05-20T03:00:13.798+0000] {logging_mixin.py:190} INFO - [2025-05-20T03:00:13.798+0000] {dag.py:4156} INFO - Setting next_dagrun for tutorial_taskflow_api to None, run_after=None
[2025-05-20T03:00:13.852+0000] {processor.py:208} INFO - Processing /home/airflow/.local/lib/python3.12/site-packages/airflow/example_dags/tutorial_taskflow_api.py took 0.252 seconds
[2025-05-20T03:00:44.382+0000] {processor.py:186} INFO - Started process (PID=930) to work on /home/airflow/.local/lib/python3.12/site-packages/airflow/example_dags/tutorial_taskflow_api.py
[2025-05-20T03:00:44.383+0000] {processor.py:914} INFO - Processing file /home/airflow/.local/lib/python3.12/site-packages/airflow/example_dags/tutorial_taskflow_api.py for tasks to queue
[2025-05-20T03:00:44.388+0000] {logging_mixin.py:190} INFO - [2025-05-20T03:00:44.387+0000] {dagbag.py:587} INFO - Filling up the DagBag from /home/airflow/.local/lib/python3.12/site-packages/airflow/example_dags/tutorial_taskflow_api.py
[2025-05-20T03:00:44.400+0000] {processor.py:925} INFO - DAG(s) 'tutorial_taskflow_api' retrieved from /home/airflow/.local/lib/python3.12/site-packages/airflow/example_dags/tutorial_taskflow_api.py
[2025-05-20T03:00:44.508+0000] {logging_mixin.py:190} INFO - [2025-05-20T03:00:44.508+0000] {dag.py:3229} INFO - Sync 1 DAGs
[2025-05-20T03:00:44.545+0000] {logging_mixin.py:190} INFO - [2025-05-20T03:00:44.544+0000] {dag.py:4156} INFO - Setting next_dagrun for tutorial_taskflow_api to None, run_after=None
[2025-05-20T03:00:44.608+0000] {processor.py:208} INFO - Processing /home/airflow/.local/lib/python3.12/site-packages/airflow/example_dags/tutorial_taskflow_api.py took 0.231 seconds
[2025-05-20T03:01:15.128+0000] {processor.py:186} INFO - Started process (PID=992) to work on /home/airflow/.local/lib/python3.12/site-packages/airflow/example_dags/tutorial_taskflow_api.py
[2025-05-20T03:01:15.130+0000] {processor.py:914} INFO - Processing file /home/airflow/.local/lib/python3.12/site-packages/airflow/example_dags/tutorial_taskflow_api.py for tasks to queue
[2025-05-20T03:01:15.133+0000] {logging_mixin.py:190} INFO - [2025-05-20T03:01:15.132+0000] {dagbag.py:587} INFO - Filling up the DagBag from /home/airflow/.local/lib/python3.12/site-packages/airflow/example_dags/tutorial_taskflow_api.py
[2025-05-20T03:01:15.163+0000] {processor.py:925} INFO - DAG(s) 'tutorial_taskflow_api' retrieved from /home/airflow/.local/lib/python3.12/site-packages/airflow/example_dags/tutorial_taskflow_api.py
[2025-05-20T03:01:15.235+0000] {logging_mixin.py:190} INFO - [2025-05-20T03:01:15.230+0000] {dag.py:3229} INFO - Sync 1 DAGs
[2025-05-20T03:01:15.286+0000] {logging_mixin.py:190} INFO - [2025-05-20T03:01:15.283+0000] {dag.py:4156} INFO - Setting next_dagrun for tutorial_taskflow_api to None, run_after=None
[2025-05-20T03:01:15.373+0000] {processor.py:208} INFO - Processing /home/airflow/.local/lib/python3.12/site-packages/airflow/example_dags/tutorial_taskflow_api.py took 0.249 seconds
[2025-05-20T03:01:46.074+0000] {processor.py:186} INFO - Started process (PID=1054) to work on /home/airflow/.local/lib/python3.12/site-packages/airflow/example_dags/tutorial_taskflow_api.py
[2025-05-20T03:01:46.079+0000] {processor.py:914} INFO - Processing file /home/airflow/.local/lib/python3.12/site-packages/airflow/example_dags/tutorial_taskflow_api.py for tasks to queue
[2025-05-20T03:01:46.083+0000] {logging_mixin.py:190} INFO - [2025-05-20T03:01:46.082+0000] {dagbag.py:587} INFO - Filling up the DagBag from /home/airflow/.local/lib/python3.12/site-packages/airflow/example_dags/tutorial_taskflow_api.py
[2025-05-20T03:01:46.101+0000] {processor.py:925} INFO - DAG(s) 'tutorial_taskflow_api' retrieved from /home/airflow/.local/lib/python3.12/site-packages/airflow/example_dags/tutorial_taskflow_api.py
[2025-05-20T03:01:46.147+0000] {logging_mixin.py:190} INFO - [2025-05-20T03:01:46.147+0000] {dag.py:3229} INFO - Sync 1 DAGs
[2025-05-20T03:01:46.187+0000] {logging_mixin.py:190} INFO - [2025-05-20T03:01:46.186+0000] {dag.py:4156} INFO - Setting next_dagrun for tutorial_taskflow_api to None, run_after=None
[2025-05-20T03:01:46.218+0000] {processor.py:208} INFO - Processing /home/airflow/.local/lib/python3.12/site-packages/airflow/example_dags/tutorial_taskflow_api.py took 0.150 seconds
[2025-05-20T03:02:16.573+0000] {processor.py:186} INFO - Started process (PID=1117) to work on /home/airflow/.local/lib/python3.12/site-packages/airflow/example_dags/tutorial_taskflow_api.py
[2025-05-20T03:02:16.575+0000] {processor.py:914} INFO - Processing file /home/airflow/.local/lib/python3.12/site-packages/airflow/example_dags/tutorial_taskflow_api.py for tasks to queue
[2025-05-20T03:02:16.579+0000] {logging_mixin.py:190} INFO - [2025-05-20T03:02:16.579+0000] {dagbag.py:587} INFO - Filling up the DagBag from /home/airflow/.local/lib/python3.12/site-packages/airflow/example_dags/tutorial_taskflow_api.py
[2025-05-20T03:02:16.605+0000] {processor.py:925} INFO - DAG(s) 'tutorial_taskflow_api' retrieved from /home/airflow/.local/lib/python3.12/site-packages/airflow/example_dags/tutorial_taskflow_api.py
[2025-05-20T03:02:16.635+0000] {logging_mixin.py:190} INFO - [2025-05-20T03:02:16.635+0000] {dag.py:3229} INFO - Sync 1 DAGs
[2025-05-20T03:02:16.674+0000] {logging_mixin.py:190} INFO - [2025-05-20T03:02:16.669+0000] {dag.py:4156} INFO - Setting next_dagrun for tutorial_taskflow_api to None, run_after=None
[2025-05-20T03:02:16.730+0000] {processor.py:208} INFO - Processing /home/airflow/.local/lib/python3.12/site-packages/airflow/example_dags/tutorial_taskflow_api.py took 0.160 seconds
[2025-05-20T03:02:47.113+0000] {processor.py:186} INFO - Started process (PID=1180) to work on /home/airflow/.local/lib/python3.12/site-packages/airflow/example_dags/tutorial_taskflow_api.py
[2025-05-20T03:02:47.115+0000] {processor.py:914} INFO - Processing file /home/airflow/.local/lib/python3.12/site-packages/airflow/example_dags/tutorial_taskflow_api.py for tasks to queue
[2025-05-20T03:02:47.123+0000] {logging_mixin.py:190} INFO - [2025-05-20T03:02:47.122+0000] {dagbag.py:587} INFO - Filling up the DagBag from /home/airflow/.local/lib/python3.12/site-packages/airflow/example_dags/tutorial_taskflow_api.py
[2025-05-20T03:02:47.147+0000] {processor.py:925} INFO - DAG(s) 'tutorial_taskflow_api' retrieved from /home/airflow/.local/lib/python3.12/site-packages/airflow/example_dags/tutorial_taskflow_api.py
[2025-05-20T03:02:47.205+0000] {logging_mixin.py:190} INFO - [2025-05-20T03:02:47.204+0000] {dag.py:3229} INFO - Sync 1 DAGs
[2025-05-20T03:02:47.268+0000] {logging_mixin.py:190} INFO - [2025-05-20T03:02:47.266+0000] {dag.py:4156} INFO - Setting next_dagrun for tutorial_taskflow_api to None, run_after=None
[2025-05-20T03:02:47.317+0000] {processor.py:208} INFO - Processing /home/airflow/.local/lib/python3.12/site-packages/airflow/example_dags/tutorial_taskflow_api.py took 0.210 seconds
[2025-05-20T03:03:17.674+0000] {processor.py:186} INFO - Started process (PID=1242) to work on /home/airflow/.local/lib/python3.12/site-packages/airflow/example_dags/tutorial_taskflow_api.py
[2025-05-20T03:03:17.682+0000] {processor.py:914} INFO - Processing file /home/airflow/.local/lib/python3.12/site-packages/airflow/example_dags/tutorial_taskflow_api.py for tasks to queue
[2025-05-20T03:03:17.704+0000] {logging_mixin.py:190} INFO - [2025-05-20T03:03:17.704+0000] {dagbag.py:587} INFO - Filling up the DagBag from /home/airflow/.local/lib/python3.12/site-packages/airflow/example_dags/tutorial_taskflow_api.py
[2025-05-20T03:03:17.716+0000] {processor.py:925} INFO - DAG(s) 'tutorial_taskflow_api' retrieved from /home/airflow/.local/lib/python3.12/site-packages/airflow/example_dags/tutorial_taskflow_api.py
[2025-05-20T03:03:17.765+0000] {logging_mixin.py:190} INFO - [2025-05-20T03:03:17.765+0000] {dag.py:3229} INFO - Sync 1 DAGs
[2025-05-20T03:03:17.799+0000] {logging_mixin.py:190} INFO - [2025-05-20T03:03:17.799+0000] {dag.py:4156} INFO - Setting next_dagrun for tutorial_taskflow_api to None, run_after=None
[2025-05-20T03:03:17.833+0000] {processor.py:208} INFO - Processing /home/airflow/.local/lib/python3.12/site-packages/airflow/example_dags/tutorial_taskflow_api.py took 0.164 seconds
[2025-05-20T03:03:47.891+0000] {processor.py:186} INFO - Started process (PID=1303) to work on /home/airflow/.local/lib/python3.12/site-packages/airflow/example_dags/tutorial_taskflow_api.py
[2025-05-20T03:03:47.894+0000] {processor.py:914} INFO - Processing file /home/airflow/.local/lib/python3.12/site-packages/airflow/example_dags/tutorial_taskflow_api.py for tasks to queue
[2025-05-20T03:03:47.904+0000] {logging_mixin.py:190} INFO - [2025-05-20T03:03:47.904+0000] {dagbag.py:587} INFO - Filling up the DagBag from /home/airflow/.local/lib/python3.12/site-packages/airflow/example_dags/tutorial_taskflow_api.py
[2025-05-20T03:03:47.945+0000] {processor.py:925} INFO - DAG(s) 'tutorial_taskflow_api' retrieved from /home/airflow/.local/lib/python3.12/site-packages/airflow/example_dags/tutorial_taskflow_api.py
[2025-05-20T03:03:48.007+0000] {logging_mixin.py:190} INFO - [2025-05-20T03:03:48.007+0000] {dag.py:3229} INFO - Sync 1 DAGs
[2025-05-20T03:03:48.039+0000] {logging_mixin.py:190} INFO - [2025-05-20T03:03:48.036+0000] {dag.py:4156} INFO - Setting next_dagrun for tutorial_taskflow_api to None, run_after=None
[2025-05-20T03:03:48.101+0000] {processor.py:208} INFO - Processing /home/airflow/.local/lib/python3.12/site-packages/airflow/example_dags/tutorial_taskflow_api.py took 0.214 seconds
[2025-05-20T03:04:19.399+0000] {processor.py:186} INFO - Started process (PID=1367) to work on /home/airflow/.local/lib/python3.12/site-packages/airflow/example_dags/tutorial_taskflow_api.py
[2025-05-20T03:04:19.401+0000] {processor.py:914} INFO - Processing file /home/airflow/.local/lib/python3.12/site-packages/airflow/example_dags/tutorial_taskflow_api.py for tasks to queue
[2025-05-20T03:04:19.408+0000] {logging_mixin.py:190} INFO - [2025-05-20T03:04:19.407+0000] {dagbag.py:587} INFO - Filling up the DagBag from /home/airflow/.local/lib/python3.12/site-packages/airflow/example_dags/tutorial_taskflow_api.py
[2025-05-20T03:04:19.435+0000] {processor.py:925} INFO - DAG(s) 'tutorial_taskflow_api' retrieved from /home/airflow/.local/lib/python3.12/site-packages/airflow/example_dags/tutorial_taskflow_api.py
[2025-05-20T03:04:19.511+0000] {logging_mixin.py:190} INFO - [2025-05-20T03:04:19.511+0000] {dag.py:3229} INFO - Sync 1 DAGs
[2025-05-20T03:04:19.570+0000] {logging_mixin.py:190} INFO - [2025-05-20T03:04:19.569+0000] {dag.py:4156} INFO - Setting next_dagrun for tutorial_taskflow_api to None, run_after=None
[2025-05-20T03:04:19.608+0000] {processor.py:208} INFO - Processing /home/airflow/.local/lib/python3.12/site-packages/airflow/example_dags/tutorial_taskflow_api.py took 0.215 seconds
[2025-05-20T03:04:50.454+0000] {processor.py:186} INFO - Started process (PID=1430) to work on /home/airflow/.local/lib/python3.12/site-packages/airflow/example_dags/tutorial_taskflow_api.py
[2025-05-20T03:04:50.457+0000] {processor.py:914} INFO - Processing file /home/airflow/.local/lib/python3.12/site-packages/airflow/example_dags/tutorial_taskflow_api.py for tasks to queue
[2025-05-20T03:04:50.465+0000] {logging_mixin.py:190} INFO - [2025-05-20T03:04:50.464+0000] {dagbag.py:587} INFO - Filling up the DagBag from /home/airflow/.local/lib/python3.12/site-packages/airflow/example_dags/tutorial_taskflow_api.py
[2025-05-20T03:04:50.479+0000] {processor.py:925} INFO - DAG(s) 'tutorial_taskflow_api' retrieved from /home/airflow/.local/lib/python3.12/site-packages/airflow/example_dags/tutorial_taskflow_api.py
[2025-05-20T03:04:50.557+0000] {logging_mixin.py:190} INFO - [2025-05-20T03:04:50.551+0000] {dag.py:3229} INFO - Sync 1 DAGs
[2025-05-20T03:04:50.585+0000] {logging_mixin.py:190} INFO - [2025-05-20T03:04:50.585+0000] {dag.py:4156} INFO - Setting next_dagrun for tutorial_taskflow_api to None, run_after=None
[2025-05-20T03:04:50.628+0000] {processor.py:208} INFO - Processing /home/airflow/.local/lib/python3.12/site-packages/airflow/example_dags/tutorial_taskflow_api.py took 0.178 seconds
[2025-05-20T03:05:22.317+0000] {processor.py:186} INFO - Started process (PID=1493) to work on /home/airflow/.local/lib/python3.12/site-packages/airflow/example_dags/tutorial_taskflow_api.py
[2025-05-20T03:05:22.318+0000] {processor.py:914} INFO - Processing file /home/airflow/.local/lib/python3.12/site-packages/airflow/example_dags/tutorial_taskflow_api.py for tasks to queue
[2025-05-20T03:05:22.320+0000] {logging_mixin.py:190} INFO - [2025-05-20T03:05:22.320+0000] {dagbag.py:587} INFO - Filling up the DagBag from /home/airflow/.local/lib/python3.12/site-packages/airflow/example_dags/tutorial_taskflow_api.py
[2025-05-20T03:05:22.336+0000] {processor.py:925} INFO - DAG(s) 'tutorial_taskflow_api' retrieved from /home/airflow/.local/lib/python3.12/site-packages/airflow/example_dags/tutorial_taskflow_api.py
[2025-05-20T03:05:22.398+0000] {logging_mixin.py:190} INFO - [2025-05-20T03:05:22.398+0000] {dag.py:3229} INFO - Sync 1 DAGs
[2025-05-20T03:05:22.417+0000] {logging_mixin.py:190} INFO - [2025-05-20T03:05:22.417+0000] {dag.py:4156} INFO - Setting next_dagrun for tutorial_taskflow_api to None, run_after=None
[2025-05-20T03:05:22.517+0000] {processor.py:208} INFO - Processing /home/airflow/.local/lib/python3.12/site-packages/airflow/example_dags/tutorial_taskflow_api.py took 0.215 seconds
[2025-05-20T03:05:53.936+0000] {processor.py:186} INFO - Started process (PID=1556) to work on /home/airflow/.local/lib/python3.12/site-packages/airflow/example_dags/tutorial_taskflow_api.py
[2025-05-20T03:05:53.939+0000] {processor.py:914} INFO - Processing file /home/airflow/.local/lib/python3.12/site-packages/airflow/example_dags/tutorial_taskflow_api.py for tasks to queue
[2025-05-20T03:05:53.952+0000] {logging_mixin.py:190} INFO - [2025-05-20T03:05:53.951+0000] {dagbag.py:587} INFO - Filling up the DagBag from /home/airflow/.local/lib/python3.12/site-packages/airflow/example_dags/tutorial_taskflow_api.py
[2025-05-20T03:05:53.959+0000] {processor.py:925} INFO - DAG(s) 'tutorial_taskflow_api' retrieved from /home/airflow/.local/lib/python3.12/site-packages/airflow/example_dags/tutorial_taskflow_api.py
[2025-05-20T03:05:53.997+0000] {logging_mixin.py:190} INFO - [2025-05-20T03:05:53.996+0000] {dag.py:3229} INFO - Sync 1 DAGs
[2025-05-20T03:05:54.030+0000] {logging_mixin.py:190} INFO - [2025-05-20T03:05:54.022+0000] {dag.py:4156} INFO - Setting next_dagrun for tutorial_taskflow_api to None, run_after=None
[2025-05-20T03:05:54.104+0000] {processor.py:208} INFO - Processing /home/airflow/.local/lib/python3.12/site-packages/airflow/example_dags/tutorial_taskflow_api.py took 0.173 seconds
[2025-05-20T03:06:24.781+0000] {processor.py:186} INFO - Started process (PID=1619) to work on /home/airflow/.local/lib/python3.12/site-packages/airflow/example_dags/tutorial_taskflow_api.py
[2025-05-20T03:06:24.787+0000] {processor.py:914} INFO - Processing file /home/airflow/.local/lib/python3.12/site-packages/airflow/example_dags/tutorial_taskflow_api.py for tasks to queue
[2025-05-20T03:06:24.795+0000] {logging_mixin.py:190} INFO - [2025-05-20T03:06:24.794+0000] {dagbag.py:587} INFO - Filling up the DagBag from /home/airflow/.local/lib/python3.12/site-packages/airflow/example_dags/tutorial_taskflow_api.py
[2025-05-20T03:06:24.801+0000] {processor.py:925} INFO - DAG(s) 'tutorial_taskflow_api' retrieved from /home/airflow/.local/lib/python3.12/site-packages/airflow/example_dags/tutorial_taskflow_api.py
[2025-05-20T03:06:24.857+0000] {logging_mixin.py:190} INFO - [2025-05-20T03:06:24.856+0000] {dag.py:3229} INFO - Sync 1 DAGs
[2025-05-20T03:06:24.871+0000] {logging_mixin.py:190} INFO - [2025-05-20T03:06:24.870+0000] {dag.py:4156} INFO - Setting next_dagrun for tutorial_taskflow_api to None, run_after=None
[2025-05-20T03:06:24.918+0000] {processor.py:208} INFO - Processing /home/airflow/.local/lib/python3.12/site-packages/airflow/example_dags/tutorial_taskflow_api.py took 0.141 seconds
[2025-05-20T03:06:55.528+0000] {processor.py:186} INFO - Started process (PID=1682) to work on /home/airflow/.local/lib/python3.12/site-packages/airflow/example_dags/tutorial_taskflow_api.py
[2025-05-20T03:06:55.532+0000] {processor.py:914} INFO - Processing file /home/airflow/.local/lib/python3.12/site-packages/airflow/example_dags/tutorial_taskflow_api.py for tasks to queue
[2025-05-20T03:06:55.537+0000] {logging_mixin.py:190} INFO - [2025-05-20T03:06:55.536+0000] {dagbag.py:587} INFO - Filling up the DagBag from /home/airflow/.local/lib/python3.12/site-packages/airflow/example_dags/tutorial_taskflow_api.py
[2025-05-20T03:06:55.555+0000] {processor.py:925} INFO - DAG(s) 'tutorial_taskflow_api' retrieved from /home/airflow/.local/lib/python3.12/site-packages/airflow/example_dags/tutorial_taskflow_api.py
[2025-05-20T03:06:55.602+0000] {logging_mixin.py:190} INFO - [2025-05-20T03:06:55.602+0000] {dag.py:3229} INFO - Sync 1 DAGs
[2025-05-20T03:06:55.656+0000] {logging_mixin.py:190} INFO - [2025-05-20T03:06:55.656+0000] {dag.py:4156} INFO - Setting next_dagrun for tutorial_taskflow_api to None, run_after=None
[2025-05-20T03:06:55.738+0000] {processor.py:208} INFO - Processing /home/airflow/.local/lib/python3.12/site-packages/airflow/example_dags/tutorial_taskflow_api.py took 0.214 seconds
[2025-05-20T03:07:25.942+0000] {processor.py:186} INFO - Started process (PID=1745) to work on /home/airflow/.local/lib/python3.12/site-packages/airflow/example_dags/tutorial_taskflow_api.py
[2025-05-20T03:07:25.945+0000] {processor.py:914} INFO - Processing file /home/airflow/.local/lib/python3.12/site-packages/airflow/example_dags/tutorial_taskflow_api.py for tasks to queue
[2025-05-20T03:07:25.958+0000] {logging_mixin.py:190} INFO - [2025-05-20T03:07:25.954+0000] {dagbag.py:587} INFO - Filling up the DagBag from /home/airflow/.local/lib/python3.12/site-packages/airflow/example_dags/tutorial_taskflow_api.py
[2025-05-20T03:07:25.969+0000] {processor.py:925} INFO - DAG(s) 'tutorial_taskflow_api' retrieved from /home/airflow/.local/lib/python3.12/site-packages/airflow/example_dags/tutorial_taskflow_api.py
[2025-05-20T03:07:26.009+0000] {logging_mixin.py:190} INFO - [2025-05-20T03:07:26.009+0000] {dag.py:3229} INFO - Sync 1 DAGs
[2025-05-20T03:07:26.036+0000] {logging_mixin.py:190} INFO - [2025-05-20T03:07:26.036+0000] {dag.py:4156} INFO - Setting next_dagrun for tutorial_taskflow_api to None, run_after=None
[2025-05-20T03:07:26.084+0000] {processor.py:208} INFO - Processing /home/airflow/.local/lib/python3.12/site-packages/airflow/example_dags/tutorial_taskflow_api.py took 0.151 seconds
[2025-05-20T03:07:56.991+0000] {processor.py:186} INFO - Started process (PID=1812) to work on /home/airflow/.local/lib/python3.12/site-packages/airflow/example_dags/tutorial_taskflow_api.py
[2025-05-20T03:07:56.995+0000] {processor.py:914} INFO - Processing file /home/airflow/.local/lib/python3.12/site-packages/airflow/example_dags/tutorial_taskflow_api.py for tasks to queue
[2025-05-20T03:07:57.005+0000] {logging_mixin.py:190} INFO - [2025-05-20T03:07:57.003+0000] {dagbag.py:587} INFO - Filling up the DagBag from /home/airflow/.local/lib/python3.12/site-packages/airflow/example_dags/tutorial_taskflow_api.py
[2025-05-20T03:07:57.029+0000] {processor.py:925} INFO - DAG(s) 'tutorial_taskflow_api' retrieved from /home/airflow/.local/lib/python3.12/site-packages/airflow/example_dags/tutorial_taskflow_api.py
[2025-05-20T03:07:57.071+0000] {logging_mixin.py:190} INFO - [2025-05-20T03:07:57.071+0000] {dag.py:3229} INFO - Sync 1 DAGs
[2025-05-20T03:07:57.088+0000] {logging_mixin.py:190} INFO - [2025-05-20T03:07:57.088+0000] {dag.py:4156} INFO - Setting next_dagrun for tutorial_taskflow_api to None, run_after=None
[2025-05-20T03:07:57.150+0000] {processor.py:208} INFO - Processing /home/airflow/.local/lib/python3.12/site-packages/airflow/example_dags/tutorial_taskflow_api.py took 0.169 seconds
[2025-05-20T03:08:27.936+0000] {processor.py:186} INFO - Started process (PID=1875) to work on /home/airflow/.local/lib/python3.12/site-packages/airflow/example_dags/tutorial_taskflow_api.py
[2025-05-20T03:08:27.938+0000] {processor.py:914} INFO - Processing file /home/airflow/.local/lib/python3.12/site-packages/airflow/example_dags/tutorial_taskflow_api.py for tasks to queue
[2025-05-20T03:08:27.941+0000] {logging_mixin.py:190} INFO - [2025-05-20T03:08:27.941+0000] {dagbag.py:587} INFO - Filling up the DagBag from /home/airflow/.local/lib/python3.12/site-packages/airflow/example_dags/tutorial_taskflow_api.py
[2025-05-20T03:08:27.957+0000] {processor.py:925} INFO - DAG(s) 'tutorial_taskflow_api' retrieved from /home/airflow/.local/lib/python3.12/site-packages/airflow/example_dags/tutorial_taskflow_api.py
[2025-05-20T03:08:28.001+0000] {logging_mixin.py:190} INFO - [2025-05-20T03:08:28.000+0000] {dag.py:3229} INFO - Sync 1 DAGs
[2025-05-20T03:08:28.032+0000] {logging_mixin.py:190} INFO - [2025-05-20T03:08:28.032+0000] {dag.py:4156} INFO - Setting next_dagrun for tutorial_taskflow_api to None, run_after=None
[2025-05-20T03:08:28.099+0000] {processor.py:208} INFO - Processing /home/airflow/.local/lib/python3.12/site-packages/airflow/example_dags/tutorial_taskflow_api.py took 0.168 seconds
[2025-05-20T03:08:58.773+0000] {processor.py:186} INFO - Started process (PID=1938) to work on /home/airflow/.local/lib/python3.12/site-packages/airflow/example_dags/tutorial_taskflow_api.py
[2025-05-20T03:08:58.775+0000] {processor.py:914} INFO - Processing file /home/airflow/.local/lib/python3.12/site-packages/airflow/example_dags/tutorial_taskflow_api.py for tasks to queue
[2025-05-20T03:08:58.785+0000] {logging_mixin.py:190} INFO - [2025-05-20T03:08:58.784+0000] {dagbag.py:587} INFO - Filling up the DagBag from /home/airflow/.local/lib/python3.12/site-packages/airflow/example_dags/tutorial_taskflow_api.py
[2025-05-20T03:08:58.811+0000] {processor.py:925} INFO - DAG(s) 'tutorial_taskflow_api' retrieved from /home/airflow/.local/lib/python3.12/site-packages/airflow/example_dags/tutorial_taskflow_api.py
[2025-05-20T03:08:58.857+0000] {logging_mixin.py:190} INFO - [2025-05-20T03:08:58.856+0000] {dag.py:3229} INFO - Sync 1 DAGs
[2025-05-20T03:08:58.908+0000] {logging_mixin.py:190} INFO - [2025-05-20T03:08:58.908+0000] {dag.py:4156} INFO - Setting next_dagrun for tutorial_taskflow_api to None, run_after=None
[2025-05-20T03:08:58.990+0000] {processor.py:208} INFO - Processing /home/airflow/.local/lib/python3.12/site-packages/airflow/example_dags/tutorial_taskflow_api.py took 0.220 seconds
[2025-05-20T03:09:29.617+0000] {processor.py:186} INFO - Started process (PID=2002) to work on /home/airflow/.local/lib/python3.12/site-packages/airflow/example_dags/tutorial_taskflow_api.py
[2025-05-20T03:09:29.618+0000] {processor.py:914} INFO - Processing file /home/airflow/.local/lib/python3.12/site-packages/airflow/example_dags/tutorial_taskflow_api.py for tasks to queue
[2025-05-20T03:09:29.640+0000] {logging_mixin.py:190} INFO - [2025-05-20T03:09:29.639+0000] {dagbag.py:587} INFO - Filling up the DagBag from /home/airflow/.local/lib/python3.12/site-packages/airflow/example_dags/tutorial_taskflow_api.py
[2025-05-20T03:09:29.651+0000] {processor.py:925} INFO - DAG(s) 'tutorial_taskflow_api' retrieved from /home/airflow/.local/lib/python3.12/site-packages/airflow/example_dags/tutorial_taskflow_api.py
[2025-05-20T03:09:29.739+0000] {logging_mixin.py:190} INFO - [2025-05-20T03:09:29.739+0000] {dag.py:3229} INFO - Sync 1 DAGs
[2025-05-20T03:09:29.757+0000] {logging_mixin.py:190} INFO - [2025-05-20T03:09:29.757+0000] {dag.py:4156} INFO - Setting next_dagrun for tutorial_taskflow_api to None, run_after=None
[2025-05-20T03:09:29.817+0000] {processor.py:208} INFO - Processing /home/airflow/.local/lib/python3.12/site-packages/airflow/example_dags/tutorial_taskflow_api.py took 0.205 seconds
[2025-05-20T03:10:01.884+0000] {processor.py:186} INFO - Started process (PID=2065) to work on /home/airflow/.local/lib/python3.12/site-packages/airflow/example_dags/tutorial_taskflow_api.py
[2025-05-20T03:10:01.885+0000] {processor.py:914} INFO - Processing file /home/airflow/.local/lib/python3.12/site-packages/airflow/example_dags/tutorial_taskflow_api.py for tasks to queue
[2025-05-20T03:10:01.902+0000] {logging_mixin.py:190} INFO - [2025-05-20T03:10:01.902+0000] {dagbag.py:587} INFO - Filling up the DagBag from /home/airflow/.local/lib/python3.12/site-packages/airflow/example_dags/tutorial_taskflow_api.py
[2025-05-20T03:10:01.918+0000] {processor.py:925} INFO - DAG(s) 'tutorial_taskflow_api' retrieved from /home/airflow/.local/lib/python3.12/site-packages/airflow/example_dags/tutorial_taskflow_api.py
[2025-05-20T03:10:01.971+0000] {logging_mixin.py:190} INFO - [2025-05-20T03:10:01.970+0000] {dag.py:3229} INFO - Sync 1 DAGs
[2025-05-20T03:10:02.006+0000] {logging_mixin.py:190} INFO - [2025-05-20T03:10:02.005+0000] {dag.py:4156} INFO - Setting next_dagrun for tutorial_taskflow_api to None, run_after=None
[2025-05-20T03:10:02.058+0000] {processor.py:208} INFO - Processing /home/airflow/.local/lib/python3.12/site-packages/airflow/example_dags/tutorial_taskflow_api.py took 0.180 seconds
[2025-05-20T03:10:32.525+0000] {processor.py:186} INFO - Started process (PID=2128) to work on /home/airflow/.local/lib/python3.12/site-packages/airflow/example_dags/tutorial_taskflow_api.py
[2025-05-20T03:10:32.527+0000] {processor.py:914} INFO - Processing file /home/airflow/.local/lib/python3.12/site-packages/airflow/example_dags/tutorial_taskflow_api.py for tasks to queue
[2025-05-20T03:10:32.535+0000] {logging_mixin.py:190} INFO - [2025-05-20T03:10:32.533+0000] {dagbag.py:587} INFO - Filling up the DagBag from /home/airflow/.local/lib/python3.12/site-packages/airflow/example_dags/tutorial_taskflow_api.py
[2025-05-20T03:10:32.549+0000] {processor.py:925} INFO - DAG(s) 'tutorial_taskflow_api' retrieved from /home/airflow/.local/lib/python3.12/site-packages/airflow/example_dags/tutorial_taskflow_api.py
[2025-05-20T03:10:32.595+0000] {logging_mixin.py:190} INFO - [2025-05-20T03:10:32.594+0000] {dag.py:3229} INFO - Sync 1 DAGs
[2025-05-20T03:10:32.613+0000] {logging_mixin.py:190} INFO - [2025-05-20T03:10:32.613+0000] {dag.py:4156} INFO - Setting next_dagrun for tutorial_taskflow_api to None, run_after=None
[2025-05-20T03:10:32.696+0000] {processor.py:208} INFO - Processing /home/airflow/.local/lib/python3.12/site-packages/airflow/example_dags/tutorial_taskflow_api.py took 0.175 seconds
[2025-05-20T03:11:04.215+0000] {processor.py:186} INFO - Started process (PID=2190) to work on /home/airflow/.local/lib/python3.12/site-packages/airflow/example_dags/tutorial_taskflow_api.py
[2025-05-20T03:11:04.217+0000] {processor.py:914} INFO - Processing file /home/airflow/.local/lib/python3.12/site-packages/airflow/example_dags/tutorial_taskflow_api.py for tasks to queue
[2025-05-20T03:11:04.219+0000] {logging_mixin.py:190} INFO - [2025-05-20T03:11:04.218+0000] {dagbag.py:587} INFO - Filling up the DagBag from /home/airflow/.local/lib/python3.12/site-packages/airflow/example_dags/tutorial_taskflow_api.py
[2025-05-20T03:11:04.249+0000] {processor.py:925} INFO - DAG(s) 'tutorial_taskflow_api' retrieved from /home/airflow/.local/lib/python3.12/site-packages/airflow/example_dags/tutorial_taskflow_api.py
[2025-05-20T03:11:04.284+0000] {logging_mixin.py:190} INFO - [2025-05-20T03:11:04.283+0000] {dag.py:3229} INFO - Sync 1 DAGs
[2025-05-20T03:11:04.315+0000] {logging_mixin.py:190} INFO - [2025-05-20T03:11:04.315+0000] {dag.py:4156} INFO - Setting next_dagrun for tutorial_taskflow_api to None, run_after=None
[2025-05-20T03:11:04.497+0000] {processor.py:208} INFO - Processing /home/airflow/.local/lib/python3.12/site-packages/airflow/example_dags/tutorial_taskflow_api.py took 0.287 seconds
[2025-05-20T03:11:35.972+0000] {processor.py:186} INFO - Started process (PID=2253) to work on /home/airflow/.local/lib/python3.12/site-packages/airflow/example_dags/tutorial_taskflow_api.py
[2025-05-20T03:11:35.975+0000] {processor.py:914} INFO - Processing file /home/airflow/.local/lib/python3.12/site-packages/airflow/example_dags/tutorial_taskflow_api.py for tasks to queue
[2025-05-20T03:11:35.982+0000] {logging_mixin.py:190} INFO - [2025-05-20T03:11:35.982+0000] {dagbag.py:587} INFO - Filling up the DagBag from /home/airflow/.local/lib/python3.12/site-packages/airflow/example_dags/tutorial_taskflow_api.py
[2025-05-20T03:11:35.995+0000] {processor.py:925} INFO - DAG(s) 'tutorial_taskflow_api' retrieved from /home/airflow/.local/lib/python3.12/site-packages/airflow/example_dags/tutorial_taskflow_api.py
[2025-05-20T03:11:36.081+0000] {logging_mixin.py:190} INFO - [2025-05-20T03:11:36.081+0000] {dag.py:3229} INFO - Sync 1 DAGs
[2025-05-20T03:11:36.114+0000] {logging_mixin.py:190} INFO - [2025-05-20T03:11:36.114+0000] {dag.py:4156} INFO - Setting next_dagrun for tutorial_taskflow_api to None, run_after=None
[2025-05-20T03:11:36.157+0000] {processor.py:208} INFO - Processing /home/airflow/.local/lib/python3.12/site-packages/airflow/example_dags/tutorial_taskflow_api.py took 0.190 seconds
[2025-05-20T03:12:07.177+0000] {processor.py:186} INFO - Started process (PID=2316) to work on /home/airflow/.local/lib/python3.12/site-packages/airflow/example_dags/tutorial_taskflow_api.py
[2025-05-20T03:12:07.183+0000] {processor.py:914} INFO - Processing file /home/airflow/.local/lib/python3.12/site-packages/airflow/example_dags/tutorial_taskflow_api.py for tasks to queue
[2025-05-20T03:12:07.188+0000] {logging_mixin.py:190} INFO - [2025-05-20T03:12:07.187+0000] {dagbag.py:587} INFO - Filling up the DagBag from /home/airflow/.local/lib/python3.12/site-packages/airflow/example_dags/tutorial_taskflow_api.py
[2025-05-20T03:12:07.250+0000] {processor.py:925} INFO - DAG(s) 'tutorial_taskflow_api' retrieved from /home/airflow/.local/lib/python3.12/site-packages/airflow/example_dags/tutorial_taskflow_api.py
[2025-05-20T03:12:07.299+0000] {logging_mixin.py:190} INFO - [2025-05-20T03:12:07.299+0000] {dag.py:3229} INFO - Sync 1 DAGs
[2025-05-20T03:12:07.319+0000] {logging_mixin.py:190} INFO - [2025-05-20T03:12:07.319+0000] {dag.py:4156} INFO - Setting next_dagrun for tutorial_taskflow_api to None, run_after=None
[2025-05-20T03:12:07.367+0000] {processor.py:208} INFO - Processing /home/airflow/.local/lib/python3.12/site-packages/airflow/example_dags/tutorial_taskflow_api.py took 0.193 seconds
[2025-05-20T03:12:37.989+0000] {processor.py:186} INFO - Started process (PID=2378) to work on /home/airflow/.local/lib/python3.12/site-packages/airflow/example_dags/tutorial_taskflow_api.py
[2025-05-20T03:12:37.991+0000] {processor.py:914} INFO - Processing file /home/airflow/.local/lib/python3.12/site-packages/airflow/example_dags/tutorial_taskflow_api.py for tasks to queue
[2025-05-20T03:12:38.006+0000] {logging_mixin.py:190} INFO - [2025-05-20T03:12:38.006+0000] {dagbag.py:587} INFO - Filling up the DagBag from /home/airflow/.local/lib/python3.12/site-packages/airflow/example_dags/tutorial_taskflow_api.py
[2025-05-20T03:12:38.015+0000] {processor.py:925} INFO - DAG(s) 'tutorial_taskflow_api' retrieved from /home/airflow/.local/lib/python3.12/site-packages/airflow/example_dags/tutorial_taskflow_api.py
[2025-05-20T03:12:38.062+0000] {logging_mixin.py:190} INFO - [2025-05-20T03:12:38.059+0000] {dag.py:3229} INFO - Sync 1 DAGs
[2025-05-20T03:12:38.101+0000] {logging_mixin.py:190} INFO - [2025-05-20T03:12:38.099+0000] {dag.py:4156} INFO - Setting next_dagrun for tutorial_taskflow_api to None, run_after=None
[2025-05-20T03:12:38.159+0000] {processor.py:208} INFO - Processing /home/airflow/.local/lib/python3.12/site-packages/airflow/example_dags/tutorial_taskflow_api.py took 0.174 seconds
[2025-05-20T03:13:09.740+0000] {processor.py:186} INFO - Started process (PID=2440) to work on /home/airflow/.local/lib/python3.12/site-packages/airflow/example_dags/tutorial_taskflow_api.py
[2025-05-20T03:13:09.742+0000] {processor.py:914} INFO - Processing file /home/airflow/.local/lib/python3.12/site-packages/airflow/example_dags/tutorial_taskflow_api.py for tasks to queue
[2025-05-20T03:13:09.750+0000] {logging_mixin.py:190} INFO - [2025-05-20T03:13:09.748+0000] {dagbag.py:587} INFO - Filling up the DagBag from /home/airflow/.local/lib/python3.12/site-packages/airflow/example_dags/tutorial_taskflow_api.py
[2025-05-20T03:13:09.767+0000] {processor.py:925} INFO - DAG(s) 'tutorial_taskflow_api' retrieved from /home/airflow/.local/lib/python3.12/site-packages/airflow/example_dags/tutorial_taskflow_api.py
[2025-05-20T03:13:09.799+0000] {logging_mixin.py:190} INFO - [2025-05-20T03:13:09.799+0000] {dag.py:3229} INFO - Sync 1 DAGs
[2025-05-20T03:13:09.841+0000] {logging_mixin.py:190} INFO - [2025-05-20T03:13:09.840+0000] {dag.py:4156} INFO - Setting next_dagrun for tutorial_taskflow_api to None, run_after=None
[2025-05-20T03:13:09.888+0000] {processor.py:208} INFO - Processing /home/airflow/.local/lib/python3.12/site-packages/airflow/example_dags/tutorial_taskflow_api.py took 0.152 seconds
[2025-05-20T03:13:41.006+0000] {processor.py:186} INFO - Started process (PID=2504) to work on /home/airflow/.local/lib/python3.12/site-packages/airflow/example_dags/tutorial_taskflow_api.py
[2025-05-20T03:13:41.008+0000] {processor.py:914} INFO - Processing file /home/airflow/.local/lib/python3.12/site-packages/airflow/example_dags/tutorial_taskflow_api.py for tasks to queue
[2025-05-20T03:13:41.018+0000] {logging_mixin.py:190} INFO - [2025-05-20T03:13:41.017+0000] {dagbag.py:587} INFO - Filling up the DagBag from /home/airflow/.local/lib/python3.12/site-packages/airflow/example_dags/tutorial_taskflow_api.py
[2025-05-20T03:13:41.028+0000] {processor.py:925} INFO - DAG(s) 'tutorial_taskflow_api' retrieved from /home/airflow/.local/lib/python3.12/site-packages/airflow/example_dags/tutorial_taskflow_api.py
[2025-05-20T03:13:41.066+0000] {logging_mixin.py:190} INFO - [2025-05-20T03:13:41.066+0000] {dag.py:3229} INFO - Sync 1 DAGs
[2025-05-20T03:13:41.094+0000] {logging_mixin.py:190} INFO - [2025-05-20T03:13:41.093+0000] {dag.py:4156} INFO - Setting next_dagrun for tutorial_taskflow_api to None, run_after=None
[2025-05-20T03:13:41.134+0000] {processor.py:208} INFO - Processing /home/airflow/.local/lib/python3.12/site-packages/airflow/example_dags/tutorial_taskflow_api.py took 0.131 seconds
[2025-05-20T03:14:12.886+0000] {processor.py:186} INFO - Started process (PID=2567) to work on /home/airflow/.local/lib/python3.12/site-packages/airflow/example_dags/tutorial_taskflow_api.py
[2025-05-20T03:14:12.889+0000] {processor.py:914} INFO - Processing file /home/airflow/.local/lib/python3.12/site-packages/airflow/example_dags/tutorial_taskflow_api.py for tasks to queue
[2025-05-20T03:14:12.906+0000] {logging_mixin.py:190} INFO - [2025-05-20T03:14:12.904+0000] {dagbag.py:587} INFO - Filling up the DagBag from /home/airflow/.local/lib/python3.12/site-packages/airflow/example_dags/tutorial_taskflow_api.py
[2025-05-20T03:14:12.920+0000] {processor.py:925} INFO - DAG(s) 'tutorial_taskflow_api' retrieved from /home/airflow/.local/lib/python3.12/site-packages/airflow/example_dags/tutorial_taskflow_api.py
[2025-05-20T03:14:12.998+0000] {logging_mixin.py:190} INFO - [2025-05-20T03:14:12.998+0000] {dag.py:3229} INFO - Sync 1 DAGs
[2025-05-20T03:14:13.063+0000] {logging_mixin.py:190} INFO - [2025-05-20T03:14:13.055+0000] {dag.py:4156} INFO - Setting next_dagrun for tutorial_taskflow_api to None, run_after=None
[2025-05-20T03:14:13.168+0000] {processor.py:208} INFO - Processing /home/airflow/.local/lib/python3.12/site-packages/airflow/example_dags/tutorial_taskflow_api.py took 0.286 seconds
[2025-05-20T03:14:43.577+0000] {processor.py:186} INFO - Started process (PID=2630) to work on /home/airflow/.local/lib/python3.12/site-packages/airflow/example_dags/tutorial_taskflow_api.py
[2025-05-20T03:14:43.578+0000] {processor.py:914} INFO - Processing file /home/airflow/.local/lib/python3.12/site-packages/airflow/example_dags/tutorial_taskflow_api.py for tasks to queue
[2025-05-20T03:14:43.590+0000] {logging_mixin.py:190} INFO - [2025-05-20T03:14:43.588+0000] {dagbag.py:587} INFO - Filling up the DagBag from /home/airflow/.local/lib/python3.12/site-packages/airflow/example_dags/tutorial_taskflow_api.py
[2025-05-20T03:14:43.604+0000] {processor.py:925} INFO - DAG(s) 'tutorial_taskflow_api' retrieved from /home/airflow/.local/lib/python3.12/site-packages/airflow/example_dags/tutorial_taskflow_api.py
[2025-05-20T03:14:43.641+0000] {logging_mixin.py:190} INFO - [2025-05-20T03:14:43.641+0000] {dag.py:3229} INFO - Sync 1 DAGs
[2025-05-20T03:14:43.665+0000] {logging_mixin.py:190} INFO - [2025-05-20T03:14:43.664+0000] {dag.py:4156} INFO - Setting next_dagrun for tutorial_taskflow_api to None, run_after=None
[2025-05-20T03:14:43.743+0000] {processor.py:208} INFO - Processing /home/airflow/.local/lib/python3.12/site-packages/airflow/example_dags/tutorial_taskflow_api.py took 0.170 seconds
[2025-05-20T03:15:16.730+0000] {processor.py:186} INFO - Started process (PID=2693) to work on /home/airflow/.local/lib/python3.12/site-packages/airflow/example_dags/tutorial_taskflow_api.py
[2025-05-20T03:15:16.735+0000] {processor.py:914} INFO - Processing file /home/airflow/.local/lib/python3.12/site-packages/airflow/example_dags/tutorial_taskflow_api.py for tasks to queue
[2025-05-20T03:15:16.744+0000] {logging_mixin.py:190} INFO - [2025-05-20T03:15:16.741+0000] {dagbag.py:587} INFO - Filling up the DagBag from /home/airflow/.local/lib/python3.12/site-packages/airflow/example_dags/tutorial_taskflow_api.py
[2025-05-20T03:15:16.756+0000] {processor.py:925} INFO - DAG(s) 'tutorial_taskflow_api' retrieved from /home/airflow/.local/lib/python3.12/site-packages/airflow/example_dags/tutorial_taskflow_api.py
[2025-05-20T03:15:16.784+0000] {logging_mixin.py:190} INFO - [2025-05-20T03:15:16.784+0000] {dag.py:3229} INFO - Sync 1 DAGs
[2025-05-20T03:15:16.813+0000] {logging_mixin.py:190} INFO - [2025-05-20T03:15:16.812+0000] {dag.py:4156} INFO - Setting next_dagrun for tutorial_taskflow_api to None, run_after=None
[2025-05-20T03:15:16.878+0000] {processor.py:208} INFO - Processing /home/airflow/.local/lib/python3.12/site-packages/airflow/example_dags/tutorial_taskflow_api.py took 0.154 seconds
[2025-05-20T03:15:47.084+0000] {processor.py:186} INFO - Started process (PID=2756) to work on /home/airflow/.local/lib/python3.12/site-packages/airflow/example_dags/tutorial_taskflow_api.py
[2025-05-20T03:15:47.087+0000] {processor.py:914} INFO - Processing file /home/airflow/.local/lib/python3.12/site-packages/airflow/example_dags/tutorial_taskflow_api.py for tasks to queue
[2025-05-20T03:15:47.098+0000] {logging_mixin.py:190} INFO - [2025-05-20T03:15:47.097+0000] {dagbag.py:587} INFO - Filling up the DagBag from /home/airflow/.local/lib/python3.12/site-packages/airflow/example_dags/tutorial_taskflow_api.py
[2025-05-20T03:15:47.116+0000] {processor.py:925} INFO - DAG(s) 'tutorial_taskflow_api' retrieved from /home/airflow/.local/lib/python3.12/site-packages/airflow/example_dags/tutorial_taskflow_api.py
[2025-05-20T03:15:47.150+0000] {logging_mixin.py:190} INFO - [2025-05-20T03:15:47.150+0000] {dag.py:3229} INFO - Sync 1 DAGs
[2025-05-20T03:15:47.210+0000] {logging_mixin.py:190} INFO - [2025-05-20T03:15:47.209+0000] {dag.py:4156} INFO - Setting next_dagrun for tutorial_taskflow_api to None, run_after=None
[2025-05-20T03:15:47.287+0000] {processor.py:208} INFO - Processing /home/airflow/.local/lib/python3.12/site-packages/airflow/example_dags/tutorial_taskflow_api.py took 0.209 seconds
[2025-05-20T03:16:18.579+0000] {processor.py:186} INFO - Started process (PID=2819) to work on /home/airflow/.local/lib/python3.12/site-packages/airflow/example_dags/tutorial_taskflow_api.py
[2025-05-20T03:16:18.581+0000] {processor.py:914} INFO - Processing file /home/airflow/.local/lib/python3.12/site-packages/airflow/example_dags/tutorial_taskflow_api.py for tasks to queue
[2025-05-20T03:16:18.588+0000] {logging_mixin.py:190} INFO - [2025-05-20T03:16:18.587+0000] {dagbag.py:587} INFO - Filling up the DagBag from /home/airflow/.local/lib/python3.12/site-packages/airflow/example_dags/tutorial_taskflow_api.py
[2025-05-20T03:16:18.617+0000] {processor.py:925} INFO - DAG(s) 'tutorial_taskflow_api' retrieved from /home/airflow/.local/lib/python3.12/site-packages/airflow/example_dags/tutorial_taskflow_api.py
[2025-05-20T03:16:18.965+0000] {logging_mixin.py:190} INFO - [2025-05-20T03:16:18.963+0000] {dag.py:3229} INFO - Sync 1 DAGs
[2025-05-20T03:16:18.992+0000] {logging_mixin.py:190} INFO - [2025-05-20T03:16:18.992+0000] {dag.py:4156} INFO - Setting next_dagrun for tutorial_taskflow_api to None, run_after=None
[2025-05-20T03:16:19.047+0000] {processor.py:208} INFO - Processing /home/airflow/.local/lib/python3.12/site-packages/airflow/example_dags/tutorial_taskflow_api.py took 0.472 seconds
[2025-05-20T03:16:50.087+0000] {processor.py:186} INFO - Started process (PID=2882) to work on /home/airflow/.local/lib/python3.12/site-packages/airflow/example_dags/tutorial_taskflow_api.py
[2025-05-20T03:16:50.089+0000] {processor.py:914} INFO - Processing file /home/airflow/.local/lib/python3.12/site-packages/airflow/example_dags/tutorial_taskflow_api.py for tasks to queue
[2025-05-20T03:16:50.093+0000] {logging_mixin.py:190} INFO - [2025-05-20T03:16:50.092+0000] {dagbag.py:587} INFO - Filling up the DagBag from /home/airflow/.local/lib/python3.12/site-packages/airflow/example_dags/tutorial_taskflow_api.py
[2025-05-20T03:16:50.098+0000] {processor.py:925} INFO - DAG(s) 'tutorial_taskflow_api' retrieved from /home/airflow/.local/lib/python3.12/site-packages/airflow/example_dags/tutorial_taskflow_api.py
[2025-05-20T03:16:50.131+0000] {logging_mixin.py:190} INFO - [2025-05-20T03:16:50.130+0000] {dag.py:3229} INFO - Sync 1 DAGs
[2025-05-20T03:16:50.159+0000] {logging_mixin.py:190} INFO - [2025-05-20T03:16:50.159+0000] {dag.py:4156} INFO - Setting next_dagrun for tutorial_taskflow_api to None, run_after=None
[2025-05-20T03:16:50.230+0000] {processor.py:208} INFO - Processing /home/airflow/.local/lib/python3.12/site-packages/airflow/example_dags/tutorial_taskflow_api.py took 0.140 seconds
[2025-05-20T03:17:22.093+0000] {processor.py:186} INFO - Started process (PID=2945) to work on /home/airflow/.local/lib/python3.12/site-packages/airflow/example_dags/tutorial_taskflow_api.py
[2025-05-20T03:17:22.095+0000] {processor.py:914} INFO - Processing file /home/airflow/.local/lib/python3.12/site-packages/airflow/example_dags/tutorial_taskflow_api.py for tasks to queue
[2025-05-20T03:17:22.098+0000] {logging_mixin.py:190} INFO - [2025-05-20T03:17:22.098+0000] {dagbag.py:587} INFO - Filling up the DagBag from /home/airflow/.local/lib/python3.12/site-packages/airflow/example_dags/tutorial_taskflow_api.py
[2025-05-20T03:17:22.125+0000] {processor.py:925} INFO - DAG(s) 'tutorial_taskflow_api' retrieved from /home/airflow/.local/lib/python3.12/site-packages/airflow/example_dags/tutorial_taskflow_api.py
[2025-05-20T03:17:22.187+0000] {logging_mixin.py:190} INFO - [2025-05-20T03:17:22.184+0000] {dag.py:3229} INFO - Sync 1 DAGs
[2025-05-20T03:17:22.228+0000] {logging_mixin.py:190} INFO - [2025-05-20T03:17:22.228+0000] {dag.py:4156} INFO - Setting next_dagrun for tutorial_taskflow_api to None, run_after=None
[2025-05-20T03:17:22.280+0000] {processor.py:208} INFO - Processing /home/airflow/.local/lib/python3.12/site-packages/airflow/example_dags/tutorial_taskflow_api.py took 0.192 seconds
[2025-05-20T03:17:52.901+0000] {processor.py:186} INFO - Started process (PID=3008) to work on /home/airflow/.local/lib/python3.12/site-packages/airflow/example_dags/tutorial_taskflow_api.py
[2025-05-20T03:17:52.910+0000] {processor.py:914} INFO - Processing file /home/airflow/.local/lib/python3.12/site-packages/airflow/example_dags/tutorial_taskflow_api.py for tasks to queue
[2025-05-20T03:17:52.922+0000] {logging_mixin.py:190} INFO - [2025-05-20T03:17:52.921+0000] {dagbag.py:587} INFO - Filling up the DagBag from /home/airflow/.local/lib/python3.12/site-packages/airflow/example_dags/tutorial_taskflow_api.py
[2025-05-20T03:17:52.963+0000] {processor.py:925} INFO - DAG(s) 'tutorial_taskflow_api' retrieved from /home/airflow/.local/lib/python3.12/site-packages/airflow/example_dags/tutorial_taskflow_api.py
[2025-05-20T03:17:53.039+0000] {logging_mixin.py:190} INFO - [2025-05-20T03:17:53.037+0000] {dag.py:3229} INFO - Sync 1 DAGs
[2025-05-20T03:17:53.079+0000] {logging_mixin.py:190} INFO - [2025-05-20T03:17:53.079+0000] {dag.py:4156} INFO - Setting next_dagrun for tutorial_taskflow_api to None, run_after=None
[2025-05-20T03:17:53.125+0000] {processor.py:208} INFO - Processing /home/airflow/.local/lib/python3.12/site-packages/airflow/example_dags/tutorial_taskflow_api.py took 0.227 seconds
[2025-05-20T03:18:25.420+0000] {processor.py:186} INFO - Started process (PID=3070) to work on /home/airflow/.local/lib/python3.12/site-packages/airflow/example_dags/tutorial_taskflow_api.py
[2025-05-20T03:18:25.422+0000] {processor.py:914} INFO - Processing file /home/airflow/.local/lib/python3.12/site-packages/airflow/example_dags/tutorial_taskflow_api.py for tasks to queue
[2025-05-20T03:18:25.436+0000] {logging_mixin.py:190} INFO - [2025-05-20T03:18:25.435+0000] {dagbag.py:587} INFO - Filling up the DagBag from /home/airflow/.local/lib/python3.12/site-packages/airflow/example_dags/tutorial_taskflow_api.py
[2025-05-20T03:18:25.452+0000] {processor.py:925} INFO - DAG(s) 'tutorial_taskflow_api' retrieved from /home/airflow/.local/lib/python3.12/site-packages/airflow/example_dags/tutorial_taskflow_api.py
[2025-05-20T03:18:25.506+0000] {logging_mixin.py:190} INFO - [2025-05-20T03:18:25.506+0000] {dag.py:3229} INFO - Sync 1 DAGs
[2025-05-20T03:18:25.792+0000] {logging_mixin.py:190} INFO - [2025-05-20T03:18:25.792+0000] {dag.py:4156} INFO - Setting next_dagrun for tutorial_taskflow_api to None, run_after=None
[2025-05-20T03:18:25.819+0000] {processor.py:208} INFO - Processing /home/airflow/.local/lib/python3.12/site-packages/airflow/example_dags/tutorial_taskflow_api.py took 0.407 seconds
[2025-05-20T03:18:56.247+0000] {processor.py:186} INFO - Started process (PID=3133) to work on /home/airflow/.local/lib/python3.12/site-packages/airflow/example_dags/tutorial_taskflow_api.py
[2025-05-20T03:18:56.249+0000] {processor.py:914} INFO - Processing file /home/airflow/.local/lib/python3.12/site-packages/airflow/example_dags/tutorial_taskflow_api.py for tasks to queue
[2025-05-20T03:18:56.261+0000] {logging_mixin.py:190} INFO - [2025-05-20T03:18:56.261+0000] {dagbag.py:587} INFO - Filling up the DagBag from /home/airflow/.local/lib/python3.12/site-packages/airflow/example_dags/tutorial_taskflow_api.py
[2025-05-20T03:18:56.266+0000] {processor.py:925} INFO - DAG(s) 'tutorial_taskflow_api' retrieved from /home/airflow/.local/lib/python3.12/site-packages/airflow/example_dags/tutorial_taskflow_api.py
[2025-05-20T03:18:56.332+0000] {logging_mixin.py:190} INFO - [2025-05-20T03:18:56.330+0000] {dag.py:3229} INFO - Sync 1 DAGs
[2025-05-20T03:18:56.559+0000] {logging_mixin.py:190} INFO - [2025-05-20T03:18:56.559+0000] {dag.py:4156} INFO - Setting next_dagrun for tutorial_taskflow_api to None, run_after=None
[2025-05-20T03:18:56.632+0000] {processor.py:208} INFO - Processing /home/airflow/.local/lib/python3.12/site-packages/airflow/example_dags/tutorial_taskflow_api.py took 0.393 seconds
[2025-05-20T03:19:27.469+0000] {processor.py:186} INFO - Started process (PID=3195) to work on /home/airflow/.local/lib/python3.12/site-packages/airflow/example_dags/tutorial_taskflow_api.py
[2025-05-20T03:19:27.472+0000] {processor.py:914} INFO - Processing file /home/airflow/.local/lib/python3.12/site-packages/airflow/example_dags/tutorial_taskflow_api.py for tasks to queue
[2025-05-20T03:19:27.479+0000] {logging_mixin.py:190} INFO - [2025-05-20T03:19:27.478+0000] {dagbag.py:587} INFO - Filling up the DagBag from /home/airflow/.local/lib/python3.12/site-packages/airflow/example_dags/tutorial_taskflow_api.py
[2025-05-20T03:19:27.493+0000] {processor.py:925} INFO - DAG(s) 'tutorial_taskflow_api' retrieved from /home/airflow/.local/lib/python3.12/site-packages/airflow/example_dags/tutorial_taskflow_api.py
[2025-05-20T03:19:27.550+0000] {logging_mixin.py:190} INFO - [2025-05-20T03:19:27.547+0000] {dag.py:3229} INFO - Sync 1 DAGs
[2025-05-20T03:19:27.571+0000] {logging_mixin.py:190} INFO - [2025-05-20T03:19:27.571+0000] {dag.py:4156} INFO - Setting next_dagrun for tutorial_taskflow_api to None, run_after=None
[2025-05-20T03:19:27.956+0000] {processor.py:208} INFO - Processing /home/airflow/.local/lib/python3.12/site-packages/airflow/example_dags/tutorial_taskflow_api.py took 0.491 seconds
[2025-05-20T03:19:58.563+0000] {processor.py:186} INFO - Started process (PID=3257) to work on /home/airflow/.local/lib/python3.12/site-packages/airflow/example_dags/tutorial_taskflow_api.py
[2025-05-20T03:19:58.565+0000] {processor.py:914} INFO - Processing file /home/airflow/.local/lib/python3.12/site-packages/airflow/example_dags/tutorial_taskflow_api.py for tasks to queue
[2025-05-20T03:19:58.596+0000] {logging_mixin.py:190} INFO - [2025-05-20T03:19:58.596+0000] {dagbag.py:587} INFO - Filling up the DagBag from /home/airflow/.local/lib/python3.12/site-packages/airflow/example_dags/tutorial_taskflow_api.py
[2025-05-20T03:19:58.617+0000] {processor.py:925} INFO - DAG(s) 'tutorial_taskflow_api' retrieved from /home/airflow/.local/lib/python3.12/site-packages/airflow/example_dags/tutorial_taskflow_api.py
[2025-05-20T03:19:58.668+0000] {logging_mixin.py:190} INFO - [2025-05-20T03:19:58.665+0000] {dag.py:3229} INFO - Sync 1 DAGs
[2025-05-20T03:19:58.690+0000] {logging_mixin.py:190} INFO - [2025-05-20T03:19:58.690+0000] {dag.py:4156} INFO - Setting next_dagrun for tutorial_taskflow_api to None, run_after=None
[2025-05-20T03:19:58.764+0000] {processor.py:208} INFO - Processing /home/airflow/.local/lib/python3.12/site-packages/airflow/example_dags/tutorial_taskflow_api.py took 0.204 seconds
[2025-05-20T03:20:29.279+0000] {processor.py:186} INFO - Started process (PID=3320) to work on /home/airflow/.local/lib/python3.12/site-packages/airflow/example_dags/tutorial_taskflow_api.py
[2025-05-20T03:20:29.283+0000] {processor.py:914} INFO - Processing file /home/airflow/.local/lib/python3.12/site-packages/airflow/example_dags/tutorial_taskflow_api.py for tasks to queue
[2025-05-20T03:20:29.293+0000] {logging_mixin.py:190} INFO - [2025-05-20T03:20:29.293+0000] {dagbag.py:587} INFO - Filling up the DagBag from /home/airflow/.local/lib/python3.12/site-packages/airflow/example_dags/tutorial_taskflow_api.py
[2025-05-20T03:20:29.312+0000] {processor.py:925} INFO - DAG(s) 'tutorial_taskflow_api' retrieved from /home/airflow/.local/lib/python3.12/site-packages/airflow/example_dags/tutorial_taskflow_api.py
[2025-05-20T03:20:29.345+0000] {logging_mixin.py:190} INFO - [2025-05-20T03:20:29.344+0000] {dag.py:3229} INFO - Sync 1 DAGs
[2025-05-20T03:20:29.369+0000] {logging_mixin.py:190} INFO - [2025-05-20T03:20:29.369+0000] {dag.py:4156} INFO - Setting next_dagrun for tutorial_taskflow_api to None, run_after=None
[2025-05-20T03:20:29.429+0000] {processor.py:208} INFO - Processing /home/airflow/.local/lib/python3.12/site-packages/airflow/example_dags/tutorial_taskflow_api.py took 0.154 seconds
[2025-05-20T03:20:59.704+0000] {processor.py:186} INFO - Started process (PID=3388) to work on /home/airflow/.local/lib/python3.12/site-packages/airflow/example_dags/tutorial_taskflow_api.py
[2025-05-20T03:20:59.707+0000] {processor.py:914} INFO - Processing file /home/airflow/.local/lib/python3.12/site-packages/airflow/example_dags/tutorial_taskflow_api.py for tasks to queue
[2025-05-20T03:20:59.712+0000] {logging_mixin.py:190} INFO - [2025-05-20T03:20:59.712+0000] {dagbag.py:587} INFO - Filling up the DagBag from /home/airflow/.local/lib/python3.12/site-packages/airflow/example_dags/tutorial_taskflow_api.py
[2025-05-20T03:20:59.728+0000] {processor.py:925} INFO - DAG(s) 'tutorial_taskflow_api' retrieved from /home/airflow/.local/lib/python3.12/site-packages/airflow/example_dags/tutorial_taskflow_api.py
[2025-05-20T03:20:59.769+0000] {logging_mixin.py:190} INFO - [2025-05-20T03:20:59.767+0000] {dag.py:3229} INFO - Sync 1 DAGs
[2025-05-20T03:20:59.797+0000] {logging_mixin.py:190} INFO - [2025-05-20T03:20:59.795+0000] {dag.py:4156} INFO - Setting next_dagrun for tutorial_taskflow_api to None, run_after=None
[2025-05-20T03:20:59.857+0000] {processor.py:208} INFO - Processing /home/airflow/.local/lib/python3.12/site-packages/airflow/example_dags/tutorial_taskflow_api.py took 0.159 seconds
